0 1 1 1
0.002 0.919542 0.91956 0.980913
0.004 0.695834 0.695896 0.924993
0.006 0.377387 0.377497 0.836135
0.008 0.0314715 0.0316076 0.720413
0.01 -0.272062 -0.271943 0.585533
0.012 -0.476746 -0.47669 0.440177
0.014 -0.551459 -0.551495 0.29333
0.016 -0.495996 -0.496118 0.153637
0.018 -0.339415 -0.339573 0.0288435
0.02 -0.131824 -0.131932 -0.0746561
0.022 0.0684248 0.0684698 -0.152143
0.024 0.209167 0.209456 -0.200774
0.026 0.256967 0.257548 -0.219663
0.028 0.204581 0.205435 -0.209868
0.03 0.0714215 0.0724588 -0.174275
0.032 -0.102887 -0.101815 -0.1174
0.034 -0.269816 -0.268886 -0.045105
0.036 -0.384806 -0.384176 0.0357784
0.038 -0.418276 -0.418047 0.117894
0.04 -0.362192 -0.362382 0.193865
0.042 -0.230958 -0.23149 0.256821
0.044 -0.0568084 -0.0575292 0.300904
0.046 0.11891 0.118194 0.321713
0.048 0.256297 0.255772 0.316639
0.05 0.326666 0.326462 0.285065
0.052 0.319065 0.319222 0.228397
0.054 0.24199 0.242443 0.149931
0.056 0.120039 0.120637 0.0545618
0.058 -0.0132994 -0.0127555 -0.0516227
0.06 -0.124575 -0.124282 -0.161832
0.062 -0.188576 -0.188673 -0.269091
0.064 -0.193796 -0.19433 -0.366735
0.066 -0.144106 -0.145018 -0.448871
0.068 -0.0565783 -0.0577138 -0.510737
0.07 0.0436771 0.0425275 -0.548981
0.072 0.130189 0.129239 -0.561818
0.074 0.181623 0.181039 -0.549078
0.076 0.186541 0.1864 -0.512151
0.078 0.145384 0.145664 -0.453829
0.08 0.0694167 0.0699981 -0.378068
0.082 -0.0228446 -0.0221399 -0.28969
0.084 -0.110558 -0.109922 -0.19404
0.086 -0.175475 -0.175063 -0.0966245
0.088 -0.205665 -0.205563 -0.00275125
0.09 -0.197363 -0.197565 0.0827982
0.092 -0.154817 -0.15524 0.156053
0.094 -0.088521 -0.0890276 0.214069
0.096 -0.0124774 -0.0129184 0.255062
0.098 0.0587923 0.0585371 0.278455
0.1 0.112887 0.112879 0.284837
0.102 0.141419 0.141646 0.275839
0.104 0.140986 0.141372 0.253942
0.106 0.11325 0.113678 0.222243
0.108 0.064293 0.0646396 0.184182
0.11 0.00345441 0.00362134 0.143274
0.112 -0.0581243 -0.0581852 0.102848
0.114 -0.109097 -0.109375 0.0658269
0.116 -0.139547 -0.13998 0.0345523
0.118 -0.142567 -0.143062 0.0106652
0.12 -0.115629 -0.116088 -0.00494762
0.122 -0.0615265 -0.0618725 -0.0121462
0.124 0.0114432 0.0112514 -0.0114723
0.126 0.0903214 0.0902838 -0.00403449
0.128 0.159487 0.15957 0.00864334
0.13 0.203625 0.203778 0.0247947
0.132 0.21114 0.211311 0.042587
0.134 0.177208 0.177359 0.0602843
0.136 0.105612 0.105729 0.07638
0.138 0.00872242 0.00881335 0.0896893
0.14 -0.0945878 -0.0945041 0.099394
0.142 -0.182767 -0.18267 0.105043
0.144 -0.236339 -0.23622 0.106512
0.146 -0.242528 -0.242392 0.10394
0.148 -0.19862 -0.198487 0.0976446
0.15 -0.113183 -0.113079 0.0880419
0.152 -0.00466598 -0.00461099 0.0755774
0.154 0.102494 0.102495 0.0606732
0.156 0.18348 0.183442 0.0436989
0.158 0.219123 0.219077 0.0249643
0.16 0.20079 0.200775 0.00472816
0.162 0.132783 0.132829 -0.0167821
0.164 0.0315184 0.0316339 -0.0393445
0.166 -0.0783729 -0.0782053 -0.0627152
0.168 -0.170035 -0.169859 -0.0866007
0.17 -0.22095 -0.220823 -0.110633
0.172 -0.218439 -0.218418 -0.134344
0.174 -0.16277 -0.162889 -0.15715
0.176 -0.0671174 -0.0673746 -0.178345
0.178 0.0456294 0.045277 -0.197097
0.18 0.148469 0.148097 -0.212476
0.182 0.216953 0.216651 -0.223489
0.184 0.235228 0.235072 -0.229146
0.186 0.199889 0.19992 -0.228535
0.188 0.120631 0.120834 -0.22092
0.19 0.0175489 0.0178518 -0.205839
0.192 -0.0841315 -0.083842 -0.183195
0.194 -0.160436 -0.160288 -0.153329
0.196 -0.194481 -0.194581 -0.117061
0.198 -0.180324 -0.180725 -0.0756865
0.2 -0.123969 -0.12465 -0.0309294
0.202 -0.0414039 -0.0422661 0.0151483
0.204 0.0457403 0.044858 0.0602797
0.206 0.115765 0.115051 0.102151
0.208 0.152274 0.151902 0.13857
0.21 0.147989 0.148074 0.167633
0.212 0.106088 0.106656 0.18787
0.214 0.0388171 0.0397982 0.198352
0.216 -0.0360976 -0.0348617 0.19876
0.218 -0.100195 -0.0989142 0.189409
0.22 -0.138861 -0.137752 0.171225
0.222 -0.144609 -0.143848 0.145678
0.224 -0.118333 -0.118017 0.114693
0.226 -0.0684044 -0.0685333 0.080513
0.228 -0.00801492 -0.00849685 0.045561
0.23 0.0484228 0.0477463 0.0122772
0.232 0.0888389 0.0881532 -0.0170425
0.234 0.106147 0.10562 -0.0404027
0.236 0.0993828 0.0991247 -0.0562483
0.238 0.0731989 0.0732438 -0.0635782
0.24 0.0360416 0.0363422 -0.0620212
0.242 -0.00237038 -0.00192496 -0.0518692
0.244 -0.0335124 -0.033065 -0.0340607
0.246 -0.0518388 -0.0515277 -0.0101151
0.248 -0.0555368 -0.0554613 0.0179778
0.25 -0.0462344 -0.0464338 0.0479054
0.252 -0.0279427 -0.0283898 0.0772047
0.254 -0.00566782 -0.00627938 0.103444
0.256 0.0158618 0.0152023 0.124404
0.258 0.0330387 0.0324526 0.138231
0.26 0.043679 0.0432658 0.143576
0.262 0.0468758 0.0466934 0.139676
0.264 0.0426293 0.0426873 0.126407
0.266 0.0315085 0.031772 0.104282
0.268 0.0145193 0.014923 0.0744075
0.27 -0.00678935 -0.00632216 0.0384001
0.272 -0.0301006 -0.0296396 -0.00173031
0.274 -0.0522023 -0.051796 -0.0437229
0.276 -0.0691704 -0.0688403 -0.0852219
0.278 -0.0769763 -0.0767177 -0.123936
0.28 -0.0724553 -0.0722453 -0.15779
0.282 -0.0543981 -0.0542067 -0.185052
0.284 -0.024406 -0.0242064 -0.20444
0.286 0.0128527 0.0130757 -0.215184
0.288 0.0502195 0.0504654 -0.217054
0.29 0.0794545 0.0797079 -0.210342
0.292 0.0932055 0.0934398 -0.195814
0.294 0.0870398 0.0872227 -0.174629
0.296 0.0609511 0.0610505 -0.148233
0.298 0.0198399 0.0198293 -0.118249
0.3 -0.0272786 -0.0274165 -0.0863572
0.302 -0.0692407 -0.0695118 -0.0541921
0.304 -0.095433 -0.0958302 -0.0232447
0.306 -0.0985471 -0.0990504 0.0052092
0.308 -0.0766586 -0.077235 0.0301618
0.31 -0.0340319 -0.0346377 0.0509036
0.312 0.0196401 0.0190562 0.067032
0.314 0.0714551 0.0709465 0.0784417
0.316 0.108469 0.108085 0.085298
0.318 0.121014 0.120789 0.0879958
0.32 0.105277 0.105229 0.0871081
0.322 0.0644242 0.0645458 0.0833265
0.324 0.00792083 0.00818372 0.0773978
0.326 -0.0507948 -0.0504364 0.0700638
0.328 -0.0976862 -0.0972858 0.0620065
0.33 -0.121658 -0.121265 0.053808
0.332 -0.117338 -0.11699 0.0459245
0.334 -0.0863951 -0.0861072 0.0386807
0.336 -0.0370572 -0.0368229 0.0322795
0.338 0.0180416 0.0182467 0.0268266
0.34 0.0651202 0.0653286 0.0223626
0.342 0.0927724 0.0930124 0.0188973
0.344 0.0948271 0.0951111 0.0164382
0.346 0.0718001 0.0721171 0.0150091
0.348 0.0305761 0.0308913 0.0146551
0.35 -0.0175547 -0.0172938 0.015433
0.352 -0.0599379 -0.0597884 0.0173911
0.354 -0.0858356 -0.0858438 0.0205411
0.356 -0.0890839 -0.0892713 0.0248285
0.358 -0.0694675 -0.0698225 0.0301077
0.36 -0.0325191 -0.0329955 0.036124
0.362 0.0121324 0.0116069 0.042509
0.364 0.0533739 0.0528831 0.0487878
0.366 0.0814649 0.0810853 0.0543993
0.368 0.0903919 0.0901753 0.0587281
0.37 0.0791377 0.0790988 0.0611437
0.372 0.0516004 0.0517128 0.0610461
0.374 0.0152719 0.0154733 0.0579142
0.376 -0.0208886 -0.0206817 0.0513526
0.378 -0.048767 -0.0486408 0.0411366
0.38 -0.06298 -0.0630041 0.0272492
0.382 -0.0618907 -0.062102 0.0099095
0.384 -0.0475857 -0.0479808 -0.0104135
0.386 -0.0249376 -0.0254733 -0.0330032
0.388 -9.89842e-05 -0.000701615 -0.0569166
0.39 0.0211146 0.0205346 -0.081026
0.392 0.0345265 0.0340566 -0.104079
0.394 0.038296 0.0380059 -0.124776
0.396 0.0329286 0.0328584 -0.141854
0.398 0.0207194 0.0208741 -0.154179
0.4 0.00488778 0.0052388 -0.160834
0.402 -0.0112927 -0.0108009 -0.161192
0.404 -0.0251289 -0.0245684 -0.154976
0.406 -0.034794 -0.0342414 -0.142291
0.408 -0.039297 -0.0388228 -0.123635
0.41 -0.0382792 -0.0379386 -0.0998767
0.412 -0.0318148 -0.0316416 -0.0722078
0.414 -0.020349 -0.020353 -0.042075
0.416 -0.00480668 -0.00497337 -0.0110884
0.418 0.0132108 0.0129173 0.0190807
0.42 0.0313007 0.0309324 0.0468091
0.422 0.0463743 0.0459914 0.070629
0.424 0.0551099 0.054772 0.0893272
0.426 0.0547117 0.0544675 0.102028
0.428 0.0437976 0.0436764 0.108251
0.43 0.0231413 0.0231466 0.107948
0.432 -0.00402562 -0.00391763 0.101498
0.434 -0.0323537 -0.0321905 0.0896816
0.436 -0.0553894 -0.0552328 0.0736187
0.438 -0.0670848 -0.0669972 0.0546831
0.44 -0.0634429 -0.0634724 0.0343997
0.442 -0.0438477 -0.0440148 0.0143325
0.444 -0.0116533 -0.0119429 -0.00402816
0.446 0.026229 0.0258674 -0.0193688
0.448 0.0607556 0.0603993 -0.0306402
0.45 0.0829039 0.0826413 -0.0371212
0.452 0.0860315 0.085942 -0.0384589
0.454 0.0678053 0.0679405 -0.0346797
0.456 0.0311325 0.031502 -0.0261767
0.458 -0.0162339 -0.0156669 -0.0136715
0.46 -0.0633893 -0.0627017 0.00184204
0.462 -0.0988859 -0.0981784 0.0191714
0.464 -0.113606 -0.112981 0.0370092
0.466 -0.103161 -0.102698 0.0540235
0.468 -0.0691703 -0.068912 0.0689489
0.47 -0.0190645 -0.0190031 0.0806716
0.472 0.0356103 0.0355263 0.0883047
0.474 0.0819819 0.0818329 0.0912468
0.476 0.109054 0.108927 0.0892185
0.478 0.110493 0.110458 0.0822758
0.48 0.0862524 0.0863432 0.070796
0.482 0.0425993 0.042802 0.0554398
0.484 -0.00948771 -0.00922954 0.037092
0.486 -0.0571124 -0.0568831 0.0167868
0.488 -0.0887161 -0.0886046 -0.00437281
0.49 -0.0969468 -0.0970217 -0.0252963
0.492 -0.0804161 -0.0807051 -0.0449775
0.494 -0.043919 -0.0443995 -0.0625539
0.496 0.00290866 0.00230739 -0.077347
0.498 0.0481272 0.0475075 -0.0888856
0.5 0.0805531 0.0800248 -0.0969098
0.502 0.0925482 0.0922013 -0.10136
0.504 0.0818197 0.0817027 -0.102356
0.506 0.0517942 0.0519012 -0.100164
0.508 0.0105123 0.0107854 -0.0951609
0.51 -0.0316047 -0.0312605 -0.0878015
0.512 -0.0644828 -0.0641757 -0.0785803
0.514 -0.0808861 -0.0807094 -0.068001
0.516 -0.0780409 -0.0780497 -0.0565489
0.518 -0.0580326 -0.0582295 -0.0446696
0.52 -0.0269512 -0.0272856 -0.0327537
0.522 0.00691321 0.0065334 -0.0211284
0.524 0.0352984 0.034984 -0.0100559
0.526 0.0520181 0.0518721 0.000261615
0.528 0.0543143 0.0544072 0.00967279
0.53 0.0432183 0.0435715 0.0180634
0.532 0.0229098 0.0234908 0.0253424
0.534 -0.000662368 6.77339e-05 0.0314294
0.536 -0.0214621 -0.02069 0.0362459
0.538 -0.0348731 -0.0341711 0.0397134
0.54 -0.0386529 -0.0381145 0.0417574
0.542 -0.0331496 -0.0328319 0.0423189
0.544 -0.0208219 -0.0207369 0.0413706
0.546 -0.00529017 -0.0054055 0.0389353
0.548 0.0097525 0.00950226 0.0351039
0.55 0.0214444 0.0211413 0.0300484
0.552 0.0282527 0.0279767 0.0240291
0.554 0.0299968 0.0298095 0.0173912
0.556 0.0274889 0.027423 0.0105533
0.558 0.0219903 0.0220461 0.00398509
0.56 0.0147116 0.0148607 -0.0018219
0.562 0.00653088 0.0067248 -0.00638949
0.564 -0.00200805 -0.00182576 -0.00929096
0.566 -0.0104751 -0.0103568 -0.0101888
0.568 -0.0182632 -0.0182471 -0.00886921
0.57 -0.0244052 -0.0245085 -0.00526985
0.572 -0.0276282 -0.0278447 0.000501244
0.574 -0.0266783 -0.0269801 0.00815874
0.576 -0.0208233 -0.0211653 0.0172462
0.578 -0.0103507 -0.0106782 0.0271566
0.58 0.00315456 0.00289783 0.0371666
0.582 0.0169188 0.0167821 0.0464832
0.584 0.0275241 0.0275423 0.0542996
0.586 0.0317868 0.0319742 0.0598565
0.588 0.0277342 0.0280822 0.0625029
0.59 0.0153788 0.0158559 0.0617524
0.592 -0.00298869 -0.00243238 0.0573283
0.594 -0.0231386 -0.0225635 0.049194
0.596 -0.0398501 -0.0393174 0.0375667
0.598 -0.0482512 -0.0478113 0.0229103
0.6 -0.0451983 -0.0448818 0.00591172
0.602 -0.0303022 -0.0301142 -0.0125612
0.604 -0.00627694 -0.00619556 -0.031514
0.606 0.0215428 0.0215611 -0.0498896
0.608 0.0464416 0.0464522 -0.0666381
0.61 0.0620261 0.0620829 -0.0807853
0.612 0.0639432 0.0640846 -0.091499
0.614 0.0511349 0.0513731 -0.0981448
0.616 0.0262599 0.0265755 -0.100331
0.618 -0.00486947 -0.00452527 -0.0979397
0.62 -0.0347119 -0.0344085 -0.0911334
0.622 -0.0559196 -0.0557319 -0.0803515
0.624 -0.0632475 -0.0632397 -0.0662808
0.626 -0.0549392 -0.0551488 -0.0498094
0.628 -0.0332105 -0.0336384 -0.0319666
0.63 -0.00369278 -0.00430072 -0.0138505
0.632 0.0260246 0.0253088 0.00344964
0.634 0.0483712 0.0476406 0.0189301
0.636 0.0577644 0.0571148 0.0317427
0.638 0.0520399 0.0515516 0.0412517
0.64 0.0329637 0.0326856 0.0470727
0.642 0.00569325 0.00563378 0.049092
0.644 -0.0226481 -0.022522 0.0474637
0.646 -0.0448824 -0.0446381 0.0425866
0.648 -0.0556472 -0.0553734 0.0350644
0.65 -0.0527256 -0.0525148 0.0256527
0.652 -0.0374965 -0.0374283 0.0151979
0.654 -0.0144155 -0.0145427 0.00457291
0.656 0.0102991 0.00995856 -0.00538478
0.658 0.0303908 0.0298549 -0.0139297
0.66 0.0412177 0.0405344 -0.0204554
0.662 0.0408854 0.0401217 -0.0245302
0.664 0.0305751 0.0298025 -0.0259191
0.666 0.014016 0.0132957 -0.0245915
0.668 -0.00370608 -0.00433622 -0.0207148
0.67 -0.0176354 -0.0181686 -0.014634
0.672 -0.0242956 -0.0247589 -0.00683873
0.674 -0.0225331 -0.0229837 0.0020782
0.676 -0.0136502 -0.0141663 0.0114695
0.678 -0.000837481 -0.00150475 0.0206834
0.68 0.0118873 0.0109907 0.0291127
0.682 0.020893 0.0197106 0.0362358
0.684 0.0239416 0.0224494 0.04165
0.686 0.0207069 0.0189177 0.0450913
0.688 0.0126881 0.0106496 0.0464417
0.69 0.00259071 0.00037614 0.0457238
0.692 -0.00659869 -0.00890559 0.0430844
0.694 -0.0125373 -0.0148598 0.0387696
0.696 -0.0141659 -0.0164507 0.0330956
0.698 -0.0118859 -0.0141153 0.0264171
0.7 -0.00725305 -0.00944791 0.0190979
0.702 -0.0023209 -0.00453559 0.0114844
0.704 0.00112432 -0.00118337 0.00388512
0.706 0.00217565 -0.000297011 -0.00344291
0.708 0.0010621 -0.00162531 -0.0103019
0.71 -0.00102389 -0.00393693 -0.0165538
0.712 -0.00245356 -0.00555652 -0.0221154
0.714 -0.00184794 -0.00506248 -0.0269482
0.716 0.001327 -0.00189382 -0.0310453
0.718 0.00647441 0.00335547 -0.034417
0.72 0.0120032 0.00907017 -0.0370756
0.722 0.0158541 0.0131444 -0.0390235
0.724 0.016246 0.0137385 -0.0402446
0.726 0.0123868 0.010005 -0.0407012
0.728 0.00489548 0.00252738 -0.0403375
0.73 -0.00423377 -0.00670487 -0.0390881
0.732 -0.0121511 -0.0148096 -0.0368921
0.734 -0.0160159 -0.0188808 -0.0337106
0.736 -0.0139484 -0.0169532 -0.029544
0.738 -0.00576205 -0.00875281 -0.024448
0.74 0.00677759 0.00402338 -0.0185444
0.742 0.0202916 0.0180285 -0.0120257
0.744 0.0306646 0.0291326 -0.00515173
0.746 0.0342302 0.0336086 0.00176226
0.748 0.0289224 0.0292953 0.00836374
0.75 0.0150397 0.0163805 0.0142872
0.752 -0.00463642 -0.00245689 0.0191815
0.754 -0.0254454 -0.022629 0.0227378
0.756 -0.0420374 -0.0388147 0.0247167
0.758 -0.0498349 -0.0464181 0.0249701
0.76 -0.046359 -0.0429017 0.0234594
0.762 -0.0320329 -0.0286081 0.0202649
0.764 -0.0102121 -0.00681217 0.0155885
0.766 0.0136004 0.0170427 0.00974738
0.768 0.0331684 0.0367429 0.00315802
0.77 0.0431923 0.046969 -0.00368749
0.772 0.0407772 0.0447696 -0.0102534
0.774 0.0262833 0.0304267 -0.0159983
0.776 0.00330667 0.00745765 -0.0204165
0.778 -0.0222213 -0.0182647 -0.0230797
0.78 -0.0435808 -0.0400434 -0.0236758
0.782 -0.0550396 -0.0521268 -0.0220393
0.784 -0.0533779 -0.051237 -0.018172
0.786 -0.0387485 -0.0374432 -0.0122502
0.788 -0.0146417 -0.0141454 -0.00461726
0.79 0.0130341 0.0128257 0.0042387
0.792 0.0375073 0.0367473 0.0137191
0.794 0.052911 0.051765 0.0231593
0.796 0.0557891 0.0543992 0.0318794
0.798 0.0459369 0.0443961 0.039235
0.8 0.0263624 0.0247039 0.0446667
0.802 0.0023983 0.00060215 0.0477411
0.804 -0.0197711 -0.0217578 0.0481832
0.806 -0.034754 -0.0369882 0.0458961
0.808 -0.0393158 -0.0418298 0.0409682
0.81 -0.0331109 -0.0358905 0.0336672
0.812 -0.018611 -0.0215856 0.0244218
0.814 -0.000287056 -0.00333381 0.0137923
0.816 0.0166993 0.0137393 0.00243223
0.818 0.0279148 0.0252122 -0.00895707
0.82 0.0307905 0.0285027 -0.0196754
0.822 0.0251801 0.0234293 -0.0290729
0.824 0.0132185 0.0120788 -0.0365965
0.826 -0.00143504 -0.00194091 -0.0418292
0.828 -0.0147188 -0.014613 -0.0445188
0.83 -0.0233151 -0.0226521 -0.0445948
0.832 -0.0254968 -0.0243486 -0.0421706
0.834 -0.0214567 -0.0198994 -0.0375311
0.836 -0.0130648 -0.0111693 -0.0311069
0.838 -0.0031673 -0.000995621 -0.0234383
0.84 0.00533155 0.00772462 -0.01513
0.842 0.0103188 0.0128806 -0.00680432
0.844 0.0110056 0.0136788 0.000947216
0.846 0.0080096 0.0107261 0.00760631
0.848 0.00299801 0.00567503 0.0127634
0.85 -0.00196059 0.000578454 0.0161428
0.852 -0.00510968 -0.00282011 0.0176167
0.854 -0.00555015 -0.00362875 0.0172068
0.856 -0.00345381 -0.00201796 0.0150751
0.858 0.000101857 0.000946739 0.0115048
0.86 0.00359853 0.00377075 0.00687204
0.862 0.00566697 0.00512036 0.00161315
0.864 0.00559303 0.00432706 -0.00381229
0.866 0.00356575 0.00163226 -0.00895823
0.868 0.000585925 -0.00190952 -0.0134265
0.87 -0.00192823 -0.00483172 -0.0168957
0.872 -0.00269717 -0.005819 -0.0191429
0.874 -0.00109979 -0.00423319 -0.0200557
0.876 0.00253085 -0.000412744 -0.0196341
0.878 0.00694989 0.0043697 -0.017983
0.88 0.0103813 0.00829227 -0.0152958
0.882 0.011121 0.00959487 -0.0118304
0.884 0.00816479 0.00721775 -0.00788197
0.886 0.00164795 0.00125097 -0.00375421
0.888 -0.00706589 -0.00696922 0.000267872
0.89 -0.0156996 -0.0151725 0.00394085
0.892 -0.0217045 -0.0207994 0.00707975
0.894 -0.0230432 -0.0217919 0.00956776
0.896 -0.0188713 -0.0172867 0.0113587
0.898 -0.00989665 -0.00798478 0.0124727
0.9 0.00171701 0.00393718 0.0129859
0.902 0.0128989 0.0153735 0.013016
0.904 0.0205292 0.0231525 0.0127049
0.906 0.0223602 0.0249699 0.0122009
0.908 0.0177248 0.0201116 0.0116401
0.91 0.00780825 0.00974066 0.0111318
0.912 -0.0046171 -0.00335721 0.0107454
0.914 -0.0159361 -0.0155147 0.0105037
0.916 -0.0227106 -0.0232082 0.010381
0.918 -0.022684 -0.0240767 0.0103066
0.92 -0.0154773 -0.0176355 0.0101754
0.922 -0.0027631 -0.00547081 0.00986203
0.924 0.012145 0.00915568 0.00923941
0.926 0.0251851 0.0221917 0.00819784
0.928 0.0326759 0.0299244 0.00666343
0.93 0.0323601 0.0300343 0.00461291
0.932 0.0240628 0.0222701 0.00208295
0.934 0.00976802 0.00854363 -0.000827483
0.936 -0.00691206 -0.0075865 -0.00396221
0.938 -0.0217294 -0.0218985 -0.00711998
0.94 -0.0309712 -0.0306796 -0.0100724
0.942 -0.0324777 -0.0317518 -0.0125855
0.944 -0.0262166 -0.0250605 -0.014443
0.946 -0.0142562 -0.0126611 -0.0154684
0.948 -0.000145401 0.00188919 -0.0155439
0.95 0.0121143 0.0145568 -0.0146242
0.952 0.0192092 0.0219757 -0.0127448
0.954 0.0194367 0.0223821 -0.0100225
0.956 0.0131474 0.0160722 -0.00665003
0.958 0.00258662 0.00525826 -0.00288332
0.96 -0.00881106 -0.00662608 0.000976208
0.962 -0.0174577 -0.015959 0.00460427
0.964 -0.0206716 -0.0199956 0.0076792
0.966 -0.0174503 -0.017652 0.00990874
0.968 -0.0087336 -0.00978477 0.0110559
0.97 0.00291051 0.00110951 0.0109618
0.972 0.0140775 0.0116755 0.00956341
0.974 0.0215542 0.0187237 0.00690342
0.976 0.0232743 0.0201894 0.00313229
0.978 0.0189174 0.0157405 -0.00149993
0.98 0.00997736 0.00685545 -0.00666057
0.982 -0.000715544 -0.00364597 -0.0119596
0.984 -0.00986851 -0.012473 -0.0169805
0.986 -0.0147305 -0.0168708 -0.0213147
0.988 -0.0139241 -0.01546 -0.0245956
0.99 -0.00785791 -0.00865833 -0.0265292
0.992 0.0014039 0.00143975 -0.0269197
0.994 0.0107714 0.0116899 -0.0256855
0.996 0.0170702 0.018842 -0.0228671
0.998 0.0180112 0.0205196 -0.0186242
