    2.9739662945e+02    4.6514253048e+02   -1.0716056043e+09   -6.1258523428e-03   -8.3474875430e-03   -9.4835296540e-05    1.0439094420e-04   -2.6444220853e-04   -5.7050379396e-04    1.3764398896e+02    2.3845163542e+02    2.0680000000e+02
    3.0181478036e+02    4.7205272949e+02   -2.1430517215e+09   -8.2526376635e-05    1.6809431634e-04   -2.2089838304e-04    2.2981343863e-04    4.4468516106e-04    4.5508567104e-04    1.3758860814e+02    2.3839062324e+02    2.0680000000e+02
    2.9879888026e+02    4.6733571772e+02   -3.2144940167e+09    3.0781177934e-03   -2.8525242826e-03   -1.3782031806e-04    6.2152905139e-04    8.7945575327e-05   -1.6795216994e-03    1.3755104530e+02    2.3839123710e+02    2.0680000000e+02
    2.9939301922e+02    4.6826497942e+02   -4.2859279266e+09   -5.6816925622e-04    1.6023565847e-03   -3.6572294105e-05    3.9600079375e-04    1.6022471776e-04    4.6152945205e-04    1.3757537838e+02    2.3832004716e+02    2.0680000000e+02
    3.0163113480e+02    4.7176549908e+02   -5.3573687173e+09    3.9226056485e-03   -1.6609136977e-03   -1.7688051136e-04   -9.4600143351e-05    4.3084804340e-05    9.2399854460e-04    1.3754684549e+02    2.3837498501e+02    2.0680000000e+02
    2.9706814012e+02    4.6462875749e+02   -6.4287991417e+09    1.9047839770e-03   -2.2534712226e-03   -4.6605135932e-05   -8.4674917158e-05   -4.3313345792e-05    6.1817369778e-04    1.3759729746e+02    2.3843434455e+02    2.0680000000e+02
    3.0191585368e+02    4.7221081299e+02   -7.5002309540e+09   -1.0796042081e-03    1.4881298744e-03   -7.4654892081e-05    9.8570726929e-05    6.0582343457e-05    1.5008733727e-03    1.3764668523e+02    2.3839080132e+02    2.0680000000e+02
    3.0394308152e+02    4.7538149414e+02   -8.5716664166e+09   -6.0021938851e-04    2.1506852693e-03    3.6773566086e-05    2.8977795076e-05   -4.5043005725e-04    7.5035890720e-04    1.3765715801e+02    2.3830135954e+02    2.0680000000e+02
    2.9779805649e+02    4.6577038155e+02   -9.6431030956e+09    6.3838421422e-04    3.1125597815e-03   -2.5853202566e-05    1.0651326198e-05    2.1704258348e-04    3.3352216042e-04    1.3763466489e+02    2.3822707719e+02    2.0680000000e+02
    3.0144787622e+02    4.7147887390e+02   -1.0714542737e+10   -2.9502585757e-03    1.6896323214e-03   -1.6642795554e-04    2.8538424281e-04    5.8209457066e-04   -7.9447417477e-05    1.3762936134e+02    2.3828596193e+02    2.0680000000e+02
    3.0304124207e+02    4.7397097418e+02   -1.1785977239e+10    8.1542377070e-04   -2.4432800296e-04    4.4048028055e-05    6.7662433281e-04    5.0019995216e-04    6.3937135896e-04    1.3763550032e+02    2.3827421982e+02    2.0680000000e+02
    2.9934362873e+02    4.6818773034e+02   -1.2857448174e+10   -1.4670007319e-03    1.1286678100e-03   -8.4124022172e-05   -1.2295946868e-04   -1.8491078369e-04   -9.2631123535e-04    1.3762324584e+02    2.3817855684e+02    2.0680000000e+02
    3.0029252746e+02    4.6967185326e+02   -1.3934802399e+10    4.2731161091e-03   -2.3950316382e-03    3.9914888819e-05   -1.0308719963e-05   -4.5410712076e-04   -1.1946421826e-03    1.3759125723e+02    2.3813351445e+02    2.0680000000e+02
    3.0304790790e+02    4.7398139986e+02   -1.5001287487e+10    4.7814374401e-04    5.2116926298e-03   -6.4822273143e-06   -1.6634164891e-04   -5.9357127691e-05   -8.9645867267e-04    1.3765932826e+02    2.3814797703e+02    2.0680000000e+02
    2.9983988233e+02    4.6896389466e+02   -1.6072009057e+10    8.1813527982e-04   -3.6857005754e-04    4.0816291153e-05    2.2428449236e-04   -4.3033804831e-04   -1.6941971061e-03    1.3765280053e+02    2.3819846680e+02    2.0680000000e+02
    2.9972944894e+02    4.6879117157e+02   -1.7143455330e+10   -2.3555102172e-03    2.5382147215e-03   -2.2866416840e-04   -3.7675075918e-04   -4.0250567345e-04   -1.4160839817e-03    1.3768236587e+02    2.3821458204e+02    2.0680000000e+02
    2.9768090023e+02    4.6558714357e+02   -1.8214895568e+10   -2.2959834991e-03   -2.2131621543e-03   -3.7138195843e-05    2.7344671790e-04    9.6781341650e-07   -7.1293850204e-04    1.3769188471e+02    2.3834399634e+02    2.0680000000e+02
    2.9820837262e+02    4.6641213558e+02   -1.9286328828e+10   -2.7405655252e-03   -2.3008075191e-04   -7.6242223912e-05   -6.8323261919e-04    2.8006315655e-04    5.4219833214e-05    1.3769957626e+02    2.3835747289e+02    2.0680000000e+02
    2.9682535016e+02    4.6424902240e+02   -2.0357761825e+10   -4.6443625715e-03   -3.5012741272e-03   -1.6158496434e-04    9.2920908705e-05   -9.3783159664e-05    1.6863792451e-04    1.3770426250e+02    2.3835655255e+02    2.0680000000e+02
    3.0074764844e+02    4.7038368422e+02   -2.1429202502e+10    4.8633882624e-04   -1.5972560082e-03   -1.3596636496e-05   -2.2001664517e-04   -7.8920243004e-05    3.4943961693e-04    1.3765777853e+02    2.3835809870e+02    2.0680000000e+02
    3.0359956405e+02    4.7484421641e+02   -2.2500641130e+10    3.7300643314e-04   -2.8970760576e-03   -6.4033544726e-05   -1.1013046609e-04    1.8321448727e-04   -1.2453688340e-03    1.3764557603e+02    2.3842799532e+02    2.0680000000e+02
    2.9544829451e+02    4.6209524160e+02   -2.3572077062e+10    1.2047376323e-03    1.8129743347e-03   -1.5927644933e-04    2.8090881648e-04   -1.6885443402e-04    4.2755655831e-04    1.3763977170e+02    2.3834113262e+02    2.0680000000e+02
    2.9991062177e+02    4.6907453452e+02   -2.4643503226e+10   -1.8279678254e-03   -2.5222471827e-03    1.9052771803e-05   -3.0088689827e-04    2.7841728796e-04    4.6721074422e-04    1.3769263705e+02    2.3840534907e+02    2.0680000000e+02
    2.9992796459e+02    4.6910165953e+02   -2.5714942851e+10    9.9645711632e-05   -4.0908385449e-03   -4.6718307706e-05   -9.3139962963e-06    1.6800430160e-04   -2.4868065144e-04    1.3766086347e+02    2.3839129811e+02    2.0680000000e+02
    3.0072666081e+02    4.7035085855e+02   -2.6786381903e+10   -6.0511381344e-04   -1.0096095272e-03   -1.4732731292e-04    6.9080888933e-05   -1.0062783107e-04   -9.5552519648e-04    1.3763156957e+02    2.3837073583e+02    2.0680000000e+02
    3.0128854599e+02    4.7122967381e+02   -2.7857815411e+10   -1.4497436865e-03    1.1344087485e-03    9.1461301251e-05   -4.4115502069e-04    3.2899450810e-04   -1.1358780955e-03    1.3765574566e+02    2.3835527028e+02    2.0680000000e+02
    3.0488052022e+02    4.7684769304e+02   -2.8929249316e+10   -5.9167588595e-04   -3.0854839468e-03   -1.3009702922e-06   -1.1934297608e-04   -4.2947694278e-04   -6.9171690322e-04    1.3767071560e+02    2.3832758729e+02    2.0680000000e+02
    3.0039187204e+02    4.6982723293e+02   -3.0000685864e+10   -2.4728848241e-03   -3.0187628635e-04   -2.4974923888e-04   -3.3729542561e-04   -6.9635261844e-05    6.4182936425e-04    1.3764414443e+02    2.3831451299e+02    2.0680000000e+02
    3.0121221599e+02    4.7111029005e+02   -3.1072122649e+10    4.0758394061e-05   -6.4993435391e-04   -6.1522451085e-06    1.4131855862e-04   -1.0389651469e-04   -2.0352221730e-03    1.3763212413e+02    2.3834104921e+02    2.0680000000e+02
    3.0263775319e+02    4.7333989830e+02   -3.2143554743e+10   -3.3526584683e-03    3.2334854032e-03   -1.5489749696e-04   -2.1531230997e-05    2.9920321184e-04    6.1019122581e-04    1.3764286979e+02    2.3830376284e+02    2.0680000000e+02
    2.9831421040e+02    4.6657767091e+02   -3.3214993474e+10    2.3429899271e-03   -1.0136605257e-03    6.0712805528e-05   -1.4619116279e-04    2.6049442739e-04   -1.4365857940e-04    1.3761192494e+02    2.3827649758e+02    2.0680000000e+02
    3.0136001713e+02    4.7134145808e+02   -3.4286432098e+10    3.6804435006e-03   -2.3492119096e-03   -1.3444181364e-04    7.0107434878e-05   -2.3990402476e-04    1.4925063447e-04    1.3761161871e+02    2.3835013474e+02    2.0680000000e+02
    3.0278396203e+02    4.7356857591e+02   -3.5357860940e+10   -1.4476940499e-03   -1.4068153650e-03    4.2326811372e-05    1.1037909603e-04   -2.5679263433e-04   -2.2898393724e-03    1.3766409574e+02    2.3833790820e+02    2.0680000000e+02
    3.0040412294e+02    4.6984639393e+02   -3.6429290416e+10   -5.6733806574e-03    1.0107216044e-03   -1.2554982158e-04    7.0187206991e-05   -7.9983574089e-06    8.2927724965e-04    1.3770587893e+02    2.3832536895e+02    2.0680000000e+02
    3.0216040792e+02    4.7259330751e+02   -3.7500733499e+10    2.5448393615e-03   -1.1854612756e-03   -1.6014690960e-04   -1.5560570312e-04   -2.1340288976e-04    1.0959971489e-03    1.3764758821e+02    2.3835758749e+02    2.0680000000e+02
    2.9914871823e+02    4.6788288101e+02   -3.8572177159e+10    4.2879183766e-03   -1.5080537466e-03   -8.7743262688e-05    7.5843595421e-05   -1.3152756005e-05    8.2606931588e-05    1.3759657723e+02    2.3830400534e+02    2.0680000000e+02
    3.0200135373e+02    4.7234453915e+02   -3.9643611832e+10    3.9909167640e-03   -1.2073512563e-03   -4.1030274099e-05   -2.9838227923e-04   -8.5144947579e-05    4.1908256885e-04    1.3761529199e+02    2.3834235570e+02    2.0680000000e+02
    3.0149800375e+02    4.7155727575e+02   -4.0715045276e+10    1.9456402461e-03    3.0487728649e-03    1.0980603770e-04   -3.1295336830e-04    4.8762090629e-06   -1.9001496843e-04    1.3762866307e+02    2.3830546447e+02    2.0680000000e+02
    3.0116020348e+02    4.7102893999e+02   -4.1786473010e+10   -3.0234178524e-03    2.7972356805e-04   -3.6540611537e-05    1.2410809099e-04   -7.6341994870e-05    7.5701743887e-04    1.3768444369e+02    2.3833226083e+02    2.0680000000e+02
    2.9950279237e+02    4.6843666988e+02   -4.2857908068e+10   -3.7295061830e-03   -4.8142653797e-03   -2.4347511819e-04    1.2270450994e-05    5.3288828330e-05    6.7558826703e-04    1.3769007838e+02    2.3838143735e+02    2.0680000000e+02
    2.9725786778e+02    4.6492550061e+02   -4.3929339409e+10   -1.2254268323e-03    4.3420208852e-03   -2.5777780232e-05   -2.1538557733e-04    3.7878083344e-05   -1.2478263252e-03    1.3770324432e+02    2.3831951902e+02    2.0680000000e+02
    3.0130888894e+02    4.7126149115e+02   -4.5000770581e+10   -5.2931319206e-03    3.0067954671e-03   -2.0715413480e-04    1.2371294234e-04    3.2600903929e-04   -7.0036471939e-04    1.3771141508e+02    2.3830626068e+02    2.0680000000e+02
    3.0002251242e+02    4.6924953685e+02   -4.6072211984e+10   -2.1340994537e-03   -7.3049215410e-03   -1.2894004316e-04    3.3464427721e-04    1.6769922676e-04   -1.2985232278e-03    1.3765091705e+02    2.3830373662e+02    2.0680000000e+02
    2.9803062150e+02    4.6613412433e+02   -4.7143655099e+10    1.4817169163e-03    3.6402174628e-04   -3.6523630114e-05    7.0309602616e-06    2.2159845531e-04   -1.1716079012e-03    1.3764183587e+02    2.3822903342e+02    2.0680000000e+02
    2.9848189901e+02    4.6683994391e+02   -4.8215096431e+10    2.1650379738e-03   -1.3077883186e-03   -2.5722824884e-04    2.8510076332e-05   -4.6647995822e-04    4.1253947415e-04    1.3766287533e+02    2.3833670043e+02    2.0680000000e+02
    3.0043665520e+02    4.6989727594e+02   -4.9286532343e+10    2.1642292739e-03    3.0982972937e-03    4.7741650699e-06   -4.5735201914e-04   -1.2589284451e-04    7.5588246502e-04    1.3763963263e+02    2.3833968304e+02    2.0680000000e+02
    3.0106979349e+02    4.7088753446e+02   -5.0357956986e+10   -4.8167903513e-03    6.6855195743e-04   -1.8450577220e-04    3.0581145604e-04   -1.2235302963e-05    7.1074919924e-04    1.3769952245e+02    2.3830297119e+02    2.0680000000e+02
    3.0326370168e+02    4.7431891163e+02   -5.1429385215e+10   -8.7386756303e-03   -2.0907800333e-03   -1.4700630942e-04    1.9820568682e-04    4.0874826180e-04    1.0377170153e-03    1.3773216966e+02    2.3830086600e+02    2.0680000000e+02
    2.9954963812e+02    4.6850993886e+02   -5.2500818744e+10   -5.1969038472e-03    1.6096977707e-03   -1.6214333419e-04    3.7940640969e-04   -6.1725707425e-05   -5.3486005880e-04    1.3770650425e+02    2.3830957619e+02    2.0680000000e+02
    2.9534392494e+02    4.6193200261e+02   -5.3572253030e+10    1.7157391312e-03    1.2034400929e-03   -7.4595733648e-05    2.1737610469e-04   -4.6164692396e-04    1.2962101843e-03    1.3768563012e+02    2.3838234857e+02    2.0680000000e+02
    3.0236953517e+02    4.7292039251e+02   -5.4643692264e+10    2.6229487295e-03    2.8918908967e-03    8.3672935451e-06   -2.9607687411e-04   -1.9116127737e-04   -1.8300983586e-03    1.3765774323e+02    2.3835108862e+02    2.0680000000e+02
    3.0227438297e+02    4.7277156992e+02   -5.5715120596e+10   -2.6084211855e-04    7.0025083374e-04   -1.1666359910e-04   -6.5031185155e-05    4.3720579477e-04   -7.3797662878e-05    1.3770642961e+02    2.3831307301e+02    2.0680000000e+02
    3.0148762842e+02    4.7154104823e+02   -5.6786558529e+10    6.9991728864e-04   -3.8931141274e-03    1.2631440121e-05    5.1607579753e-04    2.8554966836e-04    1.1240517911e-03    1.3765679081e+02    2.3833061130e+02    2.0680000000e+02
    3.0122726994e+02    4.7113383515e+02   -5.7858004201e+10    3.1475067556e-03    9.5972356327e-04   -1.9563356415e-04    5.1339599590e-04   -6.8955066064e-05   -1.5746375041e-04    1.3759078536e+02    2.3832501318e+02    2.0680000000e+02
    3.0099183693e+02    4.7076560667e+02   -5.8929435631e+10    1.4811146401e-03   -2.9703708595e-03   -1.8961988478e-04    5.7055679948e-04   -1.2539426034e-04    3.8373423038e-04    1.3762621624e+02    2.3837044017e+02    2.0680000000e+02
    3.0121836593e+02    4.7111990885e+02   -6.0000866243e+10    9.7979419893e-04    2.7785079738e-03    3.7188310888e-05   -3.9575418582e-06   -2.6858377682e-04    4.0873531712e-04    1.3767069838e+02    2.3837888472e+02    2.0680000000e+02
    2.9936902998e+02    4.6822745911e+02   -6.1072297502e+10   -2.8542655117e-03   -6.0070484040e-04   -1.1315748752e-04   -5.4675072704e-04   -1.7476811829e-05   -2.6102978134e-04    1.3769338944e+02    2.3829486319e+02    2.0680000000e+02
    2.9820348042e+02    4.6640448393e+02   -6.2143734935e+10    2.5873766501e-03    1.2576406280e-03    7.8789561419e-05    8.5027535204e-05    3.6483861422e-04    2.4437085058e-05    1.3765410335e+02    2.3831683950e+02    2.0680000000e+02
    3.0320055801e+02    4.7422015192e+02   -6.3215167871e+10   -1.7753058070e-03    9.2025161080e-04   -2.2405764557e-04    8.9194325013e-05   -5.8215141110e-04   -2.2275089922e-03    1.3766018168e+02    2.3833988302e+02    2.0680000000e+02
    2.9644546763e+02    4.6365486797e+02   -6.4286602180e+10    1.8146816915e-03    6.5531935286e-05   -7.2214310274e-05   -3.0010537197e-04    3.5765665615e-04    3.9163188095e-04    1.3763057846e+02    2.3832888032e+02    2.0680000000e+02
    3.0149286411e+02    4.7154923712e+02   -6.5358039274e+10    5.6671450264e-03    4.1453498840e-03    1.5205558363e-04   -1.7124344260e-04   -3.6308296861e-04   -1.3556236438e-03    1.3761403941e+02    2.3830268860e+02    2.0680000000e+02
    2.9949771268e+02    4.6842872500e+02   -6.6429473624e+10    3.9403213069e-03    2.0978770340e-03    8.8107247923e-06   -2.3152728973e-04   -1.2278848730e-04    2.3777603837e-03    1.3762046085e+02    2.3828782451e+02    2.0680000000e+02
    3.0098055634e+02    4.7074796330e+02   -6.7500901046e+10   -5.7676277852e-04   -2.8391432844e-03    4.0469986117e-05    3.1880604214e-04    2.5494354936e-04   -1.1147264369e-03    1.3767042913e+02    2.3833418776e+02    2.0680000000e+02
    2.9734832888e+02    4.6506698609e+02   -6.8572332262e+10   -2.3197073229e-03    1.7222272430e-03   -1.6661175237e-04   -2.2078881749e-04    8.8441225418e-06    1.1978472591e-03    1.3768267796e+02    2.3832652948e+02    2.0680000000e+02
    2.9696068726e+02    4.6446069608e+02   -6.9643768490e+10   -5.4813652600e-04    1.2855515307e-03   -2.6230781325e-04   -1.9599359518e-04   -1.3620393717e-04    1.5963215826e-03    1.3767994010e+02    2.3831424233e+02    2.0680000000e+02
    3.0018435798e+02    4.6950267103e+02   -7.0715201205e+10   -3.6831382361e-03    1.6730375463e-03   -1.3390729926e-04   -2.4086852220e-04   -2.8670210483e-04    1.4302218345e-03    1.3767654936e+02    2.3833504756e+02    2.0680000000e+02
    2.9857157274e+02    4.6698019790e+02   -7.1786633640e+10   -7.6620614683e-04    2.1198943588e-03   -1.4532591114e-04    2.7590549974e-04   -3.4505574627e-04    9.4148973665e-05    1.3766687964e+02    2.3827806736e+02    2.0680000000e+02
    2.9737881041e+02    4.6511466065e+02   -7.2858065038e+10   -6.9891064060e-04    3.3371479758e-03   -1.2484769931e-04    2.1566792652e-05    2.0402406328e-04    1.7495830758e-03    1.3768611079e+02    2.3823744008e+02    2.0680000000e+02
    2.9919279134e+02    4.6795181345e+02   -7.3929506453e+10   -2.1208109633e-03   -1.3394141315e-03   -1.0162899959e-04    1.3078422519e-04   -5.1662774204e-04    3.8719015320e-04    1.3766971671e+02    2.3823642634e+02    2.0680000000e+02
    2.9751673520e+02    4.6533038162e+02   -7.5000943187e+10   -2.9445179807e-04    1.7532803676e-03   -6.0617329267e-06    6.6724825830e-05    2.0804331862e-05    8.1645226618e-04    1.3765103180e+02    2.3833560032e+02    2.0680000000e+02
    3.0071813012e+02    4.7033751615e+02   -7.6072378520e+10   -9.8759460829e-04    3.7425130462e-03    2.7107556118e-05   -2.7001123384e-05   -2.7935364152e-04    1.1155449334e-03    1.3764404676e+02    2.3839479465e+02    2.0680000000e+02
    2.9968829037e+02    4.6872679760e+02   -7.7143815061e+10    1.9143891837e-03    6.1350748029e-03    2.1551219372e-04   -1.9149308121e-04    7.6544597039e-05    4.9402260204e-04    1.3763130876e+02    2.3828940204e+02    2.0680000000e+02
    2.9921969318e+02    4.6799388922e+02   -7.8215256269e+10    3.7381173581e-03   -9.0413270738e-04    2.7989688845e-05   -4.5008401027e-05    1.9322329451e-04    4.0760676808e-04    1.3759995894e+02    2.3823669043e+02    2.0680000000e+02
    2.9779268206e+02    4.6576197568e+02   -7.9286693726e+10    1.9955777333e-03   -1.3420317118e-03    3.7523818018e-05    4.1436756107e-04   -6.2571895357e-04   -1.4964755786e-05    1.3762371976e+02    2.3822622452e+02    2.0680000000e+02
    3.0123906410e+02    4.7115228177e+02   -8.0358126375e+10    3.0420542711e-03    1.2020849064e-03   -8.8401771492e-05   -1.0820208098e-04   -3.7289006993e-04    1.8235627046e-03    1.3763804484e+02    2.3833189745e+02    2.0680000000e+02
    3.0182491046e+02    4.7206857346e+02   -8.1429558009e+10    2.0838916517e-03    3.8691724104e-03   -3.7839200520e-05    6.3457494800e-04   -2.4746297407e-05    9.7635061037e-04    1.3764377993e+02    2.3835000153e+02    2.0680000000e+02
    2.9838792868e+02    4.6669296983e+02   -8.2500988521e+10   -1.6710994599e-04   -2.5548629746e-03   -3.8567435309e-06   -7.1708743115e-05   -1.9397568359e-04    5.7467057559e-04    1.3765760943e+02    2.3828766541e+02    2.0680000000e+02
    3.0076409791e+02    4.7040941196e+02   -8.3572417984e+10   -8.1764842454e-04   -6.2264320225e-04    1.1980335987e-04    2.8703872778e-05   -1.3630290595e-04   -2.7531960525e-04    1.3768744067e+02    2.3830784851e+02    2.0680000000e+02
    3.0053741298e+02    4.7005486591e+02   -8.4643844316e+10   -1.8312747555e-03    1.0245665462e-02    1.3096700101e-04   -1.9626062451e-04   -6.2503215355e-04   -1.0342988364e-03    1.3770795459e+02    2.3830300097e+02    2.0680000000e+02
    3.0079264052e+02    4.7045405398e+02   -8.5715280113e+10   -3.6169446982e-03    4.5283778423e-03   -1.0373752620e-05   -4.4711943957e-05    1.0862086757e-04   -8.9645967553e-04    1.3768798942e+02    2.3820476370e+02    2.0680000000e+02
    2.9953588497e+02    4.6848842829e+02   -8.6786809408e+10   -2.9208928411e-03   -6.0606416252e-03    1.4928734397e-04    3.4023251491e-04    5.3768369924e-05    4.3518015167e-04    1.3765674564e+02    2.3819852759e+02    2.0680000000e+02
    2.9590244867e+02    4.6280556040e+02   -8.7858263741e+10   -5.3452402474e-04    2.2381165238e-04   -4.2306844402e-05    2.1231250051e-04   -1.3509016080e-04   -1.3084248520e-03    1.3762181302e+02    2.3819069489e+02    2.0680000000e+02
    2.9958020685e+02    4.6855774982e+02   -8.8929723341e+10   -6.3117930370e-05    2.3759234673e-03   -9.8289517759e-05    1.1408984131e-04   -8.3205942710e-05   -1.3703868427e-03    1.3762645609e+02    2.3821532929e+02    2.0680000000e+02
    2.9998323112e+02    4.6918809901e+02   -9.0001207293e+10    2.9686038238e-03    1.8362459212e-03   -1.9281479448e-04   -3.0201810495e-04    6.8254907182e-04    5.1604272569e-04    1.3760464623e+02    2.3829224391e+02    2.0680000000e+02
    3.0010969745e+02    4.6938589841e+02   -9.1072648600e+10    5.1834129617e-03   -6.0500911399e-03   -1.6784830141e-04    1.9483781662e-04   -1.8910562540e-05   -1.2108499106e-04    1.3759027095e+02    2.3829124256e+02    2.0680000000e+02
    2.9992756705e+02    4.6910103776e+02   -9.2144089264e+10    2.7265436035e-03   -2.7437396911e-03   -2.2916108629e-04   -2.9328920559e-04   -2.7384366977e-04    1.6658591144e-03    1.3757125510e+02    2.3837228631e+02    2.0680000000e+02
    2.9902747200e+02    4.6769324612e+02   -9.3215516490e+10    1.5357425541e-03   -1.1725003476e-03    3.6924921405e-06   -5.0765442724e-04    9.1237703909e-04   -9.5138989880e-07    1.3764187419e+02    2.3843502849e+02    2.0680000000e+02
    2.9752897288e+02    4.6534952193e+02   -9.4286944574e+10   -4.6018512124e-03    3.2451588390e-03   -1.7984050208e-04   -3.5164139323e-05   -2.6179203241e-04   -9.2130975591e-04    1.3769022898e+02    2.3836108863e+02    2.0680000000e+02
    3.0274913820e+02    4.7351410978e+02   -9.5358383659e+10   -5.0172204411e-04   -4.5924910983e-03   -1.0439844805e-04    2.6435881178e-04    1.7292164849e-04   -6.5729231549e-05    1.3765918793e+02    2.3833547965e+02    2.0680000000e+02
    3.0496726057e+02    4.7698335909e+02   -9.6429814229e+10   -4.1018807805e-03   -2.1740252291e-03   -2.7580070995e-05    2.3672970061e-04    1.5913522873e-04   -6.2840173466e-04    1.3769900206e+02    2.3831179407e+02    2.0680000000e+02
    2.9943968816e+02    4.6833797187e+02   -9.7501246696e+10   -2.3349497472e-03    2.2780159820e-03   -8.1660664022e-05   -1.4094790092e-04    1.2577550257e-04   -1.5908005848e-03    1.3769016954e+02    2.3836137847e+02    2.0680000000e+02
    3.0414704014e+02    4.7570049517e+02   -9.8572684626e+10    1.4643367747e-03   -2.6377514678e-03   -1.8394490273e-04   -1.3375368020e-04    5.3795089224e-05   -2.1970564964e-03    1.3766136319e+02    2.3828046631e+02    2.0680000000e+02
    3.0151982852e+02    4.7159141074e+02   -9.9644131100e+10    1.3366751381e-03   -6.7694478486e-03   -1.4506368257e-04   -5.8948928775e-05   -3.2618494359e-04   -4.0068942867e-04    1.3764100310e+02    2.3829292191e+02    2.0680000000e+02
    3.0117941513e+02    4.7105898794e+02   -1.0071556471e+11   -1.0358251135e-03    3.5084619462e-03   -1.5031874264e-04   -3.1894464733e-04    2.1348858164e-04   -3.4595268843e-04    1.3765767700e+02    2.3827659546e+02    2.0680000000e+02
    3.0012238954e+02    4.6940574944e+02   -1.0178699815e+11    1.8573551710e-03    2.1322481479e-03   -1.8495459399e-04    4.2772518320e-04   -3.6965362864e-04    1.8119187940e-03    1.3764788876e+02    2.3835071517e+02    2.0680000000e+02
    2.9868306622e+02    4.6715457903e+02   -1.0285842487e+11   -4.4723819662e-03   -7.8683330347e-03   -5.5477071366e-05    2.0357419978e-05   -1.0871805034e-04    3.7149577024e-05    1.3770591641e+02    2.3838419271e+02    2.0680000000e+02
    3.0311006963e+02    4.7407862377e+02   -1.0392986290e+11   -5.3627374613e-03    2.1412649556e-03   -1.6022922311e-04    3.7910231866e-04   -4.1126634798e-04   -8.8289057508e-04    1.3768874330e+02    2.3836596067e+02    2.0680000000e+02
    3.0066375577e+02    4.7025247207e+02   -1.0500129843e+11    7.6860748917e-04   -1.1120827163e-03    9.1220653203e-05    2.6716667751e-05    4.4907060700e-04   -1.8459610566e-03    1.3766471968e+02    2.3842059560e+02    2.0680000000e+02
    3.0311611629e+02    4.7408808103e+02   -1.0607273519e+11   -1.5920121347e-03   -5.1109598888e-03   -8.3644524406e-05    1.2107772987e-04    3.2071438065e-04   -3.3374566030e-04    1.3765429478e+02    2.3841600756e+02    2.0680000000e+02
    2.9697425752e+02    4.6448192062e+02   -1.0714416991e+11    2.0270464933e-04    7.5140923242e-04    1.9724760312e-04    2.5004871727e-05    1.3341426860e-04   -1.1756526413e-03    1.3764976241e+02    2.3840964580e+02    2.0680000000e+02
