0.8 1.87659 0.822082 270.507
1.6 2.15169 1.5543 273.534
2.4 2.60902 2.65642 277.958
3.2 3.24989 3.98156 283.013
4 4.07933 5.37607 287.913
4.8 5.10406 6.71327 292.025
5.6 6.32587 7.91723 294.995
6.4 7.73142 8.97084 296.779
7.2 9.28213 9.9074 297.599
8 10.9088 10.7898 297.829
8.8 12.5151 11.6848 297.876
9.6 13.9919 12.6408 298.064
10.4 15.2403 13.6749 298.581
11.2 16.1975 14.772 299.467
12 16.8589 15.8951 300.648
12.8 17.2872 17.0003 301.991
13.6 17.6052 18.053 303.363
14.4 17.971 19.0376 304.663
15.2 18.5409 19.9613 305.843
16 19.4296 20.8499 306.902
16.8 20.6779 21.7388 307.871
17.6 22.2376 22.6635 308.798
18.4 23.98 23.6507 309.731
19.2 25.7248 24.7137 310.712
20 27.2862 25.8504 311.767
20.8 28.5212 27.0449 312.91
21.6 29.3696 28.2712 314.134
22.4 29.8735 29.4986 315.419
23.2 30.1697 30.6971 316.727
24 30.4572 31.8438 318.012
24.8 30.9456 32.9275 319.226
25.6 31.7987 33.9509 320.328
26.4 33.0883 34.9301 321.292
27.2 34.7707 35.8893 322.114
28 36.6929 36.8547 322.815
28.8 38.6292 37.8458 323.44
29.6 40.339 38.8705 324.049
30.4 41.6307 39.9228 324.712
31.2 42.415 40.9863 325.497
32 42.7339 42.0402 326.456
32.8 42.7548 43.0674 327.618
33.6 42.7317 44.061 328.982
34.4 42.9424 45.0277 330.522
35.2 43.6159 45.9859 332.186
36 44.8719 46.9612 333.919
36.8 46.6854 47.9792 335.671
37.6 48.889 49.058 337.414
38.4 51.2118 50.2034 339.145
39.2 53.347 51.4064 340.885
40 55.0307 52.6452 342.669
40.8 56.111 53.8893 344.531
41.6 56.5907 55.1066 346.49
42.4 56.6291 56.2709 348.544
43.2 56.5031 57.3683 350.669
44 56.5359 58.4019 352.829
44.8 57.0115 59.3915 354.996
45.6 58.0989 60.3696 357.164
46.4 59.8059 61.3736 359.355
47.2 61.9757 62.4367 361.622
48 64.3296 63.5793 364.038
48.8 66.5434 64.8044 366.669
49.6 68.3365 66.0982 369.563
50.4 69.5508 67.4352 372.725
51.2 70.1951 68.7873 376.118
52 70.4429 70.1318 379.665
52.8 70.5851 71.458 383.268
53.6 70.9483 72.7686 386.825
54.4 71.8038 74.0768 390.252
55.2 73.2914 75.4007 393.493
56 75.38 76.7567 396.532
56.8 77.8748 78.1545 399.392
57.6 80.4714 79.5948 402.136
58.4 82.839 81.07 404.861
59.2 84.7122 82.5667 407.693
60 85.965 84.069 410.768
60.8 86.6459 85.5617 414.214
61.6 86.9665 87.0328 418.126
62.4 87.2429 88.4756 422.544
63.2 87.8091 89.8904 427.447
64 88.9234 91.2853 432.768
64.8 90.696 92.6769 438.432
65.6 93.057 94.0893 444.397
66.4 95.7757 95.5499 450.692
67.2 98.526 97.0848 457.415
68 100.98 98.712 464.698
68.8 102.905 100.436 472.645
69.6 104.23 102.243 481.266
70.4 105.071 104.104 490.464
71.2 105.698 105.982 500.095
72 106.456 107.836 510.107
72.8 107.666 109.636 520.717
73.6 109.523 111.372 532.548
74.4 112.042 113.056 546.637
75.2 115.043 114.72 564.248
76 118.202 116.406 586.492
76.8 121.145 118.154 613.825
77.6 123.552 119.993 645.586
78.4 125.261 121.927 679.725
79.2 126.312 123.943 712.884
80 126.945 126.01 740.859
80.8 127.532 128.098 759.38
81.6 128.47 130.187 765.005
82.4 130.064 132.272 755.904
83.2 132.437 134.371 732.287
84 135.494 136.512 696.362
84.8 138.951 138.729 651.836
85.6 142.424 141.05 603.096
86.4 145.558 143.496 554.319
87.2 148.135 146.076 508.737
88 150.152 148.792 468.23
88.8 151.823 151.641 433.309
89.6 153.503 154.614 403.405
90.4 155.574 157.693 377.337
91.2 158.313 160.848 353.781
92 161.792 164.039 331.614
92.8 165.857 167.225 310.09
93.6 170.172 170.376 288.838
94.4 174.339 173.484 267.765
95.2 178.028 176.575 246.909
96 181.089 179.699 226.326
96.8 183.606 182.917 206.017
97.6 185.867 186.283 185.911
98.4 188.279 189.828 165.913
99.2 191.239 193.566 145.997
100 195.029 197.501 126.333
100.8 199.737 201.658 107.417
101.6 205.258 206.095 90.1392
102.4 211.339 210.897 75.7437
103.2 217.662 216.152 65.6432
104 223.95 221.913 61.106
104.8 230.045 228.171 62.9124
105.6 235.971 234.868 71.1214
106.4 241.97 241.953 85.0942
107.2 248.494 249.488 103.845
108 256.177 257.742 126.664
108.8 265.754 267.241 153.814
109.6 277.932 278.711 187.003
110.4 293.233 292.905 229.357
111.2 311.795 310.329 284.744
112 333.214 330.945 356.53
112.8 356.451 353.96 446.079
113.6 379.863 377.776 551.492
114.4 401.383 400.169 667.05
115.2 418.83 418.669 783.682
116 430.294 431.065 890.448
116.8 434.51 435.884 976.716
117.6 431.123 432.732 1034.43
118.4 420.776 422.374 1059.86
119.2 404.991 406.54 1054.27
120 385.868 387.526 1023.45
120.8 365.679 367.69 976.113
121.6 346.457 348.995 921.832
122.4 329.669 332.711 868.995
123.2 316.052 319.333 823.367
124 305.623 308.702 787.548
124.8 297.848 300.25 761.326
125.6 291.897 293.284 742.633
126.4 286.912 287.206 728.724
127.2 282.224 281.634 717.167
128 277.463 276.41 706.4
128.8 272.567 271.528 695.828
129.6 267.691 267.04 685.548
130.4 263.085 262.98 675.946
131.2 258.961 259.327 667.344
132 255.41 256.014 659.819
132.8 252.382 252.959 653.218
133.6 249.716 250.094 647.281
134.4 247.213 247.381 641.784
135.2 244.712 244.807 636.624
136 242.137 242.363 631.813
136.8 239.51 240.033 627.419
137.6 236.92 237.787 623.484
138.4 234.467 235.584 619.984
139.2 232.214 233.394 616.83
140 230.157 231.209 613.904
140.8 228.226 229.044 611.107
141.6 226.322 226.937 608.376
142.4 224.363 224.927 605.692
143.2 222.32 223.043 603.053
144 220.234 221.289 600.464
144.8 218.194 219.645 597.926
145.6 216.305 218.076 595.447
146.4 214.639 216.541 593.056
147.2 213.214 215.009 590.802
148 211.986 213.466 588.736
148.8 210.873 211.914 586.891
149.6 209.793 210.371 585.26
150.4 208.691 208.862 583.803
151.2 207.558 207.417 582.474
152 206.42 206.058 581.257
152.8 205.316 204.802 580.181
153.6 204.274 203.653 579.307
154.4 203.292 202.608 578.677
155.2 202.347 201.658 578.256
156 201.406 200.79 577.917
156.8 200.453 199.995 577.476
157.6 199.504 199.266 576.796
158.4 198.603 198.602 575.908
159.2 197.806 197.999 575.075
160 197.153 197.448 574.724
160.8 196.645 196.93 575.219
161.6 196.24 196.414 576.513
162.4 195.861 195.867 577.777
163.2 195.425 195.261 577.188
164 194.87 194.584 571.994
164.8 194.178 193.844 558.929
165.6 193.376 193.072 534.934
166.4 192.517 192.303 498.001
167.2 191.665 191.57 447.9
168 190.866 190.888 386.554
168.8 190.139 190.249 317.898
169.6 189.476 189.627 247.239
170.4 188.863 188.994 180.248
171.2 188.285 188.335 121.864
172 187.743 187.657 75.3999
172.8 187.25 186.995 42.0723
173.6 186.825 186.399 21.0572
174.4 186.475 185.917 9.9967
175.2 186.19 185.576 5.77504
176 185.947 185.373 5.31854
176.8 185.719 185.28 6.20364
177.6 185.493 185.253 6.9491
178.4 185.277 185.254 6.98517
179.2 185.101 185.26 6.3912
180 184.999 185.26 5.54458
180.8 184.974 185.24 4.81636
181.6 184.976 185.155 4.39769
182.4 184.873 184.904 4.27245
183.2 184.465 184.325 4.29421
184 183.508 183.212 4.2986
184.8 181.775 181.362 4.1894
185.6 179.12 178.635 3.96624
186.4 175.532 175.018 3.6976
187.2 171.172 170.659 3.46668
188 166.361 165.866 3.32379
188.8 161.53 161.064 3.26717
189.6 157.149 156.716 3.25522
190.4 153.629 153.232 3.23673
191.2 151.249 150.887 3.17978
192 150.111 149.777 3.08448
192.8 150.14 149.82 2.97625
193.6 151.116 150.796 2.88687
194.4 152.75 152.414 2.83561
195.2 154.748 154.39 2.82049
196 156.878 156.504 2.82259
196.8 158.998 158.624 2.81885
197.6 161.055 160.704 2.79512
198.4 163.066 162.759 2.75232
199.2 165.08 164.828 2.70342
200 167.149 166.946 2.66431
200.8 169.306 169.133 2.6444
201.6 171.565 171.391 2.64213
202.4 173.928 173.716 2.64731
203.2 176.393 176.113 2.64785
204 178.961 178.592 2.63676
204.8 181.632 181.169 2.61537
205.6 184.4 183.855 2.59149
206.4 187.244 186.644 2.57416
207.2 190.134 189.516 2.56832
208 193.032 192.439 2.57244
208.8 195.912 195.387 2.58007
209.6 198.767 198.349 2.58401
210.4 201.616 201.335 2.58047
211.2 204.494 204.369 2.57081
212 207.438 207.47 2.5602
212.8 210.47 210.646 2.55415
213.6 213.587 213.875 2.5553
214.4 216.772 217.127 2.56206
215.2 220.009 220.374 2.56986
216 223.316 223.629 2.57405
216.8 226.758 226.966 2.57258
217.6 230.451 230.514 2.567
218.4 234.532 234.431 2.56134
219.2 239.096 238.84 2.55958
220 244.13 243.755 2.56337
220.8 249.457 249.016 2.57114
221.6 254.706 254.266 2.57906
222.4 259.35 258.972 2.58307
223.2 262.787 262.519 2.58091
224 264.471 264.338 2.57287
224.8 264.047 264.049 2.56119
225.6 261.461 261.573 2.54843
226.4 257 257.185 2.53614
227.2 251.255 251.472 2.52427
228 245.004 245.22 2.51183
228.8 239.049 239.244 2.49813
229.6 234.05 234.221 2.4837
230.4 230.403 230.561 2.47046
231.2 228.191 228.36 2.46082
232 227.229 227.436 2.45648
232.8 227.165 227.435 2.45749
233.6 227.61 227.963 2.46225
234.4 228.244 228.694 2.46836
235.2 228.88 229.43 2.47393
236 229.456 230.102 2.47843
236.8 229.988 230.721 2.48281
237.6 230.51 231.32 2.48878
238.4 231.037 231.913 2.49774
239.2 231.56 232.494 2.51003
240 232.072 233.063 2.52484
240.8 232.595 233.65 2.54083
241.6 233.18 234.312 2.55704
242.4 233.857 235.091 2.57346
243.2 234.566 235.929 2.591
244 235.083 236.608 2.61094
244.8 235.03 236.748 2.63421
245.6 233.982 235.915 2.66109
246.4 231.689 233.849 2.69159
247.2 228.372 230.753 2.72634
248 224.991 227.564 2.76763
248.8 223.398 226.111 2.81996
249.6 226.294 229.074 2.88971
250.4 236.958 239.723 2.98412
251.2 258.804 261.477 3.10974
252 294.845 297.374 3.27116
252.8 347.182 349.564 3.47009
253.6 416.618 418.906 3.70513
254.4 502.432 504.732 3.97189
255.2 602.321 604.774 4.26321
256 712.478 715.222 4.56933
256.8 827.774 830.896 4.87799
257.6 942.032 945.528 5.17478
258.4 1048.44 1052.18 5.44402
259.2 1140.09 1143.84 5.67032
260 1210.74 1214.18 5.84048
260.8 1255.57 1258.36 5.94554
261.6 1272.02 1273.87 5.98217
262.4 1260.3 1261.03 5.95317
263.2 1223.48 1223.1 5.86688
264 1167.17 1165.82 5.73568
264.8 1098.57 1096.51 5.57404
265.6 1025.3 1022.87 5.3965
266.4 954.193 951.69 5.21595
267.2 890.282 887.936 5.04246
268 836.34 834.268 4.88269
268.8 792.926 791.138 4.73987
269.6 758.899 757.322 4.61423
270.4 732.181 730.703 4.50385
271.2 710.515 709.03 4.40565
272 692.021 690.453 4.31646
272.8 675.446 673.768 4.23375
273.6 660.145 658.374 4.15603
274.4 645.898 644.081 4.08282
275.2 632.682 630.889 4.0142
276 620.515 618.832 3.9504
276.8 609.394 607.915 3.89135
277.6 599.293 598.117 3.83665
278.4 590.196 589.418 3.78569
279.2 582.111 581.803 3.73795
280 575.057 575.252 3.69322
280.8 569.067 569.74 3.65169
281.6 564.193 565.255 3.61382
282.4 560.531 561.839 3.58004
283.2 558.22 559.597 3.55057
284 557.383 558.657 3.52518
284.8 558.005 559.041 3.50324
285.6 559.795 560.522 3.48379
286.4 562.13 562.556 3.46581
287.2 564.197 564.396 3.44851
288 565.355 565.446 3.43179
288.8 565.65 565.764 3.41657
289.6 566.287 566.523 3.40506
290.4 569.767 570.158 3.40052
291.2 579.488 579.974 3.40644
292 598.751 599.161 3.42509
292.8 629.359 629.425 3.45565
293.6 670.246 669.629 3.49262
294.4 716.655 715 3.52508
295.2 760.314 757.318 3.53758
296 790.758 786.244 3.51258
296.8 797.6 791.574 3.43428
297.6 773.148 765.833 3.29264
298.4 714.614 706.435 3.08654
299.2 625.213 616.742 2.82496
300 513.753 505.612 2.52571
300.8 392.789 385.545 2.21202
301.6 275.854 269.923 1.90791
302.4 174.563 170.146 1.63357
303.2 96.3937 93.4631 1.40213
304 43.699 42.0382 1.21842
304.8 14.1061 13.381 1.07971
305.6 2.00762 1.85413 0.978114
306.4 0.571567 0.672755 0.903513
307.2 3.61488 3.7501 0.846232
308 6.83613 6.89443 0.798805
308.8 8.19324 8.15555 0.756615
309.6 7.52585 7.42866 0.717593
310.4 5.74357 5.63963 0.681357
311.2 3.9683 3.89738 0.648252
312 2.93548 2.91136 0.618601
312.8 2.78499 2.79781 0.592334
313.6 3.1912 3.21912 0.568954
314.4 3.66541 3.68772 0.547734
315.2 3.84245 3.84814 0.527972
316 3.62467 3.61417 0.509197
316.8 3.15584 3.13701 0.49124
317.6 2.68267 2.66472 0.474182
318.4 2.40035 2.38898 0.458213
319.2 2.36209 2.35786 0.443472
320 2.48294 2.48275 0.429947
320.8 2.61444 2.6145 0.417453
321.6 2.63648 2.63479 0.405705
322.4 2.51544 2.51253 0.394439
323.2 2.305 2.30298 0.383512
324 2.10056 2.10124 0.372948
324.8 1.97987 1.98335 0.362887
325.6 1.96381 1.96829 0.353491
326.4 2.01461 2.01735 0.344836
327.2 2.06598 2.06486 0.336859
328 2.06361 2.0583 0.329387
328.8 1.99269 1.9848 0.322224
329.6 1.87955 1.87183 0.315252
330.4 1.77071 1.76572 0.308484
331.2 1.70417 1.70315 0.302046
332 1.68967 1.69215 0.296097
332.8 1.70752 1.71173 0.29073
333.6 1.72378 1.72762 0.285913
334.4 1.71129 1.71322 0.281504
335.2 1.6639 1.66341 0.277319
336 1.59702 1.59456 0.273224
336.8 1.53602 1.53251 0.269177
337.6 1.50039 1.49669 0.265224
338.4 1.49323 1.48984 0.261423
339.2 1.50128 1.49835 0.257771
340 1.50424 1.50183 0.25416
340.8 1.48715 1.48541 0.250404
341.6 1.44839 1.44757 0.246309
342.4 1.39929 1.3996 0.241764
343.2 1.35648 1.35782 0.236786
344 1.33196 1.33382 0.231499
344.8 1.32679 1.32837 0.226072
345.6 1.33155 1.33204 0.220632
346.4 1.33264 1.33162 0.215221
347.2 1.3203 1.31793 0.209802
348 1.29367 1.29064 0.204323
348.8 1.26029 1.25755 0.198773
349.6 1.23096 1.22929 0.193218
350.4 1.21324 1.21296 0.187779
351.2 1.20749 1.20838 0.182572
352 1.20744 1.20888 0.177644
352.8 1.20447 1.20575 0.172951
353.6 1.19283 1.19342 0.168381
354.4 1.17272 1.17242 0.163821
355.2 1.1496 1.14852 0.159222
356 1.13048 1.12892 0.154622
356.8 1.11968 1.11794 0.150122
357.6 1.11638 1.11472 0.14583
358.4 1.11552 1.1141 0.141796
359.2 1.111 1.10994 0.137993
360 1.09939 1.09879 0.134341
360.8 1.08177 1.08168 0.130763
361.6 1.06287 1.06325 0.127235
362.4 1.04814 1.04879 0.123812
363.2 1.04057 1.04119 0.120593
364 1.03914 1.03938 0.117672
364.8 1.03965 1.03928 0.115087
365.6 1.0373 1.03634 0.112807
366.4 1.02946 1.02818 0.110758
367.2 1.01697 1.01582 0.108881
368 1.00341 1.00284 0.107171
368.8 0.992828 0.993096 0.105684
369.6 0.987427 0.988526 0.104507
370.4 0.986463 0.988123 0.103703
371.2 0.986936 0.988747 0.103264
372 0.985508 0.987087 0.103105
372.8 0.980454 0.981575 0.103095
373.6 0.972492 0.973143 0.103105
374.4 0.964112 0.964455 0.103054
375.2 0.957894 0.958174 0.102911
376 0.9549 0.955348 0.102668
376.8 0.954081 0.954853 0.102303
377.6 0.952998 0.954162 0.101745
378.4 0.949353 0.950904 0.100886
379.2 0.942382 0.944261 0.0996219
380 0.933268 0.935376 0.0979041
380.8 0.924388 0.92659 0.0957737
381.6 0.917878 0.920015 0.0933565
382.4 0.914392 0.916316 0.0908197
383.2 0.912776 0.914391 0.0883134
384 0.910801 0.912115 0.0859268
384.8 0.906493 0.907626 0.0836789
385.6 0.899256 0.900406 0.0815447
386.4 0.890143 0.891511 0.0794969
387.2 0.881177 0.882882 0.0775374
388 0.874153 0.876176 0.0756997
388.8 0.869642 0.871829 0.0740251
389.6 0.866756 0.868884 0.0725292
390.4 0.863773 0.865635 0.0711825
391.2 0.859187 0.860674 0.0699194
392 0.852564 0.853703 0.0686696
392.8 0.844716 0.845639 0.0673956
393.6 0.837126 0.838011 0.0661116
394.4 0.831027 0.83202 0.0648732
395.2 0.826684 0.82785 0.0637439
396 0.823301 0.824619 0.0627585
396.8 0.819566 0.820957 0.0619042
397.6 0.814483 0.815852 0.0611311
398.4 0.807962 0.809233 0.0603843
399.2 0.800839 0.801976 0.0596383
400 0.794334 0.795333 0.0589131
