0 1 1 1
0.002 0.902492 0.902558 0.976581
0.004 0.635381 0.635615 0.908147
0.006 0.26736 0.267784 0.799973
0.008 -0.109628 -0.109089 0.660221
0.01 -0.406276 -0.405772 0.499127
0.012 -0.559759 -0.559459 0.328046
0.014 -0.549079 -0.549108 0.158471
0.016 -0.398359 -0.398745 0.00113449
0.018 -0.167809 -0.168461 -0.134754
0.02 0.0648969 0.0641648 -0.242087
0.022 0.227598 0.22701 -0.316239
0.024 0.274395 0.274134 -0.355252
0.026 0.197943 0.19808 -0.35983
0.028 0.0296021 0.030066 -0.333159
0.03 -0.172218 -0.171619 -0.28058
0.032 -0.341296 -0.340813 -0.209094
0.034 -0.424033 -0.423885 -0.126769
0.036 -0.394864 -0.395154 -0.0420489
0.038 -0.262517 -0.263189 0.0369612
0.04 -0.0659258 -0.0667686 0.103183
0.042 0.138505 0.137797 0.151156
0.044 0.294271 0.294006 0.177479
0.046 0.361526 0.361904 0.181036
0.048 0.32815 0.329197 0.162997
0.05 0.211911 0.213447 0.126581
0.052 0.0533775 0.0550616 0.0766114
0.054 -0.0976658 -0.0962393 0.0189307
0.056 -0.197671 -0.196854 -0.0402551
0.058 -0.221795 -0.221779 -0.0950149
0.06 -0.169885 -0.170647 -0.140249
0.062 -0.0647314 -0.0660382 -0.172111
0.064 0.0563723 0.0548888 -0.188264
0.066 0.153835 0.152571 -0.18797
0.068 0.197904 0.197168 -0.172022
0.07 0.177054 0.176978 -0.142539
0.072 0.100244 0.100754 -0.102676
0.074 -0.00725956 -0.00641021 -0.0562563
0.076 -0.11273 -0.111876 -0.00739396
0.078 -0.18637 -0.185826 0.0398896
0.08 -0.209894 -0.209855 0.0820088
0.082 -0.180885 -0.181372 0.116099
0.084 -0.112018 -0.112884 0.140222
0.086 -0.0259125 -0.0268945 0.153472
0.088 0.0524523 0.0516412 0.15598
0.09 0.103238 0.102819 0.148813
0.092 0.116925 0.116988 0.133781
0.094 0.0958137 0.0963017 0.113171
0.096 0.051797 0.0525316 0.0894546
0.098 0.00151402 0.0022627 0.064983
0.1 -0.0392494 -0.0386972 0.0417329
0.102 -0.0600591 -0.0598297 0.0211168
0.104 -0.0579755 -0.0580825 0.00388635
0.106 -0.0370472 -0.0374028 -0.00986759
0.108 -0.00577627 -0.00623523 -0.0206259
0.11 0.0262548 0.0258378 -0.0292823
0.112 0.0513303 0.0510515 -0.0369412
0.114 0.0652329 0.0651154 -0.0447016
0.116 0.0673026 0.0673036 -0.0534556
0.118 0.059296 0.0593391 -0.0637252
0.12 0.0438122 0.0438297 -0.0755544
0.122 0.0230922 0.0230583 -0.0884688
0.124 -0.00130916 -0.00136691 -0.101505
0.126 -0.0279716 -0.0279878 -0.113304
0.128 -0.0546412 -0.0545468 -0.122269
0.13 -0.0775443 -0.0773049 -0.126752
0.132 -0.0915812 -0.091223 -0.125271
0.134 -0.0915986 -0.0912081 -0.116714
0.136 -0.0744004 -0.074097 -0.100522
0.138 -0.0407238 -0.0406144 -0.0768075
0.14 0.00373778 0.0036064 -0.0464149
0.142 0.0489459 0.0486148 -0.0108883
0.144 0.0828825 0.0824776 0.0276332
0.146 0.0951091 0.0948026 0.0665927
0.148 0.0804008 0.0803504 0.103243
0.15 0.0411516 0.0414379 0.134895
0.152 -0.0124635 -0.0118783 0.159167
0.154 -0.0648901 -0.0641638 0.174199
0.156 -0.0996065 -0.0989748 0.178812
0.158 -0.104261 -0.103964 0.172616
0.16 -0.0749087 -0.0751063 0.15603
0.162 -0.0178964 -0.0186074 0.130245
0.164 0.0513856 0.0503051 0.0971213
0.166 0.112715 0.111537 0.0590292
0.168 0.147053 0.146099 0.018658
0.17 0.14253 0.142068 -0.0212047
0.172 0.0984611 0.0986182 -0.0578976
0.174 0.0260046 0.0267148 -0.0890999
0.176 -0.0548786 -0.053859 -0.113014
0.178 -0.121279 -0.1203 -0.128498
0.18 -0.154222 -0.153631 -0.135139
0.182 -0.144455 -0.144482 -0.133246
0.184 -0.095342 -0.0960227 -0.123781
0.186 -0.0219413 -0.0230984 -0.108223
0.188 0.0534926 0.0522006 -0.0883877
0.19 0.108265 0.107239 -0.0662218
0.192 0.126176 0.125751 -0.0436038
0.194 0.102464 0.102803 -0.0221681
0.196 0.0451892 0.0462286 -0.00317568
0.198 -0.0273801 -0.0259117 0.0125575
0.2 -0.0925051 -0.0910006 0.0246713
0.202 -0.129996 -0.128846 0.033218
0.204 -0.128316 -0.127785 0.0385768
0.206 -0.0879241 -0.088067 0.0413439
0.208 -0.0209094 -0.021561 0.0422141
0.21 0.0528821 0.0520524 0.041871
0.212 0.111992 0.111367 0.0408958
0.214 0.139835 0.139725 0.039703
0.216 0.12953 0.130064 0.0385052
0.218 0.0856153 0.0866992 0.0373077
0.22 0.0222145 0.0235594 0.0359293
0.222 -0.0416305 -0.0404168 0.0340492
0.224 -0.087887 -0.0871739 0.0312715
0.226 -0.104825 -0.104841 0.0272045
0.228 -0.0901015 -0.0908625 0.0215443
0.23 -0.0508336 -0.0521389 0.0141522
0.232 -0.000829436 -0.00232755 0.00511616
0.234 0.0440105 0.0427102 -0.00521689
0.236 0.0706061 0.0698123 -0.016243
0.238 0.0724003 0.0722482 -0.0271427
0.24 0.0507929 0.051212 -0.0369585
0.242 0.0140276 0.0147766 -0.0447007
0.244 -0.0259138 -0.0251578 -0.0494677
0.246 -0.0572628 -0.0567916 -0.0505645
0.248 -0.0719451 -0.071922 -0.047604
0.25 -0.0675534 -0.0679614 -0.0405753
0.252 -0.0473611 -0.0480143 -0.0298706
0.254 -0.0186039 -0.019216 -0.0162666
0.256 0.0102183 0.0099333 -0.000861724
0.258 0.0320371 0.0322659 0.0150224
0.26 0.0430442 0.0438102 0.0299655
0.262 0.043183 0.0443379 0.0425838
0.264 0.0353448 0.0366173 0.0516643
0.266 0.0237571 0.0248398 0.0562834
0.268 0.0122703 0.0129167 0.0558991
0.27 0.00319162 0.00328899 0.0504092
0.272 -0.0029872 -0.00339063 0.0401688
0.274 -0.00702329 -0.00774477 0.025965
0.276 -0.00991519 -0.0107058 0.00895038
0.278 -0.0120016 -0.0126321 -0.00945884
0.28 -0.0126189 -0.0129522 -0.0277119
0.282 -0.0104824 -0.01051 -0.044266
0.284 -0.00460206 -0.00443296 -0.0577291
0.286 0.00472347 0.00491503 -0.0669859
0.288 0.015365 0.0154119 -0.0712963
0.29 0.0236379 0.0234466 -0.0703551
0.292 0.0254284 0.0250149 -0.0643068
0.294 0.0178232 0.0173075 -0.0537182
0.296 0.000628331 0.000190096 -0.0395108
0.298 -0.0228815 -0.0230694 -0.0228639
0.3 -0.0464195 -0.0462545 -0.00509943
0.302 -0.0623644 -0.0618522 0.0124398
0.304 -0.0642063 -0.0634595 0.0285055
0.306 -0.0489645 -0.048164 0.0420437
0.308 -0.0187035 -0.0180359 0.0522709
0.31 0.0194971 0.0199024 0.0587211
0.312 0.0552782 0.0553892 0.0612626
0.314 0.0780185 0.0779047 0.060083
0.316 0.0802259 0.0800248 0.0556452
0.318 0.0601852 0.0600441 0.0486205
0.32 0.0229155 0.0229308 0.0398029
0.322 -0.0209938 -0.0208172 0.0300174
0.324 -0.058412 -0.0581659 0.0200302
0.326 -0.0776664 -0.077506 0.0104732
0.328 -0.072267 -0.0723514 0.00179177
0.33 -0.0431485 -0.0435767 -0.00577766
0.332 0.00134162 0.000576772 -0.0121985
0.334 0.0477953 0.046816 -0.0175962
0.336 0.081772 0.0807834 -0.0221985
0.338 0.092276 0.0915039 -0.0262659
0.34 0.0752659 0.0748834 -0.030022
0.342 0.0350465 0.0351172 -0.0335965
0.344 -0.0169372 -0.0164808 -0.0369888
0.346 -0.0655507 -0.0648846 -0.0400559
0.348 -0.0965839 -0.0959334 -0.0425268
0.35 -0.101085 -0.100649 -0.0440379
0.352 -0.0780611 -0.0779453 -0.0441853
0.354 -0.0347279 -0.0349115 -0.0425848
0.356 0.0157719 0.0154265 -0.0389328
0.358 0.0584477 0.0581433 -0.03306
0.36 0.0810661 0.080996 -0.0249737
0.362 0.0778323 0.0781084 -0.0148827
0.364 0.0510007 0.05161 -0.00320279
0.366 0.00994406 0.0107489 0.00945708
0.368 -0.0319673 -0.0311846 0.0223305
0.37 -0.0616276 -0.0610908 0.0345474
0.372 -0.0702257 -0.070087 0.0452047
0.374 -0.0557931 -0.0560792 0.053447
0.376 -0.0235355 -0.024136 0.0585512
0.378 0.0160691 0.0153658 0.0600055
0.38 0.0507259 0.0501611 0.0575728
0.382 0.0701919 0.0699543 0.0513302
0.384 0.0693263 0.0694854 0.0416774
0.386 0.0493944 0.0498754 0.029311
0.388 0.0172992 0.0179058 0.0151669
0.39 -0.0169051 -0.0164245 0.000335314
0.392 -0.0433214 -0.043188 -0.01404
0.394 -0.0552343 -0.0555609 -0.0268681
0.396 -0.0509063 -0.0516557 -0.0372108
0.398 -0.0336653 -0.0346569 -0.0443647
0.4 -0.0103822 -0.0113474 -0.0479179
0.402 0.0110433 0.0103773 -0.047778
0.404 0.024296 0.0241194 -0.0441681
0.406 0.0264927 0.0268537 -0.0375945
0.408 0.0187184 0.0195093 -0.0287904
0.41 0.00518752 0.00618158 -0.0186409
0.412 -0.00855861 -0.00763377 -0.00809803
0.414 -0.0177094 -0.0170855 0.00190752
0.416 -0.0197552 -0.0195534 0.0105497
0.418 -0.0150638 -0.0152634 0.0171777
0.42 -0.0063509 -0.00680585 0.0213683
0.422 0.00265577 0.00215992 0.0229541
0.424 0.00878747 0.00845634 0.0220258
0.426 0.01062 0.0105799 0.0189078
0.428 0.0088419 0.0090995 0.0141108
0.43 0.00571254 0.0061575 0.00826667
0.432 0.00388178 0.00432983 0.00205387
0.434 0.00508464 0.00534486 -0.00387718
0.436 0.00926408 0.00920635 -0.00897049
0.438 0.0144949 0.014094 -0.0128149
0.44 0.0177562 0.0170983 -0.0151738
0.442 0.0162537 0.0155039 -0.0159923
0.444 0.00875899 0.00810326 -0.015383
0.446 -0.00359627 -0.00401391 -0.0135943
0.448 -0.017439 -0.0175612 -0.0109658
0.45 -0.0282091 -0.0280767 -0.00787853
0.452 -0.0318023 -0.0315308 -0.00470386
0.454 -0.0262063 -0.025935 -0.00175897
0.456 -0.0124951 -0.0123315 0.000728178
0.458 0.00524449 0.00526605 0.00264022
0.46 0.021114 0.0210439 0.00397654
0.462 0.0293742 0.0293238 0.00484345
0.464 0.02652 0.0266133 0.0054297
0.466 0.012714 0.0130322 0.00596984
0.468 -0.00798354 -0.00744275 0.00670002
0.47 -0.0287461 -0.028079 0.00781183
0.472 -0.0421588 -0.0415302 0.00941083
0.474 -0.0427389 -0.0423296 0.0114862
0.476 -0.028945 -0.0288904 0.0138969
0.478 -0.00395714 -0.00429947 0.0163779
0.48 0.0251012 0.0244293 0.0185656
0.482 0.0493108 0.0484641 0.0200422
0.484 0.0608117 0.0599798 0.0203896
0.486 0.055434 0.0547757 0.0192498
0.488 0.0342103 0.0337986 0.0163792
0.49 0.00322378 0.00302326 0.0116922
0.492 -0.0282058 -0.028322 0.00528789
0.494 -0.0504408 -0.0506383 -0.00254521
0.496 -0.0566109 -0.0570246 -0.0113439
0.498 -0.0448595 -0.0455321 -0.020505
0.5 -0.0190059 -0.0198585 -0.0293351
0.502 0.0126144 0.0117685 -0.0371103
0.504 0.0397819 0.0391808 -0.0431415
0.506 0.0536592 0.0535133 -0.0468377
0.508 0.0496355 0.0500511 -0.0477638
0.51 0.0288165 0.0297507 -0.0456871
0.512 -0.00233007 -0.00106705 -0.0406069
0.514 -0.0340561 -0.0327484 -0.0327661
0.516 -0.0564567 -0.055397 -0.0226397
0.518 -0.0626158 -0.0620134 -0.0109027
0.52 -0.0507595 -0.0506743 0.00162343
0.522 -0.0247396 -0.0250639 0.01404
0.524 0.00728523 0.00678811 0.0254496
0.526 0.0355201 0.0351328 0.035037
0.528 0.0516743 0.0516251 0.0421416
0.53 0.051546 0.0519248 0.0463155
0.532 0.0362225 0.0369431 0.0473589
0.534 0.0115354 0.0123577 0.0453295
0.536 -0.0140029 -0.0133952 0.0405269
0.538 -0.0320604 -0.0319516 0.0334527
0.54 -0.0371798 -0.0377197 0.0247547
0.542 -0.0284307 -0.0295716 0.0151603
0.544 -0.00951505 -0.0110114 0.00540801
0.546 0.0126537 0.0111801 -0.00381675
0.548 0.0303757 0.0293247 -0.0119352
0.55 0.0377545 0.0374248 -0.0185144
0.552 0.032584 0.0330777 -0.0232909
0.554 0.016924 0.0181102 -0.0261759
0.556 -0.00377872 -0.0022289 -0.0272453
0.558 -0.0226709 -0.0211883 -0.0267148
0.56 -0.0338592 -0.0328483 -0.0249036
0.562 -0.0343418 -0.0340621 -0.0221902
0.564 -0.0248678 -0.0253594 -0.0189663
0.566 -0.009474 -0.0105521 -0.0155912
0.568 0.00608651 0.00476843 -0.0123549
0.57 0.0164368 0.0152757 -0.00945265
0.572 0.0184422 0.0177619 -0.00697328
0.574 0.0122039 0.0121583 -0.00490452
0.576 0.000861191 0.00139415 -0.00315237
0.578 -0.0106867 -0.00981456 -0.001572
0.58 -0.0176476 -0.0167752 -4.90876e-06
0.582 -0.0171065 -0.0165608 0.00168358
0.584 -0.00906408 -0.00905722 0.00357247
0.586 0.0036143 0.00304586 0.00566361
0.588 0.0162985 0.0152957 0.00787367
0.59 0.0243288 0.0231536 0.0100403
0.592 0.0247458 0.0236885 0.0119414
0.594 0.0173851 0.0166656 0.013324
0.596 0.00494011 0.00463663 0.0139396
0.598 -0.00802614 -0.00799856 0.0135802
0.6 -0.0167566 -0.0166132 0.0121119
0.602 -0.0180536 -0.0180653 0.00950143
0.604 -0.0114721 -0.0118753 0.00583269
0.606 0.000483951 -0.000437588 0.00131135
0.608 0.0132399 0.0118189 -0.00374404
0.61 0.0217979 0.0200289 -0.00892421
0.612 0.0225651 0.0206762 -0.0137635
0.614 0.0147047 0.0129231 -0.017784
0.616 0.000514996 -0.00100688 -0.0205446
0.618 -0.0153147 -0.016544 -0.0216907
0.62 -0.02732 -0.0283472 -0.0209986
0.622 -0.0311846 -0.0321869 -0.0184084
0.624 -0.0252914 -0.0264714 -0.0140409
0.626 -0.011347 -0.0128682 -0.00819612
0.628 0.00615489 0.00421301 -0.00133123
0.63 0.0214582 0.0191124 0.00597835
0.632 0.0295367 0.0268773 0.0130921
0.634 0.027857 0.0250028 0.0193654
0.636 0.0172895 0.0143375 0.0242109
0.638 0.00183393 -0.00117634 0.0271551
0.64 -0.0127586 -0.015853 0.027883
0.642 -0.0209957 -0.0242441 0.0262675
0.644 -0.019589 -0.0230643 0.0223811
0.646 -0.0086551 -0.0123882 0.0164893
0.648 0.00825814 0.00430839 0.00902787
0.65 0.0253439 0.0212945 0.000564252
0.652 0.0365186 0.0325383 -0.00825067
0.654 0.0375374 0.0338029 -0.0167387
0.656 0.0275086 0.0241583 -0.0242521
0.658 0.00927358 0.00637567 -0.0302291
0.66 -0.0114963 -0.0139491 -0.0342409
0.662 -0.0281871 -0.0302543 -0.0360265
0.664 -0.035477 -0.0372273 -0.0355115
0.666 -0.0311537 -0.0326189 -0.032808
0.668 -0.0168917 -0.0180353 -0.0281973
0.67 0.00228482 0.00157105 -0.0220958
0.672 0.0196822 0.0195516 -0.0150086
0.674 0.0291982 0.0298 -0.00747805
0.676 0.0273975 0.0288238 -3.08721e-05
0.678 0.0146932 0.0169398 0.00686792
0.68 -0.00477321 -0.00181565 0.0128502
0.682 -0.0245174 -0.0210385 0.0176658
0.684 -0.0378939 -0.0341121 0.0211884
0.686 -0.0403346 -0.0364361 0.0234074
0.688 -0.0308879 -0.026979 0.0244085
0.69 -0.0125417 -0.00862964 0.0243469
0.692 0.00877845 0.0127663 0.0234168
0.694 0.026195 0.0303607 0.0218219
0.696 0.0341785 0.0385884 0.0197492
0.698 0.0303837 0.0350104 0.0173489
0.7 0.0164027 0.0210964 0.0147226
0.702 -0.00281365 0.00168622 0.011919
0.704 -0.0206601 -0.0166756 0.00893932
0.706 -0.0311192 -0.0279574 0.00574981
0.708 -0.030778 -0.0286569 0.00230167
0.71 -0.0199423 -0.018937 -0.00144554
0.712 -0.00248095 -0.00251119 -0.0054994
0.714 0.0155327 0.0146712 -0.00981304
0.716 0.0279107 0.0264809 -0.0142703
0.718 0.030457 0.0287019 -0.0186809
0.72 0.0223729 0.0204498 -0.0227873
0.722 0.00649153 0.00443888 -0.026284
0.724 -0.0117272 -0.0139789 -0.028847
0.726 -0.0260821 -0.0286603 -0.0301707
0.728 -0.0317431 -0.0347614 -0.0300067
0.73 -0.0268695 -0.0303581 -0.0282001
0.732 -0.0131917 -0.0170531 -0.0247172
0.734 0.00462673 0.000620667 -0.0196624
0.736 0.0206127 0.0167825 -0.0132796
0.738 0.0295274 0.0262171 -0.00593981
0.74 0.0286285 0.0261282 0.00188534
0.742 0.018551 0.0170355 0.00966067
0.744 0.0030212 0.00252124 0.0168317
0.746 -0.0124808 -0.0120666 0.0228719
0.748 -0.0226328 -0.0214917 0.0273284
0.75 -0.0240901 -0.0224322 0.0298622
0.752 -0.0165939 -0.0145926 0.0302805
0.754 -0.00299898 -0.000754394 0.0285558
0.756 0.0117685 0.0142334 0.0248317
0.758 0.0224482 0.0251603 0.0194142
0.76 0.0252688 0.0282582 0.0127467
0.762 0.019227 0.0224787 0.00537254
0.764 0.00638957 0.00980977 -0.0021127
0.766 -0.00887108 -0.0054608 -0.00911493
0.768 -0.021422 -0.0182628 -0.0150952
0.77 -0.0271485 -0.0245012 -0.0196176
0.772 -0.0243458 -0.022441 -0.0223869
0.774 -0.0142514 -0.0132477 -0.0232709
0.776 -0.000548464 -0.000510002 -0.0223061
0.778 0.011967 0.0110696 -0.0196869
0.78 0.0190778 0.0173475 -0.0157394
0.782 0.0185994 0.016183 -0.010884
0.784 0.0110904 0.0081506 -0.00559132
0.786 -0.000414816 -0.00371677 -0.000336076
0.788 -0.0115402 -0.0150491 0.00444584
0.79 -0.0181531 -0.0217136 0.0083939
0.792 -0.0178312 -0.0212789 0.0112496
0.794 -0.0106956 -0.0138534 0.0128717
0.796 0.000675845 -0.00200927 0.0132399
0.798 0.0122119 0.0101689 0.0124465
0.8 0.0198323 0.018563 0.0106779
0.802 0.0209186 0.0204936 0.00818799
0.804 0.0152413 0.0156582 0.00526682
0.806 0.00501413 0.00620121 0.00220671
0.808 -0.00593857 -0.00410475 -0.000729075
0.81 -0.0135965 -0.0112649 -0.00333218
0.812 -0.0152251 -0.0125458 -0.0054663
0.814 -0.010386 -0.00749606 -0.00707355
0.816 -0.00110889 0.00186774 -0.00816976
0.818 0.00884554 0.011785 -0.00882964
0.82 0.0153697 0.0181313 -0.00916453
0.822 0.0155465 0.017961 -0.00929647
0.824 0.00877996 0.0106541 -0.00933252
0.826 -0.00289945 -0.00176053 -0.00934359
0.828 -0.0154856 -0.0152399 -0.0093505
0.83 -0.024388 -0.0251138 -0.00931933
0.832 -0.0260811 -0.0277439 -0.0091663
0.834 -0.0194255 -0.021868 -0.00877115
0.836 -0.0061806 -0.0091422 -0.007997
0.838 0.00949632 0.00633238 -0.00671382
0.84 0.022416 0.019361 -0.00482262
0.842 0.0281325 0.0254333 -0.00227724
0.844 0.0245154 0.0223164 0.000898683
0.846 0.0125626 0.0109001 0.00460171
0.848 -0.00384957 -0.00501959 0.00864703
0.85 -0.0192171 -0.0199672 0.0127762
0.852 -0.0282489 -0.0286251 0.0166741
0.854 -0.0276771 -0.0276593 0.0199944
0.856 -0.0174149 -0.016911 0.0223918
0.858 -0.000656606 0.000466816 0.0235576
0.86 0.0171347 0.0189926 0.0232557
0.862 0.0300269 0.0326466 0.0213541
0.864 0.0336088 0.0368761 0.0178483
0.866 0.0264974 0.0301389 0.012872
0.868 0.0108456 0.014458 0.00669494
0.87 -0.0083343 -0.00521215 -0.00029522
0.872 -0.0248116 -0.0226033 -0.00762303
0.874 -0.033199 -0.0321977 -0.0147658
0.876 -0.0307453 -0.0310511 -0.0211994
0.878 -0.0182594 -0.0197645 -0.0264449
0.88 0.000145629 -0.00228171 -0.0301105
0.882 0.0184044 0.0154236 -0.0319255
0.884 0.0305019 0.0273347 -0.0317623
0.886 0.0324587 0.0293903 -0.0296461
0.888 0.0236372 0.020828 -0.0257503
0.89 0.00693493 0.00442582 -0.0203801
0.892 -0.0121938 -0.0144346 -0.0139451
0.894 -0.0275537 -0.0295607 -0.00692404
0.896 -0.0342488 -0.0359949 0.000175767
0.898 -0.0302689 -0.0316312 0.0068605
0.9 -0.0171016 -0.0178726 0.0126899
0.902 0.000817352 0.000874487 0.017312
0.904 0.0176172 0.0186864 0.020489
0.906 0.0279516 0.0300822 0.0221122
0.908 0.0287466 0.0318005 0.0222042
0.91 0.0201571 0.0238054 0.020908
0.912 0.00542919 0.0092026 0.0184648
0.914 -0.0102633 -0.00688194 0.0151829
0.916 -0.0215941 -0.0190616 0.0114021
0.918 -0.0248627 -0.0234818 0.00745734
0.92 -0.0191802 -0.0190459 0.00364634
0.922 -0.00668212 -0.00768247 0.000205184
0.924 0.00827689 0.00641008 -0.00270671
0.926 0.0206474 0.018256 -0.00501078
0.928 0.0263961 0.0238083 -0.0067036
0.93 0.0238197 0.0212845 -0.00784304
0.932 0.0140287 0.01169 -0.00852898
0.934 0.000462614 -0.00162398 -0.00888152
0.936 -0.012365 -0.0141853 -0.00901954
0.938 -0.0204365 -0.0219622 -0.00904218
0.94 -0.0215658 -0.0227143 -0.00901501
0.942 -0.0160486 -0.0166758 -0.00896238
0.944 -0.00642923 -0.00635889 -0.00886637
0.946 0.00350456 0.00442365 -0.00867246
0.948 0.0101193 0.0119496 -0.00830107
0.95 0.011223 0.0138908 -0.00766375
0.952 0.00678884 0.0100721 -0.00668189
0.954 -0.00112401 0.00243446 -0.00530557
0.956 -0.00920066 -0.00575952 -0.00352993
0.958 -0.014133 -0.0111717 -0.00140618
0.96 -0.0138475 -0.011623 0.000954679
0.962 -0.00825354 -0.00687106 0.00338673
0.964 0.00074873 0.00134263 0.00568273
0.966 0.00999452 0.00997948 0.00761513
0.968 0.0162376 0.0158622 0.00896202
0.97 0.0173526 0.0168726 0.00953484
0.972 0.0131139 0.012745 0.00920403
0.974 0.00526381 0.00516177 0.00791937
0.976 -0.0031532 -0.00288338 0.0057222
0.978 -0.00894445 -0.00822169 0.00274785
0.98 -0.00998404 -0.00872261 -0.000782017
0.982 -0.00603692 -0.00413312 -0.0045766
0.984 0.00112084 0.00377697 -0.00830081
0.986 0.00834291 0.0118323 -0.0116055
0.988 0.0122932 0.0166212 -0.0141601
0.99 0.0107402 0.0157982 -0.0156848
0.992 0.0034873 0.00903978 -0.0159793
0.994 -0.00742024 -0.00171055 -0.0149449
0.996 -0.0183149 -0.0128268 -0.0125982
0.998 -0.0251597 -0.0202315 -0.00907502
