    2.9923177995e+02    4.8518615552e+02   -1.1638290783e+05   -2.9545731417e-03   -4.5292228085e-03   -4.6820346988e-04    2.7629351816e-04    2.8960291196e-04    1.3446324128e-03    1.3772320051e+02    2.3850600349e+02    2.0680000000e+02
    2.9968600232e+02    4.8592264949e+02   -1.1638772601e+05    4.2614007448e-03    8.1757445935e-03   -2.4612429488e-04    2.2712705998e-05    5.1168215557e-04   -1.6654558843e-04    1.3771068263e+02    2.3836163934e+02    2.0680000000e+02
    3.0362481208e+02    4.9230919028e+02   -1.1638938947e+05    3.7177110067e-03   -1.0324824010e-04   -2.0742431511e-04    3.3847200856e-04   -3.2055716277e-04    1.3167876714e-03    1.3767777606e+02    2.3840851037e+02    2.0680000000e+02
    3.0101643948e+02    4.8807987254e+02   -1.1639080445e+05    4.1065953138e-04    2.6621974256e-03   -1.9918796628e-04    3.4970732930e-04    1.2775361520e-05    4.2856355965e-03    1.3771150823e+02    2.3850019478e+02    2.0680000000e+02
    2.9398889234e+02    4.7668513172e+02   -1.1639289275e+05    5.1339488735e-03    4.4087228130e-03   -1.1317091206e-04   -4.7707987117e-04    4.5745786715e-04    8.3337770904e-04    1.3768583169e+02    2.3855901967e+02    2.0680000000e+02
    3.0208107420e+02    4.8980611307e+02   -1.1639858613e+05    1.1287157985e-02   -1.4751643530e-03    5.2918138499e-07    5.0345985913e-04    1.0690661004e-04   -2.0226883406e-03    1.3767405315e+02    2.3856336981e+02    2.0680000000e+02
    2.9650648773e+02    4.8076725971e+02   -1.1639663426e+05    7.3358282533e-03    1.6165116459e-03   -6.0693595945e-05   -9.0213631837e-05    3.1925720596e-04   -1.0371740558e-03    1.3767010524e+02    2.3849289215e+02    2.0680000000e+02
    2.9688282818e+02    4.8137747289e+02   -1.1639257817e+05    8.0127698863e-03    4.6093739216e-03   -4.4437124568e-05    5.3585354297e-05   -3.4761424004e-05   -5.5720254651e-04    1.3770652277e+02    2.3856604303e+02    2.0680000000e+02
    2.9769543938e+02    4.8269507259e+02   -1.1638237020e+05   -7.1338924377e-04    2.8302475477e-03   -3.5249349182e-04    7.6306856457e-05    1.9426426470e-04    1.7896920321e-04    1.3776608899e+02    2.3855789817e+02    2.0680000000e+02
    3.0060341300e+02    4.8741017518e+02   -1.1638655648e+05    2.2823839004e-04   -3.0963071353e-03   -2.8121452439e-04   -4.0703227398e-04    2.2718509235e-04    8.5047127106e-04    1.3776969885e+02    2.3863487050e+02    2.0680000000e+02
    2.9811315948e+02    4.8337238037e+02   -1.1639333263e+05    5.4491031827e-03   -4.4200756759e-03   -1.2412378690e-04    1.6858086490e-04    2.0669712212e-04   -1.5004808187e-04    1.3773007481e+02    2.3876813193e+02    2.0680000000e+02
    2.9867173639e+02    4.8427807889e+02   -1.1639036258e+05   -3.3816873920e-03   -5.7497638030e-03   -1.1254213004e-04    1.5008653851e-04    6.9565332615e-04   -1.2111237314e-03    1.3778518540e+02    2.3872058630e+02    2.0680000000e+02
    2.9764983981e+02    4.8262113567e+02   -1.1639063085e+05    1.5666691653e-03   -2.6184591872e-03   -1.5380131636e-04    5.8147448472e-04   -3.8604152397e-04   -1.2641013492e-03    1.3776073855e+02    2.3864725491e+02    2.0680000000e+02
    3.0288317807e+02    4.9110667578e+02   -1.1638806577e+05    7.6378068795e-04    4.7633422933e-04   -1.3845259358e-04    3.6456887691e-05   -2.1310937655e-04    2.4918809033e-03    1.3777239374e+02    2.3860974454e+02    2.0680000000e+02
    3.0096534030e+02    4.8799701832e+02   -1.1639042153e+05    1.7446935296e-03   -5.8501696017e-04   -7.9974348429e-05   -1.1124802396e-04    2.9811928700e-04    1.4593645939e-03    1.3778514546e+02    2.3862423256e+02    2.0680000000e+02
    2.9706281890e+02    4.8166931691e+02   -1.1639125809e+05    5.0520020978e-03   -2.6484449373e-03   -8.8501920046e-05   -2.2041836378e-04    2.1613117204e-04   -1.8790842111e-03    1.3772859343e+02    2.3864633681e+02    2.0680000000e+02
    3.0067422951e+02    4.8752499987e+02   -1.1638920103e+05    9.9127380984e-03   -2.9148333315e-03   -7.0315288271e-05   -3.4532067647e-04    4.2075612388e-04   -1.5808476670e-04    1.3770681118e+02    2.3870511004e+02    2.0680000000e+02
    2.9879844260e+02    4.8448352533e+02   -1.1638813173e+05    6.6654034378e-03   -1.0554520077e-03   -9.7898282440e-05    1.4002536027e-04    1.9441192329e-04   -7.3365889288e-04    1.3774440595e+02    2.3861718034e+02    2.0680000000e+02
    2.9707081625e+02    4.8168228413e+02   -1.1639180545e+05    3.8875268274e-03    1.6883582361e-03   -2.1179166367e-04   -2.7713947413e-05    4.3494346645e-05   -8.2548269240e-04    1.3776188708e+02    2.3855898708e+02    2.0680000000e+02
    2.9622192101e+02    4.8030585206e+02   -1.1638925230e+05    2.4974803515e-03    1.1124412144e-03   -1.3952477637e-05   -1.2838932263e-04   -1.2397820090e-04   -8.6425120559e-04    1.3781527788e+02    2.3858123653e+02    2.0680000000e+02
    3.0123198820e+02    4.8842937170e+02   -1.1638537758e+05   -6.1858185023e-04   -5.0402044297e-04   -1.2420372233e-04   -3.9394062689e-04    9.0298861022e-05    5.2143166396e-05    1.3782764955e+02    2.3860435241e+02    2.0680000000e+02
    3.0088235152e+02    4.8786245706e+02   -1.1638858157e+05   -6.8669979432e-03   -7.9608507341e-03   -1.4174359349e-05   -2.7740858715e-04   -1.7265151752e-04    1.0603843362e-03    1.3786665477e+02    2.3873756645e+02    2.0680000000e+02
    3.0017799256e+02    4.8672038178e+02   -1.1639722579e+05   -1.0743232639e-03   -6.1357774360e-03    6.7256454453e-05    1.3017697325e-04   -8.7429313940e-06    2.2549161169e-04    1.3782460991e+02    2.3873820034e+02    2.0680000000e+02
    2.9596475565e+02    4.7988887406e+02   -1.1638559203e+05   -2.4907046042e-03   -7.4676363024e-03   -2.6936280341e-04    3.2484657917e-04    1.4342842771e-04   -1.1786210591e-03    1.3782354591e+02    2.3869467344e+02    2.0680000000e+02
    2.9618849301e+02    4.8025165059e+02   -1.1638687538e+05    4.4328001466e-03    6.9430102866e-04   -2.4504930798e-04   -1.5521785324e-04   -1.7054588753e-04    7.7229284084e-04    1.3778413793e+02    2.3868017338e+02    2.0680000000e+02
    2.9748030654e+02    4.8234624776e+02   -1.1638517078e+05   -3.3425104758e-04   -1.2992513900e-03   -2.2804669257e-04    2.5753935110e-04    3.0648803191e-04    4.3791865774e-04    1.3781105739e+02    2.3870997004e+02    2.0680000000e+02
    3.0036055038e+02    4.8701638821e+02   -1.1638725366e+05   -4.2788779258e-04   -4.2801516619e-03    8.7112546710e-05   -5.5035381566e-04    4.7746630340e-04    1.1655813337e-03    1.3783371224e+02    2.3864030845e+02    2.0680000000e+02
    2.9974557193e+02    4.8601923800e+02   -1.1639061219e+05   -2.2636505942e-03    2.0890629989e-03   -1.0017580928e-04    3.8799046173e-04   -1.0234322685e-04   -1.2146793872e-03    1.3786002654e+02    2.3864152170e+02    2.0680000000e+02
    2.9982885013e+02    4.8615426855e+02   -1.1639054584e+05    2.0630161994e-03    4.2174516552e-03    1.6730623627e-05   -3.3891545104e-04   -1.0527002603e-06    1.6645271381e-03    1.3781634656e+02    2.3863419851e+02    2.0680000000e+02
    2.9937481280e+02    4.8541807459e+02   -1.1639103992e+05    4.4423790651e-04   -8.8604658582e-04    4.9510257247e-05    5.9657960331e-05    1.4412785660e-04    1.2727428903e-03    1.3784061719e+02    2.3868867352e+02    2.0680000000e+02
    2.9950994008e+02    4.8563717528e+02   -1.1638640636e+05    2.0147042614e-04   -2.7093380166e-04   -1.8935848237e-04    2.7347782949e-04    1.4460336669e-04   -5.3308066883e-04    1.3782238153e+02    2.3862433486e+02    2.0680000000e+02
    2.9653180043e+02    4.8080830272e+02   -1.1639037249e+05   -1.4793810742e-05    7.0448276908e-03    5.8279173795e-05    5.9163055251e-05   -1.7359266487e-05    5.8084806005e-04    1.3781109538e+02    2.3856461126e+02    2.0680000000e+02
    3.0092380177e+02    4.8792966613e+02   -1.1639017956e+05   -5.4095542808e-03   -1.2201794953e-03   -2.7762854816e-05   -1.5420943337e-05    3.1548338066e-04    1.1580419219e-03    1.3783286142e+02    2.3861087857e+02    2.0680000000e+02
    3.0247306690e+02    4.9044170543e+02   -1.1638407986e+05   -2.5088416767e-03   -4.4634670268e-04   -2.7067825406e-04    1.7656776306e-04   -1.1712358387e-04    1.3703707270e-04    1.3785632222e+02    2.3860238849e+02    2.0680000000e+02
    3.0221256861e+02    4.9001932327e+02   -1.1638498266e+05   -8.7308288075e-05   -3.4127307915e-03   -1.6280378626e-04    1.0638531708e-06    5.0579731593e-04   -5.4110496787e-04    1.3783978421e+02    2.3868068432e+02    2.0680000000e+02
    3.0336651474e+02    4.9189037683e+02   -1.1638959291e+05    5.3909390904e-04    1.5807066948e-03   -1.1723765132e-05    9.4928482896e-05    1.5524304231e-04   -8.1500958825e-04    1.3783466976e+02    2.3868343469e+02    2.0680000000e+02
    2.9991673796e+02    4.8629677333e+02   -1.1638464438e+05    1.8106690971e-03   -1.7605901752e-03   -4.7736116903e-05    1.7719967128e-04    3.3418630380e-04    8.0836479502e-04    1.3782356873e+02    2.3871318005e+02    2.0680000000e+02
    3.0393693591e+02    4.9281528010e+02   -1.1638970613e+05    1.5852720022e-03    3.8473720042e-05    5.1316987191e-05    3.4952326660e-04   -3.2736361488e-06    1.3406362729e-03    1.3784324080e+02    2.3862281656e+02    2.0680000000e+02
    3.0017316456e+02    4.8671255347e+02   -1.1639427065e+05   -1.0093567468e-03   -2.0872222413e-03   -9.1735859781e-06   -3.2459443254e-04    1.0944665558e-04   -1.9243777282e-04    1.3784918793e+02    2.3869756396e+02    2.0680000000e+02
    2.9959798718e+02    4.8577993829e+02   -1.1639040424e+05    6.0169354716e-05   -1.9333215622e-03   -4.0321999608e-05   -1.3097136224e-05    5.1946552892e-04   -8.1873652945e-04    1.3783947724e+02    2.3873551842e+02    2.0680000000e+02
    2.9928661733e+02    4.8527507100e+02   -1.1638961451e+05   -5.1783487487e-03    1.0759180855e-03   -1.1358971605e-04   -1.4422426072e-04    6.4310912605e-05   -1.0632751088e-03    1.3787247614e+02    2.3862072406e+02    2.0680000000e+02
    2.9703715735e+02    4.8162770827e+02   -1.1639415584e+05    2.6207706123e-03   -6.4652882595e-03   -1.2676190287e-04   -6.8961699320e-05   -1.2678639049e-04    1.1517563451e-04    1.3782697822e+02    2.3876801219e+02    2.0680000000e+02
    3.0117737438e+02    4.8834081871e+02   -1.1638600841e+05   -3.2340321408e-03    2.6191553365e-04    1.2651701066e-05    9.6025373362e-05    1.2533914510e-04   -1.1849752818e-03    1.3784960367e+02    2.3870874647e+02    2.0680000000e+02
    3.0038722934e+02    4.8705964651e+02   -1.1638671091e+05   -3.8987836936e-04   -1.7208798639e-03   -2.1746576267e-04    1.9889589518e-05    9.7163918308e-06   -4.4886672008e-04    1.3781608248e+02    2.3874277367e+02    2.0680000000e+02
    3.0061089492e+02    4.8742230667e+02   -1.1639163307e+05    6.5513530072e-04   -2.5902706251e-03   -3.9095270674e-06    2.2185615893e-04   -2.3308797965e-04    5.4681660452e-04    1.3783784750e+02    2.3868972959e+02    2.0680000000e+02
    3.0163331773e+02    4.8908010316e+02   -1.1639274549e+05    1.5482130035e-03    1.2033805374e-03    1.5853497184e-05    1.8847182008e-04    2.5542389715e-05   -2.2890005601e-03    1.3783648943e+02    2.3863989785e+02    2.0680000000e+02
    2.9875813106e+02    4.8441816261e+02   -1.1639137597e+05    1.6540650132e-03    5.5080007412e-03   -8.7623999761e-05   -3.9198001189e-04   -1.7509055084e-05   -2.4010440206e-03    1.3783008722e+02    2.3865118987e+02    2.0680000000e+02
    3.0363489676e+02    4.9232554197e+02   -1.1638937179e+05    9.3141071663e-04    5.5167318968e-04   -8.5449408359e-05   -4.9523983878e-04    2.5291786878e-05   -6.4277764556e-04    1.3784064035e+02    2.3867866128e+02    2.0680000000e+02
    2.9738268151e+02    4.8218795471e+02   -1.1638616757e+05    1.4090153795e-03   -1.6053302024e-03   -1.4947373910e-04    2.8647074246e-05   -3.2656957431e-04   -1.8500571481e-03    1.3782001601e+02    2.3864470359e+02    2.0680000000e+02
    3.0097694943e+02    4.8801584182e+02   -1.1637882094e+05   -7.2099192803e-03   -2.3922746204e-03   -2.7418015245e-04    1.3372939156e-04   -1.0416396992e-04   -4.9008882159e-04    1.3790790864e+02    2.3865402451e+02    2.0680000000e+02
    2.9836362996e+02    4.8377850304e+02   -1.1638807207e+05   -7.7644236910e-03   -2.5010732305e-03   -5.8674376923e-05    4.0845698246e-04   -1.6220336803e-04    3.2885497046e-03    1.3790400773e+02    2.3867289144e+02    2.0680000000e+02
    2.9673414867e+02    4.8113639811e+02   -1.1638985292e+05    5.4433869522e-04    1.1562344851e-03   -8.8313204917e-05    1.8105299448e-04    1.1524195829e-04    5.8522962429e-04    1.3783518989e+02    2.3865377396e+02    2.0680000000e+02
    2.9914280755e+02    4.8504189217e+02   -1.1638962731e+05    1.0310295969e-03   -9.7386280274e-05    8.0040605590e-05   -1.1704892306e-04   -2.6872344281e-04   -1.0017204741e-03    1.3784140157e+02    2.3873436028e+02    2.0680000000e+02
    3.0362404046e+02    4.9230793913e+02   -1.1639091699e+05    2.2120355183e-03    6.3800664214e-03   -6.7694853602e-05    1.9168135114e-04    1.4172606215e-05    8.6063305442e-05    1.3783279658e+02    2.3864928911e+02    2.0680000000e+02
    2.9716162173e+02    4.8182951970e+02   -1.1638802625e+05   -2.5692528416e-03    3.6732355388e-04   -1.1240798389e-04   -7.1189278194e-05   -3.0025002608e-04   -1.6131038952e-03    1.3784072129e+02    2.3865616699e+02    2.0680000000e+02
    2.9723124799e+02    4.8194241445e+02   -1.1639336145e+05    8.9472287668e-03    8.4904644922e-03    7.2191704700e-05    1.1913489952e-04   -2.0064424415e-04   -1.9400839174e-03    1.3778159665e+02    2.3862139867e+02    2.0680000000e+02
    3.0406676079e+02    4.9302578326e+02   -1.1638202925e+05   -2.0744554575e-04    5.8586395619e-03   -9.3277400414e-05   -2.9499742784e-04   -9.8863317264e-05   -5.3757985947e-04    1.3780745322e+02    2.3855636441e+02    2.0680000000e+02
    2.9925660926e+02    4.8522641473e+02   -1.1639493576e+05    5.5243184496e-03    1.4005120482e-04    7.5053026361e-05    3.8637839403e-04   -3.2620123406e-04    6.2197789181e-04    1.3777259782e+02    2.3865181354e+02    2.0680000000e+02
    3.0283950699e+02    4.9103586577e+02   -1.1639237230e+05   -4.0615024130e-03   -3.3542168113e-03   -4.3074603012e-08   -1.9912138962e-04    1.2484201392e-04    1.0823073291e-04    1.3783426902e+02    2.3866377611e+02    2.0680000000e+02
    3.0102149988e+02    4.8808807768e+02   -1.1638985838e+05   -1.0027056892e-03    2.2399829484e-03    1.0523238762e-04   -9.9043929281e-05    6.2267783518e-04   -3.4345362464e-04    1.3786287816e+02    2.3870016927e+02    2.0680000000e+02
    2.9585279875e+02    4.7970734274e+02   -1.1638905113e+05   -1.3453838170e-03   -1.3494675033e-03   -1.5435947804e-04    4.8762619008e-05    1.3190192131e-04   -2.7182188220e-05    1.3783073252e+02    2.3870102732e+02    2.0680000000e+02
    2.9879207866e+02    4.8447320658e+02   -1.1639164805e+05    6.1035285296e-04   -4.6233286391e-03   -2.5205609386e-05    1.2541246339e-04    3.8236262316e-04   -1.5768186250e-03    1.3781247814e+02    2.3872162573e+02    2.0680000000e+02
    3.0139089436e+02    4.8868702838e+02   -1.1638793483e+05   -6.2518257367e-03   -1.0666533466e-03   -1.1172547035e-04    4.2084602335e-05   -4.3368058329e-05   -1.8120768005e-03    1.3784995184e+02    2.3869232017e+02    2.0680000000e+02
    3.0169113452e+02    4.8917384957e+02   -1.1638372241e+05    1.5129774162e-03   -5.4169381450e-03    5.6190566475e-05   -9.0479450938e-05   -2.0837664621e-04    3.9700793762e-04    1.3783060804e+02    2.3874895854e+02    2.0680000000e+02
    3.0199709201e+02    4.8966994106e+02   -1.1639019909e+05   -1.0786871482e-03   -4.8172385539e-03   -1.2947155844e-04   -1.8467720859e-04    6.0586942721e-05    1.0246585840e-04    1.3783042395e+02    2.3876272327e+02    2.0680000000e+02
    2.9858131974e+02    4.8413147379e+02   -1.1638417235e+05    1.6159621964e-03    2.4851929813e-03   -1.1783956908e-04    8.3796022321e-05    1.2703564662e-04    1.1971688905e-03    1.3782583195e+02    2.3868467643e+02    2.0680000000e+02
    3.0253946326e+02    4.9054936310e+02   -1.1639218532e+05   -4.6991960936e-03   -9.5273082527e-04    8.4553612839e-05   -1.1347573717e-04    2.7439388322e-04    1.8518849357e-03    1.3785517679e+02    2.3873369241e+02    2.0680000000e+02
    2.9932819521e+02    4.8534248700e+02   -1.1638690758e+05   -2.6565513647e-03   -1.5718974573e-03   -2.9750796743e-04    2.3930813034e-05   -2.2949693539e-05    2.8234924849e-03    1.3783431250e+02    2.3877878629e+02    2.0680000000e+02
    2.9651029559e+02    4.8077343392e+02   -1.1638934369e+05   -3.5444495023e-03    9.9021783291e-04   -2.1064360649e-05   -1.0062499950e-04   -6.3139178329e-05    1.9219660687e-03    1.3785348386e+02    2.3877225439e+02    2.0680000000e+02
    3.0254049221e+02    4.9055103147e+02   -1.1639360229e+05    7.3319215891e-04   -7.1145420727e-04    1.6346456144e-04   -3.7251355561e-04    1.0576156983e-04    2.0849398913e-03    1.3783461342e+02    2.3865362744e+02    2.0680000000e+02
    3.0510632852e+02    4.9471137920e+02   -1.1638935763e+05    2.3745120487e-03    4.5702697797e-03    3.1899503762e-05   -2.5444486727e-04   -1.4192269615e-04   -7.8567287232e-04    1.3781390653e+02    2.3867248799e+02    2.0680000000e+02
    3.0037146618e+02    4.8703408751e+02   -1.1638573716e+05    4.3248527273e-03   -1.8688499161e-03    1.7468089023e-06    3.2910838291e-04   -1.2194975700e-04   -2.0006873557e-03    1.3780671959e+02    2.3873104431e+02    2.0680000000e+02
    2.9740313289e+02    4.8222111538e+02   -1.1638955428e+05    2.4653230982e-03   -1.0012454286e-03   -2.1972843683e-04   -2.5768203416e-04    5.0901564544e-05   -8.9217866184e-04    1.3778812336e+02    2.3865781701e+02    2.0680000000e+02
    3.0038413445e+02    4.8705462834e+02   -1.1638188837e+05   -2.9832315180e-03    1.7764908736e-03   -1.1384304530e-04    1.5564763045e-04   -4.8267659749e-04    1.0221342020e-04    1.3781438890e+02    2.3867794383e+02    2.0680000000e+02
    3.0130233653e+02    4.8854343725e+02   -1.1638751645e+05    2.6246128767e-03    4.3290910450e-03   -9.0396905925e-05    2.5956740666e-04    1.7833411366e-04   -6.2161814933e-04    1.3779849459e+02    2.3862237133e+02    2.0680000000e+02
    2.9968344639e+02    4.8591850521e+02   -1.1639122182e+05    4.6175990037e-03    3.4127473759e-03   -1.3055623259e-04   -4.6542087732e-05   -1.0115465614e-04   -1.1049027624e-03    1.3778217722e+02    2.3865246315e+02    2.0680000000e+02
    2.9636553578e+02    4.8053871470e+02   -1.1638900667e+05    1.9653026709e-03    6.7688669205e-03   -3.2941597566e-05    2.0989838983e-04   -1.1845124725e-04   -6.4470802866e-04    1.3780004558e+02    2.3865801806e+02    2.0680000000e+02
    2.9839006383e+02    4.8382136395e+02   -1.1638933018e+05    4.6189444789e-03   -2.4942712194e-03   -3.5556003156e-05    3.7603669739e-04    1.7214077426e-04   -1.0887463779e-03    1.3778507894e+02    2.3872276372e+02    2.0680000000e+02
    3.0046401673e+02    4.8718415261e+02   -1.1638467986e+05    1.2823465854e-03   -1.5168993112e-03   -3.0613676041e-05   -3.3064187351e-05   -4.6605865656e-04   -3.7640501543e-04    1.3781977517e+02    2.3869684071e+02    2.0680000000e+02
    3.0014007239e+02    4.8665889653e+02   -1.1638662973e+05    3.7855618429e-03    4.8172367307e-04    4.0230715301e-05   -2.7323647283e-04    1.7359567208e-04    1.4888745923e-04    1.3778338279e+02    2.3870656356e+02    2.0680000000e+02
    2.9849708351e+02    4.8399488987e+02   -1.1638852867e+05    2.0157747395e-04    2.8312265078e-03   -1.0598194737e-04   -8.8649907648e-05   -2.3134881706e-04    2.2826373386e-04    1.3786120198e+02    2.3865840002e+02    2.0680000000e+02
    3.0129245942e+02    4.8852742211e+02   -1.1639309355e+05    4.5767529710e-03    2.4122006711e-05    7.5998103911e-05    4.5517335851e-04    2.5564953807e-04   -1.5490575124e-04    1.3782417372e+02    2.3867733505e+02    2.0680000000e+02
    2.9890865026e+02    4.8466222035e+02   -1.1639127761e+05    7.6026472754e-04    3.2917798875e-03    7.9741928218e-05    9.0035850381e-05    3.5803703728e-04   -1.0097555084e-03    1.3784500281e+02    2.3863876617e+02    2.0680000000e+02
    3.0158971016e+02    4.8900939612e+02   -1.1639160851e+05    5.5709143321e-03    1.8143391057e-03    6.2285931165e-05   -2.3387394685e-04   -3.9322389777e-04    1.0460239642e-03    1.3781467101e+02    2.3872245719e+02    2.0680000000e+02
    3.0596100891e+02    4.9609719154e+02   -1.1638773033e+05    1.8870078887e-03   -1.2182544354e-03   -8.2736731579e-05   -4.4744400612e-04   -1.4665115798e-04    9.5592944401e-04    1.3784211507e+02    2.3873423537e+02    2.0680000000e+02
    2.9890762575e+02    4.8466055917e+02   -1.1638899099e+05   -1.0877661223e-03   -4.4756064792e-03    2.2641080833e-05   -1.5356805645e-04    7.7340258523e-05   -7.1015074811e-05    1.3785287991e+02    2.3879666891e+02    2.0680000000e+02
    2.9870770921e+02    4.8433640664e+02   -1.1638659615e+05   -5.2227363877e-04   -2.2571933805e-03   -1.0168652988e-04    3.5131922886e-04   -4.6299208237e-04    2.7869133349e-04    1.3786405288e+02    2.3876159648e+02    2.0680000000e+02
    2.9950288055e+02    4.8562572868e+02   -1.1639007651e+05   -1.4312944746e-03   -3.1091897794e-03    1.4104481652e-05   -7.0269413089e-05    5.3271985145e-05   -1.7889302655e-03    1.3784609213e+02    2.3878992487e+02    2.0680000000e+02
    3.0252974625e+02    4.9053360754e+02   -1.1638460658e+05   -5.2457323788e-03   -1.6537248876e-03   -1.2723875180e-04    3.2253478347e-05   -2.8458623103e-04    9.7507631425e-04    1.3789467298e+02    2.3878687714e+02    2.0680000000e+02
    2.9885851598e+02    4.8458093066e+02   -1.1638745187e+05   -8.2483832823e-04   -3.2043944409e-03    6.6295041260e-07    2.5977034685e-04    2.5351358258e-04   -5.3852920764e-04    1.3788260593e+02    2.3881279215e+02    2.0680000000e+02
    3.0155480376e+02    4.8895279752e+02   -1.1638744956e+05   -2.8543709996e-03   -3.7262758604e-04   -9.1452777014e-05    1.0424758137e-04   -2.8269483137e-05    3.5918929675e-04    1.3788263816e+02    2.3873360142e+02    2.0680000000e+02
    2.9577228920e+02    4.7957680140e+02   -1.1638588509e+05   -2.2920205994e-03    2.6757853656e-03   -5.9436657243e-05   -3.6567050362e-04   -2.8707660837e-05   -9.5006840106e-04    1.3786905076e+02    2.3865635619e+02    2.0680000000e+02
    2.9593023340e+02    4.7983289832e+02   -1.1639060076e+05   -5.2938235464e-03   -2.7803271185e-03   -1.1903125922e-04   -3.4706762291e-04   -4.2661688650e-04   -1.8583854574e-03    1.3789692737e+02    2.3871582707e+02    2.0680000000e+02
    3.0109576085e+02    4.8820848732e+02   -1.1639188750e+05   -4.4636229211e-03    1.1338634633e-03    1.9124261635e-05   -1.0350666722e-04    5.9791454230e-05    3.8218038336e-04    1.3788571146e+02    2.3867331187e+02    2.0680000000e+02
    3.0192075296e+02    4.8954616192e+02   -1.1638946355e+05    3.4747956224e-03    1.0094359480e-03    1.6634746377e-06   -2.2696164136e-04   -1.2087274200e-04    5.2543710970e-04    1.3783159127e+02    2.3875114376e+02    2.0680000000e+02
    2.9264068515e+02    4.7449909565e+02   -1.1638232223e+05    6.8914235926e-03   -2.5941462846e-04   -1.3258572439e-04    1.0925788018e-05   -2.1749535629e-04   -2.5950635741e-04    1.3777937945e+02    2.3881576504e+02    2.0680000000e+02
    2.9622020379e+02    4.8030306770e+02   -1.1638451490e+05    2.6589941193e-03   -3.6989955293e-03   -1.3977697964e-04    2.5819122100e-05   -1.4029538028e-05   -1.0675400940e-03    1.3780198700e+02    2.3879798336e+02    2.0680000000e+02
    2.9793077704e+02    4.8307665833e+02   -1.1638955478e+05   -1.3430350107e-03    1.0579912427e-03   -1.0916916295e-04   -4.4926227322e-04    1.1000973364e-04   -8.2509698065e-04    1.3780398365e+02    2.3879525853e+02    2.0680000000e+02
    3.0032321476e+02    4.8695585076e+02   -1.1639243826e+05    6.1478114445e-03    3.0497575825e-04    2.4567485831e-05    6.2422759684e-05   -1.2723664212e-04    7.0392339898e-04    1.3776037873e+02    2.3878776006e+02    2.0680000000e+02
    3.0255879300e+02    4.9058070509e+02   -1.1638430216e+05    6.0713020207e-04   -8.1160686534e-04   -8.8714467884e-05    5.7780054778e-04   -3.8342209692e-04    3.8914686530e-04    1.3782928408e+02    2.3876982870e+02    2.0680000000e+02
