0.6 66.0545 71.1086 786.741
1.2 70.9151 76.0785 770.23
1.8 78.8453 84.1626 744.787
2.4 89.5926 95.0718 713.204
3 102.816 108.424 678.8
3.6 118.104 123.772 644.965
4.2 135.012 140.642 614.712
4.8 153.099 158.579 590.325
5.4 171.976 177.195 573.146
6 191.345 196.205 563.532
6.6 211.026 215.447 560.961
7.2 230.955 234.878 564.267
7.8 251.165 254.549 571.942
8.4 271.75 274.565 582.441
9 292.812 295.035 594.433
9.6 314.432 316.037 606.968
10.2 336.642 337.605 619.531
10.8 359.433 359.735 631.993
11.4 382.777 382.411 644.498
12 406.662 405.649 657.312
12.6 431.127 429.521 670.693
13.2 456.276 454.175 684.801
13.8 482.267 479.808 699.679
14.4 509.275 506.635 715.289
15 537.448 534.821 731.592
15.6 566.859 564.44 748.631
16.2 597.491 595.452 766.583
16.8 629.261 627.727 785.75
17.4 662.087 661.119 806.495
18 695.996 695.578 829.127
18.6 731.237 731.272 853.773
19.2 768.375 768.7 880.306
19.8 808.343 808.74 908.356
20.4 852.406 852.635 937.456
21 902.063 901.888 967.297
21.6 958.877 958.099 998.075
22.2 1024.27 1022.76 1030.83
22.8 1099.32 1097.03 1067.67
23.4 1184.59 1181.58 1111.81
24 1280 1276.42 1167.25
24.6 1384.75 1380.86 1238.23
25.2 1497.33 1493.44 1328.3
25.8 1615.48 1611.95 1439.32
26.4 1736.21 1733.39 1570.51
27 1855.81 1854.01 1717.63
27.6 1969.85 1969.31 1872.8
28.2 2073.33 2074.18 2024.8
28.8 2160.84 2163.07 2160.05
29.4 2226.93 2230.42 2264.16
30 2266.66 2271.16 2323.85
30.6 2276.29 2281.47 2328.91
31.2 2254 2259.43 2273.91
31.8 2200.52 2205.79 2159.31
32.4 2119.59 2124.29 1991.76
33 2018 2021.77 1783.49
33.6 1905.11 1907.7 1550.88
34.2 1791.95 1793.2 1312.39
34.8 1689.87 1689.74 1086.17
35.4 1608.93 1607.49 887.867
36 1556.38 1553.77 728.708
36.6 1535.37 1531.83 614.431
37.2 1544.26 1540.05 544.983
37.8 1576.63 1572.01 515.067
38.4 1621.97 1617.21 515.373
39 1667.12 1662.46 534.231
39.6 1698.11 1693.72 559.419
40.2 1702.06 1698.1 579.829
40.8 1669.05 1665.62 586.786
41.4 1593.46 1590.59 574.878
42 1474.67 1472.39 542.258
42.6 1317.2 1315.48 490.443
43.2 1130.1 1128.9 423.712
43.8 925.963 925.214 348.219
44.4 719.644 719.268 270.941
45 526.907 526.813 198.615
45.6 363.168 363.256 136.767
46.2 242.408 242.576 88.9576
46.8 176.297 176.44 56.359
47.4 173.492 173.509 37.7397
48 239.086 238.886 29.9114
48.6 374.188 373.692 28.6195
49.2 575.651 574.799 29.7808
49.8 836.016 834.77 30.8804
50.4 1143.74 1142.09 32.2668
51 1483.82 1481.77 38.0487
51.6 1838.8 1836.38 56.3194
52.2 2190.12 2187.39 98.525
52.8 2519.82 2516.84 177.947
53.4 2812.16 2808.99 307.451
54 3055.18 3051.87 496.842
54.6 3241.84 3238.43 750.296
55.2 3370.58 3367.11 1064.38
55.8 3445.34 3441.8 1427.14
56.4 3474.91 3471.29 1818.52
57 3471.86 3468.12 2212.19
57.6 3451.16 3447.25 2578.55
58.2 3428.68 3424.55 2888.46
58.8 3419.82 3415.45 3117.09
59.4 3438.25 3433.63 3247.26
60 3494.89 3490.07 3271.65
60.6 3597.09 3592.15 3193.75
61.2 3747.93 3743.01 3027.3
61.8 3945.75 3941.02 2794.48
62.4 4183.78 4179.48 2523.4
63 4450.15 4446.51 2245.18
63.6 4728.19 4725.44 1991.21
64.2 4997.32 4995.67 1790.91
64.8 5234.53 5234.12 1670.07
65.4 5416.39 5417.3 1649.68
66 5521.45 5523.69 1745.06
66.6 5532.82 5536.29 1965.06
67.2 5440.34 5444.86 2311.09
67.8 5242.19 5247.54 2776.05
68.4 4945.49 4951.38 3343.32
69 4565.7 4571.83 3986.17
69.6 4124.87 4130.95 4668.12
70.2 3649.01 3654.79 5344.57
70.8 3164.97 3170.24 5965.89
71.4 2697.24 2701.86 6481.89
72 2265.41 2269.31 6847.22
72.6 1882.42 1885.59 7026.9
73.2 1554.07 1556.55 7001.16
73.8 1279.62 1281.5 6768.57
74.4 1053.33 1054.7 6346.91
75 866.571 867.543 5771.39
75.6 709.993 710.666 5090.4
76.2 575.397 575.856 4359.38
76.8 456.945 457.258 3633.87
77.4 351.595 351.808 2962.68
78 258.783 258.93 2382.49
78.6 179.579 179.679 1914.53
79.2 115.579 115.643 1563.76
79.8 67.862 67.8986 1320.66
80.4 36.2609 36.2766 1164.84
81 19.0773 19.0788 1069.98
81.6 13.2644 13.2587 1008.82
82.2 14.9659 14.9597 957.6
82.8 20.2309 20.2295 899.063
83.4 25.7021 25.7088 823.846
84 29.1069 29.123 730.184
84.6 29.4534 29.4782 622.328
85.2 26.9185 26.9499 508.181
85.8 22.4973 22.5327 396.779
86.4 17.5337 17.5704 296.119
87 13.2649 13.3011 211.711
87.6 10.4918 10.5264 145.982
88.2 9.43585 9.46848 98.4698
88.8 9.78643 9.8172 66.5775
89.4 10.8914 10.9205 46.5866
90 12.0112 12.0389 34.6407
90.6 12.5548 12.5808 27.4809
91.2 12.23 12.254 22.8249
91.8 11.0814 11.1028 19.3989
92.4 9.41926 9.43778 16.7142
93 7.68076 7.69636 14.7237
93.6 6.27277 6.28573 13.4931
94.2 5.44825 5.45914 12.9787
94.8 5.24828 5.25786 12.9507
95.4 5.51849 5.52748 13.0446
96 5.98429 5.99323 12.8862
96.6 6.35384 6.36301 12.222
97.2 6.41288 6.42225 11.0022
97.8 6.08279 6.09217 9.38501
98.4 5.42842 5.43752 7.66987
99 4.61932 4.62791 6.18701
99.6 3.86245 3.87046 5.18636
100.2 3.33108 3.33861 4.76294
100.8 3.11299 3.12028 4.84026
101.4 3.19219 3.19953 5.2116
102 3.46628 3.4739 5.61989
102.6 3.78974 3.79775 5.84601
103.2 4.02644 4.03476 5.77572
103.8 4.09331 4.10173 5.42526
104.4 3.98203 3.99023 4.9213
105 3.75394 3.76161 4.44616
105.6 3.51262 3.51952 4.16976
106.2 3.36535 3.37134 4.19168
106.8 3.387 3.39208 4.51174
107.4 3.59807 3.60233 5.03604
108 3.96252 3.96607 5.61344
108.6 4.40417 4.40713 6.08808
109.2 4.83461 4.83703 6.34945
109.8 5.18214 5.18402 6.36401
110.4 5.41225 5.41356 6.18
111 5.53364 5.53435 5.90627
111.6 5.58911 5.58924 5.6743
112.2 5.63589 5.63555 5.59734
112.8 5.72307 5.72241 5.7399
113.4 5.87388 5.87313 6.10634
114 6.07882 6.0782 6.65007
114.6 6.30091 6.30059 7.29791
115.2 6.49056 6.49066 7.9797
115.8 6.60438 6.6049 8.65234
116.4 6.62112 6.62198 9.31042
117 6.54965 6.55072 9.98093
117.6 6.42662 6.42775 10.7051
118.2 6.30516 6.30621 11.5148
118.8 6.23882 6.23974 12.4128
119.4 6.26635 6.26711 13.3635
120 6.40195 6.40259 14.2969
120.6 6.63395 6.63453 15.126
121.2 6.93143 6.93201 15.7694
121.8 7.256 7.25664 16.1732
122.4 7.57437 7.57508 16.3251
123 7.86729 7.86809 16.2558
123.6 8.13232 8.13322 16.0289
124.2 8.37985 8.38088 15.7225
124.8 8.62446 8.62566 15.4092
125.4 8.87499 8.87643 15.1395
126 9.12714 9.12887 14.9342
126.6 9.36128 9.36336 14.7866
127.2 9.54626 9.5487 14.6724
127.8 9.64788 9.65061 14.5626
128.4 9.63914 9.64205 14.4351
129 9.50889 9.51183 14.2811
129.6 9.26606 9.26887 14.104
130.2 8.93821 8.94074 13.9127
130.8 8.56489 8.56703 13.7124
131.4 8.1881 8.18982 13.4968
132 7.84278 7.84408 13.2444
132.6 7.55001 7.55099 12.9222
133.2 7.31482 7.31557 12.4939
133.8 7.1285 7.12916 11.931
134.4 6.97436 6.97505 11.2237
135 6.83455 6.83538 10.386
135.6 6.69562 6.69669 9.45563
136.2 6.55119 6.5526 8.48721
136.8 6.40121 6.40304 7.5414
137.4 6.24851 6.25086 6.67314
138 6.09447 6.09741 5.92228
138.6 5.93546 5.93906 5.30904
139.2 5.76172 5.76602 4.83486
139.8 5.5591 5.56408 4.48764
140.4 5.31307 5.31864 4.24895
141 5.01361 5.01964 4.10063
141.6 4.65934 4.66564 4.02844
142.2 4.25924 4.2656 4.02204
142.8 3.83146 3.83768 4.07191
143.4 3.39952 3.40541 4.16485
144 2.98696 2.99239 4.28049
144.6 2.61227 2.61716 4.3905
145.2 2.28537 2.2897 4.46141
145.8 2.00679 2.01058 4.46035
146.4 1.7694 1.77269 4.36229
147 1.56212 1.56498 4.15622
147.6 1.37412 1.3766 3.84846
148.2 1.19821 1.20035 3.46187
148.8 1.03243 1.03429 3.03098
149.4 0.879561 0.881155 2.59459
150 0.744834 0.746199 2.18764
150.6 0.633019 0.634187 1.8348
151.2 0.545856 0.54686 1.54716
151.8 0.480828 0.481699 1.32276
152.4 0.431621 0.432386 1.15025
153 0.390032 0.390708 1.01426
153.6 0.348567 0.34916 0.900683
154.2 0.302761 0.303269 0.800242
154.8 0.252396 0.252812 0.709582
155.4 0.201202 0.201526 0.629936
156 0.155203 0.155439 0.564261
156.6 0.12031 0.120473 0.514166
157.2 0.100032 0.100146 0.477868
157.8 0.0941061 0.0941975 0.449912
158.4 0.0984822 0.0985765 0.422658
159 0.106644 0.106757 0.38889
159.6 0.111753 0.111889 0.344452
160.2 0.108869 0.10902 0.289895
160.8 0.0964596 0.0966088 0.230468
161.4 0.0767166 0.0768459 0.174425
162 0.0546052 0.0547008 0.130253
162.6 0.0360078 0.0360651 0.103772
163.2 0.0256319 0.0256568 0.0961462
163.8 0.0254039 0.0254108 0.10346
164.4 0.0338795 0.0338861 0.118011
165 0.0468351 0.0468564 0.130841
165.6 0.0587942 0.0588378 0.134619
166.2 0.0649325 0.0649964 0.125903
166.8 0.0626936 0.062767 0.106035
167.4 0.0525727 0.0526402 0.0804047
168 0.0378281 0.0378755 0.0563871
168.6 0.0232588 0.0232773 0.0407092
169.2 0.013498 0.0134877 0.0371465
169.8 0.0114268 0.0113962 0.0453275
170.4 0.0172452 0.0172083 0.0610073
171 0.028496 0.0284673 0.0776624
171.6 0.0409997 0.0409897 0.0888093
172.2 0.050347 0.0503583 0.0902264
172.8 0.0534163 0.0534437 0.0813194
173.4 0.0493971 0.0494292 0.0651923
174 0.0399826 0.0400061 0.0474442
174.6 0.0286962 0.0287007 0.0341501
175.2 0.0196136 0.0195947 0.0297463
175.8 0.0159383 0.0158992 0.0355515
176.4 0.0189264 0.0188764 0.0494079
177 0.0275172 0.0274684 0.0665296
177.6 0.0387721 0.0387353 0.081224
178.2 0.0489446 0.0489257 0.0888677
178.8 0.0547912 0.0547893 0.0874476
179.4 0.0546657 0.0546737 0.0781527
180 0.0490282 0.0490356 0.0648465
180.6 0.0402131 0.0402099 0.0526358
181.2 0.0315611 0.0315411 0.0460617
181.8 0.026234 0.0261972 0.0475445
182.4 0.0261307 0.0260829 0.0566122
183 0.0312732 0.0312242 0.0701509
183.6 0.0398583 0.0398183 0.0835606
184.2 0.048936 0.0489121 0.092387
184.8 0.0554598 0.0554539 0.0938554
185.4 0.0573371 0.0573454 0.0877786
186 0.054118 0.0541323 0.0765473
186.6 0.0470966 0.0471075 0.0642332
187.2 0.0388108 0.0388108 0.0551407
187.8 0.0321289 0.0321152 0.052321
188.4 0.0292544 0.0292296 0.0565621
189 0.0309895 0.0309607 0.0661857
189.6 0.0365065 0.0364827 0.0776974
190.2 0.0436866 0.0436758 0.0870392
190.8 0.0498935 0.0499001 0.0909968
191.4 0.0529007 0.0529237 0.0882715
192 0.0516481 0.0516821 0.0798591
192.6 0.0465734 0.0466105 0.0686283
193.2 0.0394159 0.0394483 0.0582665
193.8 0.0325775 0.0326003 0.0519775
194.4 0.0282731 0.0282858 0.0513872
195 0.027771 0.0277776 0.0560289
195.6 0.0309817 0.030989 0.0635687
196.2 0.0365263 0.0365415 0.070671
196.8 0.0422479 0.0422759 0.0741883
197.4 0.0459751 0.0460168 0.0722537
198 0.0462695 0.0463215 0.0649019
198.6 0.0428977 0.0429537 0.0540176
199.2 0.0368758 0.0369282 0.0426466
199.8 0.0300812 0.0301243 0.0339252
200.4 0.0245805 0.024612 0.0300056
201 0.0219118 0.0219334 0.0313493
201.6 0.0225707 0.0225877 0.0366199
202.2 0.0258721 0.0258913 0.0431968
202.8 0.0302237 0.0302508 0.0481148
203.4 0.0337048 0.0337428 0.0490946
204 0.0347439 0.0347917 0.0453066
204.6 0.0326553 0.0327084 0.0376126
205.2 0.0278562 0.0279083 0.0282163
205.8 0.0216961 0.0217409 0.0198614
206.4 0.0159685 0.016002 0.0148646
207 0.0122818 0.0123039 0.0143235
207.6 0.011511 0.0115247 0.0177682
208.2 0.0135152 0.0135262 0.0233645
208.8 0.0172135 0.0172278 0.0285843
209.4 0.0209821 0.0210041 0.0310993
210 0.0232269 0.0232579 0.029583
210.6 0.0229307 0.0229687 0.0241475
211.2 0.0199863 0.020027 0.0162714
211.8 0.015207 0.0152449 0.00825873
212.4 0.0100188 0.0100497 0.00242626
213 0.00595116 0.00597325 0.000306832
213.6 0.00410542 0.00411996 0.00214308
214.2 0.00478616 0.00479691 0.00683866
214.8 0.00741827 0.00743009 0.012372
215.4 0.0107705 0.0107876 0.0165176
216 0.0134001 0.0134245 0.0176186
216.6 0.0141595 0.0141902 0.0151422
217.2 0.0125871 0.0126208 0.00983139
217.8 0.00905196 0.00908375 0.00341206
218.4 0.00460626 0.00463163 -0.00203237
219 0.000605838 0.000622102 -0.0047944
219.6 -0.00176536 -0.00175816 -0.00412695
220.2 -0.00189991 -0.00189904 -0.000480744
220.8 3.74128e-05 3.64209e-05 0.00467923
221.4 0.00318524 0.00318704 0.00940436
222 0.00629967 0.00630754 0.0119482
222.6 0.00819243 0.00820722 0.0113663
223.2 0.00813879 0.00815874 0.00782472
223.8 0.00611516 0.00613655 0.00251737
224.4 0.00278861 0.00280714 -0.00277068
225 -0.000731889 -0.000719598 -0.00629382
225.6 -0.00329058 -0.00328583 -0.00694849
226.2 -0.00408636 -0.00408796 -0.0046399
226.8 -0.00294156 -0.00294628 -0.000291597
227.4 -0.00034861 -0.000352346 0.00449714
228 0.00271619 0.00271701 0.00801944
228.6 0.00514169 0.00514889 0.00905281
229.2 0.00606911 0.00608217 0.00726995
229.8 0.0051826 0.00519892 0.00333028
230.4 0.0028052 0.002821 -0.00137174
231 -0.00022859 -0.000216879 -0.00520685
231.6 -0.00287391 -0.00286845 -0.00688073
232.2 -0.00424234 -0.00424315 -0.00587493
232.8 -0.00390588 -0.00391087 -0.00260899
233.4 -0.00203443 -0.00204017 0.00172564
234 0.000676658 0.000673762 0.00559527
234.6 0.00325924 0.00326168 0.00766245
235.2 0.00481346 0.0048218 0.00724453
235.8 0.0048173 0.00483005 0.00453545
236.4 0.00329834 0.00331247 0.000519076
237 0.000811412 0.000823483 -0.00338894
237.6 -0.0017656 -0.00175828 -0.00584088
238.2 -0.00354303 -0.00354148 -0.0060223
238.8 -0.00392763 -0.00393088 -0.0039225
239.4 -0.00282122 -0.00282666 -0.00032086
240 -0.00064346 -0.000647805 0.00350011
240.6 0.00182499 0.00182458 0.00620971
241.2 0.00372076 0.00372568 0.00689099
241.8 0.00439837 0.00440814 0.0053494
242.4 0.00364871 0.0036612 0.0021648
243 0.0017617 0.00177382 -0.00152585
243.6 -0.000585288 -0.000576421 -0.00443418
244.2 -0.00257043 -0.00256655 -0.00556988
244.8 -0.00351519 -0.0035163 -0.00457755
245.4 -0.00311608 -0.00312047 -0.00184648
246 -0.00154145 -0.00154634 0.00163971
246.6 0.00063706 0.000634571 0.00465623
247.2 0.00265125 0.00265315 0.00616645
247.8 0.00380657 0.00381329 0.00567717
248.4 0.00372096 0.00373125 0.00339829
249 0.0024504 0.00246179 0.000155625
249.6 0.000459994 0.000469691 -0.0029079
250.2 -0.00154583 -0.00153999 -0.0047348
250.8 -0.00287242 -0.00287123 -0.00471777
251.4 -0.00307525 -0.00307788 -0.0029011
252 -0.00210854 -0.00211285 4.78595e-05
252.6 -0.000332642 -0.000335943 0.00308247
253.2 0.00161933 0.00161934 0.00514719
253.8 0.00306653 0.00307097 0.00554358
254.4 0.00351718 0.00352563 0.00416533
255 0.0028349 0.00284558 0.00152331
255.6 0.00127854 0.00128894 -0.00144368
256.2 -0.000595726 -0.000587971 -0.00370279
256.8 -0.00213324 -0.00212953 -0.00448699
257.4 -0.00280963 -0.00280995 -0.00355578
258 -0.00240977 -0.0024127 -0.00126821
258.6 -0.00109589 -0.00109914 0.00155322
259.2 0.000656377 0.000655154 0.00391677
259.8 0.00222921 0.00223163 0.00500861
260.4 0.00307954 0.00308592 0.00447153
261 0.00292568 0.00293497 0.00252006
261.6 0.00183963 0.00184977 -0.000144906
262.2 0.000214917 0.000223609 -0.00258841
262.8 -0.00137619 -0.00137072 -0.00397014
263.4 -0.0023846 -0.00238298 -0.00383402
264 -0.00247418 -0.00247569 -0.00225914
264.6 -0.00163393 -0.00163681 0.000177779
265.2 -0.000175353 -0.000177374 0.00261175
265.8 0.00138195 0.00138267 0.00419492
266.4 0.00249445 0.00249882 0.00439029
267 0.00278353 0.00279117 0.00315224
267.6 0.0021634 0.00217282 0.000933194
268.2 0.000865084 0.000874204 -0.00148248
268.8 -0.000649878 -0.000643006 -0.00325665
269.4 -0.00185391 -0.00185043 -0.00378913
270 -0.00233755 -0.0023374 -0.00292149
270.6 -0.00194901 -0.001951 -0.000983901
271.2 -0.000841825 -0.000844049 0.0013283
271.8 0.000584304 0.000583799 0.00320251
272.4 0.00182683 0.00182937 0.0039929
273 0.00245655 0.00246237 0.00344147
273.6 0.00226495 0.00227314 0.0017606
274.2 0.0013323 0.00134115 -0.000449101
274.8 -5.73911e-06 1.84782e-06 -0.00241413
275.4 -0.00127928 -0.00127442 -0.00345956
276 -0.0020497 -0.00204807 -0.00324146
276.6 -0.00206108 -0.00206206 -0.0018604
277.2 -0.00132548 -0.00132759 0.000181309
277.8 -0.00011369 -0.000115077 0.00216102
278.4 0.0011435 0.0011444 0.00339037
279 0.00200771 0.00201163 0.00345356
279.6 0.00218504 0.00219165 0.0023469
280.2 0.00162534 0.00163337 0.000472859
280.8 0.000535022 0.000542732 -0.0015066
281.4 -0.000699283 -0.000693504 -0.00290431
282 -0.0016481 -0.00164518 -0.00324682
282.6 -0.00198884 -0.00198871 -0.00243499
283.2 -0.00161571 -0.00161734 -0.000772032
283.8 -0.000672381 -0.00067416 0.00114867
284.4 0.000502379 0.000502089 0.00265446
285 0.00149577 0.00149806 0.00322826
285.6 0.00196545 0.0019705 0.00268539
286.2 0.001757 0.00176404 0.00123208
286.8 0.000954071 0.000961634 -0.000612779
287.4 -0.000154971 -0.000148497 -0.00220296
288 -0.00118071 -0.00117655 -0.00299144
288.6 -0.00176959 -0.00176814 -0.00271861
289.2 -0.00172589 -0.00172661 -0.0014976
289.8 -0.00107676 -0.00107839 0.000231153
290.4 -5.88741e-05 -5.98399e-05 0.00185829
291 0.00096746 0.000968458 0.00281986
291.6 0.00164543 0.001649 0.00279237
292.2 0.00174546 0.00175129 0.00180112
292.8 0.00124256 0.00124957 0.000205727
293.4 0.000321416 0.000328124 -0.00143026
294 -0.000691411 -0.00068636 -0.00253835
294.6 -0.00144323 -0.0014406 -0.00274257
295.2 -0.00167805 -0.00167778 -0.00198695
295.8 -0.00132371 -0.0013249 -0.000549697
296.4 -0.000513685 -0.000514967 0.00105874
297 0.000462769 0.000462774 0.0022767
297.6 0.00126369 0.00126589 0.00268718
298.2 0.00161395 0.00161848 0.00216031
298.8 0.00139957 0.00140575 0.000893862
299.4 0.00070447 0.000711056 -0.000660619
300 -0.000222026 -0.000216404 -0.00195871
