0.6 98.6244 96.4457 1026.54
1.2 104.871 103.262 1001.4
1.8 114.922 114.197 962.595
2.4 128.323 128.71 914.366
3 144.581 146.196 861.813
3.6 163.246 166.088 810.254
4.2 183.963 187.919 764.535
4.8 206.479 211.342 728.452
5.4 230.604 236.1 704.337
6 256.155 261.98 692.893
6.6 282.917 288.773 693.29
7.2 310.633 316.258 703.491
7.8 339.043 344.237 720.765
8.4 367.966 372.606 742.265
9 397.39 401.435 765.58
9.6 427.536 431.016 789.131
10.2 458.854 461.859 812.359
10.8 491.944 494.609 835.647
11.4 527.405 529.89 860.017
12 565.655 568.133 886.687
12.6 606.791 609.439 916.592
13.2 650.551 653.542 950.031
13.8 696.428 699.926 986.535
14.4 743.944 748.096 1025.05
15 793.048 797.968 1064.4
15.6 844.533 850.282 1104
16.2 900.357 906.921 1144.54
16.8 963.744 971.004 1188.62
17.4 1038.97 1046.68 1240.88
18 1130.78 1138.56 1307.78
18.6 1243.58 1250.91 1396.63
19.2 1380.4 1386.68 1514.27
19.8 1542 1546.57 1665.38
20.4 1726.16 1728.36 1850.77
21 1927.46 1926.75 2066.11
21.6 2137.61 2133.62 2301.27
22.2 2346.36 2338.94 2540.64
22.8 2542.69 2531.98 2764.46
23.4 2716.34 2702.76 2950.95
24 2859.15 2843.35 3079.17
24.6 2966 2948.86 3131.91
25.2 3035.26 3017.75 3098.3
25.8 3068.52 3051.6 2975.59
26.4 3069.7 3054.28 2769.83
27 3043.82 3030.62 2495.17
27.6 2995.62 2985.12 2172.09
28.2 2928.32 2920.76 1824.64
28.8 2842.95 2838.31 1477.35
29.4 2738.24 2736.28 1152.12
30 2611.21 2611.52 865.862
30.6 2458.28 2460.34 628.942
31.2 2276.68 2279.94 444.864
31.8 2065.83 2069.75 310.958
32.4 1828.33 1832.46 219.92
33 1570.46 1574.43 161.818
33.6 1301.81 1305.36 126.134
34.2 1034.34 1037.32 103.489
34.8 780.849 783.193 86.7834
35.4 553.272 554.992 71.6513
36 361.016 362.174 56.2842
36.6 209.745 210.435 40.7961
37.2 100.778 101.107 26.3702
37.8 31.2137 31.2921 14.4283
38.4 -5.27129 -5.34353 6.00767
39 -17.1333 -17.2724 1.44081
39.6 -13.4493 -13.5931 0.337609
40.2 -2.4828 -2.59346 1.79054
40.8 9.40735 9.34395 4.68281
41.4 18.3362 18.3136 7.97967
42 22.8837 22.8812 10.9184
42.6 23.5803 23.5714 13.0659
43.2 22.0701 22.0316 14.2669
43.8 20.1972 20.1169 14.5381
44.4 19.2693 19.1498 13.9751
45 19.6983 19.5555 12.7148
45.6 21.1152 20.9718 10.9635
46.2 22.9314 22.8051 9.05981
46.8 25.1905 25.0811 7.51877
47.4 29.4659 29.344 7.00007
48 39.5231 39.3254 8.1709
48.6 61.5013 61.1344 11.4771
49.2 103.468 102.823 16.8856
49.8 174.354 173.325 23.6977
50.4 282.43 280.945 30.542
51 433.649 431.687 35.6312
51.6 630.232 627.835 37.3064
52.2 869.898 867.172 34.8184
52.8 1146.02 1143.11 29.2103
53.4 1448.8 1445.85 24.1104
54 1767.35 1764.45 26.2189
54.6 2092.24 2089.41 45.2966
55.2 2418.11 2415.24 93.5355
55.8 2745.51 2742.34 184.296
56.4 3081.61 3077.79 330.314
57 3439.24 3434.38 541.605
57.6 3834.43 3828.14 823.354
58.2 4282.42 4274.46 1174.15
58.8 4793.16 4783.49 1584.87
59.4 5366.86 5355.73 2038.53
60 5990.73 5978.67 2511.14
60.6 6637.62 6625.43 2973.75
61.2 7267.15 7255.83 3395.32
61.8 7829.41 7820.01 3746.38
62.4 8270.74 8264.25 4002.8
63 8540.95 8538.11 4149.44
63.6 8600.57 8601.78 4182.99
64.2 8427.11 8432.38 4113.53
64.8 8019.16 8028.07 3964.53
65.4 7397.52 7409.28 3771.07
66 6603.18 6616.75 3576.26
66.6 5692.41 5706.65 3426.21
67.2 4729.8 4743.6 3364.11
67.8 3780.29 3792.73 3424.15
68.4 2901.58 2912.03 3626.07
69 2137.98 2146.13 3971.38
69.6 1516.63 1522.48 4441.65
70.2 1046.41 1050.25 4999.6
70.8 719.572 721.856 5592.75
71.4 515.446 516.697 6159.41
72 405.447 406.169 6636.17
72.6 358.42 359.017 6965.87
73.2 345.395 346.131 7104.9
73.8 343.086 344.073 7028.71
74.4 335.776 337 6734.73
75 315.562 316.918 6242.28
75.6 281.245 282.59 5589.52
76.2 236.351 237.549 4828.05
76.8 186.826 187.781 4015.91
77.4 138.928 139.596 3210.3
78 97.6471 98.041 2460.96
78.6 65.8705 66.0425 1805.24
79.2 44.2423 44.2653 1265.44
79.8 31.5801 31.5272 848.541
80.4 25.5998 25.5285 548.126
81 23.697 23.6411 347.857
81.6 23.5867 23.5564 225.762
82.2 23.6826 23.6706 158.485
82.8 23.1953 23.1856 124.822
83.4 22.0015 21.9787 108.078
84 20.3852 20.3404 97.0833
84.6 18.7559 18.6895 85.9849
85.2 17.4307 17.3509 73.135
85.8 16.5246 16.4436 59.523
86.4 15.9497 15.8793 47.1826
87 15.4937 15.4413 37.9248
87.6 14.9278 14.8947 32.5909
88.2 14.0998 14.0818 30.8587
88.8 12.9814 12.9708 31.4945
89.4 11.6622 11.6511 32.8581
90 10.3021 10.2849 33.45
90.6 9.06602 9.04068 32.3239
91.2 8.06656 8.0352 29.2663
91.8 7.33436 7.30172 24.73
92.4 6.82105 6.79254 19.5839
93 6.42962 6.40933 14.7825
93.6 6.05708 6.04647 11.0664
94.2 5.6328 5.63038 8.77598
94.8 5.13926 5.14132 7.81511
95.4 4.61035 4.61233 7.75212
96 4.11043 4.10847 8.00518
96.6 3.70417 3.69628 8.04372
97.2 3.42911 3.4156 7.54222
97.8 3.28062 3.26384 6.44667
98.4 3.21385 3.19714 4.94625
99 3.16032 3.1469 3.37275
99.6 3.0524 3.04431 2.06929
100.2 2.84634 2.84388 1.27378
100.8 2.53583 2.53766 1.05171
101.4 2.15222 2.15593 1.29347
102 1.75208 1.75507 1.76857
102.6 1.39729 1.39763 2.21291
103.2 1.13497 1.13198 2.41704
103.8 0.983909 0.978196 2.28717
104.4 0.931572 0.924712 1.86243
105 0.941729 0.935623 1.28754
105.6 0.969319 0.9655 0.754489
106.2 0.976837 0.975966 0.435115
106.8 0.946623 0.948312 0.427222
107.4 0.885233 0.888238 0.730158
108 0.819117 0.821791 1.25479
108.6 0.783854 0.784696 1.86135
109.2 0.811208 0.809313 2.41025
109.8 0.918697 0.913962 2.80835
110.4 1.10508 1.09812 3.03621
111 1.35288 1.34472 3.14914
111.6 1.63651 1.62813 3.2543
112.2 1.93263 1.92461 3.47298
112.8 2.22896 2.22124 3.90161
113.4 2.52825 2.5202 4.58379
114 2.84647 2.83707 5.50123
114.6 3.20578 3.19404 6.5845
115.2 3.62527 3.61055 7.73816
115.8 4.11273 4.09493 8.87089
116.4 4.66026 4.63988 9.92021
117 5.24546 5.22337 10.8646
117.6 5.83741 5.81459 11.7206
118.2 6.40557 6.38277 12.5268
118.8 6.92842 6.90596 13.3231
119.4 7.39909 7.37676 14.1311
120 7.82608 7.80331 14.9435
120.6 8.22909 8.20516 15.725
121.2 8.63129 8.60571 16.4238
121.8 9.05069 9.02337 16.9884
122.4 9.49315 9.46456 17.3837
123 9.94914 9.92029 17.6006
123.6 10.395 10.3672 17.6566
124.2 10.7981 10.7727 17.5862
124.8 11.1238 11.1019 17.427
125.4 11.3425 11.3249 17.2047
126 11.435 11.4218 16.9236
126.6 11.3943 11.3854 16.5653
127.2 11.2251 11.22 16.096
127.8 10.9407 10.9386 15.4807
128.4 10.5597 10.5602 14.6979
129 10.1034 10.1059 13.7513
129.6 9.59425 9.59851 12.6739
130.2 9.05561 9.06129 11.5238
130.8 8.51213 8.51888 10.3723
131.4 7.98953 7.99693 9.28834
132 7.51312 7.52067 8.32424
132.6 7.10487 7.11205 7.50636
133.2 6.77943 6.78582 6.83315
133.8 6.54032 6.54575 6.28049
134.4 6.37768 6.38226 5.8123
135 6.26847 6.2726 5.39256
135.6 6.17969 6.18396 4.99532
136.2 6.07413 6.07918 4.60985
136.8 5.9173 5.92363 4.24027
137.4 5.68403 5.69189 3.9005
138 5.36299 5.37227 3.60692
138.6 4.95817 4.96845 3.37165
139.2 4.48701 4.49765 3.1985
139.8 3.97593 3.98622 3.08272
140.4 3.45449 3.46384 3.01403
141 2.94982 2.95784 2.98131
141.6 2.48256 2.48912 2.97676
142.2 2.06511 2.07033 2.99794
142.8 1.70214 1.70629 3.04662
143.4 1.39274 1.39612 3.12515
144 1.13313 1.13599 3.23169
144.6 0.918989 0.921462 3.35628
145.2 0.74667 0.748764 3.47951
145.8 0.613154 0.614804 3.57459
146.4 0.515141 0.516277 3.61244
147 0.4479 0.44851 3.56847
147.6 0.404604 0.404769 3.42892
148.2 0.376591 0.376483 3.19484
148.8 0.354592 0.354425 2.8824
149.4 0.330544 0.330511 2.51954
150 0.299346 0.299561 2.13968
150.6 0.259915 0.260377 1.77458
151.2 0.21511 0.215709 1.44815
151.8 0.170497 0.171059 1.17292
152.4 0.132334 0.132682 0.94989
153 0.105427 0.105447 0.771315
153.6 0.0915393 0.0912185 0.625411
154.2 0.0888765 0.0883101 0.501155
154.8 0.0927639 0.0921216 0.391772
155.4 0.0972609 0.09673 0.29594
156 0.0971332 0.0968566 0.216641
156.6 0.089508 0.0895386 0.158392
157.2 0.0746661 0.0749525 0.124051
157.8 0.055735 0.0561429 0.112465
158.4 0.0374311 0.0377921 0.117813
159 0.0243169 0.024486 0.130825
159.6 0.0191869 0.0190913 0.141405
160.2 0.022132 0.0217925 0.141637
160.8 0.0305782 0.0300989 0.128118
161.4 0.0402504 0.0397799 0.102765
162 0.0466956 0.0463746 0.0718615
162.6 0.0468197 0.0467333 0.0436833
163.2 0.0399059 0.0400565 0.0255513
163.8 0.0277793 0.0280887 0.0213298
164.4 0.0140883 0.0144271 0.0301965
165 0.0029792 0.00321298 0.047061
165.6 -0.00235776 -0.00232254 0.0644289
166.2 -0.000765567 -0.000950882 0.0750258
166.8 0.00654066 0.00618941 0.0742604
167.4 0.0164665 0.0160592 0.061692
168 0.0251663 0.0248284 0.0410382
168.6 0.0293967 0.0292259 0.0187676
169.2 0.0276198 0.0276531 0.00180715
169.8 0.0204825 0.0206857 -0.00482795
170.4 0.0105244 0.0108056 0.000327864
171 0.00123881 0.00148183 0.0148151
171.6 -0.00416867 -0.00406396 0.0332202
172.2 -0.00388484 -0.00396892 0.0491156
172.8 0.00192116 0.00166301 0.0572764
173.4 0.0112124 0.0108529 0.0554096
174 0.0208431 0.0204858 0.0448265
174.6 0.0276797 0.0274228 0.0298644
175.2 0.029687 0.0295893 0.0163007
175.8 0.0266014 0.0266637 0.00932966
176.4 0.0199721 0.0201384 0.0118084
177 0.0125719 0.0127505 0.0233568
177.6 0.00739933 0.00749527 0.0405886
178.2 0.00662939 0.00657743 0.0583565
178.8 0.0108778 0.0106639 0.071552
179.4 0.0190244 0.0186892 0.0768294
180 0.0286425 0.028266 0.0736689
180.6 0.0368688 0.036542 0.0644406
181.2 0.0414012 0.0411945 0.0534815
181.8 0.0412755 0.0412157 0.0455337
182.4 0.0371586 0.0372211 0.0440981
183 0.031069 0.0311878 0.0502684
183.6 0.0256377 0.0257299 0.062427
184.2 0.0231771 0.0231714 0.0768787
184.8 0.0248848 0.0247466 0.089176
185.4 0.0304562 0.030198 0.0956599
186 0.0382262 0.0379028 0.0946839
186.6 0.0457802 0.0454683 0.0871133
187.2 0.0508068 0.0505789 0.0759504
187.8 0.0518939 0.0517933 0.0652422
188.4 0.0489909 0.0490178 0.0586642
189 0.0433876 0.0435005 0.058275
189.6 0.0372292 0.0373605 0.0638609
190.2 0.032748 0.0328276 0.0730772
190.8 0.0314851 0.0314647 0.0823144
191.4 0.0337737 0.0336428 0.0879718
192 0.0386558 0.0384439 0.0876923
192.6 0.0442509 0.0440164 0.0811383
193.2 0.0484372 0.0482461 0.0700572
193.8 0.0496005 0.0495037 0.0576355
194.4 0.0471898 0.0472054 0.0473817
195 0.0418892 0.0419975 0.0419333
195.6 0.0353564 0.0355075 0.0421948
196.2 0.029628 0.0297596 0.0470919
196.8 0.0264046 0.0264638 0.0540046
197.4 0.0264672 0.0264288 0.0597125
198 0.0294251 0.0292991 0.061514
198.6 0.0338734 0.0337014 0.0581305
199.2 0.0378993 0.0377391 0.0500976
199.8 0.0397524 0.0396576 0.0395214
200.4 0.0384444 0.0384463 0.0293064
201 0.0340728 0.0341702 0.0221335
201.6 0.0277632 0.0279234 0.0195465
202.2 0.021259 0.0214296 0.0214566
202.8 0.0163087 0.0164359 0.0262233
203.4 0.0140677 0.0141148 0.0312675
204 0.0147213 0.0146803 0.0339907
204.6 0.0174525 0.0173462 0.0326776
205.2 0.0207584 0.0206314 0.0270719
205.8 0.0229955 0.0228981 0.0184357
206.4 0.0229598 0.0229306 0.0090867
207 0.0202982 0.0203509 0.00158381
207.6 0.0156137 0.0157331 -0.00215044
208.2 0.0102327 0.0103804 -0.00146876
208.8 0.00572552 0.00585391 0.00281299
209.4 0.00335005 0.003419 0.00873155
210 0.00361652 0.003607 0.0138747
210.6 0.00612061 0.0060408 0.0162135
211.2 0.0096986 0.00958046 0.0147811
211.8 0.012844 0.0127317 0.00996901
212.4 0.0142358 0.0141702 0.00335157
213 0.0131925 0.0131972 -0.00289009
213.6 0.00989608 0.00996942 -0.00673603
214.2 0.00531248 0.00542893 -0.00701952
214.8 0.000842366 0.000961647 -0.00380829
215.4 -0.00217147 -0.00209016 0.00164754
216 -0.0029064 -0.00289033 0.00737164
216.6 -0.00133262 -0.00138645 0.011355
217.2 0.00179446 0.00168985 0.0122428
217.8 0.0052134 0.00509377 0.00978041
218.4 0.00760506 0.00751022 0.00486985
219 0.00805101 0.00801104 -0.000770283
219.6 0.00634292 0.00636812 -0.00521667
220.2 0.00303879 0.00311659 -0.00700733
220.8 -0.000748284 -0.000648406 -0.00563238
221.4 -0.0037497 -0.0036653 -0.00168553
222 -0.00498681 -0.00494934 0.00336727
222.6 -0.00410656 -0.00413064 0.00771313
223.2 -0.00149288 -0.00157161 0.00982404
223.8 0.00188028 0.00177245 0.0089758
224.4 0.00479805 0.00469617 0.00547866
225 0.00623079 0.00616708 0.000547301
225.6 0.00568761 0.00568044 -0.00413653
226.2 0.00337597 0.00342384 -0.00701152
226.8 0.000115765 0.000198226 -0.0071693
227.4 -0.00295759 -0.00287247 -0.00465059
228 -0.00479382 -0.00473821 -0.000408897
228.6 -0.00479115 -0.00478634 0.00403792
229.2 -0.00299685 -0.00304616 0.00714139
229.8 -7.851e-05 -0.000166519 0.00785418
230.4 0.00291955 0.00282132 0.00597729
231 0.00494613 0.00486909 0.0022081
231.6 0.00530835 0.00527599 -0.00212038
232.2 0.00390549 0.00392541 -0.00551232
232.8 0.0012528 0.00131442 -0.00682682
233.4 -0.00170912 -0.00163053 -0.00566179
234 -0.00394907 -0.00388359 -0.0024753
234.6 -0.00470524 -0.00467781 0.00159121
235.2 -0.00374488 -0.0037668 0.00512047
235.8 -0.00143546 -0.00150079 0.00691241
236.4 0.00139405 0.00130612 0.0063915
237 0.00374958 0.00366723 0.00379042
237.6 0.00482031 0.00476926 5.1974e-05
238.2 0.00425702 0.00425166 -0.00351072
238.8 0.00228496 0.00232365 -0.00567373
239.4 -0.000384871 -0.000318932 -0.00572096
240 -0.00281151 -0.00274419 -0.00367914
240.6 -0.00415518 -0.00411232 -0.000292387
241.2 -0.00396729 -0.00396576 0.00324919
241.8 -0.00233931 -0.0023814 0.00572821
242.4 0.000138589 6.57061e-05 0.00631901
243 0.00259144 0.00251096 0.00486293
243.6 0.00416849 0.00410581 0.00190842
244.2 0.0043384 0.00431229 -0.00149273
244.8 0.00306822 0.00308447 -0.00415786
245.4 0.000826054 0.000875749 -0.00518284
246 -0.00159036 -0.00152749 -0.00424709
246.6 -0.0033366 -0.00328497 -0.00171142
247.2 -0.00381584 -0.00379552 0.00152038
247.8 -0.00288199 -0.0029018 0.00432377
248.4 -0.00088262 -0.000937371 0.00574483
249 0.00147022 0.00139773 0.00532475
249.6 0.00335375 0.00328655 0.0032473
250.2 0.00412225 0.00408114 0.00026229
250.8 0.00352845 0.00352489 -0.00258407
251.4 0.00180268 0.00183495 -0.00431516
252 -0.000435276 -0.000381182 -0.00435846
252.6 -0.00239817 -0.00234351 -0.00273426
253.2 -0.0034077 -0.00337351 -3.65145e-05
253.8 -0.00312844 -0.00312828 0.00278312
254.4 -0.00167868 -0.00171408 0.00475004
255 0.000418222 0.000358068 0.00520247
255.6 0.00242251 0.00235678 0.0040129
256.2 0.0036387 0.00358819 0.00162122
256.8 0.00365659 0.00363646 -0.00112797
257.4 0.00248911 0.0025038 -0.00328409
258 0.00056095 0.000602799 -0.00411983
258.6 -0.00144586 -0.00139374 -0.00337696
259.2 -0.00283317 -0.00279089 -0.00134599
259.8 -0.00312963 -0.00311354 0.00124477
260.4 -0.00225087 -0.00226798 0.0034884
261 -0.000522574 -0.000568264 0.00461519
261.6 0.00143938 0.00137951 0.00425482
262.2 0.0029476 0.00289264 0.00255616
262.8 0.00348332 0.00345031 0.00012592
263.4 0.00287398 0.00287212 -0.00218911
264 0.00134774 0.00137531 -0.0035982
264.6 -0.000552205 -0.000507061 -0.00363786
265.2 -0.00216145 -0.00211644 -0.00232514
265.8 -0.00292719 -0.00289968 -0.000142558
266.4 -0.00259864 -0.00259965 0.00213695
267 -0.00130943 -0.00133993 0.00372178
267.6 0.000474889 0.000424142 0.00407463
268.2 0.0021239 0.00206898 0.00309282
268.8 0.00306407 0.00302222 0.00113548
269.4 0.00297723 0.0029609 -0.00110876
270 0.00190728 0.00191989 -0.00286514
270.6 0.00023931 0.000274231 -0.00354121
271.2 -0.00143954 -0.00139653 -0.00292755
271.8 -0.00254731 -0.00251298 -0.00126282
272.4 -0.00270945 -0.00269728 0.000856712
273 -0.00188592 -0.00190149 0.00268918
273.6 -0.000379992 -0.000419195 0.00360532
274.2 0.00127238 0.00122178 0.00330325
274.8 0.00249244 0.00244641 0.00190644
275.4 0.00286047 0.00283316 -8.65292e-05
276 0.00225936 0.00225822 -0.0019806
276.6 0.000910775 0.000934108 -0.00312729
277.2 -0.000706973 -0.000669299 -0.00314728
277.8 -0.00202904 -0.00199194 -0.0020563
278.4 -0.00260173 -0.00257967 -0.000252624
279 -0.00223855 -0.00224057 0.0016271
279.6 -0.00108114 -0.00110778 0.00293147
280.2 0.000454905 0.000411605 0.00321917
280.8 0.0018285 0.00178216 0.00240733
281.4 0.00256311 0.00252819 0.000793749
282 0.00241145 0.00239823 -0.00105243
282.6 0.00143814 0.00144925 -0.00249172
283.2 -7.3456e-06 2.22754e-05 -0.00303595
283.8 -0.00141633 -0.00138033 -0.00251396
284.4 -0.00230016 -0.00227191 -0.00112502
285 -0.00235981 -0.00235053 0.00063622
285.6 -0.00158714 -0.00160132 0.00215543
286.2 -0.000263552 -0.000297489 0.00291246
286.8 0.00114202 0.00109882 0.00265906
287.4 0.00213888 0.00209994 0.00149977
288 0.00238549 0.00236268 -0.000150137
288.6 0.00180613 0.00180555 -0.00171321
289.2 0.000613479 0.000633447 -0.00265171
289.8 -0.00076949 -0.000737725 -0.00265241
290.4 -0.00185952 -0.00182865 -0.00173084
291 -0.00228198 -0.0022642 -0.000220362
291.6 -0.00189965 -0.00190242 0.00134809
292.2 -0.000857091 -0.00088066 0.00243245
292.8 0.000473572 0.000436166 0.00266665
293.4 0.00162522 0.00158562 0.00198395
294 0.00219951 0.00216995 0.000634932
294.6 0.00200445 0.00199352 -0.000904169
295.2 0.00111833 0.00112804 -0.00209951
295.8 -0.000141283 -0.000116083 -0.0025447
296.4 -0.00133126 -0.001301 -0.00209893
297 -0.00203875 -0.00201544 -0.000931099
297.6 -0.00202436 -0.00201744 0.00054349
298.2 -0.00130305 -0.00131612 0.0018105
298.8 -0.000135428 -0.000165127 0.00243563
299.4 0.00106619 0.00102894 0.00221317
300 0.00188328 0.00185004 0.00123329
