0.6 144.952 140.957 975.377
1.2 155.085 151.578 960.362
1.8 171.611 168.878 937.344
2.4 194.063 192.339 909.03
3 221.912 221.362 878.675
3.6 254.636 255.344 849.658
4.2 291.749 293.713 825.083
4.8 332.793 335.925 807.461
5.4 377.293 381.427 798.487
6 424.723 429.624 798.949
6.6 474.514 479.899 808.734
7.2 526.144 531.696 826.927
7.8 579.327 584.717 851.977
8.4 634.275 639.181 881.923
9 691.999 696.119 914.686
9.6 754.547 757.613 948.412
10.2 825.117 826.904 981.883
10.8 907.957 908.288 1014.93
11.4 1008.02 1006.77 1048.83
12 1130.37 1127.46 1086.52
12.6 1279.43 1274.85 1132.69
13.2 1458.18 1451.95 1193.41
13.8 1667.35 1659.58 1275.48
14.4 1904.9 1895.75 1385.42
15 2165.76 2155.43 1528.18
15.6 2441.87 2430.63 1705.74
16.2 2722.61 2710.78 1915.89
16.8 2995.48 2983.42 2151.45
17.4 3246.99 3235.04 2399.99
18 3463.51 3452.03 2644.47
18.6 3632.24 3621.55 2864.64
19.2 3742.02 3732.38 3039.09
19.8 3783.99 3775.6 3147.84
20.4 3752.28 3745.26 3175.03
21 3644.45 3638.82 3111.24
21.6 3461.98 3457.69 2955.21
22.2 3210.56 3207.48 2714.47
22.8 2900.25 2898.22 2404.77
23.4 2545.42 2544.21 2048.4
24 2164.26 2163.66 1671.39
24.6 1777.99 1777.78 1300.28
25.2 1409.55 1409.53 958.693
25.8 1081.99 1082 664.495
26.4 816.657 816.578 427.919
27 631.339 631.09 251.08
27.6 538.701 538.243 129.005
28.2 545.164 544.498 51.9885
28.8 650.435 649.599 8.88769
29.4 847.733 846.796 -9.33598
30 1124.68 1123.74 -6.56505
30.6 1464.72 1463.9 20.2977
31.2 1848.78 1848.23 81.3966
31.8 2257.04 2256.91 192.033
32.4 2670.51 2670.96 369.025
33 3072.28 3073.44 625.952
33.6 3448.33 3450.34 968.227
34.2 3788.11 3791.02 1389.12
34.8 4084.64 4088.47 1867.81
35.4 4334.52 4339.22 2370.1
36 4537.78 4543.23 2852.28
36.6 4697.58 4703.58 3267.44
37.2 4819.82 4826.12 3573.54
37.8 4912.5 4918.83 3741.68
38.4 4984.87 4990.94 3762.93
39 5046.21 5051.76 3652.18
39.6 5104.45 5109.3 3448.04
40.2 5164.69 5168.7 3208.25
40.8 5227.82 5231 3001.32
41.4 5289.72 5292.13 2895.37
42 5341 5342.84 2946.39
42.6 5367.79 5369.29 3187.77
43.2 5353.29 5354.73 3623.2
43.8 5280.14 5281.8 4224.39
44.4 5133.22 5135.34 4934.13
45 4902.34 4905.09 5674.24
45.6 4584.51 4587.95 6357.14
46.2 4185.16 4189.27 6899.06
46.8 3718.19 3722.86 7232.4
47.4 3204.75 3209.78 7315.44
48 2670.81 2675.98 7137.46
48.6 2144.12 2149.18 6718.87
49.2 1650.85 1655.58 6106.36
49.8 1212.59 1216.8 5364.33
50.4 844.13 847.715 4564.24
51 552.415 555.331 3773.97
51.6 336.617 338.882 3048.89
52.2 189.347 191.033 2426.09
52.8 98.631 99.8409 1922.38
53.4 50.2479 51.0968 1535.87
54 29.9918 30.5896 1250.43
54.6 25.4982 25.9363 1041.71
55.2 27.3948 27.7392 883.388
55.8 29.7048 29.9956 752.458
56.4 29.5847 29.8396 632.616
57 26.5901 26.8118 515.549
57.6 21.7226 21.9064 400.207
58.2 16.5026 16.643 290.652
58.8 12.2537 12.349 193.246
59.4 9.69892 9.75313 113.951
60 8.87168 8.8938 56.3496
60.6 9.27218 9.27397 20.7101
61.2 10.154 10.1472 4.11174
61.8 10.8217 10.8155 1.39499
62.4 10.8462 10.8459 6.53571
63 10.1487 10.1555 14.0153
63.6 8.95584 8.96783 19.8367
64.2 7.66399 7.67745 21.9901
64.8 6.67321 6.6845 20.3506
65.4 6.24858 6.25529 16.1404
66 6.44802 6.44965 11.1775
66.6 7.12901 7.12677 7.15192
67.2 8.01943 8.01563 5.11525
67.8 8.8205 8.81764 5.28047
68.4 9.30417 9.30409 7.12261
69 9.37465 9.37806 9.68992
69.6 9.07949 9.08592 11.9908
70.2 8.57354 8.58167 13.3246
70.8 8.05374 8.06194 13.4632
71.4 7.68955 7.69649 12.6532
72 7.57211 7.57712 11.4647
72.6 7.69619 7.69942 10.5589
73.2 7.97675 7.97896 10.4583
73.8 8.2903 8.29256 11.3915
74.4 8.52465 8.52787 13.251
75 8.61915 8.62381 15.6621
75.6 8.58324 8.58923 18.1264
76.2 8.48889 8.49562 20.1856
76.8 8.44192 8.44855 21.5517
77.4 8.54341 8.54919 22.168
78 8.85476 8.8593 22.19
78.6 9.37744 9.38084 21.903
79.2 10.0528 10.0556 21.6108
79.8 10.7803 10.7835 21.5341
80.4 11.4471 11.4516 21.7488
81 11.9585 11.965 22.1797
81.6 12.2598 12.2687 22.644
82.2 12.3441 12.3551 22.924
82.8 12.2445 12.2573 22.8425
83.4 12.0167 12.0305 22.316
84 11.7166 11.7307 21.3707
84.6 11.383 11.3971 20.1224
85.2 11.0296 11.0432 18.7299
85.8 10.6468 10.66 17.3415
86.4 10.2136 10.2264 16.0537
87 9.71188 9.72446 14.8937
87.6 9.13899 9.15126 13.8296
88.2 8.51297 8.52474 12.8003
88.8 7.86947 7.88041 11.7528
89.4 7.25135 7.26109 10.6715
90 6.69515 6.70338 9.59012
90.6 6.21928 6.22591 8.58155
91.2 5.81824 5.82337 7.73142
91.8 5.46463 5.46857 7.105
92.4 5.11841 5.12162 6.72019
93 4.74014 4.74305 6.53603
93.6 4.30378 4.30673 6.46094
94.2 3.805 3.80814 6.37778
94.8 3.26253 3.26581 6.17738
95.4 2.71231 2.71555 5.78956
96 2.19677 2.19971 5.20187
96.6 1.75265 1.75506 4.46062
97.2 1.40129 1.40309 3.65452
97.8 1.14428 1.1455 2.88703
98.4 0.965237 0.966055 2.24625
99 0.836763 0.837411 1.78189
99.6 0.729917 0.730614 1.49565
100.2 0.622969 0.623845 1.34685
100.8 0.50674 0.507806 1.2702
101.4 0.385156 0.386308 1.19903
102 0.271319 0.272389 1.08611
102.6 0.180871 0.181687 0.915728
103.2 0.125142 0.125595 0.704066
103.8 0.106474 0.106558 0.488819
104.4 0.117159 0.116968 0.312709
105 0.142088 0.141784 0.20692
105.6 0.163941 0.1637 0.180098
106.2 0.168948 0.1689 0.216193
106.8 0.151174 0.151366 0.281179
107.4 0.113929 0.114311 0.335665
108 0.0679558 0.0684084 0.348621
108.6 0.0271942 0.027572 0.307415
109.2 0.00369274 0.00387721 0.220909
109.8 0.00345243 0.00339254 0.114975
110.4 0.0245744 0.024302 0.0224096
111 0.0582215 0.0578378 -0.0289735
111.6 0.0919182 0.0915571 -0.0258813
112.2 0.113942 0.113723 0.0264255
112.8 0.117249 0.117238 0.106692
113.4 0.101612 0.101802 0.185596
114 0.0733416 0.0736564 0.236056
114.6 0.0427875 0.043112 0.242274
115.2 0.0205928 0.0208133 0.204494
115.8 0.0140334 0.0140766 0.138066
116.4 0.0246864 0.0245424 0.0674164
117 0.0481566 0.0478798 0.0172305
117.6 0.0758547 0.0755426 0.00398741
118.2 0.0981234 0.0978821 0.030707
118.8 0.10758 0.107488 0.086542
119.4 0.101528 0.101609 0.151119
120 0.0826557 0.0828742 0.201921
120.6 0.0578679 0.0581443 0.22206
121.2 0.0357355 0.0359735 0.205765
121.8 0.0234933 0.0236141 0.159833
122.4 0.0246348 0.024603 0.10073
123 0.0378934 0.0377275 0.0485399
123.6 0.0578957 0.0576595 0.0199493
124.2 0.0771864 0.0769656 0.0227142
124.8 0.0888721 0.0887435 0.0534209
125.4 0.0889518 0.0889581 0.0991547
126 0.0775551 0.0776907 0.142337
126.6 0.0587097 0.058925 0.166944
127.2 0.0387873 0.0390067 0.163919
127.8 0.0242134 0.0243627 0.13399
128.4 0.0192596 0.0192909 0.0870134
129 0.0246692 0.0245765 0.0382474
129.6 0.0375506 0.0373706 0.00292936
130.2 0.052523 0.0523209 -0.00890812
130.8 0.0636688 0.0635152 0.00436732
131.4 0.0665914 0.0665376 0.0357885
132 0.0598685 0.0599298 0.0725294
132.6 0.0454292 0.0455808 0.10053
133.2 0.0277684 0.027955 0.109352
133.8 0.0123136 0.0124696 0.0955998
134.4 0.00353769 0.00360972 0.063797
135 0.00347236 0.00343718 0.0245236
135.6 0.0111151 0.0109866 -0.00944309
136.2 0.0228966 0.0227198 -0.0275861
136.8 0.0340067 0.0338415 -0.0251603
137.4 0.0400908 0.0399909 -0.00459531
138 0.0387222 0.0387168 0.0256079
138.6 0.0301543 0.0302393 0.0540134
139.2 0.0171257 0.0172658 0.0702707
139.8 0.00382012 0.00396204 0.0686135
140.4 -0.0056274 -0.00553602 0.0496583
141 -0.00854916 -0.00854194 0.0199557
141.6 -0.00460441 -0.00468528 -0.0104723
142.2 0.0041935 0.00405073 -0.0316905
142.8 0.0142599 0.0141016 -0.0372482
143.4 0.0217321 0.0216084 -0.026261
144 0.0238096 0.023757 -0.00351226
144.6 0.0196798 0.019709 0.0223893
145.2 0.0107251 0.0108183 0.042095
145.8 -3.1904e-05 8.58113e-05 0.0487459
146.4 -0.0090283 -0.00893295 0.0402354
147 -0.0134072 -0.0133723 0.0197648
147.6 -0.0119777 -0.0120194 -0.00543932
148.2 -0.00556759 -0.0056757 -0.0267426
148.8 0.00332934 0.00318756 -0.0371139
149.4 0.0114673 0.0113351 -0.0334846
150 0.0159889 0.0159049 -0.017671
150.6 0.0153926 0.0153776 0.00440892
151.2 0.0100006 0.0100511 0.0248979
151.8 0.00178371 0.00187388 0.0367553
152.4 -0.00637422 -0.00628326 0.0361431
153 -0.0117013 -0.0116475 0.0236353
153.6 -0.0124883 -0.0124959 0.00387654
154.2 -0.00864214 -0.00871353 -0.016144
154.8 -0.00166421 -0.00177969 -0.0295665
155.4 0.00591928 0.00579404 -0.0320107
156 0.0114605 0.0113623 -0.0230007
156.6 0.0131053 0.0130607 -0.0060057
157.2 0.0104049 0.0104214 0.0128744
157.8 0.00442417 0.00448808 0.0270842
158.4 -0.00267528 -0.00259352 0.0318768
159 -0.00841544 -0.00835067 0.0258871
159.6 -0.0108661 -0.0108464 0.0114963
160.2 -0.00929248 -0.00932953 -0.00610072
160.8 -0.00437014 -0.00445584 -0.0207645
161.4 0.00209258 0.00198297 -0.0275485
162 0.00781377 0.00771261 -0.0243618
162.6 0.0108392 0.0107752 -0.0126027
163.2 0.0102058 0.0101942 0.00342618
163.8 0.00624228 0.00627987 0.018081
164.4 0.000415751 0.000482642 0.0263555
165 -0.00520947 -0.00514276 0.0255826
165.6 -0.00870216 -0.00866426 0.0162823
166.2 -0.00892606 -0.00893493 0.00189127
166.8 -0.00590743 -0.00596442 -0.0125023
167.4 -0.000790598 -0.000880445 -0.0219548
168 0.00459061 0.00449416 -0.0233622
168.6 0.00836628 0.00829114 -0.0164746
169.2 0.00927658 0.0092427 -0.00390211
169.8 0.00708822 0.00710087 0.00986303
170.4 0.00264438 0.00269273 0.0200434
171 -0.00245807 -0.00239685 0.0232271
171.6 -0.00644186 -0.00639445 0.018503
172.2 -0.00796799 -0.00795562 0.00770562
172.8 -0.00658501 -0.00661632 -0.00529125
173.4 -0.00285908 -0.00292741 -0.0159621
174 0.00185094 0.00176491 -0.0207043
174.6 0.00588546 0.0058067 -0.0180522
175.2 0.00786568 0.00781615 -0.00912419
175.8 0.00716164 0.00715273 0.00283123
176.4 0.0040884 0.0041173 0.0136096
177 -0.000229533 -0.000178584 0.0195225
177.6 -0.00426937 -0.00421932 0.0186536
178.2 -0.00664708 -0.00662 0.0114712
178.8 -0.00659149 -0.00660102 0.000605478
179.4 -0.00419354 -0.00424035 -0.0101128
180 -0.000350912 -0.000422772 -0.0170021
180.6 0.00356443 0.00348813 -0.017793
181.2 0.00619322 0.00613421 -0.012374
181.8 0.00665823 0.00663179 -0.00277423
182.4 0.00485415 0.00486405 0.00758875
183 0.00146302 0.00150043 0.0151209
183.6 -0.00230275 -0.00225591 0.0172935
184.2 -0.0051337 -0.00509834 0.0134873
184.8 -0.00607843 -0.00607102 0.00515834
185.4 -0.00486289 -0.00488986 -0.004715
186 -0.00196704 -0.0020228 -0.0126953
186.6 0.00156101 0.0014919 -0.0160811
187.2 0.00448235 0.00441962 -0.01382
187.8 0.00580051 0.00576131 -0.0068302
188.4 0.00509963 0.00509264 0.00236258
189 0.00267307 0.00269571 0.0105346
189.6 -0.000596489 -0.000556941 0.0148912
190.2 -0.00355748 -0.00351928 0.0140196
190.8 -0.0051946 -0.00517514 0.00834256
191.4 -0.00497643 -0.00498622 -7.04146e-05
192 -0.0030268 -0.00306602 -0.00825541
192.6 -6.52545e-05 -0.00012391 -0.0133964
193.2 0.00285689 0.00279534 -0.0137922
193.8 0.00472861 0.0046814 -0.00941715
194.4 0.00492783 0.00490691 -0.00189084
195 0.00342687 0.0034349 0.00611799
195.6 0.00078709 0.000816718 0.0118355
196.2 -0.00204996 -0.00201336 0.0133415
196.8 -0.00409773 -0.00407088 0.0102117
197.4 -0.00466716 -0.00466303 0.00363031
198 -0.00359773 -0.00362117 -0.00405483
198.6 -0.00130005 -0.00134627 -0.0101679
199.2 0.00140019 0.00134378 -0.0126352
199.8 0.00355805 0.00350734 -0.0106867
200.4 0.00443929 0.0044079 -0.00509262
201 0.00376931 0.00376396 0.00213616
201.6 0.0018172 0.0018355 0.00846923
202.2 -0.000710532 -0.000679073 0.0117407
202.8 -0.00292493 -0.00289511 0.0108882
203.4 -0.00406666 -0.0040524 0.00629538
204 -0.0037658 -0.00377535 -0.000371806
204.6 -0.00216068 -0.00219389 -0.00676768
205.2 0.000161992 0.000113464 -0.0106906
205.8 0.00238077 0.00233043 -0.0108394
206.4 0.0037294 0.00369114 -0.00724323
207 0.00376081 0.00374411 -0.00122296
207.6 0.00249453 0.00250125 0.00509181
208.2 0.00039908 0.000423001 0.00951478
208.8 -0.00178058 -0.0017515 0.0105585
209.4 -0.00328744 -0.00326678 0.00793324
210 -0.00361485 -0.00361298 0.0026216
210.6 -0.00267627 -0.00269689 -0.00348677
211.2 -0.000825722 -0.000864637 -0.00826628
211.8 0.00127486 0.0012281 -0.0100939
212.4 0.00289185 0.00285022 -0.0083992
213 0.00347566 0.00345015 -0.00383935
213.6 0.00284698 0.00284283 0.0019525
214.2 0.00125063 0.00126562 0.00695099
214.8 -0.000738704 -0.000713347 0.0094457
215.4 -0.0024229 -0.00239937 0.00862531
216 -0.00322501 -0.00321461 0.00483958
216.6 -0.00288646 -0.00289574 -0.000544645
217.2 -0.00154966 -0.00157823 -0.00563573
217.8 0.000300138 0.000259349 -0.00868087
218.4 0.00201046 0.00196864 -0.0086686
219 0.00299134 0.00295985 -0.00566341
219.6 0.00291844 0.00290489 -0.000762318
220.2 0.00183966 0.00184534 0.00430425
220.8 0.000150563 0.000170103 0.0077825
221.4 -0.00155022 -0.00152686 0.00850142
222 -0.00267278 -0.00265678 0.00626595
222.6 -0.00284023 -0.00284 0.00190548
223.2 -0.00201479 -0.00203313 -0.00303242
223.8 -0.000503725 -0.000536943 -0.00683034
224.4 0.0011545 0.00111519 -0.00819756
225 0.0023817 0.00234706 -0.00670782
225.6 0.00276125 0.00274026 -0.00293014
226.2 0.00217915 0.00217592 0.00178665
226.8 0.000857209 0.000869668 0.00579458
227.4 -0.000730797 -0.000710106 0.00772166
228 -0.00202864 -0.00200987 0.00694065
228.6 -0.00259217 -0.00258464 0.00377196
229.2 -0.00224103 -0.00224997 -0.000644746
229.8 -0.00111576 -0.00114061 -0.0047596
230.4 0.000377503 0.000342801 -0.00715567
231 0.00171324 0.00167808 -0.00703621
231.6 0.00243124 0.00240503 -0.00448861
232.2 0.00229487 0.00228377 -0.000437979
232.8 0.00136859 0.00137347 0.00368785
233.4 -1.04071e-05 5.76666e-06 0.00646099
234 -0.00135467 -0.00133569 0.00694705
234.6 -0.00219853 -0.00218605 0.00501918
235.2 -0.00225917 -0.00226008 0.00138737
235.8 -0.00153109 -0.00154752 -0.002662
236.4 -0.000282541 -0.000311193 -0.00572117
237 0.00104298 0.00100959 -0.00674982
237.6 0.00198398 0.00195486 -0.00542822
238.2 0.00222143 0.00220399 -0.00225496
238.8 0.00168663 0.00168413 0.00163988
239.4 0.000580185 0.00059067 0.00489654
240 -0.000702871 -0.000685798 0.00639983
240.6 -0.00171386 -0.00169876 0.00566039
241.2 -0.00210718 -0.00210179 0.00297301
241.8 -0.00175821 -0.00176676 -0.000698958
242.4 -0.000802324 -0.000824144 -0.0040683
243 0.000417101 0.000387281 -0.00597469
243.6 0.00147177 0.00144192 -0.00578377
244.2 0.00199872 0.0019767 -0.0035975
244.8 0.00182502 0.00181588 -0.000206289
245.4 0.00102417 0.00102842 0.00319614
246 -0.000114049 -0.000100511 0.00543245
246.6 -0.0011882 -0.00117263 0.00574865
247.2 -0.00182662 -0.00181685 0.00406775
247.8 -0.00181583 -0.00181754 0.00100492
248.4 -0.00117166 -0.00118647 -0.00235689
249 -0.000129526 -0.000154477 -0.00484941
249.6 0.000941398 0.000912747 -0.00562463
250.2 0.00166876 0.00164403 -0.00444281
250.8 0.00180631 0.00179169 -0.00174533
251.4 0.00131711 0.00131517 0.0015093
252 0.000382448 0.000391359 0.00418561
252.6 -0.000665041 -0.00065083 0.00536687
253.2 -0.0014596 -0.00144739 0.00466876
253.8 -0.00172994 -0.0017262 0.00236356
254.4 -0.00139168 -0.00139984 -0.000724723
255 -0.000573254 -0.000592579 -0.00351447
255.6 0.000432481 0.000406612 -0.00504492
256.2 0.0012729 0.00124731 -0.00480662
256.8 0.00165909 0.00164041 -0.0029105
257.4 0.00146501 0.0014574 -3.94902e-05
258 0.000768363 0.000772097 0.00279702
258.6 -0.000180018 -0.000168598 0.00461767
259.2 -0.00104633 -0.00103347 0.00480836
259.8 -0.00153114 -0.0015235 0.00332892
260.4 -0.0014728 -0.0014751 0.000717938
261 -0.000901103 -0.000914552 -0.00210281
261.6 -2.35961e-05 -4.55159e-05 -0.00415344
262.2 0.000849582 0.00082478 -0.00473605
262.8 0.0014152 0.00139403 -0.00367186
263.4 0.0014821 0.00146974 -0.00135499
264 0.00103566 0.00103416 0.00139289
264.6 0.000239789 0.000247424 0.00361365
265.2 -0.000623056 -0.00061114 0.00454647
265.8 -0.001252 -0.00124207 0.00388822
266.4 -0.00143257 -0.00143009 0.0018913
267 -0.0011097 -0.00111748 -0.000732261
267.6 -0.000404118 -0.000421357 -0.00306434
268.2 0.00043254 0.000409919 -0.00430177
268.8 0.00110738 0.00108527 -0.00403265
269.4 0.00138866 0.00137271 -0.00237301
270 0.00118528 0.00117891 8.13489e-05
270.6 0.000576 0.000579307 0.00246842
271.2 -0.000220698 -0.000210987 0.00396248
271.8 -0.00092489 -0.000914206 0.00405946
272.4 -0.00129345 -0.00128748 0.00274669
273 -0.00120391 -0.00120661 0.000499893
273.6 -0.000694972 -0.00070724 -0.00188878
274.2 4.95837e-05 3.01926e-05 -0.00358982
274.8 0.000767146 0.00074552 -0.00402418
275.4 0.0012088 0.00119055 -0.00306008
276 0.0012256 0.00121508 -0.00105208
276.6 0.000818616 0.000817467 0.00128892
277.2 0.000136188 0.000142785 0.00314707
277.8 -0.00058007 -0.00057001 0.00388572
278.4 -0.00108071 -0.0010726 0.00326529
279 -0.00119525 -0.00119374 0.00152049
279.6 -0.000890111 -0.000897513 -0.000727903
280.2 -0.000278114 -0.000293589 -0.00269362
280.8 0.000423115 0.000403195 -0.00369968
281.4 0.00096843 0.00094919 -0.0034113
282 0.00117078 0.00115705 -0.00194696
282.6 0.000965298 0.000959942 0.000169147
283.2 0.00042986 0.000432808 0.00219451
283.8 -0.00024421 -0.000235899 0.00342865
284.4 -0.000820441 -0.000811519 0.00345515
285 -0.0011001 -0.00109546 0.00228196
285.6 -0.000990652 -0.000993633 0.000332551
286.2 -0.000536256 -0.000547499 -0.00170659
286.8 9.97358e-05 8.2469e-05 -0.00312756
287.4 0.000693407 0.000674421 -0.00344659
288 0.00103904 0.00102319 -0.00256853
288.6 0.00102033 0.00101132 -0.000814364
289.2 0.000649421 0.000648551 0.00119579
289.8 6.06747e-05 6.64083e-05 0.00276173
290.4 -0.000537891 -0.000529352 0.00334689
291 -0.000938052 -0.000931422 0.00276202
291.6 -0.00100375 -0.00100301 0.00122596
292.2 -0.000717266 -0.000724306 -0.000715815
292.8 -0.000183587 -0.000197556 -0.0023847
293.4 0.00040798 0.000390327 -0.00320598
294 0.000850882 0.000834033 -0.00290653
294.6 0.000993379 0.000981495 -0.00160539
295.2 0.000790461 0.000785932 0.000232811
295.8 0.000317877 0.00032052 0.00196363
296.4 -0.000256018 -0.000248864 0.00298855
297 -0.000730176 -0.000722697 0.00296179
297.6 -0.000941238 -0.000937671 0.00190679
298.2 -0.000819755 -0.000822922 0.000203084
298.8 -0.000412928 -0.000423274 -0.00155002
299.4 0.000133536 0.000118072 -0.0027441
300 0.000627549 0.00061078 -0.00297263
