0.8 2.58576 1.70254 128.96
1.6 2.90246 2.25949 132.421
2.4 3.40171 3.11914 137.143
3.2 4.05466 4.19492 141.863
4 4.84248 5.39392 145.372
4.8 5.76561 6.63605 146.952
5.6 6.84364 7.86837 146.762
6.4 8.10434 9.07105 146.032
7.2 9.56491 10.2537 146.972
8 11.212 11.4438 152.352
8.8 12.989 12.6714 164.815
9.6 14.7962 13.9546 186.085
10.4 16.5078 15.2916 216.3
11.2 18.0018 16.6602 253.697
12 19.1942 18.0253 294.782
12.8 20.0678 19.3506 334.98
13.6 20.6848 20.6107 369.616
14.4 21.1764 21.7977 394.946
15.2 21.712 22.9224 408.956
16 22.4533 24.0075 411.704
16.8 23.5076 25.0781 405.123
17.6 24.8935 26.1521 392.393
18.4 26.5309 27.2342 377.071
19.2 28.259 28.316 362.269
20 29.8795 29.3804 350.089
20.8 31.2126 30.4091 341.427
21.6 32.1508 31.3899 336.141
22.4 32.6937 32.32 333.442
23.2 32.9539 33.2068 332.34
24 33.1303 34.0648 332
24.8 33.4557 34.9111 331.914
25.6 34.1329 35.7614 331.894
26.4 35.2769 36.6287 331.955
27.2 36.8798 37.5222 332.16
28 38.809 38.4489 332.521
28.8 40.8393 39.4141 332.972
29.6 42.7114 40.4213 333.406
30.4 44.2017 41.4709 333.739
31.2 45.1833 42.5593 333.957
32 45.6622 43.6784 334.121
32.8 45.7791 44.8163 334.339
33.6 45.7739 45.96 334.714
34.4 45.9243 47.0988 335.305
35.2 46.4725 48.2272 336.112
36 47.5599 49.3457 337.096
36.8 49.1885 50.4606 338.204
37.6 51.2177 51.5804 339.403
38.4 53.4005 52.7128 340.687
39.2 55.4473 53.8606 342.075
40 57.1038 55.0203 343.587
40.8 58.2203 56.1828 345.23
41.6 58.7944 57.3365 346.981
42.4 58.9754 58.4717 348.799
43.2 59.0275 59.5848 350.636
44 59.261 60.6808 352.459
44.8 59.9487 61.7733 354.258
45.6 61.2509 62.881 356.058
46.4 63.1685 64.0227 357.904
47.2 65.5384 65.2122 359.857
48 68.0745 66.4545 361.978
48.8 70.4424 67.7446 364.314
49.6 72.3502 69.0702 366.889
50.4 73.629 70.4163 369.699
51.2 74.282 71.7704 372.706
52 74.4856 73.1262 375.848
52.8 74.5434 74.4848 379.054
53.6 74.8043 75.8536 382.256
54.4 75.5664 77.2421 385.412
55.2 76.9941 78.659 388.514
56 79.0717 80.109 391.588
56.8 81.6064 81.5928 394.674
57.6 84.2805 83.107 397.808
58.4 86.7387 84.6462 401.006
59.2 88.6852 86.2035 404.263
60 89.9663 87.7698 407.567
60.8 90.6123 89.334 410.927
61.6 90.8301 90.8821 414.396
62.4 90.9467 92.3993 418.073
63.2 91.3189 93.873 422.08
64 92.2358 95.2972 426.527
64.8 93.8379 96.6755 431.471
65.6 96.0792 98.022 436.895
66.4 98.7392 99.3583 442.728
67.2 101.486 100.708 448.884
68 103.97 102.092 455.315
68.8 105.924 103.522 462.042
69.6 107.242 104.999 469.148
70.4 108.011 106.52 476.73
71.2 108.485 108.082 484.853
72 109.017 109.686 493.526
72.8 109.954 111.342 502.757
73.6 111.536 113.068 512.671
74.4 113.823 114.884 523.657
75.2 116.682 116.807 536.464
76 119.825 118.848 552.155
76.8 122.893 121.001 571.873
77.6 125.566 123.25 596.437
78.4 127.657 125.565 625.86
79.2 129.164 127.911 658.961
80 130.269 130.248 693.219
80.8 131.277 132.538 724.982
81.6 132.517 134.747 750.039
82.4 134.243 136.85 764.433
83.2 136.551 138.835 765.305
84 139.352 140.704 751.534
84.8 142.398 142.475 724.001
85.6 145.362 144.181 685.377
86.4 147.942 145.868 639.533
87.2 149.965 147.587 590.715
88 151.443 149.395 542.724
88.8 152.585 151.346 498.308
89.6 153.733 153.483 458.888
90.4 155.268 155.831 424.628
91.2 157.482 158.393 394.781
92 160.491 161.146 368.152
92.8 164.181 164.038 343.543
93.6 168.247 167.007 320.056
94.4 172.276 169.988 297.205
95.2 175.885 172.94 274.86
96 178.842 175.856 253.075
96.8 181.15 178.77 231.892
97.6 183.043 181.75 211.219
98.4 184.921 184.872 190.807
99.2 187.212 188.199 170.373
100 190.245 191.762 149.803
100.8 194.146 195.564 129.369
101.6 198.817 199.587 109.866
102.4 203.989 203.828 92.5751
103.2 209.338 208.314 79.0418
104 214.61 213.107 70.7101
104.8 219.71 218.286 68.5452
105.6 224.728 223.91 72.8075
106.4 229.902 229.99 83.1167
107.2 235.537 236.496 98.8491
108 241.931 243.403 119.768
108.8 249.344 250.775 146.662
109.6 258.01 258.864 181.683
110.4 268.19 268.154 228.154
111.2 280.208 279.321 289.735
112 294.421 293.078 369.11
112.8 311.104 309.925 466.556
113.6 330.259 329.871 578.869
114.4 351.4 352.214 699.103
115.2 373.419 375.48 817.338
116 394.598 397.57 922.391
116.8 412.812 416.1 1004.06
117.6 425.909 428.879 1055.31
118.4 432.17 434.385 1073.72
119.2 430.73 432.105 1061.87
120 421.826 422.653 1026.52
120.8 406.796 407.618 976.839
121.6 387.796 389.191 922.3
122.4 367.344 369.69 870.741
123.2 347.776 351.1 827.163
124 330.801 334.756 793.434
124.8 317.241 321.234 768.826
125.6 307.034 310.444 751.068
126.4 299.456 301.855 737.494
127.2 293.475 294.78 725.926
128 288.121 288.603 715.099
128.8 282.751 282.915 704.642
129.6 277.154 277.54 694.751
130.4 271.492 272.465 685.782
131.2 266.121 267.752 677.939
132 261.387 263.447 671.163
132.8 257.467 259.538 665.178
133.6 254.311 255.962 659.648
134.4 251.682 252.632 654.315
135.2 249.271 249.478 649.082
136 246.823 246.468 643.992
136.8 244.22 243.607 639.168
137.6 241.503 240.92 634.723
138.4 238.825 238.426 630.715
139.2 236.358 236.122 627.134
140 234.214 233.981 623.926
140.8 232.39 231.96 621.024
141.6 230.781 230.016 618.376
142.4 229.223 228.116 615.949
143.2 227.567 226.249 613.723
144 225.736 224.418 611.681
144.8 223.747 222.632 609.8
145.6 221.698 220.903 608.049
146.4 219.715 219.237 606.386
147.2 217.903 217.636 604.772
148 216.31 216.099 603.175
148.8 214.915 214.627 601.583
149.6 213.655 213.219 600.019
150.4 212.456 211.875 598.541
151.2 211.271 210.593 597.237
152 210.09 209.367 596.182
152.8 208.938 208.191 595.398
153.6 207.845 207.054 594.816
154.4 206.828 205.951 594.275
155.2 205.868 204.876 593.577
156 204.924 203.829 592.594
156.8 203.946 202.811 591.367
157.6 202.904 201.827 590.151
158.4 201.803 200.88 589.331
159.2 200.683 199.971 589.191
160 199.602 199.099 589.579
160.8 198.607 198.253 589.574
161.6 197.711 197.415 587.299
162.4 196.885 196.56 580.02
163.2 196.066 195.658 564.578
164 195.182 194.682 538.099
164.8 194.184 193.622 498.81
165.6 193.066 192.485 446.724
166.4 191.865 191.306 383.965
167.2 190.657 190.137 314.588
168 189.523 189.043 243.905
168.8 188.531 188.077 177.486
169.6 187.717 187.276 120.081
170.4 187.081 186.647 74.7744
171.2 186.602 186.166 42.5634
172 186.245 185.794 22.4585
172.8 185.981 185.478 12.0175
173.6 185.784 185.174 8.12342
174.4 185.631 184.848 7.7651
175.2 185.496 184.482 8.61229
176 185.346 184.074 9.27405
176.8 185.147 183.633 9.24335
177.6 184.877 183.185 8.62582
178.4 184.539 182.766 7.79422
179.2 184.165 182.423 7.09879
180 183.811 182.202 6.7093
180.8 183.527 182.132 6.59794
181.6 183.328 182.194 6.61831
182.4 183.16 182.307 6.61327
183.2 182.883 182.314 6.49379
184 182.289 181.989 6.2614
184.8 181.133 181.083 5.97994
185.6 179.204 179.37 5.72449
186.4 176.382 176.722 5.53849
187.2 172.697 173.151 5.41847
188 168.343 168.842 5.32736
188.8 163.656 164.129 5.2229
189.6 159.06 159.446 5.08319
190.4 154.987 155.244 4.91631
191.2 151.792 151.908 4.75203
192 149.695 149.686 4.62318
192.8 148.756 148.658 4.54814
193.6 148.879 148.742 4.52345
194.4 149.861 149.735 4.52876
195.2 151.45 151.377 4.5394
196 153.404 153.411 4.5389
196.8 155.537 155.633 4.52505
197.6 157.736 157.915 4.50738
198.4 159.958 160.204 4.49895
199.2 162.205 162.496 4.50785
200 164.503 164.815 4.53296
200.8 166.872 167.185 4.56559
201.6 169.317 169.617 4.59525
202.4 171.828 172.109 4.61568
203.2 174.387 174.654 4.62771
204 176.979 177.244 4.63784
204.8 179.593 179.881 4.65387
205.6 182.23 182.576 4.68028
206.4 184.893 185.338 4.71608
207.2 187.586 188.175 4.75599
208 190.312 191.084 4.79382
208.8 193.074 194.056 4.8261
209.6 195.881 197.078 4.85372
210.4 198.751 200.143 4.88098
211.2 201.71 203.252 4.91284
212 204.782 206.411 4.95208
212.8 207.981 209.628 4.99793
213.6 211.302 212.903 5.04681
214.4 214.716 216.226 5.09447
215.2 218.188 219.582 5.13839
216 221.694 222.968 5.17897
216.8 225.245 226.407 5.21916
217.6 228.9 229.96 5.26289
218.4 232.757 233.718 5.31332
219.2 236.92 237.773 5.3718
220 241.446 242.171 5.43773
220.8 246.285 246.86 5.50915
221.6 251.241 251.649 5.58328
222.4 255.965 256.207 5.65647
223.2 259.999 260.091 5.7238
224 262.854 262.832 5.77873
224.8 264.121 264.029 5.81356
225.6 263.566 263.447 5.82105
226.4 261.202 261.09 5.7967
227.2 257.302 257.212 5.74088
228 252.348 252.284 5.65971
228.8 246.944 246.898 5.56411
229.6 241.696 241.661 5.46721
230.4 237.107 237.089 5.38103
231.2 233.502 233.523 5.31375
232 230.994 231.101 5.26843
232.8 229.51 229.764 5.24351
233.6 228.84 229.311 5.23459
234.4 228.714 229.462 5.23657
235.2 228.874 229.936 5.24519
236 229.125 230.504 5.25761
236.8 229.369 231.03 5.27218
237.6 229.599 231.473 5.28784
238.4 229.873 231.873 5.30377
239.2 230.268 232.303 5.31946
240 230.824 232.819 5.3349
240.8 231.501 233.411 5.35063
241.6 232.16 233.978 5.36712
242.4 232.585 234.337 5.38378
243.2 232.553 234.288 5.39801
244 231.941 233.717 5.40518
244.8 230.866 232.738 5.40019
245.6 229.807 231.817 5.3804
246.4 229.696 231.869 5.34952
247.2 231.921 234.268 5.32105
248 238.247 240.771 5.31984
248.8 250.641 253.337 5.38103
249.6 271.026 273.888 5.54607
250.4 301.018 304.033 5.85655
251.2 341.677 344.818 6.34739
252 393.319 396.543 7.0408
252.8 455.42 458.66 7.94238
253.6 526.612 529.784 9.03995
254.4 604.766 607.773 10.3048
255.2 687.134 689.881 11.6948
256 770.535 772.944 13.1579
256.8 851.553 853.573 14.6355
257.6 926.748 928.361 16.0652
258.4 992.863 994.087 17.3833
259.2 1047.04 1047.92 18.5273
260 1087.02 1087.62 19.4396
260.8 1111.35 1111.75 20.0727
261.6 1119.52 1119.78 20.3947
262.4 1112.05 1112.22 20.3954
263.2 1090.48 1090.58 20.0905
264 1057.23 1057.27 19.521
264.8 1015.36 1015.32 18.7504
265.6 968.242 968.081 17.8555
266.4 919.204 918.885 16.9155
267.2 871.182 870.666 16.0011
268 826.452 825.71 15.165
268.8 786.484 785.505 14.4374
269.6 751.927 750.719 13.8266
270.4 722.716 721.308 13.3234
271.2 698.27 696.705 12.9082
272 677.724 676.052 12.5589
272.8 660.145 658.417 12.2559
273.6 644.706 642.967 11.9847
274.4 630.782 629.07 11.737
275.2 617.978 616.325 11.5083
276 606.109 604.544 11.2966
276.8 595.142 593.693 11.1012
277.6 585.13 583.827 10.9216
278.4 576.161 575.031 10.7582
279.2 568.314 567.377 10.6117
280 561.635 560.9 10.4829
280.8 556.132 555.591 10.3723
281.6 551.773 551.404 10.2789
282.4 548.489 548.257 10.2007
283.2 546.175 546.045 10.1354
284 544.695 544.64 10.0809
284.8 543.881 543.892 10.0367
285.6 543.554 543.64 10.0038
286.4 543.554 543.745 9.98314
287.2 543.811 544.148 9.97515
288 544.431 544.958 9.97836
288.8 545.796 546.547 9.99054
289.6 548.622 549.609 10.0115
290.4 553.942 555.144 10.0468
291.2 562.956 564.314 10.111
292 576.74 578.151 10.227
292.8 595.84 597.155 10.4217
293.6 619.83 620.861 10.7152
294.4 646.964 647.497 11.1089
295.2 674.054 673.869 11.5742
296 696.678 695.576 12.047
296.8 709.739 707.577 12.4326
297.6 708.324 705.043 12.62
298.4 688.672 684.319 12.5048
299.2 649.045 643.783 12.0146
300 590.267 584.361 11.1293
300.8 515.775 509.563 9.89086
301.6 431.138 424.99 8.39867
302.4 343.143 337.408 6.79116
303.2 258.649 253.611 5.21849
304 183.474 179.319 3.81341
304.8 121.567 118.366 2.66799
305.6 74.619 72.3357 1.82169
306.4 42.1628 40.675 1.26274
307.2 22.0757 21.2104 0.940806
308 11.3101 10.8792 0.786007
308.8 6.64831 6.4805 0.728255
309.6 5.30554 5.26677 0.71168
310.4 5.27504 5.27705 0.701439
311.2 5.39975 5.39709 0.682939
312 5.22976 5.20919 0.655855
312.8 4.76749 4.73435 0.626334
313.6 4.20515 4.17102 0.600483
314.4 3.73044 3.70465 0.580883
315.2 3.43142 3.41737 0.566296
316 3.29021 3.28576 0.553437
316.8 3.22928 3.22934 0.539272
317.6 3.16882 3.1684 0.522532
318.4 3.06513 3.06141 0.503914
319.2 2.91891 2.91177 0.485233
320 2.75952 2.75076 0.46821
320.8 2.6202 2.61222 0.453609
321.6 2.51897 2.51355 0.441079
322.4 2.45283 2.4505 0.429614
323.2 2.40443 2.40459 0.418262
324 2.35445 2.3559 0.40663
324.8 2.29204 2.29363 0.394972
325.6 2.21829 2.21935 0.383894
326.4 2.14273 2.14313 0.37391
327.2 2.07612 2.07611 0.365136
328 2.02416 2.02409 0.357266
328.8 1.98521 1.98531 0.349798
329.6 1.95234 1.9527 0.342343
330.4 1.91794 1.91856 0.334821
331.2 1.87774 1.87869 0.327451
332 1.83246 1.8339 0.320575
332.8 1.78649 1.78862 0.314427
333.6 1.74483 1.74777 0.309002
334.4 1.71029 1.71397 0.304077
335.2 1.68231 1.68644 0.299359
336 1.65779 1.66191 0.294652
336.8 1.63308 1.63678 0.289938
337.6 1.60604 1.60906 0.285343
338.4 1.57683 1.57917 0.281012
339.2 1.54734 1.54926 0.276979
340 1.51986 1.52173 0.273124
340.8 1.4956 1.49778 0.26922
341.6 1.47419 1.47689 0.265048
342.4 1.45407 1.45731 0.260504
343.2 1.43358 1.43722 0.255634
344 1.41191 1.41573 0.250578
344.8 1.38952 1.3933 0.24548
345.6 1.36772 1.37131 0.240398
346.4 1.34786 1.35116 0.235288
347.2 1.33047 1.33348 0.230056
348 1.31508 1.31783 0.224635
348.8 1.30046 1.30304 0.21905
349.6 1.28541 1.2879 0.213421
350.4 1.26934 1.27185 0.207902
351.2 1.25256 1.25521 0.202605
352 1.23602 1.23886 0.197548
352.8 1.2207 1.22372 0.19266
353.6 1.20709 1.2102 0.187837
354.4 1.19497 1.198 0.183011
355.2 1.18361 1.18636 0.178193
356 1.17219 1.17451 0.173466
356.8 1.16028 1.16209 0.168929
357.6 1.14796 1.14932 0.164638
358.4 1.13571 1.13678 0.160575
359.2 1.12408 1.12507 0.156666
360 1.11333 1.11444 0.15283
360.8 1.10332 1.10468 0.149036
361.6 1.09366 1.09532 0.145325
362.4 1.08395 1.08588 0.141794
363.2 1.07411 1.07621 0.138541
364 1.06435 1.06651 0.135617
364.8 1.05512 1.05724 0.133009
365.6 1.04677 1.0488 0.130657
366.4 1.03941 1.04133 0.128507
367.2 1.03278 1.03461 0.126545
368 1.02644 1.02824 0.124815
368.8 1.02003 1.02183 0.123384
369.6 1.01342 1.01527 0.122296
370.4 1.00678 1.00871 0.121536
371.2 1.00047 1.0025 0.121021
372 0.994827 0.996914 0.120631
372.8 0.989932 0.992035 0.120258
373.6 0.98561 0.987671 0.119844
374.4 0.981509 0.983474 0.119384
375.2 0.977284 0.979126 0.118902
376 0.972762 0.974486 0.118405
376.8 0.967988 0.969631 0.117855
377.6 0.963151 0.964766 0.117168
378.4 0.958434 0.960074 0.116246
379.2 0.953895 0.955589 0.115018
380 0.949427 0.951175 0.113472
380.8 0.944841 0.946609 0.111653
381.6 0.939979 0.941716 0.109636
382.4 0.934816 0.936466 0.107488
383.2 0.92947 0.93099 0.105243
384 0.924118 0.925489 0.102903
384.8 0.918891 0.920115 0.10047
385.6 0.913785 0.914886 0.0979672
386.4 0.908669 0.90968 0.0954593
387.2 0.903365 0.904322 0.0930364
388 0.897761 0.898696 0.0907812
388.8 0.891884 0.892821 0.0887342
389.6 0.885897 0.88685 0.0868796
390.4 0.880013 0.880981 0.085159
391.2 0.874387 0.875356 0.0835063
392 0.869039 0.869982 0.0818842
392.8 0.863854 0.86474 0.0803003
393.6 0.858657 0.859456 0.0787962
394.4 0.853313 0.854001 0.0774172
395.2 0.847793 0.848362 0.076181
396 0.842182 0.842641 0.0750654
396.8 0.836616 0.83699 0.074021
397.6 0.831201 0.83152 0.0730004
398.4 0.825954 0.82625 0.0719869
399.2 0.820802 0.821102 0.071003
400 0.815637 0.815965 0.0700964
0.8 2.43722 1.75576 128.553
1.6 2.86616 2.4224 133.009
2.4 3.56825 3.45499 139.456
3.2 4.53038 4.75768 146.737
4 5.74169 6.23256 153.797
4.8 7.19274 7.80096 160.105
5.6 8.86848 9.41589 166.01
6.4 10.7372 11.0625 172.882
7.2 12.7411 12.7477 182.962
8 14.7949 14.4842 198.885
8.8 16.7965 16.2747 222.959
9.6 18.6493 18.1034 256.38
10.4 20.2897 19.9362 298.616
11.2 21.7097 21.7289 347.179
12 22.9645 23.4407 397.909
12.8 24.1595 25.0459 445.74
13.6 25.418 26.5409 485.763
14.4 26.8391 27.9426 514.297
15.2 28.4597 29.2806 529.658
16 30.2354 30.5855 532.429
16.8 32.0496 31.8782 525.155
17.6 33.7487 33.1643 511.591
18.4 35.1955 34.4348 495.746
19.2 36.3205 35.674 481.002
20 37.1548 36.8689 469.55
20.8 37.8297 38.0197 462.238
21.6 38.5421 39.1442 458.792
22.4 39.494 40.2761 458.276
23.2 40.8264 41.4575 459.582
24 42.569 42.727 461.809
24.8 44.6248 44.108 464.427
25.6 46.7957 45.601 467.262
26.4 48.8428 47.1823 470.355
27.2 50.5627 48.8091 473.796
28 51.8547 50.4305 477.625
28.8 52.7558 51.9994 481.797
29.6 53.4319 53.4836 486.222
30.4 54.1254 54.8719 490.825
31.2 55.0771 56.1747 495.592
32 56.4466 57.4189 500.58
32.8 58.259 58.6403 505.894
33.6 60.3947 59.8741 511.657
34.4 62.628 61.1488 517.974
35.2 64.7007 62.4816 524.922
36 66.4082 63.8783 532.541
36.8 67.6685 65.3355 540.829
37.6 68.5508 66.8442 549.754
38.4 69.2549 68.3939 559.26
39.2 70.0457 69.9749 569.302
40 71.1664 71.5806 579.891
40.8 72.7577 73.2075 591.138
41.6 74.8108 74.8543 603.277
42.4 77.1704 76.5209 616.624
43.2 79.5859 78.2064 631.494
44 81.7965 79.9087 648.091
44.8 83.6192 81.6246 666.459
45.6 85.0133 83.3514 686.544
46.4 86.0968 85.0899 708.421
47.2 87.1112 86.8476 732.638
48 88.344 88.6415 760.539
48.8 90.0361 90.4974 794.415
49.6 92.3025 92.4477 837.261
50.4 95.0949 94.5233 892.094
51.2 98.2167 96.7449 960.857
52 101.385 99.1126 1043.18
52.8 104.321 101.598 1135.35
53.6 106.829 104.143 1229.9
54.4 108.853 106.661 1316.06
55.2 110.477 109.051 1381.2
56 111.875 111.214 1413.01
56.8 113.237 113.069 1401.9
57.6 114.691 114.573 1343.15
58.4 116.253 115.728 1238.15
59.2 117.823 116.589 1094.43
60 119.233 117.248 924.495
60.8 120.321 117.825 743.577
61.6 121.016 118.444 567.07
62.4 121.381 119.21 408.043
63.2 121.616 120.198 275.469
64 122.011 121.445 173.462
64.8 122.852 122.951 101.536
65.6 124.334 124.692 55.6915
66.4 126.491 126.633 29.9291
67.2 129.185 128.743 17.7825
68 132.152 130.997 13.5297
68.8 135.083 133.383 12.8953
69.6 137.734 135.89 13.2301
70.4 139.998 138.509 13.2852
71.2 141.942 141.222 12.7692
72 143.775 144.004 11.8761
72.8 145.769 146.831 10.9158
73.6 148.164 149.684 10.1058
74.4 151.077 152.552 9.51355
75.2 154.463 155.441 9.09433
76 158.13 158.361 8.76423
76.8 161.816 161.33 8.45815
77.6 165.284 164.364 8.15296
78.4 168.413 167.48 7.85924
79.2 171.249 170.697 7.59882
80 173.987 174.038 7.38583
80.8 176.901 177.528 7.22057
81.6 180.241 181.189 7.09478
82.4 184.137 185.034 7.00058
83.2 188.553 189.058 6.9351
84 193.307 193.243 6.89792
84.8 198.15 197.567 6.88483
85.6 202.881 202.03 6.88403
86.4 207.445 206.668 6.87964
87.2 211.967 211.558 6.86136
88 216.715 216.804 6.83398
88.8 221.993 222.5 6.81916
89.6 228.018 228.696 6.84554
90.4 234.83 235.378 6.93129
91.2 242.296 242.494 7.06948
92 250.207 250.015 7.22728
92.8 258.446 258.029 7.36342
93.6 267.152 266.821 7.45656
94.4 276.805 276.893 7.52796
95.2 288.158 288.888 7.64086
96 302.015 303.415 7.87017
96.8 318.908 320.797 8.25431
97.6 338.771 340.827 8.75706
98.4 360.731 362.614 9.26893
99.2 383.112 384.581 9.66038
100 403.69 404.673 9.86703
100.8 420.121 420.715 9.95722
101.6 430.456 430.857 10.1241
102.4 433.574 433.976 10.5733
103.2 429.42 429.926 11.3378
104 418.969 419.563 12.1256
104.8 403.966 404.539 12.3451
105.6 386.501 386.932 11.4378
106.4 368.571 368.811 9.5452
107.2 351.741 351.862 8.37943
108 336.976 337.164 12.0066
108.8 324.658 325.146 27.1599
109.6 314.732 315.701 62.7406
110.4 306.907 308.399 128.358
111.2 300.821 302.709 232.07
112 296.147 298.158 377.808
112.8 292.611 294.412 563.203
113.6 289.958 291.26 778.54
114.4 287.923 288.562 1007.35
115.2 286.21 286.18 1228.72
116 284.525 283.952 1420.91
116.8 282.615 281.692 1565.46
117.6 280.327 279.232 1650.65
118.4 277.626 276.466 1673.63
119.2 274.583 273.38 1640.44
120 271.337 270.049 1564.21
120.8 268.04 266.61 1461.94
121.6 264.817 263.217 1350.82
122.4 261.746 260.002 1245.07
123.2 258.863 257.048 1153.96
124 256.182 254.388 1081.37
124.8 253.716 252.018 1026.64
125.6 251.481 249.913 986.277
126.4 249.493 248.047 955.817
127.2 247.755 246.391 931.291
128 246.245 244.913 910.025
128.8 244.908 243.571 890.737
129.6 243.672 242.311 873.154
130.4 242.458 241.069 857.475
131.2 241.203 239.786 843.917
132 239.863 238.419 832.502
132.8 238.422 236.955 823.047
133.6 236.885 235.411 815.272
134.4 235.271 233.832 808.897
135.2 233.609 232.271 803.678
136 231.934 230.782 799.41
136.8 230.286 229.399 795.933
137.6 228.711 228.14 793.212
138.4 227.25 227.002 791.45
139.2 225.932 225.968 791.166
140 224.766 225.019 793.095
140.8 223.736 224.135 797.863
141.6 222.803 223.3 805.44
142.4 221.915 222.496 814.549
143.2 221.017 221.7 822.261
144 220.061 220.874 824.043
144.8 219.01 219.966 814.371
145.6 217.837 218.911 787.87
146.4 216.527 217.651 740.706
147.2 215.076 216.149 671.843
148 213.503 214.409 583.75
148.8 211.856 212.497 482.289
149.6 210.218 210.529 375.75
150.4 208.695 208.656 273.26
151.2 207.39 207.023 182.991
152 206.357 205.713 110.641
152.8 205.556 204.698 58.5898
153.6 204.815 203.81 25.8919
154.4 203.832 202.741 9.02931
155.2 202.21 201.089 3.13544
156 199.54 198.441 3.29483
156.8 195.503 194.474 5.56274
157.6 189.97 189.052 7.48682
158.4 183.068 182.292 8.10098
159.2 175.189 174.572 7.52716
160 166.937 166.478 6.41057
160.8 159.021 158.699 5.41182
161.6 152.117 151.894 4.90209
162.4 146.742 146.571 4.89757
163.2 143.168 142.997 5.17368
164 141.399 141.179 5.45023
164.8 141.203 140.9 5.54353
165.6 142.204 141.802 5.4271
166.4 143.983 143.489 5.19919
167.2 146.173 145.621 4.99836
168 148.519 147.96 4.92147
168.8 150.887 150.386 4.98364
169.6 153.246 152.864 5.12979
170.4 155.622 155.406 5.2799
171.2 158.053 158.025 5.3774
172 160.562 160.713 5.41493
172.8 163.143 163.442 5.42865
173.6 165.78 166.183 5.47008
174.4 168.453 168.917 5.57447
175.2 171.155 171.652 5.74292
176 173.894 174.415 5.94542
176.8 176.685 177.242 6.1398
177.6 179.548 180.163 6.29405
178.4 182.507 183.197 6.39968
179.2 185.59 186.362 6.47078
180 188.839 189.68 6.53146
180.8 192.312 193.189 6.60044
181.6 196.065 196.936 6.68143
182.4 200.135 200.956 6.76368
183.2 204.517 205.254 6.83076
184 209.164 209.799 6.87163
184.8 214.02 214.552 6.88755
185.6 219.081 219.526 6.89178
186.4 224.478 224.859 6.90321
187.2 230.525 230.872 6.93841
188 237.727 238.066 7.00638
188.8 246.681 247.034 7.10821
189.6 257.905 258.291 7.24041
190.4 271.618 272.048 7.39858
191.2 287.532 288.008 7.57851
192 304.74 305.259 7.77375
192.8 321.765 322.314 7.97155
193.6 336.758 337.321 8.15047
194.4 347.85 348.411 8.2823
195.2 353.54 354.086 8.33868
196 353.031 353.562 8.30002
196.8 346.421 346.95 8.16285
197.6 334.678 335.23 7.94205
198.4 319.421 320.029 7.66695
199.2 302.555 303.246 7.3726
200 285.869 286.658 7.09015
200.8 270.704 271.588 6.83969
201.6 257.774 258.73 6.62818
202.4 247.164 248.157 6.45208
203.2 238.495 239.488 6.30275
204 231.168 232.136 6.1718
204.8 224.61 225.547 6.05414
205.6 218.434 219.355 5.94812
206.4 212.469 213.407 5.85345
207.2 206.669 207.661 5.76859
208 200.952 202.026 5.68878
208.8 195.035 196.198 5.60573
209.6 188.359 189.593 5.50863
210.4 180.15 181.414 5.38614
211.2 169.601 170.843 5.22879
212 156.153 157.32 5.03141
212.8 139.763 140.815 4.79529
213.6 121.077 121.994 4.52973
214.4 101.424 102.205 4.25228
215.2 82.6264 83.2837 3.98711
216 66.6456 67.1987 3.76136
216.8 55.1842 55.6537 3.59996
217.6 49.3391 49.7441 3.52024
218.4 49.4086 49.7685 3.52807
219.2 54.8942 55.2313 3.6167
220 64.6713 65.0123 3.76862
220.8 77.2545 77.6279 3.95969
221.6 91.0681 91.4982 4.16397
222.4 104.663 105.163 4.35817
223.2 116.877 117.451 4.52512
224 126.998 127.645 4.65683
224.8 134.997 135.736 4.75839
225.6 141.881 142.777 4.85301
226.4 150.103 151.293 4.98752
227.2 163.894 165.598 5.23556
228 189.27 191.773 5.69519
228.8 233.52 237.128 6.47787
229.6 304.064 309.033 7.68832
230.4 406.786 413.24 9.39799
231.2 544.167 552.034 11.6183
232 713.702 722.68 14.2811
232.8 907.121 916.701 17.234
233.6 1110.8 1120.33 20.2536
234.4 1307.43 1316.25 23.0765
235.2 1478.75 1486.26 25.4414
236 1608.67 1614.46 27.1334
236.8 1686.12 1690.04 28.0208
237.6 1707.01 1709.12 28.0745
238.4 1674.6 1675.18 27.3686
239.2 1598.58 1597.96 26.06
240 1492.75 1491.31 24.3562
240.8 1372.31 1370.35 22.4757
241.6 1251.07 1248.83 20.6134
242.4 1139.51 1137.13 18.9145
243.2 1043.75 1041.32 17.4634
244 965.603 963.21 16.2844
244.8 903.52 901.257 15.3538
245.6 853.84 851.813 14.617
246.4 812.134 810.44 14.0062
247.2 774.238 772.934 13.4546
248 736.879 735.952 12.9073
248.8 697.928 697.286 12.3255
249.6 656.383 655.874 11.6895
250.4 612.249 611.691 10.9975
251.2 566.367 565.6 10.2643
252 520.254 519.176 9.51839
252.8 475.884 474.477 8.7969
253.6 435.406 433.731 8.13971
254.4 400.777 398.95 7.58188
255.2 373.39 371.543 7.14662
256 353.786 352.029 6.84072
256.8 341.556 339.958 6.65382
257.6 335.498 334.076 6.56229
258.4 333.97 332.7 6.5364
259.2 335.351 334.189 6.54861
260 338.43 337.33 6.5799
260.8 342.595 341.523 6.62221
261.6 347.772 346.707 6.67631
262.4 354.153 353.088 6.74673
263.2 361.883 360.816 6.83645
264 370.858 369.802 6.94435
264.8 380.79 379.774 7.067
265.6 391.51 390.598 7.2042
266.4 403.397 402.694 7.36543
267.2 417.683 417.326 7.57329
268 436.398 436.529 7.86042
268.8 461.83 462.553 8.25904
269.6 495.558 496.889 8.78508
270.4 537.345 539.171 9.42196
271.2 584.271 586.338 10.1107
272 630.528 632.471 10.7511
272.8 668.096 669.502 11.2169
273.6 688.26 688.754 11.3818
274.4 683.622 682.96 11.1502
275.2 650.062 648.19 10.4833
276 588.042 585.119 9.41424
276.8 502.84 499.203 8.044
277.6 403.587 399.678 6.52218
278.4 301.359 297.626 5.01506
279.2 206.844 203.651 3.67126
280 128.24 125.804 2.59377
280.8 69.9241 68.2965 1.82553
281.6 32.1796 31.2663 1.35103
282.4 11.9303 11.5463 1.11152
283.2 4.14798 4.08091 1.02786
284 3.43739 3.50251 1.02331
284.8 5.33313 5.40644 1.04007
285.6 7.00762 7.03281 1.04617
286.4 7.32898 7.30324 1.03307
287.2 6.42299 6.37198 1.00718
288 5.01577 4.96926 0.979766
288.8 3.83678 3.81273 0.959086
289.6 3.26584 3.26584 0.946952
290.4 3.26936 3.28316 0.939476
291.2 3.55005 3.56406 0.930361
292 3.77327 3.77807 0.91447
292.8 3.743 3.73666 0.889928
293.6 3.45987 3.44675 0.858183
294.4 3.06606 3.05295 0.822501
295.2 2.73405 2.72611 0.786041
296 2.56801 2.56666 0.750537
296.8 2.56431 2.56745 0.716102
297.6 2.63709 2.64105 0.681945
298.4 2.68135 2.68313 0.647415
299.2 2.6328 2.63138 0.612693
300 2.49397 2.49029 0.578824
300.8 2.31948 2.3154 0.547175
301.6 2.17631 2.17333 0.518724
302.4 2.10459 2.10314 0.493621
303.2 2.1001 2.09957 0.471222
304 2.12384 2.12325 0.450534
304.8 2.12913 2.12787 0.430763
305.6 2.08851 2.08674 0.411656
306.4 2.00597 2.00443 0.393486
307.2 1.90992 1.90939 0.376739
308 1.83372 1.83451 0.36173
308.8 1.79632 1.79802 0.348381
309.6 1.79348 1.7952 0.336264
310.4 1.80321 1.80409 0.324857
311.2 1.80031 1.79993 0.313822
312 1.77075 1.7694 0.303156
312.8 1.71808 1.71653 0.293114
313.6 1.65914 1.65823 0.283999
314.4 1.61291 1.61315 0.275932
315.2 1.58954 1.5909 0.268762
316 1.58569 1.58767 0.262146
316.8 1.58802 1.58997 0.255735
317.6 1.5819 1.58336 0.249354
318.4 1.55983 1.56075 0.243062
319.2 1.52488 1.52555 0.23707
320 1.48769 1.48857 0.231567
320.8 1.45951 1.46098 0.226587
321.6 1.44565 1.44779 0.221973
322.4 1.44299 1.44563 0.21747
323.2 1.44266 1.44544 0.212867
324 1.43571 1.43827 0.20811
324.8 1.4183 1.42041 0.203304
325.6 1.39345 1.39505 0.198608
326.4 1.36865 1.36979 0.194091
327.2 1.35107 1.35187 0.189624
328 1.34342 1.34398 0.18488
328.8 1.3427 1.34314 0.179446
329.6 1.34241 1.34285 0.172964
330.4 1.33662 1.33722 0.165256
331.2 1.32342 1.32433 0.156357
332 1.30573 1.30705 0.146467
332.8 1.28934 1.29107 0.135862
333.6 1.27936 1.28138 0.124832
334.4 1.27733 1.27943 0.113666
335.2 1.28059 1.28256 0.102679
336 1.28403 1.28578 0.0922422
336.8 1.28316 1.28474 0.0827653
337.6 1.27651 1.27809 0.0746222
338.4 1.26614 1.26791 0.0680466
339.2 1.25604 1.25811 0.0630536
340 1.24958 1.25194 0.0594349
340.8 1.24754 1.25003 0.0568395
341.6 1.24777 1.25016 0.0549046
342.4 1.24663 1.24871 0.0533775
343.2 1.24119 1.24289 0.0521737
344 1.23089 1.23225 0.0513521
344.8 1.21769 1.21888 0.0510329
345.6 1.2048 1.20601 0.0513078
346.4 1.19475 1.19612 0.0521909
347.2 1.18803 1.18958 0.0536257
348 1.18298 1.18465 0.0555285
348.8 1.177 1.17868 0.0578297
349.6 1.16816 1.16973 0.0604795
350.4 1.15635 1.15774 0.0634133
351.2 1.1432 1.1444 0.0665042
352 1.13105 1.13209 0.0695382
352.8 1.12148 1.12243 0.0722411
353.6 1.11444 1.11534 0.0743496
354.4 1.10834 1.10924 0.0756957
355.2 1.1011 1.10201 0.0762589
356 1.0914 1.09235 0.0761598
356.8 1.07946 1.08046 0.0755983
357.6 1.06686 1.0679 0.0747703
358.4 1.05551 1.0566 0.0738043
359.2 1.0466 1.04772 0.0727489
360 1.03988 1.04101 0.0716064
360.8 1.03393 1.03506 0.0703862
361.6 1.02705 1.02817 0.0691401
362.4 1.01826 1.01939 0.0679574
363.2 1.00788 1.00901 0.0669237
364 0.997237 0.998372 0.0660717
364.8 0.987861 0.988976 0.0653568
365.6 0.980558 0.981619 0.0646744
366.4 0.974962 0.975941 0.0639116
367.2 0.969793 0.970685 0.0630029
368 0.963633 0.964472 0.0619593
368.8 0.955749 0.956608 0.0608546
369.6 0.946475 0.947447 0.0597795
370.4 0.93696 0.938128 0.058791
371.2 0.928451 0.929865 0.0578872
372 0.921563 0.923226 0.0570208
372.8 0.91596 0.917833 0.0561399
373.6 0.910605 0.912621 0.0552292
374.4 0.904403 0.906495 0.0543264
375.2 0.896841 0.898959 0.0535022
376 0.888244 0.89036 0.0528177
376.8 0.879524 0.881625 0.052286
377.6 0.871593 0.87367 0.0518613
378.4 0.864809 0.866848 0.0514638
379.2 0.85879 0.860768 0.0510241
380 0.852676 0.85457 0.0505228
380.8 0.845676 0.847468 0.0500009
381.6 0.837549 0.839242 0.0495364
382.4 0.828746 0.830361 0.0492017
383.2 0.820131 0.821701 0.0490278
384 0.812467 0.814029 0.048995
384.8 0.805983 0.807564 0.0490531
385.6 0.800266 0.801882 0.0491575
386.4 0.794536 0.796189 0.0492937
387.2 0.788122 0.789806 0.0494761
388 0.780847 0.782551 0.0497188
388.8 0.7731 0.774813 0.0499985
389.6 0.765573 0.767284 0.0502326
390.4 0.758824 0.76052 0.05029
391.2 0.752949 0.754615 0.0500332
392 0.747546 0.749163 0.0493698
392.8 0.741984 0.743536 0.0482892
393.6 0.735815 0.737292 0.046864
394.4 0.729059 0.73046 0.0452186
395.2 0.722217 0.723552 0.0434812
396 0.715989 0.717276 0.0417453
396.8 0.710889 0.712153 0.0400577
397.6 0.706975 0.708242 0.0384334
398.4 0.703855 0.705147 0.0368837
399.2 0.700943 0.702279 0.0354357
400 0.697826 0.699218 0.0341312
