0 1 1 1
0.002 0.902635 0.90266 0.975732
0.004 0.635975 0.636059 0.905013
0.006 0.26875 0.268877 0.793807
0.008 -0.107133 -0.107028 0.651175
0.01 -0.402543 -0.402558 0.488162
0.012 -0.555001 -0.555224 0.316585
0.014 -0.543945 -0.54441 0.147911
0.016 -0.393867 -0.394525 -0.00764556
0.018 -0.165082 -0.165801 -0.141737
0.02 0.065023 0.0644282 -0.24821
0.022 0.224964 0.224673 -0.323195
0.024 0.269738 0.269856 -0.365044
0.026 0.192812 0.193324 -0.374212
0.028 0.0259703 0.0267255 -0.353114
0.03 -0.17256 -0.171811 -0.305982
0.032 -0.33737 -0.336904 -0.238663
0.034 -0.416117 -0.416146 -0.158305
0.036 -0.384562 -0.385161 -0.0728935
0.038 -0.252394 -0.253462 0.00937928
0.04 -0.058761 -0.0600375 0.0808499
0.042 0.14063 0.139499 0.135145
0.044 0.290738 0.290106 0.167851
0.046 0.353501 0.353611 0.176983
0.048 0.318297 0.319212 0.163145
0.05 0.203552 0.205129 0.129356
0.052 0.0493661 0.0512919 0.080557
0.054 -0.0959753 -0.0940964 0.0228959
0.056 -0.191008 -0.189545 -0.0370816
0.058 -0.212881 -0.212076 -0.0931963
0.06 -0.162656 -0.16257 -0.140251
0.062 -0.0630733 -0.0635842 -0.174433
0.064 0.0499812 0.0491262 -0.193492
0.066 0.139329 0.138427 -0.196716
0.068 0.177899 0.177199 -0.184775
0.07 0.156225 0.155857 -0.159477
0.072 0.0839776 0.0839277 -0.123505
0.074 -0.0145236 -0.0143921 -0.0801528
0.076 -0.108926 -0.10881 -0.0330718
0.078 -0.172522 -0.172601 0.0139778
0.08 -0.189885 -0.190253 0.0573913
0.082 -0.160321 -0.16095 0.0939905
0.084 -0.0965322 -0.0972842 0.121287
0.086 -0.0194219 -0.0200947 0.137703
0.088 0.0489689 0.0485765 0.142713
0.09 0.0920443 0.0920692 0.136868
0.092 0.102786 0.103261 0.121692
0.094 0.0844399 0.0852888 0.0994455
0.096 0.047971 0.0490371 0.0728057
0.098 0.00751863 0.00861423 0.044506
0.1 -0.0243959 -0.023436 0.0169968
0.102 -0.040318 -0.0395968 -0.00781597
0.104 -0.0390543 -0.0385988 -0.0287244
0.106 -0.0246204 -0.024394 -0.0452525
0.108 -0.0037303 -0.00366353 -0.0575844
0.11 0.0169979 0.0169726 -0.0664157
0.112 0.0330486 0.0329713 -0.0727621
0.114 0.0426437 0.0425209 -0.0777572
0.116 0.0460722 0.0458874 -0.0824631
0.118 0.0443139 0.0440496 -0.0877091
0.12 0.0377885 0.037446 -0.0939681
0.122 0.0259093 0.0255168 -0.101275
0.124 0.00768086 0.00728496 -0.109195
0.126 -0.016967 -0.0173226 -0.116848
0.128 -0.0458188 -0.0461182 -0.122995
0.13 -0.0737944 -0.0740647 -0.126182
0.132 -0.0936817 -0.0939899 -0.124944
0.134 -0.0981684 -0.0985975 -0.118025
0.136 -0.0825664 -0.0831772 -0.104603
0.138 -0.047218 -0.0480108 -0.0844671
0.14 0.00145559 0.000563534 -0.0581179
0.142 0.0519206 0.0510892 -0.0267738
0.144 0.0904802 0.0899095 0.00772639
0.146 0.105423 0.105293 0.0431046
0.148 0.0910405 0.0914496 0.0768761
0.15 0.050091 0.0510069 0.106595
0.152 -0.00630573 -0.00505283 0.130075
0.154 -0.0615241 -0.0602073 0.145562
0.156 -0.0982957 -0.0972206 0.151847
0.158 -0.104111 -0.103529 0.148326
0.16 -0.0754337 -0.075466 0.135022
0.162 -0.0193027 -0.0199022 0.112583
0.164 0.0483319 0.0473698 0.0822524
0.166 0.107177 0.106154 0.0458315
0.168 0.138743 0.137965 0.00560157
0.17 0.132163 0.131846 -0.0357985
0.172 0.0877971 0.0879985 -0.0755517
0.174 0.0173922 0.017994 -0.110896
0.176 -0.0593119 -0.0585647 -0.139387
0.178 -0.120505 -0.11992 -0.159158
0.18 -0.148901 -0.148736 -0.169124
0.182 -0.136953 -0.137331 -0.169095
0.184 -0.089084 -0.0899504 -0.159779
0.186 -0.02026 -0.0213953 -0.142652
0.188 0.0486564 0.0475664 -0.119743
0.19 0.0973189 0.0965847 -0.0933499
0.192 0.112083 0.111914 -0.0657527
0.194 0.09003 0.0904672 -0.0389687
0.196 0.0395821 0.0404903 -0.0145863
0.198 -0.0224056 -0.0212947 0.00630626
0.2 -0.0760869 -0.0750871 0.0231077
0.202 -0.104808 -0.104179 0.0356295
0.204 -0.100091 -0.0999624 0.0439948
0.206 -0.0639266 -0.0642623 0.0485407
0.208 -0.00777901 -0.0084021 0.0497425
0.21 0.0512596 0.0505992 0.0481647
0.212 0.095875 0.0954112 0.0444313
0.214 0.113765 0.113636 0.0391985
0.216 0.101092 0.101298 0.0331173
0.218 0.0631569 0.0635648 0.0267776
0.22 0.0122392 0.012641 0.0206402
0.222 -0.0365559 -0.036366 0.0149731
0.224 -0.0700177 -0.070165 0.0098131
0.226 -0.080607 -0.0810886 0.00497211
0.228 -0.0681916 -0.0688762 9.39747e-05
0.23 -0.0393716 -0.0400457 -0.00524351
0.232 -0.00480832 -0.00525312 -0.0114023
0.234 0.0244347 0.024364 -0.0185617
0.236 0.0403021 0.0406218 -0.0266295
0.238 0.0398539 0.0404421 -0.0352085
0.24 0.0255301 0.026166 -0.043628
0.242 0.00368371 0.00412151 -0.0510333
0.244 -0.0179471 -0.017894 -0.0565146
0.246 -0.0328705 -0.0332643 -0.0592484
0.248 -0.0376903 -0.0384454 -0.058625
0.25 -0.0326557 -0.0335653 -0.0543417
0.252 -0.0209049 -0.0217082 -0.0464499
0.254 -0.0068529 -0.00732119 -0.0353579
0.256 0.00557057 0.00555931 -0.0217945
0.258 0.0141644 0.0145863 -0.00674451
0.26 0.0187838 0.0194787 0.00863286
0.262 0.0207586 0.0214848 0.0230978
0.264 0.0217715 0.0222853 0.0354297
0.266 0.0227549 0.0228893 0.0445308
0.268 0.0233165 0.0230315 0.0495302
0.27 0.0219475 0.0213368 0.0498784
0.272 0.016909 0.0161614 0.0454223
0.274 0.00738344 0.00671483 0.0364462
0.276 -0.00565693 -0.006077 0.0236678
0.278 -0.0193167 -0.0194182 0.0081818
0.28 -0.0295373 -0.0293646 -0.00864318
0.282 -0.0325324 -0.0322167 -0.0253043
0.284 -0.0263726 -0.0260744 -0.0403188
0.286 -0.0120803 -0.0119221 -0.0523707
0.288 0.00627107 0.00625542 -0.0604306
0.29 0.0226163 0.0224973 -0.0638334
0.292 0.0308432 0.0307708 -0.0623127
0.294 0.026991 0.0271374 -0.0559944
0.296 0.0109122 0.0114041 -0.0453614
0.298 -0.0132565 -0.0123928 -0.0312008
0.3 -0.038093 -0.0369512 -0.0145405
0.302 -0.0551234 -0.0538949 0.00341809
0.304 -0.0576062 -0.056522 0.0213767
0.306 -0.0429438 -0.0421999 0.0380264
0.308 -0.0138725 -0.0135656 0.0521463
0.31 0.0220462 0.0219514 0.062711
0.312 0.0545624 0.0542218 0.0689942
0.314 0.0738751 0.0735131 0.0706529
0.316 0.0737781 0.0736121 0.0677726
0.318 0.0537758 0.0539435 0.0608585
0.32 0.0194361 0.0199494 0.0507676
0.322 -0.01919 -0.0184482 0.0385886
0.324 -0.0506182 -0.0498531 0.0254903
0.326 -0.0654934 -0.0649277 0.0125671
0.328 -0.0595302 -0.0593284 0.000709165
0.33 -0.0348844 -0.0350971 -0.00947751
0.332 0.000498118 -4.92506e-05 -0.0176916
0.334 0.0353594 0.0346593 -0.0239003
0.336 0.0586554 0.0580242 -0.0282624
0.338 0.0630076 0.0626312 -0.0310357
0.34 0.0469811 0.0469477 -0.0324914
0.342 0.0154721 0.015744 -0.032856
0.344 -0.0219003 -0.0214709 -0.0322855
0.346 -0.0538545 -0.0534724 -0.0308709
0.348 -0.0709634 -0.0708187 -0.0286599
0.35 -0.0685079 -0.0687091 -0.0256816
0.352 -0.0477837 -0.0483201 -0.021962
0.354 -0.0154968 -0.0162415 -0.017524
0.356 0.0185025 0.0177509 -0.0123777
0.358 0.0443778 0.0438287 -0.00650824
0.36 0.0553234 0.0551265 0.000124193
0.362 0.0494918 0.0496913 0.00756468
0.364 0.0302662 0.0307906 0.0158219
0.366 0.00487057 0.0055615 0.0248125
0.368 -0.0181515 -0.0174831 0.034306
0.37 -0.0317186 -0.0312298 0.0438906
0.372 -0.0323464 -0.0321138 0.0529739
0.374 -0.0209863 -0.0209891 0.0608261
0.376 -0.00238042 -0.00251841 0.0666646
0.378 0.016762 0.0166227 0.0697622
0.38 0.0300917 0.0300635 0.0695616
0.382 0.0336513 0.0337806 0.0657703
0.384 0.0269607 0.0272108 0.0584188
0.386 0.0128661 0.0131322 0.0478723
0.388 -0.00370382 -0.00355223 0.0347962
0.39 -0.0175677 -0.0176339 0.0200855
0.392 -0.0250369 -0.0253542 0.00477354
0.394 -0.0249848 -0.0254988 -0.0100646
0.396 -0.0189245 -0.019509 -0.023401
0.398 -0.0101509 -0.0106505 -0.0343302
0.4 -0.0023314 -0.00261675 -0.0421275
0.402 0.00190059 0.00188552 -0.0462948
0.404 0.00182939 0.00204541 -0.0465932
0.406 -0.00127385 -0.000949355 -0.0430643
0.408 -0.00487029 -0.00460126 -0.0360363
0.41 -0.00633715 -0.00627096 -0.0261095
0.412 -0.00412967 -0.00434385 -0.0141167
0.414 0.00153915 0.00106655 -0.00105537
0.416 0.00876237 0.00814751 0.0120034
0.418 0.0147132 0.0141274 0.0240203
0.42 0.0168186 0.0164291 0.0340925
0.422 0.0138661 0.0137764 0.0415421
0.424 0.00659877 0.00681034 0.0459736
0.426 -0.00245268 -0.00204312 0.0472938
0.428 -0.00985967 -0.00942696 0.0456928
0.43 -0.0125893 -0.0123206 0.0415949
0.432 -0.00921764 -0.00924796 0.0355904
0.434 -0.000594799 -0.000959553 0.0283618
0.436 0.0103149 0.00969362 0.020616
0.438 0.0193974 0.0186855 0.0130282
0.44 0.0228372 0.0222325 0.00619813
0.442 0.0185394 0.0182036 0.00061664
0.444 0.00700568 0.00700785 -0.00336158
0.446 -0.00867579 -0.00838464 -0.00554023
0.448 -0.0237601 -0.0233323 -0.00589725
0.45 -0.0334 -0.0330406 -0.00458925
0.452 -0.034301 -0.0341974 -0.0019381
0.454 -0.0258992 -0.0261563 0.00160454
0.456 -0.0106411 -0.0112415 0.00551462
0.458 0.0067581 0.00595252 0.00926882
0.46 0.0208454 0.0200527 0.0124211
0.462 0.0272424 0.0266923 0.0146676
0.464 0.0241232 0.0239842 0.0158858
0.466 0.0128497 0.013175 0.0161385
0.468 -0.0024658 -0.0017557 0.0156413
0.47 -0.0163326 -0.0154261 0.0147019
0.472 -0.0237334 -0.0228705 0.0136454
0.474 -0.0218307 -0.0212313 0.0127429
0.476 -0.010951 -0.0107511 0.0121597
0.478 0.00549351 0.00527617 0.0119318
0.48 0.0221219 0.0215848 0.0119734
0.482 0.0333693 0.0326868 0.0121084
0.484 0.035341 0.0347047 0.0121141
0.486 0.0271131 0.0266716 0.0117644
0.488 0.0110465 0.0108647 0.0108639
0.49 -0.00798792 -0.00793897 0.00926682
0.492 -0.0242089 -0.0240297 0.00688472
0.494 -0.0328115 -0.0326291 0.0036878
0.496 -0.0315112 -0.0314295 -0.00029202
0.498 -0.0212379 -0.0213006 -0.00495226
0.5 -0.00576137 -0.00593951 -0.0101055
0.502 0.00961198 0.0094032 -0.0154652
0.504 0.0198191 0.0196829 -0.0206414
0.506 0.0216985 0.0217122 -0.0251547
0.508 0.0149767 0.0151579 -0.0284757
0.51 0.00227187 0.00256709 -0.0300874
0.512 -0.0118622 -0.0115622 -0.0295623
0.514 -0.0225078 -0.0223311 -0.0266406
0.516 -0.0260295 -0.0260789 -0.0212921
0.518 -0.0212435 -0.0215595 -0.0137464
0.52 -0.00973263 -0.0102783 -0.00448561
0.522 0.0047715 0.00410037 0.00580249
0.524 0.017702 0.0170433 0.0163009
0.526 0.0251998 0.0246815 0.026155
0.528 0.0253587 0.0250589 0.0345638
0.53 0.0187617 0.0186874 0.0408552
0.532 0.00815483 0.00824501 0.0445384
0.534 -0.00259748 -0.0024456 0.0453305
0.536 -0.00989096 -0.00978209 0.0431616
0.538 -0.0116072 -0.0116096 0.0381647
0.54 -0.00777032 -0.00789256 0.0306581
0.542 -0.000428593 -0.000618537 0.0211224
0.544 0.0071705 0.00700343 0.0101739
0.546 0.0117977 0.0117464 -0.00146911
0.548 0.011412 0.0115347 -0.0130312
0.55 0.00587222 0.00616796 -0.023736
0.552 -0.00304779 -0.00264233 -0.0328725
0.554 -0.0123273 -0.0119182 -0.0398626
0.556 -0.0187967 -0.0184975 -0.0443207
0.558 -0.020267 -0.0201599 -0.0460923
0.56 -0.016289 -0.016397 -0.0452646
0.562 -0.00828291 -0.00856168 -0.0421446
0.564 0.000997469 0.000644145 -0.0372085
0.566 0.00846188 0.00814887 -0.0310326
0.568 0.0117804 0.011602 -0.0242178
0.57 0.0101897 0.0101876 -0.0173221
0.572 0.00472645 0.00487662 -0.0108108
0.574 -0.0021839 -0.00196226 -0.00502983
0.576 -0.00762998 -0.00744563 -0.00020043
0.578 -0.00927976 -0.00923156 0.00356989
0.58 -0.00622853 -0.00637149 0.00626787
0.582 0.0006702 0.000343194 0.00795349
0.584 0.00910398 0.00865874 0.00874154
0.586 0.0161203 0.0156575 0.00878611
0.588 0.0191715 0.0187913 0.00826576
0.59 0.0170167 0.0167836 0.00736611
0.592 0.0101636 0.0100846 0.0062583
0.594 0.000699834 0.000722031 0.00507438
0.596 -0.00842367 -0.00839488 0.00388439
0.598 -0.0144029 -0.0144724 0.00268179
0.6 -0.0155311 -0.0157803 0.0013835
0.602 -0.0117602 -0.0122227 -0.000151712
0.604 -0.00468304 -0.00533833 -0.00208778
0.606 0.00304857 0.00226209 -0.00456507
0.608 0.00866065 0.0078178 -0.00765343
0.61 0.0102175 0.00937418 -0.011316
0.612 0.00727348 0.00644162 -0.0153929
0.614 0.000995783 0.000134511 -0.0196103
0.616 -0.00627353 -0.00724778 -0.0236126
0.618 -0.0118544 -0.0130422 -0.0270114
0.62 -0.013666 -0.0151528 -0.0294408
0.622 -0.0109366 -0.0127656 -0.0306084
0.624 -0.00444464 -0.00660301 -0.0303317
0.626 0.00378436 0.0013599 -0.0285581
0.628 0.0112054 0.00860734 -0.0253668
0.63 0.0156428 0.012963 -0.0209578
0.632 0.0160255 0.013327 -0.0156329
0.634 0.0127129 0.0100139 -0.00977384
0.636 0.00730837 0.00458346 -0.00382007
0.638 0.00203708 -0.000764852 0.00175565
0.64 -0.00108165 -0.00400938 0.00647542
0.642 -0.000968146 -0.00403973 0.00989125
0.644 0.00213904 -0.0010451 0.0116271
0.646 0.00679127 0.00357743 0.0114249
0.648 0.0108806 0.00775638 0.00918726
0.65 0.0124307 0.00952466 0.00500773
0.652 0.0103422 0.00776137 -0.000819565
0.654 0.00482327 0.00262935 -0.00781786
0.656 -0.0026488 -0.00444875 -0.0153726
0.658 -0.00982275 -0.0112688 -0.0227977
0.66 -0.0144518 -0.0156095 -0.0294137
0.662 -0.015081 -0.016013 -0.0346225
0.664 -0.0115658 -0.0123063 -0.0379692
0.666 -0.0051379 -0.00567792 -0.0391807
0.668 0.00200614 0.00171949 -0.038178
0.67 0.00745196 0.00750181 -0.0350665
0.672 0.00939031 0.00986817 -0.0301087
0.674 0.00723143 0.00821424 -0.0236893
0.676 0.00179952 0.00333285 -0.0162776
0.678 -0.0049578 -0.00286621 -0.0083942
0.68 -0.0106433 -0.00801945 -0.00057907
0.682 -0.013235 -0.010127 0.00663831
0.684 -0.0117781 -0.00824318 0.0127708
0.686 -0.00670964 -0.00280426 0.0174084
0.688 0.000294266 0.00451738 0.0202533
0.69 0.00689108 0.011379 0.0211519
0.692 0.0108654 0.0155568 0.0201146
0.694 0.0108708 0.0156884 0.0173182
0.696 0.0068698 0.0117164 0.0130865
0.698 0.000128446 0.00489012 0.00784885
0.7 -0.00722498 -0.00267005 0.0020841
0.702 -0.0129195 -0.0086893 -0.00374114
0.704 -0.0152916 -0.0114902 -0.00922789
0.706 -0.0138135 -0.0105255 -0.0140836
0.708 -0.00922498 -0.0065171 -0.0181378
0.71 -0.00323607 -0.00116365 -0.0213353
0.712 0.00208761 0.00347291 -0.0237094
0.714 0.00503857 0.00568438 -0.0253465
0.716 0.00483431 0.00469027 -0.0263498
0.718 0.00184918 0.000877933 -0.0268112
0.72 -0.00255721 -0.00436304 -0.0267948
0.722 -0.00654366 -0.00914354 -0.026334
0.724 -0.00844126 -0.0117341 -0.0254356
0.726 -0.0073292 -0.0111514 -0.0240895
0.728 -0.003338 -0.00747443 -0.022277
0.73 0.00241571 -0.00179121 -0.0199757
0.732 0.00822925 0.00419522 -0.0171632
0.734 0.0124007 0.00875416 -0.0138197
0.736 0.0137949 0.0107013 -0.00993598
0.738 0.0121958 0.00976336 -0.00552602
0.74 0.00833183 0.00661685 -0.000645635
0.742 0.00357945 0.00260109 0.00458753
0.744 -0.00054097 -0.000782406 0.00997855
0.746 -0.00289358 -0.00240216 0.0152511
0.748 -0.00309537 -0.0018743 0.0200593
0.75 -0.001602 0.000340613 0.0240179
0.752 0.000508393 0.00314483 0.0267456
0.754 0.00196577 0.00523068 0.0279163
0.756 0.00179261 0.00556871 0.0273084
0.758 -0.000332062 0.0037814 0.0248414
0.76 -0.00395539 0.0002732 0.0205946
0.762 -0.0080153 -0.00392218 0.0148053
0.764 -0.0112216 -0.00751536 0.00784625
0.766 -0.0125131 -0.00941761 0.000190356
0.768 -0.0114274 -0.00911614 -0.00763262
0.77 -0.00825407 -0.00683743 -0.0150799
0.772 -0.00392235 -0.00344585 -0.0216358
0.774 0.000331016 -0.000120394 -0.0268459
0.776 0.00339076 0.00207007 -0.0303459
0.778 0.00463525 0.00253944 -0.0318858
0.78 0.00412204 0.00137361 -0.0313492
0.782 0.0025267 -0.000726197 -0.028768
0.784 0.000863849 -0.00271978 -0.0243283
0.786 9.57205e-05 -0.00362028 -0.0183642
0.788 0.000771342 -0.00285944 -0.0113364
0.79 0.00282526 -0.000495579 -0.00379412
0.792 0.00560516 0.00280764 0.00367575
0.794 0.0081143 0.00602029 0.010508
0.796 0.00937754 0.00811388 0.016217
0.798 0.00879737 0.00842404 0.0204447
0.8 0.00637191 0.00687876 0.0229904
0.802 0.00269877 0.00401299 0.0238194
0.804 -0.00123384 0.000767867 0.0230499
0.806 -0.0043915 -0.00185033 0.0209228
0.808 -0.00604911 -0.00312763 0.017763
0.81 -0.00603035 -0.00288784 0.013938
0.812 -0.00474686 -0.00153918 0.00982155
0.814 -0.00302541 9.25062e-05 0.00576495
0.816 -0.00178754 0.00108182 0.00207714
0.818 -0.00169868 0.000757474 -0.000989463
0.82 -0.0029135 -0.00103638 -0.00324917
0.822 -0.00500898 -0.00386472 -0.00459165
0.824 -0.00712904 -0.00683958 -0.00498861
0.826 -0.00828999 -0.00892326 -0.00449649
0.828 -0.00773897 -0.00929068 -0.00325197
0.83 -0.00523958 -0.00762429 -0.00145736
0.832 -0.00118344 -0.0042382 0.000644793
0.834 0.0035124 1.19568e-05 0.00280556
0.836 0.00768817 0.00400252 0.00480663
0.838 0.0103077 0.00670427 0.00649293
0.84 0.0107837 0.00750997 0.00779354
0.842 0.0091535 0.00641688 0.00872575
0.844 0.0060482 0.00400568 0.00938071
0.846 0.00247139 0.0012276 0.00989399
0.848 -0.000535409 -0.000924142 0.0104078
0.85 -0.00222525 -0.00174555 0.0110336
0.852 -0.00236584 -0.00104415 0.0118241
0.854 -0.00127741 0.000819021 0.0127594
0.856 0.000317362 0.00307631 0.0137501
0.858 0.0015728 0.00483285 0.014655
0.86 0.00182786 0.00537836 0.0153062
0.862 0.000834983 0.00442374 0.0155379
0.864 -0.00116571 0.0021849 0.0152104
0.866 -0.00354595 -0.00070839 0.0142272
0.868 -0.00552128 -0.00343952 0.0125442
0.87 -0.00642995 -0.00528455 0.0101733
0.872 -0.00596037 -0.00584594 0.00718295
0.874 -0.00424997 -0.00516248 0.00369833
0.876 -0.0018255 -0.00366313 -9.8802e-05
0.878 0.000588915 -0.00198809 -0.00397152
0.88 0.00232438 -0.000746354 -0.00763404
0.882 0.00298989 -0.000298354 -0.0107662
0.884 0.00258835 -0.000640098 -0.0130384
0.886 0.00148958 -0.00142602 -0.0141456
0.888 0.0002757 -0.00211682 -0.0138473
0.89 -0.000481447 -0.00219455 -0.0120058
0.892 -0.000429349 -0.00136512 -0.00861703
0.894 0.000443398 0.000324654 -0.00382425
0.896 0.00181325 0.00249599 0.00208613
0.898 0.00314984 0.00456746 0.00870904
0.9 0.00391692 0.0059565 0.0155607
0.902 0.00377216 0.00628 0.0221277
0.904 0.0026941 0.00548282 0.027917
0.906 0.000992195 0.00385042 0.0325006
0.908 -0.00080176 0.0019034 0.035549
0.91 -0.00212061 0.00021372 0.0368526
0.912 -0.00256022 -0.000791508 0.0363306
0.914 -0.00201989 -0.000969816 0.0340305
0.916 -0.00073658 -0.000499344 0.0301204
0.918 0.000797142 0.000199107 0.0248754
0.92 0.00200164 0.000624078 0.018659
0.922 0.002406 0.000381093 0.0118991
0.924 0.00180429 -0.000669918 0.00505781
0.926 0.000320819 -0.00235759 -0.00140399
0.928 -0.00163474 -0.00425016 -0.0070658
0.93 -0.00350358 -0.00579505 -0.011585
0.932 -0.00475733 -0.00649796 -0.0147282
0.934 -0.00506049 -0.00608126 -0.0163906
0.936 -0.00436403 -0.00457025 -0.0165998
0.938 -0.00290369 -0.00228206 -0.0155029
0.94 -0.00110924 0.00027485 -0.0133397
0.942 0.000540197 0.00255401 -0.0104057
0.944 0.00166452 0.00412533 -0.00701372
0.946 0.00208724 0.00478267 -0.00345812
0.948 0.00186698 0.00457538 1.08315e-05
0.95 0.00125303 0.00376201 0.00320194
0.952 0.000586804 0.00270912 0.00598702
0.954 0.000186028 0.0017728 0.00829652
0.956 0.000249826 0.00120154 0.0101104
0.958 0.000811185 0.00108651 0.0114478
0.96 0.00174454 0.00136662 0.0123564
0.962 0.0028172 0.00187594 0.0129036
0.964 0.00376095 0.00240962 0.0131667
0.966 0.00433864 0.00278296 0.0132227
0.968 0.00438785 0.00286686 0.0131361
0.97 0.00383674 0.00259652 0.0129467
0.972 0.00269889 0.00196213 0.0126592
0.974 0.00105946 0.000995849 0.0122387
0.976 -0.000936348 -0.000233278 0.0116142
0.978 -0.00308888 -0.00161373 0.0106914
0.98 -0.00514872 -0.00298221 0.00937469
0.982 -0.00683089 -0.00412414 0.00759296
0.984 -0.00784792 -0.00479637 0.00532506
0.986 -0.00796373 -0.00477608 0.00261821
0.988 -0.00705842 -0.00392683 -0.000405331
0.99 -0.005184 -0.00226084 -0.00355547
0.992 -0.00258747 2.82586e-05 -0.00659456
0.994 0.000316425 0.00258261 -0.00926682
0.996 0.0030252 0.0049523 -0.0113313
0.998 0.00506528 0.00670789 -0.012592
0 1 1 1
0.002 0.920478 0.920446 0.980343
0.004 0.699218 0.699091 0.922851
0.006 0.383774 0.383497 0.831791
0.008 0.0402003 0.0397338 0.713743
0.01 -0.262708 -0.26338 0.576915
0.012 -0.469 -0.469856 0.430359
0.014 -0.54733 -0.54831 0.283203
0.016 -0.496557 -0.497561 0.143967
0.018 -0.344357 -0.345255 0.0200296
0.02 -0.139429 -0.140086 -0.082739
0.022 0.0608509 0.0605523 -0.160179
0.024 0.204508 0.204634 -0.209905
0.026 0.25739 0.257935 -0.231273
0.028 0.210801 0.211673 -0.225291
0.03 0.0823842 0.0834164 -0.194504
0.032 -0.089785 -0.0888067 -0.142866
0.034 -0.25803 -0.257321 -0.0755603
0.036 -0.377666 -0.377395 0.00122909
0.038 -0.418021 -0.418268 0.0806446
0.04 -0.369291 -0.370021 0.155571
0.042 -0.24391 -0.24498 0.219132
0.044 -0.0725026 -0.0736834 0.265218
0.046 0.104366 0.103339 0.289006
0.048 0.246499 0.245873 0.287394
0.05 0.32389 0.323838 0.259306
0.052 0.323605 0.324185 0.205805
0.054 0.25206 0.253204 0.130011
0.056 0.132283 0.133811 0.036801
0.058 -0.00285653 -0.00119482 -0.0676322
0.06 -0.119405 -0.117873 -0.17634
0.062 -0.190682 -0.189492 -0.2822
0.064 -0.203168 -0.202441 -0.378473
0.066 -0.158739 -0.158476 -0.459277
0.068 -0.0730302 -0.0731203 -0.519944
0.07 0.0293428 0.0290875 -0.557265
0.072 0.121346 0.121141 -0.569588
0.074 0.180201 0.180233 -0.556825
0.076 0.19256 0.192941 -0.520346
0.078 0.157029 0.157767 -0.462814
0.08 0.0836035 0.0846024 -0.387967
0.082 -0.00959416 -0.00851168 -0.300352
0.084 -0.101199 -0.100248 -0.205044
0.086 -0.171743 -0.171125 -0.107341
0.088 -0.207775 -0.207629 -0.0124525
0.09 -0.204147 -0.204518 0.0748108
0.092 -0.16421 -0.16504 0.150316
0.094 -0.09822 -0.0993614 0.210851
0.096 -0.0205561 -0.0218073 0.254298
0.098 0.053479 0.0523301 0.279728
0.1 0.110602 0.109734 0.287411
0.102 0.141726 0.141245 0.278732
0.104 0.143101 0.14303 0.256028
0.106 0.116417 0.11669 0.222363
0.108 0.0680169 0.0685053 0.181256
0.11 0.00752926 0.00806967 0.136393
0.112 -0.0537898 -0.0533563 0.0913508
0.114 -0.104756 -0.104549 0.0493372
0.116 -0.135841 -0.135919 0.0129887
0.118 -0.140567 -0.140913 -0.0157797
0.12 -0.116617 -0.11715 -0.0358577
0.122 -0.0665446 -0.0671319 -0.0469549
0.124 0.0021336 0.001641 -0.0495493
0.126 0.0776676 0.077406 -0.0447746
0.128 0.145757 0.145819 -0.0342566
0.13 0.192081 0.192497 -0.0199154
0.132 0.205289 0.206013 -0.00375385
0.134 0.179806 0.180726 0.0123428
0.136 0.11771 0.118662 0.0267727
0.138 0.0290611 0.0298605 0.0383299
0.14 -0.0695966 -0.0691202 0.0462522
0.142 -0.158389 -0.158359 0.0502058
0.144 -0.218319 -0.218783 0.0502169
0.146 -0.235608 -0.236527 0.0465686
0.148 -0.205178 -0.206424 0.0396855
0.15 -0.132368 -0.133749 0.0300292
0.152 -0.0323336 -0.0336249 0.0180219
0.154 0.0729442 0.0719563 0.00401068
0.156 0.159513 0.158988 -0.0117302
0.158 0.207103 0.207116 -0.028965
0.16 0.204188 0.204706 -0.0474497
0.162 0.151074 0.15197 -0.0668899
0.164 0.0601333 0.0612077 -0.0869191
0.166 -0.0469885 -0.0459615 -0.107102
0.168 -0.144516 -0.143738 -0.126963
0.17 -0.208754 -0.208357 -0.146016
0.172 -0.223838 -0.223852 -0.163807
0.174 -0.185613 -0.185962 -0.179922
0.176 -0.102725 -0.103247 -0.193986
0.178 0.00537946 0.00489162 -0.205629
0.18 0.113105 0.11285 -0.214444
0.182 0.194935 0.195049 -0.219944
0.184 0.231704 0.232221 -0.221532
0.186 0.215308 0.216144 -0.21851
0.188 0.150616 0.151587 -0.210141
0.19 0.0540823 0.0549428 -0.195748
0.192 -0.0505468 -0.0500447 -0.174851
0.194 -0.138249 -0.138292 -0.147316
0.196 -0.188879 -0.189545 -0.113477
0.198 -0.191929 -0.193159 -0.0742148
0.2 -0.148767 -0.150377 -0.0309685
0.202 -0.0719148 -0.0736308 0.0143333
0.204 0.018379 0.0168604 0.0594113
0.206 0.0993581 0.0983026 0.101829
0.208 0.151451 0.151027 0.139213
0.21 0.162992 0.163234 0.169469
0.212 0.132792 0.133595 0.190964
0.214 0.0699731 0.0711177 0.202654
0.216 -0.00879693 -0.00759149 0.204139
0.218 -0.0838124 -0.0828246 0.195666
0.22 -0.137334 -0.136779 0.178067
0.222 -0.157792 -0.157774 0.152678
0.224 -0.142189 -0.14269 0.121229
0.226 -0.0962567 -0.0971445 0.0857336
0.228 -0.0324725 -0.0335378 0.0483789
0.23 0.0334178 0.0324076 0.0114158
0.232 0.0864171 0.0856648 -0.0229507
0.234 0.115805 0.115441 -0.0526761
0.236 0.117332 0.117391 -0.0759956
0.238 0.0936308 0.0940526 -0.0915434
0.24 0.052896 0.0535484 -0.0984637
0.242 0.00633441 0.00704854 -0.0964979
0.244 -0.0348379 -0.0342269 -0.0860335
0.246 -0.0620355 -0.0616532 -0.0681025
0.248 -0.0709624 -0.0708729 -0.0443209
0.25 -0.0620093 -0.0622085 -0.0167735
0.252 -0.0394749 -0.0398989 0.0121485
0.254 -0.00998636 -0.0105308 0.0399398
0.256 0.0193549 0.0188109 0.0641828
0.258 0.0425953 0.0421654 0.0827388
0.26 0.0559575 0.0557296 0.0939105
0.262 0.0581427 0.0581679 0.0965631
0.264 0.0500026 0.0502902 0.0901963
0.266 0.0338338 0.0343531 0.0749664
0.268 0.0126059 0.0132919 0.0516611
0.27 -0.0106278 -0.00986672 0.0216322
0.272 -0.0330252 -0.0322965 -0.013306
0.274 -0.0519986 -0.0514129 -0.0510061
0.276 -0.0651658 -0.0648217 -0.0891356
0.278 -0.0703984 -0.0703656 -0.125337
0.28 -0.0660924 -0.0663965 -0.157389
0.282 -0.0516558 -0.0522667 -0.183354
0.284 -0.0280611 -0.0288906 -0.201713
0.286 0.00178341 0.000872388 -0.211455
0.288 0.0330985 0.0322702 -0.212135
0.29 0.0598821 0.0592965 -0.203875
0.292 0.0761077 0.0758851 -0.187332
0.294 0.0772292 0.0774189 -0.16361
0.296 0.061592 0.0621539 -0.134154
0.298 0.0313068 0.0321122 -0.100627
0.3 -0.00776213 -0.00690778 -0.0647883
0.302 -0.047019 -0.0463348 -0.0283761
0.304 -0.0770125 -0.076691 0.0069803
0.306 -0.0897472 -0.0899054 0.0398325
0.308 -0.0808458 -0.081491 0.0689622
0.31 -0.0509677 -0.0519885 0.0934143
0.312 -0.00603574 -0.00722245 0.11252
0.314 0.0438907 0.0427999 0.125909
0.316 0.0869033 0.0861599 0.133523
0.318 0.112166 0.111948 0.135606
0.32 0.112729 0.113094 0.132691
0.322 0.0874663 0.0883297 0.125561
0.324 0.0415816 0.0427358 0.115184
0.326 -0.0145147 -0.0133541 0.102633
0.328 -0.0677015 -0.0668257 0.0889802
0.33 -0.105391 -0.105024 0.0752059
0.332 -0.118685 -0.118926 0.0621098
0.334 -0.104635 -0.105429 0.0502564
0.336 -0.0670165 -0.0681645 0.0399558
0.338 -0.0153972 -0.0166052 0.0312845
0.34 0.0372637 0.0363134 0.0241398
0.342 0.0779014 0.0774694 0.0183163
0.344 0.0966618 0.0968843 0.0135878
0.346 0.089385 0.0902367 0.00977655
0.348 0.0586 0.0598967 0.00679674
0.35 0.0127758 0.0142177 0.00466373
0.352 -0.0359524 -0.0347086 0.00347076
0.354 -0.0749566 -0.0742153 0.00334084
0.356 -0.0943437 -0.0942967 0.00436749
0.358 -0.0894002 -0.0900818 0.00655919
0.36 -0.0616544 -0.0629355 0.00980028
0.362 -0.0183256 -0.019947 0.0138363
0.364 0.0296523 0.0280163 0.0182855
0.366 0.0704893 0.0691529 0.022673
0.368 0.0945232 0.093718 0.0264777
0.37 0.0965595 0.096386 0.0291834
0.372 0.076984 0.0773976 0.0303233
0.374 0.0414096 0.0422428 0.0295126
0.376 -0.000983318 2.93752e-05 0.0264679
0.378 -0.0399142 -0.03897 0.0210161
0.38 -0.0665933 -0.0659124 0.0131
0.382 -0.0757681 -0.0754493 0.00278355
0.384 -0.066746 -0.0667767 -0.00973773
0.386 -0.0432118 -0.0434834 -0.0241222
0.388 -0.0119847 -0.0123302 -0.0398677
0.39 0.0188915 0.0186474 -0.0563041
0.392 0.0421862 0.0421796 -0.0725995
0.394 0.0531284 0.0534226 -0.0877877
0.396 0.0502836 0.0508577 -0.100819
0.398 0.0355218 0.0362815 -0.110632
0.4 0.0131878 0.0139946 -0.116243
0.402 -0.011213 -0.0105054 -0.116839
0.404 -0.0324147 -0.0319255 -0.11186
0.406 -0.0465077 -0.0463055 -0.101077
0.408 -0.0515406 -0.0516343 -0.0846271
0.41 -0.0475537 -0.0478997 -0.0630275
0.412 -0.0361602 -0.036679 -0.0371559
0.414 -0.0198934 -0.0204911 -0.0081998
0.416 -0.00155561 -0.00214274 0.022416
0.418 0.0162563 0.0157525 0.0531202
0.42 0.0313829 0.0310143 0.0822948
0.422 0.0421374 0.0419362 0.10838
0.424 0.0472614 0.0472448 0.129974
0.426 0.0459314 0.0461042 0.14593
0.428 0.0378909 0.0382449 0.155435
0.43 0.0236933 0.0242031 0.158067
0.432 0.00494731 0.0055656 0.153835
0.434 -0.0155948 -0.0149388 0.143179
0.436 -0.034254 -0.0336489 0.126943
0.438 -0.0470085 -0.0465465 0.106313
0.44 -0.0503816 -0.0501384 0.0827278
0.442 -0.0424361 -0.042448 0.0577674
0.444 -0.0235883 -0.0238362 0.0330368
0.446 0.00304931 0.0026449 0.0100488
0.448 0.0320026 0.0315697 -0.00987662
0.45 0.0564763 0.0561641 -0.0256909
0.452 0.0699221 0.0698633 -0.0366685
0.454 0.0677643 0.0680366 -0.0424308
0.456 0.0488175 0.0494151 -0.042947
0.458 0.0159608 0.0167856 -0.0385162
0.46 -0.0241968 -0.02332 -0.0297369
0.462 -0.0626633 -0.061949 -0.0174664
0.464 -0.0901458 -0.0897955 -0.00277356
0.466 -0.0993683 -0.099517 0.0131193
0.468 -0.0870328 -0.0877089 0.0289033
0.47 -0.0548894 -0.0559992 0.0432624
0.472 -0.00958162 -0.010926 0.0549629
0.474 0.0387649 0.0374462 0.0629475
0.476 0.078915 0.0778799 0.0664265
0.478 0.101288 0.100727 0.0649539
0.48 0.100407 0.100393 0.0584764
0.482 0.0763717 0.0768401 0.0473449
0.484 0.0349448 0.0357065 0.0322842
0.486 -0.0138155 -0.0130242 0.0143213
0.488 -0.0580301 -0.0574787 -0.00531804
0.49 -0.0869558 -0.0868471 -0.0253302
0.492 -0.0936642 -0.0940783 -0.044455
0.494 -0.0767619 -0.0776324 -0.0615811
0.496 -0.0407167 -0.0418444 -0.0758226
0.498 0.00529248 0.00418901 -0.0865597
0.5 0.0497101 0.0489216 -0.0934446
0.502 0.0815273 0.081277 -0.0963777
0.504 0.0930433 0.093427 -0.0954659
0.506 0.0817513 0.0827097 -0.0909736
0.508 0.0508678 0.0521994 -0.0832794
0.51 0.00838806 0.00979832 -0.0728426
0.512 -0.0350539 -0.033879 -0.060182
0.514 -0.0689328 -0.0682493 -0.0458642
0.516 -0.0854595 -0.0854032 -0.0304936
0.518 -0.0814205 -0.0819775 -0.0146991
0.52 -0.0587931 -0.0598082 0.00088783
0.522 -0.024028 -0.0252496 0.0156646
0.524 0.0137641 0.0126168 0.0290956
0.526 0.0452165 0.0443811 0.0407504
0.528 0.0630623 0.0626759 0.050334
0.53 0.063839 0.0639096 0.057702
0.532 0.0485329 0.0489468 0.0628559
0.534 0.0220537 0.0226144 0.0659178
0.536 -0.00825716 -0.00777041 0.0670905
0.538 -0.0346342 -0.0344045 0.06661
0.54 -0.050856 -0.0509817 0.064701
0.542 -0.0536705 -0.0541434 0.0615451
0.544 -0.0433531 -0.0440678 0.0572674
0.546 -0.0233293 -0.0241184 0.0519427
0.548 0.000960763 0.000276764 0.0456189
0.55 0.0235938 0.0231567 0.0383507
0.552 0.0396576 0.0395359 0.0302348
0.554 0.0463258 0.0465024 0.0214375
0.556 0.043278 0.0436632 0.0122091
0.558 0.0324334 0.0328975 0.00288163
0.56 0.0171547 0.0175698 -0.00614956
0.562 0.00120957 0.00148602 -0.0144562
0.564 -0.0121967 -0.0120882 -0.0216141
0.566 -0.0210635 -0.0210908 -0.0272411
0.568 -0.024792 -0.02488 -0.0310307
0.57 -0.0239661 -0.0240272 -0.0327794
0.572 -0.0198672 -0.0198334 -0.032406
0.574 -0.0139319 -0.0137775 -0.0299625
0.576 -0.00734232 -0.00709061 -0.0256388
0.578 -0.000863433 -0.000574997 -0.0197594
0.58 0.00507254 0.00532462 -0.012774
0.582 0.010131 0.0102907 -0.00523783
0.584 0.0138406 0.0138926 0.00221572
0.586 0.015503 0.0154816 0.00891444
0.588 0.01432 0.0143 0.0141946
0.59 0.00971615 0.0097873 0.0174548
0.592 0.00173578 0.00196938 0.0182096
0.594 -0.00865392 -0.0082355 0.016139
0.596 -0.0195161 -0.0189559 0.0111252
0.598 -0.0282398 -0.0276416 0.00327199
0.6 -0.0321495 -0.0316531 -0.00709387
0.602 -0.0292845 -0.0290247 -0.0194426
0.604 -0.0191174 -0.0191805 -0.0330773
0.606 -0.00296997 -0.00336045 -0.0471815
0.608 0.0160536 0.0154252 -0.0608748
0.61 0.033666 0.0329685 -0.0732683
0.612 0.0454175 0.0448599 -0.0835189
0.614 0.0478872 0.047664 -0.0908792
0.616 0.0397104 0.0399476 -0.0947423
0.618 0.0221331 0.022848 -0.0946812
0.62 -0.00110957 -2.007e-05 -0.090483
0.622 -0.0246035 -0.0233433 -0.0821754
0.624 -0.0425772 -0.0414029 -0.0700426
0.626 -0.0503971 -0.0495539 -0.0546261
0.628 -0.0458362 -0.0454953 -0.0367062
0.63 -0.0297601 -0.0299731 -0.0172625
0.632 -0.00601691 -0.00670126 0.0025889
0.634 0.0194721 0.0185121 0.0216757
0.636 0.0402038 0.0392271 0.0388617
0.638 0.0507841 0.0500451 0.05314
0.64 0.0483629 0.0480458 0.0637166
0.642 0.0334197 0.033591 0.070073
0.644 0.00967177 0.0102644 0.0720007
0.646 -0.01688 -0.0160468 0.0696046
0.648 -0.0395164 -0.0386877 0.0632759
0.65 -0.0525568 -0.0519758 0.0536425
0.652 -0.0528359 -0.0526799 0.0415029
0.654 -0.0405066 -0.0408409 0.0277565
0.656 -0.0189568 -0.0197204 0.0133358
0.658 0.00612873 0.0051046 -0.000853177
0.66 0.028306 0.0272509 -0.0139779
0.662 0.042087 0.0412294 -0.0253177
0.664 0.044368 0.0438763 -0.0342924
0.666 0.035188 0.0351287 -0.0404858
0.668 0.0176222 0.0179464 -0.0436648
0.67 -0.00314125 -0.00258077 -0.0437932
0.672 -0.0212695 -0.0206769 -0.0410378
0.674 -0.031883 -0.0314654 -0.0357628
0.676 -0.0323423 -0.0322591 -0.028509
0.678 -0.0228837 -0.0232124 -0.0199559
0.68 -0.0064506 -0.00717691 -0.0108678
0.682 0.0122076 0.0111741 -0.00202859
0.684 0.0278981 0.0266889 0.00582809
0.686 0.0364182 0.0351625 0.0120837
0.688 0.035662 0.0344487 0.0162861
0.69 0.0261066 0.0249605 0.0181805
0.692 0.0105674 0.00944691 0.0177167
0.694 -0.00667796 -0.0078643 0.0150337
0.696 -0.0211238 -0.022487 0.0104255
0.698 -0.0292681 -0.0309058 0.00429622
0.7 -0.0294992 -0.0314687 -0.00288802
0.702 -0.0224095 -0.024715 -0.0106439
0.704 -0.0104806 -0.0130764 -0.0185064
0.706 0.00273476 -7.24312e-05 -0.0260544
0.708 0.013672 0.0107425 -0.0329261
0.71 0.0197401 0.0167656 -0.0388269
0.712 0.0199551 0.0169871 -0.0435339
0.714 0.0150623 0.0121245 -0.0468975
0.716 0.00714889 0.00424592 -0.0488428
0.718 -0.00110121 -0.00396956 -0.0493693
0.72 -0.00726142 -0.0100861 -0.0485476
0.722 -0.00985773 -0.0126134 -0.0465102
0.724 -0.00870534 -0.0113535 -0.043437
0.726 -0.00480904 -0.00731018 -0.0395344
0.728 0.000108277 -0.00222196 -0.035012
0.73 0.00427038 0.00210508 -0.0300587
0.732 0.00647388 0.00443311 -0.0248256
0.734 0.00646678 0.00448453 -0.0194167
0.736 0.00496058 0.00296711 -0.0138918
0.738 0.00328414 0.00123545 -0.00827898
0.74 0.00280923 0.000715278 -0.00259529
0.742 0.00435599 0.00229775 0.00312977
0.744 0.0077936 0.00592165 0.00883394
0.746 0.0119877 0.0104997 0.0144092
0.748 0.0151297 0.0142307 0.0196998
0.75 0.015352 0.0152073 0.0245104
0.752 0.0114319 0.0121247 0.0286245
0.754 0.00334401 0.00485172 0.0318259
0.756 -0.00753982 -0.00534383 0.0339222
0.758 -0.0187008 -0.0160177 0.0347638
0.76 -0.0271301 -0.0241854 0.0342575
0.762 -0.0302135 -0.0271992 0.0323732
0.764 -0.0265824 -0.023607 0.029147
0.766 -0.0166609 -0.013723 0.0246805
0.768 -0.00271715 0.000289498 0.0191409
0.77 0.0116343 0.0148837 0.0127602
0.772 0.0223702 0.0260437 0.0058356
0.774 0.0261857 0.0304045 -0.00127468
0.776 0.0214916 0.0262604 -0.0081604
0.778 0.00898044 0.0141597 -0.0143783
0.78 -0.00842504 -0.00310995 -0.0194819
0.782 -0.0262578 -0.0211702 -0.0230601
0.784 -0.039659 -0.0351781 -0.0247822
0.786 -0.0446905 -0.0411308 -0.0244411
0.788 -0.0394466 -0.0369899 -0.0219888
0.79 -0.0246484 -0.023307 -0.0175558
0.792 -0.00354295 -0.00316393 -0.0114508
0.794 0.0188867 0.0185765 -0.00413872
0.796 0.0371988 0.0365191 0.00380112
0.798 0.04692 0.0461533 0.0117293
0.8 0.0457343 0.0450544 0.0190068
0.802 0.0341054 0.033537 0.0250517
0.804 0.0151576 0.0145776 0.0293866
0.806 -0.0061549 -0.0069746 0.0316705
0.808 -0.0243646 -0.0256846 0.0317157
0.81 -0.0349329 -0.0369632 0.0294898
0.812 -0.0354289 -0.0382567 0.0251083
0.814 -0.0261284 -0.0296775 0.0188199
0.816 -0.00988128 -0.0139123 0.01099
0.818 0.00870611 0.0045547 0.0020819
0.82 0.0245424 0.0206821 -0.00736345
0.822 0.033423 0.0302323 -0.016751
0.824 0.0331282 0.0308787 -0.0254615
0.826 0.0239557 0.022766 -0.0328881
0.828 0.00855515 0.00838279 -0.0384792
0.83 -0.00886751 -0.00819674 -0.0417856
0.832 -0.0237398 -0.0224744 -0.0425035
0.834 -0.0323656 -0.0307596 -0.0405111
0.836 -0.0328791 -0.0311314 -0.0358875
0.838 -0.0256602 -0.0238758 -0.0289139
0.84 -0.0131183 -0.0113021 -0.020052
0.842 0.00106822 0.00298769 -0.00990356
0.844 0.0130242 0.0151494 0.00084456
0.846 0.0197505 0.0221619 0.0114826
0.848 0.0198972 0.0226091 0.0213384
0.85 0.0140362 0.0169731 0.0298303
0.852 0.00438052 0.00738052 0.0365053
0.854 -0.00594131 -0.00309898 0.0410627
0.856 -0.0138266 -0.0113778 0.0433612
0.858 -0.0170757 -0.0152247 0.0434143
0.86 -0.0149583 -0.0138402 0.0413758
0.862 -0.00832538 -0.00798691 0.0375203
0.864 0.00074071 0.000338447 0.0322197
0.866 0.00960739 0.0085682 0.0259184
0.868 0.015888 0.0143491 0.0191055
0.87 0.0181112 0.0162121 0.0122851
0.872 0.016075 0.0139341 0.00594385
0.874 0.0107969 0.00850423 0.000516806
0.876 0.004104 0.00172736 -0.00364513
0.878 -0.00199224 -0.00439069 -0.00630337
0.88 -0.00592954 -0.00827455 -0.00735079
0.882 -0.00703949 -0.00923014 -0.00681855
0.884 -0.00567512 -0.00758412 -0.00486872
0.886 -0.00299821 -0.00448457 -0.00177291
0.888 -0.000512246 -0.00144427 0.00212026
0.89 0.000495149 0.000213357 0.00642416
0.892 -0.000587421 -0.000180937 0.0107542
0.894 -0.00348325 -0.0024191 0.014763
0.896 -0.00713095 -0.00550451 0.0181676
0.898 -0.0100653 -0.00801911 0.0207644
0.9 -0.0109457 -0.00864356 0.0224353
0.902 -0.00905459 -0.00665436 0.0231426
0.904 -0.00459472 -0.00222842 0.0229203
0.906 0.00131832 0.00355263 0.0218606
0.908 0.00697612 0.00900934 0.0201009
0.91 0.0106136 0.012391 0.0178109
0.912 0.0109926 0.0124564 0.0151799
0.914 0.00784388 0.008921 0.012404
0.916 0.00201763 0.0026187 0.00967216
0.918 -0.00471774 -0.0046858 0.00715073
0.92 -0.0101804 -0.0107905 0.00496822
0.922 -0.0124368 -0.0137135 0.00320184
0.924 -0.0104209 -0.0123161 0.00186907
0.926 -0.00431602 -0.00669858 0.000926731
0.928 0.00442716 0.00176399 0.000279127
0.93 0.0134569 0.0107685 -0.000204735
0.932 0.020175 0.0177246 -0.000667195
0.934 0.022492 0.0205056 -0.0012351
0.936 0.0194607 0.0180886 -0.00199506
0.938 0.0115944 0.0108898 -0.00297547
0.94 0.000765996 0.000686233 -0.004139
0.942 -0.0102903 -0.00986071 -0.00538675
0.944 -0.0187385 -0.0179497 -0.00657324
0.946 -0.0224426 -0.0214365 -0.00752898
0.948 -0.0205769 -0.0194523 -0.00808613
0.95 -0.0138647 -0.0126598 -0.00810264
0.952 -0.00437147 -0.00306875 -0.00748087
0.954 0.00509168 0.00654045 -0.00617873
0.956 0.0117831 0.013419 -0.00421281
0.958 0.0138278 0.015646 -0.0016552
0.96 0.0107623 0.0126844 0.00137379
0.962 0.00366532 0.00553266 0.00471449
0.964 -0.00516578 -0.00357466 0.00817666
0.966 -0.0128994 -0.0118299 0.011548
0.968 -0.0170145 -0.016685 0.0146028
0.97 -0.0160561 -0.0166085 0.0171132
0.972 -0.0100791 -0.0115421 0.0188633
0.974 -0.000645981 -0.00292237 0.0196676
0.976 0.00962253 0.0067429 0.0193929
0.978 0.0178149 0.0146191 0.0179791
0.98 0.0215892 0.0183917 0.0154581
0.982 0.0198719 0.0169633 0.0119632
0.984 0.0131871 0.0107932 0.00772771
0.986 0.00351391 0.0017738 0.00306981
0.988 -0.00628831 -0.00732324 -0.0016346
0.99 -0.0133215 -0.01367 -0.00598889
0.992 -0.0155109 -0.0152336 -0.00961642
0.994 -0.0122327 -0.0114037 -0.0121995
0.996 -0.00452075 -0.00320726 -0.0135108
0.998 0.00521454 0.00695842 -0.013433
