    3.0078730003e+02    9.5815403804e+02   -2.2412255556e+09    2.0737429623e-02    5.1986332924e-03    3.9204723175e-04   -5.8581122110e-04   -3.0125925359e-04    1.5908253594e-03    1.3727813394e+02    2.3778774591e+02    2.0680000000e+02
    3.0414703687e+02    9.6885643609e+02   -4.4817445516e+09   -4.4566312657e-03   -3.4360830702e-03    7.8799766309e-05    6.4015023782e-04    5.2007729571e-04   -2.3392273875e-03    1.3731062934e+02    2.3790196002e+02    2.0680000000e+02
    2.9905777078e+02    9.5264464507e+02   -6.7221440806e+09    4.9930625027e-03    1.3213495501e-02   -1.1358317378e-03   -6.4458492985e-04   -1.1067904559e-03   -1.0931628452e-03    1.3733101671e+02    2.3794863838e+02    2.0680000000e+02
    3.0191670495e+02    9.6175174273e+02   -8.9629600826e+09   -6.7234620574e-03   -5.6059438803e-03   -6.4879094348e-05    1.7259437607e-04    5.0733377955e-04   -4.3892813907e-03    1.3736731049e+02    2.3792621424e+02    2.0680000000e+02
    2.9923327729e+02    9.5320371879e+02   -1.1204047967e+10    3.1802231459e-03    6.1329027090e-03   -5.9228054692e-04   -6.2192100602e-04   -1.9034296825e-04   -1.0806354878e-04    1.3735003098e+02    2.3781802060e+02    2.0680000000e+02
    2.9967139205e+02    9.5459932765e+02   -1.3443818581e+10   -9.4482163539e-03    1.2299846263e-04   -8.5919708433e-04   -4.1719290640e-04   -2.9110847253e-05    1.6565281402e-04    1.3736736865e+02    2.3795693846e+02    2.0680000000e+02
    3.0070114554e+02    9.5787959404e+02   -1.5685741540e+10    2.8208898000e-03    2.3700470854e-03    5.1382421985e-05   -3.0923538276e-04   -4.5712463257e-05    2.6889718410e-03    1.3737105538e+02    2.3785143039e+02    2.0680000000e+02
    3.0129768090e+02    9.5977984968e+02   -1.7928169509e+10    3.1252375758e-03    2.6579179901e-03    2.8461061530e-05   -5.3928269669e-04   -7.2385665023e-04    4.2180568492e-03    1.3735646613e+02    2.3786652229e+02    2.0680000000e+02
    2.9888055637e+02    9.5208013086e+02   -2.0168326564e+10   -4.0877364645e-03   -2.9484005207e-03    7.1584948684e-04    1.8471289185e-04    1.6406021350e-04    4.3717858161e-03    1.3735448261e+02    2.3787234988e+02    2.0680000000e+02
    3.0149971463e+02    9.6042342549e+02   -2.2409202739e+10   -1.0740570574e-02   -3.4291441687e-03    8.3980806246e-05    6.2985339428e-04    2.9054334145e-04   -9.0764770493e-04    1.3738805247e+02    2.3795456796e+02    2.0680000000e+02
    2.9947022294e+02    9.5395850606e+02   -2.4649684311e+10   -3.0686557120e-03    1.4038113905e-03    5.4897018553e-05   -5.9002857292e-04   -1.0920408075e-03   -4.1727228396e-03    1.3735164301e+02    2.3795016984e+02    2.0680000000e+02
    3.0013861361e+02    9.5608765587e+02   -2.6891433555e+10   -2.3613308748e-03   -1.4009426338e-03   -1.3018949478e-03   -2.1255881138e-04    5.8571530814e-04   -3.7410845854e-03    1.3733704297e+02    2.3787836117e+02    2.0680000000e+02
    2.9761194000e+02    9.4803896989e+02   -2.9133202633e+10    7.7628769070e-04   -1.0785519471e-03   -5.3767609454e-04   -6.3834621852e-04   -9.8262000645e-05   -2.7074751249e-03    1.3733716553e+02    2.3794270963e+02    2.0680000000e+02
    3.0248575541e+02    9.6356444560e+02   -3.1376506049e+10    1.5414767071e-03   -3.4834785692e-05    3.2324982263e-04    6.8686085226e-05   -1.3827610924e-04    3.0388773958e-04    1.3733391504e+02    2.3798018822e+02    2.0680000000e+02
    2.9920411095e+02    9.5311080978e+02   -3.3614907718e+10    2.6923881121e-05   -4.9484725183e-03    6.0769996954e-04   -1.2219361080e-04    1.3765803250e-04   -2.8320121764e-04    1.3732947285e+02    2.3793348177e+02    2.0680000000e+02
    2.9946351279e+02    9.5393713098e+02   -3.5854036499e+10    3.0971899682e-03   -4.8947321322e-03    1.0366261513e-03    4.6251094391e-04    1.1519278682e-04    3.0702686092e-03    1.3736484078e+02    2.3795485545e+02    2.0680000000e+02
    2.9943628143e+02    9.5385038583e+02   -3.8093502171e+10    2.2269279222e-03   -5.6010625785e-03   -1.6517104945e-04    1.2126423356e-04    5.6077500397e-04    2.5667527904e-03    1.3731326750e+02    2.3788815204e+02    2.0680000000e+02
    3.0344267950e+02    9.6661271486e+02   -4.0332082620e+10   -1.1008759705e-02   -3.9798548635e-03    6.1634222457e-04   -2.6093270634e-04   -1.0351853722e-04   -2.8241681871e-04    1.3736378216e+02    2.3788755801e+02    2.0680000000e+02
    2.9882810171e+02    9.5191303724e+02   -4.2572976958e+10    7.8431946380e-03    6.3894839746e-03    1.0007892117e-05    1.4770649118e-05    3.2408436396e-04   -1.9744790542e-03    1.3730584949e+02    2.3787093867e+02    2.0680000000e+02
    2.9949996126e+02    9.5405323709e+02   -4.4813499139e+10   -2.3640369288e-03   -4.3114791490e-03   -7.4727164730e-04   -2.8226275773e-04   -1.8698664569e-04   -2.7181749277e-03    1.3733417707e+02    2.3791757794e+02    2.0680000000e+02
    2.9711514046e+02    9.4645642140e+02   -4.7057637124e+10    4.8592073078e-03   -7.2121707296e-03   -8.0155079000e-04    1.1510352847e-03    1.3465110988e-03   -1.6970800668e-03    1.3738953697e+02    2.3805306262e+02    2.0680000000e+02
    3.0023134877e+02    9.5638306253e+02   -4.9299541885e+10   -2.4318809487e-03   -1.1916949576e-02   -7.1202449603e-04    2.7830026205e-04   -1.9279116659e-04   -8.4508213460e-04    1.3733927992e+02    2.3803968075e+02    2.0680000000e+02
    3.0208660350e+02    9.6229295236e+02   -5.1539287553e+10   -2.6360027502e-03   -2.6812090804e-03    5.4406343619e-04    3.4449181384e-04   -6.0864628164e-05    4.6572247789e-03    1.3736772193e+02    2.3802301122e+02    2.0680000000e+02
    3.0073874642e+02    9.5799937114e+02   -5.3779102433e+10    6.2922681752e-03   -7.5733442949e-03    8.7656782937e-04    9.4681598408e-04   -5.6927582220e-05    4.0036227280e-03    1.3729681201e+02    2.3794730121e+02    2.0680000000e+02
    3.0030937202e+02    9.5663160456e+02   -5.6018430703e+10    3.3340849309e-04   -7.3873508469e-03    5.8141326406e-04   -2.1579521795e-04    7.1271549988e-04    5.5332137763e-05    1.3735501624e+02    2.3789488784e+02    2.0680000000e+02
    3.0082044076e+02    9.5825960739e+02   -5.8257823792e+10   -5.3123602149e-03   -9.7371343858e-04    3.6724236160e-04   -2.6347132327e-04    4.1167220937e-04   -2.2600984558e-03    1.3737447944e+02    2.3789110126e+02    2.0680000000e+02
    2.9931577504e+02    9.5346651428e+02   -6.0499323337e+10    1.6930216004e-04    3.1168449565e-03   -3.0119582653e-04   -9.0474025637e-04    5.1527911108e-04   -2.1962366355e-03    1.3741386150e+02    2.3791606044e+02    2.0680000000e+02
    2.9971360543e+02    9.5473379783e+02   -6.2740942548e+10   -6.6171098155e-03   -4.4661822618e-03   -3.5295630425e-04   -6.0229645115e-04   -3.0410684055e-04    4.1083674219e-04    1.3736680688e+02    2.3797023930e+02    2.0680000000e+02
    2.9773587001e+02    9.4843374734e+02   -6.4978695957e+10    4.4155958972e-04    9.1001416538e-03    9.9683764538e-05    1.2298180498e-04    1.7778349875e-04    2.8738541859e-03    1.3733324029e+02    2.3779050539e+02    2.0680000000e+02
    3.0168546419e+02    9.6101512830e+02   -6.7220536787e+10   -8.4823355868e-04   -4.1628631006e-03   -1.2960045541e-04   -9.9672901149e-04    1.0428759323e-03    3.9469199100e-04    1.3730946433e+02    2.3792670556e+02    2.0680000000e+02
    2.9855918988e+02    9.5105642209e+02   -6.9459630327e+10   -4.5983509219e-04   -6.7891560930e-03   -2.7371329057e-04    1.9475935709e-04    3.9648164606e-04    1.1726300023e-03    1.3732494788e+02    2.3793444103e+02    2.0680000000e+02
    3.0190325438e+02    9.6170889612e+02   -7.1698599644e+10    4.9845930973e-03    6.1403695647e-03    4.2124060618e-04   -8.0787268882e-05    6.4909146798e-04    1.1400105844e-03    1.3730815635e+02    2.3785963174e+02    2.0680000000e+02
    3.0057983895e+02    9.5749317346e+02   -7.3943600542e+10    2.4846253516e-03   -1.0200934881e-03    4.3753429105e-04    1.0394812416e-03   -6.6915676947e-04    6.3756861332e-04    1.3730529638e+02    2.3786881644e+02    2.0680000000e+02
    3.0264496274e+02    9.6407159847e+02   -7.6185082764e+10    6.4759963621e-03   -6.5391696876e-04   -1.0051874307e-05   -1.1484982452e-04    1.7691405854e-04    1.2815203969e-03    1.3729987831e+02    2.3785861446e+02    2.0680000000e+02
    2.9802085060e+02    9.4934154929e+02   -7.8429145359e+10    1.5477194449e-03   -5.6199840878e-03    1.1893201638e-04   -1.1354263072e-03    3.7068690546e-04   -1.4144761202e-03    1.3734910184e+02    2.3798191057e+02    2.0680000000e+02
    2.9978301459e+02    9.5495489982e+02   -8.0670759523e+10    1.1769304398e-04    2.3292244371e-04    1.0287707587e-03   -9.2385752447e-05   -1.0731976970e-04   -2.3532293154e-03    1.3729677151e+02    2.3793645532e+02    2.0680000000e+02
    2.9860610997e+02    9.5120588542e+02   -8.2911077014e+10    1.9400431214e-03   -4.9806984638e-03    6.5145112816e-04   -8.0219161167e-04    8.8054642670e-05   -4.0448471052e-03    1.3729199279e+02    2.3793078711e+02    2.0680000000e+02
    3.0216936101e+02    9.6255657535e+02   -8.5152082705e+10   -1.2346773632e-03   -8.7262897737e-03   -3.0714174508e-04    4.1763243259e-04    3.0542964893e-04   -1.6385851312e-03    1.3735153128e+02    2.3802847962e+02    2.0680000000e+02
    2.9912066530e+02    9.5284499475e+02   -8.7392962763e+10   -3.2859276237e-03   -5.3228743990e-03    3.7774270914e-04   -6.5483973420e-04    1.5076181397e-03   -1.2971060483e-03    1.3736411558e+02    2.3789392542e+02    2.0680000000e+02
    3.0151777371e+02    9.6048095247e+02   -8.9634977041e+10    6.4881858034e-03    1.0054540199e-04   -1.9730305083e-04    2.5390933316e-04   -4.3904219500e-04   -2.7784760070e-04    1.3734204093e+02    2.3792805381e+02    2.0680000000e+02
    2.9805877455e+02    9.4946235557e+02   -9.1876533740e+10    4.4369876787e-03    7.6772223445e-04   -3.8951029689e-04    2.5360385975e-04    1.6532843615e-04   -1.4067074459e-03    1.3730071671e+02    2.3788002391e+02    2.0680000000e+02
    3.0162196970e+02    9.6081286742e+02   -9.4118720946e+10   -5.0186255136e-03   -3.2302648487e-03   -1.6570212501e-04    6.6743084906e-04    7.2275949074e-04    4.4036098109e-03    1.3733179216e+02    2.3792528293e+02    2.0680000000e+02
    2.9928210798e+02    9.5335926832e+02   -9.6362298301e+10    2.4506982231e-03   -2.0612495286e-03    6.4935341667e-04   -5.7148854702e-05   -2.4995913225e-04    2.8746483873e-04    1.3731319334e+02    2.3797224400e+02    2.0680000000e+02
    3.0081524401e+02    9.5824305323e+02   -9.8603628749e+10    4.6413621589e-03   -2.5232980172e-03    1.6603874111e-04   -5.9665111027e-05   -6.5137229499e-04   -1.6880395567e-03    1.3734270609e+02    2.3787613353e+02    2.0680000000e+02
    3.0132075839e+02    9.5985336271e+02   -1.0084528065e+11    2.4356822429e-03   -4.2895119869e-04   -2.9752941941e-05    1.0946964057e-03    1.9011569396e-04   -2.7735773066e-03    1.3736706401e+02    2.3790201264e+02    2.0680000000e+02
    2.9903918454e+02    9.5258543883e+02   -1.0308596466e+11   -2.9015323734e-03   -6.2378744349e-03   -6.5336925389e-04   -7.3024949794e-04   -3.0254393142e-04   -2.4163634585e-03    1.3734948544e+02    2.3799660620e+02    2.0680000000e+02
    3.0046565978e+02    9.5712945721e+02   -1.0533237610e+11    1.3534801380e-03   -6.7103887391e-04   -6.8634415033e-04    1.5414341717e-03   -1.0783122635e-03    1.4772082795e-04    1.3734376971e+02    2.3793402009e+02    2.0680000000e+02
    3.0105705477e+02    9.5901333826e+02   -1.0756183446e+11   -1.6982443181e-03   -6.4019492772e-03    5.4144937066e-04   -4.7682779868e-06   -2.3490122737e-04   -3.7531136127e-05    1.3735608003e+02    2.3791068854e+02    2.0680000000e+02
    2.9788425083e+02    9.4890641251e+02   -1.0979928438e+11    4.4331258180e-03    4.4766703665e-03   -6.1158557438e-04    9.6578940644e-04    1.4856927553e-04    1.4627063079e-03    1.3737010111e+02    2.3788687212e+02    2.0680000000e+02
    2.9928708280e+02    9.5337511554e+02   -1.1203894646e+11    2.8346397277e-03    3.8582447893e-03    1.4594903313e-04   -2.7462724881e-04   -4.1736825423e-04   -1.0845391164e-03    1.3733954720e+02    2.3785501807e+02    2.0680000000e+02
    3.0060706961e+02    9.5757991637e+02   -1.1427710459e+11   -8.1240385285e-03    2.8515663941e-03   -3.9933931888e-04    2.4557641959e-04   -4.3896806758e-04    7.7313481225e-04    1.3740303144e+02    2.3788467996e+02    2.0680000000e+02
    2.9805609752e+02    9.4945382792e+02   -1.1652141633e+11   -5.3086336535e-03   -3.0423018067e-03   -1.5217439426e-05    3.9471304484e-04    5.0280136272e-04    1.6838886915e-03    1.3738773962e+02    2.3794029819e+02    2.0680000000e+02
    3.0135104427e+02    9.5994983799e+02   -1.1875987935e+11    2.0312940188e-03   -1.0329689640e-03    1.8937365894e-05   -1.1881158035e-04   -8.3782309790e-04   -4.6315409711e-04    1.3735087936e+02    2.3792626886e+02    2.0680000000e+02
    2.9794067745e+02    9.4908615878e+02   -1.2100465440e+11    1.6284380267e-03   -2.9814234300e-03    4.3764131835e-07    1.5503530797e-03    6.9005880593e-04   -2.4721273989e-03    1.3737243725e+02    2.3798331419e+02    2.0680000000e+02
    3.0094911601e+02    9.5866950074e+02   -1.2324169153e+11   -1.0525981919e-02   -9.1340078275e-03    4.5666899864e-05    6.8008418649e-04   -3.6261944734e-04   -2.1452765723e-03    1.3738874249e+02    2.3792363370e+02    2.0680000000e+02
    3.0085292582e+02    9.5836308814e+02   -1.2547971650e+11    2.1392773209e-03   -1.3430284747e-03   -3.5895576599e-04    4.5740553600e-04    9.3646240055e-04   -1.0460109591e-03    1.3736597304e+02    2.3785570326e+02    2.0680000000e+02
    3.0160859042e+02    9.6077024790e+02   -1.2771362720e+11    3.7419030278e-03    3.9307577965e-03    3.6465837937e-04   -3.4820735000e-04    6.1614012483e-04    2.8562223472e-03    1.3735545176e+02    2.3776772435e+02    2.0680000000e+02
    3.0089618875e+02    9.5850090164e+02   -1.2995704717e+11   -5.8261877938e-03   -1.4608715111e-03   -5.4450823025e-04    7.8495105843e-04    3.4034743119e-04   -2.2708060626e-04    1.3741636414e+02    2.3782991270e+02    2.0680000000e+02
    2.9953998185e+02    9.5418072218e+02   -1.3219420721e+11    2.3266382065e-03   -2.2105914543e-03   -4.0358440613e-04   -1.2952289823e-04    9.8544385128e-05   -3.4900798558e-03    1.3737612825e+02    2.3777935778e+02    2.0680000000e+02
    3.0042332348e+02    9.5699459548e+02   -1.3444290033e+11   -4.0115518644e-03   -1.2073728682e-04   -5.9222839010e-04    2.6344523999e-04   -4.3934317479e-05   -1.3783280831e-03    1.3736639129e+02    2.3786593989e+02    2.0680000000e+02
    3.0081848322e+02    9.5825337168e+02   -1.3667842757e+11    2.4452133588e-03    8.4662171137e-03    1.6809916246e-04    2.3102169081e-04    1.8551695140e-04   -2.1843388904e-03    1.3737730018e+02    2.3780770710e+02    2.0680000000e+02
    3.0099058704e+02    9.5880160616e+02   -1.3891903097e+11   -4.5828296915e-03    6.3132963672e-03    2.1289508067e-05    1.1266245971e-04    7.1829930451e-04   -1.7780034182e-03    1.3736739929e+02    2.3785400942e+02    2.0680000000e+02
    2.9829955895e+02    9.5022937112e+02   -1.4115921784e+11    1.0664643894e-03    2.2465104832e-03    1.6378935047e-04    4.6781794235e-04   -1.4743766022e-03   -2.9727008070e-03    1.3733054364e+02    2.3787876314e+02    2.0680000000e+02
    3.0094009336e+02    9.5864075920e+02   -1.4340326785e+11    4.1220785234e-03    9.4517936909e-03    3.1355233721e-05    1.2020679083e-05    3.3617580884e-04   -5.7851538721e-05    1.3735373837e+02    2.3786832501e+02    2.0680000000e+02
    3.0037989758e+02    9.5685626283e+02   -1.4563871506e+11   -4.5707524157e-03   -4.7136780623e-03    7.0887039822e-04    4.6423590289e-04    7.5734786910e-04    9.8529936119e-04    1.3734048826e+02    2.3793068533e+02    2.0680000000e+02
    3.0002487980e+02    9.5572535830e+02   -1.4787639808e+11   -2.1726435011e-03   -9.2428656681e-03   -2.3161826946e-04   -2.6567539126e-04    4.8757741962e-04   -1.5867669019e-04    1.3733272221e+02    2.3796726601e+02    2.0680000000e+02
    3.0094492279e+02    9.5865614328e+02   -1.5012295257e+11    1.7607063898e-03    5.4193950449e-04    2.6960042695e-06    5.6880033773e-04   -4.0715440877e-04    2.8983723912e-03    1.3732902293e+02    2.3791461822e+02    2.0680000000e+02
    2.9948019269e+02    9.5399026459e+02   -1.5236542117e+11    3.3682493697e-03   -7.3274788378e-03   -6.4269003470e-04   -4.9272575991e-04    7.4180562696e-05    4.7274114882e-04    1.3735406717e+02    2.3793083828e+02    2.0680000000e+02
    2.9918435425e+02    9.5304787507e+02   -1.5460384445e+11    4.2336346831e-03    4.6332785461e-03    2.5610517422e-04    3.0207901277e-05    3.2589984646e-04   -2.0461072725e-03    1.3732949743e+02    2.3788329612e+02    2.0680000000e+02
    3.0074221044e+02    9.5801040573e+02   -1.5684948238e+11   -4.1318246416e-03   -1.6333048044e-03   -4.5641062506e-05   -3.3152083387e-04   -6.3965911168e-04   -3.4036142309e-03    1.3735725377e+02    2.3790349993e+02    2.0680000000e+02
    3.0070762691e+02    9.5790024035e+02   -1.5909463080e+11    3.1093439365e-03    2.3935064750e-03   -3.1994741657e-04    6.4900592531e-04   -2.4407803240e-04    6.5603336019e-04    1.3734267370e+02    2.3789783887e+02    2.0680000000e+02
    2.9929135085e+02    9.5338871135e+02   -1.6133700205e+11    2.0627531590e-04   -6.2244889691e-03   -6.0575621601e-04   -3.6009858526e-04   -3.8095716272e-04   -8.1159844981e-04    1.3735054655e+02    2.3790693028e+02    2.0680000000e+02
    2.9864422981e+02    9.5132731567e+02   -1.6357783570e+11    5.4380983204e-04    9.5197205475e-04   -5.6426312509e-04   -1.8599922126e-03    1.1176613791e-03    2.4758378794e-03    1.3736589213e+02    2.3788812204e+02    2.0680000000e+02
    3.0299555567e+02    9.6518840770e+02   -1.6582838036e+11    1.0753333107e-04    7.0548431460e-03    1.0695732878e-03    7.0191470764e-04   -9.3444398337e-04    4.6949407202e-03    1.3735345698e+02    2.3782738937e+02    2.0680000000e+02
    2.9733196994e+02    9.4714712891e+02   -1.6806446403e+11   -2.3231764430e-03   -5.8089223539e-03    1.3105012403e-04   -1.0690929227e-03    2.2979398668e-04   -7.7053503000e-04    1.3734146220e+02    2.3794470866e+02    2.0680000000e+02
    3.0165044778e+02    9.6090358399e+02   -1.7030932016e+11   -1.1923036562e-03    4.8483648852e-03   -1.3950118170e-04   -5.1109230294e-04    1.3941823223e-03   -4.3881582686e-03    1.3734155132e+02    2.3784731450e+02    2.0680000000e+02
    3.0080251524e+02    9.5820250589e+02   -1.7255813053e+11   -4.3123654041e-03    3.1599997054e-03   -4.0535201326e-05    5.0396391937e-04   -5.9711383996e-04   -1.5180129894e-03    1.3737085821e+02    2.3790609222e+02    2.0680000000e+02
    3.0072239480e+02    9.5794728326e+02   -1.7479777416e+11   -3.6334819807e-03   -5.2161370298e-03    1.0474797171e-03   -9.8086770529e-04    6.5334483391e-04    1.0599474181e-03    1.3735159511e+02    2.3791747687e+02    2.0680000000e+02
    3.0207044709e+02    9.6224148633e+02   -1.7704065992e+11    2.4850036609e-03    1.9456482311e-03   -8.6058651551e-05   -2.4111108803e-04   -6.1950260746e-04    3.1557546801e-03    1.3731736759e+02    2.3787511052e+02    2.0680000000e+02
    3.0013807936e+02    9.5608595401e+02   -1.7927057453e+11    3.2874738729e-04    3.3144294766e-03   -4.6581018253e-04   -3.8134930757e-04   -3.9839036996e-05    2.0989674165e-03    1.3732286894e+02    2.3785541188e+02    2.0680000000e+02
    2.9946529032e+02    9.5394279329e+02   -1.8151221098e+11    9.7539161876e-03    4.1545303685e-03   -5.1465689279e-04    9.5204239352e-04   -3.3301294863e-04    3.0127561854e-03    1.3728348703e+02    2.3789904241e+02    2.0680000000e+02
    3.0023979542e+02    9.5640996922e+02   -1.8375019695e+11    4.3857792329e-03   -3.0434967184e-03    8.0148168861e-05   -1.2608256774e-03    1.1264307751e-03   -2.1837557353e-04    1.3731679131e+02    2.3799653264e+02    2.0680000000e+02
    2.9981664520e+02    9.5506202967e+02   -1.8598759284e+11    2.5308015768e-03   -2.3783023452e-03    1.6178496985e-04   -6.1667541393e-04    9.2182273154e-04    7.9542759582e-04    1.3732687015e+02    2.3793137251e+02    2.0680000000e+02
    3.0008937637e+02    9.5593081129e+02   -1.8822193665e+11    3.6992525087e-03   -2.9358455437e-03   -7.7627971612e-04   -2.9614107413e-04    1.0508992522e-04    6.3608582420e-04    1.3734015249e+02    2.3789171448e+02    2.0680000000e+02
    2.9916964525e+02    9.5300101973e+02   -1.9046546593e+11    3.5095878107e-04   -9.5167320658e-03    4.9533703578e-04   -6.0704628653e-04    9.1890933176e-04    3.0521823757e-03    1.3731658223e+02    2.3794720045e+02    2.0680000000e+02
    3.0229917014e+02    9.6297008062e+02   -1.9270534696e+11    4.7800437904e-04    1.0044882258e-02    2.8664089556e-04   -8.9230528139e-04   -1.1320130169e-03    1.0549897517e-04    1.3733753974e+02    2.3788489719e+02    2.0680000000e+02
    2.9924531159e+02    9.5324205387e+02   -1.9494224367e+11   -9.0973838698e-03    2.3446250421e-04   -8.3358142134e-05    2.0539411978e-04   -3.1111768252e-05   -2.3979600854e-03    1.3735290082e+02    2.3787533442e+02    2.0680000000e+02
    2.9865769018e+02    9.5137019350e+02   -1.9717706393e+11    8.0818727337e-03    3.8990108445e-03    1.6661116099e-04   -7.8265818564e-04    2.3672391305e-04   -5.4527460830e-04    1.3729679253e+02    2.3779184781e+02    2.0680000000e+02
    2.9742939141e+02    9.4745746374e+02   -1.9942594987e+11    4.8807169761e-03   -1.9075845613e-03    2.6954013340e-04   -2.7231196800e-04   -8.4751564394e-04    1.4910592627e-03    1.3734342866e+02    2.3794102060e+02    2.0680000000e+02
    2.9760916661e+02    9.4803013530e+02   -2.0165760558e+11    1.3427884451e-03   -1.2918406483e-03    2.1098128504e-04   -4.6181285535e-04   -1.7154676639e-03    9.0896102663e-05    1.3729773337e+02    2.3794407194e+02    2.0680000000e+02
    2.9924801293e+02    9.5325065898e+02   -2.0389905556e+11   -4.1665623405e-03   -1.1933200753e-03   -4.5332676916e-04   -2.1192338200e-04    1.0802015111e-03    4.6064569280e-04    1.3733212319e+02    2.3793854944e+02    2.0680000000e+02
    2.9978099768e+02    9.5494847495e+02   -2.0613259740e+11    3.5893358647e-03    8.0868266042e-04    4.8598616165e-04    1.5158003884e-04    6.8486309701e-04   -4.6112590813e-04    1.3731361916e+02    2.3790383200e+02    2.0680000000e+02
    3.0017147639e+02    9.5619233983e+02   -2.0837845929e+11   -3.5549057101e-03   -6.3052025970e-05   -3.6149625614e-05   -5.9431153440e-04    7.0316592883e-04   -4.1856732064e-03    1.3736426667e+02    2.3783973092e+02    2.0680000000e+02
    3.0057892104e+02    9.5749024948e+02   -2.1062198494e+11   -1.5702639276e-03    1.5429428280e-03    4.0978608850e-04   -4.8840784823e-04    6.1110249312e-04   -3.9378063022e-03    1.3732620558e+02    2.3782436831e+02    2.0680000000e+02
    3.0029314105e+02    9.5657990104e+02   -2.1286382099e+11    4.8838170707e-03    5.2370037731e-03   -1.7193438177e-04    1.2682601074e-03   -2.0108034977e-04    1.4276991081e-03    1.3732482130e+02    2.3783012671e+02    2.0680000000e+02
    3.0096773623e+02    9.5872881521e+02   -2.1511286378e+11    6.2181298176e-03   -1.5325152523e-03   -7.4747141277e-04   -5.6542806966e-04   -7.1124962758e-04    2.0961287660e-03    1.3729567823e+02    2.3788143766e+02    2.0680000000e+02
    3.0240989345e+02    9.6332278830e+02   -2.1735773594e+11   -2.9511400525e-04   -3.5391713270e-03   -8.0793189835e-05   -3.9413359834e-04   -6.6829642595e-05    1.4406673002e-03    1.3737189580e+02    2.3787830928e+02    2.0680000000e+02
    2.9837830274e+02    9.5048020845e+02   -2.1959872226e+11    3.4179575149e-03    1.5977156236e-03    5.5412236807e-04   -5.6492764187e-04    3.4536222472e-04    7.3603917766e-04    1.3733287781e+02    2.3787519342e+02    2.0680000000e+02
    3.0390811652e+02    9.6809535843e+02   -2.2184798294e+11   -4.0326194956e-03   -9.8226522853e-04   -2.2043939711e-04    5.1677043124e-04   -1.7654228441e-04   -4.0276311521e-03    1.3734495714e+02    2.3787518258e+02    2.0680000000e+02
    3.0086795929e+02    9.5841097707e+02   -2.2408746328e+11   -2.0977688311e-03   -2.4406578804e-03    5.5123324450e-04   -3.7741821359e-04    3.8346603265e-04   -2.2279366310e-03    1.3732580929e+02    2.3797650268e+02    2.0680000000e+02
