0.8 2.39027 1.73287 122.031
1.6 2.68161 2.27964 126.609
2.4 3.14817 3.12381 132.918
3.2 3.77187 4.17994 139.358
4 4.54312 5.35538 144.381
4.8 5.46675 6.56943 147.013
5.6 6.56018 7.76869 147.285
6.4 7.84301 8.93478 146.451
7.2 9.32089 10.0823 146.861
8 10.9695 11.2474 151.491
8.8 12.7256 12.4712 163.19
9.6 14.4901 13.7819 183.843
10.4 16.1453 15.1819 213.677
11.2 17.5829 16.6439 250.94
12 18.7348 18.1168 292.098
12.8 19.597 19.5393 332.512
13.6 20.2382 20.8567 367.444
14.4 20.7873 22.036 393.113
15.2 21.4022 23.0733 407.491
16 22.2275 23.9925 410.641
16.8 23.352 24.8368 404.509
17.6 24.78 25.6546 392.279
18.4 26.4251 26.487 377.494
19.2 28.1302 27.3588 363.226
20 29.7098 28.2762 351.514
20.8 31.0016 29.2304 343.18
21.6 31.9158 30.206 338.007
22.4 32.4647 31.1892 335.148
23.2 32.7656 32.1746 333.592
24 33.0137 33.1671 332.528
24.8 33.4313 34.1808 331.514
25.6 34.2081 35.2326 330.47
26.4 35.446 36.3364 329.531
27.2 37.1273 37.497 328.88
28 39.1131 38.707 328.622
28.8 41.1749 39.9474 328.741
29.6 43.0525 41.191 329.143
30.4 44.5227 42.4096 329.72
31.2 45.4605 43.5806 330.415
32 45.8768 44.6929 331.24
32.8 45.9206 45.7493 332.254
33.6 45.8436 46.7657 333.512
34.4 45.9367 47.7657 335.026
35.2 46.4534 48.7738 336.741
36 47.5412 49.8085 338.547
36.8 49.2002 50.8778 340.317
37.6 51.2799 51.978 341.946
38.4 53.5176 53.0972 343.379
39.2 55.6067 54.2205 344.619
40 57.2794 55.3364 345.719
40.8 58.3789 56.4408 346.753
41.6 58.904 57.5387 347.803
42.4 59.0118 58.6418 348.939
43.2 58.9776 59.7646 350.217
44 59.123 60.9197 351.675
44.8 59.73 62.1139 353.339
45.6 60.965 63.3472 355.221
46.4 62.8321 64.6136 357.319
47.2 65.1696 65.903 359.614
48 67.6904 67.2043 362.069
48.8 70.0577 68.508 364.638
49.6 71.9745 69.8065 367.265
50.4 73.2645 71.0953 369.893
51.2 73.9223 72.3721 372.48
52 74.1174 73.6364 374.999
52.8 74.1517 74.8894 377.458
53.6 74.3792 76.1341 379.901
54.4 75.11 77.3758 382.41
55.2 76.524 78.6222 385.093
56 78.6196 79.8836 388.061
56.8 81.2101 81.1719 391.402
57.6 83.9729 82.4989 395.147
58.4 86.536 83.8749 399.263
59.2 88.5805 85.3055 403.659
60 89.9297 86.7909 408.211
60.8 90.5993 88.3245 412.807
61.6 90.7954 89.8942 417.378
62.4 90.8583 91.4848 421.916
63.2 91.1696 93.0813 426.462
64 92.0457 94.6723 431.079
64.8 93.6501 96.252 435.824
65.6 95.9482 97.8212 440.726
66.4 98.7178 99.3852 445.806
67.2 101.613 100.951 451.106
68 104.264 102.525 456.717
68.8 106.383 104.11 462.787
69.6 107.844 105.704 469.488
70.4 108.724 107.304 476.946
71.2 109.275 108.907 485.188
72 109.849 110.516 494.127
72.8 110.798 112.137 503.642
73.6 112.368 113.786 513.724
74.4 114.626 115.486 524.666
75.2 117.445 117.264 537.177
76 120.542 119.147 552.351
76.8 123.561 121.156 571.43
77.6 126.185 123.302 595.37
78.4 128.228 125.574 624.328
79.2 129.687 127.947 657.233
80 130.744 130.373 691.604
80.8 131.705 132.794 723.755
81.6 132.906 135.152 749.367
82.4 134.608 137.401 764.327
83.2 136.917 139.521 765.614
84 139.75 141.519 751.989
84.8 142.857 143.427 724.278
85.6 145.902 145.294 685.192
86.4 148.561 147.169 638.715
87.2 150.631 149.088 589.254
88 152.093 151.073 540.78
88.8 153.128 153.128 496.174
89.6 154.065 155.249 456.917
90.4 155.287 157.433 423.156
91.2 157.112 159.684 394.054
92 159.693 162.014 368.282
92.8 162.972 164.441 344.499
93.6 166.695 166.977 321.683
94.4 170.495 169.628 299.274
95.2 174.011 172.389 277.117
96 177.014 175.254 255.288
96.8 179.484 178.217 233.886
97.6 181.619 181.283 212.883
98.4 183.777 184.46 192.098
99.2 186.353 187.765 171.303
100 189.651 191.219 150.421
100.8 193.794 194.85 129.748
101.6 198.685 198.698 110.084
102.4 204.062 202.825 92.7025
103.2 209.596 207.308 79.1287
104 215.016 212.232 70.782
104.8 220.194 217.66 68.6059
105.6 225.191 223.605 72.8514
106.4 230.223 230.015 83.1487
107.2 235.602 236.802 98.905
108 241.66 243.898 119.929
108.8 248.713 251.349 147.053
109.6 257.06 259.408 182.456
110.4 267.014 268.57 229.454
111.2 278.915 279.525 291.661
112 293.1 292.991 371.689
112.8 309.788 309.474 469.727
113.6 328.906 328.993 582.503
114.4 349.914 350.873 703.039
115.2 371.685 373.686 821.435
116 392.533 395.393 926.57
116.8 410.416 413.674 1008.33
117.6 423.288 426.385 1059.74
118.4 429.535 432.014 1078.41
119.2 428.356 430.02 1066.9
120 419.994 420.951 1031.86
120.8 405.718 406.31 982.36
121.6 387.569 388.21 927.728
122.4 367.918 368.915 875.721
123.2 348.964 350.391 831.325
124 332.324 333.997 796.474
124.8 318.794 320.353 770.572
125.6 308.354 309.421 751.521
126.4 300.384 300.715 736.817
127.2 293.986 293.571 724.406
128 288.325 287.38 713.079
128.8 282.862 281.731 702.445
129.6 277.433 276.443 692.619
130.4 272.179 271.509 683.847
131.2 267.38 267 676.225
132 263.267 262.974 669.615
132.8 259.894 259.422 663.708
133.6 257.109 256.268 658.182
134.4 254.619 253.393 652.826
135.2 252.11 250.678 647.599
136 249.37 248.038 642.597
136.8 246.357 245.433 637.964
137.6 243.19 242.854 633.815
138.4 240.082 240.313 630.183
139.2 237.236 237.818 627.024
140 234.761 235.368 624.252
140.8 232.633 232.953 621.778
141.6 230.718 230.569 619.54
142.4 228.837 228.218 617.497
143.2 226.845 225.919 615.622
144 224.688 223.697 613.876
144.8 222.419 221.579 612.205
145.6 220.162 219.588 610.537
146.4 218.057 217.736 608.8
147.2 216.202 216.029 606.942
148 214.619 214.469 604.941
148.8 213.258 213.058 602.826
149.6 212.033 211.802 600.677
150.4 210.861 210.7 598.616
151.2 209.703 209.745 596.782
152 208.569 208.912 595.287
152.8 207.5 208.159 594.17
153.6 206.533 207.431 593.362
154.4 205.671 206.664 592.701
155.2 204.871 205.806 591.994
156 204.056 204.823 591.114
156.8 203.148 203.713 590.106
157.6 202.107 202.504 589.213
158.4 200.95 201.252 588.784
159.2 199.753 200.025 589.04
160 198.621 198.887 589.747
160.8 197.648 197.882 589.901
161.6 196.881 197.02 587.569
162.4 196.298 196.277 580.004
163.2 195.82 195.598 564.087
164 195.332 194.914 537.034
164.8 194.73 194.159 497.187
165.6 193.946 193.29 444.674
166.4 192.971 192.298 381.701
167.2 191.847 191.209 312.352
168 190.649 190.073 241.917
168.8 189.455 188.952 175.896
169.6 188.333 187.903 118.95
170.4 187.322 186.968 74.0761
171.2 186.442 186.164 42.2096
172 185.696 185.489 22.3325
172.8 185.085 184.927 12.0076
173.6 184.601 184.453 8.14593
174.4 184.234 184.042 7.77311
175.2 183.964 183.672 8.5918
176 183.759 183.327 9.23215
176.8 183.585 182.998 9.19483
177.6 183.412 182.687 8.583
178.4 183.233 182.412 7.76233
179.2 183.066 182.204 7.07636
180 182.946 182.092 6.69145
180.8 182.905 182.093 6.57996
181.6 182.937 182.18 6.59783
182.4 182.974 182.268 6.59047
183.2 182.867 182.197 6.47027
184 182.399 181.75 6.23872
184.8 181.326 180.689 5.95867
185.6 179.43 178.805 5.7041
186.4 176.587 175.984 5.51786
187.2 172.82 172.255 5.39657
188 168.32 167.813 5.30367
188.8 163.429 163 5.19744
189.6 158.592 158.256 5.05632
190.4 154.272 154.037 4.88847
191.2 150.868 150.734 4.7237
192 148.643 148.602 4.59498
192.8 147.689 147.725 4.52095
193.6 147.923 148.017 4.49846
194.4 149.13 149.262 4.50723
195.2 151.02 151.174 4.52227
196 153.301 153.467 4.52649
196.8 155.733 155.906 4.51684
197.6 158.163 158.338 4.50217
198.4 160.524 160.699 4.49521
199.2 162.821 162.992 4.50414
200 165.095 165.26 4.52825
200.8 167.394 167.553 4.5594
201.6 169.747 169.909 4.5875
202.4 172.161 172.341 4.60647
203.2 174.625 174.842 4.61709
204 177.122 177.395 4.62571
204.8 179.644 179.984 4.64
205.6 182.2 182.599 4.66446
206.4 184.808 185.242 4.69827
207.2 187.493 187.917 4.73639
208 190.274 190.635 4.77288
208.8 193.16 193.402 4.8044
209.6 196.146 196.23 4.8318
210.4 199.22 199.127 4.85922
211.2 202.365 202.109 4.89141
212 205.569 205.192 4.93093
212.8 208.82 208.388 4.97691
213.6 212.109 211.701 5.02577
214.4 215.428 215.124 5.07343
215.2 218.779 218.643 5.11762
216 222.181 222.25 5.15901
216.8 225.679 225.953 5.20072
217.6 229.35 229.793 5.24667
218.4 233.284 233.83 5.29984
219.2 237.563 238.128 5.36115
220 242.208 242.708 5.42955
220.8 247.136 247.503 5.50267
221.6 252.127 252.327 5.57746
222.4 256.825 256.86 5.65026
223.2 260.773 260.684 5.71636
224 263.5 263.349 5.76951
224.8 264.61 264.472 5.80235
225.6 263.886 263.824 5.80781
226.4 261.348 261.404 5.78145
227.2 257.274 257.457 5.72361
228 252.155 252.442 5.6404
228.8 246.608 246.948 5.54283
229.6 241.263 241.589 5.44432
230.4 236.654 236.894 5.3573
231.2 233.134 233.223 5.29037
232 230.841 230.729 5.24684
232.8 229.703 229.359 5.22515
233.6 229.487 228.906 5.22057
234.4 229.874 229.076 5.22735
235.2 230.537 229.565 5.24048
236 231.211 230.132 5.25639
236.8 231.742 230.633 5.27293
237.6 232.094 231.041 5.28886
238.4 232.331 231.414 5.30355
239.2 232.569 231.853 5.31697
240 232.906 232.435 5.32978
240.8 233.366 233.156 5.34311
241.6 233.861 233.896 5.35793
242.4 234.198 234.439 5.3738
243.2 234.149 234.54 5.38802
244 233.567 234.041 5.39561
244.8 232.528 233.02 5.39092
245.6 231.478 231.932 5.37079
246.4 231.322 231.7 5.33849
247.2 233.441 233.723 5.30723
248 239.602 239.792 5.3018
248.8 251.781 251.903 5.35745
249.6 271.916 272.008 5.51577
250.4 301.634 301.739 5.8186
251.2 342.009 342.161 6.30109
252 393.372 393.588 6.98566
252.8 455.221 455.494 7.87823
253.6 526.218 526.51 8.96696
254.4 604.259 604.512 10.2237
255.2 686.619 686.764 11.6069
256 770.126 770.096 13.065
256.8 851.358 851.099 14.5402
257.6 926.851 926.333 15.9705
258.4 993.319 992.538 17.2923
259.2 1047.88 1046.84 18.4428
260 1088.24 1086.98 19.3639
260.8 1112.95 1111.48 20.007
261.6 1121.47 1119.83 20.3391
262.4 1114.33 1112.53 20.349
263.2 1093.02 1091.12 20.051
264 1059.94 1058 19.4858
264.8 1018.11 1016.21 18.7166
265.6 970.884 969.107 17.8204
266.4 921.568 920.005 16.8773
267.2 873.118 871.837 15.9588
268 827.853 826.885 15.1183
268.8 787.302 786.637 14.3868
269.6 752.176 751.77 13.7729
270.4 722.463 722.252 13.2674
271.2 697.612 697.533 12.8507
272 676.763 676.775 12.5003
272.8 658.975 659.066 12.1965
273.6 643.405 643.589 11.9251
274.4 629.415 629.724 11.6775
275.2 616.612 617.072 11.4496
276 604.82 605.435 11.2396
276.8 594.019 594.762 11.0466
277.6 584.267 585.084 10.8703
278.4 575.641 576.46 10.7109
279.2 568.19 568.944 10.5689
280 561.922 562.564 10.4451
280.8 556.796 557.318 10.3398
281.6 552.744 553.178 10.2519
282.4 549.677 550.09 10.1794
283.2 547.487 547.971 10.1196
284 546.054 546.702 10.07
284.8 545.234 546.119 10.0298
285.6 544.865 546.029 9.9991
286.4 544.804 546.238 9.97868
287.2 544.981 546.629 9.96856
288 545.499 547.259 9.96734
288.8 546.731 548.473 9.97311
289.6 549.388 550.973 9.98623
290.4 554.502 555.806 10.013
291.2 563.276 564.214 10.0685
292 576.791 577.332 10.1765
292.8 595.596 595.765 10.364
293.6 619.27 619.14 10.6517
294.4 646.068 645.74 11.0411
295.2 672.808 672.388 11.5038
296 695.076 694.65 11.9761
296.8 707.799 707.415 12.3634
297.6 706.086 705.757 12.5546
298.4 686.205 685.912 12.4454
299.2 646.444 646.155 11.9629
300 587.641 587.328 11.0865
300.8 513.233 512.886 9.85722
301.6 428.777 428.411 8.37366
302.4 341.037 340.683 6.77353
303.2 256.842 256.539 5.20651
304 181.983 181.762 3.80524
304.8 120.382 120.261 2.662
305.6 73.7145 73.686 1.81667
306.4 41.5031 41.5439 1.25799
307.2 21.6207 21.6978 0.936081
308 11.0184 11.0995 0.781379
308.8 6.47998 6.54206 0.72391
309.6 5.22323 5.25633 0.707782
310.4 5.24582 5.25218 0.698051
311.2 5.39685 5.3864 0.680023
312 5.23408 5.21877 0.653314
312.8 4.76813 4.75715 0.624073
313.6 4.19861 4.19611 0.598446
314.4 3.71845 3.72374 0.579062
315.2 3.4181 3.42761 0.564708
316 3.27941 3.28911 0.552102
316.8 3.22288 3.23007 0.538185
317.6 3.16635 3.17027 0.521655
318.4 3.06456 3.06596 0.503191
319.2 2.91792 2.91815 0.484603
320 2.75666 2.75681 0.467624
320.8 2.61538 2.61593 0.453036
321.6 2.51324 2.51416 0.4405
322.4 2.44763 2.44873 0.429024
323.2 2.40081 2.40207 0.417656
324 2.35266 2.35425 0.406005
324.8 2.29154 2.29371 0.39433
325.6 2.21824 2.221 0.38324
326.4 2.14249 2.14551 0.373255
327.2 2.07558 2.07826 0.364493
328 2.02375 2.02545 0.356649
328.8 1.98557 1.98594 0.349218
329.6 1.95399 1.95311 0.341806
330.4 1.92094 1.91934 0.334333
331.2 1.88172 1.88011 0.32702
332 1.83681 1.83582 0.320211
332.8 1.79063 1.79058 0.314138
333.6 1.74846 1.74929 0.308791
334.4 1.71344 1.7148 0.303937
335.2 1.68519 1.68665 0.299275
336 1.66061 1.6618 0.2946
336.8 1.63591 1.63667 0.289892
337.6 1.60876 1.60912 0.285278
338.4 1.57922 1.57933 0.28091
339.2 1.54927 1.54933 0.276828
340 1.52135 1.52153 0.27292
340.8 1.49687 1.4973 0.268963
341.6 1.47554 1.47633 0.264746
342.4 1.45576 1.45698 0.260169
343.2 1.43572 1.43737 0.255279
344 1.41446 1.41646 0.250221
344.8 1.39232 1.39451 0.245135
345.6 1.37063 1.37276 0.240076
346.4 1.35077 1.35262 0.234994
347.2 1.33339 1.33481 0.229788
348 1.31803 1.319 0.22439
348.8 1.30343 1.30409 0.218827
349.6 1.28829 1.28884 0.21322
350.4 1.27195 1.2726 0.207725
351.2 1.25471 1.25559 0.202455
352 1.23758 1.23868 0.197424
352.8 1.22166 1.22284 0.192558
353.6 1.20757 1.20863 0.187749
354.4 1.19516 1.19593 0.182931
355.2 1.1837 1.18405 0.17812
356 1.17231 1.17222 0.173403
356.8 1.16047 1.16 0.168884
357.6 1.14822 1.14748 0.164622
358.4 1.13606 1.13517 0.160594
359.2 1.12454 1.12363 0.156719
360 1.11399 1.11316 0.15291
360.8 1.10426 1.10361 0.149133
361.6 1.09494 1.09452 0.145432
362.4 1.08558 1.08539 0.141904
363.2 1.07603 1.07599 0.138651
364 1.06648 1.06647 0.135724
364.8 1.05737 1.05725 0.133108
365.6 1.04911 1.04872 0.13074
366.4 1.0418 1.04108 0.128563
367.2 1.03522 1.03418 0.126566
368 1.0289 1.02765 0.124798
368.8 1.02244 1.02113 0.123331
369.6 1.01569 1.01449 0.122217
370.4 1.00884 1.00785 0.121444
371.2 1.00229 1.00157 0.120927
372 0.996423 0.995939 0.120542
372.8 0.991379 0.991075 0.12018
373.6 0.987 0.986802 0.119778
374.4 0.982911 0.982763 0.119333
375.2 0.978727 0.978595 0.118869
376 0.97423 0.974102 0.118394
376.8 0.969437 0.969317 0.117866
377.6 0.964535 0.96443 0.117198
378.4 0.959724 0.959643 0.116287
379.2 0.955078 0.955028 0.115062
380 0.950504 0.950488 0.11351
380.8 0.945807 0.945817 0.111681
381.6 0.940822 0.940836 0.109653
382.4 0.935517 0.935499 0.107494
383.2 0.930017 0.929924 0.10524
384 0.924523 0.924321 0.102892
384.8 0.919187 0.918869 0.100447
385.6 0.914026 0.913617 0.0979304
386.4 0.908908 0.908463 0.0954082
387.2 0.903642 0.903228 0.0929749
388 0.898098 0.897764 0.090717
388.8 0.89229 0.89205 0.0886765
389.6 0.886376 0.886203 0.0868358
390.4 0.880576 0.880409 0.0851325
391.2 0.875049 0.874818 0.0834959
392 0.869811 0.86946 0.0818859
392.8 0.864731 0.864233 0.0803101
393.6 0.859604 0.858968 0.0788119
394.4 0.854269 0.853529 0.0774389
395.2 0.848686 0.847885 0.0762095
396 0.842948 0.842127 0.0751
396.8 0.837214 0.836407 0.0740581
397.6 0.831619 0.830851 0.073034
398.4 0.8262 0.825491 0.0720102
399.2 0.820888 0.820255 0.0710114
400 0.815566 0.815019 0.0700886
0.8 2.24322 1.75296 121.781
1.6 2.65144 2.43456 127.366
2.4 3.32913 3.48964 135.406
3.2 4.27493 4.81825 144.392
4 5.48861 6.31646 152.913
4.8 6.96669 7.8987 160.178
5.6 8.69323 9.51213 166.413
6.4 10.6285 11.1393 173.027
7.2 12.7016 12.7895 182.428
8 14.8119 14.4825 197.482
8.8 16.8444 16.2312 220.731
9.6 18.6949 18.0291 253.543
10.4 20.2999 19.8462 295.472
11.2 21.6595 21.6355 344.032
12 22.8428 23.3462 395.004
12.8 23.9716 24.9386 443.244
13.6 25.1831 26.3961 483.771
14.4 26.5837 27.7292 512.864
15.2 28.2082 28.9714 528.83
16 30.0012 30.1677 532.256
16.8 31.8283 31.361 525.688
17.6 33.518 32.5802 512.854
18.4 34.9206 33.8351 497.705
19.2 35.9659 35.1174 483.537
20 36.6977 36.409 472.442
20.8 37.2714 37.6921 465.175
21.6 37.9128 38.9584 461.408
22.4 38.8487 40.2133 460.195
23.2 40.2316 41.4747 460.481
24 42.0849 42.7665 461.467
24.8 44.2874 44.1099 462.767
25.6 46.6051 45.5161 464.365
26.4 48.7623 46.982 466.442
27.2 50.5283 48.4914 469.198
28 51.7928 50.0194 472.72
28.8 52.6034 51.5397 476.951
29.6 53.1516 53.0309 481.733
30.4 53.7118 54.481 486.885
31.2 54.5525 55.8886 492.277
32 55.8485 57.2618 497.866
32.8 57.6246 58.6151 503.693
33.6 59.7493 59.9656 509.859
34.4 61.98 61.3308 516.493
35.2 64.0467 62.7256 523.712
36 65.7442 64.1617 531.602
36.8 67.0016 65.6458 540.191
37.6 67.9077 67.1795 549.443
38.4 68.6811 68.7594 559.273
39.2 69.5957 70.3776 569.589
40 70.8878 72.0235 580.354
40.8 72.6742 73.6867 591.652
41.6 74.9104 75.3588 603.716
42.4 77.4028 77.0349 616.894
43.2 79.8717 78.714 631.551
44 82.0438 80.3975 647.952
44.8 83.745 82.0882 666.181
45.6 84.9614 83.7887 686.201
46.4 85.8485 85.5028 708.067
47.2 86.6845 87.2373 732.269
48 87.7832 89.005 760.08
48.8 89.3937 90.8268 793.713
49.6 91.6205 92.7302 836.11
50.4 94.3897 94.7444 890.267
51.2 97.4732 96.891 958.162
52 100.561 99.1742 1039.51
52.8 103.358 101.571 1130.72
53.6 105.675 104.026 1224.46
54.4 107.475 106.457 1310.11
55.2 108.874 108.764 1375.14
56 110.081 110.848 1407.27
56.8 111.314 112.633 1396.89
57.6 112.716 114.079 1339.18
58.4 114.299 115.2 1235.36
59.2 115.947 116.059 1092.82
60 117.47 116.758 923.876
60.8 118.686 117.421 743.682
61.6 119.51 118.168 567.582
62.4 120.001 119.093 408.67
63.2 120.369 120.252 275.996
64 120.909 121.658 173.774
64.8 121.912 123.289 101.615
65.6 123.565 125.101 55.5888
66.4 125.883 127.045 29.7287
67.2 128.704 129.083 17.5654
68 131.737 131.192 13.3497
68.8 134.664 133.363 12.7718
69.6 137.241 135.601 13.1536
70.4 139.385 137.916 13.232
71.2 141.199 140.317 12.7163
72 142.929 142.814 11.8109
72.8 144.88 145.416 10.8382
73.6 147.304 148.135 10.0249
74.4 150.309 150.985 9.44011
75.2 153.823 153.972 9.03556
76 157.618 157.09 8.72074
76.8 161.398 160.32 8.42497
77.6 164.903 163.628 8.12283
78.4 168.011 166.981 7.82611
79.2 170.78 170.351 7.55999
80 173.433 173.739 7.34202
80.8 176.273 177.172 7.17437
81.6 179.576 180.7 7.04874
82.4 183.484 184.381 6.95585
83.2 187.961 188.265 6.89122
84 192.813 192.378 6.85365
84.8 197.775 196.732 6.83932
85.6 202.627 201.326 6.83764
86.4 207.299 206.174 6.83399
87.2 211.905 211.303 6.81854
88 216.708 216.755 6.79548
88.8 222.012 222.567 6.78491
89.6 228.037 228.744 6.8137
90.4 234.836 235.263 6.89879
91.2 242.291 242.092 7.03324
92 250.211 249.254 7.1856
92.8 258.5 256.91 7.31692
93.6 267.311 265.414 7.4082
94.4 277.122 275.32 7.48198
95.2 288.668 287.289 7.60092
96 302.717 301.908 7.83745
96.8 319.752 319.447 8.22651
97.6 339.655 339.634 8.7289
98.4 361.513 361.516 9.2343
99.2 383.64 383.49 9.6153
100 403.826 403.51 9.81208
100.8 419.779 419.45 9.89781
101.6 429.622 429.535 10.0681
102.4 432.315 432.715 10.5261
103.2 427.874 428.895 11.2981
104 417.328 418.937 12.0835
104.8 402.445 404.454 12.2859
105.6 385.308 387.445 11.3521
106.4 367.883 369.885 9.44145
107.2 351.681 353.377 8.29564
108 337.604 338.947 12.0136
108.8 325.964 327.012 27.3524
109.6 316.635 317.495 63.2149
110.4 309.26 310.022 129.182
111.2 303.426 304.12 233.252
112 298.771 299.365 379.282
112.8 295.015 295.445 564.831
113.6 291.933 292.149 780.134
114.4 289.313 289.317 1008.72
115.2 286.939 286.794 1229.74
116 284.6 284.406 1421.54
116.8 282.123 281.978 1565.75
117.6 279.407 279.374 1650.78
118.4 276.439 276.529 1673.8
119.2 273.284 273.466 1640.87
120 270.049 270.289 1565.06
120.8 266.843 267.134 1463.25
121.6 263.75 264.133 1352.52
122.4 260.816 261.37 1246.99
123.2 258.055 258.871 1155.9
124 255.473 256.608 1083.13
124.8 253.075 254.528 1028.1
125.6 250.874 252.572 987.426
126.4 248.88 250.701 956.742
127.2 247.092 248.896 932.168
128 245.491 247.155 911.069
128.8 244.035 245.475 892.151
129.6 242.675 243.848 875.087
130.4 241.362 242.255 859.996
131.2 240.059 240.67 847.014
132 238.742 239.07 836.097
132.8 237.399 237.442 827.031
133.6 236.019 235.79 819.532
134.4 234.594 234.137 813.341
135.2 233.118 232.514 808.246
136 231.597 230.96 804.067
136.8 230.057 229.508 800.656
137.6 228.54 228.184 797.971
138.4 227.101 226.999 796.202
139.2 225.792 225.952 795.849
140 224.642 225.026 797.645
140.8 223.653 224.197 802.233
141.6 222.794 223.434 809.614
142.4 222.007 222.699 818.552
143.2 221.227 221.952 826.155
144 220.387 221.147 827.902
144.8 219.434 220.235 818.252
145.6 218.326 219.165 791.787
146.4 217.034 217.892 744.611
147.2 215.551 216.391 675.627
148 213.894 214.672 587.264
148.8 212.117 212.794 485.375
149.6 210.315 210.868 378.281
150.4 208.615 209.042 275.171
151.2 207.141 207.46 184.288
152 205.973 206.217 111.402
152.8 205.086 205.296 58.9401
153.6 204.317 204.534 25.9752
154.4 203.359 203.617 8.97692
155.2 201.796 202.123 3.04528
156 199.192 199.603 3.22279
156.8 195.199 195.696 5.52676
157.6 189.662 190.238 7.47923
158.4 182.697 183.336 8.10354
159.2 174.701 175.386 7.52338
160 166.297 167.014 6.39231
160.8 158.219 158.963 5.37991
161.6 151.177 151.948 4.86286
162.4 145.713 146.516 4.85817
163.2 142.115 142.951 5.13864
164 140.39 141.249 5.42026
164.8 140.299 141.157 5.5166
165.6 141.451 142.27 5.40041
166.4 143.406 144.143 5.17094
167.2 145.778 146.393 4.96838
168 148.289 148.758 4.8908
168.8 150.793 151.108 4.95342
169.6 153.246 153.419 5.10032
170.4 155.668 155.721 5.25035
171.2 158.097 158.053 5.34617
172 160.564 160.436 5.38046
172.8 163.083 162.869 5.39013
173.6 165.655 165.343 5.42778
174.4 168.285 167.856 5.52953
175.2 170.984 170.425 5.69682
176 173.767 173.082 5.8995
176.8 176.651 175.863 6.09493
177.6 179.644 178.797 6.25065
178.4 182.752 181.9 6.35799
179.2 185.986 185.188 6.43111
180 189.381 188.682 6.49433
180.8 192.989 192.418 6.56648
181.6 196.874 196.433 6.65123
182.4 201.082 200.754 6.73753
183.2 205.619 205.366 6.80861
184 210.441 210.217 6.85308
184.8 215.484 215.24 6.87202
185.6 220.731 220.42 6.87856
186.4 226.29 225.871 6.89154
187.2 232.453 231.898 6.92743
188 239.704 238.999 6.99504
188.8 248.63 247.776 7.09531
189.6 259.746 258.766 7.22467
190.4 273.278 272.213 7.37889
191.2 288.955 287.86 7.55417
192 305.901 304.836 7.74468
192.8 322.668 321.686 7.93837
193.6 337.446 336.582 8.11439
194.4 348.399 347.658 8.24491
195.2 354.048 353.409 8.30169
196 353.604 353.028 8.26498
196.8 347.151 346.593 8.13092
197.6 335.624 335.053 7.9139
198.4 320.597 320.004 7.64263
199.2 303.924 303.327 7.35164
200 287.356 286.792 7.07161
200.8 272.214 271.726 6.82238
201.6 259.216 258.833 6.61086
202.4 248.475 248.207 6.43374
203.2 239.65 239.481 6.2828
204 232.182 232.084 6.15016
204.8 225.524 225.469 6.03119
205.6 219.297 219.272 5.92451
206.4 213.317 213.336 5.82986
207.2 207.513 207.614 5.74551
208 201.773 202.005 5.66639
208.8 195.793 196.198 5.58391
209.6 189.012 189.604 5.48709
210.4 180.665 181.422 5.36461
211.2 169.968 170.829 5.20718
212 156.386 157.269 5.00983
212.8 139.897 140.71 4.77405
213.6 121.152 121.822 4.50919
214.4 101.476 101.96 4.2327
215.2 82.6733 82.9625 3.96856
216 66.6858 66.8058 3.74363
216.8 55.199 55.1943 3.58257
217.6 49.2995 49.2198 3.50251
218.4 49.285 49.1715 3.50919
219.2 54.6639 54.5422 3.59584
220 64.3234 64.2024 3.74504
220.8 76.7903 76.6669 3.93284
221.6 90.4989 90.3658 4.1336
222.4 104.005 103.859 4.32438
223.2 116.149 115.993 4.48826
224 126.215 126.061 4.61739
224.8 134.169 134.035 4.71667
225.6 141.014 140.913 4.80877
226.4 149.203 149.141 4.93958
227.2 162.97 162.934 5.18168
228 188.341 188.302 5.63215
228.8 232.621 232.534 6.40194
229.6 303.25 303.064 7.59597
230.4 406.133 405.802 9.28681
231.2 543.769 543.264 11.4877
232 713.659 712.978 14.1331
232.8 907.53 906.7 17.0729
233.6 1111.73 1110.81 20.0856
234.4 1308.94 1307.98 22.9088
235.2 1480.83 1479.91 25.2809
236 1611.27 1610.43 26.9858
236.8 1689.16 1688.43 27.8896
237.6 1710.34 1709.72 27.9609
238.4 1678.09 1677.52 27.2715
239.2 1602.03 1601.47 25.9769
240 1495.99 1495.38 24.2835
240.8 1375.16 1374.45 22.4099
241.6 1253.39 1252.56 20.5511
242.4 1141.18 1140.25 18.8532
243.2 1044.71 1043.72 17.4011
244 965.885 964.89 16.2198
244.8 903.21 902.284 15.2866
245.6 853.1 852.306 14.5477
246.4 811.179 810.561 13.9362
247.2 773.306 772.877 13.3862
248 736.196 735.937 12.8433
248.8 697.669 697.532 12.2691
249.6 656.651 656.566 11.6432
250.4 613.052 612.941 10.9627
251.2 567.629 567.421 10.2409
252 521.828 521.469 9.50459
252.8 477.584 477.054 8.78968
253.6 437.043 436.354 8.13539
254.4 402.192 401.387 7.57684
255.2 374.475 373.621 7.13809
256 354.496 353.671 6.82714
256.8 341.914 341.192 6.63501
257.6 335.575 335.015 6.5392
258.4 333.875 333.514 6.5107
259.2 335.203 335.055 6.52219
260 338.341 338.401 6.55452
260.8 342.649 342.904 6.59919
261.6 348.012 348.45 6.65646
262.4 354.576 355.192 6.73032
263.2 362.438 363.237 6.8232
264 371.465 372.456 6.93342
264.8 381.35 382.535 7.05698
265.6 391.932 393.295 7.19311
266.4 403.619 405.114 7.35085
267.2 417.687 419.232 7.55261
268 436.217 437.699 7.83131
268.8 461.542 462.832 8.21991
269.6 495.269 496.244 8.73559
270.4 537.163 537.728 9.36334
271.2 584.283 584.394 10.0457
272 630.781 630.453 10.6838
272.8 668.584 667.894 11.152
273.6 688.929 688.001 11.3238
274.4 684.386 683.368 11.1026
275.2 650.818 649.854 10.4483
276 588.698 587.904 9.39178
276.8 503.331 502.774 8.03265
277.6 403.883 403.582 6.51918
278.4 301.468 301.391 5.01712
279.2 206.801 206.888 3.67521
280 128.099 128.276 2.59716
280.8 69.7411 69.9408 1.82691
281.6 32.0002 32.1733 1.34995
282.4 11.7846 11.9056 1.10832
283.2 4.04849 4.11387 1.02328
284 3.38185 3.4032 1.01817
284.8 5.31014 5.30551 1.035
285.6 7.00278 6.98918 1.0415
286.4 7.32975 7.31861 1.02888
287.2 6.42143 6.4174 1.00337
288 5.009 5.01143 0.976188
288.8 3.82567 3.83135 0.955654
289.6 3.25302 3.25864 0.943655
290.4 3.25734 3.26102 0.936362
291.2 3.54005 3.54158 0.927497
292 3.76507 3.76527 0.911896
292.8 3.73546 3.73535 0.887643
293.6 3.45171 3.45188 0.856138
294.4 3.0566 3.05704 0.820623
295.2 2.72338 2.72377 0.784254
296 2.5569 2.55695 0.748778
296.8 2.55373 2.55337 0.714323
297.6 2.62776 2.62715 0.680118
298.4 2.67352 2.67283 0.645524
299.2 2.62626 2.62549 0.610736
300 2.48828 2.48715 0.576814
300.8 2.31426 2.31237 0.545142
301.6 2.17138 2.16843 0.516712
302.4 2.10001 2.09606 0.491683
303.2 2.09601 2.09148 0.469409
304 2.12025 2.11586 0.448884
304.8 2.12582 2.12228 0.429295
305.6 2.08508 2.08282 0.41037
306.4 2.00197 2.00101 0.392363
307.2 1.90505 1.90498 0.375752
308 1.82796 1.82818 0.360849
308.8 1.78991 1.78981 0.347581
309.6 1.78682 1.78605 0.335528
310.4 1.79669 1.79521 0.324174
311.2 1.79414 1.79219 0.313187
312 1.76496 1.76292 0.302565
312.8 1.71255 1.71076 0.292563
313.6 1.65371 1.65236 0.283483
314.4 1.60749 1.60657 0.275443
315.2 1.58416 1.58351 0.268293
316 1.58045 1.57983 0.261689
316.8 1.58299 1.58217 0.255287
317.6 1.57708 1.57591 0.248915
318.4 1.55512 1.55356 0.242637
319.2 1.5201 1.51826 0.236662
320 1.4827 1.48076 0.23118
320.8 1.45425 1.45245 0.226217
321.6 1.44014 1.43872 0.221611
322.4 1.43735 1.43645 0.217102
323.2 1.43699 1.43663 0.212479
324 1.43005 1.43012 0.20769
324.8 1.41263 1.4129 0.202847
325.6 1.3877 1.38791 0.198117
326.4 1.36272 1.36268 0.193573
327.2 1.34492 1.34456 0.189091
328 1.33707 1.33648 0.184347
328.8 1.33621 1.3356 0.178928
329.6 1.33585 1.33547 0.172478
330.4 1.33002 1.33005 0.164818
331.2 1.31678 1.31727 0.15598
332 1.29905 1.2999 0.14616
332.8 1.28263 1.28363 0.135629
333.6 1.27267 1.27357 0.124668
334.4 1.27076 1.27138 0.113558
335.2 1.27426 1.27449 0.102609
336 1.27804 1.27793 0.0921918
336.8 1.27759 1.27723 0.0827172
337.6 1.27137 1.27092 0.0745636
338.4 1.2614 1.26098 0.0679701
339.2 1.25168 1.25134 0.0629561
340 1.24559 1.24533 0.0593168
340.8 1.24392 1.24366 0.0567028
341.6 1.24452 1.24418 0.0547524
342.4 1.24373 1.24324 0.0532137
343.2 1.23858 1.23791 0.0520022
344 1.22848 1.22768 0.0511759
344.8 1.21541 1.21453 0.0508529
345.6 1.20259 1.20174 0.0511226
346.4 1.19262 1.19185 0.0519967
347.2 1.18601 1.18534 0.0534179
348 1.18113 1.18053 0.0553037
348.8 1.17534 1.17474 0.0575874
349.6 1.16668 1.16597 0.0602224
350.4 1.15495 1.15407 0.0631466
351.2 1.14179 1.1407 0.0662331
352 1.12951 1.12824 0.0692666
352.8 1.11976 1.11839 0.0719705
353.6 1.11252 1.11114 0.07408
354.4 1.10625 1.10496 0.0754274
355.2 1.09891 1.09775 0.0759941
356 1.08919 1.08818 0.0759032
356.8 1.0773 1.07643 0.0753562
357.6 1.06481 1.06404 0.0745481
358.4 1.05363 1.05296 0.073605
359.2 1.04491 1.04437 0.0725715
360 1.03841 1.03804 0.0714467
360.8 1.03268 1.03251 0.0702384
361.6 1.02598 1.02604 0.0689989
362.4 1.01731 1.01758 0.0678193
363.2 1.00696 1.00739 0.0667868
364 0.996285 0.996775 0.0659352
364.8 0.986829 0.987286 0.0652199
365.6 0.979441 0.979782 0.064536
366.4 0.973787 0.973961 0.0637705
367.2 0.968603 0.968597 0.0628592
368 0.962469 0.9623 0.0618145
368.8 0.954638 0.954342 0.0607119
369.6 0.94543 0.945047 0.0596424
370.4 0.935984 0.93555 0.0586618
371.2 0.927548 0.927083 0.057766
372 0.920747 0.920256 0.0569057
372.8 0.915248 0.914724 0.056028
373.6 0.910013 0.909439 0.055119
374.4 0.90394 0.903302 0.0542186
375.2 0.896512 0.895799 0.0533999
376 0.888052 0.887269 0.0527252
376.8 0.879479 0.878645 0.0522071
377.6 0.871716 0.870858 0.0517975
378.4 0.865126 0.864277 0.051414
379.2 0.859321 0.858506 0.0509854
380 0.853419 0.852651 0.0504918
380.8 0.846598 0.845871 0.0499748
381.6 0.83859 0.837885 0.0495134
382.4 0.829831 0.82912 0.0491806
383.2 0.821191 0.820443 0.0490069
384 0.813455 0.812642 0.0489716
384.8 0.806877 0.805979 0.0490243
385.6 0.801069 0.800072 0.0491209
386.4 0.795261 0.79416 0.0492492
387.2 0.788779 0.787579 0.049426
388 0.781437 0.780155 0.0496676
388.8 0.773619 0.772284 0.0499507
389.6 0.766013 0.764667 0.0501915
390.4 0.759182 0.757873 0.0502564
391.2 0.753225 0.751997 0.0500055
392 0.747739 0.746624 0.0493452
392.8 0.742084 0.7411 0.0482652
393.6 0.7358 0.734946 0.0468397
394.4 0.728899 0.728165 0.0451943
395.2 0.721887 0.721259 0.0434576
396 0.715485 0.714947 0.0417225
396.8 0.710237 0.709775 0.0400344
397.6 0.706228 0.705829 0.0384074
398.4 0.703084 0.70273 0.0368528
399.2 0.700218 0.699886 0.035399
400 0.697197 0.69686 0.0340894
