0 1 1 1
0.002 0.902614 0.902621 0.975728
0.004 0.635894 0.63592 0.904996
0.006 0.268576 0.268631 0.793763
0.008 -0.107417 -0.107325 0.651083
0.01 -0.402928 -0.402801 0.487995
0.012 -0.555446 -0.555293 0.316316
0.014 -0.544379 -0.544217 0.147512
0.016 -0.394197 -0.394052 -0.00819556
0.018 -0.165215 -0.165118 -0.142451
0.02 0.065153 0.0651738 -0.249087
0.022 0.225376 0.225301 -0.324223
0.024 0.270384 0.270207 -0.366199
0.026 0.193577 0.193313 -0.375462
0.028 0.0266921 0.0263706 -0.35442
0.03 -0.172054 -0.17239 -0.307302
0.032 -0.337219 -0.337523 -0.239956
0.034 -0.416384 -0.416617 -0.159533
0.036 -0.385213 -0.38535 -0.0740194
0.038 -0.253299 -0.253334 0.00838882
0.04 -0.0597216 -0.0596703 0.0800234
0.042 0.139828 0.13994 0.134505
0.044 0.290273 0.290416 0.167411
0.046 0.353462 0.353614 0.176747
0.048 0.318663 0.318818 0.163103
0.05 0.204193 0.204362 0.129484
0.052 0.0500831 0.0502909 0.0808178
0.054 -0.0953968 -0.0951219 0.0232413
0.056 -0.190737 -0.190376 -0.036707
0.058 -0.212996 -0.212552 -0.0928502
0.06 -0.163129 -0.162632 -0.139988
0.062 -0.0637841 -0.0632904 -0.174298
0.064 0.0492033 0.0496222 -0.193517
0.066 0.138655 0.138929 -0.196919
0.068 0.177451 0.17753 -0.185159
0.07 0.156048 0.155916 -0.16003
0.072 0.0840355 0.0837202 -0.124201
0.074 -0.0143267 -0.0147598 -0.0809559
0.076 -0.108705 -0.109166 -0.0339414
0.078 -0.172369 -0.172766 0.0130863
0.08 -0.189839 -0.1901 0.0565227
0.082 -0.160353 -0.160446 0.0931871
0.084 -0.0965649 -0.0965034 0.120586
0.086 -0.019359 -0.0192002 0.137134
0.088 0.0492042 0.0493782 0.142298
0.09 0.092479 0.0925848 0.136619
0.092 0.103385 0.103363 0.121609
0.094 0.0851137 0.0849462 0.0995188
0.096 0.0486041 0.0483213 0.0730182
0.098 0.00800281 0.00767472 0.0448331
0.1 -0.0241309 -0.0244142 0.0174098
0.102 -0.040288 -0.0404419 -0.00734785
0.104 -0.0392232 -0.0391932 -0.0282316
0.106 -0.0249199 -0.024697 -0.0447631
0.108 -0.00408897 -0.00371175 -0.0571231
0.11 0.0166278 0.0170849 -0.0660033
0.112 0.032676 0.0331246 -0.0724152
0.114 0.0422409 0.0426047 -0.0774885
0.116 0.045593 0.0458288 -0.0822818
0.118 0.0437199 0.0438282 -0.0876219
0.12 0.0370738 0.0370945 -0.0939794
0.122 0.0251133 0.025109 -0.101388
0.124 0.00688391 0.00691559 -0.109411
0.126 -0.0176637 -0.0175606 -0.117169
0.128 -0.046323 -0.0461531 -0.123421
0.13 -0.0740504 -0.0738601 -0.126713
0.132 -0.0936874 -0.0935507 -0.125578
0.134 -0.097974 -0.0979679 -0.118757
0.136 -0.0822563 -0.0824327 -0.105425
0.138 -0.0468814 -0.0472442 -0.0853623
0.14 0.00175481 0.00125963 -0.0590647
0.142 0.0521632 0.05164 -0.027743
0.144 0.0906938 0.0902738 0.00677067
0.146 0.105666 0.105473 0.0422027
0.148 0.0913716 0.0914912 0.07607
0.15 0.0505392 0.0509894 0.105925
0.152 -0.00576353 -0.00503607 0.129575
0.154 -0.0609658 -0.0600745 0.145256
0.156 -0.0978362 -0.0969258 0.151748
0.158 -0.103869 -0.103079 0.148434
0.16 -0.0754922 -0.0749227 0.135324
0.162 -0.019681 -0.0193698 0.11305
0.164 0.0476915 0.0477726 0.0828489
0.166 0.106398 0.106329 0.0465119
0.168 0.137985 0.137867 0.00631583
0.17 0.13158 0.131501 -0.0351022
0.172 0.0874963 0.0875045 -0.0749239
0.174 0.0174128 0.0174988 -0.110382
0.176 -0.0590029 -0.0589012 -0.139026
0.178 -0.119994 -0.119969 -0.158977
0.18 -0.148293 -0.148438 -0.169136
0.182 -0.136338 -0.136712 -0.169299
0.184 -0.088515 -0.0891194 -0.160158
0.186 -0.0197419 -0.0205146 -0.143175
0.188 0.0491507 0.0483232 -0.120365
0.19 0.0978231 0.0970784 -0.094017
0.192 0.11261 0.112074 -0.0664073
0.194 0.0905502 0.0903034 -0.0395547
0.196 0.0400259 0.0400849 -0.0150546
0.198 -0.022133 -0.0218191 0.00599299
0.2 -0.0760734 -0.0756067 0.0229715
0.202 -0.105102 -0.104606 0.0356749
0.204 -0.100676 -0.100263 0.0442085
0.206 -0.0647216 -0.0644612 0.048893
0.208 -0.00865361 -0.00856041 0.0501891
0.21 0.0504482 0.050415 0.0486505
0.212 0.0952412 0.0951603 0.044894
0.214 0.113364 0.113324 0.0395733
0.216 0.100905 0.100978 0.0333411
0.218 0.0631074 0.0633234 0.0267934
0.22 0.012227 0.0125654 0.0204014
0.222 -0.0366121 -0.0362168 0.0144469
0.224 -0.0701432 -0.069784 0.00898375
0.226 -0.0807537 -0.0805262 0.00384218
0.228 -0.0682498 -0.0682278 -0.00131508
0.23 -0.0392073 -0.0394247 -0.00689255
0.232 -0.00431457 -0.0047593 -0.013237
0.234 0.0252891 0.0246702 -0.0205162
0.236 0.0414444 0.0407305 -0.0286309
0.238 0.0411114 0.0403889 -0.0371818
0.24 0.0266682 0.0260119 -0.0455003
0.242 0.00446768 0.00392783 -0.0527379
0.244 -0.0176847 -0.0180877 -0.0579943
0.246 -0.0331772 -0.0334509 -0.0604581
0.248 -0.0384742 -0.038646 -0.0595333
0.25 -0.0337065 -0.0338137 -0.0549314
0.252 -0.0219496 -0.0220294 -0.0467191
0.254 -0.00763249 -0.0077146 -0.0353194
0.256 0.00522819 0.00512566 -0.0214752
0.258 0.0142962 0.0141676 -0.00618379
0.26 0.0192834 0.0191345 0.00938562
0.262 0.0214103 0.0212565 0.0239864
0.264 0.0223171 0.0221811 0.0363947
0.266 0.0229725 0.0228812 0.045514
0.268 0.023088 0.0230688 0.0504783
0.27 0.0212943 0.02137 0.0507461
0.272 0.0159852 0.0161683 0.0461749
0.274 0.00642914 0.00671665 0.0370611
0.276 -0.00638729 -0.00601709 0.0241341
0.278 -0.0196295 -0.0192162 0.00850019
0.28 -0.0293554 -0.0289513 -0.00846199
0.282 -0.0319151 -0.0315753 -0.0252408
0.284 -0.0254954 -0.0252662 -0.0403462
0.286 -0.0111802 -0.0110882 -0.0524561
0.288 0.00696615 0.00692125 -0.0605363
0.29 0.0229531 0.0227986 -0.0639189
0.292 0.0307844 0.0305683 -0.0623362
0.294 0.0266205 0.0263986 -0.0559158
0.296 0.0104046 0.0102259 -0.0451454
0.298 -0.0136921 -0.013799 -0.0308198
0.3 -0.0382768 -0.0383103 -0.0139782
0.302 -0.0549569 -0.0549413 0.00416469
0.304 -0.0570984 -0.0570745 0.0222962
0.306 -0.0422047 -0.042215 0.0390934
0.308 -0.013079 -0.0131524 0.0533235
0.31 0.0227018 0.0225615 0.0639523
0.312 0.0549248 0.0547417 0.0702487
0.314 0.0738647 0.0736843 0.0718691
0.316 0.0734061 0.0732816 0.0689025
0.318 0.0531335 0.0531084 0.0618606
0.32 0.0186638 0.0187561 0.051609
0.322 -0.019944 -0.0197497 0.0392463
0.324 -0.0512346 -0.0509858 0.0259521
0.326 -0.0659064 -0.0656705 0.012831
0.328 -0.0597333 -0.0595798 0.000783173
0.33 -0.0349192 -0.0348998 -0.00957619
0.332 0.000563686 0.000429654 -0.0179377
0.334 0.0354565 0.0351874 -0.0242619
0.336 0.0587342 0.0583805 -0.0287033
0.338 0.0630476 0.0626774 -0.0315179
0.34 0.0469899 0.0466696 -0.0329784
0.342 0.0154748 0.0152512 -0.0333157
0.344 -0.0218749 -0.0219851 -0.0326934
0.346 -0.0537869 -0.0537979 -0.0312118
0.348 -0.0708504 -0.0707978 -0.0289292
0.35 -0.0683619 -0.0682871 -0.0258846
0.352 -0.0476268 -0.0475598 -0.0221118
0.354 -0.0153516 -0.0152988 -0.0176392
0.356 0.0186218 0.0186807 -0.0124786
0.358 0.0444702 0.0445751 -0.00661371
0.36 0.0554025 0.0555973 -4.68828e-07
0.362 0.0495818 0.0498967 0.00741251
0.364 0.0303949 0.0308313 0.015641
0.366 0.00506156 0.00558602 0.0246085
0.368 -0.0178862 -0.0173369 0.0340906
0.37 -0.0313834 -0.0308874 0.0436797
0.372 -0.0319643 -0.031593 0.0527854
0.374 -0.0205981 -0.0203962 0.0606781
0.376 -0.00204102 -0.00201229 0.0665731
0.378 0.0169899 0.0168847 0.0697394
0.38 0.0301467 0.02998 0.0696138
0.382 0.0334841 0.0333417 0.0658967
0.384 0.026546 0.0265032 0.0586106
0.386 0.0122115 0.0123132 0.0481123
0.388 -0.0045524 -0.00430303 0.0350593
0.39 -0.0185281 -0.0181683 0.0203403
0.392 -0.0260003 -0.0255952 0.0049843
0.394 -0.0258329 -0.0254545 -0.00993487
0.396 -0.0195506 -0.0192568 -0.0233873
0.398 -0.010481 -0.0102991 -0.034462
0.4 -0.00233923 -0.0022601 -0.042426
0.402 0.00218793 0.00220366 -0.0467709
0.404 0.00233836 0.00234434 -0.0472463
0.406 -0.000645506 -0.000601896 -0.0438827
0.408 -0.00422918 -0.00412524 -0.0369988
0.41 -0.00576985 -0.00561766 -0.0271877
0.412 -0.00368507 -0.00353002 -0.0152778
0.414 0.00185596 0.00194789 -0.00226591
0.416 0.008983 0.00894529 0.0107745
0.418 0.0148882 0.014675 0.0227986
0.42 0.0169948 0.0165971 0.0328956
0.422 0.0140665 0.0135177 0.0403783
0.424 0.00681168 0.00618148 0.044841
0.426 -0.00227121 -0.00289328 0.0461809
0.428 -0.0097707 -0.0102978 0.0445802
0.43 -0.0126476 -0.013017 0.0404576
0.432 -0.00944792 -0.00963583 0.0344012
0.434 -0.000975519 -0.00100062 0.0270954
0.436 0.00985381 0.00993835 0.0192526
0.438 0.0189612 0.0190849 0.0115571
0.44 0.0225405 0.0226364 0.00462012
0.442 0.0184748 0.0184985 -0.0010547
0.444 0.00721628 0.00715739 -0.00510013
0.446 -0.00821152 -0.00832839 -0.00730899
0.448 -0.0231266 -0.0232508 -0.00765134
0.45 -0.0327255 -0.0327965 -0.00627974
0.452 -0.033726 -0.0336918 -0.00351638
0.454 -0.0255417 -0.0253738 0.000182449
0.456 -0.0105672 -0.0102693 0.00428416
0.458 0.00654896 0.00694259 0.00825377
0.46 0.020418 0.020851 0.0116314
0.462 0.0267065 0.0271144 0.0140986
0.464 0.0236037 0.0239296 0.0155183
0.466 0.0124548 0.0126608 0.01594
0.468 -0.00267017 -0.00259608 0.0155686
0.47 -0.0163354 -0.0163802 0.0147048
0.472 -0.0235758 -0.0237074 0.0136704
0.474 -0.0215909 -0.0217677 0.0127384
0.476 -0.0107203 -0.0109012 0.0120804
0.478 0.00563456 0.00548229 0.0117436
0.48 0.0221221 0.0220185 0.0116568
0.482 0.033216 0.0331678 0.0116609
0.484 0.0350583 0.0350611 0.0115509
0.486 0.0267523 0.0267936 0.0111174
0.488 0.0106716 0.0107341 0.0101786
0.49 -0.00831434 -0.00825078 0.00859804
0.492 -0.0244365 -0.0243931 0.00629105
0.494 -0.0329074 -0.0329055 0.00322582
0.496 -0.0314612 -0.0315198 -0.000573302
0.498 -0.0210443 -0.021177 -0.00501612
0.5 -0.00544018 -0.00565042 -0.00993087
0.502 0.0100332 0.00975599 -0.0150486
0.504 0.0203028 0.0199851 -0.0199968
0.506 0.0221985 0.0218807 -0.0243127
0.508 0.0154415 0.0151712 -0.0274805
0.51 0.00264964 0.00247206 -0.0289933
0.512 -0.0116158 -0.0116701 -0.0284295
0.514 -0.0224212 -0.022346 -0.025531
0.516 -0.026108 -0.0259269 -0.0202646
0.518 -0.0214667 -0.0212307 -0.0128534
0.52 -0.0100571 -0.00983539 -0.00376964
0.522 0.00440267 0.00453909 0.00631126
0.524 0.0173455 0.0173419 0.0165857
0.526 0.0248979 0.0247317 0.0262126
0.528 0.0251282 0.0248172 0.0344032
0.53 0.0185897 0.0181908 0.0404959
0.532 0.00800336 0.00759997 0.0440071
0.534 -0.0027795 -0.00309743 0.0446578
0.536 -0.0101509 -0.0103099 0.0423786
0.538 -0.0119719 -0.011935 0.0373001
0.54 -0.00823469 -0.0080126 0.0297355
0.542 -0.000952023 -0.000602615 0.020159
0.544 0.00665722 0.00704227 0.00918028
0.546 0.0113776 0.0116953 -0.00248892
0.548 0.0111631 0.0113246 -0.014078
0.55 0.00584899 0.00580251 -0.0248138
0.552 -0.00282694 -0.00308395 -0.0339858
0.554 -0.0118844 -0.012305 -0.0410146
0.556 -0.0181892 -0.0186896 -0.0455111
0.558 -0.0195755 -0.0200564 -0.0473159
0.56 -0.0156014 -0.0159724 -0.0465108
0.562 -0.00767838 -0.00787857 -0.0433972
0.564 0.00145971 0.00145008 -0.0384466
0.566 0.00874781 0.00890765 -0.032232
0.568 0.0118802 0.0121587 -0.0253529
0.57 0.010112 0.0104465 -0.0183682
0.572 0.00449118 0.00482599 -0.0117464
0.574 -0.0025527 -0.00225235 -0.0058382
0.576 -0.00810795 -0.00785126 -0.000871346
0.578 -0.00984308 -0.00961863 0.00303954
0.58 -0.00685226 -0.00664025 0.00587407
0.582 1.46103e-05 0.000227545 0.00768587
0.584 0.00845029 0.00865911 0.00858479
0.586 0.0155068 0.0156833 0.00872182
0.588 0.0186381 0.0187351 0.00827449
0.59 0.0166002 0.0165634 0.00742942
0.592 0.00989282 0.00967661 0.00636043
0.594 0.000591692 0.000173433 0.00520351
0.596 -0.00836557 -0.00897836 0.00403321
0.598 -0.0141875 -0.0149593 0.00284737
0.6 -0.0151773 -0.0160557 0.00156648
0.602 -0.0112935 -0.0122267 5.14586e-05
0.604 -0.00413298 -0.00508652 -0.00186141
0.606 0.00365002 0.00268158 -0.00431439
0.608 0.00927916 0.00827048 -0.00738139
0.61 0.0108163 0.00971993 -0.0110314
0.612 0.00781369 0.00657686 -0.0151117
0.614 0.00143911 2.25249e-05 -0.0193561
0.616 -0.00596093 -0.00756764 -0.0234159
0.618 -0.0116962 -0.0134687 -0.0269082
0.62 -0.0136702 -0.0155552 -0.02947
0.622 -0.0110915 -0.0130233 -0.0308084
0.624 -0.00471835 -0.00664042 -0.0307367
0.626 0.00344003 0.00155479 -0.0291945
0.628 0.010847 0.00898428 -0.0262495
0.63 0.015325 0.0134297 -0.0220878
0.632 0.0157902 0.0137801 -0.0169956
0.634 0.012582 0.0103707 -0.0113392
0.636 0.00728093 0.00480381 -0.00554337
0.638 0.00209237 -0.000673104 -6.8583e-05
0.64 -0.000976301 -0.00400114 0.00461602
0.642 -0.000846718 -0.00405539 0.00806701
0.644 0.00225191 -0.00103631 0.00990828
0.646 0.00688792 0.00362822 0.00987682
0.648 0.0109728 0.00782908 0.00786576
0.65 0.012546 0.00956938 0.00395539
0.652 0.0105151 0.00771758 -0.00157668
0.654 0.00508354 0.00244939 -0.00827198
0.656 -0.00228708 -0.00478022 -0.0155348
0.658 -0.00936872 -0.0117259 -0.0226971
0.66 -0.0139394 -0.0161299 -0.0290949
0.662 -0.0145642 -0.0165146 -0.0341425
0.664 -0.0111087 -0.0127106 -0.0373928
0.666 -0.00480233 -0.00593155 -0.0385752
0.668 0.00217313 0.00163027 -0.037609
0.67 0.00742702 0.00754994 -0.0345928
0.672 0.00917743 0.00999657 -0.0297789
0.674 0.00685951 0.0083552 -0.023539
0.676 0.00131469 0.00342943 -0.0163287
0.678 -0.00550288 -0.00284363 -0.00865433
0.68 -0.0112003 -0.00806627 -0.0010434
0.682 -0.0137681 -0.010209 0.00598515
0.684 -0.0122677 -0.00831033 0.011952
0.686 -0.00715088 -0.00280919 0.0164518
0.688 -0.000102453 0.00460249 0.0191889
0.69 0.00653451 0.0115522 0.0200088
0.692 0.0105522 0.0157858 0.0189196
0.694 0.0106175 0.0159191 0.016094
0.696 0.00670709 0.0118889 0.0118512
0.698 9.70938e-05 0.00495495 0.00661604
0.7 -0.00708242 -0.00273787 0.000863392
0.702 -0.0125696 -0.00888397 -0.00494313
0.704 -0.0147208 -0.0117773 -0.0104063
0.706 -0.0130356 -0.0108515 -0.015234
0.708 -0.00828431 -0.00682387 -0.0192555
0.71 -0.00220399 -0.00140259 -0.0224139
0.712 0.00312144 0.00332943 -0.0247414
0.714 0.00597918 0.00563778 -0.0263231
0.716 0.00559602 0.00471721 -0.027262
0.718 0.00236891 0.000937475 -0.0276509
0.72 -0.00231068 -0.00431885 -0.0275562
0.722 -0.00656643 -0.00915857 -0.0270147
0.724 -0.00869756 -0.0118391 -0.0260379
0.726 -0.00776035 -0.0113588 -0.024621
0.728 -0.00387477 -0.00777782 -0.0227501
0.73 0.00184014 -0.00216854 -0.0204075
0.732 0.00766863 0.00377509 -0.0175738
0.734 0.0118894 0.00832399 -0.0142307
0.736 0.0133471 0.0102886 -0.0103682
0.738 0.0118099 0.00938584 -0.00599707
0.74 0.0079984 0.00628064 -0.00116772
0.742 0.00329034 0.0023025 0.00400954
0.744 -0.000784762 -0.00105259 0.00934854
0.746 -0.00307784 -0.00265297 0.0145823
0.748 -0.00319345 -0.00210879 0.0193741
0.75 -0.00158019 0.000129629 0.023346
0.752 0.000682367 0.00297638 0.0261217
0.754 0.00231328 0.00513378 0.027377
0.756 0.00231626 0.00557719 0.0268877
0.758 0.000347272 0.00392648 0.0245668
0.76 -0.00316355 0.000575591 0.0204833
0.762 -0.00717193 -0.00345881 0.0148609
0.764 -0.0103971 -0.0069079 0.00805744
0.766 -0.0117778 -0.00870301 0.000530312
0.768 -0.0108423 -0.00834704 -0.00720471
0.77 -0.00786449 -0.00607458 -0.014616
0.772 -0.00375467 -0.0027491 -0.0211947
0.774 0.000269873 0.000459907 -0.0264888
0.776 0.00311184 0.00249957 -0.0301308
0.778 0.00416546 0.002803 -0.0318624
0.78 0.00350233 0.00147521 -0.0315548
0.782 0.00181063 -0.000766289 -0.0292239
0.784 0.000115955 -0.00286973 -0.0250375
0.786 -0.000611557 -0.00384214 -0.0193106
0.788 0.000179402 -0.00311475 -0.0124855
0.79 0.00241695 -0.000750376 -0.00509493
0.792 0.00543123 0.00257873 0.00228704
0.794 0.00819639 0.0058312 0.00910355
0.796 0.00969933 0.00796574 0.0148719
0.798 0.00930164 0.00830574 0.0192309
0.8 0.00696623 0.0067699 0.0219711
0.802 0.0032703 0.00388946 0.0230438
0.804 -0.000796364 0.000609728 0.022549
0.806 -0.00417312 -0.00205017 0.0207072
0.808 -0.00608716 -0.00335602 0.0178224
0.81 -0.00630224 -0.00310788 0.0142421
0.812 -0.00517139 -0.0016927 0.0103234
0.814 -0.00347866 7.59619e-05 0.00640557
0.816 -0.00213079 0.00127055 0.00279063
0.818 -0.00181206 0.00120058 -0.000270129
0.82 -0.00272698 -0.000324385 -0.00258672
0.822 -0.00452222 -0.00291331 -0.00403977
0.824 -0.00641421 -0.00572216 -0.00458827
0.826 -0.00747576 -0.00774637 -0.00427358
0.828 -0.0069794 -0.00817427 -0.00321631
0.83 -0.00467545 -0.0066775 -0.00160313
0.832 -0.000906434 -0.00353686 0.000337404
0.834 0.00348289 0.000440202 0.00236758
0.836 0.007409 0.00418126 0.00427666
0.838 0.00989513 0.00669871 0.00591299
0.84 0.0103801 0.00740703 0.00720476
0.842 0.00888673 0.00630039 0.00816422
0.844 0.00599508 0.0039336 0.00887402
0.846 0.00263593 0.00121746 0.00945881
0.848 -0.000222656 -0.000897613 0.0100487
0.85 -0.00188647 -0.00174005 0.0107436
0.852 -0.00213968 -0.00113017 0.0115862
0.854 -0.00127772 0.00058131 0.0125495
0.856 3.57231e-05 0.00265681 0.0135411
0.858 0.0010311 0.00424235 0.0144201
0.86 0.00111852 0.00466771 0.0150232
0.862 9.58647e-05 0.00367217 0.0151919
0.864 -0.00179005 0.0014812 0.0147956
0.866 -0.00394468 -0.00128588 0.0137476
0.868 -0.00564734 -0.00383861 0.0120127
0.87 -0.00631087 -0.0054865 0.00961033
0.872 -0.0056869 -0.00586337 0.00661356
0.874 -0.00394612 -0.00502979 0.00314917
0.876 -0.00160937 -0.0034234 -0.000602706
0.878 0.000641446 -0.00168115 -0.00440983
0.88 0.00220197 -0.000401462 -0.00799376
0.882 0.00274727 6.67818e-05 -0.0110437
0.884 0.00232667 -0.000265408 -0.0132405
0.886 0.00132165 -0.00105289 -0.0142896
0.888 0.000286883 -0.00176367 -0.0139601
0.89 -0.000264607 -0.00189029 -0.0121221
0.892 -5.30733e-05 -0.00114715 -0.0087759
0.894 0.000868196 0.000417238 -0.00406611
0.896 0.00213896 0.00243159 0.00172379
0.898 0.0032321 0.00433058 0.00819544
0.9 0.00365509 0.00555303 0.0148751
0.902 0.00313881 0.0057378 0.0212619
0.904 0.00174544 0.00484798 0.0268767
0.906 -0.000143199 0.0031807 0.031305
0.908 -0.00195244 0.00126095 0.0342299
0.91 -0.00311137 -0.000341233 0.0354515
0.912 -0.00325026 -0.00120523 0.0348954
0.914 -0.00233012 -0.00119812 0.0326117
0.916 -0.00065998 -0.000510151 0.0287669
0.918 0.00120319 0.000422724 0.0236307
0.92 0.00263706 0.00107998 0.0175578
0.922 0.00315661 0.00104416 0.0109652
0.924 0.00256904 0.000150319 0.00430234
0.926 0.00103108 -0.00145264 -0.00198307
0.928 -0.00100747 -0.00334731 -0.00748273
0.93 -0.00295165 -0.00498208 -0.0118645
0.932 -0.00424939 -0.00584758 -0.0149028
0.934 -0.00455774 -0.00563661 -0.016497
0.936 -0.00383524 -0.00433658 -0.0166756
0.938 -0.00233548 -0.00222784 -0.0155827
0.94 -0.000510243 0.000206594 -0.0134518
0.942 0.00114067 0.00242647 -0.01057
0.944 0.00222171 0.00398647 -0.00723969
0.946 0.00254817 0.00464818 -0.00374507
0.948 0.00217849 0.0044225 -0.000326721
0.95 0.00137013 0.00353723 0.00283215
0.952 0.000481104 0.00234848 0.00560893
0.954 -0.000146126 0.00122908 0.00793684
0.956 -0.000281229 0.000469689 0.00979576
0.958 0.000142912 0.000218586 0.0112017
0.96 0.00103194 0.000469854 0.0121972
0.962 0.00217396 0.00109278 0.012842
0.964 0.00330387 0.00188406 0.0132047
0.966 0.00416508 0.00262225 0.0133525
0.968 0.00455318 0.00311013 0.0133404
0.97 0.00433797 0.00320034 0.0131992
0.972 0.00346985 0.00280848 0.0129265
0.974 0.00198069 0.00192116 0.0124825
0.976 -1.37747e-05 0.000603976 0.0117942
0.978 -0.00231079 -0.000992054 0.0107687
0.98 -0.00462459 -0.00263329 0.00931488
0.982 -0.00660906 -0.00402537 0.00736912
0.984 -0.00790666 -0.00486027 0.00491997
0.986 -0.00822115 -0.00488491 0.00202562
0.988 -0.00739877 -0.00397613 -0.00118044
0.99 -0.00549283 -0.00219812 -0.00449766
0.992 -0.00278507 0.000182302 -0.00767948
0.994 0.000253372 0.00273739 -0.0104634
0.996 0.00306047 0.00497484 -0.0126041
0.998 0.00511951 0.00646624 -0.0139039
0 1 1 1
0.002 0.920415 0.920428 0.980302
0.004 0.698976 0.699025 0.922691
0.006 0.383282 0.383377 0.831438
0.008 0.0394412 0.039579 0.713138
0.01 -0.263687 -0.263526 0.576015
0.012 -0.470096 -0.469947 0.429142
0.014 -0.548407 -0.54831 0.281673
0.016 -0.497477 -0.497472 0.142153
0.018 -0.345003 -0.345121 0.0179872
0.02 -0.139734 -0.139989 -0.0849301
0.022 0.060894 0.06051 -0.162421
0.024 0.204849 0.204365 -0.212091
0.026 0.257932 0.257398 -0.233292
0.028 0.211423 0.210901 -0.227039
0.03 0.0829662 0.0825233 -0.195898
0.032 -0.0893397 -0.0896446 -0.143843
0.034 -0.257777 -0.257901 -0.0760876
0.036 -0.377613 -0.377537 0.00115225
0.038 -0.41813 -0.41786 0.0809885
0.04 -0.369492 -0.36906 0.156279
0.042 -0.244124 -0.243579 0.220125
0.044 -0.0726562 -0.0720572 0.266403
0.046 0.104324 0.104917 0.290282
0.048 0.246591 0.247129 0.288661
0.05 0.324112 0.324559 0.260472
0.052 0.323933 0.324274 0.206793
0.054 0.252462 0.252697 0.130758
0.056 0.132728 0.132871 0.0372687
0.058 -0.00238968 -0.00231876 -0.0674612
0.06 -0.118927 -0.118908 -0.17646
0.062 -0.190191 -0.190211 -0.282584
0.064 -0.202661 -0.202714 -0.379075
0.066 -0.158216 -0.158303 -0.460035
0.068 -0.0725016 -0.0726289 -0.520787
0.07 0.0298474 0.0296767 -0.558115
0.072 0.121782 0.121572 -0.57037
0.074 0.180514 0.180279 -0.557469
0.076 0.192699 0.192467 -0.520795
0.078 0.156961 0.156768 -0.463031
0.08 0.0833217 0.0832025 -0.387931
0.082 -0.0100646 -0.0100799 -0.300067
0.084 -0.101803 -0.1017 -0.204536
0.086 -0.172403 -0.172189 -0.106656
0.088 -0.208404 -0.20811 -0.0116516
0.09 -0.204662 -0.204338 0.0756547
0.092 -0.164551 -0.164255 0.151126
0.094 -0.0983579 -0.0981457 0.21155
0.096 -0.020502 -0.0204145 0.254817
0.098 0.0536759 0.0536251 0.280014
0.1 0.110864 0.110694 0.287426
0.102 0.141961 0.141722 0.27846
0.104 0.143225 0.142989 0.255475
0.106 0.116368 0.116214 0.221553
0.108 0.06777 0.0677693 0.180232
0.11 0.00710042 0.00729771 0.135214
0.112 -0.0543457 -0.053943 0.0900828
0.114 -0.105354 -0.10478 0.0480501
0.116 -0.136384 -0.13571 0.0117501
0.118 -0.140959 -0.140281 -0.0169096
0.12 -0.116782 -0.116202 -0.0368302
0.122 -0.0664427 -0.0660489 -0.0477359
0.124 0.00249971 0.00265037 -0.050121
0.126 0.0782514 0.078144 -0.0451356
0.128 0.146475 0.146139 -0.0344209
0.13 0.192828 0.192331 -0.0199102
0.132 0.205956 0.205387 -0.00361666
0.134 0.180299 0.179751 0.0125676
0.136 0.117964 0.117516 0.0270375
0.138 0.0290533 0.0287558 0.0385875
0.14 -0.0698457 -0.0699793 0.0464591
0.142 -0.158821 -0.158811 0.0503254
0.144 -0.218845 -0.21874 0.0502222
0.146 -0.23613 -0.235988 0.046444
0.148 -0.205603 -0.205478 0.0394281
0.15 -0.132624 -0.132555 0.0296492
0.152 -0.0323814 -0.0323837 0.0175421
0.154 0.0731039 0.0730414 0.00346413
0.156 0.159844 0.159751 -0.0123023
0.158 0.207547 0.207461 -0.0295174
0.16 0.204671 0.204629 -0.0479373
0.162 0.151531 0.151553 -0.0672723
0.164 0.0605166 0.0606041 -0.0871647
0.166 -0.0466999 -0.0465632 -0.107192
0.168 -0.144314 -0.144158 -0.126891
0.17 -0.208607 -0.208467 -0.145794
0.172 -0.223701 -0.223605 -0.163459
0.174 -0.185442 -0.185403 -0.179484
0.176 -0.102491 -0.102505 -0.193501
0.178 0.00567983 0.00563301 -0.205147
0.18 0.113446 0.113396 -0.214015
0.182 0.195267 0.195242 -0.219611
0.184 0.231959 0.23198 -0.221332
0.186 0.21542 0.215489 -0.218472
0.188 0.150535 0.150638 -0.210282
0.19 0.0537864 0.0538954 -0.196073
0.192 -0.051043 -0.0509635 -0.175357
0.194 -0.138895 -0.138876 -0.147988
0.196 -0.189598 -0.189656 -0.114292
0.198 -0.192627 -0.192761 -0.0751451
0.2 -0.149353 -0.149543 -0.0319819
0.202 -0.0723166 -0.072529 0.0132713
0.204 0.0181993 0.018002 0.0583353
0.206 0.0993992 0.0992479 0.100771
0.208 0.151673 0.151583 0.138201
0.21 0.163326 0.16329 0.168524
0.212 0.133154 0.13315 0.190099
0.214 0.0702813 0.0702725 0.201873
0.216 -0.00860635 -0.00865599 0.203438
0.218 -0.0837745 -0.0838896 0.195029
0.22 -0.13745 -0.137635 0.177475
0.222 -0.158031 -0.158264 0.152105
0.224 -0.142497 -0.142737 0.120648
0.226 -0.0965692 -0.0967619 0.0851177
0.228 -0.0327289 -0.0328215 0.0477064
0.23 0.0332609 0.0333052 0.0106713
0.232 0.086376 0.0865684 -0.0237748
0.234 0.115866 0.116187 -0.0535785
0.236 0.117455 0.117856 -0.0769661
0.238 0.0937562 0.0941745 -0.0925641
0.24 0.0529606 0.0533284 -0.0995101
0.242 0.00628337 0.00654613 -0.097541
0.244 -0.0350386 -0.0349107 -0.0870419
0.246 -0.0623907 -0.0623972 -0.0690442
0.248 -0.0714448 -0.0715578 -0.0451658
0.25 -0.0625631 -0.0627362 -0.0174948
0.252 -0.0400241 -0.0402068 0.0115724
0.254 -0.0104478 -0.0105999 0.0395243
0.256 0.0190568 0.0189544 0.0639365
0.258 0.0425146 0.0424551 0.0826629
0.26 0.0561163 0.0560701 0.0939993
0.262 0.0585267 0.0584512 0.096805
0.264 0.0505631 0.0504159 0.0905747
0.266 0.0344967 0.0342494 0.0754615
0.268 0.0132857 0.0129331 0.0522514
0.27 -0.0100121 -0.0104487 0.0222965
0.272 -0.032535 -0.0330124 -0.0125874
0.274 -0.0516644 -0.0521283 -0.05025
0.276 -0.0649825 -0.0653808 -0.0883556
0.278 -0.0703278 -0.0706234 -0.124543
0.28 -0.0660736 -0.0662515 -0.156587
0.282 -0.0516198 -0.0516885 -0.182548
0.284 -0.0279485 -0.0279339 -0.200903
0.286 0.00200737 0.00207312 -0.210641
0.288 0.0334334 0.0335248 -0.211315
0.29 0.0602907 0.0603992 -0.203047
0.292 0.0765231 0.0766609 -0.186494
0.294 0.0775688 0.0777665 -0.16276
0.296 0.0617769 0.0620724 -0.133291
0.298 0.0312801 0.0317042 -0.0997538
0.3 -0.00802102 -0.00745941 -0.0639067
0.302 -0.0474879 -0.0468123 -0.0274917
0.304 -0.0776299 -0.0768983 0.00786016
0.306 -0.0904248 -0.0897222 0.0406983
0.308 -0.0814875 -0.0809105 0.0698029
0.31 -0.0514906 -0.051127 0.0942184
0.312 -0.0063884 -0.00629707 0.113276
0.314 0.0437174 0.0435206 0.126609
0.316 0.0868757 0.086423 0.134159
0.318 0.112219 0.111584 0.136174
0.32 0.112782 0.112066 0.133192
0.322 0.087448 0.0867556 0.125998
0.324 0.0414494 0.0408671 0.115563
0.326 -0.0147626 -0.0151827 0.102959
0.328 -0.0680235 -0.0682717 0.0892597
0.33 -0.10571 -0.105816 0.0754438
0.332 -0.11891 -0.118927 0.0623089
0.334 -0.10468 -0.10467 0.0504171
0.336 -0.066828 -0.0668358 0.0400765
0.338 -0.0149707 -0.0150155 0.031362
0.34 0.0378769 0.0378102 0.0241704
0.342 0.0786005 0.078555 0.0182969
0.344 0.0973159 0.0973484 0.0135168
0.346 0.0898599 0.0900218 0.00965455
0.348 0.0587874 0.0591059 0.00662653
0.35 0.012617 0.013083 0.00445051
0.352 -0.0364528 -0.0358873 0.00322171
0.354 -0.0757317 -0.0751451 0.00306464
0.356 -0.0952769 -0.094761 0.00407385
0.358 -0.09035 -0.089988 0.00625841
0.36 -0.0624834 -0.0623298 0.00950289
0.362 -0.0189285 -0.0189956 0.0135527
0.364 0.029328 0.0290734 0.0180259
0.366 0.0704348 0.0700627 0.0224467
0.368 0.0946739 0.0942742 0.0262928
0.37 0.0968129 0.0964729 0.0290462
0.372 0.0772255 0.0770099 0.0302379
0.374 0.0415406 0.0414767 0.02948
0.376 -0.00102287 -0.000948301 0.0264856
0.378 -0.0401319 -0.0399658 0.0210786
0.38 -0.0669437 -0.0667509 0.0131983
0.382 -0.0761636 -0.0760072 0.00290642
0.384 -0.0670771 -0.0670001 -0.00960321
0.386 -0.0433722 -0.0433866 -0.0239894
0.388 -0.0118947 -0.0119793 -0.0397494
0.39 0.0192665 0.0191586 -0.0562113
0.392 0.042828 0.0427541 -0.0725409
0.394 0.0539689 0.0539792 -0.0877693
0.396 0.0512185 0.0513403 -0.100844
0.398 0.0364303 0.0366603 -0.110701
0.4 0.0139561 0.0142603 -0.116353
0.402 -0.0106724 -0.0103484 -0.116986
0.404 -0.0321488 -0.0318647 -0.112041
0.406 -0.0465186 -0.0463227 -0.101286
0.408 -0.0517897 -0.0517056 -0.0848603
0.41 -0.0479732 -0.0479947 -0.0632816
0.412 -0.0366697 -0.0367637 -0.03743
0.414 -0.0204168 -0.0205345 -0.00849572
0.416 -0.00203565 -0.00212811 0.0220935
0.418 0.0158493 0.015816 0.0527633
0.42 0.0310496 0.031084 0.0818928
0.422 0.0418549 0.0419373 0.10792
0.424 0.0469944 0.0470834 0.129443
0.426 0.0456461 0.0456918 0.145315
0.428 0.0375679 0.0375282 0.154724
0.43 0.0233365 0.0231919 0.157253
0.432 0.00458722 0.00434898 0.152914
0.434 -0.0159056 -0.0161964 0.142152
0.436 -0.034451 -0.0347335 0.125817
0.438 -0.0470295 -0.0472398 0.105099
0.44 -0.0501823 -0.0502718 0.0814397
0.442 -0.0420025 -0.0419534 0.0564221
0.444 -0.0229444 -0.0227769 0.0316522
0.446 0.00384228 0.00407249 0.00864335
0.448 0.0328549 0.0330688 -0.0112853
0.45 0.0572858 0.0574003 -0.0270867
0.452 0.0705936 0.0705428 -0.0380372
0.454 0.0682294 0.0679818 -0.0437607
0.456 0.0490486 0.0486163 -0.0442293
0.458 0.0159768 0.0154136 -0.0397458
0.46 -0.0243354 -0.0249459 -0.0309125
0.462 -0.0628688 -0.0634328 -0.0185914
0.464 -0.0903242 -0.0907593 -0.00385573
0.466 -0.0994423 -0.0996951 0.0120682
0.468 -0.0869611 -0.0870181 0.0278686
0.47 -0.0546781 -0.054566 0.0422283
0.472 -0.00928472 -0.00906116 0.0539146
0.474 0.0390569 0.0393197 0.0618734
0.476 0.079097 0.0793303 0.0653206
0.478 0.101267 0.101422 0.0638174
0.48 0.100127 0.100185 0.0573183
0.482 0.0758346 0.075806 0.046182
0.484 0.0342105 0.0341299 0.0311397
0.486 -0.0146359 -0.0147234 0.0132225
0.488 -0.0587969 -0.0588505 -0.00634227
0.49 -0.0875306 -0.0875247 -0.0262522
0.492 -0.0939401 -0.0938712 -0.0452511
0.494 -0.0766876 -0.0765733 -0.0622335
0.496 -0.0403082 -0.0401808 -0.0763206
0.498 0.00595512 0.00605884 -0.0869005
0.5 0.0505006 0.0505503 -0.0936329
0.502 0.0823023 0.0822818 -0.0964252
0.504 0.0936751 0.0935859 -0.0953901
0.506 0.0821568 0.0820155 -0.0907973
0.508 0.0510248 0.0508569 -0.0830294
0.51 0.00833601 0.00816763 -0.0725486
0.512 -0.0352286 -0.0353784 -0.0598759
0.514 -0.0691233 -0.0692468 -0.0455786
0.516 -0.0855694 -0.0856701 -0.0302603
0.518 -0.0813916 -0.0814803 -0.0145473
0.52 -0.0586226 -0.0587105 0.000933571
0.522 -0.0237707 -0.0238635 0.0155863
0.524 0.0140091 0.0139156 0.0288836
0.526 0.0453311 0.0452517 0.0404042
0.528 0.0629417 0.0628974 0.0498629
0.53 0.0634205 0.0634332 0.0571242
0.532 0.0478156 0.0479003 0.0621965
0.534 0.0211018 0.0212616 0.0652068
0.536 -0.00932684 -0.00910305 0.0663597
0.538 -0.0356781 -0.0354131 0.0658898
0.54 -0.0517361 -0.0514588 0.0640179
0.542 -0.0542844 -0.0540219 0.0609197
0.544 -0.0436549 -0.0434259 0.0567128
0.546 -0.0233361 -0.0231463 0.0514641
0.548 0.00117778 0.0013355 0.0452142
0.55 0.0239316 0.0240727 0.038011
0.552 0.0400099 0.0401515 0.0299458
0.554 0.0466112 0.0467639 0.0211809
0.556 0.0434594 0.0436227 0.0119642
0.558 0.0325241 0.0326846 0.0026266
0.56 0.0172098 0.0173456 -0.00643619
0.562 0.00130511 0.00139335 -0.0147943
0.564 -0.0119899 -0.0119642 -0.0220206
0.566 -0.020705 -0.0207406 -0.0277287
0.568 -0.0242874 -0.0243638 -0.0316072
0.57 -0.0233703 -0.0234496 -0.0334466
0.572 -0.0192726 -0.0193078 -0.0331591
0.574 -0.0134455 -0.0133926 -0.0307905
0.576 -0.00705817 -0.00688871 -0.0265248
0.578 -0.000836989 -0.000547973 -0.0206817
0.58 0.00484048 0.00522305 -0.0137075
0.582 0.00969655 0.0101218 -0.00615602
0.584 0.0133047 0.0137079 0.00133927
0.586 0.0149874 0.0153057 0.00810418
0.588 0.0139383 0.0141266 0.0134717
0.59 0.00954643 0.00958939 0.0168358
0.592 0.00180287 0.00171893 0.0177064
0.594 -0.0083835 -0.00854655 0.0157582
0.596 -0.0191244 -0.0193022 0.0108681
0.598 -0.0278361 -0.0279649 0.00313572
0.6 -0.0318434 -0.0318776 -0.00711663
0.602 -0.0291594 -0.0290842 -0.0193626
0.604 -0.0192122 -0.0190475 -0.0329078
0.606 -0.003272 -0.00306683 -0.0469382
0.608 0.0156025 0.015784 -0.0605743
0.61 0.0331531 0.0332501 -0.0729278
0.612 0.0449372 0.0449105 -0.0831555
0.614 0.0475187 0.0473629 -0.0905093
0.616 0.0395021 0.0392487 -0.0943809
0.618 0.0220953 0.0218055 -0.0943419
0.62 -0.00100075 -0.00125148 -0.0901781
0.622 -0.0243948 -0.024537 -0.0819158
0.624 -0.0423221 -0.0423109 -0.0698382
0.626 -0.0501401 -0.0499677 -0.0544859
0.628 -0.0456029 -0.0453009 -0.0366387
0.63 -0.0295541 -0.0291853 -0.0172754
0.632 -0.00582439 -0.00546579 0.00248898
0.634 0.0196718 0.0199495 0.0214839
0.636 0.0404265 0.0405778 0.0385753
0.638 0.051031 0.0510478 0.0527595
0.64 0.0486169 0.0485294 0.0632458
0.642 0.0336479 0.0335153 0.0695195
0.644 0.0098345 0.00972656 0.0713755
0.646 -0.0168173 -0.0168415 0.0689215
0.648 -0.0395713 -0.039483 0.0625506
0.65 -0.0527229 -0.0525343 0.0528909
0.652 -0.0530815 -0.0528464 0.0407405
0.654 -0.0407812 -0.0405827 0.0269965
0.656 -0.0192032 -0.0191346 0.0125883
0.658 0.00596019 0.00581942 -0.00158189
0.66 0.0282443 0.0278491 -0.0146861
0.662 0.0421331 0.0414847 -0.026008
0.664 0.0444945 0.0436418 -0.0349721
0.666 0.0353466 0.0343745 -0.0411662
0.668 0.0177562 0.0167659 -0.044361
0.67 -0.00308203 -0.00399758 -0.0445233
0.672 -0.0213157 -0.0220936 -0.0418218
0.674 -0.0320376 -0.0326592 -0.0366215
0.676 -0.0325794 -0.0330742 -0.0294624
0.678 -0.0231551 -0.0235923 -0.0210217
0.68 -0.00669705 -0.0071689 -0.0120596
0.682 0.0120422 0.0114422 -0.00335377
0.684 0.0278538 0.0270508 0.00436941
0.686 0.0365103 0.0354626 0.0104998
0.688 0.035879 0.0345831 0.0145942
0.69 0.0264141 0.0249006 0.0164062
0.692 0.0109174 0.00923849 0.015893
0.694 -0.00633571 -0.0081221 0.0131992
0.696 -0.0208308 -0.0226765 0.00862236
0.698 -0.0290494 -0.0309271 0.00256735
0.7 -0.0293603 -0.0312678 -0.00450173
0.702 -0.0223375 -0.0242949 -0.012106
0.704 -0.0104491 -0.012491 -0.0197876
0.706 0.00275874 0.000593944 -0.0271341
0.708 0.0137212 0.0114012 -0.033794
0.71 0.0198417 0.0173469 -0.039484
0.712 0.0201276 0.0174527 -0.0439925
0.714 0.0153149 0.0124669 -0.0471805
0.716 0.00748242 0.00447594 -0.0489828
0.718 -0.000692819 -0.00384107 -0.0494065
0.72 -0.00678956 -0.0100637 -0.0485272
0.722 -0.00933843 -0.0127232 -0.0464794
0.724 -0.00815891 -0.0116364 -0.0434418
0.726 -0.00425967 -0.00780376 -0.0396165
0.728 0.000633802 -0.00293743 -0.0352053
0.73 0.00474534 0.00120255 -0.0303874
0.732 0.0068755 0.00343173 -0.0253024
0.734 0.00678067 0.00351623 -0.0200423
0.736 0.00518456 0.00218121 -0.0146549
0.738 0.00343 0.000761689 -0.00915772
0.74 0.00290155 0.000626722 -0.00355918
0.742 0.00442753 0.00258515 0.00211734
0.744 0.00787812 0.00648854 0.00781284
0.746 0.0121117 0.0111821 0.0134197
0.748 0.0153052 0.014838 0.0187798
0.75 0.0155723 0.0155741 0.0236929
0.752 0.0116721 0.0121595 0.0279353
0.754 0.00356586 0.00456712 0.0312823
0.756 -0.00737915 -0.00582874 0.0335314
0.758 -0.0186383 -0.0165059 0.0345225
0.76 -0.0271874 -0.0244551 0.0341517
0.762 -0.0303909 -0.0270675 0.0323792
0.764 -0.0268572 -0.0229874 0.0292326
0.766 -0.0169926 -0.0126585 0.0248075
0.768 -0.00305614 0.00162682 0.0192675
0.77 0.0113352 0.0162297 0.0128447
0.772 0.0221446 0.0271067 0.00583911
0.774 0.0260465 0.0309416 -0.00138464
0.776 0.0214282 0.0261447 -0.00840756
0.778 0.00896228 0.0134192 -0.0147759
0.78 -0.00844033 -0.00429268 -0.0200318
0.782 -0.0263137 -0.0224996 -0.0237532
0.784 -0.0397893 -0.0363184 -0.0255995
0.786 -0.044912 -0.0417915 -0.025356
0.788 -0.0397557 -0.0370008 -0.0229693
0.79 -0.025024 -0.0226638 -0.0185672
0.792 -0.00395271 -0.00203065 -0.0124583
0.794 0.0184767 0.0199084 -0.00510955
0.796 0.0368156 0.0377049 0.00289582
0.798 0.0465777 0.0468836 0.0109132
0.8 0.0454327 0.0451344 0.0182974
0.802 0.0338329 0.0329362 0.02446
0.804 0.0148974 0.0134367 0.0289167
0.806 -0.00641697 -0.00838161 0.03132
0.808 -0.0246334 -0.0270209 0.0314758
0.81 -0.0352004 -0.0379153 0.029346
0.812 -0.0356744 -0.0386125 0.0250416
0.814 -0.0263233 -0.0293757 0.0188081
0.816 -0.00999699 -0.0130526 0.0110095
0.818 0.00869046 0.00574356 0.00210935
0.82 0.0246333 0.0219063 -0.00734906
0.822 0.0336099 0.0312105 -0.0167669
0.824 0.033386 0.0314134 -0.0255198
0.826 0.0242501 0.0227886 -0.0329952
0.828 0.00885164 0.00796338 -0.0386362
0.83 -0.00859595 -0.00887737 -0.0419887
0.832 -0.0235066 -0.0231803 -0.0427457
0.834 -0.0321691 -0.0312671 -0.0407833
0.836 -0.0327053 -0.0312888 -0.0361808
0.838 -0.0254899 -0.0236414 -0.0292209
0.84 -0.0129366 -0.0107499 -0.0203677
0.842 0.00126369 0.00369307 -0.0102263
0.844 0.013218 0.0158006 0.000513352
0.846 0.0199089 0.0225657 0.0111387
0.848 0.0199735 0.0226361 0.0209757
0.85 0.0139804 0.0165881 0.0294418
0.852 0.00415167 0.00664601 0.0360843
0.854 -0.00636348 -0.00404381 0.0406034
0.856 -0.0144333 -0.012356 0.0428601
0.858 -0.0178262 -0.0160654 0.0428701
0.86 -0.0157838 -0.0144165 0.0407902
0.862 -0.00913814 -0.00823707 0.0368978
0.864 3.26662e-05 0.000408611 0.0315674
0.866 0.00908504 0.00890055 0.0252456
0.868 0.0156074 0.0148586 0.0184235
0.87 0.0180944 0.0168135 0.011606
0.872 0.0163067 0.0145622 0.00528007
0.874 0.011229 0.00912174 -0.000120003
0.876 0.00466478 0.00232116 -0.00424496
0.878 -0.00138461 -0.0038219 -0.00685875
0.88 -0.00535269 -0.00773461 -0.00785752
0.882 -0.00655438 -0.00873543 -0.00727625
0.884 -0.00531744 -0.0071649 -0.005281
0.886 -0.00277518 -0.00417725 -0.00214723
0.888 -0.000404923 -0.00127755 0.00177306
0.89 0.000524886 0.000232529 0.00609078
0.892 -0.000587888 -0.000286158 0.01042
0.894 -0.00346792 -0.00259704 0.0144134
0.896 -0.0070644 -0.0056872 0.0177894
0.898 -0.00992877 -0.00814186 0.0203475
0.9 -0.0107394 -0.0086658 0.0219736
0.902 -0.00879546 -0.00657432 0.0226355
0.904 -0.00431192 -0.00208609 0.0223728
0.906 0.00159062 0.00368681 0.0212837
0.908 0.00720602 0.00905725 0.0195113
0.91 0.0107777 0.0122948 0.0172298
0.912 0.0110801 0.0122029 0.0146317
0.914 0.00785739 0.0085531 0.0119145
0.916 0.0019718 0.00223018 0.0092663
0.918 -0.00480036 -0.00497325 0.0068507
0.92 -0.0102741 -0.0108618 0.0047913
0.922 -0.0125173 -0.0134969 0.00315888
0.924 -0.0104685 -0.0118106 0.00196338
0.926 -0.00431717 -0.005983 0.00115361
0.928 0.00448003 0.00254428 0.000626082
0.93 0.0135668 0.0114356 0.000242798
0.932 0.0203421 0.0181144 -0.000144307
0.934 0.0227151 0.0205136 -0.000666174
0.936 0.0197371 0.0177033 -0.00141168
0.938 0.011919 0.0102014 -0.00240969
0.94 0.00112923 -0.00013016 -0.00362156
0.942 -0.00990442 -0.0105869 -0.00494557
0.944 -0.0183537 -0.0183783 -0.00623204
0.946 -0.0220891 -0.0214241 -0.00730621
0.948 -0.0202884 -0.0189563 -0.00799413
0.95 -0.0136726 -0.0117497 -0.00814708
0.952 -0.00429858 -0.00190741 -0.00766057
0.954 0.00503753 0.00773923 -0.0064858
0.956 0.011613 0.0144464 -0.00463331
0.958 0.0135719 0.0163516 -0.00217027
0.96 0.0104656 0.0130126 0.000786394
0.962 0.00337921 0.00553188 0.0040785
0.964 -0.0053942 -0.003771 0.00751526
0.966 -0.0130384 -0.0120465 0.0108818
0.968 -0.0170557 -0.016758 0.0139481
0.97 -0.0160172 -0.0164344 0.0164809
0.972 -0.0100001 -0.0111079 0.0182584
0.974 -0.000578831 -0.00230892 0.0190893
0.976 0.00962823 0.00738566 0.0188354
0.978 0.0177272 0.0151168 0.0174332
0.98 0.021406 0.0185976 0.0149126
0.982 0.0196264 0.0168022 0.0114064
0.984 0.0129442 0.0102846 0.00714907
0.986 0.00335793 0.0010277 0.0024609
0.988 -0.0062727 -0.00813639 -0.00227951
0.99 -0.0130709 -0.0143665 -0.00667256
0.992 -0.0150018 -0.0156669 -0.0103387
0.994 -0.0114931 -0.0115039 -0.0129575
0.996 -0.00363029 -0.00299789 -0.0142992
0.998 0.00613593 0.0073699 -0.0142445
