    3.0137209895e+02    9.6001690742e+02   -2.2413467175e+09    2.5968082744e-03   -9.9085496743e-04   -1.3830810973e-04    3.7025655800e-04    1.6884918900e-03   -5.0385348428e-03    1.3731802920e+02    2.3784807577e+02    2.0680000000e+02
    3.0060492678e+02    9.5757309041e+02   -4.4820374629e+09    2.4148542723e-03    2.5084704244e-03   -1.3843042308e-03    5.3480941502e-04   -7.5023056969e-04   -3.0857400325e-03    1.3737546104e+02    2.3775382184e+02    2.0680000000e+02
    3.0025770812e+02    9.5646702987e+02   -6.7231422305e+09    2.7840213474e-03    1.8672622856e-03   -5.9412660502e-04   -1.0648397382e-03   -4.9412689427e-04    1.9865203881e-04    1.3736994653e+02    2.3784489211e+02    2.0680000000e+02
    2.9930632961e+02    9.5343642600e+02   -8.9624965057e+09   -4.5720390788e-04    5.1172173609e-03    1.7232878065e-04    1.9208559966e-04   -1.3030849768e-03    1.5720020049e-03    1.3733491806e+02    2.3790416153e+02    2.0680000000e+02
    3.0362126986e+02    9.6718161212e+02   -1.1202751363e+10   -8.7150428206e-03   -3.0806924840e-03   -5.7305129413e-04   -7.8509213761e-04   -4.8390084039e-04   -1.2289768281e-03    1.3737653523e+02    2.3788305461e+02    2.0680000000e+02
    3.0054271288e+02    9.5737490883e+02   -1.3443881682e+10    1.0218466605e-04    1.3179558318e-03   -4.5699071577e-04   -1.2481770333e-04   -2.6592493458e-04   -1.6230062183e-04    1.3737125217e+02    2.3785407309e+02    2.0680000000e+02
    3.0009563306e+02    9.5595074188e+02   -1.5685164110e+10    1.4819697246e-03    6.4322066271e-03    6.4390860916e-04   -2.7282739873e-04    1.8202217918e-04   -4.0895001377e-04    1.3734527072e+02    2.3782309151e+02    2.0680000000e+02
    3.0010296810e+02    9.5597410755e+02   -1.7926335276e+10    1.7841962757e-03    8.6389850048e-03    3.6133801094e-04    1.3370201839e-03   -2.9325573615e-04   -2.3574935053e-03    1.3733106592e+02    2.3778452003e+02    2.0680000000e+02
    2.9978947070e+02    9.5497546565e+02   -2.0167455049e+10    2.9858406476e-04   -4.6943896324e-03   -1.0807893759e-03   -3.1227891909e-04    8.9687736051e-05    2.8182422438e-03    1.3740087436e+02    2.3785566650e+02    2.0680000000e+02
    3.0161818014e+02    9.6080079585e+02   -2.2407322854e+10   -4.3135980402e-03    1.8840552643e-03   -1.4709077583e-03    7.6406895153e-04    6.7362865714e-04   -1.1370749183e-03    1.3738709128e+02    2.3780115491e+02    2.0680000000e+02
    2.9929945969e+02    9.5341454194e+02   -2.4650252645e+10   -5.0208050094e-03   -1.9622311465e-03   -2.0172923336e-03    3.2751934631e-04   -6.9671907576e-04   -1.4324076938e-03    1.3744341934e+02    2.3790223008e+02    2.0680000000e+02
    2.9880910484e+02    9.5185252296e+02   -2.6890022842e+10   -2.5213221569e-04   -1.7470617065e-03    2.1401807065e-05   -9.9999207349e-05    9.2334367951e-04   -6.5305675124e-04    1.3739456753e+02    2.3787591474e+02    2.0680000000e+02
    3.0259344814e+02    9.6390749939e+02   -2.9131392966e+10    3.2999372557e-03    1.4335502900e-04   -5.4079227309e-04    6.0459244348e-04    1.1865079918e-03   -4.8581764353e-04    1.3735316524e+02    2.3788990844e+02    2.0680000000e+02
    2.9954917555e+02    9.5421000858e+02   -3.1373517116e+10    2.9700025990e-03    2.5118738060e-03    3.5733635226e-05    5.5860773358e-04    5.5807012355e-04   -2.6248542491e-03    1.3734460001e+02    2.3789657971e+02    2.0680000000e+02
    2.9806092330e+02    9.4946920036e+02   -3.3617319952e+10    1.1069709668e-03   -3.4735964309e-03   -1.7196509216e-04    7.5082101151e-04    4.5038338031e-04   -8.6611988539e-04    1.3731438271e+02    2.3799033173e+02    2.0680000000e+02
    2.9897798815e+02    9.5239049853e+02   -3.5856757494e+10    3.2088933101e-03    1.5196253636e-03   -6.3556755939e-04    7.2300776673e-04   -1.4605100591e-03    7.8675242688e-04    1.3733520432e+02    2.3793632972e+02    2.0680000000e+02
    3.0199380537e+02    9.6199734512e+02   -3.8096713459e+10   -1.1878935941e-02   -1.1707822507e-02   -1.4057924653e-03    1.5765638127e-04    6.2095273125e-04    1.1739942676e-03    1.3738053139e+02    2.3791291243e+02    2.0680000000e+02
    2.9966357653e+02    9.5457443141e+02   -4.0335775617e+10    4.5187652305e-03    1.4639351503e-03    5.4916567219e-04    3.8779033482e-04    2.7794326934e-04   -1.8957569552e-04    1.3734873926e+02    2.3791028796e+02    2.0680000000e+02
    3.0051199114e+02    9.5727704513e+02   -4.2577468694e+10    3.2196616561e-03    6.8867827174e-03    1.3245460128e-05    2.7596277722e-04    2.6843263027e-04    2.2745293949e-04    1.3732715525e+02    2.3790087113e+02    2.0680000000e+02
    3.0177711385e+02    9.6130707710e+02   -4.4817619368e+10   -4.8274303224e-03    2.4233341398e-03   -1.1321760622e-03    1.1859475164e-03    2.8111789849e-04   -1.5535893168e-03    1.3739503053e+02    2.3777958821e+02    2.0680000000e+02
    2.9757354906e+02    9.4791667605e+02   -4.7062262751e+10   -6.4990131030e-03    1.4203533962e-03   -5.1238233887e-04   -2.4454768360e-05   -4.0199441185e-05   -1.3175745926e-03    1.3737782881e+02    2.3792653671e+02    2.0680000000e+02
    3.0149376232e+02    9.6040446448e+02   -4.9299598972e+10   -9.2085597345e-03    1.1945405222e-04   -6.4056359523e-04    3.1117170215e-04   -6.6729404492e-05    2.9636683342e-04    1.3735624239e+02    2.3780857743e+02    2.0680000000e+02
    2.9951165869e+02    9.5409049911e+02   -5.1545132440e+10    2.1975216862e-03    9.8563051216e-03    3.9831600372e-05   -7.0700482215e-04    3.7586026104e-05    4.8299632259e-03    1.3736592350e+02    2.3780499159e+02    2.0680000000e+02
    2.9944067818e+02    9.5386439163e+02   -5.3784395170e+10   -4.6969762395e-03   -2.0419983223e-03    5.8631906634e-04   -8.6627374728e-04    6.4048712216e-04    3.2748443986e-04    1.3734246759e+02    2.3778241605e+02    2.0680000000e+02
    3.0040674536e+02    9.5694178608e+02   -5.6021832256e+10   -1.2795774396e-04    2.1987831505e-03   -5.7143790779e-05    8.2632335349e-04   -2.8112561760e-04   -1.7179803296e-03    1.3729645679e+02    2.3779600144e+02    2.0680000000e+02
    2.9945427290e+02    9.5390769742e+02   -5.8264967330e+10    6.4375675047e-03   -1.7116819069e-03    3.0631564427e-04    4.8821845844e-05    1.5989244327e-03   -1.3272244865e-03    1.3729250882e+02    2.3794531347e+02    2.0680000000e+02
    2.9869922486e+02    9.5150250170e+02   -6.0503232535e+10    6.9415422178e-03   -9.2208929976e-03   -1.7772810495e-04   -4.8012584640e-04   -8.1452500144e-04   -2.6664336695e-03    1.3722395443e+02    2.3790196837e+02    2.0680000000e+02
    3.0079578923e+02    9.5818108028e+02   -6.2745549064e+10    3.3336483048e-03    3.4541395282e-03    5.0773841700e-04   -2.8216413690e-04    1.0513379207e-03   -2.1306987678e-03    1.3729508312e+02    2.3778016925e+02    2.0680000000e+02
    2.9819834000e+02    9.4990693948e+02   -6.4985024629e+10   -2.4977348260e-04    4.5352690187e-03    6.5659537402e-04    2.7789226469e-04   -3.9046245821e-04   -2.1745534246e-04    1.3732459797e+02    2.3778818662e+02    2.0680000000e+02
    3.0084424159e+02    9.5833542462e+02   -6.7225090232e+10   -2.4085695277e-03    5.4276890913e-03    5.0497506417e-04   -5.4008220606e-04    6.0224680133e-04    3.2856563201e-03    1.3735647900e+02    2.3784664007e+02    2.0680000000e+02
    3.0002473471e+02    9.5572489610e+02   -6.9465244363e+10    1.2780486237e-03    2.2834129602e-03   -1.2527846036e-04    3.2277549328e-05   -4.1124222228e-04    4.0884400364e-04    1.3734093272e+02    2.3786867851e+02    2.0680000000e+02
    3.0001322654e+02    9.5568823698e+02   -7.1706818169e+10    2.3865497445e-03    1.1096435640e-03    1.4661803801e-04   -7.3053960904e-04    1.2680703564e-04    1.2461345322e-03    1.3732929702e+02    2.3789304340e+02    2.0680000000e+02
    3.0174877872e+02    9.6121681591e+02   -7.3947145454e+10   -3.3683507898e-04    3.2409629352e-03   -3.1460853639e-04   -9.3997840161e-04    5.8846724516e-04   -3.6781329552e-04    1.3734991966e+02    2.3788761117e+02    2.0680000000e+02
    2.9948327888e+02    9.5400009559e+02   -7.6188384252e+10   -1.5543731401e-04   -1.7112285127e-03    3.5814120850e-04    8.5913944138e-05   -1.9045238305e-04   -1.4794766289e-04    1.3736055625e+02    2.3798565034e+02    2.0680000000e+02
    3.0064896001e+02    9.5771335770e+02   -7.8427585350e+10    5.7889940580e-03   -4.6523840922e-04   -5.0517851987e-04   -3.3181364559e-04   -3.4015418485e-04    4.1773375726e-04    1.3731954730e+02    2.3782468317e+02    2.0680000000e+02
    2.9945128844e+02    9.5389819046e+02   -8.0667052241e+10    4.6374634384e-03    2.8730742166e-03    1.0072585980e-03    2.7852826915e-04   -5.8012365940e-04   -8.0349496217e-04    1.3734255612e+02    2.3785523339e+02    2.0680000000e+02
    2.9909256331e+02    9.5275547622e+02   -8.2905670233e+10    3.2186476810e-03    9.4706111870e-03    3.0579404685e-04    7.1432474542e-04   -3.2454159365e-04   -2.3639030910e-03    1.3732720430e+02    2.3785025534e+02    2.0680000000e+02
    2.9967113896e+02    9.5459852145e+02   -8.5150369125e+10    7.9793028861e-03   -1.8471985330e-03    5.8460534817e-04   -7.1285670695e-05   -3.5408388539e-04   -2.2568735141e-03    1.3725795724e+02    2.3795573262e+02    2.0680000000e+02
    3.0005016774e+02    9.5580591271e+02   -8.7388727496e+10    9.3347566272e-03   -5.1302229840e-03    6.2737394713e-05    5.0213984213e-05    7.4074383894e-04   -3.9953331236e-04    1.3732379565e+02    2.3795049263e+02    2.0680000000e+02
    3.0019980094e+02    9.5628256731e+02   -8.9628222137e+10    5.2535595417e-03    3.4027773928e-04    1.3856404807e-04    5.5948079302e-04   -1.1545005745e-03    2.7267567412e-03    1.3735029486e+02    2.3782950300e+02    2.0680000000e+02
    2.9891744651e+02    9.5219764393e+02   -9.1871656756e+10    3.6648550769e-03    4.2564402774e-03   -5.1343785054e-04    5.5767700528e-04    2.8366192049e-04    2.2061235689e-03    1.3736432696e+02    2.3784885972e+02    2.0680000000e+02
    3.0154642975e+02    9.6057223591e+02   -9.4110517731e+10   -2.0209840735e-03   -5.9702419547e-04    4.6219368113e-05   -2.7825894246e-04    1.8516288777e-04    2.5617588457e-03    1.3734576580e+02    2.3787977087e+02    2.0680000000e+02
    3.0058434848e+02    9.5750753851e+02   -9.6355355531e+10   -5.5396465162e-03   -3.2820590058e-03   -8.9801801436e-05    3.1369317793e-04   -1.1939598208e-04   -1.7282183959e-03    1.3736678094e+02    2.3791226735e+02    2.0680000000e+02
    3.0056602509e+02    9.5744916957e+02   -9.8595407525e+10    8.7813423661e-04   -3.3672302954e-03   -6.3252310126e-04    3.6388238174e-06    5.7408237776e-05   -1.5866455585e-03    1.3730413561e+02    2.3796573625e+02    2.0680000000e+02
    3.0103642996e+02    9.5894763818e+02   -1.0083304751e+11    3.6523622402e-04   -9.0570285812e-04    1.6997044435e-04   -1.1871973362e-04   -5.6130616509e-04   -3.2733411108e-03    1.3734919827e+02    2.3793278637e+02    2.0680000000e+02
    2.9735505389e+02    9.4722066251e+02   -1.0307329545e+11    1.4207218183e-03    4.3533241135e-03    4.9283035449e-04   -9.3532003809e-04   -6.2317340301e-04    1.0154149800e-03    1.3732771260e+02    2.3795913161e+02    2.0680000000e+02
    2.9686638329e+02    9.4566400868e+02   -1.0531575813e+11   -5.6111123554e-03   -9.4766267336e-03   -7.0967842173e-04   -9.3704151796e-04    1.4626994094e-04    1.5654021619e-03    1.3739565491e+02    2.3799586793e+02    2.0680000000e+02
    3.0134609733e+02    9.5993407958e+02   -1.0755577171e+11    9.1735672474e-04   -2.8278996548e-03   -5.0044050184e-04   -3.7455454124e-04    6.7076194041e-04    7.1140901406e-04    1.3739760448e+02    2.3796365493e+02    2.0680000000e+02
    3.0059870451e+02    9.5755326945e+02   -1.0979889544e+11   -1.3743136295e-04   -9.3392948328e-04   -5.6748957083e-04    1.1568714469e-03   -7.8480006449e-04   -5.4181068791e-04    1.3737532228e+02    2.3794106377e+02    2.0680000000e+02
    3.0240058072e+02    9.6329312272e+02   -1.1204534516e+11    3.0559381292e-03   -7.3169710303e-04   -9.0421379821e-04   -7.3045048331e-04    3.3967133504e-04    1.2705364639e-03    1.3738739444e+02    2.3792327384e+02    2.0680000000e+02
    3.0055127502e+02    9.5740218342e+02   -1.1428515424e+11    2.4882335234e-03   -3.6540920716e-03    5.1739048539e-04    5.3944147039e-04    2.1818161829e-04    4.9335449199e-04    1.3733357543e+02    2.3793159579e+02    2.0680000000e+02
    3.0213307794e+02    9.6244099608e+02   -1.1652476714e+11    5.0532582839e-03    1.3848472634e-03   -8.7545991148e-05   -8.8149565829e-04    5.7829378947e-04   -1.4606875642e-03    1.3733655351e+02    2.3791579531e+02    2.0680000000e+02
    3.0132767958e+02    9.5987541007e+02   -1.1876838464e+11   -6.2330441861e-03   -7.9675887830e-03    1.8449943954e-04   -3.4476014270e-04   -2.1685470579e-04   -3.4567912776e-03    1.3737552274e+02    2.3797468503e+02    2.0680000000e+02
    3.0347833310e+02    9.6672628894e+02   -1.2100986948e+11   -2.9856408603e-04   -6.1572307413e-03   -6.7739805228e-04    1.6268083911e-04    3.3788383188e-04   -1.5035975756e-03    1.3736594584e+02    2.3801910670e+02    2.0680000000e+02
    3.0154271682e+02    9.6056040842e+02   -1.2325460564e+11   -1.3448694661e-03   -5.7449732420e-03   -8.8043355813e-04    3.4097611197e-04    1.3839835500e-05   -7.2122281594e-04    1.3734552192e+02    2.3798553715e+02    2.0680000000e+02
    3.0046036423e+02    9.5711258829e+02   -1.2549025232e+11    2.5425084684e-03   -4.5420237439e-03   -2.7106104260e-04    1.3746585514e-04   -3.4171586437e-04    4.7153112367e-04    1.3733551294e+02    2.3794482187e+02    2.0680000000e+02
    2.9846240209e+02    9.5074810585e+02   -1.2772963508e+11    9.7550138127e-03    3.3882693646e-03    1.3354762801e-03    1.2522562669e-03    6.8313925891e-04    1.9691863763e-03    1.3732839516e+02    2.3795833132e+02    2.0680000000e+02
    3.0328797270e+02    9.6611989836e+02   -1.2997149207e+11   -1.0134450956e-03    2.1026991587e-03   -2.7792246797e-04   -7.6297087981e-04   -8.5303222938e-05    4.5463184547e-03    1.3732941741e+02    2.3784545533e+02    2.0680000000e+02
    2.9990333979e+02    9.5533819416e+02   -1.3220891654e+11   -3.7752803647e-03   -1.5248967834e-03    5.9816187942e-04   -4.2563182964e-05    3.2418671879e-04    2.1961733647e-03    1.3736855669e+02    2.3790523539e+02    2.0680000000e+02
    2.9976672988e+02    9.5490302508e+02   -1.3444794917e+11   -5.3375155050e-04    1.4332498947e-03   -6.3940633328e-04   -1.1000624797e-03    5.4254502093e-05   -1.5848928488e-03    1.3733949904e+02    2.3787466189e+02    2.0680000000e+02
    2.9822584593e+02    9.4999455927e+02   -1.3668890379e+11    7.5147757927e-04    5.2025894568e-04   -5.9944892828e-04    5.4335225541e-04    2.9120040532e-04   -2.5105090707e-03    1.3733768691e+02    2.3784840460e+02    2.0680000000e+02
    3.0012916105e+02    9.5605754486e+02   -1.3893154680e+11    4.4656262484e-03    5.8147922997e-03   -9.9811135560e-05   -2.0736344250e-04   -4.6630468761e-04    1.6910627117e-03    1.3727842115e+02    2.3782233435e+02    2.0680000000e+02
    3.0053734152e+02    9.5735779844e+02   -1.4117144525e+11   -2.1073988490e-03    6.4392973527e-03    1.9900223727e-04    8.4684047107e-04   -1.1848000898e-03    1.6117809882e-03    1.3736659083e+02    2.3771065610e+02    2.0680000000e+02
    3.0006973764e+02    9.5586825235e+02   -1.4342076951e+11    3.3805995938e-03    1.3106106984e-03   -6.1479855019e-04    2.7376271023e-05    5.3098598016e-04    1.1383495761e-03    1.3736706732e+02    2.3780983655e+02    2.0680000000e+02
    2.9729944289e+02    9.4704351440e+02   -1.4566551793e+11    5.3746171412e-03   -2.7885990771e-03    8.0635963875e-04   -3.6008912297e-04   -5.3803160236e-04   -1.6162378492e-03    1.3731288159e+02    2.3783636714e+02    2.0680000000e+02
    3.0156758824e+02    9.6063963599e+02   -1.4790574534e+11    1.8603079399e-03    2.6810265417e-03    7.8454289066e-04    2.3234379334e-04    7.5120307816e-04    2.1602921096e-03    1.3734181805e+02    2.3781593759e+02    2.0680000000e+02
    3.0405842096e+02    9.6857415128e+02   -1.5015043421e+11   -1.0212670444e-02   -9.3723541416e-04   -1.5453317980e-04    1.2431251867e-03   -1.6533731915e-04    3.3382439489e-03    1.3737642283e+02    2.3783928643e+02    2.0680000000e+02
    3.0076130171e+02    9.5807122074e+02   -1.5238963074e+11   -7.5410029262e-03    1.0827519697e-03   -3.4443723589e-04    2.1557138607e-04    4.0531186291e-04    1.9427532298e-03    1.3741187517e+02    2.3784071907e+02    2.0680000000e+02
    3.0088435256e+02    9.5846319760e+02   -1.5462118357e+11   -8.8341058666e-04    9.6190453013e-03    8.2816573297e-04   -2.0717707856e-04    3.6032331317e-05   -1.4404359694e-03    1.3735029005e+02    2.3783364869e+02    2.0680000000e+02
    2.9702752825e+02    9.4617733386e+02   -1.5686057881e+11    4.2718153542e-03    7.1537771337e-03    4.8121785477e-04   -6.8956301116e-04    4.3617783049e-04   -4.2574350992e-03    1.3731959080e+02    2.3788365002e+02    2.0680000000e+02
    3.0099547431e+02    9.5881717451e+02   -1.5910988334e+11   -4.8293520091e-03   -4.8737634083e-03   -3.2471044998e-04    2.5368149459e-04    9.1849838667e-04   -2.4067850614e-03    1.3739238729e+02    2.3794410094e+02    2.0680000000e+02
    3.0030156666e+02    9.5660674069e+02   -1.6134565521e+11   -5.9631934215e-03   -8.8590549264e-03    1.9665324577e-04   -1.6984852115e-04   -5.2008606221e-04   -3.5808237509e-04    1.3739393822e+02    2.3794288795e+02    2.0680000000e+02
    2.9969431235e+02    9.5467233998e+02   -1.6358378575e+11    1.6852904803e-03   -3.3588330750e-03   -2.4798426920e-04    2.6015357802e-04    3.6062156084e-05   -5.9724416169e-04    1.3740917252e+02    2.3795241154e+02    2.0680000000e+02
    2.9999701802e+02    9.5563660494e+02   -1.6582051468e+11   -6.0247953950e-03   -3.9177591990e-03   -7.8615790251e-04    6.9134221424e-04   -3.7745694290e-04    2.6007627337e-03    1.3739498731e+02    2.3789523090e+02    2.0680000000e+02
    2.9852094497e+02    9.5093459343e+02   -1.6806144093e+11   -2.8838333303e-03    6.2315960380e-03    8.5025869116e-04    2.3384530997e-05    6.4003598355e-05   -7.9245065998e-04    1.3737326786e+02    2.3791794602e+02    2.0680000000e+02
    2.9977405352e+02    9.5492635444e+02   -1.7030038311e+11   -1.5627122356e-03   -1.9882961855e-03    3.6791098666e-04    1.2497640542e-04    3.4304631487e-04   -1.6273615550e-03    1.3741341769e+02    2.3787559735e+02    2.0680000000e+02
    2.9869339077e+02    9.5148391729e+02   -1.7254284590e+11    2.3653169242e-03   -4.8277191604e-03   -1.1945333097e-03   -8.3182535361e-04    3.8048814219e-04   -2.1625684412e-03    1.3736571703e+02    2.3791573893e+02    2.0680000000e+02
    3.0089936474e+02    9.5851101871e+02   -1.7478445041e+11    2.1387529306e-03    5.7989644224e-03   -3.9205402985e-04    4.4951947872e-04   -7.7352361092e-05   -1.0281324355e-04    1.3734390920e+02    2.3785298685e+02    2.0680000000e+02
    2.9973090127e+02    9.5478889351e+02   -1.7702506864e+11    1.6197616055e-03    1.9368877784e-03    8.6773843137e-05    2.1639587818e-05   -2.0731712380e-04   -1.5044001208e-03    1.3735314702e+02    2.3784175144e+02    2.0680000000e+02
    3.0015481304e+02    9.5613925893e+02   -1.7926580253e+11    1.7221753397e-03   -4.9603260748e-03    1.1915756194e-04    1.4055999343e-05    4.1158376559e-04   -4.2401923163e-05    1.3738517873e+02    2.3792899828e+02    2.0680000000e+02
    2.9842184871e+02    9.5061892357e+02   -1.8150674639e+11    3.0760262198e-03   -5.6849270187e-03    5.3620214612e-04   -5.9016131075e-04   -6.2791160246e-05    1.2135609331e-03    1.3735271591e+02    2.3789290655e+02    2.0680000000e+02
    3.0029531866e+02    9.5658683777e+02   -1.8374802152e+11    3.9636136614e-03   -1.1970835986e-03   -1.4214536899e-04    6.6760890443e-04    7.6433870603e-04    2.2414827467e-04    1.3732271182e+02    2.3796781658e+02    2.0680000000e+02
    2.9675421096e+02    9.4530668517e+02   -1.8598913153e+11    1.1523860688e-03   -5.2648793708e-03   -3.4731780616e-04    6.2196029368e-05    2.8355105991e-04   -2.7138909253e-03    1.3732098554e+02    2.3793416202e+02    2.0680000000e+02
    3.0008775378e+02    9.5592564255e+02   -1.8822662798e+11   -1.1729647534e-03    5.2627284889e-04   -5.7389936508e-05   -1.1654037221e-03    3.2473258594e-04   -2.9109106223e-03    1.3737560538e+02    2.3788727390e+02    2.0680000000e+02
    2.9938803508e+02    9.5369669770e+02   -1.9047048956e+11   -2.7564565806e-03   -4.7823784259e-03   -4.8379628947e-04    6.5545639144e-04   -8.1447233778e-04    8.9808506469e-06    1.3735346047e+02    2.3794681785e+02    2.0680000000e+02
    3.0001277689e+02    9.5568680464e+02   -1.9270744692e+11   -2.6665611020e-03   -3.3566347019e-03    1.6200629787e-04    8.0020546890e-04    6.3270187990e-04   -1.2512156775e-03    1.3736845931e+02    2.3793239279e+02    2.0680000000e+02
    2.9535993226e+02    9.4086522848e+02   -1.9495343222e+11    9.0374873101e-03   -1.1993266487e-03   -2.0101963170e-05    3.6931151852e-04   -5.9637712664e-04   -9.4701895867e-04    1.3732043111e+02    2.3795646085e+02    2.0680000000e+02
    2.9870312888e+02    9.5151493792e+02   -1.9718874775e+11    8.6342181742e-04    2.2820891423e-04    2.3486119578e-04    1.0768435427e-04    2.5841176595e-05    3.6420909630e-03    1.3730858328e+02    2.3790013930e+02    2.0680000000e+02
    3.0207259304e+02    9.6224832221e+02   -1.9943610349e+11   -2.2296731200e-03   -6.6126932956e-04   -7.0265933296e-05    3.0756680515e-04    8.3848581417e-05    2.3678101756e-03    1.3730712930e+02    2.3794555562e+02    2.0680000000e+02
    2.9936796388e+02    9.5363276116e+02   -2.0167113349e+11   -1.4812470280e-03    1.8195931669e-03    9.3366330172e-04   -6.3690413143e-04   -6.5750175279e-04   -4.4628825893e-04    1.3731125198e+02    2.3789454737e+02    2.0680000000e+02
    2.9936784182e+02    9.5363237236e+02   -2.0391606308e+11    1.0619033427e-02    3.6472876496e-03    9.4459027673e-05    1.5941217238e-03    4.0969451357e-04   -1.5406168102e-03    1.3726466082e+02    2.3793820564e+02    2.0680000000e+02
    3.0111263764e+02    9.5919039677e+02   -2.0615216957e+11   -3.3318998611e-03    3.8401061354e-03   -8.2544968226e-04    1.7943018080e-04   -1.7909014294e-04   -4.7907002779e-04    1.3729114313e+02    2.3783220605e+02    2.0680000000e+02
    3.0044554468e+02    9.5706538080e+02   -2.0839506116e+11    6.3288352701e-03    3.0378694503e-03   -4.4429396255e-04   -7.0622223852e-05   -1.6445920057e-03   -1.7226416641e-03    1.3729135440e+02    2.3794663022e+02    2.0680000000e+02
    2.9968343100e+02    9.5463767757e+02   -2.1064394796e+11    2.1879657439e-03   -7.2180574721e-03    2.2191941505e-04   -5.4487279816e-04    1.3734446403e-03    1.6489248529e-03    1.3732197367e+02    2.3800672963e+02    2.0680000000e+02
    3.0188649557e+02    9.6165551116e+02   -2.1288181437e+11    3.7012444904e-03   -5.6754862087e-03   -2.0514163482e-04    1.2766923560e-03    6.3740103423e-04   -2.5732629162e-03    1.3733830373e+02    2.3793229365e+02    2.0680000000e+02
    2.9825709490e+02    9.5009410245e+02   -2.1512244525e+11    4.8236802358e-03   -7.7247912657e-03    6.4053942023e-04   -1.0388878037e-03   -3.7849182219e-04    2.4099602382e-03    1.3730091553e+02    2.3798432823e+02    2.0680000000e+02
    3.0212416408e+02    9.6241260110e+02   -2.1736841026e+11    2.7961296041e-03   -3.1067341264e-03    6.0834054085e-05   -7.3584574420e-04    1.8052176594e-03    8.7319394203e-04    1.3728658102e+02    2.3788229573e+02    2.0680000000e+02
    3.0031172990e+02    9.5663911557e+02   -2.1960397395e+11    3.3724305196e-03    1.6648882076e-03   -1.3214030016e-03   -3.4093336236e-04    6.1913548578e-07   -2.1922900771e-03    1.3735456152e+02    2.3786862040e+02    2.0680000000e+02
    3.0068872449e+02    9.5784002693e+02   -2.2184806270e+11   -4.3813821324e-03    6.3436867984e-04   -1.1487954054e-03   -7.4574608883e-04   -4.4740285490e-05   -5.0497184307e-03    1.3735400294e+02    2.3783339732e+02    2.0680000000e+02
    3.0070490149e+02    9.5789155854e+02   -2.2408556521e+11    4.5651610395e-03    3.0581847922e-03    5.5637471047e-04   -2.6416562725e-04   -3.9030241889e-04   -4.0818823918e-03    1.3736768442e+02    2.3790986333e+02    2.0680000000e+02
