-0.998 9.2194 4.75809
-0.996 7.04572 4.99351
-0.994 3.191 5.0405
-0.992 -1.51322 4.87383
-0.99 -6.13554 4.44827
-0.988 -9.82607 3.7213
-0.986 -11.9727 2.67896
-0.984 -12.3034 1.35789
-0.982 -10.917 -0.143076
-0.98 -8.23932 -1.66599
-0.978 -4.9165 -3.01271
-0.976 -1.66885 -3.97667
-0.974 0.863681 -4.38156
-0.972 2.2526 -4.11893
-0.97 2.3621 -3.17669
-0.968 1.36499 -1.65184
-0.966 -0.308429 0.256131
-0.964 -2.07598 2.27125
-0.962 -3.34026 4.0829
-0.96 -3.62665 5.39659
-0.958 -2.69325 5.98455
-0.956 -0.589941 5.72685
-0.954 2.34542 4.63492
-0.952 5.55213 2.85275
-0.95 8.35901 0.63509
-0.948 10.1207 -1.69344
-0.946 10.3499 -3.79101
-0.944 8.82008 -5.35364
-0.942 5.61851 -6.16298
-0.94 1.13982 -6.11878
-0.938 -3.97709 -5.25076
-0.936 -8.95724 -3.70829
-0.934 -13.0219 -1.73027
-0.932 -15.5206 0.398664
-0.93 -16.0394 2.39733
-0.928 -14.4658 4.03316
-0.926 -11.0005 5.15538
-0.924 -6.11542 5.7107
-0.922 -0.468845 5.74029
-0.92 5.20571 5.36008
-0.918 10.2142 4.7299
-0.916 14.0003 4.01812
-0.914 16.2108 3.36911
-0.912 16.7213 2.87961
-0.91 15.6226 2.58799
-0.908 13.1768 2.4778
-0.906 9.75516 2.49346
-0.904 5.77329 2.56343
-0.902 1.63519 2.62448
-0.9 -2.3055 2.64043
-0.898 -5.7641 2.61091
-0.896 -8.52561 2.56827
-0.894 -10.4334 2.56428
-0.892 -11.3745 2.65037
-0.89 -11.2689 2.85687
-0.888 -10.0699 3.17648
-0.886 -7.77625 3.55619
-0.884 -4.45425 3.90017
-0.882 -0.262993 4.08407
-0.88 4.52772 3.97852
-0.878 9.5358 3.47795
-0.876 14.2888 2.52875
-0.874 18.2707 1.15074
-0.872 20.9888 -0.553678
-0.87 22.0496 -2.40567
-0.868 21.2298 -4.17173
-0.866 18.5272 -5.59786
-0.864 14.18 -6.45022
-0.862 8.64792 -6.55511
-0.86 2.55558 -5.83052
-0.858 -3.39389 -4.30324
-0.856 -8.52163 -2.10807
-0.854 -12.2752 0.531068
-0.852 -14.3125 3.33436
-0.85 -14.5513 6.00759
-0.848 -13.1763 8.28396
-0.846 -10.5999 9.95924
-0.844 -7.38479 10.9146
-0.842 -4.14128 11.1248
-0.84 -1.41929 10.652
-0.838 0.385419 9.62713
-0.836 1.09299 8.22428
-0.834 0.758198 6.63086
-0.832 -0.356304 5.02001
-0.83 -1.84593 3.52894
-0.828 -3.25561 2.24671
-0.826 -4.17843 1.21313
-0.824 -4.34229 0.427844
-0.822 -3.66771 -0.133986
-0.82 -2.28568 -0.50418
-0.818 -0.511732 -0.707643
-0.816 1.21906 -0.755809
-0.814 2.44413 -0.648747
-0.812 2.77465 -0.384499
-0.81 1.98577 0.0278988
-0.808 0.0772025 0.556239
-0.806 -2.70919 1.13803
-0.804 -5.92015 1.68139
-0.802 -8.96572 2.07482
-0.8 -11.225 2.20477
-0.798 -12.1637 1.97786
-0.796 -11.441 1.34354
-0.794 -8.98727 0.312384
-0.792 -5.03538 -1.03419
-0.79 -0.10142 -2.54571
-0.788 5.0848 -4.01704
-0.786 9.6881 -5.21417
-0.784 12.8985 -5.90806
-0.782 14.0635 -5.91167
-0.78 12.801 -5.11372
-0.778 9.07513 -3.50331
-0.776 3.22169 -1.18011
-0.774 -4.08212 1.65266
-0.772 -11.9005 4.71203
-0.77 -19.1634 7.67255
-0.768 -24.8139 10.2108
-0.766 -27.958 12.0503
-0.764 -27.9919 12.9986
-0.762 -24.6913 12.9732
-0.76 -18.2472 12.0102
-0.758 -9.24707 10.258
-0.756 1.39687 7.95467
-0.754 12.5586 5.39446
-0.752 23.0345 2.88759
-0.75 31.6867 0.718753
-0.748 37.5757 -0.889125
-0.746 40.0682 -1.80094
-0.744 38.9071 -1.98164
-0.742 34.2371 -1.49362
-0.74 26.5835 -0.480717
-0.738 16.7877 0.857254
-0.736 5.90807 2.2945
-0.734 -4.90066 3.60871
-0.732 -14.515 4.60611
-0.73 -21.962 5.13968
-0.728 -26.5174 5.12005
-0.726 -27.774 4.5197
-0.724 -25.6739 3.37154
-0.722 -20.5048 1.76299
-0.72 -12.8609 -0.17333
-0.718 -3.57562 -2.2719
-0.716 6.36866 -4.34832
-0.714 15.9423 -6.21418
-0.712 24.1725 -7.69157
-0.71 30.2391 -8.6262
-0.708 33.5528 -8.89849
-0.706 33.8078 -8.43274
-0.704 31.0059 -7.20427
-0.702 25.4486 -5.24444
-0.7 17.7005 -2.64268
-0.698 8.52696 0.455585
-0.696 -1.18588 3.85652
-0.694 -10.5222 7.33111
-0.692 -18.6273 10.6332
-0.69 -24.7903 13.5204
-0.688 -28.5083 15.7747
-0.686 -29.5282 17.2206
-0.684 -27.8598 17.7396
-0.682 -23.7636 17.2791
-0.68 -17.7138 15.8563
-0.678 -10.3428 13.5582
-0.676 -2.37371 10.536
-0.674 5.45212 6.99506
-0.672 12.4462 3.1802
-0.67 18.0347 -0.642404
-0.668 21.8061 -4.20631
-0.666 23.5387 -7.26642
-0.664 23.2073 -9.61931
-0.662 20.9682 -11.1204
-0.66 17.1269 -11.6963
-0.658 12.0957 -11.352
-0.656 6.34604 -10.1707
-0.654 0.363727 -8.308
-0.652 -5.38989 -5.9781
-0.65 -10.508 -3.43489
-0.648 -14.6597 -0.947239
-0.646 -17.604 1.22903
-0.644 -19.1968 2.87996
-0.642 -19.3925 3.86002
-0.64 -18.2407 4.11235
-0.638 -15.8794 3.67921
-0.636 -12.524 2.69956
-0.634 -8.45435 1.39263
-0.632 -3.999 0.0284582
-0.63 0.482937 -1.11075
-0.628 4.62271 -1.77305
-0.626 8.06625 -1.77602
-0.624 10.5018 -1.03662
-0.622 11.6895 0.413275
-0.62 11.4898 2.42831
-0.618 9.88795 4.76796
-0.616 7.0071 7.12918
-0.614 3.10903 9.18885
-0.612 -1.42269 10.6501
-0.61 -6.11592 11.2856
-0.608 -10.4571 10.972
-0.606 -13.947 9.70901
-0.604 -16.1575 7.62013
-0.602 -16.7827 4.93533
-0.6 -15.677 1.95738
-0.598 -12.876 -0.981806
-0.596 -8.59759 -3.56734
-0.594 -3.22393 -5.54258
-0.592 2.73508 -6.73886
-0.59 8.69157 -7.08992
-0.588 14.0385 -6.63005
-0.586 18.2114 -5.47768
-0.584 20.7461 -3.80874
-0.582 21.3271 -1.82514
-0.58 19.8208 0.275598
-0.578 16.2913 2.3244
-0.576 10.997 4.19477
-0.574 4.36951 5.80602
-0.572 -3.02181 7.11672
-0.57 -10.5169 8.11204
-0.568 -17.4194 8.78941
-0.566 -23.0544 9.14713
-0.564 -26.8275 9.17927
-0.562 -28.2803 8.87825
-0.56 -27.1401 8.24416
-0.558 -23.3583 7.29808
-0.556 -17.1326 6.09508
-0.554 -8.90754 4.73245
-0.552 0.650124 3.3495
-0.55 10.7031 2.11672
-0.548 20.3188 1.21447
-0.546 28.5634 0.80379
-0.544 34.6034 0.994177
-0.542 37.8042 1.81465
-0.54 37.8135 3.19483
-0.538 34.6161 4.96169
-0.536 28.5516 6.85548
-0.534 20.2887 8.56431
-0.532 10.7545 9.77345
-0.53 1.02622 10.221
-0.528 -7.80297 9.74972
-0.526 -14.7661 8.34489
-0.524 -19.1506 6.14897
-0.522 -20.5939 3.44985
-0.52 -19.1292 0.64288
-0.518 -15.1748 -1.82731
-0.516 -9.46752 -3.5361
-0.514 -2.94984 -4.14819
-0.512 3.37136 -3.47586
-0.51 8.57285 -1.51655
-0.508 11.9472 1.53741
-0.506 13.0983 5.32004
-0.504 11.9863 9.34247
-0.502 8.91393 13.0662
-0.5 4.45888 15.9872
-0.498 -0.636689 17.7156
-0.496 -5.59872 18.0369
-0.494 -9.75188 16.9434
-0.492 -12.624 14.629
-0.49 -14.0056 11.4513
-0.488 -13.9545 7.86659
-0.486 -12.7477 4.35015
-0.484 -10.7937 1.31764
-0.482 -8.52734 -0.940568
-0.48 -6.30992 -2.30001
-0.478 -4.35808 -2.81156
-0.476 -2.714 -2.67873
-0.474 -1.26156 -2.20783
-0.472 0.217587 -1.74107
-0.47 1.96166 -1.58587
-0.468 4.1385 -1.95457
-0.466 6.76734 -2.9262
-0.464 9.67104 -4.43751
-0.462 12.4723 -6.3041
-0.46 14.64 -8.26644
-0.458 15.5817 -10.0506
-0.456 14.7675 -11.4302
-0.454 11.8609 -12.2777
-0.452 6.82816 -12.5922
-0.45 -0.00149526 -12.4998
-0.448 -7.94288 -12.2243
-0.446 -16.0349 -12.0346
-0.444 -23.1821 -12.1782
-0.442 -28.3341 -12.8159
-0.44 -30.669 -13.9707
-0.438 -29.7457 -15.5034
-0.436 -25.5971 -17.1222
-0.434 -18.7436 -18.4258
-0.432 -10.1231 -18.9762
-0.43 -0.948452 -18.3851
-0.428 7.48624 -16.4021
-0.426 14.0156 -12.9822
-0.424 17.7939 -8.32187
-0.422 18.4321 -2.85079
-0.42 16.0551 2.82099
-0.418 11.2685 7.99269
-0.416 5.04105 11.9843
-0.414 -1.47576 14.2498
-0.412 -7.15681 14.4705
-0.41 -11.1015 12.6124
-0.408 -12.7843 8.93499
-0.406 -12.131 3.95087
-0.404 -9.5075 -1.65768
-0.402 -5.62574 -7.15117
-0.4 -1.38751 -11.8548
-0.398 2.3032 -15.2688
-0.396 4.72186 -17.1482
-0.394 5.46383 -17.5367
-0.392 4.51671 -16.7488
-0.39 2.2513 -15.3014
-0.388 -0.666321 -13.8076
-0.386 -3.42272 -12.8512
-0.384 -5.2347 -12.8658
-0.382 -5.5197 -14.0428
-0.38 -4.02397 -16.2877
-0.378 -0.882442 -19.234
-0.376 3.4018 -22.3133
-0.374 8.05342 -24.8688
-0.372 12.1762 -26.2907
-0.37 14.929 -26.1443
-0.368 15.6909 -24.2673
-0.366 14.1836 -20.8158
-0.364 10.5273 -16.2488
-0.362 5.2203 -11.2552
-0.36 -0.952426 -6.63487
-0.358 -7.06298 -3.15526
-0.356 -12.2081 -1.4102
-0.354 -15.6674 -1.70493
-0.352 -17.0212 -3.98959
-0.35 -16.2069 -7.8547
-0.348 -13.5045 -12.5924
-0.346 -9.45847 -17.3159
-0.344 -4.75545 -21.1172
-0.342 -0.086045 -23.2375
-0.34 3.97867 -23.2162
-0.338 7.07201 -20.9903
-0.336 9.06357 -16.9226
-0.334 10.0371 -11.7489
-0.332 10.2244 -6.45364
-0.33 9.91505 -2.09324
-0.328 9.36326 0.398933
-0.326 8.71488 0.391527
-0.324 7.97091 -2.31577
-0.322 6.99643 -7.43689
-0.32 5.5733 -14.2288
-0.318 3.48461 -21.6018
-0.316 0.609588 -28.2926
-0.314 -2.99633 -33.0722
-0.312 -7.06052 -34.9539
-0.31 -11.1066 -33.3669
-0.308 -14.5252 -28.2658
-0.306 -16.6889 -20.1559
-0.304 -17.0879 -10.0293
-0.302 -15.4541 0.781666
-0.3 -11.846 10.8086
-0.298 -6.67063 18.6755
-0.296 -0.63565 23.3126
-0.294 5.3632 24.119
-0.292 10.4003 21.0457
-0.29 13.6943 14.589
-0.288 14.7632 5.697
-0.286 13.5296 -4.39107
-0.284 10.35 -14.3437
-0.282 5.96011 -22.9402
-0.28 1.34397 -29.2457
-0.278 -2.45014 -32.7331
-0.276 -4.51072 -33.333
-0.274 -4.24237 -31.4076
-0.272 -1.48834 -27.6544
-0.27 3.42776 -22.9581
-0.268 9.75013 -18.2197
-0.266 16.4216 -14.1942
-0.264 22.2746 -11.3669
-0.262 26.2483 -9.89032
-0.26 27.591 -9.58879
-0.258 26.008 -10.0265
-0.256 21.7232 -10.6205
-0.254 15.4407 -10.7739
-0.252 8.21062 -10.0049
-0.25 1.22704 -8.04627
-0.248 -4.40199 -4.89989
-0.246 -7.86524 -0.8382
-0.244 -8.79891 3.64745
-0.242 -7.34959 7.9407
-0.24 -4.14062 11.4189
-0.238 -0.150982 13.5743
-0.236 3.46903 14.1142
-0.234 5.61196 13.021
-0.232 5.4199 10.5616
-0.23 2.44823 7.24328
-0.228 -3.2422 3.72623
-0.226 -11.0813 0.709249
-0.224 -20.0764 -1.19142
-0.222 -28.9737 -1.5484
-0.22 -36.4666 -0.197805
-0.218 -41.4117 2.72898
-0.216 -43.0144 6.82035
-0.214 -40.9524 11.443
-0.212 -35.4197 15.835
-0.21 -27.0854 19.2181
-0.208 -16.9823 20.9149
-0.206 -6.34511 20.4494
-0.204 3.57062 17.6201
-0.202 11.6616 12.5316
-0.2 17.1145 5.58307
-0.198 19.4933 -2.58418
-0.196 18.7659 -11.1694
-0.194 15.2778 -19.3128
-0.192 9.67857 -26.1984
-0.19 2.82234 -31.1471
-0.188 -4.34587 -33.6894
-0.186 -10.9008 -33.6114
-0.184 -16.0353 -30.9708
-0.182 -19.1395 -26.0839
-0.18 -19.8552 -19.4857
-0.178 -18.1053 -11.8688
-0.176 -14.095 -4.0089
-0.174 -8.28635 3.3147
-0.172 -1.34821 9.39597
-0.17 5.91588 13.6687
-0.168 12.6555 15.7579
-0.166 18.0706 15.5124
-0.164 21.5083 13.0152
-0.162 22.5497 8.57064
-0.16 21.0724 2.66911
-0.158 17.2786 -4.06795
-0.156 11.6778 -10.9571
-0.154 5.02172 -17.3281
-0.152 -1.80517 -22.5966
-0.15 -7.924 -26.3249
-0.148 -12.6082 -28.2648
-0.146 -15.4115 -28.3758
-0.144 -16.2517 -26.8176
-0.142 -15.4302 -23.9186
-0.14 -13.5803 -20.1258
-0.138 -11.5478 -15.9427
-0.136 -10.2252 -11.8652
-0.134 -10.3686 -8.32456
-0.132 -12.4313 -5.6434
-0.13 -16.4473 -4.0099
-0.128 -21.9911 -3.47179
-0.126 -28.2267 -3.94904
-0.124 -34.0446 -5.26256
-0.122 -38.2679 -7.17344
-0.12 -39.8898 -9.42598
-0.118 -38.2982 -11.7865
-0.116 -33.4362 -14.0706
-0.114 -25.8599 -16.1548
-0.112 -16.6758 -17.9706
-0.11 -7.3641 -19.4859
-0.108 0.479805 -20.6796
-0.106 5.43564 -21.5172
-0.104 6.52632 -21.9358
-0.102 3.41415 -21.8423
-0.1 -3.51055 -21.1271
-0.098 -13.166 -19.6916
-0.096 -23.9393 -17.4823
-0.094 -33.9476 -14.523
-0.092 -41.3616 -10.935
-0.09 -44.7343 -6.93823
-0.088 -43.2741 -2.83185
-0.086 -37.0077 1.04312
-0.084 -26.7932 4.35054
-0.082 -14.1779 6.8075
-0.08 -1.12551 8.22732
-0.078 10.3356 8.55222
-0.076 18.4709 7.87108
-0.074 22.1376 6.41757
-0.072 20.9658 4.54371
-0.07 15.3935 2.66805
-0.068 6.55392 1.20366
-0.066 -3.95496 0.479842
-0.064 -14.3724 0.67609
-0.062 -23.0878 1.78534
-0.06 -28.9062 3.6155
-0.058 -31.2214 5.82674
-0.056 -30.0696 7.99283
-0.054 -26.0611 9.67191
-0.052 -20.2091 10.4749
-0.05 -13.6939 10.1251
-0.048 -7.60889 8.5036
-0.046 -2.74048 5.67773
-0.044 0.571103 1.90223
-0.042 2.45973 -2.41094
-0.04 3.44226 -6.75503
-0.038 4.23149 -10.6121
-0.036 5.50182 -13.5388
-0.034 7.6708 -15.2319
-0.032 10.7549 -15.5604
-0.03 14.3372 -14.5585
-0.028 17.6544 -12.3906
-0.026 19.7789 -9.30156
-0.024 19.8525 -5.56619
-0.022 17.3177 -1.44538
-0.02 12.0976 2.84673
-0.018 4.68436 7.16225
-0.016 -3.88442 11.4219
-0.014 -12.1662 15.598
-0.012 -18.5507 19.6807
-0.01 -21.5545 23.636
-0.008 -20.1198 27.3719
-0.006 -13.8527 30.7249
-0.004 -3.14997 33.4746
-0.002 10.8223 35.3831
0 26.3011 36.2479
0.002 41.2211 35.95
0.004 53.5728 34.4968
0.006 61.7521 32.0359
0.008 64.8295 28.8554
0.01 62.6846 25.3587
0.012 55.986 22.0146
0.014 46.0255 19.2853
0.016 34.45 17.5438
0.018 22.9469 16.9984
0.02 12.9499 17.6443
0.022 5.41568 19.2569
0.024 0.710001 21.4277
0.026 -1.38439 23.6341
0.028 -1.54666 25.3271
0.03 -0.711892 26.02
0.032 0.17652 25.3657
0.034 0.403474 23.2143
0.036 -0.34516 19.6431
0.038 -1.91573 14.9534
0.04 -3.7448 9.62638
0.042 -5.02985 4.2421
0.044 -4.97021 -0.6255
0.046 -3.01573 -4.51447
0.048 0.942014 -7.15615
0.05 6.48535 -8.5133
0.052 12.7144 -8.76935
0.054 18.4092 -8.27667
0.056 22.2749 -7.48007
0.058 23.2177 -6.83247
0.06 20.5969 -6.71557
0.062 14.3999 -7.37394
0.064 5.30379 -8.86938
0.066 -5.39495 -11.0633
0.068 -15.9772 -13.6344
0.07 -24.592 -16.1338
0.072 -29.5902 -18.0691
0.074 -29.8396 -19.0008
0.076 -24.9595 -18.6281
0.078 -15.4249 -16.843
0.08 -2.51617 -13.7441
0.082 11.8845 -9.61055
0.084 25.6144 -4.84697
0.086 36.6111 0.0860192
0.088 43.2788 4.74256
0.09 44.7678 8.75333
0.092 41.1132 11.8712
0.094 33.2073 13.9953
0.096 22.6178 15.1704
0.098 11.2905 15.5595
0.1 1.19987 15.3963
0.102 -5.98997 14.9254
0.104 -9.19346 14.3456
0.106 -8.06145 13.7677
0.108 -3.00684 13.1984
0.11 4.90115 12.5508
0.112 14.153 11.6798
0.114 23.0859 10.4325
0.116 30.1889 8.70284
0.118 34.3685 6.47745
0.12 35.124 3.86295
0.122 32.6013 1.08798
0.124 27.5177 -1.52166
0.126 20.9817 -3.59066
0.128 14.25 -4.75591
0.13 8.47496 -4.73087
0.132 4.49226 -3.3613
0.134 2.68665 -0.662933
0.136 2.95361 3.16487
0.138 4.75652 7.7517
0.14 7.26139 12.5938
0.142 9.51933 17.1121
0.144 10.6601 20.7236
0.146 10.0605 22.9168
0.148 7.45764 23.3199
0.15 2.98957 21.7541
0.152 -2.83936 18.263
0.154 -9.25738 13.1142
0.156 -15.3656 6.77445
0.158 -20.2914 -0.140725
0.16 -23.3281 -6.93393
0.162 -24.0374 -12.9027
0.164 -22.3024 -17.4162
0.166 -18.3283 -19.9828
0.168 -12.5974 -20.3024
0.17 -5.79047 -18.298
0.172 1.30746 -14.1245
0.174 7.90517 -8.15623
0.176 13.2934 -0.953427
0.178 16.9167 6.78913
0.18 18.4246 14.3074
0.182 17.7009 20.843
0.184 14.8715 25.7205
0.186 10.2921 28.4205
0.188 4.51787 28.6382
0.19 -1.74428 26.3216
0.192 -7.69849 21.683
0.194 -12.5368 15.1812
0.196 -15.5264 7.47414
0.198 -16.101 -0.654002
0.2 -13.9465 -8.38487
0.202 -9.06744 -14.9662
0.204 -1.81957 -19.8076
0.206 7.10363 -22.5567
0.208 16.7365 -23.144
0.21 25.9556 -21.7867
0.212 33.6313 -18.9508
0.214 38.7926 -15.2743
0.216 40.7813 -11.4653
0.218 39.365 -8.18976
0.22 34.7871 -5.96751
0.222 27.7403 -5.092
0.224 19.2628 -5.5879
0.226 10.5727 -7.21268
0.228 2.86753 -9.50284
0.23 -2.87418 -11.8578
0.232 -6.05421 -13.648
0.234 -6.5486 -14.3298
0.236 -4.71805 -13.5456
0.238 -1.33338 -11.1926
0.24 2.57047 -7.44495
0.242 5.88678 -2.7249
0.244 7.64269 2.37318
0.246 7.18235 7.19246
0.248 4.2942 11.1366
0.25 -0.743095 13.7827
0.252 -7.20758 14.9631
0.254 -14.068 14.7995
0.256 -20.1804 13.6826
0.258 -24.5092 12.2005
0.26 -26.327 11.0247
0.262 -25.3535 10.7757
0.264 -21.8051 11.8891
0.266 -16.3478 14.5095
0.268 -9.96509 18.434
0.27 -3.76984 23.121
0.272 1.20331 27.7669
0.274 4.18549 31.4395
0.276 4.80798 33.2459
0.278 3.16012 32.5034
0.28 -0.238318 28.8809
0.282 -4.54403 22.4848
0.284 -8.75578 13.8742
0.286 -11.9064 3.99979
0.288 -13.2442 -5.92291
0.29 -12.3681 -14.5894
0.292 -9.29226 -20.8043
0.294 -4.4295 -23.6707
0.296 1.50017 -22.7407
0.298 7.61358 -18.0986
0.3 13.0311 -10.3605
0.302 17.0324 -0.585799
0.304 19.1718 9.88519
0.306 19.3327 19.6405
0.308 17.7154 27.4165
0.31 14.7628 32.2906
0.312 11.0471 33.8148
0.314 7.14201 32.0694
0.316 3.51266 27.6311
0.318 0.446145 21.4627
0.32 -1.96541 14.7441
0.322 -3.79062 8.67298
0.324 -5.18815 4.26773
0.326 -6.32191 2.2049
0.328 -7.28543 2.71771
0.33 -8.055 5.57251
0.332 -8.48236 10.1263
0.334 -8.32848 15.4544
0.336 -7.33047 20.524
0.338 -5.28687 24.383
0.34 -2.14124 26.3281
0.342 1.95668 26.0241
0.344 6.63033 23.553
0.346 11.3071 19.3861
0.348 15.2998 14.2876
0.35 17.9274 9.16904
0.352 18.6493 4.92301
0.354 17.1866 2.26619
0.356 13.5996 1.6201
0.358 8.30325 3.04823
0.36 2.01207 6.25834
0.362 -4.37573 10.6668
0.364 -9.93424 15.5111
0.366 -13.8752 19.99
0.368 -15.6901 23.4047
0.37 -15.2414 25.2786
0.372 -12.7836 25.4323
0.374 -8.91101 24.0025
0.376 -4.44041 21.4024
0.378 -0.251103 18.2299
0.38 2.88634 15.143
0.382 4.45937 12.7267
0.384 4.31052 11.3764
0.386 2.66193 11.2222
0.388 0.0617646 12.1068
0.39 -2.73739 13.6222
0.392 -4.94353 15.1959
0.394 -5.8997 16.2085
0.396 -5.23164 16.1202
0.398 -2.93763 14.5812
0.4 0.598943 11.5069
0.402 4.67769 7.10375
0.404 8.41751 1.8433
0.406 10.9345 -3.61063
0.408 11.5268 -8.5089
0.41 9.82966 -12.1393
0.412 5.90951 -13.9436
0.414 0.277307 -13.6098
0.416 -6.18406 -11.124
0.418 -12.3663 -6.77194
0.42 -17.1304 -1.09191
0.422 -19.5128 5.21372
0.424 -18.9051 11.3917
0.426 -15.1734 16.7553
0.428 -8.69369 20.7846
0.43 -0.298203 23.1944
0.432 8.85773 23.9573
0.434 17.4839 23.2824
0.436 24.3643 21.5558
0.438 28.5512 19.2557
0.44 29.5103 16.8593
0.442 27.1942 14.7596
0.444 22.0327 13.2048
0.446 14.8432 12.2723
0.448 6.68038 11.8776
0.45 -1.34722 11.8149
0.452 -8.2582 11.8181
0.454 -13.3437 11.6293
0.456 -16.2519 11.0598
0.458 -17.0004 10.0308
0.46 -15.92 8.58799
0.462 -13.5483 6.88671
0.464 -10.499 5.15219
0.466 -7.33605 3.62386
0.468 -4.47565 2.49564
0.47 -2.13305 1.86505
0.472 -0.318051 1.70264
0.474 1.12424 1.84913
0.476 2.43944 2.04169
0.478 3.87388 1.96516
0.48 5.58784 1.31803
0.482 7.5916 -0.119948
0.484 9.7193 -2.43228
0.486 11.649 -5.53382
0.488 12.9669 -9.16949
0.49 13.2626 -12.9449
0.492 12.2354 -16.3846
0.494 9.78602 -19.0081
0.496 6.07183 -20.4114
0.498 1.51064 -20.3393
0.5 -3.26991 -18.7352
0.502 -7.52945 -15.7583
0.504 -10.5404 -11.7655
0.506 -11.719 -7.25921
0.508 -10.7375 -2.81173
0.51 -7.59846 1.02157
0.512 -2.65551 3.78427
0.514 3.42129 5.1836
0.516 9.7334 5.12798
0.518 15.281 3.73285
0.52 19.1108 1.29543
0.522 20.4615 -1.75698
0.524 18.8841 -4.93651
0.526 14.3179 -7.77103
0.528 7.11035 -9.8752
0.53 -2.02339 -11.0044
0.532 -12.0936 -11.0835
0.534 -21.9671 -10.2058
0.536 -30.5162 -8.60438
0.538 -36.7624 -6.60324
0.54 -39.9965 -4.55764
0.542 -39.858 -2.79615
0.544 -36.368 -1.57362
0.546 -29.912 -1.04168
0.548 -21.1808 -1.23877
0.55 -11.0783 -2.09827
0.552 -0.610046 -3.47048
0.554 9.2313 -5.15288
0.556 17.5716 -6.92311
0.558 23.7381 -8.56932
0.56 27.3137 -9.91395
0.562 28.1574 -10.8282
0.564 26.3945 -11.2362
0.566 22.381 -11.1111
0.568 16.6497 -10.4641
0.57 9.84652 -9.33249
0.572 2.66469 -7.76955
0.574 -4.21802 -5.83896
0.576 -10.195 -3.61577
0.578 -14.7764 -1.19189
0.58 -17.6235 1.3168
0.582 -18.5689 3.76553
0.584 -17.6237 5.982
0.586 -14.9685 7.7761
0.588 -10.931 8.95813
0.59 -5.95197 9.36342
0.592 -0.541538 8.87913
0.594 4.76809 7.46807
0.596 9.47062 5.18468
0.598 13.13 2.17935
0.6 15.4178 -1.31102
0.602 16.1417 -4.98563
0.604 15.2618 -8.51314
0.606 12.8935 -11.5712
0.608 9.29643 -13.8867
0.61 4.84794 -15.2703
0.612 0.00465298 -15.6403
0.614 -4.7447 -15.0326
0.616 -8.92931 -13.5937
0.618 -12.1431 -11.5596
0.62 -14.083 -9.22262
0.622 -14.5739 -6.89014
0.624 -13.5807 -4.84309
0.626 -11.2052 -3.29834
0.628 -7.67162 -2.38144
0.63 -3.30282 -2.11333
0.632 1.50993 -2.41279
0.634 6.34084 -3.11375
0.636 10.7647 -3.99436
0.638 14.391 -4.81278
0.64 16.8946 -5.3442
0.642 18.0411 -5.41337
0.644 17.7043 -4.91843
0.646 15.8746 -3.84312
0.648 12.6589 -2.25681
0.65 8.27166 -0.303361
0.652 3.01998 1.81871
0.654 -2.71581 3.88134
0.656 -8.50469 5.65392
0.658 -13.8904 6.92912
0.66 -18.4205 7.54488
0.662 -21.6784 7.40061
0.664 -23.3194 6.46638
0.666 -23.1053 4.78442
0.668 -20.936 2.46345
0.67 -16.872 -0.333299
0.672 -11.1432 -3.4044
0.674 -4.14261 -6.52886
0.676 3.59636 -9.48485
0.678 11.438 -12.067
0.68 18.6947 -14.1007
0.682 24.6864 -15.4537
0.684 28.8055 -16.0435
0.686 30.5803 -15.8412
0.688 29.7318 -14.8725
0.69 26.2165 -13.2139
0.692 20.247 -10.9862
0.694 12.2878 -8.34556
0.696 3.02259 -5.47204
0.698 -6.70476 -2.55698
0.7 -15.9704 0.209586
0.702 -23.8635 2.65128
0.704 -29.5817 4.61674
0.706 -32.5198 5.98965
0.708 -32.3394 6.69706
0.71 -29.0131 6.71555
0.712 -22.837 6.07464
0.714 -14.4084 4.85671
0.716 -4.5713 3.19295
0.718 5.66578 1.25477
0.72 15.232 -0.759146
0.722 23.1047 -2.63982
0.724 28.4183 -4.18776
0.726 30.5589 -5.234
0.728 29.2347 -5.65998
0.73 24.5142 -5.41377
0.732 16.8269 -4.52008
0.734 6.92433 -3.08206
0.736 -4.19566 -1.27368
0.738 -15.3933 0.677292
0.74 -25.5105 2.5143
0.742 -33.498 3.9828
0.744 -38.5325 4.86323
0.746 -40.1086 5.00189
0.748 -38.0956 4.33527
0.75 -32.7516 2.90337
0.752 -24.6937 0.84903
0.754 -14.8287 -1.59793
0.756 -4.24859 -4.1501
0.758 5.89409 -6.50152
0.76 14.5207 -8.37051
0.762 20.7533 -9.53962
0.764 24.019 -9.88645
0.766 24.1162 -9.40065
0.768 21.2347 -8.1843
0.77 15.9232 -6.43542
0.772 9.00883 -4.41702
0.774 1.48014 -2.41638
0.776 -5.65057 -0.701253
0.778 -11.4845 0.519632
0.78 -15.3536 1.12487
0.782 -16.9016 1.09278
0.784 -16.1179 0.4965
0.786 -13.3203 -0.516355
0.788 -9.09107 -1.75445
0.79 -4.17661 -3.01756
0.792 0.634317 -4.129
0.794 4.63369 -4.96027
0.796 7.30011 -5.44468
0.798 8.37021 -5.57861
0.8 7.86458 -5.41163
0.802 6.06447 -5.02798
0.804 3.44485 -4.52394
0.806 0.576755 -3.98574
0.808 -1.98246 -3.4729
0.81 -3.79026 -3.01038
0.812 -4.59325 -2.59135
0.814 -4.36152 -2.18933
0.816 -3.27832 -1.77681
0.818 -1.68872 -1.34497
0.82 -0.0187435 -0.91899
0.822 1.31845 -0.564054
0.824 2.01063 -0.379064
0.826 1.91187 -0.478367
0.828 1.07282 -0.964803
0.83 -0.26981 -1.89995
0.832 -1.74249 -3.27859
0.834 -2.91356 -5.01389
0.836 -3.38622 -6.93757
0.838 -2.88788 -8.81637
0.84 -1.3379 -10.3829
0.842 1.12036 -11.3759
0.844 4.13079 -11.584
0.846 7.17814 -10.8844
0.848 9.67474 -9.27067
0.85 11.0642 -6.86368
0.852 10.9225 -3.90146
0.854 9.03828 -0.709836
0.856 5.45605 2.34322
0.858 0.47715 4.90168
0.86 -5.38272 6.67477
0.862 -11.47 7.47992
0.864 -17.0903 7.26775
0.866 -21.6084 6.12487
0.868 -24.5363 4.25427
0.87 -25.5933 1.93731
0.872 -24.7329 -0.515721
0.874 -22.1312 -2.81733
0.876 -18.1451 -4.74731
0.878 -13.2479 -6.18211
0.88 -7.95676 -7.10389
0.882 -2.76594 -7.58864
0.884 1.90355 -7.77684
0.886 5.73228 -7.83377
0.888 8.50865 -7.90867
0.89 10.1187 -8.10123
0.892 10.528 -8.44215
0.894 9.76406 -8.89124
0.896 7.90595 -9.35235
0.898 5.08391 -9.70134
0.9 1.48645 -9.82037
0.902 -2.62987 -9.63071
0.904 -6.93548 -9.11633
0.906 -11.0349 -8.33287
0.908 -14.4909 -7.39942
0.91 -16.8674 -6.47471
0.912 -17.7872 -5.72268
0.914 -16.9969 -5.27495
0.916 -14.4264 -5.1985
0.918 -10.2298 -5.47618
0.92 -4.79439 -6.00458
0.922 1.28883 -6.61081
0.924 7.29501 -7.08536
0.926 12.4662 -7.22504
0.928 16.128 -6.87751
0.93 17.8006 -5.97832
0.932 17.2835 -4.5723
0.934 14.6966 -2.81393
0.936 10.4661 -0.945571
0.938 5.25899 0.743261
0.94 -0.127462 1.96815
0.942 -4.89882 2.5037
0.944 -8.39762 2.22839
0.946 -10.213 1.1515
0.948 -10.2453 -0.583633
0.95 -8.71369 -2.72102
0.952 -6.10299 -4.93436
0.954 -3.06126 -6.88263
0.956 -0.265967 -8.26848
0.958 1.71382 -8.88886
0.96 2.53183 -8.66835
0.962 2.13152 -7.66953
0.964 0.751301 -6.0789
0.966 -1.1337 -4.1713
0.968 -2.92171 -2.25998
0.97 -4.02304 -0.641625
0.972 -3.9982 0.45344
0.974 -2.66517 0.896833
0.976 -0.152188 0.677391
0.978 3.11659 -0.105982
0.98 6.50113 -1.27138
0.982 9.27594 -2.59436
0.984 10.7849 -3.85268
0.986 10.5887 -4.86601
0.988 8.5743 -5.52265
0.99 5.00159 -5.78928
0.992 0.475665 -5.7031
0.994 -4.15359 -5.35006
0.996 -7.94735 -4.83503
0.998 -10.0604 -4.25147
0.4 1.01284 0.794281
0.8 1.02492 0.814733
1.2 1.04392 0.847333
1.6 1.06828 0.889992
2 1.09603 0.940042
2.4 1.12496 0.994474
2.8 1.15288 1.05019
3.2 1.17778 1.10426
3.6 1.19807 1.15418
4 1.21265 1.19804
4.4 1.22105 1.23469
4.8 1.22347 1.26377
5.2 1.22068 1.28576
5.6 1.21395 1.30188
6 1.20494 1.31397
6.4 1.19549 1.32429
6.8 1.18741 1.33538
7.2 1.18239 1.3498
7.6 1.18176 1.36997
8 1.18644 1.39801
8.4 1.19688 1.43555
8.8 1.21306 1.48375
9.2 1.23454 1.54317
9.6 1.26058 1.61381
10 1.29024 1.69517
10.4 1.32258 1.78627
10.8 1.35676 1.8858
11.2 1.39219 1.99213
11.6 1.42859 2.10347
12 1.46606 2.21791
12.4 1.50505 2.33349
12.8 1.54631 2.44826
13.2 1.59077 2.56034
13.6 1.63942 2.66793
14 1.69316 2.76936
14.4 1.75263 2.86313
14.8 1.81811 2.94792
15.2 1.88939 3.02269
15.6 1.96575 3.08667
16 2.04597 3.13941
16.4 2.12836 3.18085
16.8 2.21091 3.21133
17.2 2.29139 3.23154
17.6 2.36757 3.24259
18 2.43735 3.2459
18.4 2.49898 3.24313
18.8 2.55113 3.23609
19.2 2.59304 3.22663
19.6 2.62453 3.21648
20 2.64601 3.20718
20.4 2.65836 3.19988
20.8 2.66287 3.19532
21.2 2.66106 3.19377
21.6 2.65453 3.19497
22 2.64476 3.19816
22.4 2.63301 3.2022
22.8 2.62016 3.20561
23.2 2.60666 3.20673
23.6 2.59251 3.20387
24 2.57732 3.19546
24.4 2.56035 3.18018
24.8 2.54067 3.1571
25.2 2.51732 3.12573
25.6 2.48944 3.08613
26 2.45648 3.03883
26.4 2.41827 2.98488
26.8 2.37513 2.92569
27.2 2.32795 2.86299
27.6 2.2781 2.79866
28 2.22745 2.7346
28.4 2.17815 2.6726
28.8 2.13256 2.6142
29.2 2.093 2.56061
29.6 2.0616 2.51265
30 2.04009 2.47065
30.4 2.02966 2.43452
30.8 2.03085 2.40374
31.2 2.04344 2.37744
31.6 2.06654 2.35447
32 2.09852 2.33353
32.4 2.13723 2.31326
32.8 2.18006 2.29234
33.2 2.2242 2.26964
33.6 2.26676 2.2443
34 2.30503 2.21576
34.4 2.33664 2.18389
34.8 2.35971 2.14895
35.2 2.37295 2.11163
35.6 2.37576 2.07297
36 2.3682 2.03437
36.4 2.35096 1.99743
36.8 2.32529 1.96389
37.2 2.29288 1.93552
37.6 2.25566 1.91396
38 2.21569 1.90059
38.4 2.17498 1.89648
38.8 2.13534 1.9022
39.2 2.09823 1.9178
39.6 2.06469 1.94276
40 2.03526 1.97598
40.4 2.01001 2.01581
40.8 1.98849 2.06012
41.2 1.96984 2.10646
41.6 1.95288 2.15213
42 1.93621 2.19441
42.4 1.91837 2.23071
42.8 1.89795 2.25873
43.2 1.87372 2.27663
43.6 1.84477 2.28318
44 1.8106 2.2778
44.4 1.77116 2.26063
44.8 1.7269 2.23253
45.2 1.67875 2.19497
45.6 1.62809 2.14999
46 1.57665 2.09997
46.4 1.5264 2.04755
46.8 1.47947 1.99535
47.2 1.43791 1.94586
47.6 1.40366 1.90123
48 1.37831 1.8632
48.4 1.36304 1.83293
48.8 1.35851 1.81102
49.2 1.36479 1.7975
49.6 1.38136 1.79186
50 1.40712 1.79319
50.4 1.44046 1.80024
50.8 1.47937 1.81159
51.2 1.52156 1.82576
51.6 1.56461 1.84135
52 1.60615 1.85711
52.4 1.64401 1.87201
52.8 1.67639 1.88528
53.2 1.70194 1.89637
53.6 1.71987 1.90496
54 1.73 1.91084
54.4 1.73273 1.91389
54.8 1.72902 1.91396
55.2 1.72029 1.91087
55.6 1.70828 1.9043
56 1.69493 1.89383
56.4 1.68221 1.87892
56.8 1.67196 1.859
57.2 1.66575 1.83352
57.6 1.66476 1.80202
58 1.66972 1.76429
58.4 1.68082 1.72036
58.8 1.69777 1.67067
59.2 1.71977 1.61602
59.6 1.74565 1.55763
60 1.77393 1.49707
60.4 1.80294 1.43619
60.8 1.83097 1.37699
61.2 1.85639 1.32149
61.6 1.87773 1.27159
62 1.8938 1.22891
62.4 1.90373 1.19465
62.8 1.90702 1.16954
63.2 1.90351 1.15373
63.6 1.89339 1.14685
64 1.87714 1.14802
64.4 1.85546 1.15595
64.8 1.82921 1.1691
65.2 1.79934 1.18581
65.6 1.76682 1.20453
66 1.73262 1.2239
66.4 1.69761 1.24296
66.8 1.66259 1.26119
67.2 1.62828 1.27861
67.6 1.59526 1.2957
68 1.56405 1.31339
68.4 1.53506 1.3329
68.8 1.50865 1.35556
69.2 1.48508 1.38269
69.6 1.46455 1.41531
70 1.44718 1.45406
70.4 1.43295 1.49895
70.8 1.42177 1.54937
71.2 1.41335 1.60395
71.6 1.40728 1.66068
72 1.40295 1.71696
72.4 1.3996 1.76976
72.8 1.39631 1.81585
73.2 1.39204 1.85202
73.6 1.38567 1.87534
74 1.37607 1.8834
74.4 1.36218 1.87449
74.8 1.34304 1.84776
75.2 1.31792 1.80335
75.6 1.28632 1.74234
76 1.24808 1.66675
76.4 1.20336 1.57937
76.8 1.1527 1.4836
77.2 1.09695 1.38321
77.6 1.03727 1.28209
78 0.975049 1.18399
78.4 0.911846 1.09229
78.8 0.849279 1.00975
79.2 0.788939 0.938426
79.6 0.732294 0.879515
80 0.680598 0.833355
80.4 0.634823 0.799457
80.8 0.5956 0.776597
81.2 0.563188 0.762965
81.6 0.537473 0.756342
82 0.517976 0.754296
82.4 0.503907 0.754389
82.8 0.494213 0.754354
83.2 0.487664 0.752261
83.6 0.482937 0.746634
84 0.478701 0.736525
84.4 0.473708 0.721546
84.8 0.466872 0.701846
85.2 0.457333 0.678055
85.6 0.444503 0.651192
86 0.428098 0.622545
86.4 0.408146 0.593552
86.8 0.384968 0.565665
87.2 0.359149 0.540238
87.6 0.331493 0.518425
88 0.302954 0.501106
88.4 0.274574 0.488839
88.8 0.247407 0.481846
89.2 0.222452 0.480021
89.6 0.200587 0.482972
90 0.182518 0.490071
90.4 0.16874 0.500528
90.8 0.159511 0.513463
91.2 0.154848 0.527982
91.6 0.154532 0.543247
92 0.158133 0.558525
92.4 0.165047 0.573234
92.8 0.174538 0.586958
93.2 0.185788 0.599454
93.6 0.197955 0.610635
94 0.210213 0.62054
94.4 0.221808 0.629296
94.8 0.232084 0.637072
95.2 0.240521 0.64403
95.6 0.246742 0.650289
96 0.250523 0.655889
96.4 0.251787 0.66077
96.8 0.250592 0.664772
97.2 0.247104 0.667644
97.6 0.241578 0.669069
98 0.234326 0.668705
98.4 0.22569 0.666233
98.8 0.216019 0.661405
99.2 0.205645 0.654096
99.6 0.194865 0.644342
100 0.183935 0.63237
100.4 0.173061 0.618608
100.8 0.162401 0.603675
101.2 0.152067 0.588348
101.6 0.142135 0.573514
102 0.132653 0.560099
102.4 0.123651 0.54899
102.8 0.115149 0.540954
103.2 0.107167 0.536552
103.6 0.0997285 0.536076
104 0.0928652 0.539497
104.4 0.0866151 0.546437
104.8 0.0810216 0.556179
105.2 0.0761287 0.567698
105.6 0.0719751 0.579727
106 0.0685881 0.590851
106.4 0.065977 0.599612
106.8 0.0641281 0.604637
107.2 0.0630006 0.60475
107.6 0.0625253 0.599093
108 0.0626061 0.587208
108.4 0.0631232 0.569103
108.8 0.0639406 0.545277
109.2 0.0649153 0.516709
109.6 0.0659088 0.484804
110 0.0667994 0.451307
110.4 0.0674957 0.418192
110.8 0.0679486 0.387517
111.2 0.0681616 0.361288
111.6 0.0681982 0.341314
112 0.0681848 0.329077
112.4 0.0683091 0.325633
112.8 0.0688127 0.331537
113.2 0.0699789 0.346813
113.6 0.0721152 0.370955
114 0.0755314 0.402974
114.4 0.0805159 0.441476
114.8 0.0873099 0.484762
115.2 0.0960841 0.53095
115.6 0.106917 0.578104
116 0.119782 0.624356
116.4 0.134533 0.66802
116.8 0.150911 0.707684
117.2 0.168549 0.742279
117.6 0.18699 0.771117
118 0.205709 0.793904
118.4 0.224151 0.810722
118.8 0.24176 0.821996
119.2 0.258017 0.828434
119.6 0.272474 0.830965
120 0.284783 0.830665
120.4 0.294717 0.828687
120.8 0.302185 0.826194
121.2 0.307228 0.824302
121.6 0.310012 0.824026
122 0.31081 0.826248
122.4 0.309967 0.83168
122.8 0.307872 0.840847
123.2 0.304915 0.854073
123.6 0.301453 0.871469
124 0.297772 0.892934
124.4 0.294066 0.918149
124.8 0.290417 0.946591
125.2 0.286791 0.977534
125.6 0.283044 1.01008
126 0.278938 1.04316
126.4 0.274173 1.07562
126.8 0.268418 1.1062
127.2 0.26135 1.13364
127.6 0.2527 1.15672
128 0.24228 1.17432
128.4 0.230023 1.1855
128.8 0.215997 1.18954
129.2 0.200417 1.18601
129.6 0.183642 1.17478
130 0.166159 1.15604
130.4 0.148555 1.13032
130.8 0.131479 1.09844
131.2 0.115603 1.06144
131.6 0.101569 1.02056
132 0.0899466 0.977126
132.4 0.0811889 0.932461
132.8 0.0755969 0.887819
133.2 0.0732942 0.844289
133.6 0.0742141 0.802735
134 0.0780991 0.76375
134.4 0.0845143 0.72763
134.8 0.0928729 0.694387
135.2 0.102473 0.663771
135.6 0.112543 0.635328
136 0.12229 0.608467
136.4 0.130954 0.582545
136.8 0.137857 0.556952
137.2 0.142448 0.531191
137.6 0.144339 0.504956
138 0.143333 0.478177
138.4 0.139436 0.451063
138.8 0.132856 0.424098
139.2 0.123991 0.39803
139.6 0.1134 0.373826
140 0.101764 0.35261
140.4 0.0898449 0.335583
140.8 0.0784262 0.323935
141.2 0.0682652 0.318755
141.6 0.0600392 0.320946
142 0.0542998 0.331144
142.4 0.0514364 0.34966
142.8 0.0516503 0.376439
143.2 0.0549433 0.411037
143.6 0.0611193 0.452628
144 0.0698013 0.500027
144.4 0.0804598 0.551742
144.8 0.0924525 0.606032
145.2 0.105071 0.660997
145.6 0.117591 0.714658
146 0.129324 0.765062
146.4 0.139663 0.810373
146.8 0.148121 0.848966
147.2 0.154362 0.879512
147.6 0.158218 0.901044
148 0.159691 0.913015
148.4 0.158947 0.915324
148.8 0.156298 0.90833
149.2 0.152167 0.892833
149.6 0.147061 0.870034
150 0.141526 0.841473
150.4 0.136114 0.808942
150.8 0.131345 0.774381
151.2 0.127681 0.739769
151.6 0.125502 0.707
152 0.125096 0.677766
152.4 0.12665 0.653454
152.8 0.130255 0.635048
153.2 0.135915 0.62307
153.6 0.143556 0.617536
154 0.153042 0.617959
154.4 0.164184 0.623373
154.8 0.176756 0.632399
155.2 0.190496 0.643341
155.6 0.205115 0.654298
156 0.22029 0.663297
156.4 0.235671 0.668434
156.8 0.25087 0.668003
157.2 0.265463 0.66062
157.6 0.278994 0.645315
158 0.290979 0.621603
158.4 0.300917 0.589511
158.8 0.308314 0.549573
159.2 0.312704 0.50279
159.6 0.313677 0.450553
160 0.310914 0.394545
160.4 0.304213 0.336625
160.8 0.293518 0.278699
161.2 0.278938 0.222599
161.6 0.260756 0.169975
162 0.239427 0.122195
162.4 0.215566 0.0802881
162.8 0.189921 0.0449
163.2 0.163333 0.0162895
163.6 0.136693 -0.00565108
164 0.110889 -0.0213491
164.4 0.0867507 -0.0314871
164.8 0.0650055 -0.0369251
165.2 0.04623 -0.0386196
165.6 0.0308202 -0.0375446
166 0.0189711 -0.0346214
166.4 0.0106724 -0.0306626
166.8 0.00571848 -0.0263337
167.2 0.00373289 -0.0221316
167.6 0.00420366 -0.0183824
168 0.00652769 -0.0152539
168.4 0.0100594 -0.0127805
168.8 0.0141601 -0.0108961
169.2 0.0182432 -0.00947099
169.6 0.0218128 -0.00834722
170 0.0244921 -0.00737063
170.4 0.02604 -0.00641526
170.8 0.0263554 -0.00539946
171.2 0.0254698 -0.00429301
171.6 0.0235293 -0.00311575
172 0.0207688 -0.00192935
172.4 0.0174812 -0.00082416
172.8 0.0139843 9.65024e-05
173.2 0.0105891 0.000732319
173.6 0.00757238 0.00100016
174 0.00515424 0.000844999
174.4 0.00348424 0.000246501
174.8 0.00263476 -0.000778837
175.2 0.00260246 -0.00217988
175.6 0.0033165 -0.0038765
176 0.00465219 -0.00576763
176.4 0.00644816 -0.00774044
176.8 0.00852508 -0.00967952
177.2 0.0107041 -0.0114749
177.6 0.0128234 -0.0130283
178 0.0147509 -0.014257
178.4 0.0163936 -0.0150959
178.8 0.0177022 -0.0154967
179.2 0.0186711 -0.0154266
179.6 0.0193344 -0.0148655
180 0.01976 -0.0138033
180.4 0.0200402 -0.0122379
180.8 0.0202819 -0.0101738
181.2 0.0205969 -0.00762223
181.6 0.0210928 -0.00460275
182 0.021865 -0.00114552
182.4 0.0229913 0.00270528
182.8 0.0245281 0.00688812
183.2 0.0265092 0.0113211
183.6 0.0289463 0.0159001
184 0.0318316 0.0204987
184.4 0.0351418 0.02497
184.8 0.0388433 0.0291509
185.2 0.0428975 0.032869
185.6 0.0472668 0.0359517
186 0.0519195 0.0382366
186.4 0.0568349 0.0395833
186.8 0.0620056 0.0398858
187.2 0.0674397 0.0390836
187.6 0.0731599 0.0371709
188 0.0792009 0.0342037
188.4 0.0856049 0.0303021
188.8 0.0924148 0.0256492
189.2 0.0996658 0.0204848
189.6 0.107377 0.0150939
190 0.11554 0.00979153
190.4 0.124115 0.00490397
190.8 0.133018 0.000747506
191.2 0.142121 -0.00239301
191.6 0.151252 -0.00428434
192 0.160193 -0.00476172
192.4 0.168697 -0.00374053
192.8 0.176491 -0.00122134
193.2 0.183298 0.00271288
193.6 0.188853 0.00790754
194 0.192923 0.014155
194.4 0.195324 0.0212196
194.8 0.195942 0.0288671
195.2 0.19474 0.0368967
195.6 0.19177 0.0451705
196 0.187171 0.0536402
196.4 0.181164 0.0623655
196.8 0.174038 0.0715223
197.2 0.166129 0.0813996
197.6 0.157799 0.0923837
198 0.149407 0.10493
198.4 0.141281 0.119525
198.8 0.133695 0.136639
199.2 0.126844 0.15668
199.6 0.120833 0.17994
200 0.11567 0.206555
200.4 0.111264 0.236471
200.8 0.107439 0.269423
201.2 0.103951 0.304931
201.6 0.100512 0.342316
202 0.0968195 0.380726
202.4 0.0925861 0.419189
202.8 0.0875687 0.456663
203.2 0.0815937 0.492105
203.6 0.0745774 0.524536
204 0.0665371 0.553103
204.4 0.0575961 0.577132
204.8 0.0479781 0.596168
205.2 0.0379956 0.609998
205.6 0.0280306 0.618654
206 0.0185112 0.622399
206.4 0.00988601 0.621701
206.8 0.00259764 0.617185
207.2 -0.00294123 0.609583
207.6 -0.0063687 0.599681
208 -0.00738962 0.588262
208.4 -0.0057862 0.576062
208.8 -0.00142336 0.56373
209.2 0.0057507 0.551803
209.6 0.0157078 0.540698
210 0.0283455 0.530708
210.4 0.0434947 0.522015
210.8 0.0609266 0.514713
211.2 0.0803602 0.508828
211.6 0.101468 0.504341
212 0.123882 0.501208
212.4 0.147196 0.499375
212.8 0.170975 0.498779
213.2 0.194759 0.499349
213.6 0.21807 0.500992
214 0.240429 0.503579
214.4 0.261369 0.506924
214.8 0.280452 0.510769
215.2 0.297293 0.514775
215.6 0.311585 0.518516
216 0.323115 0.521485
216.4 0.33179 0.523122
216.8 0.337647 0.522837
217.2 0.340863 0.520053
217.6 0.341751 0.514256
218 0.34075 0.50504
218.4 0.338401 0.492155
218.8 0.335313 0.475547
219.2 0.332126 0.455378
219.6 0.329462 0.432044
220 0.327876 0.406162
220.4 0.327812 0.378549
220.8 0.329558 0.350175
221.2 0.333216 0.322112
221.6 0.338683 0.295463
222 0.345647 0.271292
222.4 0.353596 0.250559
222.8 0.36185 0.234051
223.2 0.3696 0.222336
223.6 0.375961 0.215723
224 0.38004 0.21425
224.4 0.380992 0.217682
224.8 0.37809 0.225535
225.2 0.370779 0.237112
225.6 0.358724 0.251549
226 0.341837 0.267881
226.4 0.320293 0.285096
226.8 0.294526 0.3022
227.2 0.265204 0.31827
227.6 0.233193 0.332499
228 0.1995 0.344233
228.4 0.165217 0.352987
228.8 0.13145 0.358455
229.2 0.0992585 0.360503
229.6 0.0695878 0.359158
230 0.043223 0.354581
230.4 0.0207484 0.347039
230.8 0.00252343 0.336878
231.2 -0.0113246 0.324491
231.6 -0.020893 0.310291
232 -0.0264809 0.29469
232.4 -0.0285554 0.278078
232.8 -0.0277086 0.260815
233.2 -0.0246099 0.243218
233.6 -0.0199571 0.225565
234 -0.01443 0.208086
234.4 -0.00864989 0.190976
234.8 -0.00314681 0.174389
235.2 0.00166273 0.15845
235.6 0.00548793 0.143252
236 0.00816539 0.128867
236.4 0.00965132 0.115343
236.8 0.0100061 0.102709
237.2 0.00937285 0.0909763
237.6 0.00795341 0.0801421
238 0.00598237 0.0701904
238.4 0.00370304 0.0610949
238.8 0.00134603 0.0528224
239.2 -0.000887652 0.0453352
239.6 -0.00283851 0.0385945
240 -0.00439498 0.0325629
240.4 -0.00549473 0.0272065
240.8 -0.00612156 0.0224958
241.2 -0.0062987 0.0184062
241.6 -0.00607984 0.0149165
242 -0.00553901 0.0120076
242.4 -0.00476043 0.00965926
242.8 -0.00382935 0.00784777
243.2 -0.00282447 0.00654292
243.6 -0.00181257 0.00570589
244 -0.00084534 0.00528791
244.4 4.16161e-05 0.00523014
244.8 0.000827916 0.00546485
245.2 0.00150613 0.00591777
245.6 0.00207862 0.00651154
246 0.00255409 0.00716979
246.4 0.00294421 0.00782149
246.8 0.00326083 0.00840515
247.2 0.00351391 0.00887227
247.6 0.0037104 0.00918985
248 0.00385397 0.00934153
248.4 0.0039455 0.00932743
248.8 0.00398407 0.00916255
249.2 0.00396833 0.00887409
249.6 0.00389779 0.00849784
250 0.00377405 0.00807419
250.4 0.00360159 0.00764403
250.8 0.00338809 0.00724504
251.2 0.00314434 0.00690861
251.6 0.0028836 0.00665768
252 0.00262069 0.00650569
252.4 0.00237082 0.0064564
252.8 0.00214841 0.00650471
253.2 0.00196597 0.00663821
253.6 0.00183317 0.00683908
254 0.00175633 0.00708626
254.4 0.00173812 0.00735749
254.8 0.00177776 0.00763105
255.2 0.00187138 0.00788719
255.6 0.00201274 0.00810895
256 0.00219397 0.0082826
256.4 0.00240646 0.00839767
256.8 0.00264156 0.00844673
257.2 0.00289123 0.00842499
257.6 0.00314841 0.00832997
258 0.00340725 0.00816122
258.4 0.00366309 0.00792021
258.8 0.00391223 0.00761035
259.2 0.00415163 0.0072372
259.6 0.00437853 0.00680864
260 0.00459006 0.00633507
260.4 0.00478297 0.0058294
260.8 0.00495339 0.00530682
261.2 0.00509681 0.00478431
261.6 0.0052082 0.00427981
262 0.00528221 0.00381122
262.4 0.00531359 0.00339517
262.8 0.00529762 0.00304575
263.2 0.00523056 0.00277342
263.6 0.00511015 0.00258411
264 0.00493597 0.00247862
264.4 0.00470975 0.00245255
264.8 0.00443554 0.00249668
265.2 0.00411973 0.00259773
265.6 0.0037709 0.0027396
266 0.00339958 0.00290477
266.4 0.00301784 0.00307588
266.8 0.00263874 0.00323721
267.2 0.00227579 0.00337596
267.6 0.00194231 0.00348326
268 0.00165076 0.00355465
268.4 0.00141213 0.00359018
268.8 0.00123536 0.00359398
269.2 0.00112683 0.00357354
269.6 0.00108998 0.0035386
270 0.00112504 0.00349992
270.4 0.00122894 0.00346801
270.8 0.00139536 0.00345197
271.2 0.00161494 0.00345858
271.6 0.00187571 0.00349165
272 0.00216359 0.00355176
272.4 0.00246311 0.00363635
272.8 0.00275817 0.00374008
273.2 0.00303292 0.00385554
273.6 0.00327253 0.00397401
274 0.0034641 0.00408637
274.4 0.00359731 0.00418397
274.8 0.00366504 0.00425931
275.2 0.00366373 0.00430666
275.6 0.00359361 0.00432235
276 0.00345861 0.00430493
276.4 0.00326611 0.00425503
276.8 0.00302644 0.00417515
277.2 0.00275223 0.00406918
277.6 0.00245756 0.00394202
278 0.00215711 0.00379903
278.4 0.00186524 0.00364563
278.8 0.00159509 0.00348693
279.2 0.00135788 0.00332745
279.6 0.00116223 0.00317099
280 0.00101378 0.00302061
280.4 0.000914982 0.00287863
280.8 0.000865108 0.00274682
281.2 0.000860497 0.00262657
281.6 0.000894975 0.00251903
282 0.000960439 0.00242535
282.4 0.00104754 0.00234677
282.8 0.00114642 0.00228476
283.2 0.00124746 0.00224099
283.6 0.00134193 0.0022173
284 0.00142261 0.0022156
284.4 0.00148418 0.00223767
284.8 0.00152352 0.00228492
285.2 0.00153979 0.00235819
285.6 0.00153432 0.00245743
286 0.0015104 0.00258152
286.4 0.00147282 0.00272805
286.8 0.00142741 0.00289321
287.2 0.00138045 0.00307175
287.6 0.00133812 0.00325712
288 0.00130587 0.00344163
288.4 0.00128799 0.00361678
288.8 0.0012872 0.0037737
289.2 0.0013044 0.00390366
289.6 0.00133857 0.00399861
290 0.00138683 0.00405176
290.4 0.00144467 0.00405805
290.8 0.00150627 0.00401462
291.2 0.00156498 0.00392105
291.6 0.00161381 0.0037795
292 0.00164602 0.0035946
292.4 0.0016556 0.00337322
292.8 0.0016378 0.00312395
293.2 0.00158947 0.00285656
293.6 0.00150931 0.00258126
294 0.00139798 0.00230798
294.4 0.00125808 0.00204565
294.8 0.00109389 0.0018016
295.2 0.000911094 0.00158109
295.6 0.000716375 0.00138707
296 0.000516892 0.00122008
296.4 0.000319808 0.00107849
296.8 0.000131809 0.000958819
297.2 -4.13069e-05 0.00085631
297.6 -0.000194946 0.000765552
298 -0.00032591 0.000681152
298.4 -0.000432462 0.000598373
298.8 -0.00051426 0.000513672
299.2 -0.000572171 0.000425074
299.6 -0.000607999 0.00033236
300 -0.000624148 0.000237047
300.4 -0.000623264 0.000142163
300.8 -0.000607894 5.18464e-05
301.2 -0.000580199 -2.91728e-05
301.6 -0.00054174 -9.61737e-05
302 -0.00049337 -0.000145042
302.4 -0.000435234 -0.000172813
302.8 -0.000366872 -0.000178096
303.2 -0.000287411 -0.000161349
303.6 -0.000195827 -0.000124962
304 -9.12381e-05 -7.3158e-05
304.4 2.68044e-05 -1.17072e-05
304.8 0.000158056 5.24986e-05
305.2 0.000301388 0.000111986
305.6 0.000454692 0.000159296
306 0.000614882 0.000187582
306.4 0.000778015 0.000191165
306.8 0.000939507 0.000165993
307.2 0.00109444 0.000109981
307.6 0.00123791 2.31947e-05
308 0.00136544 -9.2116e-05
308.4 0.00147333 -0.000231643
308.8 0.00155899 -0.000389282
309.2 0.00162119 -0.000557516
309.6 0.00166022 -0.000727883
310 0.00167789 -0.000891498
310.4 0.00167745 -0.0010396
310.8 0.00166336 -0.00116408
311.2 0.00164098 -0.00125798
311.6 0.00161617 -0.00131591
312 0.00159483 -0.00133435
312.4 0.00158248 -0.00131192
312.8 0.00158379 -0.00124944
313.2 0.00160223 -0.00114991
313.6 0.00163979 -0.00101837
314 0.00169681 -0.000861602
314.4 0.00177193 -0.000687773
314.8 0.00186216 -0.000505946
315.2 0.0019631 -0.000325561
315.6 0.00206925 -0.000155869
316 0.00217435 -5.38398e-06
316.4 0.00227186 0.000118641
316.8 0.00235536 0.000210643
317.2 0.00241906 0.000267082
317.6 0.00245808 0.000286633
318 0.00246884 0.00027023
318.4 0.00244926 0.000220953
318.8 0.00239884 0.000143767
319.2 0.00231864 4.51323e-05
319.6 0.00221124 -6.74854e-05
320 0.00208045 -0.000186164
320.4 0.00193107 -0.000303089
320.8 0.00176852 -0.000411093
321.2 0.00159851 -0.000504113
321.6 0.00142668 -0.00057755
322 0.00125826 -0.000628486
322.4 0.00109779 -0.000655761
322.8 0.000948961 -0.000659899
323.2 0.000814442 -0.000642906
323.6 0.000695877 -0.000607965
324 0.000593924 -0.000559053
324.4 0.000508366 -0.000500539
324.8 0.000438286 -0.000436786
325.2 0.000382271 -0.000371807
325.6 0.000338633 -0.000308996
326 0.000305621 -0.000250963
326.4 0.000281604 -0.000199472
326.8 0.000265223 -0.000155481
327.2 0.000255475 -0.000119278
327.6 0.000251755 -9.06667e-05
328 0.000253832 -6.91961e-05
328.4 0.00026178 -5.43818e-05
328.8 0.00027587 -4.59e-05
329.2 0.000296437 -4.37237e-05
329.6 0.000323738 -4.81848e-05
330 0.000357815 -5.99551e-05
330.4 0.000398385 -7.99489e-05
330.8 0.000444755 -0.000109161
331.2 0.000495787 -0.00014846
331.6 0.000549894 -0.00019837
332 0.000605096 -0.000258855
332.4 0.000659097 -0.000329159
332.8 0.000709409 -0.000407698
333.2 0.000753482 -0.000492044
333.6 0.000788855 -0.000578997
334 0.000813293 -0.000664738
334.4 0.00082492 -0.000745074
334.8 0.000822327 -0.000815722
335.2 0.000804646 -0.000872637
335.6 0.000771601 -0.00091233
336 0.00072352 -0.000932159
336.4 0.000661317 -0.000930561
336.8 0.000586439 -0.000907198
337.2 0.000500797 -0.000863011
337.6 0.000406671 -0.000800165
338 0.000306601 -0.000721898
338.4 0.000203268 -0.000632285
338.8 9.93759e-05 -0.000535931
339.2 -2.47394e-06 -0.000437633
339.6 -9.98933e-05 -0.000342026
340 -0.000190814 -0.000253255
340.4 -0.00027358 -0.000174692
340.8 -0.000347013 -0.000108731
341.2 -0.000410468 -5.66651e-05
341.6 -0.000463846 -1.86613e-05
342 -0.000507589 6.17164e-06
342.4 -0.000542637 1.96293e-05
342.8 -0.000570349 2.41916e-05
343.2 -0.000592397 2.27565e-05
343.6 -0.000610634 1.83525e-05
344 -0.000626935 1.38576e-05
344.4 -0.000643033 1.17465e-05
344.8 -0.000660353 1.38867e-05
345.2 -0.000679858 2.13995e-05
345.6 -0.000701926 3.45912e-05
346 -0.000726259 5.29569e-05
346.4 -0.000751849 7.52507e-05
346.8 -0.000776996 9.96117e-05
347.2 -0.000799386 0.000123729
347.6 -0.00081623 0.000145029
348 -0.000824456 0.000160871
348.4 -0.000820931 0.000168722
348.8 -0.000802715 0.000166323
349.2 -0.000767316 0.000151803
349.6 -0.000712925 0.000123771
350 -0.00063862 8.13642e-05
350.4 -0.000544502 2.42606e-05
350.8 -0.00043178 -4.73301e-05
351.2 -0.000302754 -0.000132697
351.6 -0.000160736 -0.000230666
352 -9.88583e-06 -0.000339646
352.4 0.000145021 -0.000457664
352.8 0.000298868 -0.000582404
353.2 0.000446503 -0.000711245
353.6 0.000583046 -0.000841286
354 0.000704172 -0.000969393
354.4 0.000806358 -0.00109225
354.8 0.000887058 -0.00120643
355.2 0.000944805 -0.00130848
355.6 0.000979233 -0.00139504
356 0.000991013 -0.00146299
356.4 0.000981716 -0.00150956
356.8 0.000953622 -0.00153253
357.2 0.000909481 -0.00153037
357.6 0.000852263 -0.00150235
358 0.000784917 -0.00144865
358.4 0.000710148 -0.00137043
358.8 0.000630258 -0.00126984
359.2 0.000547034 -0.00114996
359.6 0.000461717 -0.00101468
360 0.00037503 -0.000868587
360.4 0.000287278 -0.00071675
360.8 0.000198491 -0.000564477
361.2 0.000108603 -0.000417085
361.6 1.76396e-05 -0.000279646
362 -7.41025e-05 -0.000156758
362.4 -0.00016591 -5.23317e-05
362.8 -0.000256551 3.0574e-05
363.2 -0.000344243 8.98798e-05
363.6 -0.000426677 0.000124558
364 -0.000501118 0.000134656
364.4 -0.000564562 0.000121271
364.8 -0.000613935 8.64757e-05
365.2 -0.000646337 3.32059e-05
365.6 -0.000659276 -3.48831e-05
366 -0.000650901 -0.000113591
366.4 -0.000620198 -0.000198367
366.8 -0.000567135 -0.000284511
367.2 -0.000492741 -0.000367393
367.6 -0.000399109 -0.000442659
368 -0.000289325 -0.00050644
368.4 -0.000167332 -0.000555537
368.8 -3.77227e-05 -0.000587582
369.2 9.45049e-05 -0.000601168
369.6 0.00022422 -0.000595932
370 0.000346441 -0.000572586
370.4 0.000456599 -0.000532888
370.8 0.000550773 -0.000479555
371.2 0.000625874 -0.000416109
371.6 0.000679772 -0.000346667
372 0.000711358 -0.000275687
372.4 0.00072054 -0.000207676
372.8 0.000708181 -0.000146884
373.2 0.00067598 -9.70169e-05
373.6 0.000626315 -6.09617e-05
374 0.000562063 -4.05804e-05
374.4 0.000486405 -3.65678e-05
374.8 0.000402636 -4.83971e-05
375.2 0.000313992 -7.436e-05
375.6 0.0002235 -0.000111699
376 0.000133867 -0.000156827
376.4 4.73986e-05 -0.000205611
376.8 -3.40407e-05 -0.000253708
377.2 -0.000109037 -0.000296914
377.6 -0.000176608 -0.000331507
378 -0.00023616 -0.000354545
378.4 -0.000287435 -0.000364103
378.8 -0.000330448 -0.000359419
379.2 -0.000365433 -0.000340942
379.6 -0.000392779 -0.00031028
380 -0.000412995 -0.000270045
380.4 -0.000426667 -0.000223622
380.8 -0.000434441 -0.000174867
381.2 -0.000437004 -0.000127779
381.6 -0.000435077 -8.61584e-05
382 -0.000429408 -5.32963e-05
382.4 -0.000420768 -3.17092e-05
382.8 -0.000409938 -2.29477e-05
383.2 -0.000397698 -2.74917e-05
383.6 -0.000384804 -4.47381e-05
384 -0.000371963 -7.30789e-05
384.4 -0.000359801 -0.000110061
384.8 -0.000348835 -0.000152607
385.2 -0.000339439 -0.000197284
385.6 -0.000331823 -0.000240581
386 -0.000326014 -0.000279188
386.4 -0.000321854 -0.000310239
386.8 -0.00031901 -0.000331508
387.2 -0.000316993 -0.000341543
387.6 -0.000315197 -0.000339726
388 -0.000312947 -0.000326266
388.4 -0.000309555 -0.000302124
388.8 -0.000304378 -0.000268885
389.2 -0.000296884 -0.000228587
389.6 -0.000286697 -0.00018353
390 -0.000273651 -0.000136081
390.4 -0.00025781 -8.84879e-05
390.8 -0.000239486 -4.27261e-05
391.2 -0.000219227 -3.78187e-07
391.6 -0.000197791 3.74381e-05
392 -0.000176098 7.00949e-05
392.4 -0.00015517 9.74349e-05
392.8 -0.000136054 0.000119711
393.2 -0.000119746 0.000137497
393.6 -0.000107108 0.000151581
394 -9.88001e-05 0.000162846
394.4 -9.52137e-05 0.000172161
394.8 -9.64317e-05 0.000180284
395.2 -0.000102206 0.000187788
395.6 -0.000111959 0.000195013
396 -0.000124809 0.000202053
396.4 -0.000139622 0.000208768
396.8 -0.000155081 0.000214822
397.2 -0.000169765 0.00021974
397.6 -0.000182252 0.000222983
398 -0.000191206 0.000224018
398.4 -0.000195472 0.000222392
398.8 -0.000194156 0.000217793
399.2 -0.000186682 0.000210091
399.6 -0.000172832 0.000199362
400 -0.000152759 0.000185894
