0.8 72.1789 68.8755 70.3521
1.6 113.421 110.466 111.999
2.4 184.325 181.857 183.515
3.2 287.003 285.047 286.935
4 422.507 420.971 423.234
4.8 589.66 588.363 591.167
5.6 784.347 783.068 786.574
6.4 999.486 998.024 1002.35
7.2 1225.72 1223.95 1229.13
8 1452.63 1450.53 1456.48
8.8 1670.2 1667.86 1674.36
9.6 1870.12 1867.75 1874.46
10.4 2046.73 2044.57 2051.06
11.2 2197.31 2195.62 2201.45
12 2321.92 2320.9 2325.66
12.8 2422.7 2422.49 2425.89
13.6 2503.09 2503.7 2505.63
14.4 2566.95 2568.28 2568.84
15.2 2617.91 2619.8 2619.23
16 2659 2661.22 2659.94
16.8 2692.49 2694.81 2693.26
17.6 2719.94 2722.13 2720.76
18.4 2742.3 2744.17 2743.35
19.2 2760.1 2761.5 2761.51
20 2773.56 2774.41 2775.39
20.8 2782.75 2782.98 2785
21.6 2787.6 2787.18 2790.23
22.4 2788.07 2786.97 2791.02
23.2 2784.15 2782.36 2787.37
24 2775.99 2773.48 2779.47
24.8 2763.94 2760.71 2767.65
25.6 2748.54 2744.61 2752.5
26.4 2730.54 2725.97 2734.76
27.2 2710.83 2705.71 2715.3
28 2690.34 2684.81 2695.06
28.8 2669.98 2664.23 2674.93
29.6 2650.57 2644.83 2655.73
30.4 2632.79 2627.29 2638.13
31.2 2617.18 2612.14 2622.66
32 2604.11 2599.72 2609.69
32.8 2593.82 2590.18 2599.41
33.6 2586.4 2583.55 2591.89
34.4 2581.82 2579.71 2587.08
35.2 2579.97 2578.45 2584.84
36 2580.67 2579.53 2584.97
36.8 2583.68 2582.69 2587.28
37.6 2588.8 2587.73 2591.6
38.4 2595.86 2594.54 2597.85
39.2 2604.76 2603.12 2606.02
40 2615.46 2613.54 2616.16
40.8 2627.96 2625.94 2628.37
41.6 2642.27 2640.44 2642.7
42.4 2658.35 2657.06 2659.14
43.2 2676.1 2675.68 2677.54
44 2695.33 2696.06 2697.63
44.8 2715.77 2717.79 2719.02
45.6 2737.12 2740.41 2741.27
46.4 2759.06 2763.5 2763.96
47.2 2781.36 2786.71 2786.76
48 2803.87 2809.84 2809.47
48.8 2826.54 2832.88 2832.06
49.6 2849.43 2855.94 2854.65
50.4 2872.64 2879.23 2877.44
51.2 2896.3 2902.95 2900.66
52 2920.48 2927.24 2924.52
52.8 2945.2 2952.13 2949.15
53.6 2970.42 2977.55 2974.55
54.4 2996.06 3003.38 3000.68
55.2 3022 3029.46 3027.4
56 3048.19 3055.68 3054.58
56.8 3074.64 3082.02 3082.13
57.6 3101.44 3108.58 3110.03
58.4 3128.78 3135.54 3138.34
59.2 3156.9 3163.16 3167.2
60 3186.07 3191.7 3196.77
60.8 3216.52 3221.39 3227.26
61.6 3248.38 3252.4 3258.8
62.4 3281.69 3284.76 3291.49
63.2 3316.37 3318.47 3325.32
64 3352.24 3353.38 3360.21
64.8 3389.02 3389.31 3395.98
65.6 3426.4 3426.04 3432.44
66.4 3464.08 3463.31 3469.34
67.2 3501.76 3500.88 3506.44
68 3539.17 3538.47 3543.48
68.8 3576.05 3575.81 3580.21
69.6 3612.15 3612.57 3616.31
70.4 3647.16 3648.39 3651.41
71.2 3680.7 3682.77 3685.04
72 3712.26 3715.12 3716.57
72.8 3741.2 3744.71 3745.29
73.6 3766.74 3770.67 3770.33
74.4 3787.97 3792.04 3790.77
75.2 3803.9 3807.82 3805.65
76 3813.52 3816.98 3813.98
76.8 3815.78 3818.52 3814.82
77.6 3809.66 3811.47 3807.24
78.4 3794.13 3794.88 3790.31
79.2 3768.17 3767.73 3763.04
80 3730.69 3728.97 3724.38
80.8 3680.58 3677.45 3673.2
81.6 3616.76 3612.06 3608.4
82.4 3538.3 3531.82 3529.01
83.2 3444.62 3436.17 3434.48
84 3335.76 3325.21 3324.85
84.8 3212.56 3199.92 3201.04
85.6 3076.88 3062.34 3064.97
86.4 2931.53 2915.53 2919.51
87.2 2780.18 2763.33 2768.34
88 2626.96 2610.03 2615.61
88.8 2476.08 2459.85 2465.46
89.6 2331.27 2316.46 2321.54
90.4 2195.41 2182.55 2186.67
91.2 2070.25 2059.63 2062.52
92 1956.36 1948.02 1949.63
92.8 1853.3 1847.05 1847.56
93.6 1759.97 1755.44 1755.18
94.4 1675.01 1671.76 1671.15
95.2 1597.18 1594.76 1594.2
96 1525.66 1523.7 1523.5
96.8 1460.2 1458.41 1458.72
97.6 1400.98 1399.23 1400.01
98.4 1348.52 1346.75 1347.86
99.2 1303.33 1301.6 1302.77
100 1265.72 1264.09 1265.08
100.8 1235.53 1234.09 1234.66
101.6 1212.12 1210.92 1210.92
102.4 1194.36 1193.42 1192.77
103.2 1180.88 1180.15 1178.84
104 1170.27 1169.67 1167.72
104.8 1161.35 1160.82 1158.25
105.6 1153.44 1152.91 1149.72
106.4 1146.4 1145.87 1142.06
107.2 1140.67 1140.18 1135.76
108 1137.06 1136.7 1131.69
108.8 1136.47 1136.4 1130.83
109.6 1139.58 1139.96 1133.88
110.4 1146.54 1147.51 1140.99
111.2 1156.77 1158.45 1151.54
112 1168.99 1171.41 1164.17
112.8 1181.31 1184.43 1176.92
113.6 1191.57 1195.27 1187.57
114.4 1197.73 1201.83 1194.05
115.2 1198.22 1202.5 1194.8
116 1192.23 1196.45 1189.04
116.8 1179.86 1183.79 1176.88
117.6 1162.01 1165.45 1159.27
118.4 1140.22 1143.05 1137.74
119.2 1116.33 1118.49 1114.12
120 1092.16 1093.66 1090.22
120.8 1069.22 1070.13 1067.51
121.6 1048.55 1049 1047.02
122.4 1030.68 1030.8 1029.29
123.2 1015.67 1015.62 1014.41
124 1003.34 1003.24 1002.19
124.8 993.363 993.309 992.326
125.6 985.429 985.495 984.523
126.4 979.317 979.547 978.543
127.2 974.885 975.3 974.225
128 972.021 972.623 971.427
128.8 970.585 971.357 969.985
129.6 970.386 971.29 969.69
130.4 971.198 972.174 970.315
131.2 972.826 973.793 971.677
132 975.164 976.03 973.707
132.8 978.231 978.896 976.467
133.6 982.125 982.5 980.112
134.4 986.943 986.951 984.788
135.2 992.686 992.265 990.532
136 999.247 998.342 997.252
136.8 1006.54 1005.1 1004.86
137.6 1014.84 1012.8 1013.59
138.4 1025.16 1022.49 1024.47
139.2 1039.76 1036.45 1039.72
140 1062.39 1058.5 1063.12
140.8 1098.17 1093.87 1099.83
141.6 1153.09 1148.65 1155.85
142.4 1233 1228.79 1237.07
143.2 1342.38 1338.83 1347.94
144 1483.12 1480.61 1490.22
144.8 1653.59 1652.36 1662.14
145.6 1848.33 1848.43 1858.01
146.4 2058.43 2059.65 2068.73
147.2 2272.6 2274.48 2282.82
148 2478.64 2480.52 2487.99
148.8 2665.02 2666.18 2672.71
149.6 2822.27 2822.04 2827.63
150.4 2943.86 2941.72 2946.36
151.2 3026.45 3022.15 3025.73
152 3069.6 3063.19 3065.52
152.8 3075.11 3066.92 3067.67
153.6 3046.1 3036.69 3035.44
154.4 2986.18 2976.27 2972.59
155.2 2898.86 2889.22 2882.76
156 2787.16 2778.53 2769.14
156.8 2653.56 2646.55 2634.34
157.6 2500.14 2495.2 2480.57
158.4 2328.89 2326.24 2309.86
159.2 2142.07 2141.69 2124.4
160 1942.54 1944.18 1926.87
160.8 1734.02 1737.24 1720.71
161.6 1521.16 1525.42 1510.25
162.4 1309.44 1314.17 1300.67
163.2 1104.82 1109.53 1097.74
164 913.269 917.589 907.335
164.8 740.077 743.852 734.829
165.6 589.299 592.565 584.453
166.4 463.282 466.228 458.784
167.2 362.461 365.368 358.466
168 285.476 288.63 282.257
168.8 229.566 233.18 227.386
169.6 191.153 195.32 190.147
170.4 166.48 171.148 166.575
171.2 152.155 157.15 153.063
172 145.512 150.576 146.789
172.8 144.733 149.579 145.897
173.6 148.779 153.137 149.431
174.4 157.181 160.832 157.104
175.2 169.802 172.586 168.994
176 186.638 188.436 185.268
176.8 207.695 208.411 206.002
177.6 232.963 232.499 231.135
178.4 262.453 260.703 260.526
179.2 296.255 293.138 294.086
180 334.61 330.12 331.929
180.8 377.952 372.235 374.482
181.6 426.92 420.344 422.536
182.4 482.347 475.546 477.209
183.2 545.211 539.066 539.832
184 616.548 612.107 611.765
184.8 697.326 695.655 694.179
185.6 788.283 790.286 787.84
186.4 889.749 895.991 892.92
187.2 1001.49 1012.07 1008.88
188 1122.58 1137.11 1134.45
188.8 1251.46 1269.09 1267.67
189.6 1385.94 1405.54 1406.06
190.4 1523.47 1543.8 1546.85
191.2 1661.32 1681.23 1687.13
192 1796.87 1815.43 1824.16
192.8 1927.77 1944.33 1955.43
193.6 2052.01 2066.15 2078.81
194.4 2167.89 2179.39 2192.49
195.2 2273.92 2282.65 2294.96
196 2368.65 2374.54 2384.88
196.8 2450.5 2453.5 2460.98
197.6 2517.7 2517.84 2521.9
198.4 2568.27 2565.72 2566.22
199.2 2600.18 2595.27 2592.43
200 2611.5 2604.76 2599.07
200.8 2600.79 2592.87 2584.98
201.6 2567.37 2559.01 2549.58
202.4 2511.71 2503.55 2493.22
203.2 2435.63 2428.22 2417.49
204 2342.5 2336.19 2325.47
204.8 2237.17 2232.13 2221.7
205.6 2125.7 2122.03 2112.05
206.4 2014.97 2012.7 2003.26
207.2 1911.98 1911.19 1902.31
208 1823.22 1823.99 1815.66
208.8 1753.9 1756.34 1748.53
209.6 1707.42 1711.59 1704.32
210.4 1685.05 1690.87 1684.19
211.2 1685.89 1693.12 1687.12
212 1707.16 1715.37 1710.18
212.8 1744.69 1753.34 1749.05
213.6 1793.6 1802.07 1798.74
214.4 1848.94 1856.65 1854.26
215.2 1906.24 1912.73 1911.19
216 1961.86 1966.85 1965.98
216.8 2013.1 2016.49 2016.1
217.6 2058.15 2060.04 2059.9
218.4 2095.91 2096.47 2096.39
219.2 2125.66 2125.15 2124.95
220 2146.9 2145.52 2145.05
220.8 2159.16 2157.05 2156.17
221.6 2161.93 2159.1 2157.7
222.4 2154.63 2151.03 2149.03
223.2 2136.73 2132.23 2129.62
224 2107.72 2102.21 2099.08
224.8 2067.24 2060.68 2057.23
225.6 2015.05 2007.53 2004.1
226.4 1951.09 1942.87 1939.87
227.2 1875.48 1866.96 1864.84
228 1788.56 1780.24 1779.39
228.8 1690.97 1683.36 1684.04
229.6 1583.67 1577.21 1579.48
230.4 1468.04 1463.02 1466.72
231.2 1345.87 1342.41 1347.21
232 1219.37 1217.43 1222.83
232.8 1091.06 1090.49 1095.98
233.6 963.663 964.253 969.37
234.4 839.915 841.492 845.892
235.2 722.392 724.833 728.348
236 613.33 616.557 619.194
236.8 514.472 518.422 520.331
237.6 426.974 431.545 432.958
238.4 351.361 356.371 357.537
239.2 287.542 292.719 293.847
240 234.888 239.893 241.112
240.8 192.345 196.832 198.182
241.6 158.582 162.263 163.707
242.4 132.14 134.845 136.3
243.2 111.58 113.284 114.656
244 95.5853 96.4066 97.6169
244.8 83.0459 83.1984 84.2054
245.6 73.0811 72.8187 73.6179
246.4 65.0344 64.592 65.2084
247.2 58.4383 57.9904 58.4639
248 52.9667 52.6113 52.9823
248.8 48.388 48.1545 48.4543
249.6 44.5289 44.4008 44.6481
250.4 41.2506 41.1928 41.3961
251.2 38.4392 38.4189 38.5813
252 36.0022 35.9991 36.1235
252.8 33.8686 33.8751 33.967
253.6 31.9867 32.0022 32.0697
254.4 30.3203 30.3442 30.3965
255.2 28.8425 28.8707 28.9156
256 27.5297 27.5555 27.5978
256.8 26.3593 26.3761 26.4174
257.6 25.3086 25.313 25.3528
258.4 24.3569 24.3501 24.3872
259.2 23.4873 23.4741 23.5078
260 22.6882 22.674 22.7048
260.8 21.9524 21.9408 21.9699
261.6 21.2754 21.267 21.2955
262.4 20.653 20.6458 20.6744
263.2 20.0801 20.0713 20.0997
264 19.5501 19.5381 19.5653
264.8 19.0564 19.0411 19.0659
265.6 18.5929 18.576 18.5977
266.4 18.1554 18.1389 18.1574
267.2 17.7415 17.7268 17.7426
268 17.35 17.3371 17.3511
268.8 16.9795 16.9674 16.9805
269.6 16.6284 16.616 16.6287
270.4 16.2939 16.2811 16.2937
271.2 15.9734 15.961 15.9736
272 15.6648 15.6542 15.6666
272.8 15.3667 15.3594 15.3714
273.6 15.0789 15.0754 15.0868
274.4 14.8016 14.8008 14.8116
275.2 14.5344 14.5347 14.5448
276 14.2767 14.2759 14.2854
276.8 14.0269 14.0236 14.0325
277.6 13.7833 13.7769 13.7855
278.4 13.5443 13.5351 13.5436
279.2 13.309 13.2978 13.3063
280 13.077 13.0644 13.073
280.8 12.8482 12.8346 12.8432
281.6 12.6227 12.6079 12.6163
282.4 12.4002 12.3838 12.392
283.2 12.1802 12.162 12.17
284 11.9623 11.9424 11.9504
284.8 11.7466 11.7254 11.7338
285.6 11.5335 11.5117 11.5208
286.4 11.3242 11.3023 11.3125
287.2 11.12 11.0985 11.1099
288 10.9222 10.9013 10.9139
288.8 10.7319 10.712 10.7257
289.6 10.55 10.5316 10.546
290.4 10.3772 10.3611 10.3756
291.2 10.2146 10.2015 10.2153
292 10.0633 10.0534 10.0658
292.8 9.92433 9.91761 9.92757
293.6 9.79846 9.79438 9.80085
294.4 9.68583 9.6836 9.68571
295.2 9.58584 9.58463 9.58188
296 9.49727 9.49639 9.48879
296.8 9.41851 9.41748 9.4056
297.6 9.34786 9.34634 9.33124
298.4 9.28371 9.28139 9.26441
299.2 9.22458 9.22114 9.20364
300 9.16911 9.16422 9.14731
300.8 9.11587 9.10933 9.09375
301.6 9.06338 9.05523 9.04128
302.4 9.01009 9.00071 8.98826
303.2 8.95453 8.94453 8.93322
304 8.89539 8.88543 8.87478
304.8 8.83151 8.82213 8.81166
305.6 8.76186 8.75338 8.74268
306.4 8.68549 8.67799 8.6667
307.2 8.60148 8.5949 8.58277
308 8.50907 8.50335 8.49017
308.8 8.40782 8.40297 8.38858
309.6 8.2978 8.29389 8.27819
310.4 8.17973 8.17677 8.15976
311.2 8.05491 8.05275 8.03456
312 7.92505 7.92334 7.90426
312.8 7.792 7.79029 7.77072
313.6 7.65757 7.65541 7.63586
314.4 7.52337 7.5205 7.5015
315.2 7.39081 7.38725 7.3693
316 7.2612 7.25723 7.2407
316.8 7.1358 7.1318 7.11697
317.6 7.01583 7.01216 6.99913
318.4 6.90242 6.89923 6.88801
319.2 6.79647 6.7937 6.78423
320 6.69856 6.69599 6.6882
320.8 6.60901 6.60636 6.60017
321.6 6.52787 6.52495 6.52028
322.4 6.45514 6.45186 6.4486
323.2 6.39081 6.38719 6.3852
324 6.33492 6.33106 6.33011
324.8 6.28755 6.28354 6.2833
325.6 6.24873 6.24466 6.2447
326.4 6.21838 6.21432 6.21418
327.2 6.19634 6.19238 6.19156
328 6.18238 6.17869 6.17666
328.8 6.17634 6.17311 6.1694
329.6 6.17812 6.17562 6.16979
330.4 6.18777 6.1863 6.17797
331.2 6.2054 6.2053 6.19421
332 6.23118 6.23285 6.21884
332.8 6.26528 6.26919 6.25228
333.6 6.3079 6.31456 6.29494
334.4 6.35926 6.36918 6.34723
335.2 6.41968 6.43325 6.40947
336 6.48951 6.50689 6.48192
336.8 6.56903 6.5901 6.56461
337.6 6.65832 6.68273 6.65733
338.4 6.75717 6.78435 6.75957
339.2 6.86491 6.89427 6.87046
340 6.98048 7.01149 6.98879
340.8 7.1024 7.13473 7.11305
341.6 7.22891 7.26238 7.24143
342.4 7.35797 7.39254 7.37187
343.2 7.48731 7.52294 7.50207
344 7.6144 7.65098 7.62946
344.8 7.73641 7.77367 7.7512
345.6 7.85024 7.88768 7.8642
346.4 7.95254 7.98946 7.9652
347.2 8.03982 8.07534 8.0508
348 8.10857 8.14171 8.11761
348.8 8.15541 8.1852 8.16239
349.6 8.17728 8.20289 8.1822
350.4 8.17156 8.19242 8.1746
351.2 8.13631 8.15221 8.13779
352 8.0704 8.08156 8.0708
352.8 7.97374 7.98074 7.97363
353.6 7.84731 7.85101 7.84729
354.4 7.69325 7.69462 7.69378
355.2 7.51469 7.51465 7.51607
356 7.31558 7.31486 7.31784
356.8 7.10038 7.09951 7.10336
357.6 6.87383 6.8731 6.87718
358.4 6.64064 6.64022 6.64399
359.2 6.40534 6.40532 6.40834
360 6.17217 6.17262 6.17457
360.8 5.94492 5.94594 5.94658
361.6 5.72688 5.72859 5.72775
362.4 5.52075 5.52324 5.52086
363.2 5.32851 5.33189 5.32798
364 5.15145 5.15584 5.15047
364.8 4.99015 4.99565 4.98897
365.6 4.84455 4.85128 4.84349
366.4 4.71404 4.72208 4.71341
367.2 4.59758 4.60694 4.59765
368 4.49371 4.50433 4.49469
368.8 4.4007 4.41239 4.40267
369.6 4.31652 4.32897 4.31949
370.4 4.23894 4.25178 4.24286
371.2 4.16566 4.17844 4.17044
372 4.09434 4.10663 4.09994
372.8 4.02282 4.03419 4.02916
373.6 3.94914 3.9592 3.95616
374.4 3.87165 3.88005 3.87923
375.2 3.78903 3.7955 3.79699
376 3.70026 3.70463 3.70835
376.8 3.60467 3.60689 3.61262
377.6 3.50189 3.50206 3.50943
378.4 3.39195 3.39028 3.39883
379.2 3.27523 3.27205 3.28124
380 3.15243 3.14813 3.15743
380.8 3.02459 3.01956 3.02851
381.6 2.89293 2.88755 2.89576
382.4 2.75881 2.75345 2.76063
383.2 2.62361 2.61861 2.6246
384 2.48872 2.4844 2.48914
384.8 2.35548 2.35213 2.35565
385.6 2.22519 2.22307 2.22543
386.4 2.09907 2.09834 2.09966
387.2 1.97824 1.97898 1.97938
388 1.86366 1.86583 1.86543
388.8 1.75611 1.75957 1.7585
389.6 1.65611 1.66067 1.65902
390.4 1.56399 1.56939 1.56727
391.2 1.47984 1.48581 1.48331
392 1.40355 1.40987 1.40705
392.8 1.33489 1.34134 1.33826
393.6 1.27349 1.27989 1.27659
394.4 1.21889 1.22508 1.22162
395.2 1.17053 1.17639 1.17283
396 1.12783 1.13328 1.12967
396.8 1.09019 1.09515 1.09157
397.6 1.05704 1.06145 1.05798
398.4 1.02786 1.03165 1.02838
399.2 1.0022 1.00527 1.00229
400 0.979614 0.981897 0.979252
