-0.998 10.6047 16.9754
-0.996 11.1478 16.6308
-0.994 10.8619 15.9684
-0.992 9.68158 15.1705
-0.99 7.64111 14.396
-0.988 4.88349 13.7494
-0.986 1.65354 13.2636
-0.984 -1.72571 12.8976
-0.982 -4.89184 12.5495
-0.98 -7.4922 12.0811
-0.978 -9.23624 11.3491
-0.976 -9.94189 10.2368
-0.974 -9.5671 8.68018
-0.972 -8.21981 6.68426
-0.97 -6.1439 4.32767
-0.968 -3.68311 1.75482
-0.966 -1.2291 -0.842197
-0.964 0.837918 -3.2485
-0.962 2.20642 -5.25398
-0.96 2.68018 -6.67896
-0.958 2.20684 -7.39442
-0.956 0.884039 -7.334
-0.954 -1.0587 -6.497
-0.952 -3.29964 -4.94334
-0.95 -5.47998 -2.78276
-0.948 -7.26502 -0.161592
-0.946 -8.40043 2.75028
-0.944 -8.75365 5.77058
-0.942 -8.33278 8.71392
-0.94 -7.27995 11.4002
-0.938 -5.84086 13.6636
-0.936 -4.31649 15.3639
-0.934 -3.00616 16.3985
-0.932 -2.15235 16.7156
-0.93 -1.89727 16.3243
-0.928 -2.25879 15.3
-0.926 -3.13001 13.7805
-0.924 -4.3022 11.9545
-0.922 -5.50669 10.0396
-0.92 -6.46743 8.25425
-0.918 -6.95425 6.78602
-0.916 -6.82652 5.76074
-0.914 -6.05955 5.21867
-0.912 -4.74925 5.10258
-0.91 -3.0953 5.26211
-0.908 -1.36647 5.47602
-0.906 0.145616 5.49029
-0.904 1.1763 5.06628
-0.902 1.53337 4.03036
-0.9 1.13068 2.31558
-0.898 0.00443781 -0.0136259
-0.896 -1.69098 -2.75968
-0.894 -3.70679 -5.615
-0.892 -5.73921 -8.20737
-0.89 -7.47725 -10.1601
-0.888 -8.65084 -11.1564
-0.886 -9.071 -10.997
-0.884 -8.65608 -9.63866
-0.882 -7.44089 -7.20821
-0.88 -5.56894 -3.98739
-0.878 -3.27031 -0.371339
-0.876 -0.82943 3.19233
-0.874 1.45269 6.27346
-0.872 3.29691 8.52615
-0.87 4.48076 9.74077
-0.868 4.86532 9.87224
-0.866 4.41102 9.0397
-0.864 3.18034 7.49767
-0.862 1.32761 5.58406
-0.86 -0.922273 3.65491
-0.858 -3.30257 2.01851
-0.856 -5.53682 0.88193
-0.854 -7.37041 0.32048
-0.852 -8.59836 0.275708
-0.85 -9.08719 0.581222
-0.848 -8.78916 1.00958
-0.846 -7.74745 1.32933
-0.844 -6.09134 1.35968
-0.842 -4.02121 1.01174
-0.84 -1.78459 0.308175
-0.838 0.354088 -0.622133
-0.836 2.14607 -1.57339
-0.834 3.38915 -2.31029
-0.832 3.95289 -2.62412
-0.83 3.79512 -2.38566
-0.828 2.96748 -1.5833
-0.826 1.60853 -0.33695
-0.824 -0.0752895 1.11655
-0.822 -1.83931 2.46506
-0.82 -3.43689 3.38182
-0.818 -4.65687 3.59318
-0.816 -5.35558 2.93928
-0.814 -5.47752 1.415
-0.812 -5.0607 -0.817477
-0.81 -4.22549 -3.44764
-0.808 -3.1494 -6.06416
-0.806 -2.03256 -8.22254
-0.804 -1.06022 -9.52079
-0.802 -0.368927 -9.66941
-0.8 -0.0219921 -8.54336
-0.798 0.00143245 -6.20644
-0.796 -0.198628 -2.90407
-0.794 -0.463781 0.974487
-0.792 -0.611168 4.95779
-0.79 -0.474901 8.56702
-0.788 0.0528485 11.3911
-0.786 0.989975 13.149
-0.784 2.24975 13.7292
-0.782 3.6482 13.1984
-0.78 4.93368 11.7798
-0.778 5.83367 9.80502
-0.776 6.1094 7.64853
-0.774 5.60682 5.65904
-0.772 4.29342 4.09906
-0.77 2.273 3.10463
-0.768 -0.2242 2.67166
-0.766 -2.87451 2.67049
-0.764 -5.31097 2.88444
-0.762 -7.18259 3.06354
-0.76 -8.21296 2.98167
-0.758 -8.24899 2.48537
-0.756 -7.29106 1.52467
-0.754 -5.49884 0.160464
-0.752 -3.17015 -1.45181
-0.75 -0.695189 -3.09789
-0.748 1.50682 -4.55149
-0.746 3.05759 -5.62199
-0.744 3.6836 -6.19309
-0.742 3.26209 -6.24467
-0.74 1.84104 -5.85413
-0.738 -0.369753 -5.17766
-0.736 -3.03399 -4.41598
-0.734 -5.74333 -3.77151
-0.732 -8.08112 -3.40545
-0.73 -9.68439 -3.40267
-0.728 -10.2944 -3.75163
-0.726 -9.78822 -4.34331
-0.724 -8.18842 -4.99039
-0.722 -5.6507 -5.46364
-0.72 -2.43495 -5.53873
-0.718 1.13354 -5.04439
-0.716 4.7051 -3.902
-0.714 7.94205 -2.14824
-0.712 10.5464 0.0638082
-0.71 12.2775 2.4855
-0.708 12.9608 4.8115
-0.706 12.4911 6.72935
-0.704 10.834 7.97112
-0.702 8.02939 8.35816
-0.7 4.19677 7.83167
-0.698 -0.457097 6.46408
-0.696 -5.63348 4.44896
-0.694 -10.9441 2.07099
-0.692 -15.9264 -0.340068
-0.69 -20.0748 -2.46412
-0.688 -22.8891 -4.04529
-0.686 -23.9367 -4.93657
-0.684 -22.9215 -5.12565
-0.682 -19.7489 -4.73635
-0.68 -14.5741 -4.00426
-0.678 -7.82082 -3.23073
-0.676 -0.160616 -2.72386
-0.674 7.55114 -2.73799
-0.672 14.3792 -3.42309
-0.67 19.4392 -4.79313
-0.668 22.0355 -6.71834
-0.666 21.782 -8.94179
-0.664 18.6832 -11.1171
-0.662 13.1577 -12.8612
-0.66 5.99574 -13.8149
-0.658 -1.74628 -13.7019
-0.656 -8.90124 -12.3767
-0.654 -14.3725 -9.8546
-0.652 -17.3121 -6.31652
-0.65 -17.2647 -2.08756
-0.648 -14.25 2.40747
-0.646 -8.76648 6.70445
-0.644 -1.71202 10.366
-0.642 5.76698 13.0417
-0.64 12.4723 14.5136
-0.638 17.3616 14.7193
-0.636 19.7299 13.7515
-0.634 19.3309 11.8342
-0.632 16.4153 9.28106
-0.63 11.6786 6.44207
-0.628 6.12567 3.64782
-0.626 0.875475 1.15988
-0.624 -3.05733 -0.864425
-0.622 -4.96383 -2.38748
-0.62 -4.58489 -3.48497
-0.618 -2.16801 -4.31951
-0.616 1.57713 -5.09981
-0.614 5.6185 -6.03332
-0.612 8.81184 -7.28132
-0.61 10.1408 -8.92432
-0.608 8.93987 -10.9435
-0.606 5.05441 -13.2201
-0.604 -1.09517 -15.5519
-0.602 -8.56208 -17.683
-0.6 -16.0289 -19.3411
-0.598 -22.0449 -20.2764
-0.596 -25.3036 -20.2969
-0.594 -24.9079 -19.2936
-0.592 -20.5743 -17.2551
-0.59 -12.7307 -14.2683
-0.588 -2.48741 -10.5082
-0.586 8.52276 -6.21746
-0.584 18.4094 -1.6813
-0.582 25.3512 2.79943
-0.58 27.9268 6.9323
-0.578 25.3893 10.4526
-0.576 17.8315 13.1373
-0.574 6.21028 14.8133
-0.572 -7.7815 15.3636
-0.57 -21.9742 14.7313
-0.568 -34.0705 12.9232
-0.566 -42.0234 10.0155
-0.564 -44.3784 6.15741
-0.562 -40.5179 1.57282
-0.56 -30.7686 -3.44394
-0.558 -16.3512 -8.54209
-0.556 0.815423 -13.3391
-0.554 18.4209 -17.4561
-0.552 34.1277 -20.5591
-0.55 45.929 -22.4011
-0.548 52.4426 -22.8565
-0.546 53.092 -21.9419
-0.544 48.149 -19.8187
-0.542 38.6388 -16.7769
-0.54 26.127 -13.201
-0.538 12.4355 -9.52336
-0.536 -0.663179 -6.16964
-0.534 -11.7147 -3.50394
-0.532 -19.7717 -1.78175
-0.53 -24.4731 -1.11835
-0.528 -26.0086 -1.47885
-0.526 -24.9857 -2.69226
-0.524 -22.2346 -4.48707
-0.522 -18.5985 -6.5411
-0.52 -14.7544 -8.53525
-0.518 -11.1022 -10.2006
-0.516 -7.74096 -11.35
-0.514 -4.53005 -11.8907
-0.512 -1.21446 -11.8171
-0.51 2.42144 -11.1892
-0.508 6.41317 -10.1032
-0.506 10.5262 -8.66213
-0.504 14.2427 -6.95228
-0.502 16.8323 -5.03089
-0.5 17.4968 -2.92674
-0.498 15.5584 -0.652914
-0.496 10.6508 1.77159
-0.494 2.87097 4.29693
-0.492 -7.14795 6.82079
-0.49 -18.2661 9.17657
-0.488 -28.9724 11.1364
-0.486 -37.6097 12.4315
-0.484 -42.6514 12.7878
-0.482 -42.9807 11.9734
-0.48 -38.1173 9.84636
-0.478 -28.3461 6.39609
-0.476 -14.716 1.76578
-0.474 1.09683 -3.74836
-0.472 17.0413 -9.72328
-0.47 31.018 -15.6569
-0.468 41.2209 -21.0296
-0.466 46.4312 -25.3703
-0.464 46.2117 -28.3169
-0.462 40.9651 -29.6618
-0.46 31.848 -29.3773
-0.458 20.5583 -27.6163
-0.456 9.03613 -24.6876
-0.454 -0.86743 -21.01
-0.452 -7.69495 -17.0522
-0.45 -10.6087 -13.2689
-0.448 -9.50155 -10.0435
-0.446 -4.97589 -7.64671
-0.444 1.80039 -6.21532
-0.442 9.33306 -5.75265
-0.44 16.0888 -6.14585
-0.438 20.7767 -7.1943
-0.436 22.57 -8.64256
-0.434 21.229 -10.2122
-0.432 17.103 -11.6289
-0.43 11.0166 -12.6428
-0.428 4.06685 -13.0432
-0.426 -2.62027 -12.6673
-0.424 -8.12324 -11.4083
-0.422 -11.896 -9.22331
-0.42 -13.8433 -6.14418
-0.418 -14.2873 -2.28978
-0.416 -13.8381 2.12325
-0.414 -13.2039 6.77656
-0.412 -12.984 11.2584
-0.41 -13.4971 15.0887
-0.408 -14.6798 17.7628
-0.406 -16.081 18.8113
-0.404 -16.9506 17.8714
-0.402 -16.407 14.7584
-0.4 -13.648 9.52681
-0.398 -8.16446 2.50748
-0.396 0.0894478 -5.69041
-0.394 10.6045 -14.2188
-0.392 22.33 -22.0727
-0.39 33.7984 -28.2064
-0.388 43.3449 -31.6727
-0.386 49.3878 -31.763
-0.384 50.7181 -28.1312
-0.382 46.7421 -20.8775
-0.38 37.6262 -10.5782
-0.378 24.3117 1.74829
-0.376 8.39027 14.7419
-0.374 -8.13707 26.8571
-0.372 -23.1751 36.5569
-0.37 -34.8634 42.5178
-0.368 -41.8597 43.8162
-0.366 -43.5289 40.0674
-0.364 -40.0091 31.4966
-0.362 -32.1487 18.9299
-0.36 -21.3335 3.70565
-0.358 -9.23839 -12.4813
-0.356 2.45078 -27.7841
-0.354 12.2969 -40.4301
-0.352 19.3109 -48.9392
-0.35 23.0586 -52.3069
-0.348 23.6613 -50.1269
-0.346 21.6937 -42.6362
-0.344 18.0044 -30.6751
-0.342 13.5004 -15.5702
-0.34 8.94287 1.04328
-0.338 4.80263 17.432
-0.336 1.20682 31.976
-0.334 -2.0148 43.3511
-0.332 -5.20088 50.6603
-0.33 -8.68539 53.4988
-0.328 -12.6297 51.9518
-0.326 -16.9057 46.5321
-0.324 -21.0625 38.0723
-0.322 -24.3856 27.5925
-0.32 -26.0388 16.1632
-0.318 -25.2576 4.78348
-0.316 -21.5561 -5.71199
-0.314 -14.902 -14.709
-0.312 -5.82205 -21.831
-0.31 4.59414 -26.9232
-0.308 14.8038 -30.011
-0.306 23.0297 -31.2478
-0.304 27.5573 -30.8618
-0.302 27.0633 -29.1162
-0.3 20.9117 -26.287
-0.298 9.35603 -22.6624
-0.296 -6.40201 -18.5558
-0.294 -24.3221 -14.3239
-0.292 -41.7962 -10.3773
-0.29 -56.0417 -7.17176
-0.288 -64.5537 -5.17421
-0.286 -65.5382 -4.80595
-0.284 -58.2513 -6.37074
-0.282 -43.1822 -9.98295
-0.28 -22.0425 -15.5123
-0.278 2.4421 -22.5598
-0.276 26.9119 -30.4748
-0.274 47.8697 -38.415
-0.272 62.2157 -45.4446
-0.27 67.7361 -50.6594
-0.268 63.4632 -53.32
-0.266 49.8433 -52.9753
-0.264 28.6817 -49.5537
-0.262 2.87063 -43.4054
-0.26 -24.0563 -35.2824
-0.258 -48.4659 -26.2549
-0.256 -67.174 -17.5705
-0.254 -77.9087 -10.477
-0.252 -79.617 -6.03602
-0.25 -72.5731 -4.96016
-0.248 -58.2809 -7.50287
-0.246 -39.1961 -13.4211
-0.244 -18.3198 -22.0174
-0.242 1.27108 -32.2522
-0.24 16.8849 -42.9048
-0.238 26.5972 -52.7531
-0.236 29.4955 -60.7393
-0.234 25.7499 -66.0979
-0.232 16.5005 -68.4265
-0.23 3.58662 -67.695
-0.228 -10.8257 -64.1968
-0.226 -24.6428 -58.4552
-0.224 -36.1894 -51.1066
-0.222 -44.4371 -42.7833
-0.22 -49.0814 -34.0219
-0.218 -50.4649 -25.2165
-0.216 -49.3813 -16.6245
-0.214 -46.8119 -8.41944
-0.212 -43.656 -0.773529
-0.21 -40.5114 6.05939
-0.208 -37.5468 11.6879
-0.206 -34.4876 15.5782
-0.204 -30.7165 17.1118
-0.202 -25.469 15.7016
-0.2 -18.0833 10.9472
-0.198 -8.25353 2.79762
-0.196 3.77453 -8.31808
-0.194 17.1135 -21.4272
-0.192 30.2836 -35.045
-0.19 41.4053 -47.31
-0.188 48.5072 -56.2148
-0.186 49.8985 -59.9018
-0.184 44.5373 -56.9819
-0.182 32.3196 -46.8222
-0.18 14.2293 -29.7507
-0.178 -7.69496 -7.13084
-0.176 -30.5865 18.7205
-0.174 -51.1443 44.7787
-0.172 -66.1359 67.698
-0.17 -72.9265 84.2885
-0.168 -69.941 92.0128
-0.166 -56.9768 89.4187
-0.164 -35.3093 76.4278
-0.162 -7.56916 54.4227
-0.16 22.5946 26.1082
-0.158 51.0145 -4.84054
-0.156 73.5961 -34.2879
-0.154 86.9148 -58.2296
-0.152 88.7305 -73.3738
-0.15 78.3396 -77.6236
-0.148 56.7048 -70.3868
-0.146 26.3327 -52.6662
-0.144 -9.08828 -26.9143
-0.142 -45.2364 3.32572
-0.14 -77.7995 33.9398
-0.138 -103.104 60.8418
-0.136 -118.624 80.56
-0.134 -123.287 90.7193
-0.132 -117.545 90.3484
-0.13 -103.202 79.9687
-0.128 -83.0488 61.4596
-0.126 -60.3744 37.7313
-0.124 -38.4353 12.2649
-0.122 -19.9721 -11.4025
-0.12 -6.85058 -30.165
-0.118 0.122672 -41.7379
-0.116 1.1895 -44.8961
-0.114 -2.55006 -39.5408
-0.112 -9.4578 -26.5971
-0.11 -17.7368 -7.77548
-0.108 -25.7919 14.7513
-0.106 -32.5023 38.6933
-0.104 -37.3566 61.9497
-0.102 -40.4331 82.8261
-0.1 -42.2372 100.14
-0.098 -43.439 113.21
-0.096 -44.574 121.762
-0.094 -45.7773 125.79
-0.092 -46.6165 125.412
-0.09 -46.0655 120.772
-0.088 -42.6385 112.001
-0.086 -34.6683 99.2346
-0.084 -20.6875 82.6969
-0.082 0.156845 62.8048
-0.08 27.7426 40.2822
-0.078 60.7533 16.2385
-0.076 96.6728 -7.8185
-0.074 132.021 -30.0612
-0.072 162.81 -48.5187
-0.07 185.128 -61.3275
-0.068 195.768 -67.0121
-0.066 192.75 -64.7364
-0.064 175.678 -54.4751
-0.062 145.872 -37.073
-0.06 106.267 -14.1832
-0.058 61.1008 11.9009
-0.056 15.433 38.4982
-0.054 -25.4736 62.8501
-0.052 -56.8423 82.4595
-0.05 -75.0653 95.4215
-0.048 -78.266 100.697
-0.046 -66.6223 98.2706
-0.044 -42.3636 89.1535
-0.042 -9.42118 75.2105
-0.04 27.1963 58.8531
-0.038 62.1671 42.6638
-0.036 90.6044 29.0337
-0.034 108.665 19.8767
-0.032 113.954 16.4479
-0.03 105.719 19.261
-0.028 84.8561 28.0869
-0.026 53.7347 42.0202
-0.024 15.8732 59.611
-0.022 -24.523 79.0563
-0.02 -63.1055 98.4334
-0.018 -95.9244 115.934
-0.016 -119.872 130.05
-0.014 -132.947 139.669
-0.012 -134.312 144.081
-0.01 -124.175 142.913
-0.008 -103.579 136.068
-0.006 -74.1742 123.695
-0.004 -38.0542 106.216
-0.002 2.37409 84.3808
0 44.5028 59.2953
0.002 85.6645 32.3751
0.004 123.295 5.22859
0.006 155.08 -20.4848
0.008 179.047 -43.1831
0.01 193.604 -61.4577
0.012 197.588 -74.16
0.014 190.36 -80.5104
0.016 171.975 -80.2359
0.018 143.364 -73.7047
0.02 106.468 -61.9998
0.022 64.2066 -46.8774
0.024 20.2742 -30.5884
0.026 -21.2428 -15.5865
0.028 -56.3471 -4.18138
0.03 -81.6295 1.78966
0.032 -94.7072 1.21778
0.034 -94.5536 -6.12474
0.036 -81.6941 -19.5385
0.038 -58.2467 -37.4536
0.04 -27.779 -57.5896
0.042 5.04704 -77.2199
0.044 35.0447 -93.5305
0.046 57.2303 -104.033
0.048 67.5894 -106.956
0.05 63.7229 -101.544
0.052 45.2336 -88.1692
0.054 13.7739 -68.267
0.056 -27.236 -44.0886
0.058 -73.1365 -18.3544
0.06 -118.694 6.12889
0.062 -158.788 26.8242
0.064 -189.05 41.7509
0.066 -206.374 49.6798
0.068 -209.266 50.2206
0.07 -197.986 43.7962
0.072 -174.451 31.5052
0.074 -141.9 14.897
0.076 -104.365 -4.30053
0.078 -66.0393 -24.4454
0.08 -30.6532 -44.1844
0.082 -0.979478 -62.5564
0.084 21.4457 -78.9871
0.086 36.354 -93.1945
0.088 44.548 -105.042
0.09 47.5448 -114.387
0.092 47.1471 -120.963
0.094 45.0332 -124.325
0.096 42.4424 -123.883
0.098 40.0032 -119.01
0.1 37.7291 -109.227
0.102 35.1668 -94.4124
0.104 31.6567 -75.0004
0.106 26.6403 -52.1019
0.108 19.9416 -27.5116
0.11 11.9555 -3.57221
0.112 3.69517 17.095
0.114 -3.31933 31.9572
0.116 -7.31817 38.9756
0.118 -6.63823 36.9773
0.12 -0.110628 25.9238
0.122 12.601 7.02245
0.124 30.787 -17.3527
0.126 52.6573 -43.929
0.128 75.5079 -68.9638
0.13 96.0725 -88.7718
0.132 111.007 -100.274
0.134 117.43 -101.477
0.136 113.436 -91.8104
0.138 98.4767 -72.2519
0.14 73.5543 -45.2237
0.142 41.1698 -14.2657
0.144 5.0213 16.4666
0.146 -30.5078 42.8028
0.148 -60.9918 61.1665
0.15 -82.6283 69.096
0.152 -92.813 65.6002
0.154 -90.5273 51.2923
0.156 -76.4764 28.2863
0.158 -52.9648 -0.128723
0.16 -23.5335 -29.9825
0.162 7.575 -57.209
0.164 36.043 -78.2322
0.166 58.0978 -90.4602
0.168 71.0363 -92.6155
0.17 73.5747 -84.8517
0.172 65.9741 -68.6504
0.174 49.9251 -46.5249
0.176 28.2151 -21.5895
0.178 4.2399 2.92747
0.18 -18.553 24.1471
0.182 -37.1938 39.9095
0.184 -49.6027 49.0012
0.186 -54.8252 51.22
0.188 -53.06 47.2831
0.19 -45.4931 38.6089
0.192 -33.9811 27.0229
0.194 -20.6516 14.441
0.196 -7.50028 2.58524
0.198 3.94076 -7.22637
0.2 12.8076 -14.1918
0.202 18.9518 -18.0325
0.204 22.8366 -18.912
0.206 25.3137 -17.2931
0.208 27.3393 -13.7722
0.21 29.6908 -8.92639
0.212 32.7438 -3.20618
0.214 36.3539 3.11064
0.216 39.8673 9.9001
0.218 42.2587 17.122
0.22 42.3738 24.7234
0.222 39.2291 32.5468
0.224 32.3077 40.2697
0.226 21.783 47.3961
0.228 8.61464 53.3041
0.23 -5.52035 57.3398
0.232 -18.46 58.9387
0.234 -27.9176 57.7477
0.236 -31.9038 53.7244
0.238 -29.1264 47.19
0.24 -19.289 38.8265
0.242 -3.22555 29.6094
0.244 17.1571 20.6858
0.246 39.1239 13.2118
0.248 59.5048 8.17672
0.25 75.1757 6.24396
0.252 83.5516 7.63931
0.254 83.0163 12.1088
0.256 73.2161 18.9557
0.258 55.1659 27.1508
0.26 31.1399 35.4944
0.262 4.35679 42.8017
0.264 -21.4968 48.0772
0.266 -42.8291 50.6507
0.268 -56.6987 50.255
0.27 -61.2681 47.0381
0.272 -56.0804 41.514
0.274 -42.1131 34.4654
0.276 -21.604 26.8165
0.278 2.3179 19.4962
0.28 26.1312 13.3117
0.282 46.4671 8.85016
0.284 60.6133 6.42031
0.286 66.8971 6.04105
0.288 64.8925 7.47546
0.29 55.4234 10.3004
0.292 40.3693 13.9957
0.294 22.3121 18.0326
0.296 4.08873 21.944
0.298 -11.6721 25.3627
0.3 -22.9485 28.0252
0.302 -28.5958 29.7485
0.304 -28.4473 30.3926
0.306 -23.2433 29.8254
0.308 -14.413 27.9048
0.31 -3.76226 24.4836
0.312 6.86669 19.4395
0.314 15.9019 12.7233
0.316 22.2625 4.41556
0.318 25.4661 -5.22098
0.32 25.6157 -15.7067
0.322 23.2825 -26.3398
0.324 19.3175 -36.2297
0.326 14.6332 -44.3723
0.328 10.0013 -49.7617
0.33 5.90758 -51.5283
0.332 2.49135 -49.0811
0.334 -0.419123 -42.2332
0.336 -3.18707 -31.2845
0.338 -6.19595 -17.0432
0.34 -9.67276 -0.774286
0.342 -13.5547 15.9245
0.344 -17.4379 31.3051
0.346 -20.624 43.6864
0.348 -22.2583 51.674
0.35 -21.5251 54.35
0.352 -17.8595 51.4037
0.354 -11.1244 43.1844
0.356 -1.71628 30.6673
0.358 9.42717 15.3364
0.36 20.924 -0.99899
0.362 31.1377 -16.4322
0.364 38.4316 -29.1995
0.366 41.4457 -37.9025
0.368 39.3484 -41.6803
0.37 32.0145 -40.3084
0.372 20.0911 -34.2097
0.374 4.93343 -24.3764
0.376 -11.5863 -12.2174
0.378 -27.3655 0.646927
0.38 -40.4038 12.6085
0.382 -49.12 22.2828
0.384 -52.5942 28.6766
0.386 -50.6918 31.2909
0.388 -44.0477 30.1488
0.39 -33.92 25.7495
0.392 -21.9438 18.9595
0.394 -9.8368 10.8628
0.396 0.888373 2.59406
0.398 9.15242 -4.81953
0.4 14.441 -10.5848
0.402 16.8221 -14.2218
0.404 16.8544 -15.589
0.406 15.4104 -14.8564
0.408 13.4539 -12.4375
0.41 11.818 -8.89605
0.412 11.0273 -4.84497
0.414 11.1992 -0.854243
0.416 12.0443 2.61864
0.418 12.9634 5.26852
0.42 13.2191 6.95138
0.422 12.1445 7.66655
0.424 9.3379 7.52122
0.426 4.80032 6.68818
0.428 -1.02158 5.36671
0.43 -7.29895 3.75426
0.432 -12.9806 2.03214
0.434 -17.0161 0.364304
0.436 -18.5938 -1.09512
0.438 -17.341 -2.1921
0.44 -13.4403 -2.76744
0.442 -7.63364 -2.66094
0.444 -1.10955 -1.72727
0.446 4.70789 0.137824
0.448 8.42813 2.96562
0.45 8.97018 6.6844
0.452 5.79217 11.1002
0.454 -0.970526 15.8957
0.456 -10.4872 20.6519
0.458 -21.341 24.8904
0.46 -31.7499 28.1322
0.462 -39.8627 29.9627
0.464 -44.0802 30.0934
0.466 -43.3426 28.41
0.468 -37.3326 24.999
0.47 -26.5532 20.1467
0.472 -12.2645 14.3094
0.474 3.71068 8.05752
0.476 19.2797 2.00137
0.478 32.4168 -3.28905
0.48 41.4843 -7.35763
0.482 45.4806 -9.91627
0.484 44.1729 -10.8713
0.486 38.0958 -10.3195
0.488 28.4213 -8.51627
0.49 16.7296 -5.82403
0.492 4.72889 -2.65072
0.494 -6.02497 0.610391
0.496 -14.3558 3.63029
0.498 -19.606 6.17662
0.5 -21.669 8.12589
0.502 -20.9174 9.45612
0.504 -18.0538 10.224
0.506 -13.9176 10.5324
0.508 -9.29546 10.4964
0.51 -4.77167 10.2142
0.512 -0.650799 9.74894
0.514 3.03714 9.12578
0.516 6.45507 8.34175
0.518 9.82539 7.38701
0.52 13.2812 6.27026
0.522 16.7425 5.04113
0.524 19.8529 3.80267
0.526 21.9984 2.70902
0.528 22.4104 1.94738
0.53 20.3368 1.70718
0.532 15.2434 2.14284
0.534 7.00175 3.33824
0.536 -3.98289 5.28047
0.538 -16.7401 7.84813
0.54 -29.8155 10.8163
0.542 -41.4601 13.8775
0.544 -49.8968 16.6745
0.546 -53.6215 18.8428
0.548 -51.6819 20.0552
0.55 -43.882 20.0656
0.552 -30.8723 18.7438
0.554 -14.102 16.0975
0.556 4.36588 12.2758
0.558 22.1487 7.55511
0.56 36.9049 2.3073
0.562 46.7006 -3.04232
0.564 50.3187 -8.06156
0.566 47.4579 -12.3548
0.568 38.7818 -15.598
0.57 25.8094 -17.563
0.572 10.6635 -18.1295
0.574 -4.27917 -17.2884
0.576 -16.7748 -15.1352
0.578 -25.0689 -11.8587
0.58 -28.1615 -7.723
0.582 -25.9388 -3.04512
0.584 -19.1515 1.83116
0.586 -9.24829 6.56363
0.588 1.90086 10.8398
0.59 12.3406 14.4025
0.592 20.3643 17.0704
0.594 24.7888 18.7516
0.596 25.1228 19.4476
0.598 21.6057 19.2484
0.6 15.1167 18.3173
0.602 6.97508 16.8677
0.604 -1.32486 15.1345
0.606 -8.39512 13.3432
0.608 -13.1994 11.6806
0.61 -15.2201 10.2709
0.612 -14.519 9.16084
0.614 -11.6859 8.31573
0.616 -7.68828 7.62881
0.618 -3.65485 6.94246
0.62 -0.636657 6.07916
0.622 0.606274 4.87765
0.624 -0.247562 3.22814
0.626 -3.02658 1.1003
0.628 -7.11183 -1.44139
0.63 -11.5707 -4.23808
0.632 -15.3495 -7.05323
0.634 -17.4871 -9.603
0.636 -17.3074 -11.5957
0.638 -14.5559 -12.7745
0.64 -9.45731 -12.9569
0.642 -2.68309 -12.0657
0.644 4.76183 -10.1466
0.646 11.7124 -7.36799
0.648 17.0449 -4.0046
0.65 19.8697 -0.404028
0.652 19.6819 3.05786
0.654 16.4446 6.02677
0.656 10.5918 8.21748
0.658 2.95411 9.4518
0.66 -5.3773 9.68092
0.662 -13.2242 8.98861
0.664 -19.5008 7.57495
0.666 -23.3722 5.72281
0.668 -24.3652 3.7526
0.67 -22.4199 1.97192
0.672 -17.875 0.627826
0.674 -11.3945 -0.131186
0.676 -3.85339 -0.2775
0.678 3.79827 0.0927566
0.68 10.6673 0.777213
0.682 16.0264 1.50276
0.684 19.3871 1.97356
0.686 20.5304 1.92348
0.688 19.4994 1.16404
0.69 16.5596 -0.380333
0.692 12.1412 -2.65533
0.694 6.7716 -5.48026
0.696 1.01039 -8.57081
0.698 -4.60722 -11.5774
0.7 -9.61349 -14.1337
0.702 -13.6367 -15.9081
0.704 -16.4165 -16.6515
0.706 -17.8081 -16.2342
0.708 -17.7801 -14.6658
0.71 -16.4076 -12.0942
0.712 -13.8635 -8.78431
0.714 -10.4073 -5.07897
0.716 -6.37059 -1.34832
0.718 -2.13493 2.06268
0.72 1.89641 4.87995
0.722 5.33523 6.93136
0.724 7.84981 8.15874
0.726 9.20624 8.6105
0.728 9.30292 8.41814
0.73 8.19095 7.7625
0.732 6.0745 6.83663
0.734 3.28849 5.81196
0.736 0.254831 4.81334
0.738 -2.5771 3.90646
0.74 -4.79686 3.09907
0.742 -6.09535 2.35453
0.744 -6.31268 1.61382
0.746 -5.4626 0.820767
0.748 -3.7285 -0.0558031
0.75 -1.43097 -1.00804
0.752 1.02781 -1.98661
0.754 3.23282 -2.91035
0.756 4.82569 -3.68545
0.758 5.56215 -4.22961
0.76 5.34796 -4.49533
0.762 4.24802 -4.48675
0.764 2.46887 -4.26631
0.766 0.319175 -3.94903
0.768 -1.84427 -3.68496
0.77 -3.67597 -3.63223
0.772 -4.89724 -3.9253
0.774 -5.33914 -4.64402
0.776 -4.96565 -5.79013
0.778 -3.87291 -7.27703
0.78 -2.26465 -8.93661
0.782 -0.408583 -10.5432
0.784 1.417 -11.8513
0.786 2.97526 -12.6393
0.788 4.11088 -12.751
0.79 4.7705 -12.1267
0.792 5.00095 -10.8171
0.794 4.9277 -8.97745
0.796 4.71995 -6.84263
0.798 4.55105 -4.68846
0.8 4.56199 -2.78522
0.802 4.83456 -1.35273
0.804 5.37735 -0.524957
0.806 6.12614 -0.330728
0.808 6.95751 -0.694033
0.81 7.71282 -1.45364
0.812 8.22823 -2.39774
0.814 8.36531 -3.30626
0.816 8.03671 -3.99238
0.818 7.22262 -4.3349
0.82 5.97525 -4.29563
0.822 4.41106 -3.91916
0.824 2.69278 -3.3161
0.826 1.00458 -2.63432
0.828 -0.474854 -2.02478
0.83 -1.59723 -1.60935
0.832 -2.26388 -1.45729
0.834 -2.4371 -1.5749
0.836 -2.14273 -1.91032
0.838 -1.46433 -2.37213
0.84 -0.530466 -2.85751
0.842 0.502747 -3.28302
0.844 1.47119 -3.61055
0.846 2.22194 -3.86148
0.848 2.63002 -4.11495
0.85 2.61135 -4.48992
0.852 2.13164 -5.11452
0.854 1.21112 -6.08931
0.856 -0.0746105 -7.45256
0.858 -1.59828 -9.15551
0.86 -3.19034 -11.0537
0.862 -4.65486 -12.9173
0.864 -5.79185 -14.4604
0.866 -6.42384 -15.3844
0.868 -6.42327 -15.4299
0.87 -5.73584 -14.4261
0.872 -4.39566 -12.3309
0.874 -2.5289 -9.25142
0.876 -0.344301 -5.44145
0.878 1.88914 -1.27397
0.88 3.87526 2.80726
0.882 5.33102 6.34979
0.884 6.02878 8.95805
0.886 5.83444 10.3513
0.888 4.73475 10.4045
0.89 2.84786 9.16461
0.892 0.413278 6.84055
0.894 -2.23921 3.76736
0.896 -4.73795 0.352042
0.898 -6.72755 -2.98991
0.9 -7.92663 -5.89615
0.902 -8.17489 -8.10724
0.904 -7.46046 -9.49718
0.906 -5.9226 -10.0813
0.908 -3.82855 -10.0022
0.91 -1.52859 -9.49654
0.912 0.603216 -8.85064
0.914 2.23229 -8.34978
0.916 3.11997 -8.23096
0.918 3.16318 -8.64497
0.92 2.41036 -9.63367
0.922 1.05033 -11.1252
0.924 -0.623997 -12.947
0.926 -2.27095 -14.8543
0.928 -3.56418 -16.5689
0.93 -4.25344 -17.8216
0.932 -4.21034 -18.3918
0.934 -3.45056 -18.1386
0.936 -2.12853 -17.0184
0.938 -0.506061 -15.0884
0.94 1.09874 -12.4962
0.942 2.37254 -9.4584
0.944 3.06671 -6.23266
0.946 3.04541 -3.08767
0.948 2.31314 -0.274247
0.95 1.01648 1.9993
0.952 -0.580649 3.58602
0.954 -2.14438 4.41229
0.956 -3.33237 4.48235
0.958 -3.85795 3.87459
0.96 -3.54475 2.72973
0.962 -2.36136 1.23141
0.964 -0.429699 -0.418842
0.966 1.99431 -2.02948
0.968 4.56358 -3.44539
0.97 6.89821 -4.56886
0.972 8.64873 -5.37126
0.974 9.55301 -5.89357
0.976 9.47728 -6.23555
0.978 8.43429 -6.53525
0.98 6.57599 -6.94196
0.982 4.16286 -7.58671
0.984 1.51632 -8.55472
0.986 -1.03614 -9.86417
0.988 -3.21281 -11.4552
0.99 -4.81718 -13.1918
0.992 -5.7591 -14.8773
0.994 -6.05542 -16.2826
0.996 -5.81214 -17.1826
0.998 -5.1931 -17.3958
0.4 1.68118 1.28629
0.8 1.70298 1.32852
1.2 1.73788 1.39608
1.6 1.78383 1.48497
2 1.83824 1.59011
2.4 1.89818 1.70578
2.8 1.96063 1.82607
3.2 2.02271 1.94542
3.6 2.08196 2.05905
4 2.13645 2.16332
4.4 2.18498 2.25602
4.8 2.22709 2.33644
5.2 2.26308 2.40538
5.6 2.29391 2.46495
6 2.32109 2.51832
6.4 2.34653 2.56934
6.8 2.3723 2.6221
7.2 2.4005 2.68055
7.6 2.43301 2.74806
8 2.47143 2.82714
8.4 2.51689 2.91921
8.8 2.57002 3.02445
9.2 2.63095 3.14189
9.6 2.6993 3.26945
10 2.77424 3.40423
10.4 2.85459 3.54274
10.8 2.93891 3.68129
11.2 3.02559 3.81624
11.6 3.11294 3.94439
12 3.19933 4.06315
12.4 3.28318 4.17076
12.8 3.36309 4.26634
13.2 3.43787 4.3499
13.6 3.50656 4.42222
14 3.56849 4.48471
14.4 3.62324 4.5392
14.8 3.67073 4.58768
15.2 3.71118 4.63211
15.6 3.7451 4.67418
16 3.77329 4.71515
16.4 3.7968 4.75575
16.8 3.81688 4.79613
17.2 3.83488 4.83587
17.6 3.8522 4.87406
18 3.87015 4.9094
18.4 3.88986 4.94035
18.8 3.91214 4.96528
19.2 3.93743 4.9826
19.6 3.96566 4.99091
20 3.99628 4.98913
20.4 4.02825 4.9765
20.8 4.06006 4.95267
21.2 4.08989 4.91767
21.6 4.1157 4.87193
22 4.13544 4.81617
22.4 4.14722 4.75139
22.8 4.14953 4.6788
23.2 4.14134 4.59975
23.6 4.12228 4.51571
24 4.09268 4.42819
24.4 4.05356 4.33876
24.8 4.00658 4.249
25.2 3.95393 4.1605
25.6 3.89806 4.07481
26 3.84154 3.99346
26.4 3.78677 3.91791
26.8 3.73578 3.8495
27.2 3.69 3.78942
27.6 3.65013 3.73865
28 3.6161 3.69789
28.4 3.58704 3.66757
28.8 3.56139 3.64774
29.2 3.53707 3.63811
29.6 3.51171 3.63803
30 3.48293 3.64653
30.4 3.44858 3.66238
30.8 3.40706 3.68416
31.2 3.35746 3.71035
31.6 3.29978 3.73944
32 3.23497 3.77002
32.4 3.16489 3.80087
32.8 3.09222 3.83102
33.2 3.02029 3.85979
33.6 2.95274 3.88681
34 2.89334 3.91198
34.4 2.84558 3.93542
34.8 2.81249 3.95736
35.2 2.79629 3.97809
35.6 2.7983 3.9978
36 2.81881 4.01652
36.4 2.85707 4.03402
36.8 2.9114 4.04975
37.2 2.97929 4.06282
37.6 3.05766 4.07204
38 3.14311 4.07594
38.4 3.23214 4.07293
38.8 3.32143 4.06139
39.2 3.40806 4.03985
39.6 3.48963 4.00713
40 3.56439 3.96251
40.4 3.63127 3.90587
40.8 3.68979 3.83778
41.2 3.74002 3.75955
41.6 3.78239 3.67324
42 3.81755 3.5816
42.4 3.84621 3.48793
42.8 3.86896 3.39595
43.2 3.88617 3.30956
43.6 3.8979 3.23261
44 3.90389 3.16865
44.4 3.90357 3.1207
44.8 3.89615 3.091
45.2 3.88073 3.08089
45.6 3.85646 3.09061
46 3.82263 3.1193
46.4 3.77888 3.16499
46.8 3.72527 3.2247
47.2 3.66237 3.29457
47.6 3.5913 3.37005
48 3.51368 3.44623
48.4 3.43157 3.51803
48.8 3.34736 3.58057
49.2 3.26361 3.62938
49.6 3.18286 3.66072
50 3.10747 3.67177
50.4 3.03939 3.66077
50.8 2.98007 3.62713
51.2 2.93033 3.57142
51.6 2.89024 3.49538
52 2.85918 3.40175
52.4 2.83584 3.29408
52.8 2.81832 3.1766
53.2 2.80427 3.05389
53.6 2.79107 2.93067
54 2.776 2.81151
54.4 2.75647 2.70067
54.8 2.7302 2.60181
55.2 2.69537 2.51791
55.6 2.6508 2.45113
56 2.59598 2.40279
56.4 2.53119 2.37332
56.8 2.4574 2.36237
57.2 2.3763 2.3689
57.6 2.29015 2.39124
58 2.20167 2.42733
58.4 2.11388 2.47478
58.8 2.02991 2.53107
59.2 1.95287 2.5937
59.6 1.88565 2.66024
60 1.8308 2.72849
60.4 1.79044 2.79648
60.8 1.7661 2.86255
61.2 1.75876 2.92531
61.6 1.76875 2.98364
62 1.79582 3.03666
62.4 1.83912 3.08367
62.8 1.89728 3.12412
63.2 1.96848 3.15754
63.6 2.05049 3.18357
64 2.1408 3.20185
64.4 2.23664 3.21209
64.8 2.33513 3.21407
65.2 2.43329 3.20762
65.6 2.52818 3.19271
66 2.61699 3.16947
66.4 2.69707 3.13821
66.8 2.76608 3.0995
67.2 2.82205 3.05414
67.6 2.8635 3.00318
68 2.88945 2.94794
68.4 2.89958 2.88994
68.8 2.89418 2.83085
69.2 2.87424 2.77244
69.6 2.84138 2.71646
70 2.79783 2.6646
70.4 2.74629 2.61837
70.8 2.68982 2.57899
71.2 2.63167 2.54737
71.6 2.57504 2.52401
72 2.52294 2.50898
72.4 2.4779 2.5019
72.8 2.44183 2.502
73.2 2.41585 2.50809
73.6 2.40015 2.51867
74 2.394 2.532
74.4 2.39568 2.54617
74.8 2.40267 2.55922
75.2 2.41171 2.56924
75.6 2.4191 2.57443
76 2.42089 2.57319
76.4 2.41323 2.56418
76.8 2.3926 2.54638
77.2 2.35615 2.51909
77.6 2.30187 2.48194
78 2.22881 2.4349
78.4 2.13716 2.37823
78.8 2.02829 2.31249
79.2 1.90466 2.23847
79.6 1.76969 2.15718
80 1.62755 2.06978
80.4 1.48288 1.97763
80.8 1.34048 1.88216
81.2 1.20503 1.78491
81.6 1.08078 1.68752
82 0.971267 1.59166
82.4 0.879149 1.49902
82.8 0.806039 1.4113
83.2 0.752456 1.33016
83.6 0.717842 1.25716
84 0.700654 1.19372
84.4 0.69852 1.14106
84.8 0.70844 1.10014
85.2 0.727028 1.07159
85.6 0.75075 1.05566
86 0.776175 1.05219
86.4 0.800179 1.06058
86.8 0.820128 1.07975
87.2 0.834002 1.10825
87.6 0.840464 1.1442
88 0.83888 1.18543
88.4 0.829278 1.22956
88.8 0.812268 1.27407
89.2 0.78893 1.31644
89.6 0.760672 1.3543
90 0.729088 1.38549
90.4 0.695812 1.40818
90.8 0.662391 1.42095
91.2 0.630177 1.42288
91.6 0.600249 1.41351
92 0.573365 1.3929
92.4 0.549944 1.36158
92.8 0.530075 1.3205
93.2 0.513557 1.27095
93.6 0.499946 1.21452
94 0.488621 1.15293
94.4 0.47885 1.08803
94.8 0.469863 1.02167
95.2 0.460906 0.955645
95.6 0.4513 0.89163
96 0.440479 0.83115
96.4 0.428016 0.775554
96.8 0.41364 0.726002
97.2 0.39724 0.683456
97.6 0.378858 0.648693
98 0.358673 0.622298
98.4 0.336987 0.60467
98.8 0.314196 0.596016
99.2 0.290766 0.596343
99.6 0.267203 0.605444
100 0.244032 0.622878
100.4 0.221761 0.64796
100.8 0.200864 0.679748
101.2 0.181749 0.717044
101.6 0.164745 0.758411
102 0.150075 0.802205
102.4 0.137851 0.846625
102.8 0.128061 0.889786
103.2 0.12057 0.929803
103.6 0.115124 0.964885
104 0.111364 0.993432
104.4 0.108851 1.01413
104.8 0.107088 1.02603
105.2 0.105556 1.02861
105.6 0.103749 1.02178
106 0.101215 1.00593
106.4 0.0975853 0.981819
106.8 0.0926076 0.950594
107.2 0.0861671 0.913631
107.6 0.0782982 0.872454
108 0.0691849 0.828607
108.4 0.0591501 0.783546
108.8 0.0486321 0.738532
109.2 0.0381534 0.694565
109.6 0.0282813 0.652338
110 0.0195856 0.612238
110.4 0.0125962 0.57438
110.8 0.00776468 0.53868
111.2 0.00543325 0.504952
111.6 0.00581315 0.473022
112 0.00897495 0.442839
112.4 0.0148506 0.414587
112.8 0.0232467 0.388755
113.2 0.0338667 0.36618
113.6 0.0463404 0.34804
114 0.060255 0.335801
114.4 0.0751869 0.331114
114.8 0.0907285 0.335672
115.2 0.106509 0.351038
115.6 0.122206 0.378464
116 0.137548 0.418715
116.4 0.152311 0.471912
116.8 0.166302 0.537428
117.2 0.179348 0.61383
117.6 0.191272 0.698897
118 0.201888 0.7897
118.4 0.210983 0.882754
118.8 0.218323 0.974223
119.2 0.223658 1.06017
119.6 0.22674 1.13684
120 0.227351 1.20091
120.4 0.225327 1.24972
120.8 0.220593 1.28153
121.2 0.213189 1.29558
121.6 0.203289 1.29219
122 0.19121 1.27269
122.4 0.177411 1.23936
122.8 0.162471 1.19518
123.2 0.147058 1.14364
123.6 0.131885 1.08841
124 0.117663 1.03309
124.4 0.105043 0.980916
124.8 0.0945684 0.934515
125.2 0.0866367 0.895733
125.6 0.0814686 0.865527
126 0.0790995 0.843939
126.4 0.0793871 0.830161
126.8 0.0820379 0.822662
127.2 0.0866479 0.819389
127.6 0.0927552 0.818006
128 0.0998971 0.816149
128.4 0.107665 0.811682
128.8 0.115749 0.802914
129.2 0.123976 0.788782
129.6 0.132315 0.768951
130 0.140876 0.743857
130.4 0.14988 0.714663
130.8 0.159612 0.683145
131.2 0.170368 0.651524
131.6 0.182387 0.62225
132 0.195792 0.597765
132.4 0.210541 0.580268
132.8 0.226395 0.571492
133.2 0.242909 0.57254
133.6 0.25945 0.583758
134 0.275242 0.604687
134.4 0.289433 0.63408
134.8 0.301184 0.669995
135.2 0.309758 0.709937
135.6 0.314621 0.751058
136 0.315519 0.790382
136.4 0.312545 0.825045
136.8 0.306171 0.85252
137.2 0.297246 0.870825
137.6 0.28696 0.878677
138 0.276768 0.875603
138.4 0.26829 0.861975
138.8 0.263179 0.838991
139.2 0.262987 0.808592
139.6 0.269025 0.773322
140 0.282234 0.736148
140.4 0.303089 0.700252
140.8 0.33152 0.668815
141.2 0.366888 0.644802
141.6 0.407997 0.630768
142 0.453143 0.628703
142.4 0.500211 0.639918
142.8 0.546797 0.664983
143.2 0.590345 0.703718
143.6 0.628308 0.755235
144 0.658293 0.81803
144.4 0.678204 0.890108
144.8 0.68636 0.969131
145.2 0.681582 1.05259
145.6 0.663259 1.13795
146 0.631367 1.22282
146.4 0.586463 1.30508
146.8 0.529658 1.38293
147.2 0.462548 1.45501
147.6 0.387147 1.52035
148 0.305794 1.57839
148.4 0.221064 1.6289
148.8 0.135667 1.67191
149.2 0.0523555 1.7076
149.6 -0.0261615 1.73618
150 -0.0973089 1.75785
150.4 -0.158722 1.77266
150.8 -0.208323 1.78047
151.2 -0.244387 1.78095
151.6 -0.265606 1.77358
152 -0.271141 1.75766
152.4 -0.260669 1.73244
152.8 -0.234412 1.69715
153.2 -0.193152 1.65115
153.6 -0.138225 1.59405
154 -0.071494 1.52575
154.4 0.00470866 1.4466
154.8 0.0876577 1.35736
155.2 0.174341 1.25932
155.6 0.261582 1.15419
156 0.346181 1.04409
156.4 0.425065 0.931453
156.8 0.495427 0.818872
157.2 0.554866 0.708991
157.6 0.601502 0.604341
158 0.634063 0.507198
158.4 0.651935 0.419454
158.8 0.655179 0.342512
159.2 0.644504 0.277221
159.6 0.621199 0.223846
160 0.587042 0.182078
160.4 0.544171 0.151087
160.8 0.494944 0.129609
161.2 0.441795 0.116056
161.6 0.38709 0.108646
162 0.332998 0.10554
162.4 0.281386 0.104966
162.8 0.233744 0.105337
163.2 0.191139 0.105343
163.6 0.154204 0.104004
164 0.12316 0.100706
164.4 0.0978624 0.0951883
164.8 0.0778701 0.0875166
165.2 0.0625236 0.0780195
165.6 0.0510324 0.067216
166 0.0425574 0.0557315
166.4 0.0362837 0.0442152
166.8 0.03148 0.0332656
167.2 0.0275387 0.0233701
167.6 0.023998 0.0148646
168 0.0205452 0.00791416
168.4 0.0170046 0.00251496
168.8 0.0133128 -0.00148448
169.2 0.00948716 -0.00434739
169.6 0.00559142 -0.00640333
170 0.00170304 -0.0079993
170.4 -0.00211362 -0.00945338
170.8 -0.00582587 -0.0110159
171.2 -0.00944156 -0.0128425
171.6 -0.0130082 -0.0149804
172 -0.0166036 -0.0173703
172.4 -0.0203197 -0.0198603
172.8 -0.0242434 -0.0222309
173.2 -0.0284358 -0.0242272
173.6 -0.0329152 -0.0255929
174 -0.0376438 -0.026103
174.4 -0.0425218 -0.0255904
174.8 -0.0473894 -0.023964
175.2 -0.0520359 -0.0212168
175.6 -0.0562156 -0.0174232
176 -0.0596696 -0.0127267
176.4 -0.0621486 -0.00732134
176.8 -0.0634372 -0.00142761
177.2 -0.0633746 0.00473119
177.6 -0.0618711 0.0109507
178 -0.0589176 0.0170619
178.4 -0.0545868 0.0229402
178.8 -0.0490273 0.0285072
179.2 -0.0424489 0.0337247
179.6 -0.0351027 0.0385834
180 -0.027256 0.0430886
180.4 -0.0191656 0.0472453
180.8 -0.0110515 0.0510464
181.2 -0.00307357 0.0544663
181.6 0.00468607 0.0574612
182 0.0122339 0.059978
182.4 0.0196673 0.0619692
182.8 0.0271684 0.0634141
183.2 0.0349888 0.0643408
183.6 0.0434281 0.064848
184 0.0528053 0.0651207
184.4 0.0634282 0.0654371
184.8 0.0755609 0.0661636
185.2 0.0893935 0.067737
185.6 0.105016 0.0706342
186 0.122398 0.0753301
186.4 0.14138 0.0822497
186.8 0.161668 0.0917164
187.2 0.182845 0.103905
187.6 0.204389 0.118806
188 0.225698 0.1362
188.4 0.246125 0.155657
188.8 0.265019 0.176556
189.2 0.281762 0.198124
189.6 0.295815 0.219498
190 0.306749 0.239804
190.4 0.314281 0.258234
190.8 0.318295 0.274141
191.2 0.318854 0.287103
191.6 0.3162 0.296992
192 0.310745 0.304002
192.4 0.303051 0.308654
192.8 0.293791 0.311773
193.2 0.283718 0.31442
193.6 0.273612 0.317811
194 0.264234 0.323209
194.4 0.256277 0.331802
194.8 0.250322 0.344584
195.2 0.246796 0.362248
195.6 0.245948 0.385097
196 0.247826 0.412992
196.4 0.252271 0.44533
196.8 0.258928 0.481072
197.2 0.267262 0.518801
197.6 0.276592 0.556825
198 0.286133 0.593301
198.4 0.295043 0.626381
198.8 0.302475 0.654356
199.2 0.307637 0.675798
199.6 0.309836 0.689675
200 0.308529 0.695444
200.4 0.303354 0.69309
200.8 0.294163 0.683138
201.2 0.281024 0.666607
201.6 0.264227 0.644937
202 0.244266 0.619872
202.4 0.221808 0.593336
202.8 0.197655 0.56728
203.2 0.172696 0.543552
203.6 0.147855 0.52377
204 0.124034 0.50922
204.4 0.102062 0.500795
204.8 0.0826487 0.49897
205.2 0.0663484 0.503805
205.6 0.053532 0.514997
206 0.0443761 0.531953
206.4 0.0388652 0.553882
206.8 0.0368071 0.579902
207.2 0.0378615 0.609131
207.6 0.0415787 0.640785
208 0.0474451 0.674232
208.4 0.0549334 0.709035
208.8 0.0635504 0.744954
209.2 0.0728824 0.781915
209.6 0.0826313 0.819961
210 0.0926394 0.859173
210.4 0.102902 0.899582
210.8 0.113566 0.94108
211.2 0.124908 0.98334
211.6 0.137313 1.02576
212 0.151226 1.06742
212.4 0.167106 1.10711
212.8 0.185377 1.14333
213.2 0.206374 1.17441
213.6 0.2303 1.19856
214 0.257186 1.21404
214.4 0.286872 1.2193
214.8 0.318996 1.21307
215.2 0.353 1.19456
215.6 0.388157 1.16351
216 0.423605 1.12025
216.4 0.458399 1.06578
216.8 0.491568 1.00172
217.2 0.522173 0.930229
217.6 0.54937 0.853925
218 0.572461 0.775721
218.4 0.590938 0.698663
218.8 0.60451 0.625742
219.2 0.61312 0.559709
219.6 0.616937 0.50291
220 0.616337 0.45714
220.4 0.61187 0.423536
220.8 0.604209 0.402525
221.2 0.594101 0.393807
221.6 0.582306 0.396399
222 0.569542 0.408717
222.4 0.556438 0.428705
222.8 0.543493 0.453981
223.2 0.531052 0.48201
223.6 0.519291 0.510276
224 0.508224 0.536437
224.4 0.497719 0.558472
224.8 0.487527 0.574784
225.2 0.477319 0.584274
225.6 0.466732 0.586372
226 0.455404 0.581021
226.4 0.44302 0.568636
226.8 0.429343 0.550022
227.2 0.414235 0.526278
227.6 0.397668 0.498679
228 0.379727 0.468569
228.4 0.3606 0.43725
228.8 0.340551 0.405896
229.2 0.319905 0.375478
229.6 0.299009 0.346728
230 0.278204 0.320119
230.4 0.257803 0.295874
230.8 0.238064 0.273994
231.2 0.219177 0.254308
231.6 0.201259 0.236522
232 0.184355 0.220281
232.4 0.168448 0.205222
232.8 0.153476 0.19102
233.2 0.139348 0.17742
233.6 0.125968 0.16426
234 0.113247 0.151469
234.4 0.101129 0.139066
234.8 0.0895905 0.127132
235.2 0.0786507 0.115794
235.6 0.0683679 0.105185
236 0.0588314 0.0954265
236.4 0.0501492 0.0865987
236.8 0.0424327 0.0787278
237.2 0.0357806 0.0717787
237.6 0.0302637 0.0656571
238 0.0259131 0.0602196
238.4 0.0227122 0.0552907
238.8 0.0205942 0.0506827
239.2 0.0194448 0.046218
239.6 0.0191101 0.0417479
240 0.0194086 0.0371694
240.4 0.0201454 0.0324341
240.8 0.021128 0.0275523
241.2 0.0221809 0.0225887
241.6 0.0231584 0.0176531
242 0.0239535 0.0128862
242.4 0.0245028 0.00844239
242.8 0.0247865 0.00447211
243.2 0.0248246 0.00110557
243.6 0.0246688 -0.0015606
244 0.0243926 -0.00347225
244.4 0.024079 -0.0046217
244.8 0.0238094 -0.00504664
245.2 0.0236532 -0.00482457
245.6 0.0236599 -0.00406378
246 0.0238544 -0.00289202
246.4 0.0242352 -0.00144459
246.8 0.0247763 0.000147071
247.2 0.0254317 0.00176495
247.6 0.0261419 0.0033114
248 0.0268411 0.0047131
248.4 0.0274654 0.00592187
248.8 0.0279589 0.00691292
249.2 0.0282795 0.00768093
249.6 0.0284015 0.00823501
250 0.0283169 0.00859319
250.4 0.0280339 0.00877738
250.8 0.0275737 0.00880935
251.2 0.0269662 0.00870803
251.6 0.0262451 0.00848843
252 0.0254429 0.00816188
252.4 0.0245867 0.00773737
252.8 0.0236954 0.00722345
253.2 0.0227779 0.00663029
253.6 0.0218333 0.00597135
254 0.0208526 0.0052643
254.4 0.019821 0.00453105
254.8 0.0187218 0.00379679
255.2 0.0175394 0.00308821
255.6 0.0162634 0.00243114
256 0.0148907 0.00184801
256.4 0.0134279 0.00135552
256.8 0.0118918 0.000962826
257.2 0.0103085 0.000670591
257.6 0.00871302 0.000470951
258 0.00714592 0.000348503
258.4 0.00565127 0.000282119
258.8 0.0042735 0.00024737
259.2 0.00305457 0.000219233
259.6 0.0020316 0.000174757
260 0.00123493 9.53493e-05
260.4 0.000686823 -3.15537e-05
260.8 0.00040085 -0.000211587
261.2 0.000381742 -0.000443379
261.6 0.000625721 -0.000719209
262 0.00112111 -0.00102626
262.4 0.00184908 -0.00134821
262.8 0.00278452 -0.00166694
263.2 0.00389681 -0.00196409
263.6 0.00515064 -0.00222232
264 0.00650683 -0.00242613
264.4 0.00792319 -0.00256215
264.8 0.00935556 -0.00261915
265.2 0.010759 -0.00258763
265.6 0.012089 -0.00245943
266 0.0133036 -0.0022273
266.4 0.0143646 -0.00188476
266.8 0.0152395 -0.00142634
267.2 0.0159034 -0.000848108
267.6 0.0163398 -0.000148684
268 0.0165422 0.000669642
268.4 0.016514 0.00159965
268.8 0.0162681 0.00262813
269.2 0.0158264 0.00373513
269.6 0.015218 0.00489388
270 0.0144769 0.00607128
270.4 0.01364 0.00722918
270.8 0.0127445 0.00832642
271.2 0.0118254 0.00932128
271.6 0.0109138 0.0101745
272 0.0100352 0.010852
272.4 0.00920883 0.0113279
272.8 0.00844733 0.0115866
273.2 0.00775737 0.0116244
273.6 0.00714062 0.0114496
274 0.00659515 0.0110827
274.4 0.00611706 0.0105543
274.8 0.00570201 0.00990335
275.2 0.00534656 0.00917359
275.6 0.00504918 0.00841061
276 0.00481069 0.00765814
276.4 0.00463424 0.00695487
276.8 0.00452477 0.0063317
277.2 0.00448813 0.0058097
277.6 0.00452981 0.00539901
278 0.00465371 0.00509866
278.4 0.00486087 0.00489729
278.8 0.00514853 0.00477478
279.2 0.0055095 0.0047044
279.6 0.005932 0.00465554
280 0.00639994 0.00459647
280.4 0.00689375 0.00449718
280.8 0.00739144 0.00433184
281.2 0.00787007 0.00408084
281.6 0.00830717 0.00373216
282 0.00868229 0.00328215
282.4 0.00897824 0.00273554
282.8 0.00918212 0.00210483
283.2 0.00928596 0.0014091
283.6 0.00928693 0.000672426
284 0.00918713 -7.8081e-05
284.4 0.00899308 -0.000814246
284.8 0.00871486 -0.00150883
285.2 0.00836504 -0.00213734
285.6 0.00795761 -0.00267945
286 0.00750684 -0.00312015
286.4 0.00702631 -0.00345031
286.8 0.00652814 -0.0036668
287.2 0.00602241 -0.00377216
287.6 0.00551695 -0.00377388
288 0.00501728 -0.00368327
288.4 0.00452686 -0.00351422
288.8 0.00404755 -0.00328181
289.2 0.00358009 -0.003001
289.6 0.00312478 -0.00268541
290 0.00268206 -0.00234649
290.4 0.00225305 -0.0019929
290.8 0.00183996 -0.0016304
291.2 0.00144637 -0.00126206
291.6 0.0010773 -0.000888871
292 0.000739139 -0.000510595
292.4 0.000439354 -0.000126843
292.8 0.000186099 0.000261839
293.2 -1.23066e-05 0.000652967
293.6 -0.000147951 0.00104134
294 -0.000213914 0.0014186
294.4 -0.00020482 0.00177322
294.8 -0.000117302 0.00209095
295.2 4.96577e-05 0.00235568
295.6 0.000294523 0.00255073
296 0.000613174 0.00266035
296.4 0.000999029 0.00267141
296.8 0.00144332 0.00257502
297.2 0.00193548 0.00236789
297.6 0.00246364 0.00205337
298 0.00301516 0.00164196
298.4 0.00357713 0.00115124
298.8 0.00413691 0.000605112
299.2 0.00468253 3.25125e-05
299.6 0.00520303 -0.000534417
300 0.00568869 -0.00106252
300.4 0.00613118 -0.00152002
300.8 0.00652354 -0.00187886
301.2 0.00686018 -0.00211686
301.6 0.00713679 -0.00221942
302 0.00735021 -0.00218071
302.4 0.00749835 -0.00200408
302.8 0.00758013 -0.00170186
303.2 0.0075954 -0.00129437
303.6 0.00754498 -0.000808315
304 0.00743066 -0.000274731
304.4 0.00725525 0.000273437
304.8 0.00702263 0.000803838
305.2 0.00673766 0.00128713
305.6 0.00640623 0.00169908
306 0.00603501 0.00202222
306.4 0.00563136 0.00224688
306.8 0.00520295 0.00237161
307.2 0.00475754 0.00240282
307.6 0.00430259 0.00235392
308 0.00384498 0.00224381
308.4 0.00339069 0.00209505
308.8 0.00294469 0.0019318
309.2 0.00251077 0.00177766
309.6 0.00209164 0.00165374
310 0.00168901 0.00157696
310.4 0.00130392 0.00155882
310.8 0.000936946 0.00160466
311.2 0.000588648 0.00171351
311.6 0.000259841 0.00187848
312 -4.81e-05 0.00208759
312.4 -0.000333049 0.00232508
312.8 -0.000592055 0.00257291
313.2 -0.000821397 0.00281243
313.6 -0.00101677 0.003026
314 -0.0011736 0.00319843
314.4 -0.0012874 0.00331819
314.8 -0.0013542 0.00337816
315.2 -0.00137103 0.00337602
315.6 -0.00133622 0.00331417
316 -0.00124974 0.00319926
316.4 -0.00111341 0.00304133
316.8 -0.000930913 0.00285279
317.2 -0.000707726 0.00264714
317.6 -0.000450927 0.00243776
318 -0.00016888 0.00223676
318.4 0.000129153 0.00205405
318.8 0.000433429 0.00189661
319.2 0.000734153 0.00176819
319.6 0.00102188 0.00166926
320 0.00128788 0.00159732
320.4 0.00152438 0.00154745
320.8 0.00172483 0.00151311
321.2 0.00188397 0.00148699
321.6 0.00199794 0.00146193
322 0.00206424 0.00143177
322.4 0.00208173 0.00139196
322.8 0.00205049 0.0013401
323.2 0.0019718 0.00127614
323.6 0.00184797 0.00120233
324 0.00168226 0.00112297
324.4 0.00147876 0.00104393
324.8 0.00124224 0.000972009
325.2 0.000978052 0.000914273
325.6 0.000691982 0.000877328
326 0.000390088 0.000866685
326.4 7.85567e-05 0.000886233
326.8 -0.000236457 0.000937875
327.2 -0.000548985 0.00102135
327.6 -0.000853397 0.00113424
328 -0.00114452 0.00127219
328.4 -0.00141777 0.00142921
328.8 -0.00166919 0.00159818
329.2 -0.00189557 0.00177134
329.6 -0.00209442 0.00194088
330 -0.00226401 0.00209944
330.4 -0.00240335 0.00224058
330.8 -0.00251217 0.00235913
331.2 -0.00259088 0.0024515
331.6 -0.00264053 0.00251572
332 -0.00266274 0.00255154
332.4 -0.00265967 0.00256027
332.8 -0.00263389 0.00254455
333.2 -0.00258828 0.00250815
333.6 -0.00252593 0.00245556
334 -0.00244993 0.00239164
334.4 -0.00236322 0.00232132
334.8 -0.00226839 0.00224915
335.2 -0.00216748 0.00217911
335.6 -0.00206182 0.00211429
336 -0.00195194 0.00205679
336.4 -0.00183743 0.00200758
336.8 -0.00171705 0.00196656
337.2 -0.00158878 0.0019326
337.6 -0.00145006 0.00190375
338 -0.00129807 0.00187743
338.4 -0.0011301 0.00185076
338.8 -0.000943933 0.00182078
339.2 -0.00073826 0.0017848
339.6 -0.000513034 0.00174062
340 -0.000269742 0.00168678
340.4 -1.15669e-05 0.00162265
340.8 0.0002566 0.00154847
341.2 0.000528303 0.00146536
341.6 0.000795826 0.00137514
342 0.00105064 0.0012801
342.4 0.00128393 0.00118281
342.8 0.00148724 0.00108579
343.2 0.00165307 0.000991223
343.6 0.00177544 0.000900761
344 0.0018504 0.000815306
344.4 0.0018763 0.000734935
344.8 0.00185403 0.000658898
345.2 0.00178689 0.00058571
345.6 0.00168044 0.000513319
346 0.00154209 0.000439339
346.4 0.00138058 0.000361307
346.8 0.0012054 0.000276937
347.2 0.00102612 0.000184347
347.6 0.000851794 8.22143e-05
348 0.000690445 -3.01431e-05
348.4 0.00054859 -0.000152771
348.8 0.000430962 -0.00028517
349.2 0.000340366 -0.000426451
349.6 0.000277678 -0.000575529
350 0.000241988 -0.000731333
350.4 0.000230852 -0.000892976
350.8 0.000240631 -0.00105989
351.2 0.000266863 -0.00123184
351.6 0.000304666 -0.00140891
352 0.000349101 -0.00159133
352.4 0.000395509 -0.00177923
352.8 0.000439773 -0.00197241
353.2 0.000478515 -0.00217002
353.6 0.000509216 -0.00237028
354 0.000530264 -0.0025703
354.4 0.000540936 -0.00276601
354.8 0.000541332 -0.00295218
355.2 0.000532266 -0.00312263
355.6 0.000515119 -0.00327057
356 0.000491688 -0.00338907
356.4 0.000464009 -0.00347156
356.8 0.00043419 -0.00351247
357.2 0.000404245 -0.00350771
357.6 0.000375939 -0.00345519
358 0.000350654 -0.00335514
358.4 0.000329284 -0.00321023
358.8 0.000312152 -0.00302558
359.2 0.000298977 -0.00280846
359.6 0.000288879 -0.00256785
360 0.000280427 -0.00231389
360.4 0.000271737 -0.00205713
360.8 0.000260609 -0.0018078
361.2 0.000244696 -0.00157513
361.6 0.000221701 -0.00136667
362 0.000189575 -0.00118784
362.4 0.000146715 -0.00104164
362.8 9.21299e-05 -0.000928565
363.2 2.55767e-05 -0.000846717
363.6 -5.23612e-05 -0.00079216
364 -0.00014025 -0.000759393
364.4 -0.000235843 -0.000741951
364.8 -0.000336181 -0.000733057
365.2 -0.000437733 -0.000726262
365.6 -0.000536588 -0.000716019
366 -0.000628662 -0.000698141
366.4 -0.000709911 -0.000670101
366.8 -0.000776544 -0.000631165
367.2 -0.0008252 -0.000582342
367.6 -0.000853097 -0.000526173
368 -0.000858145 -0.000466391
368.4 -0.000839001 -0.000407485
368.8 -0.000795092 -0.000354208
369.2 -0.000726601 -0.000311101
369.6 -0.000634412 -0.000282047
370 -0.000520043 -0.00026992
370.4 -0.000385565 -0.000276333
370.8 -0.000233512 -0.000301527
371.2 -6.67935e-05 -0.000344376
371.6 0.000111385 -0.000402514
372 0.0002976 -0.00047257
372.4 0.000488277 -0.000550459
372.8 0.000679756 -0.000631731
373.2 0.000868347 -0.000711909
373.6 0.0010504 -0.000786812
374 0.00122235 -0.000852829
374.4 0.00138079 -0.000907117
374.8 0.00152256 -0.000947727
375.2 0.00164476 -0.000973635
375.6 0.00174487 -0.000984711
376 0.00182076 -0.000981612
376.4 0.00187081 -0.000965628
376.8 0.00189391 -0.000938503
377.2 0.00188951 -0.000902242
377.6 0.00185769 -0.00085893
378 0.00179912 -0.000810573
378.4 0.0017151 -0.000758976
378.8 0.00160758 -0.000705656
379.2 0.00147908 -0.000651806
379.6 0.00133271 -0.000598294
380 0.00117209 -0.000545691
380.4 0.0010013 -0.000494327
380.8 0.000824772 -0.000444363
381.2 0.000647173 -0.000395862
381.6 0.00047329 -0.000348862
382 0.000307861 -0.000303437
382.4 0.000155417 -0.000259743
382.8 2.01017e-05 -0.000218054
383.2 -9.44927e-05 -0.000178782
383.6 -0.000185488 -0.000142479
384 -0.00025085 -0.000109838
384.4 -0.000289487 -8.16854e-05
384.8 -0.000301305 -5.89621e-05
385.2 -0.000287205 -4.27094e-05
385.6 -0.000249035 -3.40458e-05
386 -0.000189488 -3.41404e-05
386.4 -0.00011195 -4.41783e-05
386.8 -2.03176e-05 -6.53167e-05
387.2 8.12128e-05 -9.86293e-05
387.6 0.000188357 -0.000145039
388 0.000296952 -0.000205243
388.4 0.000403143 -0.000279623
388.8 0.000503532 -0.000368168
389.2 0.000595288 -0.000470391
389.6 0.000676209 -0.000585268
390 0.000744736 -0.000711201
390.4 0.000799926 -0.000846011
390.8 0.000841394 -0.000986975
391.2 0.000869226 -0.0011309
391.6 0.000883885 -0.00127423
392 0.000886113 -0.00141322
392.4 0.000876842 -0.00154409
392.8 0.000857121 -0.00166323
393.2 0.000828058 -0.00176738
393.6 0.000790783 -0.0018538
394 0.00074643 -0.00192044
394.4 0.000696125 -0.00196598
394.8 0.000640983 -0.00198991
395.2 0.000582105 -0.00199247
395.6 0.000520571 -0.00197463
396 0.000457423 -0.00193787
396.4 0.000393636 -0.00188409
396.8 0.000330091 -0.0018154
397.2 0.000267533 -0.00173391
397.6 0.000206537 -0.00164156
398 0.000147481 -0.00154002
398.4 9.05308e-05 -0.00143052
398.8 3.56408e-05 -0.00131393
399.2 -1.74202e-05 -0.00119067
399.6 -6.90256e-05 -0.00106087
400 -0.000119628 -0.000924479
