-9.12206 -9.12198
-9.11104 -9.11104
-9.12089 -9.12085
-9.11433 -9.11434
-9.11029 -9.11033
-9.09754 -9.09757
-9.10163 -9.10171
-9.10829 -9.10831
-9.1111 -9.11119
-9.10406 -9.10403
-9.09298 -9.09322
-9.10556 -9.10563
-9.10927 -9.10924
-9.12039 -9.12036
-9.10165 -9.10173
-9.08912 -9.08946
-9.10597 -9.10598
-9.10654 -9.1067
-9.09317 -9.09359
-9.09483 -9.09518
-9.10841 -9.10851
-9.1061 -9.1062
-9.09554 -9.09591
-9.10107 -9.10164
-9.11938 -9.11935
-9.10443 -9.10449
-9.08288 -9.08327
-9.08317 -9.08337
-9.09975 -9.09969
-9.09694 -9.09707
-9.0931 -9.09332
-9.10423 -9.10464
-9.09765 -9.09767
-9.08305 -9.08308
-9.08556 -9.08591
-9.11688 -9.11683
-9.09109 -9.09136
-9.0819 -9.0819
-9.09678 -9.09701
-9.09714 -9.09755
-9.08661 -9.08641
-9.09759 -9.09767
-9.08823 -9.08833
-9.08083 -9.081
-9.09052 -9.09087
-9.08582 -9.08576
-9.11276 -9.11271
-9.07431 -9.07452
-9.09061 -9.09076
-9.08131 -9.08153
-9.08774 -9.08812
-9.09112 -9.09161
-9.07781 -9.07774
-9.087 -9.08708
-9.07986 -9.08029
-9.07577 -9.07637
-9.086 -9.08651
-9.11117 -9.11121
-9.07318 -9.07334
-9.07187 -9.07207
-9.08081 -9.08087
-9.06579 -9.06568
-9.08004 -9.08047
-9.07773 -9.07818
-9.07703 -9.07677
-9.07701 -9.0771
-9.07148 -9.07169
-9.07415 -9.07451
-9.11336 -9.11346
-9.05957 -9.06029
-9.06957 -9.06981
-9.06704 -9.06755
-9.0581 -9.05906
-9.07472 -9.07503
-9.06329 -9.06402
-9.06808 -9.06855
-9.06637 -9.06653
-9.05828 -9.05887
-9.06117 -9.06175
-9.1171 -9.11707
-9.05814 -9.05855
-9.0689 -9.06968
-9.05827 -9.05885
-9.07081 -9.07082
-9.0619 -9.0623
-9.05595 -9.05628
-9.06688 -9.06719
-9.05698 -9.05758
-9.06757 -9.06775
-9.05199 -9.05218
-9.11687 -9.11686
-9.0726 -9.07289
-9.1212 -9.12119
-9.04661 -9.04649
-9.05781 -9.0587
-9.05868 -9.05906
-9.05978 -9.05993
-9.06574 -9.06679
-9.05617 -9.05742
-9.06668 -9.06717
-9.04258 -9.04372
-9.06397 -9.06424
-9.11557 -9.1156
-9.04421 -9.04465
-9.06569 -9.06675
-9.04562 -9.04606
-9.06605 -9.06649
-9.05478 -9.05565
-9.05309 -9.05311
-9.04533 -9.04599
-9.05797 -9.05862
-9.04441 -9.0448
-9.05256 -9.05354
-9.11269 -9.11265
-9.04504 -9.04473
-9.04365 -9.04439
-9.05 -9.051
-9.04795 -9.04799
-9.04121 -9.04179
-9.03653 -9.03762
-9.04483 -9.04515
-9.03348 -9.03411
-9.05474 -9.05563
-9.04358 -9.04364
-9.10603 -9.10609
-9.03777 -9.03833
-9.03655 -9.0373
-9.0483 -9.04883
-9.03384 -9.03463
-9.05613 -9.05678
-9.02935 -9.03074
-9.05278 -9.05344
-9.05143 -9.05214
-9.0426 -9.04384
-9.03489 -9.0362
-9.10879 -9.10877
-9.04036 -9.04065
-9.0312 -9.0319
-9.029 -9.02979
-9.03925 -9.04009
-9.03014 -9.03185
-9.04704 -9.04803
-9.02129 -9.02236
-9.04036 -9.04134
-9.01909 -9.01965
-9.03457 -9.03548
-9.11391 -9.11382
-9.00596 -9.00722
-9.05396 -9.05436
-8.99866 -8.99926
-9.04277 -9.04361
-9.02516 -9.02574
-9.03484 -9.03566
-9.02014 -9.02103
-9.03119 -9.03206
-9.02169 -9.02276
-9.00283 -9.00384
-9.1147 -9.11467
-9.03743 -9.03808
-9.00581 -9.00655
-9.03556 -9.03564
-8.99409 -8.99489
-9.04432 -9.04491
-9.00748 -9.00828
-9.01354 -9.01451
-9.0073 -9.00757
-9.01094 -9.01202
-9.02281 -9.02368
-9.11039 -9.11042
-9.01069 -9.0118
-9.03094 -9.03148
-8.98083 -8.98092
-9.02368 -9.02432
-8.99483 -8.99579
-9.00974 -9.00988
-9.01432 -9.01432
-9.00468 -9.00493
-9.01021 -9.01033
-8.99393 -8.99448
-9.10245 -9.10246
-9.03196 -9.0325
-8.99522 -8.99641
-9.00617 -9.0067
-9.02602 -9.02639
-8.99934 -8.99977
-9.01706 -9.0181
-9.00582 -9.00583
-9.01773 -9.01795
-9.00062 -9.00052
-8.99878 -8.9983
-9.10324 -9.10325
-9.01546 -9.01541
-8.99014 -8.99086
-9.00948 -9.00893
-8.99539 -8.9953
-8.97761 -8.97768
-9.02031 -9.02018
-8.9919 -8.99293
-9.00459 -9.00474
-9.00153 -9.00088
-9.10103 -9.10091
-9.10103 -9.10072
-9.10103 -9.10069
-9.10103 -9.10063
-9.10103 -9.10054
-9.10103 -9.10055
-8.52701 -8.52738
-8.65261 -8.65258
-8.75789 -8.75796
-8.84538 -8.84534
-8.91625 -8.91618
-8.9723 -8.9722
-9.0157 -9.01548
-9.04845 -9.04819
-9.07266 -9.07239
-9.09008 -9.08991
-9.10229 -9.10226
-9.11069 -9.11067
-9.11625 -9.11615
-9.11955 -9.11946
-9.1213 -9.12123
-9.12201 -9.1219
-9.12196 -9.12183
-9.12134 -9.12125
-9.12039 -9.12036
-9.11927 -9.11927
-9.11808 -9.11809
-9.1169 -9.1169
-9.11572 -9.11572
-9.11458 -9.11458
-9.11351 -9.1135
-9.11254 -9.11248
-9.11164 -9.11153
-9.11081 -9.11063
-9.11005 -9.10981
-9.10933 -9.10906
-9.10865 -9.10838
-9.108 -9.10775
-9.10736 -9.10717
-9.10676 -9.10666
-9.10621 -9.10619
-9.10571 -9.10576
-9.10528 -9.10535
-9.10493 -9.10498
-9.10466 -9.10464
-9.10444 -9.10432
-9.10427 -9.10404
-9.10218 -9.10236
-9.10103 -9.10156
-9.10103 -9.10109
-8.80248 -8.80116
-8.90349 -8.90335
-8.94801 -8.94787
-8.89594 -8.89564
-8.93652 -8.93651
-8.88683 -8.88593
-8.87821 -8.87656
-8.86145 -8.86028
-8.93793 -8.93807
-8.87998 -8.87904
-8.88744 -8.88557
-8.9222 -8.92259
-8.85975 -8.86023
-8.89503 -8.89428
-8.9127 -8.9129
-8.89995 -8.89845
-8.86864 -8.86822
-8.88663 -8.88585
-8.86734 -8.86736
-8.89557 -8.89403
-8.85948 -8.8587
-8.91137 -8.91193
-8.84853 -8.84649
-8.85275 -8.8511
-8.87661 -8.87806
-8.93272 -8.93343
-8.92013 -8.91997
-8.90707 -8.90628
-8.82204 -8.82151
-8.7701 -8.76753
-8.87635 -8.87807
-8.86512 -8.86437
-8.84974 -8.84896
-8.94068 -8.94055
-8.85718 -8.85689
-8.86923 -8.8673
-8.88889 -8.88819
-8.86376 -8.86349
-8.91874 -8.91758
-8.8827 -8.88333
-8.79144 -8.79004
-8.82016 -8.8204
-8.91493 -8.91348
-8.87668 -8.8772
-8.90897 -8.90978
-8.89259 -8.89202
-8.93397 -8.93407
-8.84746 -8.84578
-8.87737 -8.87786
-9.12206 -9.12198
-9.12629 -9.12653
-9.11371 -9.1138
-9.12522 -9.12535
-9.11913 -9.11938
-9.11646 -9.11658
-9.10158 -9.10163
-9.10085 -9.10149
-9.11494 -9.11512
-9.11653 -9.11671
-9.10682 -9.10722
-9.09476 -9.0951
-9.11281 -9.11287
-9.1145 -9.11491
-9.1248 -9.12491
-9.108 -9.1084
-9.09335 -9.09346
-9.10642 -9.10628
-9.11085 -9.11077
-9.09759 -9.09805
-9.09444 -9.09505
-9.10913 -9.10944
-9.10918 -9.10929
-9.09309 -9.09316
-9.10063 -9.10091
-9.12375 -9.12384
-9.10939 -9.10966
-9.09633 -9.09673
-9.08402 -9.08413
-9.10451 -9.10444
-9.10142 -9.10144
-9.08301 -9.08347
-9.10263 -9.10313
-9.10207 -9.10233
-9.08503 -9.08502
-9.08671 -9.08661
-9.12148 -9.1217
-9.10019 -9.10012
-9.08683 -9.08719
-9.09258 -9.09317
-9.09966 -9.09978
-9.08576 -9.08587
-9.07993 -9.07989
-9.08983 -9.08985
-9.08433 -9.08459
-9.086 -9.0866
-9.09511 -9.09562
-9.118 -9.11837
-9.08339 -9.08357
-9.08568 -9.08599
-9.08181 -9.08193
-9.07433 -9.07475
-9.08638 -9.08662
-9.07772 -9.07796
-9.07574 -9.07608
-9.08352 -9.08367
-9.06884 -9.06899
-9.07918 -9.07937
-9.11525 -9.11526
-9.08942 -9.08995
-9.06886 -9.06932
-9.08591 -9.08615
-9.07545 -9.07534
-9.06275 -9.0631
-9.08041 -9.08026
-9.06795 -9.06795
-9.08119 -9.08204
-9.07146 -9.07236
-9.0667 -9.06653
-9.11872 -9.11889
-9.06902 -9.0692
-9.04911 -9.04938
-9.08421 -9.08392
-9.07568 -9.07631
-9.06922 -9.07022
-9.08152 -9.08139
-9.04944 -9.04916
-9.07411 -9.07427
-9.05852 -9.05873
-9.06737 -9.06709
-9.12233 -9.12257
-9.07843 -9.07888
-9.05518 -9.05624
-9.08056 -9.08076
-9.05175 -9.05142
-9.05619 -9.05635
-9.05594 -9.05601
-9.0463 -9.04626
-9.07638 -9.07635
-9.04843 -9.04894
-9.07882 -9.07947
-9.12313 -9.12323
-9.05693 -9.0569
-9.12532 -9.12549
-9.06009 -9.06019
-9.05805 -9.05826
-9.05288 -9.05269
-9.06178 -9.06185
-9.04915 -9.04957
-9.06081 -9.06095
-9.03995 -9.04066
-9.05754 -9.05789
-9.03936 -9.0396
-9.12156 -9.12178
-9.04173 -9.04222
-9.03613 -9.03708
-9.04038 -9.04074
-9.052 -9.05235
-9.05259 -9.05286
-9.05326 -9.05404
-9.05433 -9.05437
-9.05187 -9.05167
-9.0318 -9.03231
-9.05757 -9.05756
-9.11708 -9.11727
-9.0484 -9.04874
-9.05392 -9.05418
-9.02373 -9.02383
-9.05178 -9.05192
-9.01535 -9.01586
-9.05692 -9.05689
-9.02811 -9.02848
-9.06444 -9.06477
-9.0322 -9.03242
-9.06286 -9.06268
-9.11087 -9.11116
-9.02571 -9.02597
-9.05667 -9.05686
-9.00511 -9.0055
-9.05512 -9.05518
-9.01487 -9.01523
-9.066 -9.06625
-9.02274 -9.02326
-9.04853 -9.04923
-9.00799 -9.00867
-9.0502 -9.05036
-9.11314 -9.11342
-9.01892 -9.01939
-9.05043 -9.05116
-9.01701 -9.01711
-9.05328 -9.05347
-9.02979 -9.0305
-9.04483 -9.04539
-9.0335 -9.03401
-9.03966 -9.0398
-9.02489 -9.02497
-9.02243 -9.02325
-9.11958 -9.11975
-9.04305 -9.04328
-9.03455 -9.03474
-9.04501 -9.04509
-9.00017 -9.00047
-9.0469 -9.04708
-9.00725 -9.00766
-9.04883 -9.04926
-8.99421 -8.99515
-9.02824 -9.02801
-9.01166 -9.01169
-9.1207 -9.12096
-9.03924 -9.03979
-9.02455 -9.02521
-9.01226 -9.01304
-9.0338 -9.03392
-8.99793 -8.99871
-9.03685 -9.03702
-9.00245 -9.00288
-9.04875 -9.04941
-9.01651 -9.01663
-9.03439 -9.03476
-9.11846 -9.11858
-9.00737 -9.00734
-9.01557 -9.01517
-9.01833 -9.01927
-9.00495 -9.00578
-9.02788 -9.02841
-8.99899 -8.99894
-9.04881 -9.04851
-8.99611 -8.99701
-9.03142 -9.03209
-9.02086 -9.02179
-9.1083 -9.10873
-9.015 -9.01546
-9.01998 -9.0194
-8.98841 -8.98862
-9.0367 -9.03691
-8.98856 -8.98963
-9.03298 -9.03385
-9.00275 -9.00306
-8.99694 -8.99707
-9.00883 -9.00983
-8.99829 -8.99941
-9.10491 -9.10511
-9.02748 -9.02829
-8.98466 -8.98601
-9.01632 -9.01675
-9.02288 -9.02291
-8.98453 -8.98618
-9.02892 -9.03001
-8.99092 -8.99211
-9.02467 -9.02546
-8.99601 -8.99666
-9.10103 -9.10091
-9.10103 -9.10082
-9.10103 -9.10074
-9.10103 -9.10063
-9.10103 -9.10063
-9.10103 -9.10056
-8.66575 -8.66578
-8.79002 -8.79023
-8.884 -8.88404
-8.95418 -8.95417
-9.00611 -9.00613
-9.04427 -9.04423
-9.07174 -9.07183
-9.09128 -9.09151
-9.10498 -9.10521
-9.11431 -9.11447
-9.12027 -9.12045
-9.1237 -9.12404
-9.12547 -9.12593
-9.1262 -9.12658
-9.12625 -9.1264
-9.12567 -9.12564
-9.12455 -9.12453
-9.12324 -9.1232
-9.12203 -9.12176
-9.12069 -9.12029
-9.11926 -9.11884
-9.11779 -9.11744
-9.11634 -9.11611
-9.11494 -9.11486
-9.11362 -9.11371
-9.1124 -9.11264
-9.11129 -9.11164
-9.11032 -9.11072
-9.10946 -9.10987
-9.10871 -9.1091
-9.10807 -9.10839
-9.1075 -9.10776
-9.10696 -9.10719
-9.10646 -9.10667
-9.106 -9.10619
-9.10559 -9.10575
-9.10525 -9.10535
-9.10498 -9.105
-9.10474 -9.10468
-9.10457 -9.1044
-9.10442 -9.10414
-9.1021 -9.1024
-9.10103 -9.10156
-9.10103 -9.10119
-8.81147 -8.8102
-8.88224 -8.88322
-8.94003 -8.94017
-8.88645 -8.88559
-8.85308 -8.85336
-8.94779 -8.94756
-8.88124 -8.88122
-8.83327 -8.83339
-8.84412 -8.84399
-8.89452 -8.89509
-8.90445 -8.90411
-8.84549 -8.84526
-8.86667 -8.86661
-8.91262 -8.91309
-8.91631 -8.91802
-8.85903 -8.85903
-8.87242 -8.87139
-8.93623 -8.93578
-8.92958 -8.93064
-8.87563 -8.87645
-8.90132 -8.90218
-8.8826 -8.88312
-8.87148 -8.87077
-8.90774 -8.90801
-8.90967 -8.9105
-8.95012 -8.95111
-8.92945 -8.93079
-8.87621 -8.87758
-8.86261 -8.86318
-8.92811 -8.92868
-8.92677 -8.92921
-8.84564 -8.84443
-8.91084 -8.91159
-8.83997 -8.84031
-8.86805 -8.86714
-8.87163 -8.8712
-8.86431 -8.86354
-8.8739 -8.87517
-8.822 -8.82183
-8.90562 -8.90577
-8.87849 -8.87834
-8.89107 -8.8905
-8.82296 -8.82226
-8.87591 -8.8757
-8.93019 -8.93024
-8.9117 -8.91161
-8.89831 -8.8985
-8.87433 -8.87394
-8.82467 -8.82422
-9.12629 -9.12653
-9.12273 -9.12285
-9.11202 -9.11209
-9.12166 -9.12184
-9.11495 -9.11511
-9.11045 -9.11055
-9.10065 -9.10078
-9.10358 -9.10374
-9.11269 -9.11272
-9.11343 -9.11344
-9.10639 -9.10683
-9.10462 -9.10503
-9.11012 -9.11039
-9.10759 -9.10755
-9.12133 -9.12146
-9.10028 -9.10008
-9.09798 -9.09786
-9.10973 -9.10973
-9.11346 -9.11388
-9.10118 -9.10175
-9.10025 -9.1004
-9.10625 -9.10624
-9.0977 -9.09783
-9.09032 -9.09066
-9.10708 -9.10739
-9.12036 -9.1205
-9.10665 -9.1069
-9.08724 -9.08769
-9.0942 -9.09432
-9.10406 -9.10414
-9.09322 -9.09337
-9.09241 -9.09283
-9.10638 -9.10661
-9.09484 -9.09514
-9.08227 -9.08226
-9.10177 -9.10173
-9.11795 -9.11806
-9.10042 -9.10044
-9.08082 -9.08133
-9.10154 -9.10183
-9.09116 -9.09133
-9.07942 -9.07915
-9.09137 -9.09126
-9.0962 -9.0962
-9.08179 -9.08276
-9.09843 -9.09882
-9.09472 -9.0947
-9.11394 -9.11396
-9.07351 -9.07325
-9.08642 -9.08644
-9.08287 -9.08287
-9.07106 -9.07147
-9.08775 -9.08792
-9.08102 -9.08099
-9.07826 -9.07815
-9.08227 -9.0823
-9.07407 -9.07417
-9.08005 -9.08039
-9.11251 -9.11264
-9.08056 -9.08088
-9.07133 -9.07117
-9.0736 -9.07358
-9.07115 -9.07136
-9.07854 -9.07843
-9.07522 -9.07575
-9.07479 -9.07507
-9.07757 -9.07783
-9.06662 -9.06709
-9.07243 -9.07281
-9.11561 -9.11575
-9.06983 -9.06996
-9.06758 -9.06811
-9.07177 -9.07188
-9.06212 -9.06214
-9.06068 -9.06068
-9.06725 -9.06701
-9.07021 -9.07052
-9.06662 -9.06722
-9.06918 -9.06919
-9.0725 -9.07234
-9.11811 -9.11819
-9.04908 -9.04908
-9.07111 -9.07092
-9.06156 -9.06185
-9.06288 -9.0633
-9.05634 -9.0567
-9.06134 -9.061
-9.05603 -9.05575
-9.06003 -9.0596
-9.0699 -9.07008
-9.06543 -9.06593
-9.11935 -9.11953
-9.07018 -9.07104
-9.12202 -9.12217
-9.06718 -9.06712
-9.04843 -9.04855
-9.04732 -9.04737
-9.04984 -9.05012
-9.04506 -9.04548
-9.05714 -9.05772
-9.05514 -9.05561
-9.04514 -9.04566
-9.05565 -9.05611
-9.11867 -9.1188
-9.05671 -9.05724
-9.06368 -9.06415
-9.05944 -9.06001
-9.06394 -9.06427
-9.05243 -9.05204
-9.05338 -9.05344
-9.0455 -9.04627
-9.04183 -9.04212
-9.04239 -9.04251
-9.04046 -9.04087
-9.11385 -9.11401
-9.03815 -9.03812
-9.04746 -9.04799
-9.05455 -9.05532
-9.05736 -9.05833
-9.05673 -9.05733
-9.04924 -9.04912
-9.04228 -9.04277
-9.04137 -9.04161
-9.04223 -9.04237
-9.03788 -9.03812
-9.10564 -9.10589
-9.01282 -9.01341
-9.02634 -9.02657
-9.0259 -9.02627
-9.01542 -9.0154
-9.03593 -9.03615
-9.0375 -9.03788
-9.02912 -9.0294
-9.04465 -9.04483
-9.0276 -9.02799
-9.0463 -9.0468
-9.1087 -9.10889
-9.05435 -9.05493
-9.02898 -9.02969
-9.03483 -9.03485
-9.0451 -9.0455
-9.03514 -9.03551
-9.03523 -9.03582
-9.03248 -9.03369
-9.03079 -9.03107
-9.02829 -9.02884
-9.02467 -9.02525
-9.11536 -9.11539
-9.00876 -9.00861
-9.01626 -9.01637
-9.01877 -9.01978
-9.03687 -9.03715
-9.03449 -9.03457
-9.01746 -9.01829
-9.03449 -9.03536
-9.03261 -9.03292
-9.02285 -9.02356
-9.02947 -9.02918
-9.11627 -9.11629
-9.00897 -9.00981
-9.02144 -9.02241
-9.03161 -9.03216
-9.00953 -9.01002
-9.00652 -9.00686
-8.99986 -8.99975
-9.0042 -9.00492
-9.00917 -9.01044
-9.011 -9.01144
-9.01182 -9.01213
-9.11248 -9.1126
-9.02142 -9.02144
-9.00252 -9.0026
-9.01932 -9.0198
-9.02012 -9.02059
-9.00691 -9.00783
-9.01134 -9.01153
-9.01798 -9.01785
-9.01781 -9.01839
-9.01517 -9.01694
-9.04291 -9.04303
-9.10525 -9.10541
-9.01581 -9.01604
-9.00597 -9.00581
-9.06138 -9.06197
-9.07631 -9.07654
-9.01419 -9.01597
-8.99753 -9.00011
-9.06332 -9.06316
-9.04101 -9.04125
-8.93285 -8.93464
-9.01858 -9.01818
-9.10336 -9.10347
-9.04114 -9.04113
-8.99638 -8.99731
-8.95103 -8.95322
-9.03207 -9.03216
-9.03203 -9.03276
-8.96458 -8.96614
-8.96183 -8.96388
-9.02328 -9.02322
-9.005 -9.00552
-9.10102 -9.1009
-9.10102 -9.10079
-9.10102 -9.10067
-9.10102 -9.10066
-9.10102 -9.10061
-9.10102 -9.10055
-8.50358 -8.50406
-8.657 -8.65682
-8.77572 -8.77565
-8.86732 -8.86732
-8.93752 -8.93745
-8.99057 -8.99061
-9.0305 -9.03043
-9.05979 -9.05986
-9.08107 -9.08127
-9.0964 -9.09652
-9.10704 -9.1071
-9.11408 -9.11418
-9.11847 -9.11867
-9.12093 -9.12128
-9.12224 -9.12253
-9.12274 -9.12283
-9.12247 -9.12249
-9.12165 -9.12173
-9.12055 -9.12071
-9.11933 -9.11954
-9.11809 -9.11829
-9.11687 -9.11703
-9.11568 -9.11579
-9.11456 -9.11461
-9.11354 -9.1135
-9.11263 -9.11248
-9.1118 -9.11152
-9.11102 -9.11063
-9.11027 -9.1098
-9.10953 -9.10904
-9.1088 -9.10837
-9.10808 -9.10775
-9.10738 -9.10719
-9.10671 -9.10668
-9.10611 -9.10622
-9.10558 -9.10578
-9.10516 -9.10538
-9.10482 -9.10502
-9.10457 -9.10469
-9.10437 -9.10439
-9.10423 -9.10411
-9.1022 -9.10234
-9.10102 -9.10159
-9.10102 -9.10117
-8.87125 -8.87087
-8.85266 -8.8514
-8.82483 -8.82377
-8.92828 -8.92721
-8.86399 -8.86224
-8.91777 -8.918
-8.89789 -8.89997
-8.92253 -8.92184
-8.87089 -8.8722
-8.94115 -8.94301
-8.89228 -8.89409
-8.85074 -8.85042
-8.8983 -8.8986
-8.90581 -8.90688
-8.86701 -8.86663
-8.91634 -8.91764
-8.89349 -8.89351
-8.82284 -8.82142
-8.87539 -8.87544
-8.82049 -8.81867
-8.93202 -8.93437
-8.90282 -8.90328
-8.87682 -8.87722
-8.90849 -8.90789
-8.94555 -8.94736
-8.90005 -8.89967
-8.94868 -8.95
-8.89087 -8.89003
-8.83654 -8.83618
-8.85022 -8.85012
-8.88077 -8.88203
-8.89929 -8.89803
-8.86849 -8.86865
-8.89159 -8.89371
-8.92861 -8.92889
-8.8235 -8.82341
-8.88948 -8.88883
-8.8809 -8.88196
-8.84416 -8.846
-8.89041 -8.89109
-8.89524 -8.8964
-8.81313 -8.81184
-8.88072 -8.8811
-8.90885 -8.9107
-8.88072 -8.88259
-8.9593 -8.95946
-8.8464 -8.84521
-8.90802 -8.91085
-8.8799 -8.87876
-9.12273 -9.12285
-8.88834 -8.88793
-8.81556 -8.81393
-9.12206 -9.12198
-8.87038 -8.86961
-8.88663 -8.88481
-9.12206 -9.12198
-8.86563 -8.86743
-8.85558 -8.85403
-9.12232 -9.1222
-8.96087 -8.96077
-8.89858 -8.90035
-9.12268 -9.1226
-8.9472 -8.94689
-8.84706 -8.84812
-9.12268 -9.1226
-8.82896 -8.82812
-8.90296 -8.90187
-9.12278 -9.12269
-8.89598 -8.8955
-8.88997 -8.89026
-9.12354 -9.12359
-8.88804 -8.8886
-8.86742 -8.86678
-9.12465 -9.12454
-8.88246 -8.8827
-8.88998 -8.88857
-9.12493 -9.12479
-8.89389 -8.89323
-8.95812 -8.95777
-9.12381 -9.1238
-8.88416 -8.88374
-8.93735 -8.93675
-9.12254 -9.12244
-8.91518 -8.91589
-8.91916 -8.9194
-9.12219 -9.12203
-8.88901 -8.88916
-8.91453 -8.91251
-9.12219 -9.12203
-8.90988 -8.91043
-8.83173 -8.83077
-9.12253 -9.12247
-8.89316 -8.89278
-8.87245 -8.87193
-9.12288 -9.1228
-8.73503 -8.7341
-8.90317 -8.90254
-9.12279 -9.1227
-8.84849 -8.84869
-8.89109 -8.89058
-9.12274 -9.12272
-8.9253 -8.92621
-8.83993 -8.8397
-9.12339 -9.12333
-8.80807 -8.80713
-8.89835 -8.89814
-9.1244 -9.12437
-8.95347 -8.95378
-8.89684 -8.89589
-9.12467 -9.12457
-8.76458 -8.76261
-8.87558 -8.87444
-9.12371 -9.12367
-8.85807 -8.85733
-8.85521 -8.85469
-9.12255 -9.12251
-8.88262 -8.88108
-8.90676 -8.90801
-9.12253 -9.12248
-8.88448 -8.88326
-8.90212 -8.902
-9.12253 -9.12248
-8.94551 -8.94629
-8.94473 -8.94374
-9.12307 -9.12302
-8.91116 -8.90986
-8.92075 -8.92022
-9.12341 -9.12335
-8.91144 -8.91157
-8.86366 -8.86209
-9.12307 -9.123
-8.83433 -8.8322
-8.91284 -8.91289
-9.12268 -9.12261
-8.90032 -8.89881
-8.89631 -8.89579
-9.12299 -9.12298
-8.90089 -8.90125
-8.91742 -8.91639
-9.12378 -9.12375
-8.86675 -8.86647
-8.90123 -8.90143
-9.12408 -9.12402
-8.88227 -8.88204
-8.9163 -8.91667
-9.12342 -9.12337
-8.82739 -8.82699
-8.87811 -8.8796
-9.12261 -9.12253
-8.88111 -8.8801
-8.88388 -8.883
-9.12299 -9.12298
-8.84727 -8.84651
-8.89155 -8.89199
-9.123 -9.12298
-8.87129 -8.8705
-8.87034 -8.86933
-9.12378 -9.12375
-8.90641 -8.9066
-8.91677 -8.91743
-9.12408 -9.12402
-8.94397 -8.94371
-8.89845 -8.8999
-9.12342 -9.12337
-8.88545 -8.88473
-8.90867 -8.909
-9.12261 -9.12253
-8.91704 -8.91591
-8.90389 -8.9046
-9.12253 -9.12248
-8.83544 -8.8347
-8.86192 -8.86026
-9.12307 -9.12302
-8.83437 -8.83405
-8.85965 -8.85989
-9.12341 -9.12335
-8.93072 -8.93114
-8.85439 -8.85387
-9.12306 -9.123
-8.88047 -8.88103
-8.91465 -8.91588
-9.12268 -9.12261
-8.92716 -8.9274
-8.85131 -8.85014
-9.12339 -9.12333
-8.87848 -8.87697
-8.86354 -8.86332
-9.12339 -9.12333
-8.90719 -8.90696
-8.88183 -8.8804
-9.1244 -9.12437
-8.8918 -8.89041
-8.78086 -8.77895
-9.12467 -9.12457
-8.91769 -8.91702
-8.80758 -8.80664
-9.12371 -9.12367
-8.85852 -8.85849
-8.92359 -8.92288
-9.12256 -9.12251
-8.83355 -8.83195
-8.8187 -8.8171
-9.12219 -9.12203
-8.86519 -8.86621
-8.83068 -8.82999
-9.12252 -9.12247
-8.91415 -8.91359
-8.89108 -8.89208
-9.12288 -9.1228
-8.95131 -8.95252
-8.86932 -8.87035
-9.12279 -9.1227
-8.85738 -8.85673
-8.86438 -8.86338
-9.12274 -9.12272
-8.94119 -8.94137
-8.88103 -8.8809
-9.12354 -9.12359
-8.87857 -8.87873
-8.90342 -8.90482
-9.12354 -9.12359
-8.82975 -8.82998
-8.93859 -8.93881
-9.12465 -9.12454
-8.90363 -8.90337
-8.88321 -8.88183
-9.12493 -9.12479
-8.90572 -8.90593
-8.95809 -8.9579
-9.12381 -9.1238
-8.91719 -8.91774
-8.93287 -8.93224
-9.12253 -9.12244
-8.85266 -8.85164
-8.94147 -8.94131
-9.12206 -9.12198
-8.89843 -8.89754
-8.93059 -8.9306
-9.12232 -9.12219
-8.81443 -8.81343
-8.88342 -8.8827
-9.12268 -9.1226
-8.85979 -8.85889
-8.90502 -8.90398
-9.12268 -9.1226
-8.86876 -8.87021
-8.93118 -8.93145
-9.12278 -9.12269
-9.31771 -9.31756
-9.31771 -9.31736
-9.31771 -9.3173
-9.31771 -9.31725
-9.31771 -9.31717
-9.31771 -9.31721
-8.66092 -8.663
-8.7908 -8.7891
-8.89534 -8.89457
-8.98775 -8.9893
-9.07144 -9.07004
-9.14121 -9.14134
-9.19498 -9.19442
-9.23569 -9.23467
-9.26717 -9.26751
-9.29111 -9.29091
-9.30785 -9.30711
-9.31907 -9.318
-9.32714 -9.32505
-9.33235 -9.33021
-9.33523 -9.3334
-9.33626 -9.33508
-9.33601 -9.33572
-9.33537 -9.33567
-9.33493 -9.33516
-9.33429 -9.33436
-9.33343 -9.3334
-9.33239 -9.33237
-9.33139 -9.33132
-9.33047 -9.33028
-9.32958 -9.32929
-9.32873 -9.32836
-9.3279 -9.32748
-9.32707 -9.32667
-9.3263 -9.32591
-9.32559 -9.32521
-9.32493 -9.32457
-9.32429 -9.32398
-9.32365 -9.32344
-9.32299 -9.32295
-9.32231 -9.32249
-9.32168 -9.32207
-9.32113 -9.32169
-9.32068 -9.32134
-9.32036 -9.32103
-9.32013 -9.32074
-9.31998 -9.32049
-9.31907 -9.3189
-9.31771 -9.31814
-9.31771 -9.31771
-9.12487 -9.12368
-9.08365 -9.08452
-9.14206 -9.14361
-9.03402 -9.03234
-9.07981 -9.07922
-9.11113 -9.11012
-9.11919 -9.11791
-9.04653 -9.04605
-9.04142 -9.03929
-9.12361 -9.12212
-9.07778 -9.07792
-9.06617 -9.06496
-9.08583 -9.08499
-9.03816 -9.03644
-9.10496 -9.10648
-9.0922 -9.09016
-9.11111 -9.11046
-9.02178 -9.01914
-9.07504 -9.07349
-9.07665 -9.07569
-9.0883 -9.08729
-9.01096 -9.00974
-9.08443 -9.08294
-9.12522 -9.12637
-9.05456 -9.05237
-9.06211 -9.05942
-9.06678 -9.06469
-9.04701 -9.04557
-9.09898 -9.09644
-9.09944 -9.0995
-9.15828 -9.15751
-9.03548 -9.03389
-9.07109 -9.06988
-9.05583 -9.0545
-9.04987 -9.04807
-9.01864 -9.01826
-9.14087 -9.1401
-9.08676 -9.08516
-9.09072 -9.08957
-9.06488 -9.06324
-9.02961 -9.02675
-9.04162 -9.04006
-9.07064 -9.06967
-9.13785 -9.13752
-9.12228 -9.12255
-9.04966 -9.04801
-9.11407 -9.11464
-9.10278 -9.10298
-9.05961 -9.05862
-9.33575 -9.33596
-9.31771 -9.31756
-9.31771 -9.31735
-9.31771 -9.3173
-9.31771 -9.31725
-9.31771 -9.31717
-9.31771 -9.31721
-8.77451 -8.77425
-8.91996 -8.92027
-9.03168 -9.03186
-9.11666 -9.11678
-9.18063 -9.1806
-9.22805 -9.22817
-9.2632 -9.26327
-9.28865 -9.28882
-9.30696 -9.30708
-9.31989 -9.31983
-9.32798 -9.32847
-9.33289 -9.33405
-9.33628 -9.33739
-9.33846 -9.33913
-9.33959 -9.33974
-9.33969 -9.33957
-9.33889 -9.3389
-9.33779 -9.3379
-9.3369 -9.33673
-9.33577 -9.33546
-9.33441 -9.33417
-9.33293 -9.33291
-9.3315 -9.33169
-9.33021 -9.33054
-9.32906 -9.32947
-9.32806 -9.32848
-9.32719 -9.32757
-9.32643 -9.32673
-9.32576 -9.32595
-9.32517 -9.32524
-9.32462 -9.32458
-9.32405 -9.32399
-9.32345 -9.32345
-9.32282 -9.32295
-9.32217 -9.32249
-9.32157 -9.32207
-9.32105 -9.32169
-9.32065 -9.32134
-9.32036 -9.32103
-9.32017 -9.32074
-9.32005 -9.32049
-9.31902 -9.31889
-9.31771 -9.31814
-9.31771 -9.31771
-9.10491 -9.10711
-9.10035 -9.09829
-9.08817 -9.08671
-9.1115 -9.10723
-9.094 -9.09252
-9.13067 -9.12854
-9.14087 -9.14248
-9.13004 -9.13002
-9.06681 -9.06445
-9.07338 -9.07555
-9.05718 -9.05467
-9.14709 -9.14751
-9.10458 -9.10416
-9.08895 -9.08731
-9.06746 -9.06559
-9.10114 -9.10334
-9.12694 -9.12519
-9.11669 -9.11645
-9.00951 -9.00793
-9.08085 -9.08038
-9.082 -9.08372
-9.07664 -9.0764
-9.09387 -9.09231
-9.12461 -9.12265
-9.1189 -9.11909
-9.11221 -9.11059
-9.03848 -9.03747
-9.04906 -9.0488
-9.08406 -9.08187
-9.16979 -9.16883
-9.13993 -9.13997
-9.06497 -9.06491
-9.06689 -9.06379
-9.02295 -9.02017
-9.08985 -9.08672
-9.13095 -9.1316
-9.13035 -9.12814
-9.0478 -9.04492
-9.05459 -9.05474
-9.07823 -9.07655
-9.10174 -9.09914
-9.14466 -9.14455
-9.04262 -9.04156
-9.13783 -9.13664
-9.0982 -9.09696
-9.07367 -9.07238
-9.13719 -9.1362
-9.11721 -9.11572
-9.05783 -9.05499
-9.33959 -9.33974
-9.11518 -9.11358
-9.12601 -9.12362
-9.33959 -9.33974
-9.09904 -9.0974
-9.11216 -9.11372
-9.33959 -9.33974
-9.05591 -9.05553
-9.13206 -9.13319
-9.33846 -9.33885
-9.06726 -9.06995
-9.08772 -9.08711
-9.33597 -9.33608
-9.12397 -9.1239
-8.96405 -8.9608
-9.33526 -9.33367
-9.09483 -9.09256
-9.10823 -9.10709
-9.33535 -9.33427
-9.04946 -9.05243
-9.02208 -9.02111
-9.33674 -9.33704
-9.03568 -9.03523
-9.12529 -9.12669
-9.33912 -9.33941
-9.06121 -9.0607
-9.09225 -9.09137
-9.33949 -9.33973
-9.11634 -9.11578
-9.0698 -9.06917
-9.33861 -9.33915
-9.08693 -9.08692
-9.06275 -9.06166
-9.33891 -9.33934
-9.00662 -9.00612
-9.07583 -9.07656
-9.33928 -9.33956
-9.07106 -9.06845
-9.10213 -9.10173
-9.3393 -9.33956
-9.05128 -9.05073
-9.0711 -9.06923
-9.33845 -9.33885
-9.08309 -9.08288
-9.09262 -9.09123
-9.33627 -9.33646
-9.13781 -9.13598
-9.1066 -9.10575
-9.33536 -9.33426
-9.07961 -9.0764
-9.0746 -9.0736
-9.33546 -9.33474
-9.09696 -9.09676
-9.09454 -9.0958
-9.33697 -9.33737
-9.06219 -9.05956
-9.06651 -9.06481
-9.33896 -9.3393
-9.0646 -9.06383
-9.03507 -9.03339
-9.33913 -9.3394
-9.00057 -8.9996
-9.15321 -9.15244
-9.33819 -9.33868
-9.07924 -9.07918
-9.12405 -9.12344
-9.33846 -9.33885
-9.04381 -9.04356
-9.0559 -9.05266
-9.33845 -9.33885
-9.011 -9.00937
-9.11679 -9.11612
-9.33846 -9.33887
-9.11091 -9.11285
-9.07413 -9.07284
-9.33842 -9.33899
-9.01299 -9.01367
-9.04528 -9.04364
-9.33696 -9.33738
-9.09489 -9.09252
-8.99765 -8.99649
-9.33579 -9.33569
-9.0867 -9.08444
-9.07024 -9.06801
-9.33598 -9.33607
-9.00209 -9.00095
-9.08657 -9.08665
-9.33759 -9.338
-9.07337 -9.07241
-9.0392 -9.03793
-9.33862 -9.33915
-9.04605 -9.04258
-9.10117 -9.10182
-9.33808 -9.3385
-9.02269 -9.02175
-9.07037 -9.07163
-9.33698 -9.33737
-9.0853 -9.08229
-9.10615 -9.10552
-9.33723 -9.33765
-8.99814 -8.99782
-9.11529 -9.11723
-9.33759 -9.33801
-9.00025 -8.99962
-9.11244 -9.1129
-9.3376 -9.33801
-9.06225 -9.06339
-9.12895 -9.12818
-9.33861 -9.33917
-9.09114 -9.08931
-9.01369 -9.01296
-9.33807 -9.3385
-9.0209 -9.02057
-9.04113 -9.03862
-9.33696 -9.33736
-9.09449 -9.0942
-9.02807 -9.02742
-9.33723 -9.33763
-9.11556 -9.1143
-9.0644 -9.06384
-9.33845 -9.33883
-9.06164 -9.06405
-9.05759 -9.05616
-9.33842 -9.33898
-9.05391 -9.05314
-9.11408 -9.11429
-9.33697 -9.33736
-9.03569 -9.03591
-9.11701 -9.11395
-9.33581 -9.33569
-9.09429 -9.09482
-9.10704 -9.10495
-9.33599 -9.3361
-9.1042 -9.10422
-9.06131 -9.06108
-9.33697 -9.33738
-9.06834 -9.06615
-9.15643 -9.15732
-9.33697 -9.33739
-9.01863 -9.01787
-9.06704 -9.06824
-9.33896 -9.33931
-9.16608 -9.16731
-9.04475 -9.04305
-9.33912 -9.33941
-9.12305 -9.12294
-9.12327 -9.12366
-9.33818 -9.33868
-9.08971 -9.09011
-9.00168 -8.9998
-9.33845 -9.33883
-9.11889 -9.12016
-9.05577 -9.05394
-9.33929 -9.33956
-9.11515 -9.11535
-9.00984 -9.01006
-9.33844 -9.33884
-9.11138 -9.10951
-9.11339 -9.11386
-9.33627 -9.33645
-9.09677 -9.09748
-9.0386 -9.03656
-9.33536 -9.33426
-9.10442 -9.10331
-9.0606 -9.06004
-9.33547 -9.33475
-9.08617 -9.08658
-9.10382 -9.10278
-9.33674 -9.33704
-9.07361 -9.07249
-9.04309 -9.04116
-9.33674 -9.33704
-9.06252 -9.06114
-8.99216 -8.99018
-9.33913 -9.33941
-9.05208 -9.05101
-9.10686 -9.10306
-9.33949 -9.33973
-9.12193 -9.12327
-9.10191 -9.10044
-9.33862 -9.33915
-9.07514 -9.07555
-9.04754 -9.04935
-9.33891 -9.33934
-9.01723 -9.01571
-9.11691 -9.11543
-9.33959 -9.33974
-9.00825 -9.00723
-9.09306 -9.09222
-9.33846 -9.33885
-9.05459 -9.05128
-9.09281 -9.09223
-9.33597 -9.33608
-9.08103 -9.08302
-9.06454 -9.06578
-9.33527 -9.33367
-9.11272 -9.11517
-9.00623 -9.00581
-9.33536 -9.33427
-8.89372 -8.89361
-8.89372 -8.89351
-8.89372 -8.8934
-8.89372 -8.89334
-8.89372 -8.89332
-8.89372 -8.89324
-8.57131 -8.5717
-8.65302 -8.65292
-8.71896 -8.71897
-8.7719 -8.77179
-8.8132 -8.81326
-8.84533 -8.8452
-8.86977 -8.86928
-8.88742 -8.88702
-8.89991 -8.89972
-8.90851 -8.90851
-8.91412 -8.9143
-8.91785 -8.91783
-8.91989 -8.91969
-8.92028 -8.92035
-8.9199 -8.92015
-8.91918 -8.91938
-8.91799 -8.91823
-8.91648 -8.91687
-8.91493 -8.91539
-8.91352 -8.91387
-8.91218 -8.91237
-8.91089 -8.91092
-8.90964 -8.90953
-8.90839 -8.90823
-8.90712 -8.907
-8.90586 -8.90586
-8.90467 -8.90482
-8.90359 -8.90385
-8.90264 -8.90297
-8.90181 -8.90218
-8.90111 -8.90145
-8.9005 -8.90078
-8.89995 -8.90018
-8.89945 -8.89963
-8.899 -8.89914
-8.89858 -8.89869
-8.89819 -8.89829
-8.89783 -8.89792
-8.8975 -8.89758
-8.89724 -8.89726
-8.89703 -8.89697
-8.89523 -8.89513
-8.89372 -8.8943
-8.89372 -8.89389
-8.68389 -8.68339
-8.65264 -8.65078
-8.69619 -8.69704
-8.75963 -8.76051
-8.6547 -8.65458
-8.71818 -8.71943
-8.68376 -8.68299
-8.65572 -8.65464
-8.75739 -8.75903
-8.6949 -8.69542
-8.73147 -8.7322
-8.70793 -8.70716
-8.73004 -8.73105
-8.67267 -8.67276
-8.66208 -8.66133
-8.70359 -8.70436
-8.72287 -8.72432
-8.70026 -8.70053
-8.68313 -8.68188
-8.73677 -8.73752
-8.69736 -8.69785
-8.69861 -8.69933
-8.67096 -8.67234
-8.75027 -8.75108
-8.66324 -8.66387
-8.67685 -8.67814
-8.61617 -8.61518
-8.73572 -8.7356
-8.66381 -8.66392
-8.74951 -8.7515
-8.64433 -8.64395
-8.74638 -8.7479
-8.69063 -8.68946
-8.7111 -8.71204
-8.72663 -8.72628
-8.68606 -8.68552
-8.71504 -8.71654
-8.66327 -8.66523
-8.67939 -8.68064
-8.71296 -8.71519
-8.71999 -8.72104
-8.65791 -8.65824
-8.71875 -8.71981
-8.6543 -8.65234
-8.70781 -8.7087
-8.71824 -8.72103
-8.7315 -8.73421
-8.72044 -8.72053
-8.62224 -8.62371
-8.92039 -8.92073
-8.89372 -8.89362
-8.89372 -8.8935
-8.89372 -8.8934
-8.89372 -8.89334
-8.89372 -8.89331
-8.89372 -8.89325
-8.03324 -8.03513
-8.24507 -8.24432
-8.42299 -8.42295
-8.55933 -8.55859
-8.65969 -8.65936
-8.73354 -8.73386
-8.78853 -8.78858
-8.82873 -8.82843
-8.85745 -8.85712
-8.87777 -8.87749
-8.89194 -8.89168
-8.9017 -8.90133
-8.90816 -8.90764
-8.91206 -8.91154
-8.91395 -8.9137
-8.91466 -8.91466
-8.91488 -8.91479
-8.91474 -8.91435
-8.91417 -8.91355
-8.91316 -8.91252
-8.91197 -8.91138
-8.91068 -8.91019
-8.90935 -8.90901
-8.90801 -8.90785
-8.90676 -8.90673
-8.90566 -8.90566
-8.90471 -8.90467
-8.90388 -8.90376
-8.90317 -8.90291
-8.90251 -8.90213
-8.90187 -8.90141
-8.90126 -8.90076
-8.90066 -8.90017
-8.90005 -8.89963
-8.89946 -8.89913
-8.89889 -8.89869
-8.89837 -8.89829
-8.89789 -8.89792
-8.8975 -8.89757
-8.89718 -8.89725
-8.89694 -8.89696
-8.89533 -8.89513
-8.89372 -8.8943
-8.89372 -8.89388
-8.70557 -8.70404
-8.70565 -8.70643
-8.73835 -8.73921
-8.68094 -8.67975
-8.74886 -8.74988
-8.72084 -8.72177
-8.70258 -8.70149
-8.69502 -8.69666
-8.71182 -8.71303
-8.72289 -8.7224
-8.61757 -8.61463
-8.71687 -8.71748
-8.70523 -8.70648
-8.76479 -8.76525
-8.704 -8.70373
-8.71631 -8.71757
-8.70981 -8.70879
-8.70837 -8.70892
-8.6502 -8.6472
-8.74482 -8.74416
-8.62942 -8.62743
-8.70909 -8.70837
-8.65705 -8.65617
-8.73839 -8.73812
-8.68415 -8.68279
-8.72815 -8.72793
-8.65406 -8.65439
-8.67119 -8.67082
-8.68241 -8.68286
-8.69056 -8.69
-8.72594 -8.72526
-8.72287 -8.72254
-8.70892 -8.7076
-8.5926 -8.59155
-8.72011 -8.71924
-8.71622 -8.71532
-8.74125 -8.74135
-8.68079 -8.68127
-8.68497 -8.68434
-8.63124 -8.62908
-8.65304 -8.65121
-8.70938 -8.70933
-8.63211 -8.63109
-8.6243 -8.62206
-8.71029 -8.70981
-8.65917 -8.65728
-8.71337 -8.71403
-8.68638 -8.68543
-8.71717 -8.71863
-8.91504 -8.9152
-8.89372 -8.89361
-8.89372 -8.8935
-8.89372 -8.8934
-8.89372 -8.89334
-8.89372 -8.8933
-8.89372 -8.89324
-8.45839 -8.45854
-8.58379 -8.58406
-8.67826 -8.67819
-8.74835 -8.74831
-8.80004 -8.80016
-8.83796 -8.83812
-8.86565 -8.86559
-8.88531 -8.88514
-8.89864 -8.89877
-8.90776 -8.90798
-8.9139 -8.91394
-8.91761 -8.91753
-8.91929 -8.91939
-8.91961 -8.92003
-8.91935 -8.91983
-8.91893 -8.91906
-8.91826 -8.91794
-8.91712 -8.91661
-8.91553 -8.91516
-8.91386 -8.91367
-8.91234 -8.91219
-8.91091 -8.91077
-8.90945 -8.90941
-8.90802 -8.90813
-8.90665 -8.90692
-8.90544 -8.9058
-8.90437 -8.90477
-8.90346 -8.90382
-8.90269 -8.90295
-8.90199 -8.90216
-8.90135 -8.90143
-8.90073 -8.90077
-8.90014 -8.90017
-8.89957 -8.89963
-8.89904 -8.89913
-8.89854 -8.89868
-8.89812 -8.89828
-8.89774 -8.89791
-8.89746 -8.89757
-8.89725 -8.89724
-8.89711 -8.89695
-8.89521 -8.89512
-8.89372 -8.89429
-8.89372 -8.89388
-8.66492 -8.66402
-8.70978 -8.70976
-8.70897 -8.70771
-8.6346 -8.63337
-8.68171 -8.68097
-8.73607 -8.73517
-8.65097 -8.65034
-8.68965 -8.68908
-8.73795 -8.73662
-8.65767 -8.65615
-8.63679 -8.63616
-8.74571 -8.74525
-8.74809 -8.74856
-8.70378 -8.70218
-8.72394 -8.72374
-8.64313 -8.64246
-8.68418 -8.68302
-8.69714 -8.69529
-8.64952 -8.64789
-8.67188 -8.67231
-8.7131 -8.71198
-8.68752 -8.6872
-8.70648 -8.70511
-8.67378 -8.6724
-8.73612 -8.73559
-8.70547 -8.70457
-8.68509 -8.68404
-8.74005 -8.74052
-8.70066 -8.69912
-8.64651 -8.64503
-8.70423 -8.70366
-8.68035 -8.68035
-8.65032 -8.65042
-8.70131 -8.70121
-8.73322 -8.73418
-8.73968 -8.73917
-8.7075 -8.70713
-8.71179 -8.71114
-8.71506 -8.71507
-8.67858 -8.67711
-8.73673 -8.73554
-8.70227 -8.70184
-8.73346 -8.73288
-8.70198 -8.70189
-8.69064 -8.69009
-8.7661 -8.76562
-8.6196 -8.61836
-8.71224 -8.71248
-8.66369 -8.66329
-8.91967 -8.92035
-8.89372 -8.89362
-8.89372 -8.8935
-8.89372 -8.8934
-8.89372 -8.89334
-8.89372 -8.89331
-8.89372 -8.89325
-8.51509 -8.51525
-8.6218 -8.62188
-8.70327 -8.70363
-8.76574 -8.76558
-8.8121 -8.812
-8.84582 -8.84632
-8.87068 -8.87134
-8.88876 -8.88923
-8.90134 -8.90173
-8.9098 -8.91015
-8.91538 -8.91557
-8.91881 -8.91878
-8.92028 -8.92037
-8.92039 -8.9208
-8.92015 -8.92044
-8.91965 -8.91955
-8.91852 -8.91833
-8.91689 -8.91692
-8.91523 -8.91541
-8.91372 -8.91387
-8.91229 -8.91235
-8.9109 -8.91089
-8.90956 -8.90951
-8.90825 -8.90821
-8.90696 -8.90698
-8.90573 -8.90585
-8.90459 -8.9048
-8.90357 -8.90385
-8.90267 -8.90297
-8.90188 -8.90218
-8.9012 -8.90144
-8.90058 -8.90079
-8.90002 -8.90018
-8.8995 -8.89964
-8.89901 -8.89914
-8.89857 -8.89869
-8.89817 -8.89829
-8.89781 -8.89792
-8.8975 -8.89757
-8.89726 -8.89725
-8.89708 -8.89696
-8.89521 -8.89513
-8.89372 -8.8943
-8.89372 -8.89388
-8.70176 -8.70146
-8.76414 -8.76466
-8.73554 -8.73609
-8.72347 -8.72294
-8.73055 -8.73095
-8.60758 -8.60594
-8.76379 -8.76346
-8.67646 -8.67548
-8.67534 -8.67506
-8.72535 -8.72561
-8.72987 -8.73079
-8.73226 -8.734
-8.74799 -8.74793
-8.70493 -8.70448
-8.69757 -8.69663
-8.72458 -8.72554
-8.71868 -8.7199
-8.73089 -8.7313
-8.67579 -8.67502
-8.72928 -8.72916
-8.71017 -8.71056
-8.69127 -8.69011
-8.72032 -8.72018
-8.73556 -8.73591
-8.69554 -8.69502
-8.64007 -8.64012
-8.66753 -8.66613
-8.72268 -8.72243
-8.70329 -8.70303
-8.72193 -8.72289
-8.65072 -8.64943
-8.71034 -8.7108
-8.7014 -8.70091
-8.68413 -8.68471
-8.76358 -8.7633
-8.69214 -8.69178
-8.69946 -8.69879
-8.72146 -8.72118
-8.66036 -8.66023
-8.68398 -8.68343
-8.67669 -8.67673
-8.62454 -8.62342
-8.76317 -8.76262
-8.76921 -8.76965
-8.70705 -8.70664
-8.68557 -8.68529
-8.73581 -8.7357
-8.73507 -8.73573
-8.72365 -8.72396
-8.92044 -8.92088
-8.89372 -8.89361
-8.89372 -8.89351
-8.89372 -8.8934
-8.89372 -8.89334
-8.89372 -8.89332
-8.89372 -8.89324
-8.12296 -8.12368
-8.32656 -8.32647
-8.48179 -8.48162
-8.59928 -8.59925
-8.68762 -8.68774
-8.75377 -8.75377
-8.80301 -8.8026
-8.8387 -8.83832
-8.86418 -8.86413
-8.88226 -8.88248
-8.89511 -8.89525
-8.90394 -8.90389
-8.90948 -8.90948
-8.91286 -8.91287
-8.91489 -8.91468
-8.91581 -8.91537
-8.91565 -8.9153
-8.91493 -8.91472
-8.91417 -8.91381
-8.91322 -8.91272
-8.91202 -8.91152
-8.91069 -8.9103
-8.90938 -8.90908
-8.9081 -8.90789
-8.90691 -8.90675
-8.90582 -8.90568
-8.90485 -8.90468
-8.90397 -8.90375
-8.90319 -8.9029
-8.90248 -8.90212
-8.90181 -8.90141
-8.90119 -8.90075
-8.9006 -8.90016
-8.90002 -8.89962
-8.89946 -8.89913
-8.89891 -8.89869
-8.89841 -8.89828
-8.89793 -8.89791
-8.89754 -8.89757
-8.89722 -8.89726
-8.89697 -8.89697
-8.8953 -8.89513
-8.89372 -8.8943
-8.89372 -8.89389
-8.68902 -8.68907
-8.72404 -8.72275
-8.68136 -8.68107
-8.72054 -8.71886
-8.71078 -8.70908
-8.71745 -8.71564
-8.72273 -8.72435
-8.71844 -8.71904
-8.6656 -8.66403
-8.69377 -8.69158
-8.65954 -8.65753
-8.68995 -8.68813
-8.69949 -8.69824
-8.75788 -8.75646
-8.72731 -8.72727
-8.72197 -8.72112
-8.69771 -8.69576
-8.7124 -8.71263
-8.70627 -8.70627
-8.60978 -8.60711
-8.67885 -8.67787
-8.69018 -8.69116
-8.73119 -8.73079
-8.65873 -8.65779
-8.76374 -8.76321
-8.74733 -8.74707
-8.75537 -8.75646
-8.68567 -8.68355
-8.70866 -8.7069
-8.71958 -8.71973
-8.75259 -8.75352
-8.71937 -8.71881
-8.63097 -8.62812
-8.71118 -8.70918
-8.74413 -8.74298
-8.75324 -8.75159
-8.71475 -8.7141
-8.73196 -8.73281
-8.67702 -8.6776
-8.68017 -8.67908
-8.64438 -8.64306
-8.71386 -8.71257
-8.71384 -8.71307
-8.68971 -8.68872
-8.6574 -8.6542
-8.64316 -8.64287
-8.73116 -8.72978
-8.77796 -8.77794
-8.72984 -8.72815
-8.91596 -8.91573
-8.73482 -8.73553
-8.72688 -8.72678
-8.91504 -8.91518
-8.68509 -8.68587
-8.72987 -8.73007
-8.91504 -8.91518
-8.66053 -8.65838
-8.7199 -8.71972
-8.91594 -8.91609
-8.68185 -8.68301
-8.67116 -8.67061
-8.91791 -8.91795
-8.70711 -8.70701
-8.68305 -8.68196
-8.91911 -8.91903
-8.67196 -8.67048
-8.71521 -8.7148
-8.91893 -8.91891
-8.74011 -8.73938
-8.74996 -8.7495
-8.91847 -8.91869
-8.7651 -8.76564
-8.72625 -8.72686
-8.91893 -8.91891
-8.71123 -8.71167
-8.71873 -8.71816
-8.91911 -8.91902
-8.66013 -8.65947
-8.69655 -8.69643
-8.91791 -8.91796
-8.68727 -8.6866
-8.73943 -8.73979
-8.91594 -8.91609
-8.72858 -8.72808
-8.71052 -8.70914
-8.91535 -8.91547
-8.69848 -8.69817
-8.70974 -8.70922
-8.91535 -8.91547
-8.67674 -8.67719
-8.70662 -8.70613
-8.91623 -8.91639
-8.71505 -8.71448
-8.72502 -8.72513
-8.91797 -8.91804
-8.65788 -8.65725
-8.7199 -8.71894
-8.91893 -8.91891
-8.72408 -8.72341
-8.72193 -8.72254
-8.91866 -8.91867
-8.73629 -8.7356
-8.70579 -8.70479
-8.91817 -8.91831
-8.68551 -8.68739
-8.71439 -8.71354
-8.91865 -8.91867
-8.71953 -8.71992
-8.70806 -8.70728
-8.91893 -8.91891
-8.63222 -8.63076
-8.71573 -8.71577
-8.91797 -8.91804
-8.67225 -8.67079
-8.70066 -8.70173
-8.91623 -8.9164
-8.7133 -8.71244
-8.69674 -8.6966
-8.91623 -8.9164
-8.67149 -8.67077
-8.67163 -8.67134
-8.91623 -8.9164
-8.69641 -8.69551
-8.70413 -8.70325
-8.91695 -8.91709
-8.66087 -8.66111
-8.72494 -8.72547
-8.91817 -8.9183
-8.74091 -8.74069
-8.73469 -8.73474
-8.91854 -8.91862
-8.6725 -8.67191
-8.73255 -8.73304
-8.9179 -8.91795
-8.68581 -8.68614
-8.72895 -8.72943
-8.91735 -8.91748
-8.70518 -8.70471
-8.69892 -8.69814
-8.91791 -8.91796
-8.71958 -8.71946
-8.7184 -8.71828
-8.91854 -8.91862
-8.68709 -8.68663
-8.70887 -8.7089
-8.91817 -8.91831
-8.74734 -8.74835
-8.67669 -8.67564
-8.91696 -8.91708
-8.68329 -8.68262
-8.72553 -8.72498
-8.91735 -8.91748
-8.70736 -8.70622
-8.71534 -8.71541
-8.91735 -8.91748
-8.69422 -8.69495
-8.69618 -8.69539
-8.91791 -8.91796
-8.72324 -8.72277
-8.67029 -8.66914
-8.91854 -8.91862
-8.65187 -8.65219
-8.74233 -8.74308
-8.91817 -8.91831
-8.7097 -8.70906
-8.74024 -8.74067
-8.91696 -8.91708
-8.72921 -8.72966
-8.70855 -8.70824
-8.91623 -8.9164
-8.71833 -8.71775
-8.75182 -8.75148
-8.91696 -8.91709
-8.64584 -8.64503
-8.72852 -8.72846
-8.91817 -8.91831
-8.69591 -8.69431
-8.68688 -8.68602
-8.91854 -8.91862
-8.72389 -8.72338
-8.68498 -8.68588
-8.91791 -8.91795
-8.74235 -8.74269
-8.69837 -8.69788
-8.91817 -8.91831
-8.62219 -8.62294
-8.71024 -8.70985
-8.91817 -8.91831
-8.75363 -8.75367
-8.69174 -8.69162
-8.91865 -8.91867
-8.609 -8.60732
-8.72704 -8.72614
-8.91893 -8.91891
-8.66274 -8.66076
-8.72071 -8.72109
-8.91797 -8.91804
-8.73159 -8.73253
-8.68261 -8.68329
-8.91623 -8.9164
-8.7046 -8.70496
-8.70877 -8.70729
-8.91535 -8.91547
-8.6726 -8.6717
-8.72186 -8.721
-8.91623 -8.9164
-8.69952 -8.69797
-8.70367 -8.70296
-8.91797 -8.91804
-8.65306 -8.65162
-8.7257 -8.72442
-8.91893 -8.91891
-8.75812 -8.75822
-8.70957 -8.70979
-8.91866 -8.91867
-8.63273 -8.63191
-8.70596 -8.7061
-8.91847 -8.91869
-8.71743 -8.71744
-8.73106 -8.73115
-8.91847 -8.91869
-8.67979 -8.67903
-8.63285 -8.63205
-8.91893 -8.91891
-8.60891 -8.60777
-8.71472 -8.71439
-8.91911 -8.91902
-8.712 -8.71141
-8.72427 -8.72363
-8.91791 -8.91796
-8.61979 -8.62007
-8.76333 -8.76324
-8.91594 -8.91609
-8.69051 -8.68937
-8.69516 -8.69287
-8.91504 -8.91518
-8.7212 -8.72141
-8.67987 -8.67896
-8.91594 -8.91609
-8.73771 -8.73673
-8.63461 -8.63422
-8.91791 -8.91795
-8.70495 -8.70385
-8.68658 -8.68659
-8.91911 -8.91903
-8.71927 -8.71935
-8.67373 -8.67293
-8.91893 -8.91891
-8.95458 -8.95473
-8.94201 -8.94203
-8.95366 -8.95374
-8.94717 -8.94725
-8.94432 -8.94446
-8.93118 -8.93166
-8.93104 -8.93119
-8.94322 -8.94323
-8.94378 -8.94379
-8.93777 -8.93788
-8.9232 -8.92335
-8.93807 -8.93835
-8.94421 -8.94437
-8.95348 -8.95364
-8.93398 -8.93403
-8.91977 -8.91999
-8.93455 -8.93471
-8.94308 -8.94318
-8.93125 -8.93127
-8.91297 -8.913
-8.9335 -8.93357
-8.93957 -8.93971
-8.927 -8.92736
-8.91849 -8.91893
-8.95233 -8.95239
-8.93843 -8.93862
-8.93178 -8.93194
-8.90967 -8.90979
-8.9294 -8.92935
-8.93472 -8.93472
-8.91735 -8.91732
-8.91887 -8.91906
-8.938 -8.93809
-8.91954 -8.91963
-8.90453 -8.90523
-8.9508 -8.95089
-8.93054 -8.93081
-8.92458 -8.92487
-8.90489 -8.9054
-8.92561 -8.92589
-8.92374 -8.92415
-8.9025 -8.90326
-8.92257 -8.92275
-8.92673 -8.92659
-8.89906 -8.9001
-8.92428 -8.9242
-8.94704 -8.94713
-8.92694 -8.92694
-8.90082 -8.90073
-8.92125 -8.92105
-8.91871 -8.91892
-8.89824 -8.89921
-8.92174 -8.9223
-8.9159 -8.91624
-8.91156 -8.91154
-8.92027 -8.92024
-8.89114 -8.89203
-8.94332 -8.9435
-8.92227 -8.9228
-8.90718 -8.90804
-8.90868 -8.90905
-8.92592 -8.92609
-8.882 -8.88219
-8.91543 -8.9159
-8.90414 -8.90463
-8.90457 -8.90475
-8.9211 -8.92121
-8.88107 -8.88209
-8.94798 -8.94802
-8.91736 -8.91754
-8.90082 -8.90097
-8.89292 -8.89269
-8.92187 -8.92174
-8.87663 -8.87656
-8.91246 -8.913
-8.90179 -8.90218
-8.89087 -8.89103
-8.91303 -8.91335
-8.85918 -8.86031
-8.95075 -8.95078
-8.91276 -8.9127
-8.8906 -8.89048
-8.90646 -8.90711
-8.89767 -8.89824
-8.88982 -8.89094
-8.91243 -8.91285
-8.86556 -8.86557
-8.91486 -8.91489
-8.8674 -8.86688
-8.90521 -8.90531
-8.95158 -8.95167
-8.89494 -8.89476
-8.95394 -8.95406
-8.88713 -8.88759
-8.90478 -8.90521
-8.87899 -8.87972
-8.90094 -8.90129
-8.85515 -8.8558
-8.90862 -8.90815
-8.8702 -8.87017
-8.89314 -8.89311
-8.8807 -8.88084
-8.9499 -8.94992
-8.88388 -8.88432
-8.89546 -8.89608
-8.87719 -8.87746
-8.90279 -8.90325
-8.87296 -8.87331
-8.90646 -8.90687
-8.8469 -8.84689
-8.9109 -8.91079
-8.84598 -8.84674
-8.90866 -8.90904
-8.94691 -8.94702
-8.83949 -8.8406
-8.89498 -8.89514
-8.86452 -8.86467
-8.89571 -8.89578
-8.85857 -8.8593
-8.89249 -8.89322
-8.86438 -8.86505
-8.89167 -8.89235
-8.85513 -8.85612
-8.90085 -8.9008
-8.938 -8.93817
-8.85039 -8.85178
-8.88285 -8.88362
-8.85618 -8.85731
-8.88826 -8.88902
-8.84595 -8.84634
-8.88688 -8.88717
-8.84024 -8.84146
-8.89372 -8.89398
-8.8497 -8.8504
-8.88515 -8.88665
-8.94224 -8.9423
-8.8453 -8.84674
-8.8894 -8.88975
-8.85473 -8.85491
-8.87632 -8.87768
-8.85132 -8.85073
-8.89276 -8.89301
-8.84275 -8.84276
-8.87611 -8.87674
-8.84227 -8.84095
-8.88706 -8.88638
-8.94664 -8.94667
-8.85402 -8.85612
-8.8572 -8.85828
-8.87926 -8.88001
-8.85999 -8.86041
-8.86725 -8.87078
-8.85291 -8.85433
-8.84522 -8.8476
-8.86852 -8.86939
-8.8276 -8.82883
-8.87409 -8.87596
-8.94871 -8.94882
-8.81619 -8.81657
-8.86591 -8.86549
-8.82942 -8.83105
-8.84869 -8.84884
-8.84732 -8.84779
-8.84358 -8.84375
-8.85943 -8.85938
-8.84334 -8.84397
-8.85885 -8.85906
-8.84915 -8.8494
-8.94748 -8.94755
-8.856 -8.8563
-8.83559 -8.83755
-8.85985 -8.86001
-8.83156 -8.83449
-8.86635 -8.86817
-8.81833 -8.81999
-8.84951 -8.85008
-8.85581 -8.85564
-8.84511 -8.84555
-8.84882 -8.84954
-8.93756 -8.93772
-8.82939 -8.82952
-8.83763 -8.8392
-8.85278 -8.85306
-8.8341 -8.83533
-8.845 -8.84523
-8.82351 -8.82508
-8.84124 -8.84184
-8.82045 -8.8208
-8.8536 -8.85377
-8.82318 -8.8241
-8.93139 -8.93147
-8.83775 -8.83765
-8.83892 -8.83991
-8.83004 -8.83105
-8.84072 -8.84154
-8.82155 -8.82146
-8.84166 -8.84396
-8.82387 -8.82446
-8.81991 -8.82003
-8.84592 -8.84806
-8.91055 -8.91021
-8.90874 -8.90848
-8.90712 -8.90701
-8.90568 -8.90562
-8.90404 -8.90408
-8.90253 -8.90284
-8.90132 -8.90179
-8.90057 -8.90084
-8.9001 -8.89998
-8.89961 -8.89935
-8.89895 -8.89869
-8.8981 -8.89833
-8.89719 -8.89784
-8.89635 -8.89735
-8.8955 -8.89696
-8.89433 -8.89643
-8.89402 -8.89598
-8.89402 -8.89557
-8.89402 -8.89458
-8.89402 -8.89404
-8.89402 -8.8938
-8.89402 -8.89379
-8.11846 -8.1185
-8.89402 -8.89375
-8.89402 -8.89367
-8.45376 -8.45364
-8.66667 -8.66723
-8.79892 -8.79909
-8.87772 -8.87751
-8.92142 -8.92152
-8.94358 -8.94397
-8.94853 -8.94889
-8.95196 -8.9521
-8.95402 -8.95398
-8.9545 -8.95455
-8.9547 -8.95481
-8.95472 -8.95486
-8.95459 -8.95472
-8.95438 -8.9544
-8.9541 -8.95396
-8.95373 -8.95353
-8.95324 -8.95285
-8.95186 -8.95122
-8.94988 -8.94931
-8.94747 -8.94721
-8.94493 -8.94504
-8.94249 -8.94274
-8.94031 -8.94061
-8.93823 -8.93831
-8.93617 -8.93601
-8.93412 -8.93382
-8.93104 -8.93062
-8.92796 -8.92764
-8.92496 -8.92487
-8.92218 -8.92226
-8.91969 -8.91996
-8.9169 -8.91704
-8.91457 -8.91455
-8.9125 -8.91225
-8.76606 -8.76461
-8.76467 -8.7636
-8.6874 -8.68695
-8.73831 -8.73825
-8.70402 -8.7022
-8.70018 -8.69846
-8.73096 -8.73051
-8.71299 -8.71288
-8.74307 -8.74325
-8.77898 -8.77822
-8.73059 -8.73092
-8.76918 -8.76887
-8.73569 -8.73565
-8.76272 -8.76193
-8.70326 -8.70056
-8.66721 -8.66543
-8.71202 -8.71108
-8.71452 -8.71311
-8.76172 -8.76153
-8.77082 -8.77017
-8.69292 -8.69118
-8.75725 -8.7571
-8.71483 -8.7147
-8.72288 -8.7228
-8.78495 -8.78403
-8.76386 -8.76232
-8.70892 -8.7086
-8.73406 -8.73432
-8.706 -8.70523
-8.75263 -8.75035
-8.74125 -8.74129
-8.69009 -8.68907
-8.68725 -8.68609
-8.72106 -8.71915
-8.73802 -8.73646
-8.735 -8.73386
-8.70797 -8.70721
-8.7131 -8.71257
-8.75446 -8.75267
-8.69396 -8.69359
-8.80421 -8.80421
-8.73131 -8.73051
-8.8051 -8.80378
-8.73938 -8.73792
-8.74614 -8.74564
-8.75614 -8.75625
-8.80711 -8.8073
-8.74992 -8.74967
-8.74629 -8.74469
-8.95458 -8.95473
-9.31757 -9.31712
-9.31211 -9.31171
-9.31703 -9.31658
-9.31221 -9.31181
-9.31068 -9.31026
-9.30141 -9.30117
-9.28635 -9.28615
-9.29435 -9.29412
-9.30563 -9.30522
-9.30944 -9.30901
-9.31006 -9.30962
-9.30483 -9.30439
-9.28436 -9.28418
-9.3169 -9.31645
-9.28599 -9.28569
-9.30037 -9.30004
-9.30691 -9.30649
-9.30753 -9.30715
-9.29581 -9.2954
-9.27638 -9.27623
-9.2859 -9.28579
-9.30417 -9.30382
-9.30734 -9.30696
-9.29809 -9.29764
-9.31635 -9.3159
-9.26929 -9.26882
-9.28297 -9.28294
-9.30076 -9.30037
-9.30525 -9.3048
-9.29434 -9.29398
-9.26036 -9.26019
-9.28353 -9.28315
-9.30024 -9.29986
-9.30327 -9.30284
-9.2841 -9.28381
-9.31589 -9.31543
-9.25292 -9.25282
-9.28832 -9.28814
-9.3008 -9.30041
-9.29287 -9.29253
-9.26247 -9.2619
-9.27326 -9.27295
-9.30161 -9.30124
-9.29675 -9.29655
-9.26709 -9.26678
-9.25188 -9.25191
-9.31439 -9.31394
-9.29224 -9.29204
-9.29596 -9.29563
-9.27264 -9.27237
-9.2441 -9.24378
-9.28918 -9.28887
-9.2937 -9.29334
-9.26429 -9.26434
-9.2463 -9.24608
-9.28946 -9.28922
-9.29412 -9.29383
-9.31096 -9.31053
-9.25882 -9.25819
-9.2557 -9.25579
-9.28528 -9.285
-9.28334 -9.28308
-9.24739 -9.24691
-9.26527 -9.26465
-9.28725 -9.28689
-9.27095 -9.27041
-9.23663 -9.2366
-9.28072 -9.28027
-9.30708 -9.30669
-9.28771 -9.28721
-9.24514 -9.24466
-9.25788 -9.25722
-9.28595 -9.28547
-9.27186 -9.27145
-9.23083 -9.2304
-9.27567 -9.27517
-9.28326 -9.28268
-9.23453 -9.23419
-9.25922 -9.25889
-9.30534 -9.30498
-9.28393 -9.28364
-9.26125 -9.26056
-9.21642 -9.21627
-9.28466 -9.28441
-9.26477 -9.26432
-9.20307 -9.20389
-9.27213 -9.27176
-9.27699 -9.27681
-9.23426 -9.23371
-9.2497 -9.24985
-9.30822 -9.30779
-9.28521 -9.28482
-9.31694 -9.31649
-9.22258 -9.223
-9.24636 -9.24686
-9.28155 -9.28115
-9.23091 -9.23112
-9.22499 -9.22531
-9.27721 -9.27711
-9.23901 -9.23887
-9.20559 -9.20602
-9.27657 -9.27634
-9.31112 -9.31067
-9.24449 -9.24472
-9.21031 -9.21007
-9.27056 -9.27018
-9.24384 -9.24373
-9.20261 -9.20244
-9.27892 -9.27873
-9.24724 -9.24702
-9.18669 -9.18647
-9.26869 -9.26855
-9.24946 -9.24938
-9.31392 -9.31343
-9.20303 -9.20397
-9.27538 -9.27518
-9.22904 -9.22942
-9.21618 -9.21674
-9.2731 -9.27293
-9.2115 -9.21164
-9.21294 -9.21254
-9.2704 -9.27002
-9.20328 -9.20344
-9.22913 -9.22958
-9.31461 -9.31415
-9.27401 -9.27354
-9.18721 -9.18713
-9.25115 -9.25084
-9.26441 -9.26383
-9.15587 -9.15609
-9.26006 -9.25976
-9.25343 -9.25323
-9.17547 -9.17555
-9.2732 -9.27296
-9.20387 -9.20246
-9.31324 -9.31278
-9.21765 -9.21716
-9.26737 -9.26709
-9.16629 -9.16734
-9.24734 -9.24715
-9.24659 -9.24648
-9.16772 -9.16803
-9.25142 -9.2515
-9.22313 -9.22248
-9.19474 -9.19527
-9.26609 -9.26596
-9.3113 -9.31086
-9.17035 -9.16924
-9.23734 -9.2374
-9.23629 -9.23606
-9.1717 -9.17293
-9.25636 -9.25597
-9.21523 -9.21553
-9.21827 -9.21852
-9.25743 -9.25736
-9.13755 -9.13769
-9.25018 -9.25019
-9.30264 -9.30225
-9.21075 -9.21123
-9.20517 -9.20524
-9.25452 -9.25395
-9.1609 -9.15977
-9.23563 -9.23526
-9.22858 -9.22858
-9.17303 -9.17295
-9.26337 -9.26342
-9.15467 -9.15472
-9.23857 -9.23871
-9.29561 -9.29537
-9.22851 -9.2288
-9.18017 -9.18035
-9.24959 -9.2493
-9.15758 -9.15707
-9.23238 -9.23213
-9.22837 -9.22867
-9.17416 -9.17453
-9.25428 -9.25378
-9.12383 -9.12216
-9.23324 -9.23283
-9.29923 -9.29887
-9.2112 -9.21089
-9.17013 -9.1704
-9.25144 -9.25175
-9.15304 -9.15257
-9.24489 -9.2447
-9.17562 -9.17523
-9.20345 -9.20326
-9.23054 -9.22951
-9.13336 -9.13375
-9.25561 -9.25555
-9.30978 -9.30935
-9.14063 -9.1402
-9.22741 -9.22752
-9.19519 -9.19403
-9.16368 -9.16344
-9.24224 -9.24213
-9.11961 -9.12026
-9.25247 -9.25222
-9.13542 -9.13617
-9.22614 -9.22588
-9.02634 -9.02628
-9.08881 -9.08922
-9.10007 -9.09962
-9.08438 -9.08504
-9.02968 -9.02909
-9.11907 -9.11976
-9.10184 -9.10148
-9.01279 -9.011
-9.05837 -9.05731
-9.02277 -9.0227
-9.01782 -9.01556
-8.99223 -8.99228
-9.09007 -9.08837
-9.07484 -9.07632
-9.10738 -9.10566
-9.14708 -9.14639
-9.12243 -9.12142
-9.08839 -9.08725
-9.01902 -9.02004
-8.98698 -8.983
-9.11259 -9.11116
-9.12056 -9.1213
-9.06402 -9.06515
-9.06038 -9.06025
-9.08513 -9.08425
-9.11548 -9.11586
-9.0304 -9.03142
-9.14313 -9.14378
-9.0456 -9.04512
-9.06261 -9.06109
-9.07416 -9.07405
-9.13951 -9.1384
-9.03822 -9.03897
-9.10255 -9.10146
-9.08565 -9.08519
-9.09124 -9.09154
-9.03099 -9.03106
-9.17874 -9.17836
-9.07805 -9.07962
-9.1523 -9.15122
-9.0579 -9.05531
-9.09799 -9.09665
-8.9422 -8.94151
-9.12623 -9.12353
-9.07888 -9.07795
-9.0142 -9.01542
-9.08222 -9.08152
-9.05956 -9.0574
-9.09254 -9.09132
-9.31757 -9.31712
-9.36673 -9.36659
-9.35727 -9.35712
-9.36578 -9.36561
-9.36004 -9.35989
-9.35453 -9.3542
-9.341 -9.34083
-9.34532 -9.34523
-9.35852 -9.35827
-9.35727 -9.35701
-9.34007 -9.34018
-9.33916 -9.33914
-9.35391 -9.35367
-9.35636 -9.35616
-9.36536 -9.36519
-9.33986 -9.33974
-9.33328 -9.33322
-9.35457 -9.35436
-9.35314 -9.35302
-9.33254 -9.33252
-9.34076 -9.34062
-9.35274 -9.35261
-9.34813 -9.34804
-9.32662 -9.3268
-9.34266 -9.34285
-9.36454 -9.36435
-9.3528 -9.35254
-9.337 -9.33701
-9.32897 -9.3296
-9.34619 -9.34702
-9.34111 -9.34175
-9.32967 -9.32928
-9.34332 -9.34373
-9.34072 -9.34058
-9.33098 -9.33139
-9.34319 -9.34399
-9.36083 -9.36065
-9.3342 -9.33413
-9.32609 -9.32677
-9.33519 -9.33587
-9.33251 -9.33267
-9.33393 -9.33448
-9.32847 -9.32917
-9.32732 -9.32785
-9.33776 -9.33752
-9.33436 -9.33453
-9.31201 -9.31195
-9.35604 -9.35577
-9.33649 -9.33639
-9.33617 -9.33594
-9.31195 -9.31225
-9.33321 -9.33351
-9.3343 -9.33436
-9.32669 -9.32723
-9.32573 -9.32627
-9.33012 -9.32975
-9.33039 -9.3312
-9.32473 -9.32458
-9.35701 -9.35677
-9.33172 -9.3318
-9.31124 -9.31172
-9.32257 -9.32311
-9.33392 -9.3345
-9.30619 -9.30561
-9.3295 -9.32981
-9.31673 -9.31693
-9.32856 -9.32883
-9.32375 -9.32396
-9.29889 -9.29903
-9.35992 -9.35972
-9.3304 -9.33068
-9.30219 -9.30233
-9.32116 -9.32147
-9.30833 -9.3086
-9.30958 -9.3089
-9.3267 -9.32665
-9.28128 -9.28134
-9.32889 -9.32869
-9.2952 -9.29484
-9.318 -9.31812
-9.36289 -9.36269
-9.31091 -9.31093
-9.3014 -9.30125
-9.32551 -9.32553
-9.28802 -9.28753
-9.32574 -9.32551
-9.28598 -9.28554
-9.32132 -9.32117
-9.28843 -9.28806
-9.31207 -9.31206
-9.30735 -9.30662
-9.36355 -9.36336
-9.29687 -9.29695
-9.36615 -9.36598
-9.31258 -9.31321
-9.29857 -9.29837
-9.3139 -9.3142
-9.27513 -9.2745
-9.32564 -9.32519
-9.27691 -9.27734
-9.31505 -9.31579
-9.29791 -9.29842
-9.3131 -9.31403
-9.36242 -9.36224
-9.27544 -9.27494
-9.31971 -9.31992
-9.27989 -9.28089
-9.31386 -9.31457
-9.26695 -9.26762
-9.31597 -9.31579
-9.26983 -9.26974
-9.30673 -9.30692
-9.28823 -9.28834
-9.3019 -9.30269
-9.35661 -9.35636
-9.28168 -9.28102
-9.30745 -9.30832
-9.26066 -9.26183
-9.31462 -9.31488
-9.25834 -9.25848
-9.30139 -9.30233
-9.2829 -9.28195
-9.29642 -9.2965
-9.28036 -9.27998
-9.29477 -9.29469
-9.3486 -9.34836
-9.27371 -9.27353
-9.29064 -9.29062
-9.29446 -9.29546
-9.28035 -9.28044
-9.2843 -9.28461
-9.26995 -9.2702
-9.30086 -9.30101
-9.23151 -9.23254
-9.31009 -9.31015
-9.27549 -9.27584
-9.35491 -9.35468
-9.29327 -9.29398
-9.25731 -9.25749
-9.30933 -9.30902
-9.26225 -9.26202
-9.27406 -9.27443
-9.27798 -9.27764
-9.27054 -9.27109
-9.28457 -9.28474
-9.27172 -9.2712
-9.28681 -9.28668
-9.36189 -9.36166
-9.24568 -9.24622
-9.29063 -9.2909
-9.26075 -9.26024
-9.27822 -9.27873
-9.28447 -9.28444
-9.25906 -9.25901
-9.27857 -9.27783
-9.25255 -9.25178
-9.28008 -9.28074
-9.25155 -9.25195
-9.36169 -9.3615
-9.26126 -9.26141
-9.27472 -9.2749
-9.26752 -9.26758
-9.26988 -9.2702
-9.27017 -9.27001
-9.25773 -9.25781
-9.27848 -9.27832
-9.25482 -9.25505
-9.26231 -9.26256
-9.26223 -9.2613
-9.35768 -9.3575
-9.26217 -9.26268
-9.26318 -9.26354
-9.23276 -9.23344
-9.28636 -9.28658
-9.23585 -9.23661
-9.27609 -9.27536
-9.25726 -9.25688
-9.23049 -9.23061
-9.26676 -9.2661
-9.25073 -9.2506
-9.34589 -9.34599
-9.2531 -9.25389
-9.26328 -9.26341
-9.24037 -9.2406
-9.27312 -9.27315
-9.22855 -9.22838
-9.26603 -9.26632
-9.26048 -9.26047
-9.2427 -9.24274
-9.26367 -9.26377
-9.26461 -9.26462
-9.34895 -9.34869
-9.24385 -9.24364
-9.26038 -9.25978
-9.21887 -9.21912
-9.26687 -9.26674
-9.24632 -9.24649
-9.24557 -9.24527
-9.25905 -9.25871
-9.23215 -9.23198
-9.24668 -9.24677
-9.33187 -9.33208
-9.33079 -9.33035
-9.32951 -9.32889
-9.32804 -9.32769
-9.3267 -9.32668
-9.32555 -9.32547
-9.32478 -9.32438
-9.32413 -9.32356
-9.32352 -9.32289
-9.32284 -9.3221
-9.32208 -9.32161
-9.32132 -9.32113
-9.32058 -9.32077
-9.31988 -9.32036
-9.31916 -9.32012
-9.31849 -9.31984
-9.31782 -9.31923
-9.31775 -9.31893
-9.31775 -9.31859
-9.31775 -9.31792
-9.31775 -9.31736
-9.31775 -9.31726
-9.31775 -9.31716
-9.31775 -9.31728
-8.34426 -8.34427
-8.75103 -8.75126
-9.01393 -9.01374
-9.31775 -9.31727
-9.17464 -9.17458
-9.26914 -9.26962
-9.32381 -9.32318
-9.3502 -9.35084
-9.35662 -9.35725
-9.36168 -9.36164
-9.36489 -9.36436
-9.36583 -9.36531
-9.36641 -9.36598
-9.36669 -9.36638
-9.36674 -9.36657
-9.36658 -9.36649
-9.36632 -9.36633
-9.36594 -9.36602
-9.36548 -9.36554
-9.36432 -9.36429
-9.36287 -9.36287
-9.36129 -9.3613
-9.35963 -9.35951
-9.35782 -9.35748
-9.35588 -9.35553
-9.35382 -9.35364
-9.35174 -9.35176
-9.34981 -9.34996
-9.34729 -9.34732
-9.34506 -9.34479
-9.34286 -9.34251
-9.34054 -9.34024
-9.33816 -9.33821
-9.33529 -9.33591
-9.3332 -9.33386
-9.08031 -9.07654
-9.10578 -9.10575
-9.08048 -9.07694
-9.14238 -9.14689
-9.10205 -9.10025
-9.1391 -9.13965
-9.11037 -9.11634
-9.17399 -9.17216
-9.12492 -9.12417
-9.11414 -9.11246
-9.11586 -9.1142
-9.05641 -9.05391
-9.12164 -9.1199
-9.15417 -9.15326
-9.08898 -9.08751
-9.02708 -9.02421
-9.11001 -9.11056
-9.1036 -9.10206
-9.04373 -9.04208
-9.11545 -9.11634
-9.1275 -9.12744
-9.16331 -9.16231
-9.09708 -9.09999
-9.05601 -9.05424
-9.13626 -9.13754
-9.01406 -9.01305
-9.14679 -9.14612
-9.10403 -9.10596
-9.14629 -9.14842
-9.10616 -9.10444
-9.10063 -9.09929
-9.15486 -9.15912
-9.0605 -9.06084
-9.08591 -9.08431
-9.08539 -9.0838
-9.10589 -9.10516
-9.17089 -9.17077
-9.12454 -9.12579
-9.08983 -9.09265
-9.12011 -9.12483
-9.16256 -9.16343
-9.10889 -9.10658
-9.08275 -9.08036
-9.10784 -9.10431
-9.1407 -9.14006
-9.07011 -9.07254
-9.10744 -9.1069
-9.12591 -9.12486
-9.08654 -9.08663
-9.36673 -9.36659
-8.89371 -8.89337
-8.88575 -8.8856
-8.892 -8.89185
-8.88425 -8.88412
-8.88141 -8.88127
-8.87287 -8.87288
-8.86512 -8.865
-8.87231 -8.87227
-8.88013 -8.87997
-8.88258 -8.88247
-8.88027 -8.88014
-8.86989 -8.86998
-8.85959 -8.85934
-8.89204 -8.89183
-8.86819 -8.86834
-8.8767 -8.8766
-8.8794 -8.87934
-8.87419 -8.87417
-8.85915 -8.8592
-8.85954 -8.8597
-8.8685 -8.86852
-8.87882 -8.87875
-8.87232 -8.87212
-8.86078 -8.86084
-8.89143 -8.89127
-8.85227 -8.85238
-8.86563 -8.86575
-8.87631 -8.87614
-8.87233 -8.87224
-8.85286 -8.85292
-8.85428 -8.85452
-8.86819 -8.86814
-8.87288 -8.87281
-8.8635 -8.86351
-8.84355 -8.84362
-8.89037 -8.89023
-8.8598 -8.86007
-8.86841 -8.86851
-8.86624 -8.86615
-8.84804 -8.84811
-8.83946 -8.8396
-8.8683 -8.86843
-8.86993 -8.86997
-8.85237 -8.85237
-8.83536 -8.83542
-8.8624 -8.86242
-8.88891 -8.88878
-8.86747 -8.86754
-8.85156 -8.85169
-8.83421 -8.83411
-8.84693 -8.84688
-8.8672 -8.86717
-8.84724 -8.84741
-8.82525 -8.82554
-8.85359 -8.8538
-8.86597 -8.86604
-8.84441 -8.8445
-8.8855 -8.88536
-8.82347 -8.82392
-8.85388 -8.85406
-8.85519 -8.85537
-8.84172 -8.84209
-8.81605 -8.81668
-8.85359 -8.85374
-8.85872 -8.85893
-8.82104 -8.82109
-8.83121 -8.83137
-8.85883 -8.85894
-8.8842 -8.88401
-8.84615 -8.84627
-8.81348 -8.81402
-8.83869 -8.83905
-8.85647 -8.85657
-8.81898 -8.8194
-8.8203 -8.82095
-8.85321 -8.8532
-8.84387 -8.84408
-8.81043 -8.81136
-8.84263 -8.84272
-8.88032 -8.88019
-8.85755 -8.85761
-8.81977 -8.82044
-8.82145 -8.82195
-8.85399 -8.85411
-8.82869 -8.82902
-8.80432 -8.80493
-8.83745 -8.83779
-8.84272 -8.84299
-8.80089 -8.8018
-8.82376 -8.82405
-8.88247 -8.88238
-8.85469 -8.85482
-8.89209 -8.89193
-8.80063 -8.80111
-8.81879 -8.81881
-8.84172 -8.84192
-8.80865 -8.80931
-8.81085 -8.8116
-8.83622 -8.83602
-8.83145 -8.8318
-8.79641 -8.79665
-8.83294 -8.83319
-8.88503 -8.88494
-8.83667 -8.83687
-8.77972 -8.78081
-8.83341 -8.83347
-8.82563 -8.82618
-8.79447 -8.79554
-8.82373 -8.8241
-8.83549 -8.83571
-8.78213 -8.78306
-8.82969 -8.83006
-8.8342 -8.8343
-8.88869 -8.88852
-8.78722 -8.78801
-8.82337 -8.82361
-8.82512 -8.82549
-8.77952 -8.78018
-8.82616 -8.82663
-8.83158 -8.83197
-8.78255 -8.78339
-8.82006 -8.82038
-8.82016 -8.82005
-8.78014 -8.78127
-8.88801 -8.88787
-8.82342 -8.82374
-8.80882 -8.8094
-8.77382 -8.77432
-8.81831 -8.81864
-8.80816 -8.80895
-8.77026 -8.77115
-8.82568 -8.82575
-8.81085 -8.81098
-8.78457 -8.78459
-8.83496 -8.83538
-8.88739 -8.88723
-8.77211 -8.77228
-8.79744 -8.79788
-8.82463 -8.82514
-8.77006 -8.77158
-8.81172 -8.81211
-8.80966 -8.80956
-8.76688 -8.76805
-8.82078 -8.82111
-8.79747 -8.79804
-8.77907 -8.77978
-8.88503 -8.88495
-8.8281 -8.82851
-8.78585 -8.78615
-8.79629 -8.79679
-8.81551 -8.81581
-8.74707 -8.74807
-8.81239 -8.81304
-8.7954 -8.79615
-8.76494 -8.76534
-8.83256 -8.8328
-8.76306 -8.76379
-8.87833 -8.87823
-8.80541 -8.80606
-8.81446 -8.8148
-8.7501 -8.75065
-8.82002 -8.82071
-8.77066 -8.7721
-8.76312 -8.76423
-8.81367 -8.81381
-8.74424 -8.74579
-8.80307 -8.80374
-8.78916 -8.79023
-8.87018 -8.87025
-8.73733 -8.73841
-8.81066 -8.81092
-8.75185 -8.75287
-8.77868 -8.77873
-8.79215 -8.79268
-8.74249 -8.74432
-8.81018 -8.81069
-8.77567 -8.77736
-8.77556 -8.77709
-8.79828 -8.79908
-8.87645 -8.87635
-8.71994 -8.7214
-8.82257 -8.82264
-8.78068 -8.78213
-8.78025 -8.78134
-8.8007 -8.80164
-8.72243 -8.72375
-8.80549 -8.80611
-8.75866 -8.75969
-8.76978 -8.77087
-8.79868 -8.79912
-8.88065 -8.88061
-8.74668 -8.74797
-8.80206 -8.80299
-8.7504 -8.75151
-8.77889 -8.78014
-8.78856 -8.78951
-8.75487 -8.75623
-8.7994 -8.79987
-8.72993 -8.73073
-8.76766 -8.76782
-8.67455 -8.67414
-8.69372 -8.69331
-8.74412 -8.74354
-8.71967 -8.71921
-8.62487 -8.62479
-8.71988 -8.71979
-8.73086 -8.73113
-8.69377 -8.69274
-8.72847 -8.72898
-8.67418 -8.67301
-8.68249 -8.68204
-8.5244 -8.52373
-8.62098 -8.62098
-8.67453 -8.67402
-8.62341 -8.62263
-8.68808 -8.68662
-8.73555 -8.73572
-8.62477 -8.62395
-8.74072 -8.73992
-8.63643 -8.63556
-8.67661 -8.67613
-8.56794 -8.56753
-8.75853 -8.75936
-8.69405 -8.6938
-8.68173 -8.68238
-8.70715 -8.70615
-8.69064 -8.68967
-8.71007 -8.71168
-8.71118 -8.71094
-8.64241 -8.64066
-8.62187 -8.62217
-8.64269 -8.64175
-8.70849 -8.7078
-8.71893 -8.71933
-8.60555 -8.60408
-8.73588 -8.73492
-8.71894 -8.71849
-8.76194 -8.76286
-8.72282 -8.72277
-8.69252 -8.69115
-8.67662 -8.67626
-8.65242 -8.65269
-8.7368 -8.73687
-8.56746 -8.56704
-8.72041 -8.71986
-8.66207 -8.66187
-8.67864 -8.67822
-8.64602 -8.64586
-8.5977 -8.59739
-8.89371 -8.89337
-9.20354 -9.20253
-9.1848 -9.18406
-9.20317 -9.20305
-9.18662 -9.18761
-9.18769 -9.18705
-9.18446 -9.18429
-9.18156 -9.18101
-9.18206 -9.18163
-9.18178 -9.18124
-9.18488 -9.18497
-9.18039 -9.17988
-9.20038 -9.20016
-9.17872 -9.17827
-9.17573 -9.17496
-9.17301 -9.17304
-9.17495 -9.17431
-9.17396 -9.17346
-9.1722 -9.17251
-9.16874 -9.16836
-9.16655 -9.16603
-9.16774 -9.16758
-9.16894 -9.16839
-9.20146 -9.20146
-9.16802 -9.16848
-9.17564 -9.17541
-9.1656 -9.16547
-9.16324 -9.16331
-9.1684 -9.16853
-9.17017 -9.17029
-9.16484 -9.1638
-9.16877 -9.16908
-9.16439 -9.16402
-9.16397 -9.16327
-9.2013 -9.20115
-9.16948 -9.17041
-9.16523 -9.16429
-9.16257 -9.16266
-9.15737 -9.15722
-9.1532 -9.15244
-9.16598 -9.16584
-9.1555 -9.15482
-9.14913 -9.14838
-9.15452 -9.15395
-9.15102 -9.15049
-9.15426 -9.15432
-9.1385 -9.13904
-9.14798 -9.14779
-9.09472 -9.09426
-9.14913 -9.14878
-9.15051 -9.14998
-9.14154 -9.14142
-9.14831 -9.14845
-9.15884 -9.15908
-9.14192 -9.14181
-9.14759 -9.1471
-9.19814 -9.19766
-9.14474 -9.1441
-9.13929 -9.13882
-9.13846 -9.13806
-9.14021 -9.14036
-9.13671 -9.13665
-9.1503 -9.14987
-9.13883 -9.13922
-9.12429 -9.12389
-9.14121 -9.1418
-9.12947 -9.13004
-9.19594 -9.19589
-9.14423 -9.14446
-9.127 -9.12636
-9.13843 -9.13874
-9.12722 -9.12683
-9.11921 -9.11914
-9.13623 -9.13527
-9.13252 -9.13264
-9.12881 -9.12884
-9.12481 -9.12447
-9.12387 -9.12361
-9.19667 -9.19608
-9.13796 -9.13754
-9.12656 -9.12622
-9.13433 -9.13474
-9.13031 -9.13001
-9.12591 -9.12618
-9.11023 -9.10991
-9.13317 -9.13447
-9.11866 -9.11814
-9.12858 -9.12841
-9.11283 -9.11212
-9.19765 -9.19683
-9.10766 -9.10788
-9.20272 -9.20307
-9.12572 -9.12552
-9.12455 -9.1246
-9.10394 -9.10392
-9.11121 -9.11072
-9.11956 -9.11876
-9.10746 -9.10636
-9.06083 -9.06172
-9.19226 -9.19121
-9.05012 -9.0509
-9.08915 -9.08898
-9.08707 -9.08705
-9.12722 -9.12718
-9.11949 -9.11902
-9.19506 -9.19441
-9.10467 -9.10446
-9.11803 -9.11845
-9.09644 -9.09532
-9.11072 -9.1115
-9.11196 -9.1112
-9.11169 -9.1113
-9.10412 -9.10417
-9.09831 -9.09715
-9.09992 -9.09975
-9.19614 -9.19615
-9.08067 -9.07957
-9.09698 -9.09689
-9.0917 -9.09138
-9.0924 -9.09151
-9.09576 -9.09413
-9.08834 -9.08807
-9.1027 -9.10131
-9.09776 -9.09683
-9.09749 -9.09813
-9.1076 -9.1069
-9.19379 -9.19342
-9.11526 -9.11531
-9.09064 -9.09015
-9.06983 -9.06945
-9.07674 -9.07652
-9.09994 -9.09921
-9.07943 -9.08012
-9.09137 -9.09055
-9.09671 -9.09574
-9.0815 -9.08185
-9.08504 -9.08494
-9.19498 -9.19428
-9.08087 -9.08044
-9.09845 -9.09917
-9.08449 -9.08426
-9.0767 -9.07617
-9.06662 -9.06725
-9.06636 -9.0652
-9.09527 -9.09453
-9.07467 -9.0758
-9.07306 -9.07423
-9.02996 -9.03192
-9.0047 -9.00486
-9.07535 -9.07468
-9.05246 -9.05328
-9.06336 -9.06464
-9.05814 -9.05788
-9.05964 -9.06073
-9.05656 -9.05519
-9.06426 -9.06424
-9.1909 -9.19021
-9.06255 -9.06115
-9.03595 -9.03531
-9.07849 -9.07876
-9.04867 -9.04749
-9.06341 -9.06374
-9.03794 -9.03709
-9.06621 -9.06645
-9.04989 -9.05008
-9.04808 -9.0476
-9.05338 -9.05344
-9.18574 -9.18513
-9.04472 -9.04381
-9.04583 -9.04549
-9.02703 -9.02717
-9.04159 -9.03935
-9.0578 -9.05604
-9.00452 -9.00348
-9.06326 -9.06308
-9.04999 -9.05047
-9.04413 -9.04428
-9.04808 -9.04854
-9.18715 -9.18656
-9.03229 -9.03236
-9.0307 -9.03127
-9.0583 -9.05779
-9.03943 -9.0397
-9.05969 -9.05984
-9.0436 -9.04338
-9.02286 -9.02249
-9.04252 -9.042
-9.01611 -9.01604
-9.04194 -9.04185
-9.1896 -9.18849
-9.02075 -9.01983
-9.05678 -9.05662
-9.04249 -9.04282
-9.0191 -9.02026
-9.05579 -9.05628
-9.00163 -9.00057
-9.01568 -9.01587
-9.06357 -9.06368
-9.0233 -9.02363
-9.02335 -9.02375
-9.0261 -9.02634
-9.01668 -9.01745
-9.01379 -9.01427
-9.01585 -9.01615
-9.0124 -9.01238
-9.00823 -9.00873
-9.01734 -9.01773
-9.01698 -9.01738
-9.06212 -9.06173
-9.00743 -9.00798
-9.01773 -9.01827
-9.01031 -9.01034
-9.06374 -9.06485
-9.04688 -9.04691
-9.06521 -9.06501
-9.05022 -9.05052
-9.04779 -9.04756
-9.04482 -9.04496
-9.04564 -9.04542
-9.04483 -9.04464
-9.04599 -9.04657
-9.04426 -9.04468
-9.04176 -9.04216
-9.04401 -9.04394
-9.03725 -9.038
-9.06224 -9.06266
-9.03719 -9.03769
-9.04099 -9.04127
-9.03455 -9.035
-9.03309 -9.03336
-9.03414 -9.03444
-9.03827 -9.03883
-9.03521 -9.03551
-9.03454 -9.03456
-9.03318 -9.03342
-9.03298 -9.03358
-9.06454 -9.06436
-9.02586 -9.02612
-9.03201 -9.03216
-9.03094 -9.03123
-9.03384 -9.03386
-9.02848 -9.02878
-9.03029 -9.03075
-9.02261 -9.02304
-9.02486 -9.02511
-9.01824 -9.01807
-9.02646 -9.02723
-8.99169 -8.99207
-8.97862 -8.97909
-8.97986 -8.98128
-8.97663 -8.97718
-8.9883 -8.98885
-8.98779 -8.98813
-9.05579 -9.05652
-8.98223 -8.98209
-8.97284 -8.9727
-8.97457 -8.97525
-8.96906 -8.96926
-8.95761 -8.95909
-8.97944 -8.97899
-8.97129 -8.97159
-8.96166 -8.96245
-9.02321 -9.02367
-9.00906 -9.00951
-9.00845 -9.00932
-9.00486 -9.0057
-9.00427 -9.00413
-9.00781 -9.00758
-9.00185 -9.00268
-9.05945 -9.05989
-9.00296 -9.0031
-9.00167 -9.00207
-9.00304 -9.00354
-8.99641 -8.99672
-8.99606 -8.99652
-9.00173 -9.00243
-8.99709 -8.99811
-8.9938 -8.99424
-8.98874 -8.98921
-9.0009 -9.00127
-9.0599 -9.06009
-8.99283 -8.99255
-9.00031 -9.00074
-8.99169 -8.99229
-8.98053 -8.98153
-8.97828 -8.97951
-8.99608 -8.99703
-8.97274 -8.97428
-8.98869 -8.98962
-8.98482 -8.98552
-8.9905 -8.99137
-9.05511 -9.05575
-8.98504 -8.98624
-8.98724 -8.98786
-8.9728 -8.97367
-8.9737 -8.97461
-8.96817 -8.96936
-8.98173 -8.983
-9.05736 -9.05701
-8.97395 -8.97477
-8.97298 -8.97428
-8.95013 -8.95074
-8.97462 -8.97542
-8.95366 -8.95446
-8.97573 -8.97621
-8.96285 -8.96307
-8.98147 -8.98123
-8.95667 -8.95738
-8.97398 -8.97434
-9.0528 -9.05374
-8.9672 -8.96856
-8.94423 -8.94531
-8.94148 -8.94244
-8.95674 -8.95754
-8.95917 -8.95967
-8.96792 -8.96808
-8.95897 -8.95924
-8.94907 -8.94938
-8.94578 -8.94618
-8.96339 -8.96376
-9.05414 -9.05435
-8.94287 -8.9429
-8.95344 -8.95407
-8.94109 -8.94186
-8.94707 -8.9475
-8.95111 -8.95109
-8.95061 -8.95117
-8.96558 -8.96645
-8.93233 -8.93319
-8.94906 -8.94912
-8.94018 -8.94143
-9.05213 -9.05244
-8.94414 -8.94461
-8.94099 -8.94071
-8.9245 -8.92498
-8.93844 -8.93791
-8.93103 -8.93241
-8.94088 -8.94105
-8.95519 -8.95623
-8.92533 -8.92644
-8.94353 -8.94458
-8.91562 -8.91528
-9.0516 -9.05155
-8.93407 -8.93475
-8.9124 -8.91254
-8.92564 -8.92485
-8.9089 -8.91041
-8.94074 -8.94141
-8.92475 -8.92431
-8.94129 -8.94265
-8.93476 -8.9356
-8.93354 -8.93465
-8.90187 -8.90226
-9.05344 -9.05367
-8.89707 -8.89784
-8.89991 -8.90085
-8.92597 -8.92677
-8.89229 -8.89229
-8.92528 -8.92529
-8.87421 -8.87611
-8.91163 -8.91193
-8.92116 -8.9206
-8.89089 -8.88917
-8.90709 -8.90705
-9.05236 -9.05309
-8.8834 -8.88326
-8.90383 -8.90368
-8.91926 -8.91998
-8.90329 -8.90353
-8.90294 -8.90391
-8.89389 -8.89469
-8.91496 -8.91549
-8.90751 -8.9075
-8.90892 -8.90983
-8.90862 -8.90902
-9.05374 -9.0536
-8.91385 -8.91469
-8.91394 -8.91389
-8.87417 -8.87476
-8.9217 -8.92243
-8.88609 -8.88624
-8.90957 -8.90967
-8.87233 -8.8713
-8.88079 -8.88129
-8.92036 -8.92104
-8.8782 -8.87825
-9.05045 -9.05088
-8.88221 -8.88207
-8.88466 -8.8844
-8.87396 -8.87547
-8.89396 -8.89285
-8.88233 -8.88365
-8.90386 -8.90492
-8.86809 -8.8701
-8.89918 -8.90139
-8.87375 -8.8746
-9.19579 -9.19613
-9.18228 -9.18278
-9.17845 -9.17968
-9.1798 -9.18062
-9.18224 -9.183
-9.18166 -9.18242
-9.17534 -9.17646
-9.17768 -9.17859
-9.17833 -9.17931
-9.17785 -9.17865
-9.177 -9.17768
-9.16942 -9.16979
-9.17452 -9.1754
-9.17897 -9.17946
-9.17286 -9.17313
-9.16296 -9.16383
-9.16815 -9.16928
-9.16667 -9.16703
-9.163 -9.16391
-9.16959 -9.16982
-9.16591 -9.16646
-9.16917 -9.16944
-9.19667 -9.19692
-9.16893 -9.16905
-9.16604 -9.16634
-9.16256 -9.16293
-9.16566 -9.16571
-9.15625 -9.15649
-9.15973 -9.15948
-9.15728 -9.15741
-9.16358 -9.16338
-9.15405 -9.15431
-9.16324 -9.16342
-9.16159 -9.16183
-9.15353 -9.15437
-9.15724 -9.15797
-9.16014 -9.16045
-9.15196 -9.15269
-9.1543 -9.15517
-9.15687 -9.15686
-9.15462 -9.15542
-9.19534 -9.19531
-9.14756 -9.14838
-9.15262 -9.15284
-9.14619 -9.14705
-9.14982 -9.1507
-9.13479 -9.13557
-9.14701 -9.14765
-9.14446 -9.14521
-9.15048 -9.15143
-9.14135 -9.14212
-9.15233 -9.15248
-9.19493 -9.1951
-9.12685 -9.12758
-9.14854 -9.14865
-9.14174 -9.14216
-9.14565 -9.14615
-9.12675 -9.12747
-9.13212 -9.13251
-9.12682 -9.1279
-9.13849 -9.13923
-9.12836 -9.12876
-9.12632 -9.12717
-9.19341 -9.19357
-9.13866 -9.1394
-9.13577 -9.13695
-9.13134 -9.13211
-9.13285 -9.13358
-9.12054 -9.12158
-9.13384 -9.1351
-9.12547 -9.1265
-9.11941 -9.12043
-9.13013 -9.13061
-9.12514 -9.1253
-9.19075 -9.19153
-9.13215 -9.13246
-9.13519 -9.13572
-9.11494 -9.11542
-9.12136 -9.12225
-9.11537 -9.11621
-9.11818 -9.11905
-9.123 -9.12361
-9.11039 -9.11141
-9.11954 -9.11964
-9.11249 -9.11273
-9.19261 -9.19287
-9.10621 -9.10704
-9.19919 -9.19965
-9.11338 -9.1138
-9.11359 -9.11442
-9.10792 -9.10863
-9.11637 -9.11696
-9.10236 -9.10291
-9.11025 -9.11089
-9.09192 -9.09296
-9.11109 -9.11137
-9.1008 -9.10135
-9.19428 -9.19432
-9.1109 -9.11177
-9.11676 -9.11725
-9.10786 -9.1084
-9.10228 -9.103
-9.10922 -9.10955
-9.09643 -9.09647
-9.09897 -9.10006
-9.1001 -9.10095
-9.08955 -9.0904
-9.10599 -9.10669
-9.19125 -9.19141
-9.09552 -9.09642
-9.09755 -9.09867
-9.08471 -9.08523
-9.10065 -9.1012
-9.09079 -9.09108
-9.08968 -9.09034
-9.08635 -9.08716
-9.08461 -9.08524
-9.09041 -9.09118
-9.10638 -9.10682
-9.07794 -9.07865
-9.08689 -9.08763
-9.07029 -9.07114
-9.08605 -9.08732
-9.07561 -9.07592
-9.08705 -9.0879
-9.07395 -9.07472
-9.07708 -9.07807
-9.07236 -9.07189
-9.08683 -9.08709
-9.18761 -9.18767
-9.08393 -9.08387
-9.07145 -9.07245
-9.08937 -9.08985
-9.05656 -9.05703
-9.07487 -9.07509
-9.07161 -9.0715
-9.07024 -9.0702
-9.06065 -9.0614
-9.07129 -9.07158
-9.0811 -9.0814
-9.18936 -9.18967
-9.06548 -9.06607
-9.0834 -9.08232
-9.07153 -9.07249
-9.06208 -9.0626
-9.06551 -9.06591
-9.03629 -9.03828
-9.07293 -9.07324
-9.0717 -9.0724
-9.06509 -9.06547
-9.05489 -9.05476
-9.18738 -9.18755
-9.07029 -9.0706
-9.04849 -9.04838
-9.03726 -9.03796
-9.05965 -9.06056
-9.06005 -9.06062
-9.04801 -9.04787
-9.0519 -9.05387
-9.02886 -9.02911
-9.04988 -9.04974
-9.07099 -9.07128
-9.05759 -9.0588
-9.06734 -9.06857
-9.03845 -9.03831
-9.05837 -9.05886
-9.04555 -9.04712
-9.05301 -9.05395
-9.04002 -9.0407
-9.04231 -9.04353
-9.05169 -9.05212
-9.05543 -9.05575
-9.18342 -9.18381
-9.04932 -9.04979
-9.0644 -9.06486
-9.04016 -9.04036
-9.033 -9.03375
-9.05346 -9.05351
-9.03816 -9.03704
-9.05823 -9.05708
-9.04521 -9.04571
-9.03732 -9.0398
-9.03495 -9.03572
-9.18097 -9.18118
-9.03346 -9.03481
-9.04234 -9.04135
-9.02493 -9.02608
-9.05714 -9.05856
-9.04929 -9.05027
-9.02274 -9.0223
-9.03683 -9.03689
-9.01334 -9.01416
-9.04996 -9.05174
-9.06255 -9.06043
-9.03997 -9.03931
-9.05251 -9.05162
-9.03502 -9.03403
-9.03395 -9.03323
-9.03977 -9.03897
-9.0274 -9.02662
-9.02487 -9.02407
-9.03272 -9.03174
-9.03292 -9.0322
-9.03101 -9.02996
-9.02732 -9.02649
-9.01511 -9.01433
-9.04957 -9.04866
-9.02582 -9.02514
-9.02959 -9.02876
-9.02593 -9.02513
-9.01625 -9.01558
-9.02162 -9.02058
-9.01496 -9.01434
-9.02114 -9.02039
-9.01848 -9.01769
-9.01768 -9.01721
-9.01562 -9.01474
-9.04834 -9.04742
-9.01316 -9.01254
-9.02003 -9.01904
-9.01731 -9.01635
-9.01289 -9.01191
-9.01088 -9.01035
-9.0176 -9.017
-9.00206 -9.00167
-9.0185 -9.01766
-9.00915 -9.00847
-9.00066 -8.99961
-9.04625 -9.04544
-9.00973 -9.00933
-9.0143 -9.01379
-9.00585 -9.0052
-9.00493 -9.00427
-9.0016 -9.00101
-9.00592 -9.00527
-9.01019 -9.00933
-9.00618 -9.00555
-8.99846 -8.99755
-9.00746 -9.00646
-9.04772 -9.04691
-9.00062 -8.99989
-8.9922 -8.99144
-8.99094 -8.98977
-9.00237 -9.00141
-8.98596 -8.98486
-8.98622 -8.98543
-8.9842 -8.98342
-8.98258 -8.98126
-8.99931 -8.99867
-8.98524 -8.98473
-9.04611 -9.04534
-8.99815 -8.99753
-8.99815 -8.9978
-8.98123 -8.98121
-8.98872 -8.98792
-9.00198 -9.00073
-8.98943 -8.98897
-8.97495 -8.97498
-8.97517 -8.97439
-8.9833 -8.9826
-8.96933 -8.96891
-9.04622 -9.04535
-8.97428 -8.97378
-8.98572 -8.98488
-8.98384 -8.9833
-8.97366 -8.97378
-8.98165 -8.98085
-8.96269 -8.96292
-8.97472 -8.97407
-8.97453 -8.97422
-8.9784 -8.9778
-8.9629 -8.96242
-9.04743 -9.04632
-8.96554 -8.96505
-8.96493 -8.96456
-8.97539 -8.97468
-8.98713 -8.98663
-8.96942 -8.96848
-8.94941 -8.94981
-8.9721 -8.97181
-8.96139 -8.96098
-8.95826 -8.95752
-8.966 -8.96583
-9.04357 -9.0428
-8.95772 -8.95704
-9.0532 -9.05229
-8.94967 -8.94994
-8.96163 -8.96087
-8.94901 -8.94858
-8.96138 -8.96042
-8.96499 -8.96446
-8.94691 -8.94708
-8.94592 -8.94572
-8.94543 -8.9458
-8.96257 -8.962
-9.04477 -9.04351
-8.95371 -8.95366
-8.93105 -8.93032
-8.93541 -8.93518
-8.95216 -8.95144
-8.96564 -8.96531
-8.95077 -8.95002
-8.94853 -8.94799
-8.93476 -8.93414
-8.94549 -8.94449
-8.93787 -8.93732
-9.04125 -9.04038
-8.94429 -8.94447
-8.96453 -8.96345
-8.94146 -8.94094
-8.91684 -8.91643
-8.94038 -8.9396
-8.92343 -8.92246
-8.93701 -8.93641
-8.90606 -8.90569
-8.93013 -8.93033
-8.92209 -8.9213
-9.04228 -9.04155
-8.94992 -8.94919
-8.91269 -8.91205
-8.93156 -8.93105
-8.95691 -8.95621
-8.91726 -8.91709
-8.91149 -8.9119
-8.93715 -8.93699
-8.92072 -8.92083
-8.90969 -8.90973
-8.93677 -8.93631
-9.04192 -9.04097
-8.91866 -8.9186
-8.89452 -8.8944
-8.91705 -8.91602
-8.93532 -8.93445
-8.92202 -8.92161
-8.93647 -8.93594
-8.93652 -8.93604
-8.89033 -8.88937
-8.91611 -8.91547
-8.92246 -8.92217
-9.04113 -9.04007
-8.92947 -8.92857
-8.90752 -8.90679
-8.92013 -8.91954
-8.90553 -8.90555
-8.89693 -8.89602
-8.88514 -8.88367
-8.89837 -8.89784
-8.90069 -8.90083
-8.89971 -8.89839
-8.91133 -8.91134
-9.03441 -9.03347
-8.8949 -8.89463
-8.90467 -8.90399
-8.90401 -8.90431
-8.88911 -8.88842
-8.92623 -8.92585
-8.90125 -8.9004
-8.87366 -8.87327
-8.89624 -8.89452
-8.91367 -8.91341
-8.90838 -8.90879
-9.03518 -9.03444
-8.90649 -8.90482
-8.89617 -8.89587
-8.90508 -8.90472
-8.89963 -8.89856
-8.87843 -8.87774
-8.90984 -8.90873
-8.89244 -8.89248
-8.83808 -8.83662
-8.88312 -8.88205
-8.87326 -8.87423
-9.03879 -9.0381
-8.86809 -8.86806
-8.89488 -8.89395
-8.88102 -8.88111
-8.87212 -8.87252
-8.85794 -8.8582
-8.87508 -8.87477
-8.87749 -8.87599
-8.87152 -8.87144
-8.86153 -8.86235
-9.03152 -9.03074
-8.8695 -8.8695
-8.86518 -8.86567
-8.85315 -8.85266
-8.88234 -8.88225
-8.86591 -8.86552
-8.88415 -8.88451
-8.87111 -8.87104
-8.89331 -8.89319
-8.87076 -8.87025
