0 1 1 1
0.002 0.9944 0.994399 0.993077
0.004 0.977685 0.977683 0.972446
0.006 0.950114 0.950108 0.938515
0.008 0.91211 0.9121 0.891955
0.01 0.864256 0.86424 0.833684
0.012 0.807283 0.807261 0.764849
0.014 0.742056 0.742029 0.686796
0.016 0.669563 0.66953 0.601047
0.018 0.590892 0.590854 0.509262
0.02 0.507217 0.507175 0.413206
0.022 0.419776 0.419731 0.314713
0.024 0.329851 0.329805 0.215644
0.026 0.238747 0.238702 0.117855
0.028 0.147771 0.147731 0.023152
0.03 0.0582134 0.0581807 -0.0667372
0.032 -0.0286743 -0.0286961 -0.150202
0.034 -0.111697 -0.111704 -0.225776
0.036 -0.189733 -0.189722 -0.292168
0.038 -0.261751 -0.261718 -0.348282
0.04 -0.326826 -0.326766 -0.39324
0.042 -0.384148 -0.384057 -0.426392
0.044 -0.433038 -0.432912 -0.447332
0.046 -0.472951 -0.472787 -0.455899
0.048 -0.50349 -0.503284 -0.452177
0.05 -0.524404 -0.524154 -0.436498
0.052 -0.535596 -0.535299 -0.409424
0.054 -0.53712 -0.536773 -0.371742
0.056 -0.52918 -0.528783 -0.324441
0.058 -0.512127 -0.511679 -0.268695
0.06 -0.486453 -0.485954 -0.205839
0.062 -0.452784 -0.452234 -0.137339
0.064 -0.411864 -0.411266 -0.0647641
0.066 -0.364554 -0.36391 0.0102427
0.068 -0.311807 -0.31112 0.0860009
0.07 -0.254661 -0.253935 0.160824
0.072 -0.194217 -0.193456 0.233053
0.074 -0.131624 -0.130835 0.301091
0.076 -0.0680606 -0.0672483 0.363432
0.078 -0.00471369 -0.00388471 0.418696
0.08 0.0572403 0.0580791 0.46565
0.082 0.116655 0.117496 0.50324
0.084 0.172433 0.17327 0.530607
0.086 0.223546 0.224371 0.547105
0.088 0.269048 0.269855 0.552316
0.09 0.308099 0.30888 0.546056
0.092 0.33997 0.340719 0.528379
0.094 0.364061 0.364773 0.499575
0.096 0.37991 0.380579 0.460161
0.098 0.387199 0.387821 0.410874
0.1 0.385759 0.386329 0.352649
0.102 0.375571 0.376088 0.286603
0.104 0.35677 0.357231 0.214007
0.106 0.329633 0.330038 0.136261
0.108 0.294582 0.294931 0.0548606
0.11 0.252171 0.252465 -0.0286306
0.112 0.203074 0.203316 -0.112618
0.114 0.148077 0.148271 -0.19551
0.116 0.0880611 0.0882106 -0.275745
0.118 0.0239882 0.0240986 -0.351833
0.12 -0.0431166 -0.0430391 -0.422377
0.122 -0.112181 -0.11213 -0.486105
0.124 -0.182104 -0.182072 -0.541896
0.126 -0.251772 -0.251751 -0.588796
0.128 -0.320079 -0.320062 -0.62604
0.13 -0.385943 -0.385921 -0.653062
0.132 -0.44832 -0.448285 -0.669506
0.134 -0.506223 -0.506168 -0.675228
0.136 -0.558737 -0.558653 -0.670295
0.138 -0.605029 -0.604909 -0.654984
0.14 -0.644362 -0.644201 -0.629769
0.142 -0.676108 -0.6759 -0.595309
0.144 -0.699754 -0.699493 -0.552433
0.146 -0.714908 -0.71459 -0.502119
0.148 -0.721308 -0.720931 -0.445471
0.15 -0.718823 -0.718386 -0.383696
0.152 -0.707456 -0.706958 -0.318076
0.154 -0.687341 -0.686784 -0.249942
0.156 -0.658745 -0.658131 -0.180645
0.158 -0.622058 -0.621391 -0.111529
0.16 -0.577792 -0.577076 -0.0439033
0.162 -0.526568 -0.525811 0.0209834
0.164 -0.469112 -0.468321 0.081967
0.166 -0.406238 -0.405422 0.13799
0.168 -0.33884 -0.338008 0.188121
0.17 -0.267872 -0.267036 0.231572
0.172 -0.194341 -0.193511 0.26771
0.174 -0.119283 -0.118472 0.296069
0.176 -0.0437528 -0.0429733 0.316354
0.178 0.0311955 0.0319311 0.328446
0.18 0.104525 0.105204 0.332398
0.182 0.17523 0.175841 0.328433
0.184 0.242357 0.242887 0.316935
0.186 0.305012 0.30545 0.298438
0.188 0.36238 0.362716 0.27361
0.19 0.413735 0.413959 0.243241
0.192 0.45845 0.458554 0.208218
0.194 0.496008 0.495986 0.16951
0.196 0.526006 0.525852 0.128141
0.198 0.548164 0.547875 0.0851735
0.2 0.562325 0.561898 0.0416779
0.202 0.568455 0.56789 -0.00128519
0.204 0.566644 0.565943 -0.0426897
0.206 0.557105 0.556271 -0.0815651
0.208 0.540162 0.539199 -0.117017
0.21 0.51625 0.515165 -0.148244
0.212 0.485901 0.484703 -0.174555
0.214 0.449741 0.448438 -0.195382
0.216 0.408469 0.407073 -0.21029
0.218 0.362854 0.361376 -0.218988
0.22 0.313718 0.312171 -0.221325
0.222 0.26192 0.260318 -0.217302
0.224 0.208345 0.206703 -0.207062
0.226 0.153891 0.152222 -0.190885
0.228 0.0994484 0.0977679 -0.169186
0.23 0.045894 0.0442166 -0.142494
0.232 -0.00592817 -0.00758808 -0.111448
0.234 -0.0552175 -0.056846 -0.0767745
0.236 -0.101229 -0.102813 -0.0392709
0.238 -0.143284 -0.144811 0.000212092
0.24 -0.180782 -0.182241 0.0407921
0.242 -0.213205 -0.214585 0.0815757
0.244 -0.240128 -0.241421 0.121678
0.246 -0.261224 -0.262423 0.160246
0.248 -0.276266 -0.277366 0.196472
0.25 -0.285133 -0.286129 0.229618
0.252 -0.287805 -0.288695 0.259027
0.254 -0.284369 -0.285152 0.284138
0.256 -0.275009 -0.275686 0.304497
0.258 -0.260007 -0.260581 0.319767
0.26 -0.239736 -0.240212 0.329731
0.262 -0.214652 -0.215035 0.334296
0.264 -0.185284 -0.185582 0.333492
0.266 -0.152229 -0.15245 0.32747
0.268 -0.116138 -0.116292 0.316494
0.27 -0.0777051 -0.0778015 0.300933
0.272 -0.0376548 -0.0377054 0.28125
0.274 0.0032676 0.00325123 0.257991
0.276 0.0443108 0.0443167 0.231768
0.278 0.0847292 0.0847456 0.203242
0.28 0.123796 0.123811 0.173112
0.282 0.160812 0.160815 0.142091
0.284 0.195123 0.195102 0.110893
0.286 0.226124 0.226069 0.0802185
0.288 0.253271 0.253174 0.0507314
0.29 0.276089 0.275943 0.0230506
0.292 0.294183 0.29398 -0.00226632
0.294 0.307236 0.306971 -0.0247348
0.296 0.31502 0.314691 -0.043953
0.298 0.317398 0.317003 -0.0596099
0.3 0.314322 0.313861 -0.0714909
0.302 0.305837 0.305312 -0.0794816
0.304 0.292076 0.29149 -0.0835687
0.306 0.27326 0.272619 -0.0838391
0.308 0.249693 0.249003 -0.0804759
0.31 0.221754 0.221023 -0.0737532
0.312 0.189893 0.189131 -0.0640283
0.314 0.15462 0.153838 -0.0517319
0.316 0.116501 0.115711 -0.037357
0.318 0.0761441 0.0753584 -0.021446
0.32 0.0341892 0.0334213 -0.00457732
0.322 -0.00870023 -0.00943647 0.0126498
0.324 -0.0518496 -0.0525401 0.02963
0.326 -0.0945841 -0.095215 0.0457673
0.328 -0.13624 -0.136797 0.0604899
0.33 -0.176175 -0.176645 0.073265
0.332 -0.213778 -0.214149 0.0836119
0.334 -0.248479 -0.24874 0.0911146
0.336 -0.279762 -0.279901 0.0954326
0.338 -0.307163 -0.307173 0.0963094
0.34 -0.33029 -0.330161 0.0935799
0.342 -0.348816 -0.348544 0.0871745
0.344 -0.362494 -0.362073 0.0771216
0.346 -0.371154 -0.370583 0.0635474
0.348 -0.374706 -0.373984 0.0466733
0.35 -0.373145 -0.372273 0.0268106
0.352 -0.366542 -0.365525 0.00435395
0.354 -0.355051 -0.353893 -0.0202288
0.356 -0.338898 -0.337607 -0.0464071
0.358 -0.318384 -0.316969 -0.0736008
0.36 -0.293871 -0.292343 -0.101194
0.362 -0.265784 -0.264155 -0.12855
0.364 -0.234597 -0.232881 -0.155027
0.366 -0.200828 -0.19904 -0.179992
0.368 -0.16503 -0.163186 -0.202839
0.37 -0.127781 -0.125898 -0.223002
0.372 -0.0896744 -0.0877702 -0.239968
0.374 -0.0513113 -0.0494033 -0.253291
0.376 -0.0132878 -0.011394 -0.262604
0.378 0.0238125 0.0256743 -0.267626
0.38 0.0594284 0.061241 -0.268169
0.382 0.0930299 0.0947767 -0.264146
0.384 0.124126 0.125791 -0.25557
0.386 0.152274 0.153843 -0.242558
0.388 0.177083 0.178542 -0.225326
0.39 0.198222 0.19956 -0.204187
0.392 0.215425 0.216632 -0.179543
0.394 0.228495 0.229561 -0.151879
0.396 0.237302 0.238222 -0.12175
0.398 0.241793 0.242561 -0.0897693
0.4 0.241983 0.242598 -0.0565968
0.402 0.23796 0.238421 -0.0229233
0.404 0.229883 0.230191 0.0105442
0.406 0.217973 0.218133 0.0430987
0.408 0.202516 0.202532 0.0740485
0.41 0.183853 0.183733 0.102733
0.412 0.162373 0.162126 0.128538
0.414 0.138511 0.138146 0.150909
0.416 0.112735 0.112264 0.169365
0.418 0.0855382 0.0849748 0.183509
0.42 0.0574346 0.0567915 0.193037
0.422 0.0289449 0.0282363 0.197747
0.424 0.000590336 -0.000169397 0.197542
0.426 -0.0271172 -0.0279136 0.192438
0.428 -0.0536839 -0.0545025 0.182556
0.43 -0.0786418 -0.0794687 0.168128
0.432 -0.101557 -0.102379 0.149488
0.434 -0.122038 -0.122842 0.127068
0.436 -0.139739 -0.140514 0.101387
0.438 -0.154368 -0.155104 0.0730394
0.44 -0.16569 -0.16638 0.0426868
0.442 -0.173533 -0.174168 0.011039
0.444 -0.177785 -0.17836 -0.0211591
0.446 -0.178401 -0.178913 -0.0531439
0.448 -0.1754 -0.175847 -0.0841501
0.45 -0.168865 -0.169248 -0.113427
0.452 -0.158941 -0.159262 -0.140256
0.454 -0.145831 -0.146094 -0.163964
0.456 -0.129795 -0.130005 -0.183943
0.458 -0.111141 -0.111306 -0.199657
0.46 -0.0902211 -0.0903516 -0.21066
0.462 -0.0674283 -0.067534 -0.216604
0.464 -0.0431845 -0.0432773 -0.217247
0.466 -0.0179362 -0.0180288 -0.212458
0.468 0.00785429 0.00774826 -0.202222
0.47 0.0337165 0.0335829 -0.186641
0.472 0.05918 0.0590045 -0.165931
0.474 0.0837828 0.0835509 -0.14042
0.476 0.107079 0.106776 -0.110541
0.478 0.128646 0.128259 -0.0768249
0.48 0.148093 0.147609 -0.0398867
0.482 0.165066 0.164474 -0.000416524
0.484 0.179258 0.178546 0.0408356
0.486 0.190406 0.189566 0.0830753
0.488 0.198306 0.197331 0.12548
0.49 0.202809 0.201693 0.167214
0.492 0.203827 0.202566 0.207451
0.494 0.201333 0.199926 0.245384
0.496 0.195361 0.19381 0.280247
0.498 0.186011 0.184318 0.311332
0.5 0.173437 0.171609 0.337998
0.502 0.157856 0.155899 0.359692
0.504 0.139533 0.137459 0.375954
0.506 0.118787 0.116606 0.386433
0.508 0.0959745 0.0937018 0.390888
0.51 0.071493 0.069144 0.389199
0.512 0.0457678 0.0433598 0.381367
0.514 0.0192464 0.016798 0.367515
0.516 -0.00760929 -0.0100785 0.347884
0.518 -0.0343316 -0.0368012 0.322831
0.52 -0.0604549 -0.062904 0.292819
0.522 -0.0855242 -0.0879318 0.258409
0.524 -0.109103 -0.111448 0.22025
0.526 -0.130779 -0.133042 0.179063
0.528 -0.150177 -0.152337 0.135627
0.53 -0.166957 -0.168996 0.0907641
0.532 -0.180826 -0.182727 0.0453219
0.534 -0.191541 -0.193289 0.00015684
0.536 -0.198915 -0.200496 -0.0438833
0.538 -0.202816 -0.204218 -0.0859769
0.54 -0.203172 -0.204385 -0.125344
0.542 -0.199972 -0.20099 -0.161264
0.544 -0.193266 -0.194084 -0.193086
0.546 -0.183162 -0.18378 -0.220247
0.548 -0.169828 -0.170245 -0.242277
0.55 -0.153486 -0.153706 -0.258813
0.552 -0.134409 -0.134437 -0.269604
0.554 -0.112915 -0.112761 -0.274515
0.556 -0.0893656 -0.0890404 -0.273529
0.558 -0.0641566 -0.0636728 -0.266748
0.56 -0.0377118 -0.0370845 -0.254391
0.562 -0.0104767 -0.00972255 -0.236786
0.564 0.0170897 0.0179522 -0.214366
0.566 0.0445217 0.0454733 -0.18766
0.568 0.0713557 0.0723759 -0.157279
0.57 0.0971373 0.0982052 -0.123905
0.572 0.121429 0.122524 -0.0882768
0.574 0.14382 0.14492 -0.0511756
0.576 0.163927 0.165012 -0.0134071
0.578 0.181409 0.182459 0.0242142
0.58 0.195967 0.196963 0.0608812
0.582 0.207351 0.208277 0.0958114
0.584 0.215366 0.216206 0.128263
0.586 0.219873 0.220613 0.157548
0.588 0.220793 0.221421 0.183049
0.59 0.218107 0.218615 0.20423
0.592 0.211858 0.212239 0.220647
0.594 0.202148 0.202399 0.231956
0.596 0.18914 0.18926 0.23792
0.598 0.173051 0.17304 0.238416
0.6 0.154149 0.154013 0.233431
0.602 0.132751 0.132497 0.223068
0.604 0.109216 0.108853 0.207537
0.606 0.0839349 0.0834745 0.187155
0.608 0.0573301 0.0567864 0.162337
0.61 0.0298436 0.0292323 0.133585
0.612 0.00193069 0.00126901 0.101479
0.614 -0.025948 -0.0266415 0.0666657
0.616 -0.0533345 -0.0540402 0.0298414
0.618 -0.0797812 -0.0804791 -0.00825993
0.62 -0.104859 -0.105528 -0.0468825
0.622 -0.128162 -0.128784 -0.0852642
0.624 -0.149321 -0.149874 -0.122652
0.626 -0.167999 -0.168466 -0.158318
0.628 -0.183906 -0.18427 -0.191571
0.63 -0.196801 -0.197045 -0.221774
0.632 -0.206493 -0.206603 -0.248352
0.634 -0.212846 -0.21281 -0.270808
0.636 -0.215782 -0.215591 -0.288726
0.638 -0.215281 -0.214928 -0.301785
0.64 -0.211379 -0.210859 -0.30976
0.642 -0.20417 -0.203484 -0.312526
0.644 -0.193806 -0.192953 -0.310061
0.646 -0.180486 -0.179473 -0.302446
0.648 -0.164463 -0.163296 -0.28986
0.65 -0.146031 -0.144722 -0.272577
0.652 -0.125526 -0.124086 -0.250958
0.654 -0.103314 -0.101761 -0.225446
0.656 -0.0797929 -0.0781435 -0.196554
0.658 -0.0553775 -0.0536522 -0.164854
0.66 -0.0304975 -0.0287182 -0.130966
0.662 -0.00558858 -0.0037788 -0.095545
0.664 0.0189148 0.0207306 -0.0592653
0.666 0.042587 0.0443836 -0.0228101
0.668 0.0650182 0.0667702 0.0131449
0.67 0.0858217 0.0875037 0.0479441
0.672 0.10464 0.106227 0.0809653
0.674 0.121153 0.122621 0.111632
0.676 0.135079 0.136405 0.139425
0.678 0.146184 0.147348 0.163891
0.68 0.154285 0.155266 0.184652
0.682 0.159249 0.160033 0.201414
0.684 0.161002 0.161574 0.213966
0.686 0.159524 0.159873 0.22219
0.688 0.154853 0.154971 0.226058
0.69 0.147083 0.146964 0.225632
0.692 0.13636 0.136005 0.221062
0.694 0.122885 0.122295 0.21258
0.696 0.106903 0.106084 0.200493
0.698 0.0887053 0.0876663 0.18518
0.7 0.0686201 0.0673731 0.167077
0.702 0.0470079 0.045568 0.14667
0.704 0.0242552 0.0226404 0.124482
0.706 0.00076745 -0.00100178 0.101062
0.708 -0.0230377 -0.0249386 0.0769733
0.71 -0.0467377 -0.0487457 0.0527817
0.712 -0.0699125 -0.0720017 0.0290413
0.714 -0.0921518 -0.094295 0.00628432
0.716 -0.113061 -0.115231 -0.0149899
0.718 -0.132271 -0.134438 -0.0343252
0.72 -0.149437 -0.151576 -0.0513174
0.722 -0.164255 -0.166337 -0.0656223
0.724 -0.176456 -0.178457 -0.0769615
0.726 -0.185818 -0.187712 -0.0851275
0.728 -0.192165 -0.19393 -0.0899869
0.73 -0.195371 -0.196987 -0.0914818
0.732 -0.195362 -0.196813 -0.0896299
0.734 -0.19212 -0.193389 -0.0845227
0.736 -0.185675 -0.186752 -0.0763225
0.738 -0.176114 -0.17699 -0.0652577
0.74 -0.163572 -0.164242 -0.0516169
0.742 -0.148233 -0.148696 -0.0357413
0.744 -0.130326 -0.130584 -0.0180175
0.746 -0.110121 -0.11018 0.00113266
0.748 -0.087925 -0.087794 0.0212609
0.75 -0.0640765 -0.0637674 0.0419031
0.752 -0.0389393 -0.0384672 0.0625892
0.754 -0.0128971 -0.01228 0.0828539
0.756 0.0136529 0.0143948 0.102247
0.758 0.0403068 0.0411508 0.120341
0.76 0.0666601 0.0675822 0.136744
0.762 0.0923148 0.0932895 0.151104
0.764 0.116886 0.117887 0.163118
0.766 0.140006 0.141007 0.172539
0.768 0.161335 0.162309 0.179176
0.77 0.180561 0.181481 0.182904
0.772 0.197408 0.198248 0.183663
0.774 0.211637 0.212375 0.181455
0.776 0.223056 0.223669 0.176349
0.778 0.231516 0.231984 0.168474
0.78 0.236915 0.23722 0.15802
0.782 0.239201 0.23933 0.145227
0.784 0.238372 0.238312 0.130383
0.786 0.234472 0.234216 0.113815
0.788 0.227596 0.227138 0.0958844
0.79 0.217881 0.21722 0.0769732
0.792 0.205508 0.204647 0.0574791
0.794 0.190696 0.189641 0.0378045
0.796 0.173702 0.172461 0.0183481
0.798 0.154808 0.153396 -0.000504576
0.8 0.134327 0.132758 -0.0183893
0.802 0.112586 0.11088 -0.0349715
0.804 0.0899318 0.0881097 -0.049953
0.806 0.0667152 0.0648008 -0.0630786
0.808 0.0432915 0.0413104 -0.0741412
0.81 0.0200122 0.0179915 -0.0829857
0.812 -0.00277998 -0.00481223 -0.089512
0.814 -0.0247568 -0.0267719 -0.0936763
0.816 -0.0456095 -0.0475786 -0.0954914
0.818 -0.0650533 -0.066948 -0.0950255
0.82 -0.082832 -0.0846246 -0.0924003
0.822 -0.0987212 -0.100385 -0.0877864
0.824 -0.112532 -0.114042 -0.0813999
0.826 -0.124111 -0.125446 -0.0734957
0.828 -0.133348 -0.134487 -0.0643615
0.83 -0.140171 -0.141096 -0.0543104
0.832 -0.144548 -0.145245 -0.0436731
0.834 -0.146489 -0.146947 -0.0327899
0.836 -0.146043 -0.146255 -0.0220023
0.838 -0.1433 -0.143261 -0.0116447
0.84 -0.138382 -0.138093 -0.00203635
0.842 -0.131448 -0.130911 0.00652633
0.844 -0.122684 -0.121907 0.0137768
0.846 -0.112306 -0.111299 0.0194849
0.848 -0.10055 -0.0993275 0.0234623
0.85 -0.0876702 -0.0862495 0.0255669
0.852 -0.0739362 -0.0723368 0.0257062
0.854 -0.0596248 -0.0578693 0.0238399
0.856 -0.0450174 -0.0431303 0.0199804
0.858 -0.0303944 -0.0284022 0.0141928
0.86 -0.0160306 -0.0139611 0.0065934
0.862 -0.00219099 -7.28773e-05 -0.00265325
0.864 0.0108741 0.0130118 -0.0133378
0.866 0.0229328 0.0250607 -0.0252114
0.868 0.0337748 0.0358646 -0.0379912
0.87 0.0432156 0.0452395 -0.0513669
0.872 0.0510981 0.0530298 -0.0650085
0.874 0.0572956 0.0591108 -0.0785735
0.876 0.0617131 0.0633894 -0.091715
0.878 0.0642884 0.0658062 -0.10409
0.88 0.0649927 0.0663352 -0.115368
0.882 0.0638307 0.0649841 -0.125237
0.884 0.0608395 0.0617936 -0.133412
0.886 0.0560882 0.056836 -0.139644
0.888 0.0496755 0.0502138 -0.143721
0.89 0.0417284 0.0420575 -0.145479
0.892 0.0323987 0.0325226 -0.1448
0.894 0.0218611 0.0217873 -0.14162
0.896 0.0103092 0.0100487 -0.13593
0.898 -0.00204751 -0.00248066 -0.127775
0.9 -0.0149875 -0.0155762 -0.117254
0.902 -0.0282811 -0.0290056 -0.104519
0.904 -0.0416942 -0.0425324 -0.0897726
0.906 -0.0549923 -0.0559201 -0.0732634
0.908 -0.0679441 -0.068936 -0.0552801
0.91 -0.0803257 -0.0813548 -0.0361468
0.912 -0.0919235 -0.0929624 -0.0162158
0.914 -0.102538 -0.103559 0.00413999
0.916 -0.111986 -0.112962 0.0245347
0.918 -0.120106 -0.12101 0.044578
0.92 -0.126755 -0.127562 0.0638836
0.922 -0.131818 -0.132503 0.0820773
0.924 -0.135201 -0.135743 0.0988058
0.926 -0.136841 -0.13722 0.113744
0.928 -0.136699 -0.136898 0.126603
0.93 -0.134764 -0.13477 0.137135
0.932 -0.131055 -0.130856 0.145141
0.934 -0.125614 -0.125203 0.150474
0.936 -0.118509 -0.117883 0.153045
0.938 -0.109834 -0.108993 0.152821
0.94 -0.0997049 -0.0986519 0.149829
0.942 -0.0882558 -0.086998 0.144157
0.944 -0.0756402 -0.0741882 0.135949
0.946 -0.0620264 -0.0603943 0.125405
0.948 -0.0475952 -0.0457998 0.112775
0.95 -0.0325366 -0.0305979 0.0983557
0.952 -0.0170471 -0.0149875 0.0824838
0.954 -0.00132689 0.000829098 0.065528
0.956 0.0144239 0.0166498 0.047882
0.958 0.0300074 0.0322756 0.029956
0.96 0.0452312 0.047513 0.0121681
0.962 0.0599113 0.0621773 -0.00506504
0.964 0.0738738 0.076095 -0.0213368
0.966 0.0869582 0.0891056 -0.0362594
0.968 0.0990186 0.101064 -0.0494729
0.97 0.109926 0.111843 -0.0606522
0.972 0.119569 0.121333 -0.0695149
0.974 0.127857 0.129444 -0.075827
0.976 0.134717 0.136108 -0.0794089
0.978 0.1401 0.141275 -0.0801389
0.98 0.143974 0.14492 -0.0779564
0.982 0.146331 0.147036 -0.0728638
0.984 0.147181 0.147637 -0.0649267
0.986 0.146555 0.146757 -0.054273
0.988 0.144504 0.14445 -0.0410906
0.99 0.141092 0.140786 -0.0256243
0.992 0.136404 0.135852 -0.00817048
0.994 0.130537 0.129747 0.010928
0.996 0.123601 0.122586 0.0312888
0.998 0.115717 0.114493 0.052498
