    2.9985097046e+02    8.4509643737e+02   -1.7116711575e+05    5.1536767000e-04   -3.2010332383e-04    1.6204163640e-04    2.0004184715e-03   -2.1468737547e-03    7.7937113662e-04    2.5212787576e+02    2.5428578083e+02    1.0000000000e+02
    2.9656998128e+02    8.3584933618e+02   -1.7117032065e+05   -3.5435478686e-04   -1.7311640192e-03    1.8800300770e-03   -2.4348792048e-03    2.4370414994e-04   -3.8514453027e-03    2.5206746871e+02    2.5431254087e+02    1.0000000000e+02
    2.9793893624e+02    8.3970758268e+02   -1.7116958344e+05    8.2715326237e-04    6.6379190608e-03    3.4424236418e-03   -1.2747067554e-03    1.7082543137e-03   -8.0243906557e-04    2.5206103182e+02    2.5419258662e+02    1.0000000000e+02
    3.0253572125e+02    8.5266310734e+02   -1.7117421615e+05   -4.4631570897e-03   -3.0375926319e-03    1.4366473405e-03   -1.7506859376e-03   -1.2073700903e-03    2.3312147872e-03    2.5211336370e+02    2.5432243518e+02    1.0000000000e+02
    3.0074792316e+02    8.4762439827e+02   -1.7117133950e+05   -9.9952964164e-04   -2.8232801570e-03   -3.1328703481e-03    5.6249128523e-04   -2.0482594411e-04   -3.3052728776e-03    2.5208430299e+02    2.5433959392e+02    1.0000000000e+02
    3.0165333519e+02    8.5017620087e+02   -1.7116579191e+05    8.1618942472e-03   -1.0259316080e-03   -6.5169746221e-04   -4.9264617491e-03   -4.4896384090e-03   -1.3094690167e-03    2.5198032825e+02    2.5430706695e+02    1.0000000000e+02
    2.9988552066e+02    8.4519381325e+02   -1.7116107963e+05   -1.1791690442e-03   -8.3344730714e-03   -4.4496256681e-03   -2.2191503144e-03    3.1184111289e-04    7.6885544123e-04    2.5209818404e+02    2.5439166062e+02    1.0000000000e+02
    3.0011215121e+02    8.4583254613e+02   -1.7116847885e+05    3.3663856653e-03    2.7773119546e-03   -3.3423565063e-04   -2.9288527209e-03    7.8635463020e-04   -1.8971317560e-03    2.5209894944e+02    2.5431443145e+02    1.0000000000e+02
    2.9843643674e+02    8.4110973222e+02   -1.7116317528e+05   -8.6976745878e-03   -5.0673473756e-03    1.1255985359e-03    5.8725176721e-04    5.1571663609e-04   -2.8670912421e-03    2.5211246771e+02    2.5426046012e+02    1.0000000000e+02
    2.9457713641e+02    8.3023272570e+02   -1.7116255120e+05   -5.3809208129e-03   -1.5552253686e-05   -2.0689423664e-03    3.9961513889e-03    1.3108414986e-03   -1.2445254821e-03    2.5214758348e+02    2.5425063391e+02    1.0000000000e+02
    2.9952586452e+02    8.4418016264e+02   -1.7118138335e+05    6.2499599132e-03    5.2023645980e-03    2.5922567530e-03    6.0026538743e-05    1.9542732372e-03    1.7059572756e-03    2.5205312181e+02    2.5428560379e+02    1.0000000000e+02
    2.9826633135e+02    8.4063030920e+02   -1.7116547600e+05   -1.2402299082e-03   -1.5765652224e-03    7.9121936713e-03    2.5395314181e-04   -5.5000006635e-03    9.1337878584e-04    2.5213059714e+02    2.5433707996e+02    1.0000000000e+02
    3.0108887756e+02    8.4858534014e+02   -1.7116706173e+05   -2.3392402544e-03   -2.6899869026e-03   -3.1888515235e-03   -4.2539106232e-03   -1.2816973930e-03   -2.7716321371e-03    2.5211817362e+02    2.5431490744e+02    1.0000000000e+02
    3.0052013499e+02    8.4698240280e+02   -1.7116947005e+05   -4.1453232059e-03   -1.5945889235e-03   -9.2045906033e-04    3.9758299807e-03   -3.1384415645e-03   -6.9471986088e-04    2.5222724944e+02    2.5429270749e+02    1.0000000000e+02
    2.9897219348e+02    8.4261970271e+02   -1.7116602560e+05   -8.0713098072e-03   -1.9970386312e-03   -1.0542440092e-03    1.8600375083e-03   -2.1619376539e-04    1.0215591909e-03    2.5222173932e+02    2.5429933803e+02    1.0000000000e+02
    2.9841390422e+02    8.4104622685e+02   -1.7117558296e+05    5.5293676250e-03    3.1874895273e-03   -1.9785245780e-04    7.0978568995e-04    1.4115201722e-03   -1.1470711395e-03    2.5203765140e+02    2.5429375881e+02    1.0000000000e+02
    3.0337299988e+02    8.5502288355e+02   -1.7117055002e+05   -5.7828720499e-03   -4.8422156618e-03   -5.1558578140e-03   -5.1685413989e-04   -5.2808002608e-04   -1.0638757169e-03    2.5211833622e+02    2.5430675988e+02    1.0000000000e+02
    2.9864471932e+02    8.4169675338e+02   -1.7117971343e+05    4.3075611056e-03    4.0641269025e-03    2.9662877522e-04    1.6354487771e-03   -8.5553232626e-04    5.2321843214e-04    2.5202896054e+02    2.5428747694e+02    1.0000000000e+02
    2.9955656766e+02    8.4426669601e+02   -1.7117673888e+05    6.7709026651e-03    3.1003701706e-03    1.6861034411e-03   -1.8518607858e-03    1.1942818110e-03    1.7913545284e-03    2.5203729323e+02    2.5428823798e+02    1.0000000000e+02
    2.9840718396e+02    8.4102728655e+02   -1.7116844438e+05   -2.3934052229e-03   -5.2091689067e-03    2.8801060852e-03    4.8019568941e-04   -6.4320049359e-04    1.9616347366e-04    2.5210095516e+02    2.5434374106e+02    1.0000000000e+02
    2.9878332489e+02    8.4208739769e+02   -1.7117065314e+05    4.5102723204e-03   -2.5526552676e-03    1.6342665761e-03   -4.1474118633e-04   -3.2203742957e-03   -6.5557216874e-04    2.5205317976e+02    2.5440283764e+02    1.0000000000e+02
    3.0208049160e+02    8.5138009346e+02   -1.7117763554e+05    6.7145280890e-03    4.3741276677e-03    4.2817247108e-03    1.3822335418e-03   -9.5472578729e-04    1.0847318920e-03    2.5209187534e+02    2.5432040381e+02    1.0000000000e+02
    3.0112369296e+02    8.4868346347e+02   -1.7116785913e+05   -3.7279404653e-03   -4.4920160179e-03   -1.4402820248e-03   -1.7345487918e-04    4.2211825055e-04    3.0159400827e-03    2.5208755598e+02    2.5431306011e+02    1.0000000000e+02
    2.9923018360e+02    8.4334681902e+02   -1.7116670346e+05    1.9271323453e-03    7.6836481815e-03    2.3383312923e-04   -6.3844371449e-04   -1.6037175601e-04   -5.8900514690e-04    2.5208054377e+02    2.5415882330e+02    1.0000000000e+02
    3.0012525259e+02    8.4586947089e+02   -1.7116388218e+05    1.2246866522e-03    9.3274810022e-04   -2.1213632302e-03   -2.6185641911e-03   -1.4492871600e-03   -6.3894836260e-04    2.5205297145e+02    2.5420992187e+02    1.0000000000e+02
    2.9916269569e+02    8.4315661188e+02   -1.7116880591e+05    1.7992458729e-03    6.3841995165e-05    2.7860505164e-03    2.8544824854e-03    1.0738909623e-03    1.8340148452e-04    2.5208815046e+02    2.5432161193e+02    1.0000000000e+02
    3.0006552029e+02    8.4570112210e+02   -1.7116833297e+05    2.1098134185e-03    1.7842998576e-03   -3.3487311262e-03    2.4442895729e-03    3.6248633477e-03    1.3684242912e-03    2.5209885369e+02    2.5429370006e+02    1.0000000000e+02
    2.9830536966e+02    8.4074033431e+02   -1.7116842232e+05    1.1149271546e-03    4.0241019062e-03    4.7196199934e-03   -7.4417687738e-04    1.7530331722e-03   -3.0236100294e-04    2.5211453913e+02    2.5423374753e+02    1.0000000000e+02
    3.0057351961e+02    8.4713286138e+02   -1.7116990832e+05    2.3045365601e-03    7.4163020446e-04    2.0416620519e-03    3.1324133278e-04   -5.8583518865e-04   -5.9692454730e-04    2.5212200612e+02    2.5432793349e+02    1.0000000000e+02
    2.9873073042e+02    8.4193916606e+02   -1.7117149201e+05   -3.7280050658e-03   -2.2909703701e-03    1.1471927222e-03    6.6590490824e-04   -1.3046982920e-03    1.4449482677e-03    2.5216968805e+02    2.5436683450e+02    1.0000000000e+02
    2.9842761543e+02    8.4108487035e+02   -1.7116645364e+05   -3.6872179625e-03   -4.9766316904e-03   -9.6883543746e-05   -3.3192210689e-03   -3.2805389985e-03    2.1266243755e-03    2.5213102122e+02    2.5431631704e+02    1.0000000000e+02
    3.0089106719e+02    8.4802783374e+02   -1.7117426631e+05    1.0801724753e-02    4.3775450306e-03    3.5333267234e-03   -4.1776284717e-03   -2.0498246074e-03   -4.7042102919e-04    2.5201327362e+02    2.5429163594e+02    1.0000000000e+02
    2.9943591446e+02    8.4392664845e+02   -1.7117191919e+05   -2.3551569160e-03   -1.6038265539e-03   -4.6080023712e-03   -2.7329878737e-03    1.3305646347e-03    1.1239587206e-03    2.5213980962e+02    2.5428286313e+02    1.0000000000e+02
    3.0178223988e+02    8.5053950432e+02   -1.7117669413e+05   -2.3585315015e-04    1.5324406681e-03   -4.6896528983e-04    4.6315505000e-03   -2.2035358704e-03    2.8980029557e-03    2.5211648803e+02    2.5428033471e+02    1.0000000000e+02
    3.0031808557e+02    8.4641294909e+02   -1.7116806089e+05   -9.5033070872e-04    7.8698672937e-04   -3.6646011085e-03    1.6643989873e-03    2.8113267345e-03    2.0706399410e-03    2.5213630228e+02    2.5427002769e+02    1.0000000000e+02
    2.9951712857e+02    8.4415554133e+02   -1.7117095262e+05   -2.0706543482e-03    2.7293134225e-04   -2.5179019159e-03   -6.2629458106e-04   -1.0879379957e-03    3.9901738742e-04    2.5215147075e+02    2.5425648273e+02    1.0000000000e+02
    3.0123753303e+02    8.4900430897e+02   -1.7116731137e+05   -2.0374907305e-03    1.3460884949e-03   -2.8268069306e-03   -3.0782491828e-03    3.1184577543e-04    8.2975971800e-04    2.5218022882e+02    2.5430119813e+02    1.0000000000e+02
    2.9953505071e+02    8.4420605289e+02   -1.7116168025e+05    1.2133527506e-03   -2.5992051876e-03    9.2972574484e-04    1.9404203170e-03    7.7212232180e-04    1.5771385546e-03    2.5213071058e+02    2.5435041235e+02    1.0000000000e+02
    3.0087759585e+02    8.4798986626e+02   -1.7117442894e+05   -3.0112631905e-03    4.4436299394e-04    6.1280138766e-04   -2.8434293507e-03   -2.2406035650e-03    7.5314589535e-04    2.5215746018e+02    2.5426539180e+02    1.0000000000e+02
    3.0219973076e+02    8.5171615570e+02   -1.7116587660e+05   -2.0146116484e-03   -4.0362781302e-05   -5.2988298614e-04    3.0500362568e-03    9.3152903660e-04   -1.2462444405e-03    2.5219240936e+02    2.5432103686e+02    1.0000000000e+02
    3.0172095215e+02    8.5036677171e+02   -1.7116537389e+05   -6.2495134859e-03   -2.0450505091e-03   -1.3029808332e-03    1.9095828512e-03    9.7226704932e-03    1.5015901337e-03    2.5224556694e+02    2.5429071240e+02    1.0000000000e+02
    3.0085323798e+02    8.4792121633e+02   -1.7116588943e+05   -4.0793185873e-04   -8.8308952069e-04    4.4998001645e-03   -3.0015920064e-03   -3.4268988929e-04    2.8082695841e-03    2.5210980356e+02    2.5433738565e+02    1.0000000000e+02
    3.0110806931e+02    8.4863942995e+02   -1.7117197209e+05    3.5395050265e-03   -2.6081732022e-03    1.7179765303e-03   -8.1283696383e-04   -1.0546984515e-03    2.6844394380e-04    2.5211437536e+02    2.5439892024e+02    1.0000000000e+02
    2.9778543861e+02    8.3927496677e+02   -1.7117100413e+05    2.2615978393e-03   -4.1053895961e-04    2.1600148011e-03    5.7524093169e-04    2.6627659623e-03   -9.8278271358e-04    2.5210853084e+02    2.5437469428e+02    1.0000000000e+02
    3.0182228763e+02    8.5065237444e+02   -1.7116458589e+05   -3.3050169038e-03   -1.8710273343e-03    3.0595053816e-03   -1.8903427574e-03    2.0793474730e-04    3.3338759514e-04    2.5222941303e+02    2.5437058716e+02    1.0000000000e+02
    3.0287659063e+02    8.5362380956e+02   -1.7115455241e+05   -3.4713660910e-03    1.0593231781e-03    8.2014098164e-03   -1.6503640637e-03    3.7414803562e-03    2.0725182771e-03    2.5224083079e+02    2.5430312513e+02    1.0000000000e+02
    2.9796276127e+02    8.3977473086e+02   -1.7116310340e+05   -2.0729638888e-03    1.1055167748e-03    2.5857301023e-04    4.9319034086e-03   -2.5366865639e-05    1.3378071223e-03    2.5219123708e+02    2.5426942086e+02    1.0000000000e+02
    3.0289949218e+02    8.5368835502e+02   -1.7117145164e+05    1.5758474458e-03   -4.0762002171e-03   -2.6924047402e-03   -1.6538411696e-04    1.7603171701e-03   -1.9465542236e-03    2.5216667651e+02    2.5434088764e+02    1.0000000000e+02
    3.0017338218e+02    8.4600511877e+02   -1.7117338918e+05    4.4950143709e-03    2.7534711022e-03   -6.5337186881e-04   -3.3529339830e-03    6.8331542237e-04    2.6093054550e-04    2.5209028879e+02    2.5426558202e+02    1.0000000000e+02
    2.9987282006e+02    8.4515801803e+02   -1.7116564009e+05   -1.1309061063e-03   -4.4116668565e-04   -9.4196077896e-04   -9.4016532596e-04   -1.5175083924e-03    3.0859316605e-03    2.5212146738e+02    2.5429973451e+02    1.0000000000e+02
    2.9958680381e+02    8.4435191321e+02   -1.7117000276e+05    4.2097670897e-04   -3.8889552318e-03   -1.0188383361e-03   -2.6915902340e-04    1.5950122294e-04    1.3852010200e-03    2.5216331171e+02    2.5439013743e+02    1.0000000000e+02
    2.9929720761e+02    8.4353571869e+02   -1.7116161314e+05   -6.5979009233e-03   -6.3009619328e-03    4.4556432553e-04   -2.1627077517e-03    2.4019570663e-03    1.1078645297e-03    2.5225698958e+02    2.5441079346e+02    1.0000000000e+02
    2.9866498509e+02    8.4175387020e+02   -1.7117142006e+05   -7.2602413372e-03   -1.6197360249e-03   -9.0066091556e-03    7.8275267472e-04   -2.8615980422e-04    2.0394871178e-03    2.5222771910e+02    2.5423732631e+02    1.0000000000e+02
    3.0185657744e+02    8.5074901643e+02   -1.7117718881e+05   -1.3829673217e-03    3.2303044345e-03    1.7048224379e-03   -1.9834566212e-03    2.1886403757e-03    1.7998718540e-03    2.5219117117e+02    2.5422045015e+02    1.0000000000e+02
    2.9853268140e+02    8.4138098705e+02   -1.7116949227e+05   -3.2233375695e-03    3.5667557875e-06   -1.9547286184e-03   -1.5940365575e-03    3.8870129395e-03    1.4507683594e-03    2.5217798664e+02    2.5428765460e+02    1.0000000000e+02
    3.0097441150e+02    8.4826273036e+02   -1.7117726549e+05    6.8805869317e-03    7.8600065292e-03    6.3961076157e-03    3.6767065054e-03    3.6300847928e-03   -5.6920526019e-04    2.5212032353e+02    2.5421934461e+02    1.0000000000e+02
    2.9853084180e+02    8.4137580234e+02   -1.7117058268e+05    5.6824855520e-04    6.1564897706e-05    3.6065727319e-04   -9.1690160630e-04    1.7115327353e-03    2.7617535060e-03    2.5211972375e+02    2.5426686216e+02    1.0000000000e+02
    3.0179712824e+02    8.5058146550e+02   -1.7117143221e+05   -9.0650131984e-04   -6.1686257634e-03   -3.9114179251e-03   -2.8325019201e-03   -3.1683378677e-03    2.0105007645e-03    2.5209976685e+02    2.5437879006e+02    1.0000000000e+02
    2.9799894514e+02    8.3987671106e+02   -1.7116696408e+05   -5.0228442363e-03    6.6022370595e-04   -4.2438752597e-03    5.5785163897e-04   -8.3206515331e-05   -5.8429164837e-04    2.5226110531e+02    2.5432095561e+02    1.0000000000e+02
    3.0096947368e+02    8.4824881364e+02   -1.7117571551e+05   -7.4860024247e-03   -3.6327029646e-04   -2.2995221858e-03    2.5761372106e-03    5.0328058689e-04    8.5353144646e-04    2.5226055987e+02    2.5429984447e+02    1.0000000000e+02
    3.0203239874e+02    8.5124454911e+02   -1.7117109990e+05   -2.4026175374e-03   -2.1976106736e-03    1.9789588444e-03   -4.1399752412e-03   -4.0323589463e-04    2.2003850743e-03    2.5217352987e+02    2.5434176171e+02    1.0000000000e+02
    3.0091054429e+02    8.4808272777e+02   -1.7117297301e+05    4.6963155486e-03    5.7591863724e-03   -1.7988364325e-03    6.4894779237e-04   -8.7346944471e-04    3.0130276710e-03    2.5204080763e+02    2.5423276301e+02    1.0000000000e+02
    3.0070196808e+02    8.4749487903e+02   -1.7116569441e+05   -4.4602125345e-04    4.8231447997e-03   -2.1530617244e-03    1.8606244371e-04   -7.3819410476e-04   -2.3595101103e-05    2.5217157792e+02    2.5423875025e+02    1.0000000000e+02
    2.9787172176e+02    8.3951814618e+02   -1.7116768192e+05   -1.6491724660e-03    5.7760573902e-03   -4.5422037586e-03   -4.0744429524e-04   -1.1463066957e-03   -6.1310301598e-05    2.5219975008e+02    2.5420120396e+02    1.0000000000e+02
    2.9834238260e+02    8.4084465116e+02   -1.7116223922e+05   -1.9789646288e-03    4.9781200595e-03   -2.0729457064e-03    1.1099240351e-03    6.7606374614e-05    2.2842693073e-03    2.5217872783e+02    2.5419806374e+02    1.0000000000e+02
    2.9980424898e+02    8.4496475812e+02   -1.7117311852e+05   -5.3734041125e-03   -2.3756763975e-04   -5.4217056683e-03   -3.2858166064e-03    3.2122367473e-04    1.0989936284e-03    2.5219933781e+02    2.5425086765e+02    1.0000000000e+02
    3.0073440402e+02    8.4758629611e+02   -1.7117671957e+05    2.5848202547e-03    6.6015730368e-04    1.3924012847e-03    1.6805906469e-03    1.1309213954e-03    1.6068319903e-03    2.5217670379e+02    2.5434182099e+02    1.0000000000e+02
    3.0120332517e+02    8.4890789793e+02   -1.7116172389e+05    7.8538269918e-04    2.1923853887e-03    6.2098567925e-03   -1.3478545694e-03    1.5609238436e-03   -1.2231862837e-05    2.5219771369e+02    2.5431181799e+02    1.0000000000e+02
    2.9998573574e+02    8.4547625826e+02   -1.7116333621e+05    1.1201098612e-03    2.1682486351e-03    1.0467359238e-03    3.6468038123e-04    8.3685111457e-04    2.3044999995e-03    2.5214940677e+02    2.5430720202e+02    1.0000000000e+02
    3.0065048916e+02    8.4734979145e+02   -1.7117349968e+05    7.1142284391e-03   -3.5098088864e-03    3.4251581710e-03    2.0741766709e-03   -2.3138454372e-03    2.3831415592e-03    2.5203086422e+02    2.5442257923e+02    1.0000000000e+02
    3.0069331782e+02    8.4747049925e+02   -1.7116471705e+05   -4.4691055727e-04   -6.5751622695e-03   -4.2968085315e-03    1.3395452471e-03    4.3410050539e-04   -1.2822424798e-04    2.5212154410e+02    2.5443793160e+02    1.0000000000e+02
    3.0033048861e+02    8.4644790569e+02   -1.7116548719e+05   -3.2150277805e-03   -4.8504578109e-03   -3.8646434854e-03   -1.9285773861e-03   -7.8412086232e-04    1.3142853764e-03    2.5216811792e+02    2.5438144181e+02    1.0000000000e+02
    2.9772457567e+02    8.3910343139e+02   -1.7116145540e+05   -3.7880527590e-03   -5.9085680459e-03    4.5264151594e-04   -3.1719383726e-03    1.2833219571e-04    2.3920513344e-03    2.5217704147e+02    2.5437347042e+02    1.0000000000e+02
    2.9913312269e+02    8.4307326370e+02   -1.7117075075e+05   -5.8245599363e-03   -6.6069217251e-03   -5.0472918521e-03    1.9942042265e-03   -1.4890232370e-03    3.2719198303e-04    2.5225609684e+02    2.5438110274e+02    1.0000000000e+02
    2.9841396249e+02    8.4104639107e+02   -1.7116519911e+05   -1.9722130220e-03    3.0364341134e-03    1.3581985358e-03    1.8043810779e-03    1.4997324457e-03    5.8393324377e-04    2.5226594065e+02    2.5430545891e+02    1.0000000000e+02
    2.9887752642e+02    8.4235289417e+02   -1.7116563782e+05   -8.3754046179e-03   -7.8081903531e-04   -5.8973999339e-03   -3.9819769849e-03   -5.3591454564e-04    1.3406597167e-03    2.5224913457e+02    2.5425114010e+02    1.0000000000e+02
    3.0164969198e+02    8.5016593288e+02   -1.7116710579e+05   -5.4690017717e-03    1.1848925656e-03    2.5906639590e-03   -2.9175949754e-05   -3.0793347993e-03    3.1590439966e-03    2.5226928870e+02    2.5426529145e+02    1.0000000000e+02
    2.9819065190e+02    8.4041701514e+02   -1.7116759860e+05    1.8910955010e-03    3.8509615461e-03    1.0462939733e-03   -4.8465208852e-04   -9.0290240436e-04    8.0977934020e-04    2.5215268887e+02    2.5427988640e+02    1.0000000000e+02
    3.0154524979e+02    8.4987157425e+02   -1.7117113800e+05   -1.3477821287e-03    3.4977966324e-03   -6.3574204663e-04    1.2532535704e-03    3.5264406926e-03   -1.0562365508e-04    2.5221525973e+02    2.5425626908e+02    1.0000000000e+02
    3.0000276805e+02    8.4552426192e+02   -1.7116455610e+05    3.9065265241e-03    1.4803558233e-03   -1.6030997022e-03    2.7905389900e-03    4.3126653211e-03    1.7623323857e-03    2.5212017870e+02    2.5428418821e+02    1.0000000000e+02
    2.9850367935e+02    8.4129924802e+02   -1.7117057127e+05    8.5878565902e-03    3.5558741551e-03    1.8805520267e-03   -2.4642842997e-03   -8.2405683328e-04    1.2580084309e-03    2.5202874302e+02    2.5428091217e+02    1.0000000000e+02
    3.0149903977e+02    8.4974133647e+02   -1.7116698291e+05    7.4101536500e-03   -6.1087957326e-04   -5.2350105584e-05    2.6800795004e-03    2.1532852356e-03    9.6502967204e-04    2.5204586933e+02    2.5440016141e+02    1.0000000000e+02
    3.0359072942e+02    8.5563652990e+02   -1.7116185096e+05   -1.9441898938e-05    9.5169751088e-05   -1.7184682194e-03    3.2048769348e-03    3.0127952359e-04    3.4520237613e-05    2.5218235392e+02    2.5432960243e+02    1.0000000000e+02
    3.0018811761e+02    8.4604664893e+02   -1.7117371322e+05   -1.2196309939e-03    5.7207352132e-03   -1.7509451328e-03    1.5689882649e-03   -9.4937687109e-04    1.8495201706e-03    2.5218037067e+02    2.5422716534e+02    1.0000000000e+02
    3.0119391487e+02    8.4888137606e+02   -1.7117711111e+05    5.6212831306e-03    4.5825464351e-03    5.8650634579e-04    2.0166802473e-03    4.9438392590e-03    9.4739868200e-04    2.5209728793e+02    2.5426922501e+02    1.0000000000e+02
    2.9940955551e+02    8.4385235870e+02   -1.7117301487e+05    7.9506057938e-03   -2.6589505108e-03    1.9774764028e-03    1.9559718893e-03    1.6540129817e-03    2.8143795873e-04    2.5204215025e+02    2.5444165745e+02    1.0000000000e+02
    2.9811221577e+02    8.4019595166e+02   -1.7117331684e+05    1.0711679622e-02    1.4927327938e-04    7.6475427161e-04    1.9814703671e-03   -2.7860539132e-03    1.6348617267e-03    2.5203365943e+02    2.5436449485e+02    1.0000000000e+02
    3.0123426208e+02    8.4899509016e+02   -1.7117580724e+05    2.0285502801e-03   -1.3899180406e-03    6.2404492655e-03    2.3391641444e-03   -2.2651012927e-03    1.8139242705e-03    2.5211965241e+02    2.5435850509e+02    1.0000000000e+02
    2.9912887489e+02    8.4306129175e+02   -1.7116464250e+05    3.2104298456e-03   -4.0451649682e-05   -1.0923244243e-03   -1.4529964531e-03   -3.0688371771e-03    3.8519665506e-03    2.5205742918e+02    2.5429850166e+02    1.0000000000e+02
    2.9836230662e+02    8.4090080478e+02   -1.7115973917e+05    4.3468714499e-03    4.6376814304e-03    1.0406637237e-03   -3.0630968636e-03    4.2569943291e-03    4.8687341471e-04    2.5213823781e+02    2.5428869733e+02    1.0000000000e+02
    3.0286598920e+02    8.5359393061e+02   -1.7116714004e+05   -1.5000422368e-03   -8.7911621523e-03   -6.3323893093e-03   -2.7529545218e-03   -7.9706823016e-04    1.1283215692e-03    2.5215025645e+02    2.5447936531e+02    1.0000000000e+02
    2.9995398238e+02    8.4538676494e+02   -1.7116863204e+05    1.3031605584e-04   -1.3485033391e-03    2.6330779495e-03    3.8911054862e-03   -2.2359834791e-03    2.3971970700e-03    2.5219652651e+02    2.5435835557e+02    1.0000000000e+02
    3.0049819131e+02    8.4692055699e+02   -1.7117195381e+05   -4.3338464026e-03   -4.1539166681e-03   -6.0387183038e-03   -6.9289519794e-04   -1.3865969267e-03    6.5703782786e-04    2.5220954612e+02    2.5434259669e+02    1.0000000000e+02
    3.0387431386e+02    8.5643578094e+02   -1.7116618952e+05   -7.4918688163e-05    2.4725685200e-03    1.3030252480e-03   -1.0016880315e-03   -4.0445234373e-03    6.4581923500e-04    2.5222520572e+02    2.5428657563e+02    1.0000000000e+02
    2.9798821857e+02    8.3984647944e+02   -1.7117156630e+05    1.7618070096e-03   -2.7313788041e-03    3.2530534810e-03   -2.0282704921e-04    1.7912610368e-03    7.6973424617e-04    2.5219556627e+02    2.5436817363e+02    1.0000000000e+02
    3.0126314059e+02    8.4907648100e+02   -1.7116721614e+05   -1.1762964535e-03    2.8293480498e-03   -1.8979573072e-04   -4.1270978996e-03    2.5653619323e-03    4.1272197339e-04    2.5216467012e+02    2.5425587800e+02    1.0000000000e+02
    2.9976338199e+02    8.4484957907e+02   -1.7117490001e+05    9.5837711245e-04    2.4630932308e-03    2.6608710162e-03    9.8375366230e-04   -7.0974271125e-04    1.3818369357e-03    2.5219913976e+02    2.5426481028e+02    1.0000000000e+02
    2.9885520433e+02    8.4228998187e+02   -1.7117343037e+05    1.4963298679e-03    3.6759156295e-03    2.5714917823e-04    1.2801146171e-03    2.2535370472e-03   -1.0960122814e-03    2.5218542976e+02    2.5432523089e+02    1.0000000000e+02
    3.0484299600e+02    8.5916590325e+02   -1.7116095414e+05   -3.9083793225e-03    2.8921721878e-03    9.4654043877e-04   -4.2385799128e-03    1.7039506754e-03   -1.6865538360e-04    2.5227594180e+02    2.5426418010e+02    1.0000000000e+02
    3.0212395557e+02    8.5150259180e+02   -1.7117181070e+05    2.8562546447e-03    5.3944852806e-03    2.4502911789e-03   -1.7882597270e-03   -2.2972178200e-03    1.1559036315e-03    2.5216669794e+02    2.5426124709e+02    1.0000000000e+02
