0 1 1 1
0.002 0.994044 0.994044 0.992782
0.004 0.976269 0.97627 0.971272
0.006 0.946958 0.94696 0.9359
0.008 0.906574 0.906576 0.887372
0.01 0.855752 0.855756 0.826654
0.012 0.79529 0.795297 0.754949
0.014 0.726131 0.726141 0.673669
0.016 0.649345 0.649359 0.584408
0.018 0.566113 0.566133 0.488899
0.02 0.477702 0.47773 0.388982
0.022 0.385447 0.385484 0.286563
0.024 0.290723 0.290771 0.183573
0.026 0.194925 0.194987 0.0819264
0.028 0.0994448 0.0995222 -0.016516
0.03 0.00564726 0.00574274 -0.109985
0.032 -0.0851503 -0.0850342 -0.196838
0.034 -0.171698 -0.171559 -0.27559
0.036 -0.252834 -0.25267 -0.344941
0.038 -0.327499 -0.327306 -0.403798
0.04 -0.39475 -0.394528 -0.451297
0.042 -0.45378 -0.453526 -0.486812
0.044 -0.50392 -0.503633 -0.509968
0.046 -0.544653 -0.544331 -0.520641
0.048 -0.575616 -0.575259 -0.518959
0.05 -0.596609 -0.596216 -0.505297
0.052 -0.60759 -0.60716 -0.480261
0.054 -0.608676 -0.608211 -0.44468
0.056 -0.600142 -0.599642 -0.399581
0.058 -0.58241 -0.581878 -0.34617
0.06 -0.556044 -0.555482 -0.285801
0.062 -0.521741 -0.52115 -0.219955
0.064 -0.480312 -0.479696 -0.150201
0.066 -0.432675 -0.432038 -0.0781684
0.068 -0.379835 -0.379181 -0.0055114
0.07 -0.322866 -0.3222 0.0661242
0.072 -0.262896 -0.262223 0.135135
0.074 -0.201083 -0.200407 0.199993
0.076 -0.138597 -0.137924 0.259277
0.078 -0.0765996 -0.0759354 0.311699
0.08 -0.0162229 -0.0155731 0.356136
0.082 0.0414494 0.0420792 0.391645
0.084 0.0954013 0.0960058 0.417488
0.086 0.144702 0.145276 0.433145
0.088 0.188523 0.189061 0.43832
0.09 0.226149 0.226647 0.43295
0.092 0.256992 0.257447 0.417204
0.094 0.280601 0.281009 0.391472
0.096 0.296666 0.297024 0.356364
0.098 0.305023 0.305329 0.312685
0.1 0.305654 0.305907 0.261422
0.102 0.298687 0.298886 0.203717
0.104 0.284387 0.284534 0.140841
0.106 0.263153 0.263249 0.074165
0.108 0.235505 0.235553 0.00512639
0.11 0.202075 0.202077 -0.064801
0.112 0.16359 0.16355 -0.134141
0.114 0.120858 0.120781 -0.201449
0.116 0.0747537 0.0746444 -0.265339
0.118 0.0261983 0.026063 -0.324519
0.12 -0.0238561 -0.024011 -0.377812
0.122 -0.0744445 -0.0746122 -0.424183
0.124 -0.124607 -0.12478 -0.462758
0.126 -0.173405 -0.173577 -0.492838
0.128 -0.219938 -0.2201 -0.513915
0.13 -0.263357 -0.263504 -0.525676
0.132 -0.302883 -0.303006 -0.528005
0.134 -0.337812 -0.337904 -0.520984
0.136 -0.367532 -0.367588 -0.504888
0.138 -0.39153 -0.391543 -0.480171
0.14 -0.4094 -0.409365 -0.447456
0.142 -0.420846 -0.420758 -0.407517
0.144 -0.425688 -0.425543 -0.361261
0.146 -0.423862 -0.423658 -0.309704
0.148 -0.415421 -0.415156 -0.253947
0.15 -0.400531 -0.400204 -0.195154
0.152 -0.379469 -0.379079 -0.134523
0.154 -0.352612 -0.35216 -0.0732623
0.156 -0.320435 -0.319924 -0.0125628
0.158 -0.283499 -0.282931 0.0464243
0.16 -0.242439 -0.241818 0.102612
0.162 -0.197953 -0.197285 0.154998
0.164 -0.150793 -0.150082 0.202686
0.166 -0.101742 -0.100995 0.244899
0.168 -0.0516106 -0.0508342 0.280996
0.17 -0.00121382 -0.000415338 0.310479
0.172 0.0486386 0.0494515 0.333002
0.174 0.097158 0.0979774 0.348378
0.176 0.14359 0.144408 0.356571
0.178 0.187229 0.188038 0.357703
0.18 0.227427 0.228218 0.352039
0.182 0.263606 0.264373 0.339984
0.184 0.295268 0.296003 0.322066
0.186 0.322 0.322697 0.298926
0.188 0.343482 0.344135 0.271299
0.19 0.359488 0.360093 0.239995
0.192 0.369893 0.370445 0.20588
0.194 0.374667 0.375163 0.169858
0.196 0.373879 0.374316 0.132844
0.198 0.367688 0.368066 0.0957505
0.2 0.356342 0.356661 0.0594611
0.202 0.340172 0.340433 0.0248146
0.204 0.319581 0.319785 -0.00741429
0.206 0.295035 0.295187 -0.0365307
0.208 0.267057 0.267159 -0.0619341
0.21 0.236211 0.236269 -0.0831297
0.212 0.203097 0.203116 -0.099738
0.214 0.168331 0.168318 -0.111501
0.216 0.132544 0.132505 -0.118285
0.218 0.0963607 0.096303 -0.120082
0.22 0.0603949 0.060326 -0.117009
0.222 0.025236 0.0251636 -0.109299
0.224 -0.00855972 -0.00862811 -0.0972975
0.226 -0.0404786 -0.0405355 -0.0814484
0.228 -0.0700575 -0.0700957 -0.0622848
0.23 -0.0968903 -0.0969032 -0.0404139
0.232 -0.120634 -0.120616 -0.0165005
0.234 -0.141014 -0.140959 0.00874877
0.236 -0.157825 -0.157728 0.0346035
0.238 -0.170934 -0.170791 0.0603273
0.24 -0.180281 -0.18009 0.0851955
0.242 -0.185879 -0.185637 0.108512
0.244 -0.187806 -0.187514 0.129628
0.246 -0.186211 -0.185869 0.147951
0.248 -0.181301 -0.18091 0.162966
0.25 -0.173339 -0.172901 0.174242
0.252 -0.162636 -0.162156 0.181442
0.254 -0.149546 -0.149027 0.184332
0.256 -0.134454 -0.133903 0.182784
0.258 -0.117771 -0.117194 0.176778
0.26 -0.099924 -0.0993279 0.166401
0.262 -0.0813453 -0.0807381 0.151848
0.264 -0.0624667 -0.0618567 0.13341
0.266 -0.0437093 -0.043105 0.111473
0.268 -0.0254752 -0.0248855 0.0865034
0.27 -0.00814057 -0.00757424 0.0590401
0.272 0.00795166 0.00848593 0.0296798
0.274 0.0224976 0.0229914 -0.000936494
0.276 0.0352376 0.0356828 -0.0321378
0.278 0.0459601 0.0463494 -0.0632391
0.28 0.0545049 0.0548316 -0.0935563
0.282 0.0607647 0.0610228 -0.122422
0.284 0.0646862 0.0648708 -0.149199
0.286 0.0662693 0.0663763 -0.173296
0.288 0.0655658 0.0655924 -0.194179
0.29 0.062677 0.0626215 -0.211384
0.292 0.0577502 0.0576121 -0.224526
0.294 0.0509743 0.0507543 -0.233307
0.296 0.0425749 0.0422749 -0.237523
0.298 0.0328087 0.0324318 -0.237069
0.3 0.021957 0.0215074 -0.231938
0.302 0.0103193 0.00980229 -0.222226
0.304 -0.00179333 -0.0023714 -0.208126
0.306 -0.0140654 -0.0146973 -0.189924
0.308 -0.0261837 -0.0268614 -0.167998
0.31 -0.0378441 -0.0385588 -0.142803
0.312 -0.0487578 -0.0495003 -0.114866
0.314 -0.0586574 -0.0594181 -0.0847747
0.316 -0.0673023 -0.0680713 -0.0531639
0.318 -0.0744836 -0.0752508 -0.0207031
0.32 -0.080028 -0.0807835 0.0119181
0.322 -0.0838013 -0.0845353 0.0440042
0.324 -0.0857105 -0.0864136 0.0748683
0.326 -0.0857059 -0.0863692 0.103847
0.328 -0.0837811 -0.0843964 0.130315
0.33 -0.0799735 -0.0805332 0.153696
0.332 -0.0743623 -0.0748599 0.173479
0.334 -0.0670672 -0.0674969 0.189225
0.336 -0.0582451 -0.0586022 0.200582
0.338 -0.0480867 -0.0483677 0.207287
0.34 -0.0368123 -0.0370146 0.209174
0.342 -0.0246666 -0.024789 0.20618
0.344 -0.0119139 -0.0119562 0.198344
0.346 0.00116791 0.0012047 0.185807
0.348 0.0142931 0.014407 0.168813
0.35 0.0271741 0.027362 0.147697
0.352 0.0395276 0.0397855 0.122887
0.354 0.0510804 0.0514034 0.0948869
0.356 0.0615748 0.0619572 0.0642747
0.358 0.070774 0.0712095 0.0316848
0.36 0.0784671 0.0789489 -0.00220192
0.362 0.084473 0.0849938 -0.0366725
0.364 0.0886441 0.0891964 -0.0709963
0.366 0.0908694 0.0914456 -0.104439
0.368 0.0910766 0.091669 -0.136279
0.37 0.0892335 0.0898346 -0.165819
0.372 0.0853489 0.0859513 -0.192405
0.374 0.0794721 0.0800689 -0.215432
0.376 0.0716924 0.0722772 -0.234364
0.378 0.0621373 0.0627042 -0.248741
0.38 0.0509704 0.0515141 -0.258188
0.382 0.038388 0.038904 -0.262425
0.384 0.024616 0.0251004 -0.261271
0.386 0.00990553 0.0103554 -0.254652
0.388 -0.00547161 -0.00505849 -0.242598
0.39 -0.0212277 -0.0208527 -0.225246
0.392 -0.0370646 -0.0367283 -0.202839
0.394 -0.0526789 -0.052381 -0.175721
0.396 -0.0677674 -0.067507 -0.14433
0.398 -0.0820331 -0.0818085 -0.109194
0.4 -0.0951901 -0.094999 -0.0709168
0.402 -0.106969 -0.106809 -0.0301709
0.404 -0.117122 -0.116989 0.0123169
0.406 -0.125428 -0.125319 0.0557786
0.408 -0.131695 -0.131606 0.0994196
0.41 -0.135766 -0.135694 0.142434
0.412 -0.137521 -0.137461 0.184018
0.414 -0.136878 -0.136827 0.223392
0.416 -0.133799 -0.133752 0.259805
0.418 -0.128285 -0.12824 0.292561
0.42 -0.120381 -0.120334 0.321025
0.422 -0.110174 -0.110122 0.344638
0.424 -0.0977896 -0.0977314 0.362928
0.426 -0.0833937 -0.0833277 0.375523
0.428 -0.0671873 -0.0671126 0.382152
0.43 -0.0494036 -0.0493202 0.382656
0.432 -0.0303047 -0.030213 0.37699
0.434 -0.0101763 -0.0100776 0.365223
0.436 0.0106764 0.0107801 0.347538
0.438 0.0319343 0.0320404 0.32423
0.44 0.0532693 0.0533746 0.295696
0.442 0.0743505 0.0744512 0.262434
0.444 0.0948487 0.0949406 0.225029
0.446 0.114443 0.114521 0.184141
0.448 0.132825 0.132885 0.140496
0.45 0.149704 0.14974 0.0948716
0.452 0.164811 0.164819 0.048079
0.454 0.177907 0.17788 0.000950776
0.456 0.188779 0.188712 -0.0456761
0.458 0.19725 0.197138 -0.0909759
0.46 0.203178 0.203017 -0.13415
0.462 0.206461 0.206246 -0.17444
0.464 0.207034 0.206761 -0.211147
0.466 0.204874 0.20454 -0.243637
0.468 0.199997 0.199599 -0.27136
0.47 0.19246 0.191996 -0.293856
0.472 0.182359 0.181828 -0.310766
0.474 0.169825 0.169228 -0.321835
0.476 0.155026 0.154363 -0.326922
0.478 0.138163 0.137435 -0.325998
0.48 0.119464 0.118673 -0.31915
0.482 0.0991839 0.098334 -0.306575
0.484 0.0775987 0.0766938 -0.28858
0.486 0.0550025 0.0540476 -0.265576
0.488 0.0317026 0.0307032 -0.238066
0.49 0.00801466 0.00697727 -0.206639
0.492 -0.0157416 -0.0168101 -0.171956
0.494 -0.0392473 -0.0403394 -0.134739
0.496 -0.062189 -0.0632968 -0.0957543
0.498 -0.0842635 -0.0853788 -0.055799
0.5 -0.105182 -0.106296 -0.0156838
0.502 -0.124674 -0.125779 0.0237825
0.504 -0.142493 -0.14358 0.0618102
0.506 -0.158417 -0.159478 0.097644
0.508 -0.172253 -0.17328 0.130579
0.51 -0.183842 -0.184827 0.159974
0.512 -0.193057 -0.193993 0.185265
0.514 -0.199806 -0.200687 0.205978
0.516 -0.204036 -0.204855 0.221735
0.518 -0.205728 -0.206481 0.232266
0.52 -0.204901 -0.205584 0.237407
0.522 -0.201611 -0.202218 0.237111
0.524 -0.195945 -0.196475 0.231443
0.526 -0.188025 -0.188477 0.220579
0.528 -0.178003 -0.178376 0.204803
0.53 -0.166059 -0.166352 0.184496
0.532 -0.152394 -0.152609 0.160132
0.534 -0.137233 -0.137372 0.132268
0.536 -0.120817 -0.120882 0.101525
0.538 -0.103397 -0.103393 0.068581
0.54 -0.0852369 -0.0851668 0.0341546
0.542 -0.0666022 -0.0664711 -0.00101153
0.544 -0.0477599 -0.047573 -0.0361649
0.546 -0.0289732 -0.0287362 -0.0705595
0.548 -0.0104979 -0.0102168 -0.103471
0.55 0.00742129 0.00774025 -0.13421
0.552 0.0245543 0.0249048 -0.16214
0.554 0.0406887 0.0410644 -0.186684
0.556 0.0556323 0.0560272 -0.207341
0.558 0.0692161 0.069624 -0.223693
0.56 0.0812957 0.0817109 -0.235413
0.562 0.0917532 0.0921704 -0.242272
0.564 0.100498 0.100913 -0.24414
0.566 0.10747 0.107877 -0.240994
0.568 0.112634 0.11303 -0.232908
0.57 0.115986 0.116367 -0.22006
0.572 0.11755 0.117915 -0.202722
0.574 0.117376 0.117722 -0.181256
0.576 0.115541 0.115867 -0.156102
0.578 0.112145 0.11245 -0.127775
0.58 0.107308 0.107594 -0.096847
0.582 0.101174 0.10144 -0.0639391
0.584 0.0939 0.0941479 -0.0297057
0.586 0.0856574 0.0858891 0.00517856
0.588 0.0766288 0.0768467 0.040033
0.59 0.0670041 0.0672109 0.0741854
0.592 0.056977 0.0571759 0.106986
0.594 0.0467418 0.0469363 0.137821
0.596 0.0364901 0.0366837 0.166126
0.598 0.0264076 0.0266039 0.191394
0.6 0.0166705 0.0168733 0.21319
0.602 0.00744327 0.00765609 0.231157
0.604 -0.00112468 -0.000898415 0.245022
0.606 -0.00890094 -0.00865807 0.254602
0.608 -0.0157723 -0.01551 0.259804
0.61 -0.0216465 -0.0213623 0.26063
0.612 -0.0264533 -0.0261452 0.25717
0.614 -0.0301452 -0.0298118 0.249603
0.616 -0.0326984 -0.0323387 0.238189
0.618 -0.034112 -0.0337257 0.223262
0.62 -0.0344081 -0.0339954 0.205221
0.622 -0.0336307 -0.0331924 0.184521
0.624 -0.0318441 -0.0313817 0.161661
0.626 -0.029132 -0.0286475 0.137172
0.628 -0.0255948 -0.0250909 0.111603
0.63 -0.0213477 -0.0208274 0.0855112
0.632 -0.0165182 -0.0159852 0.0594481
0.634 -0.0112434 -0.0107017 0.0339463
0.636 -0.00566703 -0.005121 0.00950854
0.638 6.32194e-05 0.000608915 -0.0134026
0.64 0.0057988 0.00633925 -0.0343747
0.642 0.0113931 0.0119233 -0.0530537
0.644 0.0167045 0.0172193 -0.0691506
0.646 0.0215987 0.022093 -0.0824465
0.648 0.0259517 0.0264206 -0.092796
0.65 0.029652 0.0300906 -0.100129
0.652 0.0326025 0.0330064 -0.10445
0.654 0.0347228 0.0350877 -0.105837
0.656 0.0359502 0.0362723 -0.104437
0.658 0.0362412 0.0365171 -0.100462
0.66 0.0355721 0.035799 -0.0941819
0.662 0.0339397 0.0341153 -0.0859149
0.664 0.031361 0.0314835 -0.0760211
0.666 0.0278732 0.0279416 -0.0648916
0.668 0.0235329 0.0235467 -0.0529377
0.67 0.0184147 0.0183741 -0.0405806
0.672 0.0126104 0.012516 -0.0282401
0.674 0.00622641 0.00607979 -0.0163243
0.676 -0.000617545 -0.000814488 -0.00521865
0.678 -0.0077913 -0.00803604 0.00472325
0.68 -0.0151566 -0.0154461 0.0131887
0.682 -0.0225697 -0.0229005 0.0199134
0.684 -0.0298846 -0.0302528 0.0246881
0.686 -0.0369556 -0.0373569 0.0273633
0.688 -0.0436402 -0.0440702 0.0278527
0.69 -0.0498022 -0.0502562 0.0261351
0.692 -0.0553144 -0.0557876 0.0222542
0.694 -0.0600611 -0.0605486 0.0163173
0.696 -0.0639405 -0.0644374 0.00849218
0.698 -0.0668667 -0.0673683 -0.000998015
0.7 -0.0687716 -0.0692735 -0.0118804
0.702 -0.0696066 -0.0701042 -0.0238401
0.704 -0.069343 -0.0698324 -0.036528
0.706 -0.0679732 -0.0684506 -0.0495708
0.708 -0.0655108 -0.0659729 -0.0625798
0.71 -0.0619905 -0.0624344 -0.075162
0.712 -0.0574671 -0.0578903 -0.0869294
0.714 -0.052015 -0.0524156 -0.0975099
0.716 -0.0457267 -0.0461031 -0.106556
0.718 -0.0387107 -0.0390619 -0.113756
0.72 -0.0310899 -0.0314154 -0.118837
0.722 -0.0229988 -0.0232986 -0.12158
0.724 -0.0145815 -0.0148559 -0.121819
0.726 -0.00598819 -0.00623811 -0.119448
0.728 0.00262726 0.0024006 -0.114424
0.73 0.0111105 0.0109055 -0.10677
0.732 0.0193096 0.0191244 -0.0965737
0.734 0.0270781 0.0269106 -0.0839851
0.736 0.0342781 0.0341258 -0.0692156
0.738 0.0407826 0.0406431 -0.0525321
0.74 0.0464782 0.0463488 -0.0342519
0.742 0.0512675 0.0511457 -0.0147356
0.744 0.055071 0.0549541 0.00562149
0.746 0.0578287 0.0577141 0.0263976
0.748 0.0595011 0.0593864 0.0471545
0.75 0.0600706 0.0599536 0.0674477
0.752 0.0595415 0.05942 0.0868363
0.754 0.05794 0.0578123 0.104894
0.756 0.0553139 0.0551784 0.121218
0.758 0.0517315 0.0515871 0.13544
0.76 0.0472806 0.0471263 0.147233
0.762 0.0420663 0.0419016 0.156324
0.764 0.0362094 0.0360341 0.162492
0.766 0.0298435 0.0296576 0.165583
0.768 0.0231127 0.0229167 0.165509
0.77 0.0161682 0.0159628 0.162251
0.772 0.00916573 0.00895202 0.155861
0.774 0.00226179 0.00204101 0.14646
0.776 -0.00438936 -0.00461572 0.134238
0.778 -0.010639 -0.0108693 0.119449
0.78 -0.0163473 -0.0165796 0.102405
0.782 -0.021386 -0.0216185 0.0834702
0.784 -0.0256417 -0.0258723 0.0630528
0.786 -0.0290178 -0.0292446 0.0415969
0.788 -0.0314373 -0.0316584 0.0195718
0.79 -0.0328444 -0.0330577 -0.00253746
0.792 -0.0332055 -0.0334094 -0.0242415
0.794 -0.0325108 -0.0327038 -0.0450571
0.796 -0.0307746 -0.0309551 -0.0645176
0.798 -0.0280347 -0.0282016 -0.082184
0.8 -0.0243527 -0.0245051 -0.097654
0.802 -0.0198125 -0.0199497 -0.110571
0.804 -0.0145189 -0.0146406 -0.120634
0.806 -0.00859569 -0.00870182 -0.1276
0.808 -0.00218324 -0.00227402 -0.131294
0.81 0.00456423 0.00448826 -0.131613
0.812 0.0114817 0.0114197 -0.128523
0.814 0.0183969 0.0183478 -0.122068
0.816 0.0251335 0.0250958 -0.112363
0.818 0.0315152 0.0314873 -0.0995956
0.82 0.0373692 0.0373493 -0.0840208
0.822 0.0425301 0.0425163 -0.0659561
0.824 0.0468438 0.0468337 -0.0457752
0.826 0.0501704 0.0501619 -0.0239002
0.828 0.0523883 0.052379 -0.000793215
0.83 0.0533963 0.0533839 0.0230537
0.832 0.0531171 0.0530992 0.0471285
0.834 0.0514987 0.051473 0.07091
0.836 0.0485166 0.0484808 0.0938788
0.838 0.0441745 0.0441267 0.115528
0.84 0.0385055 0.0384437 0.135375
0.842 0.0315714 0.031494 0.15297
0.844 0.0234628 0.0233684 0.167908
0.846 0.0142973 0.0141846 0.179834
0.848 0.00421809 0.00408633 0.188456
0.85 -0.00660829 -0.00675977 0.193544
0.852 -0.0179951 -0.0181666 0.194944
0.854 -0.0297384 -0.0299299 0.192573
0.856 -0.0416208 -0.041832 0.186427
0.858 -0.0534158 -0.0536461 0.176579
0.86 -0.0648914 -0.0651399 0.163177
0.862 -0.0758153 -0.0760808 0.146444
0.864 -0.0859587 -0.0862399 0.126669
0.866 -0.0951014 -0.0953967 0.104207
0.868 -0.103036 -0.103344 0.0794671
0.87 -0.109572 -0.10989 0.0529065
0.872 -0.114541 -0.114867 0.0250208
0.874 -0.117797 -0.118129 -0.00366598
0.876 -0.119223 -0.119561 -0.0326119
0.878 -0.118735 -0.119074 -0.0612681
0.88 -0.116278 -0.116618 -0.0890899
0.882 -0.111834 -0.112172 -0.115547
0.884 -0.105419 -0.105753 -0.140136
0.886 -0.0970861 -0.0974149 -0.162388
0.888 -0.0869229 -0.087245 -0.181878
0.89 -0.0750521 -0.0753661 -0.198236
0.892 -0.0616289 -0.0619339 -0.211152
0.894 -0.0468393 -0.0471345 -0.22038
0.896 -0.0308974 -0.0311822 -0.225748
0.898 -0.0140414 -0.0143155 -0.227156
0.9 0.00346992 0.00320651 -0.224583
0.902 0.0213613 0.0211084 -0.218081
0.904 0.0393462 0.0391032 -0.207779
0.906 0.0571313 0.0568974 -0.193878
0.908 0.0744217 0.074196 -0.176648
0.91 0.0909265 0.0907079 -0.156421
0.912 0.106364 0.106151 -0.133586
0.914 0.120465 0.120257 -0.108579
0.916 0.132983 0.132777 -0.0818775
0.918 0.143692 0.143487 -0.0539893
0.92 0.152396 0.15219 -0.025442
0.922 0.158929 0.15872 0.00322674
0.924 0.163163 0.16295 0.03148
0.926 0.165006 0.164787 0.0587919
0.928 0.164406 0.164181 0.0846581
0.93 0.161355 0.161121 0.108606
0.932 0.155883 0.155639 0.130203
0.934 0.148064 0.147809 0.149065
0.936 0.138011 0.137746 0.164867
0.938 0.125878 0.125601 0.177342
0.94 0.111854 0.111565 0.186294
0.942 0.0961595 0.0958591 0.191596
0.944 0.0790473 0.0787358 0.193195
0.946 0.0607931 0.0604712 0.19111
0.948 0.0416929 0.0413618 0.185434
0.95 0.0220576 0.0217186 0.17633
0.952 0.00220711 0.00186182 0.164024
0.954 -0.0175352 -0.0178849 0.148809
0.956 -0.0368484 -0.0372002 0.131026
0.958 -0.0554195 -0.0557711 0.111069
0.96 -0.0729492 -0.0732982 0.0893667
0.962 -0.0891574 -0.0895011 0.0663809
0.964 -0.103788 -0.104123 0.042592
0.966 -0.116613 -0.116938 0.0184916
0.968 -0.127437 -0.127748 -0.00542811
0.97 -0.136101 -0.136396 -0.0286844
0.972 -0.142485 -0.142761 -0.050813
0.974 -0.146509 -0.146762 -0.0713778
0.976 -0.148133 -0.148363 -0.0899789
0.978 -0.147363 -0.147566 -0.10626
0.98 -0.144246 -0.14442 -0.119917
0.982 -0.138868 -0.139012 -0.130699
0.984 -0.131356 -0.131469 -0.138419
0.986 -0.121875 -0.121955 -0.14295
0.988 -0.110621 -0.110668 -0.144235
0.99 -0.0978228 -0.097835 -0.142279
0.992 -0.083732 -0.0837102 -0.137155
0.994 -0.0686228 -0.0685673 -0.128998
0.996 -0.0527843 -0.052696 -0.118002
0.998 -0.0365161 -0.0363961 -0.10442
