    3.0015605977e+02    8.4595629748e+02   -1.5793675046e+05    3.3356002592e-03    2.0979869615e-03   -4.1742099040e-03   -6.5009308152e-04   -2.5628241355e-03   -3.4990463631e-04    2.5179655108e+02    2.5393764801e+02    1.0000000000e+02
    3.0183751828e+02    8.5069530030e+02   -1.5794395974e+05   -5.0827683433e-03   -1.9901336078e-03   -5.8764769108e-03    3.5593354803e-03   -1.0470427513e-03   -8.3874069816e-04    2.5185145746e+02    2.5400919803e+02    1.0000000000e+02
    3.0133377688e+02    8.4927556149e+02   -1.5794637559e+05    3.8777250830e-03    6.7857077023e-03   -1.4966197827e-04   -3.6209646723e-03    2.6933138679e-03   -6.8765368056e-06    2.5183515137e+02    2.5401179220e+02    1.0000000000e+02
    3.0008040838e+02    8.4574308249e+02   -1.5794641713e+05    2.3923854209e-03    3.7118435029e-03    3.6004590632e-03   -4.3502286107e-04    1.9278806737e-03    8.9235602529e-05    2.5183552615e+02    2.5408883572e+02    1.0000000000e+02
    2.9907340660e+02    8.4290496058e+02   -1.5794152360e+05   -1.6702099669e-03   -4.6554310562e-03   -6.1246618878e-03    9.9086377530e-04    1.4206100423e-03    3.7801100416e-04    2.5183235184e+02    2.5404649048e+02    1.0000000000e+02
    3.0171764727e+02    8.5035745728e+02   -1.5794151542e+05   -6.1303157187e-03   -5.4224686613e-03   -2.1008289850e-03    1.9419982603e-03   -2.1764423312e-03    8.0831061835e-04    2.5200689775e+02    2.5412048161e+02    1.0000000000e+02
    2.9797783889e+02    8.3981722546e+02   -1.5794259004e+05    4.5187992091e-03    1.5305673488e-03    4.0972203421e-04   -1.1803982185e-03    2.3357248621e-03   -1.2604252854e-04    2.5190030264e+02    2.5417581898e+02    1.0000000000e+02
    2.9944641432e+02    8.4395624113e+02   -1.5794690259e+05   -2.4398558484e-04    1.5639775271e-03    2.7142485860e-03   -2.6954860492e-04    1.0834471532e-03   -7.3329436014e-04    2.5184943732e+02    2.5408421215e+02    1.0000000000e+02
    2.9937006221e+02    8.4374105123e+02   -1.5794065291e+05    2.2862612150e-03    3.8927158447e-04    4.6502987989e-03    2.5728675015e-03    5.1990089609e-03   -6.5900639341e-04    2.5177565932e+02    2.5406546956e+02    1.0000000000e+02
    2.9969896043e+02    8.4466801410e+02   -1.5793690019e+05    6.0498545709e-03    2.3267142047e-03    2.1621948807e-03   -4.9308691209e-04    1.5343086077e-03    1.0696562101e-04    2.5175784628e+02    2.5410554262e+02    1.0000000000e+02
    2.9852951893e+02    8.4137207399e+02   -1.5794727734e+05    1.1618097933e-03    3.0923374777e-04   -7.9863647280e-03   -2.7307366925e-03   -2.2433404512e-03   -9.9820937298e-05    2.5186312242e+02    2.5409379781e+02    1.0000000000e+02
    3.0136870995e+02    8.4937401646e+02   -1.5793699985e+05    6.7829748445e-04   -4.4035133637e-03    2.1049311106e-04    2.6823096715e-03   -3.4420369265e-03   -2.6392530905e-04    2.5190875410e+02    2.5415012849e+02    1.0000000000e+02
    3.0333301296e+02    8.5491018488e+02   -1.5793854640e+05    1.5858373769e-03   -1.3287998314e-04    6.5570111839e-03   -8.4342431290e-04    7.2032244758e-04    6.8912822069e-04    2.5195395739e+02    2.5409713709e+02    1.0000000000e+02
    2.9786435812e+02    8.3949739260e+02   -1.5794691600e+05   -6.5895582945e-04    1.0770657416e-03   -6.0597536151e-04    5.4398263036e-03   -6.6666688557e-04    1.0700372514e-03    2.5195866413e+02    2.5406853313e+02    1.0000000000e+02
    2.9725573198e+02    8.3778204788e+02   -1.5793844967e+05   -3.1813758081e-03   -1.1744168618e-03    4.9720931202e-04   -4.7479470020e-03   -7.9835171824e-04    1.6153034802e-04    2.5192408088e+02    2.5412113498e+02    1.0000000000e+02
    3.0019437141e+02    8.4606427455e+02   -1.5793511134e+05    1.6810194475e-03    1.6852450813e-03   -1.5347315671e-03   -1.0280899193e-03   -4.1508479931e-03   -1.8258070585e-04    2.5182821416e+02    2.5400880379e+02    1.0000000000e+02
    2.9598245198e+02    8.3419345053e+02   -1.5793880481e+05    7.7776942936e-04   -6.9394824008e-04   -6.3446727663e-04    1.0311049573e-04   -5.8497152159e-04    7.2946127735e-04    2.5186600120e+02    2.5408671507e+02    1.0000000000e+02
    2.9615255123e+02    8.3467285626e+02   -1.5794036242e+05    7.2908853419e-03    5.3469040226e-03   -9.0750598286e-04    2.1498461537e-03    8.9508818671e-04    6.4720187659e-04    2.5182982445e+02    2.5402950957e+02    1.0000000000e+02
    3.0026925182e+02    8.4627531664e+02   -1.5793615516e+05    3.1579838155e-03    2.3469358357e-03   -3.6695954107e-06    2.6861388959e-03   -2.0896558068e-04    5.6040951721e-04    2.5195799591e+02    2.5402264094e+02    1.0000000000e+02
    2.9871633116e+02    8.4189858337e+02   -1.5793262636e+05    7.6485900977e-04   -3.6031722112e-03    1.9469160604e-03    5.6171239355e-04   -1.0940060093e-04    5.9796039374e-04    2.5193784417e+02    2.5418352449e+02    1.0000000000e+02
    3.0314480922e+02    8.5437975368e+02   -1.5793880997e+05   -1.0758359357e-03   -7.6350687949e-04    3.7257978458e-03   -1.8947570334e-03    1.7674033168e-03    7.2043422109e-04    2.5197617570e+02    2.5409424718e+02    1.0000000000e+02
    3.0139645417e+02    8.4945221042e+02   -1.5794571936e+05    9.6307002382e-04    4.3752677268e-03    2.4520062121e-03   -8.2916185367e-06    2.8072683855e-03    2.0618476811e-04    2.5193180622e+02    2.5406235398e+02    1.0000000000e+02
    3.0070762610e+02    8.4751082554e+02   -1.5794114288e+05   -8.6084407746e-05   -3.4593299567e-03    1.1534804748e-03    1.2885288885e-03    1.5544571885e-03    9.4836150360e-05    2.5192257295e+02    2.5410909726e+02    1.0000000000e+02
    3.0233701653e+02    8.5210308028e+02   -1.5794973633e+05   -1.4236257487e-04   -3.6079295107e-03   -7.8712189568e-04   -2.1789591241e-04    1.9748379369e-03    1.7161779178e-04    2.5194098657e+02    2.5409336247e+02    1.0000000000e+02
    2.9965650727e+02    8.4454836461e+02   -1.5794638700e+05    2.0157897101e-03    6.0124708093e-03   -5.3645449166e-04   -4.0288966084e-03   -5.9559033115e-03    7.1989563354e-04    2.5198001938e+02    2.5401849768e+02    1.0000000000e+02
    2.9852678408e+02    8.4136436611e+02   -1.5793581720e+05    1.8474245733e-03    4.5354164448e-03    7.8854415470e-05    4.2189696905e-03    3.3585301859e-03    1.0381163970e-03    2.5195291853e+02    2.5401327705e+02    1.0000000000e+02
    3.0062819241e+02    8.4728695055e+02   -1.5794741049e+05   -5.1818624153e-03    6.7279612394e-03    5.0538947429e-04   -2.2937379710e-03   -1.0903302824e-03    9.9620175596e-04    2.5206012053e+02    2.5389823275e+02    1.0000000000e+02
    2.9970033430e+02    8.4467188620e+02   -1.5793508710e+05   -2.4610346924e-03    3.6675657008e-06   -1.4695696291e-03   -1.7307864275e-04    1.9008385122e-04   -1.2195243911e-04    2.5205801927e+02    2.5398263960e+02    1.0000000000e+02
    2.9826720325e+02    8.4063276656e+02   -1.5793580520e+05   -3.3905412663e-03    5.7835191716e-03    8.9572253667e-04    7.1811272926e-04   -3.9186150554e-03    5.2399899829e-04    2.5206671194e+02    2.5404070690e+02    1.0000000000e+02
    2.9959765701e+02    8.4438250174e+02   -1.5793772022e+05   -1.0962132255e-03    2.1629346104e-03   -4.6215889923e-03   -5.2680502260e-03   -9.5057854948e-04    9.1339820595e-04    2.5196871174e+02    2.5395792390e+02    1.0000000000e+02
    3.0111821328e+02    8.4866801959e+02   -1.5793379181e+05    8.3882860368e-05   -2.9102693807e-04    2.6014858474e-03   -3.2375038709e-04    1.0396437804e-03    6.5523108912e-04    2.5201392284e+02    2.5406339467e+02    1.0000000000e+02
    3.0016816796e+02    8.4599042306e+02   -1.5793720646e+05   -5.2970754970e-03    5.6990543049e-04   -3.7322806762e-03   -1.9066567900e-04   -1.5803549335e-03   -2.1687724090e-05    2.5208719891e+02    2.5403417668e+02    1.0000000000e+02
    2.9759349887e+02    8.3873400608e+02   -1.5794173574e+05   -7.3808766486e-03   -2.6391427604e-03   -1.0965357599e-03    1.4327353139e-03   -2.6800808747e-03    1.5201600886e-03    2.5204557109e+02    2.5409835689e+02    1.0000000000e+02
    2.9926357934e+02    8.4344094117e+02   -1.5793432802e+05   -4.3309538295e-03   -4.2307008297e-03    1.1319259664e-03    1.4953309106e-03    2.5439143120e-03    8.0530572193e-04    2.5199824869e+02    2.5417662522e+02    1.0000000000e+02
    2.9935212928e+02    8.4369050927e+02   -1.5794703367e+05    3.3978855998e-03   -1.0761588411e-02   -4.4436475084e-03   -2.6571917077e-04   -3.8573602644e-03    2.7983598090e-04    2.5188677094e+02    2.5428168075e+02    1.0000000000e+02
    2.9672415845e+02    8.3628386731e+02   -1.5793711931e+05   -5.3447127606e-04   -5.3240562660e-03   -2.2974803248e-03    2.0561255650e-03    1.2612664633e-03    1.2633363890e-03    2.5197026509e+02    2.5420146962e+02    1.0000000000e+02
    3.0234942581e+02    8.5213805445e+02   -1.5793659964e+05   -3.3636509182e-03    7.2120293217e-04   -9.1597988813e-04    1.7873994669e-04   -2.4667880907e-03    4.9456216617e-04    2.5203460925e+02    2.5407600280e+02    1.0000000000e+02
    2.9719422952e+02    8.3760871007e+02   -1.5793576123e+05    4.2387515864e-04    2.8170046947e-03    1.3501839169e-03   -9.3306199645e-04    2.1549472458e-03    1.3419005168e-05    2.5194280903e+02    2.5403161351e+02    1.0000000000e+02
    2.9959909075e+02    8.4438654256e+02   -1.5794333103e+05    2.3738390803e-04    2.6991709069e-03    3.1894888224e-03    2.4101269397e-04   -1.1910244206e-03   -5.3996131093e-04    2.5197199884e+02    2.5407485345e+02    1.0000000000e+02
    3.0045774500e+02    8.4680656357e+02   -1.5793318806e+05   -2.1327852399e-04    3.2407043668e-05    3.0210390043e-03   -5.3560272456e-05    1.1601547914e-03    9.0765586287e-04    2.5196139809e+02    2.5414539992e+02    1.0000000000e+02
    3.0075501019e+02    8.4764437229e+02   -1.5793853764e+05   -2.1926257337e-04   -5.8854463313e-04    7.2828731402e-04   -1.6801996226e-03   -4.0920035871e-03   -5.9944249764e-04    2.5198295201e+02    2.5411995454e+02    1.0000000000e+02
    2.9997471650e+02    8.4544520176e+02   -1.5793910994e+05   -3.9800308874e-03   -4.7669405457e-03    1.6961839473e-03    2.0712413775e-03    4.1871917996e-03    1.5368833624e-04    2.5205375555e+02    2.5419759024e+02    1.0000000000e+02
    3.0197721156e+02    8.5108901020e+02   -1.5793426847e+05   -7.7311069379e-04   -2.1883079523e-03    3.5114776568e-03   -2.6301048113e-03   -1.7374722702e-03    8.8387516729e-04    2.5204444316e+02    2.5415780654e+02    1.0000000000e+02
    2.9979316476e+02    8.4493351846e+02   -1.5793860652e+05   -7.9190067901e-03    8.7256440562e-04   -5.2208373306e-03    6.6229504182e-03    4.9969659348e-04   -4.2096797368e-04    2.5210203293e+02    2.5407209382e+02    1.0000000000e+02
    3.0062262830e+02    8.4727126872e+02   -1.5793185573e+05   -1.4374496317e-03    2.7007817785e-03   -1.7708591011e-03   -4.2415078066e-03    1.0178060846e-04    1.9597320074e-04    2.5193999634e+02    2.5403297594e+02    1.0000000000e+02
    2.9885280573e+02    8.4228322169e+02   -1.5794138584e+05   -1.1929400034e-03    2.2948150611e-03    3.1771844352e-03   -6.3553454430e-04    4.9441992800e-04   -4.7569884868e-04    2.5197124341e+02    2.5406176976e+02    1.0000000000e+02
    2.9935998970e+02    8.4371266298e+02   -1.5793731270e+05    1.1099168130e-03   -9.6987367942e-04   -2.6366656701e-03   -1.3319420993e-03   -2.7376227939e-03    1.0091029988e-03    2.5195768049e+02    2.5418231419e+02    1.0000000000e+02
    3.0260945532e+02    8.5287091856e+02   -1.5793915028e+05   -5.6052243823e-04   -1.8901597443e-05    1.0428323652e-04   -2.3601341681e-03    2.8387804766e-03   -2.9524986710e-04    2.5202660653e+02    2.5407974813e+02    1.0000000000e+02
    2.9761705323e+02    8.3880039141e+02   -1.5793266180e+05   -3.6619780652e-03   -2.9587183212e-03   -9.4447551487e-04   -2.2104832589e-03   -2.3931691853e-03    9.4486179417e-04    2.5197965267e+02    2.5413259486e+02    1.0000000000e+02
    3.0035421199e+02    8.4651476737e+02   -1.5794209173e+05   -2.2450328283e-03   -1.6595470566e-03    2.9219488103e-03   -4.5880752684e-04    7.5472937177e-04    8.0686660509e-04    2.5202077327e+02    2.5414985888e+02    1.0000000000e+02
    2.9832558262e+02    8.4079730227e+02   -1.5794053807e+05   -3.1495981738e-03   -9.3232196762e-05   -3.3864491504e-04    8.6470939332e-04   -5.6761959584e-03    1.4352956991e-03    2.5204094618e+02    2.5415845773e+02    1.0000000000e+02
    3.0121565981e+02    8.4894266175e+02   -1.5794434456e+05   -3.0823308227e-03   -3.3329884987e-03    1.8287945262e-03    7.9864464634e-05   -3.3784249113e-04    5.9077233432e-04    2.5205173376e+02    2.5414853426e+02    1.0000000000e+02
    2.9616684618e+02    8.3471314497e+02   -1.5793970056e+05   -1.1781453765e-03   -8.9106165039e-04   -2.6220450877e-03   -3.4073316272e-03    9.6999850043e-04   -4.2149701034e-04    2.5194954691e+02    2.5406304897e+02    1.0000000000e+02
    3.0028950289e+02    8.4633239199e+02   -1.5793281058e+05    3.0244256740e-03    7.5096506884e-03   -1.0327868750e-03    6.6983836418e-03    3.3109179602e-04   -1.3160568332e-04    2.5190047335e+02    2.5404026229e+02    1.0000000000e+02
    2.9736601569e+02    8.3809287018e+02   -1.5794659835e+05    5.6124354623e-03    4.1063829282e-03   -8.0918365225e-05   -3.3036635221e-03    1.8612722877e-03    2.9309143543e-04    2.5187712124e+02    2.5402901826e+02    1.0000000000e+02
    2.9958685053e+02    8.4435204488e+02   -1.5794028458e+05    8.3678620590e-03   -1.1602538713e-03   -1.5080726990e-03    3.4188725484e-03    7.1958081728e-04   -2.4377742867e-04    2.5172993238e+02    2.5415201768e+02    1.0000000000e+02
    2.9882453536e+02    8.4220354479e+02   -1.5793474618e+05    4.7244422740e-03    2.2702207055e-03    6.8207990740e-03   -5.3531303839e-04    3.1495458844e-04    1.4063580492e-04    2.5184593924e+02    2.5411718778e+02    1.0000000000e+02
    3.0058248710e+02    8.4715813525e+02   -1.5794631622e+05    6.6652219572e-03    6.1422919605e-03    2.3986619745e-03   -8.1565581234e-04    3.3924086152e-03    8.8095252457e-04    2.5179841148e+02    2.5406754390e+02    1.0000000000e+02
    3.0061972881e+02    8.4726309684e+02   -1.5793902138e+05    4.1854706200e-03   -4.6813791957e-03    3.6249242747e-04   -1.4708715910e-03    3.1275978166e-04    8.3938105225e-04    2.5182387278e+02    2.5423118409e+02    1.0000000000e+02
    2.9661991452e+02    8.3599006744e+02   -1.5793959678e+05    6.1628277782e-03   -3.2418217696e-03    5.6794611518e-06   -3.2607649699e-03   -3.1802779797e-04   -2.4739407784e-04    2.5184335386e+02    2.5419618095e+02    1.0000000000e+02
    2.9930907846e+02    8.4356917535e+02   -1.5793432140e+05    3.4553407303e-03   -1.9017038736e-03   -2.9695995022e-03    4.5624005488e-03    9.3161000952e-04   -1.9772506645e-04    2.5189125252e+02    2.5420594466e+02    1.0000000000e+02
    3.0038372336e+02    8.4659794187e+02   -1.5793650881e+05    2.7259570466e-03   -4.2350455970e-03   -2.0502836136e-04   -1.0479952585e-03   -2.7969458117e-03    7.2703168419e-04    2.5189053053e+02    2.5421374696e+02    1.0000000000e+02
    2.9949682057e+02    8.4409830551e+02   -1.5793417385e+05    8.7978361714e-04    1.0184918408e-03    3.6754596621e-03    1.1366356352e-03   -5.4917091745e-04   -2.4550558312e-04    2.5192620197e+02    2.5412872766e+02    1.0000000000e+02
    2.9777419071e+02    8.3924326582e+02   -1.5793691406e+05   -3.3966047537e-03   -2.4187990789e-03   -4.8238062535e-03    2.1100085083e-03    9.7578789994e-04    8.5052014000e-04    2.5197838284e+02    2.5414265537e+02    1.0000000000e+02
    2.9815398210e+02    8.4031366541e+02   -1.5793741716e+05    4.7562161281e-04    3.5421373491e-03    2.1062546930e-03   -1.5623727945e-03   -4.0215254684e-03   -3.7695405116e-06    2.5193153664e+02    2.5410455628e+02    1.0000000000e+02
    3.0077702475e+02    8.4770641787e+02   -1.5794662971e+05    1.7880410746e-03   -4.0032314373e-04   -8.8051798218e-04   -2.9636058461e-05   -1.7847531910e-03    4.6450458560e-04    2.5192032160e+02    2.5413317157e+02    1.0000000000e+02
    2.9781544581e+02    8.3935953871e+02   -1.5794568289e+05    3.8629037552e-03    1.0847769111e-03    3.8870635656e-03    1.9865242497e-03   -4.2986893302e-03    3.0902398366e-04    2.5192947674e+02    2.5412417573e+02    1.0000000000e+02
    2.9925854952e+02    8.4342676518e+02   -1.5793579595e+05   -3.1274877972e-05    4.8981952717e-03    4.8946892497e-03   -5.8474200243e-04    6.2919778702e-03    1.8142952708e-03    2.5201274027e+02    2.5409450229e+02    1.0000000000e+02
    3.0155398071e+02    8.4989618138e+02   -1.5793775302e+05   -2.0026310562e-03   -7.6960659326e-05   -1.8738862437e-03    1.3626294612e-03   -3.3322311634e-03    4.1884766149e-04    2.5199457246e+02    2.5407837227e+02    1.0000000000e+02
    3.0059897039e+02    8.4720459156e+02   -1.5793467104e+05    2.0997641990e-03   -8.5795947656e-04    5.0983408405e-03    2.3676714004e-03    3.1369865395e-03    5.6321534490e-04    2.5189665715e+02    2.5420646105e+02    1.0000000000e+02
    3.0095741210e+02    8.4821481945e+02   -1.5793975102e+05   -2.8587487504e-03    3.3866868631e-03    1.4030117784e-03    2.1298727178e-03   -1.6159130857e-03    6.2108678141e-04    2.5197654140e+02    2.5405117343e+02    1.0000000000e+02
    3.0035552134e+02    8.4651845762e+02   -1.5794085604e+05   -8.7507165783e-05    1.7533485916e-03    3.0261097065e-03   -1.9926367005e-04    8.1578305360e-04   -1.9955031236e-04    2.5199227242e+02    2.5408595161e+02    1.0000000000e+02
    3.0103220234e+02    8.4842560737e+02   -1.5794203674e+05   -2.3723021941e-03    2.6612116026e-03    2.8488027352e-03   -2.3782522864e-04    7.7635600160e-04    2.1654982873e-04    2.5207666010e+02    2.5410933923e+02    1.0000000000e+02
    2.9987195071e+02    8.4515556786e+02   -1.5794127889e+05   -5.7405301187e-03    2.3776726711e-03    3.2700324157e-04   -9.5236451150e-05   -3.1291375346e-03    2.1347347154e-04    2.5211347425e+02    2.5407055126e+02    1.0000000000e+02
    3.0154713445e+02    8.4987688594e+02   -1.5793520383e+05   -4.6378668528e-03    4.7267599361e-03    1.2912445030e-03   -2.1435532723e-03    1.0949051849e-03    6.8398163380e-04    2.5206458614e+02    2.5401650894e+02    1.0000000000e+02
    2.9981804306e+02    8.4500363518e+02   -1.5793587801e+05   -3.0053012602e-03    6.4618397714e-03    2.4402355460e-03    2.8046694731e-03   -2.1045962626e-03   -2.8428143353e-04    2.5207521246e+02    2.5395699853e+02    1.0000000000e+02
    2.9774678222e+02    8.3916601807e+02   -1.5794356075e+05    1.5038482235e-03    5.8462101264e-03   -1.7168043571e-03    2.4468041036e-03    4.2482946668e-03   -1.7168277760e-04    2.5197273409e+02    2.5404084249e+02    1.0000000000e+02
    2.9830279936e+02    8.4073309020e+02   -1.5794423860e+05   -1.9037212233e-03   -3.3469343209e-03   -2.8849488746e-03   -7.3539128497e-04   -3.4461341392e-03    1.3649071913e-03    2.5196813551e+02    2.5409131323e+02    1.0000000000e+02
    3.0319137479e+02    8.5451099354e+02   -1.5794684278e+05    5.2070346885e-04    5.1485546254e-04   -2.4180689461e-03    1.4135797578e-03    5.0628174331e-03    6.0702043421e-04    2.5196828974e+02    2.5412061086e+02    1.0000000000e+02
    3.0143339826e+02    8.4955633321e+02   -1.5793838340e+05    2.0837744478e-03   -2.4206215098e-05    1.7037151566e-03    3.5600500656e-04   -4.0489563465e-04    3.3686067434e-04    2.5199796981e+02    2.5413896208e+02    1.0000000000e+02
    2.9724236875e+02    8.3774438510e+02   -1.5793482775e+05    1.0299620689e-03   -5.1631229331e-03    2.4718790328e-03    1.8728368255e-03    4.4246644837e-05    7.5016858862e-04    2.5195743056e+02    2.5421910787e+02    1.0000000000e+02
    3.0072217836e+02    8.4755183946e+02   -1.5793964510e+05    2.1569290198e-03    4.2008491114e-03    1.7659335347e-03   -1.1199727560e-03   -9.1179494466e-04    3.3953706633e-04    2.5191965027e+02    2.5407070587e+02    1.0000000000e+02
    2.9903925763e+02    8.4280871553e+02   -1.5794779202e+05   -1.0946729991e-03   -3.8830664779e-03   -5.0813197841e-03    1.4846876103e-03   -2.5475506321e-03   -3.3830883187e-04    2.5196812650e+02    2.5416288056e+02    1.0000000000e+02
    2.9918728350e+02    8.4322590989e+02   -1.5794058030e+05   -2.2542713411e-03   -5.0814862500e-03   -1.2227263530e-03   -2.1151587948e-03    1.2129300136e-03   -7.6016078623e-04    2.5197069570e+02    2.5424857958e+02    1.0000000000e+02
    2.9924163534e+02    8.4337909445e+02   -1.5794888478e+05    1.9156647214e-03   -2.3204626886e-03    2.4620923672e-03    1.6525128318e-03   -2.3728307349e-03    7.6376436780e-04    2.5193559756e+02    2.5415653851e+02    1.0000000000e+02
    3.0074648801e+02    8.4762035346e+02   -1.5794575194e+05    1.6046599245e-03   -3.1958939721e-03   -2.6030985370e-03   -7.5362269452e-04    3.8928071134e-04    2.1233728697e-04    2.5196036274e+02    2.5420425566e+02    1.0000000000e+02
    3.0564529235e+02    8.6142708583e+02   -1.5793797166e+05   -4.9503407858e-03   -3.3264822334e-03    2.9601965815e-04   -1.4856621297e-03   -9.6619348023e-04    8.0100775702e-04    2.5205989122e+02    2.5418735862e+02    1.0000000000e+02
    3.0341515739e+02    8.5514169976e+02   -1.5794301472e+05   -5.4398031847e-04    1.1332274412e-03    4.3964011367e-03   -1.1484371862e-03    2.9749740894e-03    1.1221426324e-03    2.5204362002e+02    2.5407089779e+02    1.0000000000e+02
    2.9650590420e+02    8.3566874211e+02   -1.5794496532e+05    4.9931528681e-03    5.0720725925e-03    9.0615944382e-03    2.1517263432e-03   -4.2680540593e-03    1.5089907691e-03    2.5197607518e+02    2.5408211123e+02    1.0000000000e+02
    2.9834475051e+02    8.4085132485e+02   -1.5794004435e+05   -3.3378346889e-03   -2.6579510163e-03   -5.2962668977e-03   -8.7958789072e-04   -2.3882097049e-04   -1.8758891704e-04    2.5200047575e+02    2.5411466870e+02    1.0000000000e+02
    3.0339768424e+02    8.5509245366e+02   -1.5794934405e+05   -1.8891337369e-03    1.0798764729e-03   -1.2628261290e-04    2.5844795247e-03   -1.7858076948e-03    3.8833748048e-04    2.5201448896e+02    2.5407191016e+02    1.0000000000e+02
    3.0110664431e+02    8.4863541374e+02   -1.5794534658e+05   -1.1818190231e-03    1.9642143087e-03    5.0002391471e-04   -1.0803384755e-03    2.3064185549e-04   -2.3139570340e-04    2.5205561538e+02    2.5409306535e+02    1.0000000000e+02
    2.9826313905e+02    8.4062131206e+02   -1.5794753864e+05    3.4681408673e-03    7.0836797905e-04   -4.7954380016e-04    2.8827758771e-03    3.8923404297e-03    6.2198743973e-04    2.5197166886e+02    2.5411582416e+02    1.0000000000e+02
    3.0144760294e+02    8.4959636751e+02   -1.5793207211e+05   -2.6151727653e-04    2.9956439740e-03    4.9903590042e-03   -3.7446245919e-03   -2.2701929289e-03    2.5525576120e-04    2.5203775847e+02    2.5410349608e+02    1.0000000000e+02
    2.9698042934e+02    8.3700613814e+02   -1.5793343969e+05   -3.3085773271e-03   -3.1850318472e-03   -1.1049192663e-03    1.1231475667e-03    3.0187437482e-03   -1.2548142304e-03    2.5204362837e+02    2.5413967873e+02    1.0000000000e+02
    3.0227919330e+02    8.5194011199e+02   -1.5794459325e+05   -1.3519300005e-03   -2.2742555995e-03    6.7824552595e-04    5.7597758432e-04   -3.1759789651e-03    2.3081037547e-04    2.5198379504e+02    2.5418608247e+02    1.0000000000e+02
    2.9946488230e+02    8.4400829105e+02   -1.5793426588e+05    1.6619151208e-03   -8.0968001683e-03    3.0441058871e-03    8.4076441902e-04   -2.0907369941e-03    1.1584274667e-03    2.5190314770e+02    2.5428801745e+02    1.0000000000e+02
    3.0013873602e+02    8.4590747243e+02   -1.5793978564e+05    1.8344088816e-03   -7.7153830644e-05    1.6410713536e-03    2.7684828486e-03    7.7469876696e-04   -5.8022611946e-04    2.5194481197e+02    2.5410525565e+02    1.0000000000e+02
    2.9882789282e+02    8.4221300743e+02   -1.5794373035e+05    4.9468187275e-03    5.1192481523e-03   -7.1917712100e-04   -7.0805801353e-05   -8.1267260288e-04   -1.2050720299e-03    2.5193729651e+02    2.5408026257e+02    1.0000000000e+02
    2.9721784171e+02    8.3767525836e+02   -1.5794408828e+05    5.8493530362e-03    3.4451194585e-03    1.0083006929e-03    1.6056381688e-03    4.2639240334e-04    6.1875233663e-04    2.5194024773e+02    2.5408180672e+02    1.0000000000e+02
