0.8 2.65992 1.9718 124.95
1.6 2.97716 2.5458 129.145
2.4 3.47809 3.42886 134.893
3.2 4.13453 4.52751 140.694
4 4.9279 5.74058 145.11
4.8 5.85792 6.9801 147.264
5.6 6.94218 8.18789 147.259
6.4 8.20533 9.34379 146.374
7.2 9.66102 10.4636 146.942
8 11.2932 11.5877 151.887
8.8 13.0444 12.7633 163.984
9.6 14.8176 14.0259 185.041
10.4 16.4932 15.3854 215.217
11.2 17.9573 16.8202 252.721
12 19.1345 18.2811 293.998
12.8 20.0137 19.7038 334.41
13.6 20.6572 21.026 369.234
14.4 21.1899 22.203 394.705
15.2 21.7679 23.2195 408.809
16 22.5357 24.0924 411.624
16.8 23.5836 24.8662 405.113
17.6 24.9182 25.6019 392.478
18.4 26.4565 26.3629 377.291
19.2 28.0457 27.2026 362.661
20 29.5058 28.1546 350.663
20.8 30.6821 29.229 342.148
21.6 31.4944 30.4132 336.921
22.4 31.9659 31.6769 334.14
23.2 32.2246 32.9792 332.786
24 32.4734 34.2771 332.032
24.8 32.9371 35.5326 331.421
25.6 33.7996 36.7181 330.858
26.4 35.1491 37.821 330.47
27.2 36.9475 38.8434 330.432
28 39.033 39.8013 330.832
28.8 41.1572 40.7202 331.632
29.6 43.0488 41.6292 332.693
30.4 44.4852 42.5546 333.852
31.2 45.3555 43.515 334.987
32 45.6944 44.5178 336.048
32.8 45.6793 45.5589 337.051
33.6 45.5879 46.6258 338.038
34.4 45.7282 47.7023 339.04
35.2 46.3584 48.7742 340.056
36 47.6176 49.8344 341.06
36.8 49.4872 50.8844 342.021
37.6 51.7933 51.9342 342.932
38.4 54.2494 52.9979 343.817
39.2 56.5308 54.0893 344.735
40 58.3584 55.2171 345.756
40.8 59.5724 56.3832 346.94
41.6 60.1735 57.5826 348.319
42.4 60.3236 58.8077 349.888
43.2 60.3017 60.052 351.614
44 60.4305 61.3141 353.444
44.8 60.99 62.5979 355.322
45.6 62.1423 63.9104 357.209
46.4 63.8879 65.2569 359.086
47.2 66.0656 66.6357 360.961
48 68.395 68.0359 362.869
48.8 70.5529 69.4383 364.865
49.6 72.2617 70.8213 367.004
50.4 73.3664 72.1685 369.333
51.2 73.8796 73.4745 371.868
52 73.9806 74.7488 374.595
52.8 73.9694 76.0115 377.468
53.6 74.1865 77.2869 380.431
54.4 74.9193 78.5929 383.436
55.2 76.323 79.9337 386.467
56 78.375 81.2972 389.54
56.8 80.879 82.6589 392.697
57.6 83.5162 83.9915 395.986
58.4 85.9324 85.2759 399.442
59.2 87.835 86.5103 403.077
60 89.0761 87.7132 406.888
60.8 89.6947 88.9199 410.874
61.6 89.9093 90.1732 415.055
62.4 90.0595 91.5115 419.48
63.2 90.5124 92.9588 424.212
64 91.561 94.5185 429.299
64.8 93.3412 96.1736 434.743
65.6 95.7912 97.8913 440.492
66.4 98.6668 99.632 446.459
67.2 101.608 101.358 452.565
68 104.24 103.042 458.787
68.8 106.278 104.671 465.182
69.6 107.612 106.252 471.877
70.4 108.338 107.804 479.006
71.2 108.733 109.36 486.662
72 109.18 110.955 494.866
72.8 110.056 112.619 503.621
73.6 111.628 114.374 513.036
74.4 113.974 116.225 523.483
75.2 116.965 118.167 535.702
76 120.298 120.18 550.77
76.8 123.59 122.245 569.87
77.6 126.483 124.339 593.888
78.4 128.753 126.447 622.919
79.2 130.363 128.558 655.861
80 131.478 130.665 690.244
80.8 132.403 132.761 722.424
81.6 133.497 134.839 748.147
82.4 135.055 136.893 763.361
83.2 137.228 138.919 765.084
84 139.974 140.923 752.072
84.8 143.072 142.915 725.105
85.6 146.193 144.912 686.805
86.4 149.004 146.932 641.051
87.2 151.269 148.988 592.147
88 152.933 151.084 543.986
88.8 154.14 153.22 499.41
89.6 155.195 155.393 459.911
90.4 156.475 157.6 425.687
91.2 158.309 159.852 395.972
92 160.874 162.169 369.515
92.8 164.14 164.578 345.038
93.6 167.871 167.114 321.56
94.4 171.71 169.806 298.535
95.2 175.29 172.679 275.808
96 178.365 175.745 253.451
96.8 180.89 179.002 231.568
97.6 183.043 182.43 210.151
98.4 185.165 185.994 189.051
99.2 187.646 189.648 168.075
100 190.798 193.342 147.171
100.8 194.756 197.045 126.642
101.6 199.445 200.758 107.267
102.4 204.623 204.538 90.2759
103.2 209.978 208.49 77.1397
104 215.247 212.749 69.2236
104.8 220.305 217.447 67.4312
105.6 225.206 222.667 71.996
106.4 230.153 228.421 82.5542
107.2 235.438 234.673 98.5363
108 241.383 241.39 119.781
108.8 248.298 248.641 147.141
109.6 256.493 256.685 182.799
110.4 266.301 266.006 230.046
111.2 278.095 277.262 292.443
112 292.24 291.121 372.528
112.8 308.978 308.019 470.414
113.6 328.241 327.899 582.764
114.4 349.47 350.015 702.573
115.2 371.501 372.896 819.969
116 392.603 394.494 923.918
116.8 410.687 412.528 1004.45
117.6 423.679 424.929 1054.76
118.4 429.953 430.282 1072.66
119.2 428.725 428.139 1060.83
120 420.269 419.11 1026.04
120.8 405.902 404.719 977.321
121.6 387.707 387.044 923.935
122.4 368.092 368.279 873.48
123.2 349.278 350.3 830.748
124 332.878 334.379 797.482
124.8 319.668 321.082 772.931
125.6 309.592 310.351 754.894
126.4 301.976 301.717 740.827
127.2 295.87 294.554 728.68
128 290.389 288.298 717.285
128.8 284.962 282.57 706.302
129.6 279.415 277.2 695.9
130.4 273.91 272.177 686.374
131.2 268.771 267.555 677.874
132 264.286 263.377 670.32
132.8 260.565 259.632 663.484
133.6 257.497 256.255 657.13
134.4 254.802 253.151 651.137
135.2 252.155 250.231 645.538
136 249.311 247.437 640.461
136.8 246.193 244.744 636.036
137.6 242.897 242.152 632.304
138.4 239.639 239.668 629.182
139.2 236.647 237.293 626.486
140 234.072 235.02 623.999
140.8 231.931 232.838 621.536
141.6 230.114 230.74 618.996
142.4 228.438 228.729 616.369
143.2 226.732 226.815 613.717
144 224.896 225.007 611.134
144.8 222.94 223.306 608.707
145.6 220.957 221.702 606.485
146.4 219.082 220.165 604.472
147.2 217.423 218.662 602.627
148 216.019 217.158 600.885
148.8 214.831 215.629 599.182
149.6 213.757 214.066 597.486
150.4 212.685 212.477 595.814
151.2 211.53 210.882 594.229
152 210.265 209.313 592.807
152.8 208.919 207.8 591.594
153.6 207.557 206.377 590.558
154.4 206.245 205.068 589.588
155.2 205.027 203.892 588.536
156 203.912 202.857 587.313
156.8 202.883 201.96 585.982
157.6 201.917 201.186 584.802
158.4 200.996 200.508 584.138
159.2 200.119 199.891 584.242
160 199.297 199.294 584.924
160.8 198.535 198.673 585.229
161.6 197.821 197.986 583.263
162.4 197.118 197.201 576.293
163.2 196.371 196.3 561.172
164 195.53 195.281 535.046
164.8 194.563 194.167 496.157
165.6 193.472 192.998 444.517
166.4 192.295 191.827 382.233
167.2 191.093 190.709 313.327
168 189.928 189.691 243.075
168.8 188.852 188.801 177.011
169.6 187.888 188.046 119.868
170.4 187.04 187.412 74.7287
171.2 186.298 186.875 42.6052
172 185.651 186.41 22.5332
172.8 185.096 185.996 12.0972
173.6 184.631 185.623 8.20129
174.4 184.258 185.285 7.84578
175.2 183.963 184.972 8.70273
176 183.723 184.67 9.37746
176.8 183.503 184.361 9.35767
177.6 183.275 184.03 8.74552
178.4 183.03 183.675 7.91374
179.2 182.786 183.318 7.21512
180 182.584 182.997 6.82281
180.8 182.464 182.75 6.71129
181.6 182.432 182.587 6.73444
182.4 182.431 182.459 6.73366
183.2 182.324 182.237 6.61787
184 181.9 181.723 6.38713
184.8 180.914 180.676 6.10503
185.6 179.145 178.875 5.84745
186.4 176.462 176.18 5.65905
187.2 172.878 172.595 5.53717
188 168.574 168.289 5.44473
188.8 163.88 163.588 5.33888
189.6 159.227 158.922 5.19699
190.4 155.059 154.741 5.02686
191.2 151.759 151.433 4.85875
192 149.569 149.25 4.72646
192.8 148.565 148.276 4.64939
193.6 148.661 148.428 4.62466
194.4 149.65 149.5 4.63172
195.2 151.267 151.224 4.64514
196 153.256 153.333 4.6475
196.8 155.42 155.615 4.63589
197.6 157.641 157.933 4.6197
198.4 159.881 160.231 4.61234
199.2 162.151 162.507 4.62246
200 164.484 164.789 4.64937
200.8 166.903 167.11 4.68444
201.6 169.413 169.487 4.7169
202.4 171.995 171.922 4.74001
203.2 174.623 174.408 4.75427
204 177.276 176.935 4.76611
204.8 179.946 179.501 4.78354
205.6 182.641 182.11 4.81138
206.4 185.376 184.773 4.84893
207.2 188.159 187.498 4.89093
208 190.989 190.288 4.93103
208.8 193.852 193.139 4.96545
209.6 196.728 196.043 4.99477
210.4 199.604 198.995 5.02317
211.2 202.483 201.997 5.05563
212 205.385 205.055 5.0951
212.8 208.342 208.176 5.14106
213.6 211.389 211.363 5.19019
214.4 214.552 214.614 5.23855
215.2 217.85 217.926 5.28392
216 221.3 221.306 5.327
216.8 224.926 224.787 5.37094
217.6 228.771 228.429 5.41972
218.4 232.886 232.319 5.4763
219.2 237.317 236.533 5.54155
220 242.061 241.1 5.61428
220.8 247.027 245.95 5.69201
221.6 252.003 250.886 5.77161
222.4 256.656 255.574 5.84943
223.2 260.565 259.582 5.92078
224 263.29 262.454 5.97941
224.8 264.464 263.797 6.01775
225.6 263.875 263.378 6.02833
226.4 261.534 261.187 6.00609
227.2 257.683 257.451 5.95065
228 252.766 252.605 5.8675
228.8 247.346 247.216 5.76732
229.6 242.011 241.877 5.66357
230.4 237.271 237.111 5.56922
231.2 233.487 233.295 5.49374
232 230.83 230.612 5.44155
232.8 229.285 229.054 5.41218
233.6 228.688 228.457 5.40177
234.4 228.779 228.555 5.40513
235.2 229.277 229.051 5.41733
236 229.933 229.68 5.43453
236.8 230.579 230.26 5.45392
237.6 231.145 230.713 5.47352
238.4 231.651 231.059 5.49195
239.2 232.167 231.378 5.50861
240 232.759 231.757 5.52391
240.8 233.434 232.226 5.53908
241.6 234.103 232.717 5.55538
242.4 234.583 233.066 5.57287
243.2 234.657 233.062 5.58918
244 234.177 232.557 5.59943
244.8 233.207 231.61 5.59767
245.6 232.163 230.625 5.58005
246.4 231.907 230.457 5.54892
247.2 233.773 232.433 5.51657
248 239.487 238.276 5.5072
248.8 250.998 249.931 5.55613
249.6 270.238 269.321 5.70597
250.4 298.857 298.081 6.00048
251.2 337.976 337.307 6.47752
252 387.996 387.377 7.1627
252.8 448.5 447.855 8.06501
253.6 518.242 517.488 9.17519
254.4 595.21 594.281 10.4667
255.2 676.763 675.627 11.8983
256 759.799 758.471 13.4181
256.8 840.946 839.492 14.9661
257.6 916.772 915.297 16.4781
258.4 983.995 982.618 17.8872
259.2 1039.7 1038.53 19.1272
260 1081.56 1080.68 20.1358
260.8 1108.02 1107.47 20.86
261.6 1118.44 1118.23 21.2624
262.4 1113.21 1113.35 21.3274
263.2 1093.7 1094.2 21.066
264 1062.2 1063.07 20.5168
264.8 1021.64 1022.92 19.7428
265.6 975.318 977.048 18.8233
266.4 926.55 928.721 17.842
267.2 878.324 880.868 16.8756
268 833.017 835.794 15.9828
268.8 792.23 795.032 15.1993
269.6 756.74 759.324 14.5367
270.4 726.584 728.72 13.9875
271.2 701.245 702.76 13.5322
272 679.883 680.693 13.1476
272.8 661.567 661.692 12.8128
273.6 645.463 645.012 12.5127
274.4 630.948 630.088 12.2386
275.2 617.645 616.565 11.9865
276 605.393 604.268 11.7552
276.8 594.181 593.148 11.5443
277.6 584.075 583.225 11.3537
278.4 575.147 574.526 11.1832
279.2 567.442 567.061 11.033
280 560.964 560.801 10.9032
280.8 555.677 555.686 10.7931
281.6 551.518 551.632 10.7013
282.4 548.405 548.542 10.625
283.2 546.233 546.31 10.561
284 544.871 544.816 10.5067
284.8 544.154 543.923 10.461
285.6 543.894 543.482 10.4244
286.4 543.911 543.356 10.3983
287.2 544.107 543.481 10.3835
288 544.56 543.947 10.3793
288.8 545.62 545.103 10.3841
289.6 547.981 547.623 10.3979
290.4 552.657 552.495 10.4261
291.2 560.838 560.892 10.4828
292 573.611 573.891 10.5909
292.8 591.563 592.083 10.7781
293.6 614.355 615.14 11.0667
294.4 640.38 641.463 11.4612
295.2 666.633 668.043 11.9367
296 688.89 690.639 12.4317
296.8 702.23 704.297 12.8519
297.6 701.84 704.169 13.0832
298.4 683.942 686.449 13.0151
299.2 646.649 649.231 12.5661
300 590.514 593.068 11.7067
300.8 518.625 521.064 10.4705
301.6 436.199 438.46 8.95258
302.4 349.737 351.78 7.29183
303.2 265.943 267.745 5.64384
304 190.632 192.183 4.15062
304.8 127.897 129.193 2.91512
305.6 79.676 80.7153 1.9869
306.4 45.7839 46.5739 1.36147
307.2 24.3529 24.9107 0.991878
308 12.5124 12.8675 0.807696
308.8 7.1222 7.3157 0.735331
309.6 5.38245 5.46187 0.713974
310.4 5.20778 5.21993 0.703925
311.2 5.33726 5.32103 0.68693
312 5.22652 5.20818 0.660655
312.8 4.81479 4.807 0.630736
313.6 4.26817 4.27252 0.603719
314.4 3.77762 3.78925 0.582926
315.2 3.44925 3.46171 0.567663
316 3.2837 3.29237 0.554788
316.8 3.21338 3.21679 0.541057
317.6 3.15789 3.15715 0.524839
318.4 3.06597 3.06327 0.506535
319.2 2.92954 2.92669 0.487851
320 2.77265 2.77038 0.470581
320.8 2.62845 2.62655 0.455653
321.6 2.51881 2.51673 0.442867
322.4 2.44555 2.44306 0.431279
323.2 2.39442 2.39183 0.419906
324 2.34625 2.34422 0.408276
324.8 2.28795 2.28701 0.396574
325.6 2.21768 2.21784 0.385385
326.4 2.14301 2.14372 0.375255
327.2 2.07462 2.075 0.366355
328 2.01967 2.01895 0.358424
328.8 1.97844 1.97636 0.350967
329.6 1.94531 1.94217 0.343569
330.4 1.91262 1.90918 0.336107
331.2 1.87502 1.87209 0.328766
332 1.83182 1.82992 0.321874
332.8 1.78642 1.78564 0.315672
333.6 1.74382 1.74382 0.310175
334.4 1.70761 1.70787 0.305175
335.2 1.6783 1.67832 0.300383
336 1.65351 1.65301 0.295597
336.8 1.62966 1.62859 0.290791
337.6 1.60404 1.6025 0.286092
338.4 1.576 1.57417 0.281652
339.2 1.54694 1.54496 0.277523
340 1.51909 1.51709 0.273599
340.8 1.4941 1.49221 0.269661
341.6 1.47218 1.47056 0.265486
342.4 1.45215 1.45097 0.260963
343.2 1.43233 1.4317 0.256125
344 1.41155 1.41148 0.251106
344.8 1.38979 1.39014 0.246045
345.6 1.36805 1.36858 0.241002
346.4 1.3477 1.34813 0.235932
347.2 1.3296 1.32975 0.230736
348 1.31366 1.3135 0.225344
348.8 1.29891 1.29857 0.219775
349.6 1.28412 1.2838 0.214147
350.4 1.26846 1.26838 0.208616
351.2 1.25193 1.2522 0.203297
352 1.23527 1.23588 0.198216
352.8 1.2195 1.22033 0.193306
353.6 1.20534 1.20624 0.188465
354.4 1.19284 1.19366 0.183625
355.2 1.18143 1.18208 0.1788
356 1.1703 1.17074 0.174071
356.8 1.15883 1.15905 0.169539
357.6 1.14687 1.1469 0.165257
358.4 1.1348 1.13465 0.161207
359.2 1.12316 1.12288 0.157308
360 1.11234 1.11201 0.153475
360.8 1.10238 1.10208 0.149677
361.6 1.09293 1.09277 0.145956
362.4 1.08357 1.08359 0.142412
363.2 1.07403 1.07423 0.139146
364 1.06438 1.06468 0.136209
364.8 1.05498 1.05529 0.133583
365.6 1.04623 1.04646 0.131206
366.4 1.03839 1.03849 0.129018
367.2 1.03135 1.03136 0.127005
368 1.02478 1.02476 0.125214
368.8 1.01826 1.01831 0.123718
369.6 1.01157 1.01177 0.122569
370.4 1.00478 1.00514 0.121755
371.2 0.998219 0.998681 0.121195
372 0.99224 0.992733 0.120768
372.8 0.987053 0.987495 0.120366
373.6 0.982588 0.98292 0.11993
374.4 0.978536 0.978734 0.119461
375.2 0.974511 0.974576 0.118984
376 0.97024 0.970186 0.118509
376.8 0.965663 0.965509 0.117995
377.6 0.960919 0.960685 0.117354
378.4 0.956211 0.955927 0.11648
379.2 0.951666 0.951373 0.115299
380 0.947254 0.947 0.113798
380.8 0.942813 0.942639 0.112025
381.6 0.93816 0.938079 0.110056
382.4 0.933207 0.933194 0.10796
383.2 0.928016 0.928011 0.105769
384 0.92275 0.92268 0.103482
384.8 0.917574 0.917378 0.10109
385.6 0.912547 0.912202 0.0986149
386.4 0.907584 0.907108 0.0961189
387.2 0.902507 0.901953 0.0936949
388 0.897158 0.896583 0.0914301
388.8 0.891491 0.890936 0.0893686
389.6 0.885615 0.885085 0.087496
390.4 0.879731 0.879201 0.0857534
391.2 0.874028 0.87346 0.0840742
392 0.868587 0.867946 0.0824217
392.8 0.863337 0.862613 0.0808067
393.6 0.858108 0.857317 0.0792753
394.4 0.852731 0.851907 0.0778762
395.2 0.847124 0.846314 0.0766278
396 0.84134 0.840583 0.0755049
396.8 0.83552 0.834848 0.0744534
397.6 0.829814 0.829248 0.0734217
398.4 0.8243 0.823847 0.0723915
399.2 0.818947 0.818606 0.0713876
400 0.813653 0.813408 0.0704615
0.8 2.45545 1.95638 124.157
1.6 2.88117 2.69795 129.321
2.4 3.58121 3.84067 136.751
3.2 4.54533 5.26739 145.054
4 5.76343 6.85292 152.951
4.8 7.22327 8.48976 159.765
5.6 8.90331 10.1068 165.8
6.4 10.7632 11.6765 172.491
7.2 12.7372 13.2105 182.219
8 14.7357 14.7443 197.775
8.8 16.6586 16.3186 221.596
9.6 18.4184 17.9617 254.941
10.4 19.9664 19.6782 297.269
11.2 21.3122 21.4463 346.031
12 22.5267 23.2248 396.984
12.8 23.7259 24.9643 444.998
13.6 25.0352 26.6206 485.14
14.4 26.5468 28.1648 513.746
15.2 28.2838 29.5887 529.19
16 30.1848 30.9033 532.122
16.8 32.1164 32.1331 525.136
17.6 33.9134 33.309 512.002
18.4 35.4331 34.4606 496.701
19.2 36.6073 35.6128 482.549
20 37.4725 36.7842 471.645
20.8 38.1669 37.9886 464.741
21.6 38.8917 39.2367 461.487
22.4 39.8492 40.5375 460.898
23.2 41.1763 41.8973 461.86
24 42.8962 43.3186 463.508
24.8 44.9063 44.7973 465.385
25.6 47.0073 46.3217 467.411
26.4 48.9657 47.8733 469.728
27.2 50.5899 49.4302 472.522
28 51.7953 50.9708 475.896
28.8 52.635 52.4784 479.838
29.6 53.286 53.9441 484.253
30.4 53.9931 55.3677 489.03
31.2 54.9901 56.7557 494.102
32 56.4213 58.1191 499.466
32.8 58.2928 59.4696 505.178
33.6 60.4676 60.818 511.323
34.4 62.7094 62.1729 517.983
35.2 64.7587 63.541 525.222
36 66.4185 64.9284 533.068
36.8 67.6204 66.3414 541.516
37.6 68.4479 67.7864 550.527
38.4 69.1105 69.2693 560.051
39.2 69.8759 70.7942 570.058
40 70.982 72.3621 580.591
40.8 72.5594 73.9699 591.804
41.6 74.5885 75.6107 603.968
42.4 76.9077 77.2749 617.425
43.2 79.2678 78.9526 632.493
44 81.4175 80.6362 649.35
44.8 83.1887 82.3235 667.996
45.6 84.5556 84.0207 688.332
46.4 85.6458 85.7434 710.402
47.2 86.7002 87.517 734.741
48 87.9939 89.3736 762.713
48.8 89.7455 91.3468 796.631
49.6 92.044 93.4646 839.505
50.4 94.8178 95.7412 894.333
51.2 97.8568 98.1692 962.996
52 100.88 100.716 1045.03
52.8 103.623 103.321 1136.62
53.6 105.922 105.905 1230.21
54.4 107.753 108.375 1315.03
55.2 109.229 110.636 1378.53
56 110.545 112.611 1408.53
56.8 111.898 114.249 1395.66
57.6 113.407 115.537 1335.43
58.4 115.068 116.506 1229.41
59.2 116.761 117.226 1085.27
60 118.297 117.798 915.499
60.8 119.504 118.342 735.286
61.6 120.303 118.974 559.877
62.4 120.758 119.788 402.165
63.2 121.069 120.847 270.955
64 121.52 122.172 170.22
64.8 122.39 123.745 99.3832
65.6 123.862 125.527 54.3992
66.4 125.964 127.468 29.2641
67.2 128.561 129.524 17.5349
68 131.406 131.669 13.528
68.8 134.225 133.896 13.012
69.6 136.812 136.212 13.3806
70.4 139.098 138.632 13.4225
71.2 141.173 141.167 12.8766
72 143.246 143.821 11.9576
72.8 145.568 146.591 10.9863
73.6 148.333 149.464 10.1821
74.4 151.608 152.429 9.60761
75.2 155.3 155.471 9.21005
76 159.19 158.579 8.89803
76.8 163.007 161.737 8.6022
77.6 166.526 164.932 8.29938
78.4 169.654 168.155 8.00335
79.2 172.461 171.407 7.74028
80 175.165 174.705 7.52762
80.8 178.045 178.082 7.36653
81.6 181.348 181.583 7.24725
82.4 185.191 185.25 7.15919
83.2 189.525 189.113 7.0971
84 194.16 193.186 7.05988
84.8 198.848 197.467 7.04451
85.6 203.395 201.957 7.04171
86.4 207.755 206.674 7.03807
87.2 212.062 211.657 7.02442
88 216.592 216.966 7.00475
88.8 221.658 222.65 6.99831
89.6 227.485 228.733 7.03086
90.4 234.126 235.197 7.11873
91.2 241.465 242.013 7.25516
92 249.308 249.2 7.40975
92.8 257.554 256.905 7.54493
93.6 266.347 265.468 7.64275
94.4 276.162 275.434 7.72584
95.2 287.736 287.459 7.856
96 301.85 302.137 8.10451
96.8 319.015 319.752 8.50582
97.6 339.144 340.041 9.02166
98.4 361.351 362.057 9.54393
99.2 383.959 384.181 9.94747
100 404.741 404.336 10.1727
100.8 421.356 420.354 10.2893
101.6 431.855 430.42 10.4856
102.4 435.118 433.464 10.9557
103.2 431.086 429.403 11.7193
104 420.745 419.146 12.4764
104.8 405.852 404.382 12.6422
105.6 388.518 387.191 11.6848
106.4 370.761 369.616 9.78933
107.2 354.16 353.291 8.71729
108 339.678 339.225 12.5708
108.8 327.672 327.778 28.0857
109.6 318.04 318.788 64.1187
110.4 310.431 311.797 130.188
111.2 304.425 306.269 234.232
112 299.654 301.751 380.062
112.8 295.832 297.937 565.228
113.6 292.732 294.644 780
114.4 290.145 291.747 1007.97
115.2 287.856 289.11 1228.35
116 285.645 286.563 1419.57
116.8 283.323 283.914 1563.31
117.6 280.76 281.003 1647.95
118.4 277.908 277.757 1670.66
119.2 274.797 274.212 1637.43
120 271.505 270.51 1561.3
120.8 268.129 266.846 1459.13
121.6 264.76 263.414 1348.03
122.4 261.47 260.345 1242.16
123.2 258.316 257.681 1150.82
124 255.353 255.377 1077.91
124.8 252.631 253.336 1022.87
125.6 250.193 251.443 982.277
126.4 248.057 249.608 951.713
127.2 246.203 247.781 927.254
128 244.57 245.956 906.25
128.8 243.073 244.154 887.434
129.6 241.619 242.401 870.549
130.4 240.14 240.712 855.795
131.2 238.607 239.084 843.369
132 237.03 237.495 833.238
132.8 235.448 235.917 825.123
133.6 233.907 234.33 818.616
134.4 232.443 232.73 813.3
135.2 231.07 231.135 808.818
136 229.786 229.585 804.902
136.8 228.58 228.126 801.402
137.6 227.444 226.805 798.356
138.4 226.377 225.65 796.087
139.2 225.384 224.664 795.24
140 224.464 223.825 796.658
140.8 223.605 223.086 801.02
141.6 222.78 222.387 808.295
142.4 221.951 221.673 817.16
143.2 221.076 220.896 824.629
144 220.119 220.026 826.114
144.8 219.049 219.047 816.073
145.6 217.847 217.95 789.149
146.4 216.499 216.729 741.556
147.2 215.002 215.379 672.318
148 213.367 213.908 583.951
148.8 211.637 212.345 482.338
149.6 209.889 210.749 375.762
150.4 208.23 209.21 273.315
151.2 206.771 207.822 183.124
152 205.582 206.644 110.847
152.8 204.644 205.656 58.8365
153.6 203.804 204.717 26.1412
154.4 202.768 203.551 9.25213
155.2 201.138 201.78 3.31952
156 198.485 198.997 3.4438
156.8 194.467 194.864 5.68938
157.6 188.93 189.224 7.60451
158.4 181.985 182.176 8.21764
159.2 174.025 174.096 7.64336
160 165.673 165.597 6.52172
160.8 157.665 157.411 5.51233
161.6 150.706 150.258 4.98914
162.4 145.335 144.697 4.9728
163.2 141.827 141.031 5.2424
164 140.172 139.273 5.51897
164.8 140.112 139.184 5.61743
165.6 141.237 140.359 5.50832
166.4 143.101 142.347 5.28686
167.2 145.32 144.753 5.0898
168 147.637 147.298 5.01378
168.8 149.932 149.841 5.07487
169.6 152.196 152.349 5.2193
170.4 154.479 154.85 5.36798
171.2 156.841 157.385 5.46451
172 159.32 159.978 5.50121
172.8 161.925 162.628 5.51389
173.6 164.643 165.321 5.55412
174.4 167.457 168.045 5.65774
175.2 170.36 170.801 5.8267
176 173.349 173.606 6.03175
176.8 176.424 176.479 6.23096
177.6 179.58 179.438 6.39193
178.4 182.806 182.494 6.50535
179.2 186.1 185.666 6.58441
180 189.476 188.984 6.65258
180.8 192.98 192.503 6.72839
181.6 196.672 196.283 6.81577
182.4 200.611 200.374 6.90433
183.2 204.829 204.788 6.97793
184 209.315 209.49 7.02555
184.8 214.041 214.427 7.04819
185.6 219.02 219.583 7.05875
186.4 224.374 225.061 7.07586
187.2 230.404 231.147 7.11608
188 237.587 238.314 7.18869
188.8 246.503 247.145 7.29538
189.6 257.664 258.164 7.43334
190.4 271.301 271.615 7.59885
191.2 287.149 287.258 7.78817
192 304.337 304.241 7.99493
192.8 321.411 321.13 8.20596
193.6 336.534 336.107 8.39884
194.4 347.826 347.302 8.54387
195.2 353.755 353.186 8.61091
196 353.48 352.915 8.57863
196.8 347.056 346.531 8.44226
197.6 335.419 334.958 8.21622
198.4 320.176 319.788 7.93036
199.2 303.247 302.928 7.62124
200 286.452 286.195 7.32211
200.8 271.178 270.971 7.05534
201.6 258.18 258.016 6.82976
202.4 247.573 247.449 6.64295
203.2 238.988 238.905 6.48649
204 231.817 231.777 6.35141
204.8 225.46 225.464 6.23159
205.6 219.498 219.542 6.12428
206.4 213.729 213.806 6.02831
207.2 208.089 208.19 5.94163
208 202.488 202.605 5.85936
208.8 196.651 196.78 5.77318
209.6 190.034 190.177 5.67225
210.4 181.873 182.036 5.54494
211.2 171.364 171.557 5.38126
212 157.936 158.171 5.1754
212.8 141.526 141.807 4.92812
213.6 122.754 123.076 4.64864
214.4 102.931 103.281 4.35504
215.2 83.8756 84.2329 4.0727
216 67.5689 67.9088 3.83051
216.8 55.75 56.0488 3.65526
217.6 49.5604 49.7994 3.56594
218.4 49.3386 49.5059 3.56941
219.2 54.6104 54.7003 3.65908
220 64.2558 64.2658 3.81676
220.8 76.7777 76.7059 4.01703
221.6 90.5833 90.4261 4.23247
222.4 104.21 103.963 4.43839
223.2 116.489 116.149 4.61637
224 126.695 126.264 4.75733
224.8 134.759 134.246 4.86516
225.6 141.594 141.016 4.96169
226.4 149.497 148.871 5.09232
227.2 162.483 161.818 5.32992
228 186.346 185.636 5.77333
228.8 228.215 227.432 6.53737
229.6 295.499 294.592 7.7333
230.4 394.288 393.191 9.44206
231.2 527.506 526.153 11.6862
232 693.284 691.63 14.408
232.8 884.073 882.112 17.4623
233.6 1086.9 1084.68 20.6267
234.4 1284.88 1282.5 23.6312
235.2 1459.81 1457.43 26.2004
236 1595.25 1593.05 28.1001
236.8 1679.49 1677.62 29.1765
237.6 1707.48 1706.08 29.3804
238.4 1681.59 1680.72 28.7712
239.2 1610.69 1610.33 27.4992
240 1508.11 1508.17 25.7739
240.8 1388.89 1389.24 23.8236
241.6 1267.11 1267.55 21.858
242.4 1153.69 1154.05 20.0392
243.2 1055.35 1055.49 18.4669
244 974.504 974.328 17.1773
244.8 910.038 909.534 16.154
245.6 858.578 857.799 15.3451
246.4 815.791 814.84 14.6813
247.2 777.452 776.462 14.0924
248 740.135 739.241 13.5183
248.8 701.507 700.826 12.9152
249.6 660.367 659.982 12.2588
250.4 616.548 616.497 11.5437
251.2 570.768 571.048 10.7823
252 524.476 525.046 10.0022
252.8 479.637 480.428 9.24124
253.6 438.443 439.368 8.54133
254.4 402.942 403.908 7.94061
255.2 374.647 375.559 7.46582
256 354.218 354.994 7.12689
256.8 341.346 341.924 6.91556
257.6 334.878 335.228 6.80875
258.4 333.167 333.294 6.77578
259.2 334.531 334.482 6.78708
260 337.671 337.524 6.82124
260.8 341.887 341.747 6.86822
261.6 347.048 347.019 6.9277
262.4 353.337 353.509 7.00401
263.2 360.933 361.355 7.10053
264 369.791 370.464 7.21647
264.8 379.672 380.541 7.34821
265.6 390.416 391.381 7.49468
266.4 402.359 403.293 7.66415
267.2 416.651 417.417 7.87842
268 435.236 435.707 8.17051
268.8 460.357 460.433 8.57466
269.6 493.635 493.252 9.11017
270.4 534.967 534.098 9.7643
271.2 581.645 580.307 10.4808
272 628.091 626.338 11.1596
272.8 666.458 664.383 11.6712
273.6 688.077 685.807 11.8822
274.4 685.431 683.12 11.6876
275.2 654.126 651.936 11.0394
276 594.25 592.332 9.96331
276.8 510.7 509.176 8.55752
277.6 412.318 411.256 6.97396
278.4 310.053 309.458 5.38616
279.2 214.66 214.477 3.9532
280 134.568 134.694 2.78929
280.8 74.4827 74.792 1.94683
281.6 35.0204 35.3906 1.41619
282.4 13.3652 13.7003 1.14019
283.2 4.62451 4.86829 1.03741
284 3.40706 3.54462 1.02635
284.8 5.15035 5.19901 1.04372
285.6 6.88102 6.87513 1.0528
286.4 7.32689 7.30216 1.04203
287.2 6.51708 6.49921 1.01666
288 5.13852 5.13854 0.988212
288.8 3.92948 3.94552 0.965914
289.6 3.3037 3.32671 0.952521
290.4 3.26206 3.2823 0.944636
291.2 3.526 3.5376 0.935908
292 3.75984 3.76221 0.920789
292.8 3.75312 3.74961 0.896933
293.6 3.48941 3.48462 0.865486
294.4 3.10054 3.09787 0.82968
295.2 2.75886 2.75933 0.792837
296 2.57625 2.57886 0.756915
296.8 2.55886 2.56175 0.72217
297.6 2.62712 2.62885 0.687821
298.4 2.67623 2.67646 0.653123
299.2 2.6372 2.63653 0.61814
300 2.50628 2.50565 0.583858
300.8 2.33396 2.33397 0.551679
301.6 2.18694 2.18753 0.522686
302.4 2.10841 2.10906 0.497147
303.2 2.09826 2.09846 0.474487
304 2.12022 2.11987 0.453707
304.8 2.12772 2.12724 0.433943
305.6 2.09117 2.09129 0.414856
306.4 2.01169 2.01299 0.396656
307.2 1.91587 1.91842 0.379815
308 1.83715 1.84045 0.364678
308.8 1.79614 1.79933 0.351211
309.6 1.7908 1.79304 0.339017
310.4 1.80045 1.80135 0.327572
311.2 1.79974 1.79946 0.316511
312 1.7733 1.77243 0.305795
312.8 1.72293 1.72222 0.29566
313.6 1.66439 1.66436 0.286413
314.4 1.61673 1.61751 0.278203
315.2 1.59112 1.59245 0.270913
316 1.58552 1.58693 0.264216
316.8 1.58738 1.58845 0.257764
317.6 1.58202 1.5825 0.251363
318.4 1.56116 1.56106 0.24505
319.2 1.52691 1.5264 0.239019
320 1.48935 1.48866 0.23346
320.8 1.45987 1.45918 0.228418
321.6 1.44446 1.44385 0.223751
322.4 1.44077 1.44026 0.219207
323.2 1.44032 1.43989 0.214574
324 1.43398 1.43362 0.209785
324.8 1.41731 1.41699 0.204934
325.6 1.39268 1.39236 0.200179
326.4 1.36725 1.36686 0.195595
327.2 1.34839 1.34785 0.191068
328 1.33932 1.33862 0.186287
328.8 1.33761 1.33682 0.180845
329.6 1.33704 1.33631 0.174382
330.4 1.33155 1.33108 0.166709
331.2 1.31877 1.31873 0.15785
332 1.3012 1.30163 0.147996
332.8 1.28443 1.28524 0.137418
333.6 1.27374 1.27471 0.126408
334.4 1.27106 1.27197 0.115251
335.2 1.27411 1.27478 0.10426
336 1.27796 1.27834 0.0938014
336.8 1.27798 1.27814 0.0842789
337.6 1.27235 1.27243 0.0760667
338.4 1.26278 1.26293 0.069405
339.2 1.2531 1.2534 0.0643211
340 1.2468 1.24722 0.06062
340.8 1.2449 1.24536 0.0579597
341.6 1.2455 1.24588 0.0559789
342.4 1.24504 1.24527 0.0544189
343.2 1.24047 1.24053 0.0531846
344 1.23096 1.23093 0.052325
344.8 1.21828 1.21823 0.0519542
345.6 1.20557 1.2056 0.0521636
346.4 1.19548 1.19563 0.0529716
347.2 1.1887 1.18898 0.0543278
348 1.18376 1.18413 0.0561546
348.8 1.17808 1.17848 0.0583873
349.6 1.16959 1.16997 0.06098
350.4 1.15797 1.15826 0.0638727
351.2 1.14472 1.14486 0.0669424
352 1.13217 1.13211 0.0699791
352.8 1.12206 1.12174 0.0727094
353.6 1.11452 1.11392 0.0748676
354.4 1.10815 1.10725 0.0762787
355.2 1.10088 1.09969 0.076913
356 1.09131 1.08986 0.0768815
356.8 1.07949 1.07782 0.0763768
357.6 1.06684 1.06501 0.0755909
358.4 1.05529 1.05337 0.0746518
359.2 1.04609 1.04414 0.0736096
360 1.03913 1.03724 0.0724685
360.8 1.03307 1.03132 0.0712397
361.6 1.0262 1.02463 0.0699769
362.4 1.01743 1.01608 0.0687716
363.2 1.00693 1.00579 0.0677129
364 0.995972 0.994981 0.0668378
364.8 0.986089 0.985163 0.0661056
365.6 0.9782 0.977255 0.0654142
366.4 0.972079 0.971059 0.0646506
367.2 0.966543 0.965436 0.0637468
368 0.960183 0.959026 0.0627099
368.8 0.952196 0.951066 0.0616102
369.6 0.942823 0.941811 0.0605362
370.4 0.933154 0.93234 0.0595443
371.2 0.924451 0.923886 0.0586337
372 0.917406 0.917101 0.0577586
372.8 0.911768 0.9117 0.0568681
373.6 0.906545 0.906665 0.0559476
374.4 0.900615 0.900861 0.0550352
375.2 0.893382 0.893695 0.0542019
376 0.885083 0.885414 0.0535097
376.8 0.87658 0.876896 0.0529728
377.6 0.868798 0.869081 0.0525463
378.4 0.862159 0.862406 0.0521501
379.2 0.856348 0.856564 0.0517137
380 0.850533 0.850724 0.0512154
380.8 0.843894 0.844061 0.0506942
381.6 0.836126 0.836261 0.0502266
382.4 0.827614 0.827701 0.0498844
383.2 0.819196 0.819216 0.0496992
384 0.811661 0.811597 0.0496522
384.8 0.805297 0.80514 0.0496952
385.6 0.799741 0.799497 0.0497847
386.4 0.794227 0.79391 0.0499079
387.2 0.788046 0.787675 0.0500809
388 0.780957 0.780548 0.0503198
388.8 0.773291 0.772855 0.0506028
389.6 0.765723 0.765263 0.0508479
390.4 0.758839 0.758355 0.0509234
391.2 0.752786 0.752281 0.0506894
392 0.747203 0.746686 0.05005
392.8 0.741465 0.740955 0.0489907
393.6 0.735091 0.73461 0.0475808
394.4 0.728055 0.727624 0.0459427
395.2 0.720831 0.720462 0.0442041
396 0.714139 0.713829 0.0424595
396.8 0.708555 0.708287 0.0407572
397.6 0.704222 0.703962 0.0391144
398.4 0.700809 0.700518 0.0375441
399.2 0.697751 0.697388 0.0360752
400 0.694601 0.694131 0.0347511
