0 1 1 1
0.002 0.902661 0.902651 0.975708
0.004 0.636073 0.63604 0.904931
0.006 0.26894 0.268902 0.79367
0.008 -0.106855 -0.106852 0.651034
0.01 -0.402206 -0.402097 0.488106
0.012 -0.55465 -0.554378 0.316719
0.014 -0.543637 -0.543177 0.148322
0.016 -0.393662 -0.39304 -0.00691976
0.018 -0.165029 -0.164326 -0.140729
0.02 0.0648974 0.0655645 -0.247024
0.022 0.224674 0.225183 -0.321993
0.024 0.269338 0.269599 -0.364016
0.026 0.192384 0.192376 -0.373532
0.028 0.0256023 0.0253795 -0.352906
0.03 -0.172801 -0.173118 -0.306293
0.032 -0.337456 -0.337722 -0.239454
0.034 -0.416066 -0.41615 -0.15947
0.036 -0.384433 -0.384268 -0.0742779
0.038 -0.252268 -0.251874 0.00794095
0.04 -0.0587168 -0.0581996 0.0795046
0.042 0.140542 0.14102 0.133999
0.044 0.290519 0.290786 0.166964
0.046 0.353205 0.353133 0.17637
0.048 0.318023 0.317567 0.162792
0.05 0.203407 0.202622 0.129234
0.052 0.0494317 0.0484627 0.0806388
0.054 -0.0956752 -0.0966379 0.0231564
0.056 -0.190518 -0.19129 -0.0366661
0.058 -0.212306 -0.212761 -0.0926581
0.06 -0.162136 -0.162236 -0.139641
0.062 -0.0627495 -0.0625484 -0.173827
0.064 0.0500065 0.0503841 -0.192987
0.066 0.13902 0.139421 -0.196422
0.068 0.177298 0.177588 -0.184797
0.07 0.155444 0.155544 -0.159892
0.072 0.0831674 0.0830717 -0.124347
0.074 -0.015211 -0.0154418 -0.0813998
0.076 -0.109372 -0.109638 -0.0346486
0.078 -0.172663 -0.172864 0.0121906
0.08 -0.189718 -0.189784 0.0555386
0.082 -0.159889 -0.159802 0.0922213
0.084 -0.0959103 -0.0957014 0.119734
0.086 -0.0186978 -0.0184316 0.136467
0.088 0.0497099 0.0499639 0.141856
0.09 0.0927257 0.0929192 0.13641
0.092 0.103341 0.103462 0.121617
0.094 0.0848101 0.0848854 0.0997091
0.096 0.0481092 0.0481873 0.0733425
0.098 0.00739542 0.0075268 0.0452375
0.1 -0.0247806 -0.0245648 0.0178368
0.102 -0.0409235 -0.0406234 -0.00695676
0.104 -0.039796 -0.0394421 -0.0279342
0.106 -0.0253807 -0.0250209 -0.0446131
0.108 -0.00438517 -0.00406555 -0.057166
0.11 0.0165423 0.0167951 -0.0662705
0.112 0.0328213 0.0330081 -0.0729196
0.114 0.0425904 0.0427353 -0.0782206
0.116 0.0460624 0.0461979 -0.0832091
0.118 0.0441776 0.0443251 -0.0886909
0.12 0.0373731 0.037528 -0.0951203
0.122 0.0251416 0.0252696 -0.10252
0.124 0.00661128 0.00665809 -0.110452
0.126 -0.0181541 -0.0182417 -0.118037
0.128 -0.0468395 -0.0470896 -0.124043
0.13 -0.0743385 -0.074736 -0.127031
0.132 -0.0935054 -0.0939889 -0.12555
0.134 -0.0971798 -0.0976556 -0.118366
0.136 -0.0808733 -0.0812436 -0.104679
0.138 -0.0451185 -0.0453155 -0.0843001
0.14 0.00354252 0.00352953 -0.0577543
0.142 0.0535687 0.0536832 -0.0262777
0.144 0.0913814 0.0915122 0.00828057
0.146 0.105485 0.105499 0.0436425
0.148 0.0904225 0.0902098 0.0773352
0.15 0.0491636 0.0486751 0.106935
0.152 -0.00707103 -0.00779956 0.130283
0.154 -0.0617018 -0.0625537 0.145653
0.156 -0.0976465 -0.0984549 0.151861
0.158 -0.10267 -0.103266 0.148317
0.16 -0.0735158 -0.0737828 0.135046
0.162 -0.0174235 -0.0173321 0.112683
0.164 0.049607 0.0499845 0.0824536
0.166 0.107406 0.107916 0.0461385
0.168 0.137754 0.138208 0.00599995
0.17 0.130125 0.130357 -0.0353345
0.172 0.0851852 0.0851026 -0.0750504
0.174 0.0148664 0.0144807 -0.110381
0.176 -0.0610933 -0.0616718 -0.138873
0.178 -0.121071 -0.121669 -0.158652
0.18 -0.148102 -0.148539 -0.168628
0.182 -0.135001 -0.135149 -0.168614
0.184 -0.086493 -0.0863194 -0.159322
0.186 -0.0176934 -0.0172745 -0.14224
0.188 0.0505731 0.0510758 -0.1194
0.19 0.0981744 0.0985646 -0.093099
0.192 0.111789 0.111899 -0.0656074
0.194 0.0888305 0.088575 -0.0389242
0.196 0.0379639 0.0373725 -0.0146159
0.198 -0.023873 -0.0246618 0.00624994
0.2 -0.0769278 -0.0777044 0.0230846
0.202 -0.104781 -0.105324 0.0356999
0.204 -0.0992527 -0.0993928 0.0442058
0.206 -0.062603 -0.0622682 0.0489142
0.208 -0.00645834 -0.00569274 0.0502682
0.21 0.0520791 0.053132 0.0488001
0.212 0.0958336 0.0969747 0.0451078
0.214 0.112744 0.113776 0.0398327
0.216 0.0992385 0.100018 0.0336243
0.218 0.0608349 0.061306 0.0270826
0.22 0.00991997 0.0101158 0.0206872
0.222 -0.0384237 -0.0384042 0.0147283
0.224 -0.0711193 -0.0711534 0.00926446
0.226 -0.0808246 -0.0808106 0.00412533
0.228 -0.067609 -0.0674997 -0.00103189
0.23 -0.0382265 -0.0380401 -0.00661991
0.232 -0.00341365 -0.00322053 -0.0129931
0.234 0.0257737 0.0258824 -0.0203232
0.236 0.0413518 0.0413023 -0.0285097
0.238 0.0404849 0.040252 -0.0371465
0.24 0.0257174 0.0253385 -0.0455552
0.242 0.00348423 0.00305131 -0.052877
0.244 -0.0184251 -0.0187908 -0.0582041
0.246 -0.0334939 -0.0336776 -0.0607219
0.248 -0.0383191 -0.0382455 -0.0598368
0.25 -0.0331546 -0.0328081 -0.0552664
0.252 -0.0211547 -0.0205816 -0.0470852
0.254 -0.00676919 -0.00606114 -0.035723
0.256 0.0060131 0.00674646 -0.0219262
0.258 0.0149079 0.0155691 -0.00669147
0.26 0.0196766 0.0202028 0.00881729
0.262 0.0215697 0.0219421 0.0233615
0.264 0.0222362 0.0224742 0.0357271
0.266 0.0226452 0.0227899 0.0448268
0.268 0.0225188 0.022612 0.0498022
0.27 0.0205217 0.0205892 0.0501176
0.272 0.0151043 0.0151473 0.0456336
0.274 0.00559666 0.00559486 0.0366468
0.276 -0.00697675 -0.00705424 0.023884
0.278 -0.0197951 -0.0199748 0.00844559
0.28 -0.0289948 -0.0292865 -0.00830029
0.282 -0.0310585 -0.0314498 -0.0248567
0.284 -0.0243238 -0.0247832 -0.039752
0.286 -0.00999436 -0.0104804 -0.0516855
0.288 0.00782573 0.00735299 -0.0596439
0.29 0.0232126 0.0227818 -0.0629769
0.292 0.0303365 0.0299613 -0.0614288
0.294 0.0255801 0.0252613 -0.0551306
0.296 0.00909632 0.00882866 -0.044565
0.298 -0.0148196 -0.0150397 -0.0305139
0.3 -0.038787 -0.0389567 -0.0139982
0.302 -0.0545723 -0.0546826 0.00378803
0.304 -0.055808 -0.055849 0.0215526
0.306 -0.0402942 -0.040263 0.0379909
0.308 -0.0110657 -0.0109723 0.0518863
0.31 0.024215 0.0243465 0.0622188
0.312 0.0554343 0.0555706 0.0682714
0.314 0.0731327 0.073241 0.069715
0.316 0.0715526 0.071612 0.0666534
0.318 0.0506209 0.0506298 0.0596119
0.32 0.0161726 0.0161493 0.0494655
0.322 -0.0217124 -0.0217372 0.037315
0.324 -0.0517686 -0.051766 0.0243317
0.326 -0.0650425 -0.0650008 0.0116013
0.328 -0.057712 -0.0576473 -4.61611e-06
0.33 -0.0323182 -0.0322745 -0.00990565
0.332 0.003 0.0029621 -0.0178279
0.334 0.037039 0.0368641 -0.023763
0.336 0.0590349 0.0586967 -0.027887
0.338 0.0620233 0.0615434 -0.030466
0.34 0.0449872 0.04444 -0.0317716
0.342 0.0131141 0.0126148 -0.0320248
0.344 -0.0238962 -0.0242194 -0.0313752
0.346 -0.0549098 -0.0549518 -0.0299092
0.348 -0.0708201 -0.0705332 -0.0276741
0.35 -0.0672933 -0.0667082 -0.0247032
0.352 -0.0459525 -0.045178 -0.0210286
0.354 -0.0136716 -0.0128718 -0.0166785
0.356 0.0197362 0.0203839 -0.0116634
0.358 0.0446559 0.0450082 -0.00596262
0.36 0.0546084 0.0545973 0.00047726
0.362 0.0480687 0.0477218 0.00772013
0.364 0.0286347 0.0280693 0.0157954
0.366 0.00357391 0.0029655 0.0246381
0.368 -0.0187022 -0.0191687 0.0340306
0.37 -0.0313685 -0.0315506 0.0435659
0.372 -0.0312319 -0.0310686 0.0526488
0.374 -0.0194747 -0.0190027 0.0605411
0.376 -0.000939657 -0.000280603 0.066449
0.378 0.0177171 0.0183934 0.069635
0.38 0.0303244 0.0308509 0.0695338
0.382 0.033161 0.0334216 0.0658484
0.384 0.0259589 0.0259209 0.0586073
0.386 0.0116857 0.0114053 0.0481743
0.388 -0.00473044 -0.00512892 0.0352115
0.39 -0.0182167 -0.0185823 0.0206074
0.392 -0.0252521 -0.0254555 0.00538562
0.394 -0.024871 -0.0248453 -0.00939089
0.396 -0.0186837 -0.0184451 -0.0227062
0.398 -0.00998955 -0.00963222 -0.0336639
0.4 -0.00237509 -0.0020421 -0.041544
0.402 0.00165234 0.00181273 -0.0458468
0.404 0.0014943 0.00137363 -0.0463266
0.406 -0.0015178 -0.00195556 -0.0430138
0.408 -0.00486484 -0.00557259 -0.0362236
0.41 -0.00601377 -0.00687514 -0.0265427
0.412 -0.00354136 -0.00440422 -0.0147915
0.414 0.00223686 0.00151784 -0.0019565
0.416 0.00937334 0.00889792 0.0109012
0.418 0.0150807 0.0148793 0.0227514
0.42 0.0168911 0.0169225 0.0327003
0.422 0.0137216 0.0138915 0.040078
0.424 0.00641614 0.00661012 0.0444955
0.426 -0.00246525 -0.00234467 0.0458624
0.428 -0.00955365 -0.00955784 0.0443671
0.43 -0.0119465 -0.0120675 0.0404264
0.432 -0.0083734 -0.00855027 0.0346179
0.434 0.000198046 5.64683e-05 0.0276073
0.436 0.010773 0.0107562 0.0200838
0.438 0.0193141 0.0194791 0.0127053
0.44 0.0221716 0.0225226 0.00605761
0.442 0.0174522 0.0179363 0.000621953
0.444 0.00582461 0.00634494 -0.0032524
0.446 -0.00955375 -0.00911191 -0.00537134
0.448 -0.0239987 -0.0237366 -0.00571318
0.45 -0.0328426 -0.0328204 -0.00443426
0.452 -0.0330351 -0.0332558 -0.00185594
0.454 -0.0242427 -0.0246518 0.00157138
0.456 -0.00904976 -0.00955037 0.00532705
0.458 0.00783318 0.00735469 0.00889473
0.46 0.0211047 0.0207493 0.01184
0.462 0.0266395 0.0264702 0.0138751
0.464 0.0228857 0.0229133 0.0148964
0.466 0.0114099 0.0115924 0.0149858
0.468 -0.00360844 -0.00335311 0.014375
0.47 -0.0167738 -0.0165456 0.0133817
0.472 -0.0232973 -0.0231882 0.0123334
0.474 -0.0206299 -0.0207011 0.0114959
0.476 -0.00935159 -0.00961964 0.0110232
0.478 0.00698917 0.0065558 0.0109373
0.48 0.0230384 0.0225107 0.0111384
0.482 0.0334131 0.0328846 0.0114392
0.484 0.0344956 0.0340614 0.0116098
0.486 0.025644 0.0253815 0.0114208
0.488 0.00941454 0.00936911 0.0106751
0.49 -0.00927581 -0.00909644 0.00922542
0.492 -0.0247617 -0.024384 0.00697937
0.494 -0.0324756 -0.0319502 0.00390063
0.496 -0.0304132 -0.0298005 1.2421e-05
0.498 -0.0197355 -0.019092 -0.00459156
0.5 -0.00432106 -0.00368923 -0.00973015
0.502 0.0105678 0.0111638 -0.0151183
0.504 0.0200446 0.020597 -0.020361
0.506 0.0211929 0.0217035 -0.0249685
0.508 0.0139688 0.0144394 -0.0283967
0.51 0.00112793 0.00155296 -0.0301128
0.512 -0.0127722 -0.0124099 -0.0296759
0.514 -0.022939 -0.0226668 -0.0268176
0.516 -0.0259417 -0.0257913 -0.0215044
0.518 -0.0208063 -0.0208038 -0.0139681
0.52 -0.00925642 -0.00941303 -0.00469631
0.522 0.00495278 0.00464743 0.00561677
0.524 0.0173532 0.0169323 0.0161488
0.526 0.0242697 0.0237848 0.0260424
0.528 0.0239989 0.0235096 0.034496
0.53 0.0172741 0.0168362 0.0408385
0.532 0.00688788 0.00654259 0.0445795
0.534 -0.00336638 -0.00359936 0.0454345
0.536 -0.0100454 -0.0101679 0.0433289
0.538 -0.0112238 -0.0112532 0.0383888
0.54 -0.00708245 -0.00704184 0.0309242
0.542 0.000262635 0.000355373 0.0214085
0.544 0.00760574 0.00774548 0.0104536
0.546 0.0118495 0.0120459 -0.00122255
0.548 0.0111242 0.0113967 -0.0128407
0.55 0.00543506 0.00580342 -0.0236176
0.552 -0.00337533 -0.00290396 -0.0328337
0.554 -0.0123198 -0.0117606 -0.039903
0.556 -0.0183507 -0.0177458 -0.0444342
0.558 -0.0194441 -0.0188578 -0.0462697
0.56 -0.015298 -0.0148053 -0.0454959
0.562 -0.00740712 -0.00707647 -0.0424204
0.564 0.00150022 0.00162442 -0.0375197
0.566 0.00845076 0.00836051 -0.0313697
0.568 0.0112813 0.0110087 -0.0245695
0.57 0.00938511 0.00899535 -0.0176749
0.572 0.00388911 0.00346454 -0.0111495
0.574 -0.0027899 -0.00317085 -0.00533942
0.576 -0.00784442 -0.00812759 -0.000468753
0.578 -0.00910387 -0.00927325 0.00334963
0.58 -0.00582365 -0.00590498 0.00609557
0.582 0.00104263 0.000989787 0.0078223
0.584 0.00918001 0.00907935 0.0086398
0.586 0.0157335 0.0155135 0.00870058
0.588 0.0183201 0.0179332 0.00818519
0.59 0.0158719 0.0153073 0.00728412
0.592 0.00901679 0.00830151 0.00617457
0.594 -0.000134646 -0.000945313 0.00499392
0.596 -0.00871627 -0.00955617 0.00381517
0.598 -0.0140894 -0.014902 0.00263146
0.6 -0.0147377 -0.0154932 0.00135636
0.602 -0.0107632 -0.0114681 -0.000156624
0.604 -0.00381791 -0.00451354 -0.00207705
0.606 0.00349923 0.00274786 -0.00454972
0.608 0.00856048 0.00768236 -0.00764696
0.61 0.0096198 0.00855683 -0.0113324
0.612 0.00639989 0.00512144 -0.015446
0.614 0.000158381 -0.00133258 -0.0197136
0.616 -0.00677983 -0.0084506 -0.023781
0.618 -0.0118516 -0.0136521 -0.0272632
0.62 -0.0131507 -0.0150309 -0.0297987
0.622 -0.0100771 -0.0120034 -0.0310988
0.624 -0.00351815 -0.00548479 -0.0309826
0.626 0.00448967 0.00245786 -0.0293945
0.628 0.0114904 0.00934465 -0.0264053
0.63 0.0154639 0.0131452 -0.0222013
0.632 0.0155044 0.012961 -0.0170668
0.634 0.0120893 0.00929166 -0.0113653
0.636 0.00685212 0.00380305 -0.00551957
0.638 0.00195216 -0.0013118 9.85062e-06
0.64 -0.0007266 -0.00414203 0.00475173
0.642 -0.000258755 -0.00374799 0.00825882
0.644 0.00300058 -0.000485056 0.0101509
0.646 0.00756595 0.00414896 0.0101623
0.648 0.0113845 0.00808272 0.00818593
0.65 0.0126053 0.00944797 0.00430487
0.652 0.0102764 0.0072831 -0.00119846
0.654 0.00471852 0.00191094 -0.00786051
0.656 -0.00255729 -0.00514464 -0.0150823
0.658 -0.00936163 -0.0116746 -0.0221963
0.66 -0.0135863 -0.0155515 -0.0285436
0.662 -0.0139439 -0.0154773 -0.0335473
0.664 -0.0104268 -0.0114475 -0.0367718
0.666 -0.0043219 -0.00476803 -0.0379576
0.668 0.00222556 0.00238344 -0.037032
0.67 0.00694639 0.00769911 -0.034097
0.672 0.00822596 0.00952846 -0.0294026
0.674 0.00565596 0.00743867 -0.0233131
0.676 0.000169739 0.00235557 -0.0162731
0.678 -0.00628401 -0.00376174 -0.00877669
0.68 -0.0114153 -0.00859923 -0.0013394
0.682 -0.0133821 -0.0102855 0.00553021
0.684 -0.0114227 -0.00803466 0.0113615
0.686 -0.006117 -0.00241659 0.0157564
0.688 0.000812374 0.0048366 0.0184265
0.69 0.00708561 0.0114164 0.0192246
0.692 0.0106357 0.0152139 0.0181655
0.694 0.0102981 0.0150187 0.0154279
0.696 0.00618865 0.0109087 0.0113333
0.698 -0.000353754 0.00420118 0.00630381
0.7 -0.00723223 -0.00300608 0.000804719
0.702 -0.0123005 -0.00854424 -0.00471688
0.704 -0.0140717 -0.0108878 -0.00988601
0.706 -0.0121891 -0.00963421 -0.0144359
0.708 -0.00750407 -0.00559304 -0.0182204
0.71 -0.00174626 -0.000464022 -0.021204
0.712 0.00309256 0.00377467 -0.0234326
0.714 0.00544327 0.00555231 -0.0249974
0.716 0.00467854 0.0042305 -0.0259988
0.718 0.00129514 0.000293785 -0.0265205
0.72 -0.00329221 -0.00484797 -0.0266151
0.722 -0.00726351 -0.00936623 -0.026303
0.724 -0.00902955 -0.0116477 -0.0255789
0.726 -0.00777132 -0.0108364 -0.0244216
0.728 -0.0037024 -0.0071021 -0.0228018
0.73 0.00202638 -0.00155398 -0.020687
0.732 0.00773583 0.00416002 -0.0180439
0.734 0.0117906 0.00841896 -0.0148421
0.736 0.0131338 0.010161 -0.0110616
0.738 0.0116041 0.00920177 -0.00670774
0.74 0.00793606 0.00623906 -0.00183086
0.742 0.00345855 0.00255739 0.00345214
0.744 -0.000392795 -0.000453213 0.00894202
0.746 -0.00257164 -0.00178876 0.0143536
0.748 -0.00275398 -0.00116161 0.0193294
0.75 -0.00139886 0.000939159 0.023471
0.752 0.000472332 0.00346734 0.026385
0.754 0.00168831 0.00523006 0.0277353
0.756 0.00137747 0.00533567 0.0272929
0.758 -0.00070706 0.00351787 0.0249718
0.76 -0.00409896 0.000224434 0.0208477
0.762 -0.00779125 -0.00355389 0.0151538
0.764 -0.010601 -0.00664556 0.00825905
0.766 -0.0115909 -0.00811702 0.000632075
0.768 -0.0103974 -0.00759712 -0.00720078
0.77 -0.00734922 -0.00539346 -0.0146982
0.772 -0.0033414 -0.00236431 -0.0213427
0.774 0.000485625 0.000402377 -0.0266744
0.776 0.00314256 0.00198336 -0.0303198
0.778 0.00412093 0.00194508 -0.0320169
0.78 0.00354113 0.000484556 -0.0316369
0.782 0.00207193 -0.00166025 -0.0292001
0.784 0.000656679 -0.00349359 -0.0248831
0.786 0.000149559 -0.00413367 -0.0190139
0.788 0.000994638 -0.00313787 -0.0120496
0.79 0.00306241 -0.000665653 -0.00453802
0.792 0.00569951 0.00257705 0.0029347
0.794 0.0079697 0.00558894 0.00980396
0.796 0.00899578 0.00742731 0.0155848
0.798 0.00827776 0.00753722 0.0199193
0.8 0.00587353 0.00593916 0.0226049
0.802 0.00237979 0.00321081 0.023602
0.804 -0.00127683 0.000272704 0.0230197
0.806 -0.00416104 -0.00194343 0.0210863
0.808 -0.00564656 -0.0028239 0.0181112
0.81 -0.00561709 -0.00228263 0.0144458
0.812 -0.0044808 -0.000777695 0.0104495
0.814 -0.00299639 0.000869362 0.00646349
0.816 -0.00197623 0.00178459 0.00279205
0.818 -0.00197597 0.00137071 -0.000311488
0.82 -0.00308257 -0.000463556 -0.00265582
0.822 -0.00487682 -0.00325513 -0.004122
0.824 -0.00658262 -0.00613598 -0.00467202
0.826 -0.0073494 -0.00812764 -0.00435303
0.828 -0.00656716 -0.00847843 -0.00329344
0.83 -0.00410221 -0.0069262 -0.00168822
0.832 -0.000370329 -0.00379629 0.000227364
0.834 0.00377937 9.84536e-05 0.00221243
0.836 0.00732967 0.0037203 0.0040579
0.838 0.00941809 0.00614071 0.00561869
0.84 0.00960664 0.00683207 0.00683331
0.842 0.00800837 0.00582008 0.00772594
0.844 0.00523127 0.00364965 0.00839016
0.846 0.00216334 0.0011815 0.00895816
0.848 -0.000324306 -0.000706882 0.00956283
0.85 -0.00165415 -0.00141255 0.0103017
0.852 -0.00170661 -0.000793352 0.0112109
0.854 -0.000820754 0.000809698 0.0122547
0.856 0.000361665 0.00271474 0.0133313
0.858 0.00114831 0.00415089 0.0142919
0.86 0.00105225 0.00452861 0.0149672
0.862 -3.81683e-05 0.00363527 0.0151948
0.864 -0.00183146 0.00169225 0.0148415
0.866 -0.00375119 -0.00073925 0.0138186
0.868 -0.00515235 -0.00296381 0.0120888
0.87 -0.00555553 -0.00439239 0.00966918
0.872 -0.00481537 -0.00473314 0.00663118
0.874 -0.00316545 -0.00406855 0.00310186
0.876 -0.0011273 -0.00279766 -0.000735228
0.878 0.000680116 -0.0014703 -0.00464055
0.88 0.00175976 -0.000577255 -0.00832466
0.882 0.0019052 -0.000373603 -0.0114633
0.884 0.00125962 -0.000797296 -0.0137236
0.886 0.000246972 -0.00150865 -0.0147995
0.888 -0.00059653 -0.00203206 -0.0144529
0.89 -0.000827239 -0.00194524 -0.0125528
0.892 -0.000260582 -0.00104585 -0.00910438
0.894 0.000960299 0.000564477 -0.00426223
0.896 0.00241716 0.00250777 0.00167705
0.898 0.00357032 0.00425762 0.00830114
0.9 0.00395734 0.00532017 0.0151236
0.902 0.00336523 0.00540349 0.0216334
0.904 0.0019147 0.00451537 0.0273446
0.906 2.6747e-05 0.00295687 0.031839
0.908 -0.00171659 0.00121531 0.0347983
0.91 -0.00276873 -0.000203941 0.0360224
0.912 -0.00280423 -0.000947798 0.0354383
0.914 -0.00183027 -0.000929215 0.033098
0.916 -0.000186509 -0.000346625 0.0291711
0.918 0.0015655 0.00039541 0.0239319
0.92 0.00282526 0.00083492 0.0177416
0.922 0.00314676 0.000618358 0.0110249
0.924 0.00237895 -0.000372926 0.00423962
0.926 0.000708957 -0.00197694 -0.00215878
0.928 -0.00140271 -0.00379906 -0.00775611
0.93 -0.00337021 -0.00533525 -0.0122172
0.932 -0.00466337 -0.00612856 -0.0153168
0.934 -0.00496293 -0.00590763 -0.0169575
0.936 -0.00424315 -0.00466488 -0.0171728
0.938 -0.00276034 -0.0026531 -0.0161125
0.94 -0.00095733 -0.000306418 -0.0140146
0.942 0.000680425 0.00188545 -0.0111687
0.944 0.00176906 0.00350869 -0.00787755
0.946 0.00212713 0.00432403 -0.00442302
0.948 0.00180707 0.00430813 -0.00104195
0.95 0.00105535 0.00363293 0.00208687
0.952 0.000221321 0.00259721 0.00484512
0.954 -0.000352632 0.00153576 0.00716957
0.956 -0.000426041 0.00073383 0.00904274
0.958 8.37904e-05 0.000367769 0.0104824
0.96 0.00109364 0.000481067 0.0115319
0.962 0.00238744 0.000993438 0.0122509
0.964 0.00367409 0.00173261 0.0127069
0.966 0.00465128 0.00247665 0.0129641
0.968 0.00506134 0.00299765 0.0130724
0.97 0.00473236 0.0031021 0.0130553
0.972 0.00360462 0.00266664 0.0129009
0.974 0.00174433 0.00166755 0.0125592
0.976 -0.000654527 0.00019987 0.0119472
0.978 -0.00328349 -0.00152115 0.0109641
0.98 -0.00575264 -0.00318371 0.00951438
0.982 -0.00764673 -0.00443151 0.00753466
0.984 -0.00860077 -0.00493957 0.00501811
0.986 -0.00838282 -0.00449869 0.00203142
0.988 -0.00696327 -0.00308584 -0.00128085
0.99 -0.00454708 -0.000895828 -0.00470624
0.992 -0.00155133 0.00168344 -0.00798688
0.994 0.00147606 0.00415412 -0.0108507
0.996 0.00398154 0.00603321 -0.0130449
0.998 0.00554357 0.00698545 -0.0143667
0 1 1 1
0.002 0.920427 0.920464 0.980281
0.004 0.699032 0.699171 0.922619
0.006 0.383432 0.383709 0.831317
0.008 0.0397524 0.0401669 0.71301
0.01 -0.263146 -0.262635 0.575962
0.012 -0.469281 -0.468743 0.429272
0.014 -0.547326 -0.546842 0.282095
0.016 -0.496206 -0.495847 0.142951
0.018 -0.343691 -0.343505 0.0192004
0.02 -0.138582 -0.138578 -0.0833254
0.022 0.06167 0.0615224 -0.160512
0.024 0.205069 0.204831 -0.210015
0.026 0.257506 0.257256 -0.23122
0.028 0.210381 0.210196 -0.225144
0.03 0.0814664 0.0814059 -0.194324
0.032 -0.0910401 -0.090947 -0.142687
0.034 -0.259378 -0.259137 -0.075389
0.036 -0.37884 -0.378491 0.00141514
0.038 -0.418799 -0.418401 0.080884
0.04 -0.369553 -0.369171 0.155904
0.042 -0.24367 -0.24336 0.219584
0.044 -0.0718969 -0.0716962 0.265789
0.046 0.105115 0.105194 0.289666
0.048 0.247151 0.247118 0.288087
0.05 0.324259 0.324141 0.259959
0.052 0.323615 0.323446 0.206345
0.054 0.251774 0.251586 0.130379
0.056 0.131883 0.131702 0.036968
0.058 -0.00311851 -0.00327876 -0.0676636
0.06 -0.11928 -0.119416 -0.176534
0.062 -0.189994 -0.190113 -0.282498
0.064 -0.201874 -0.201985 -0.378805
0.066 -0.156946 -0.157061 -0.459576
0.068 -0.0709825 -0.0711104 -0.52016
0.07 0.0313119 0.0311654 -0.557372
0.072 0.122889 0.122721 -0.569588
0.074 0.181034 0.180844 -0.556742
0.076 0.192531 0.192321 -0.520223
0.078 0.156153 0.155928 -0.462703
0.08 0.0820573 0.0818286 -0.387915
0.082 -0.0115133 -0.0117268 -0.300399
0.084 -0.103141 -0.103313 -0.205217
0.086 -0.17338 -0.173479 -0.107657
0.088 -0.208865 -0.208862 -0.0129159
0.09 -0.204576 -0.204447 0.0741988
0.092 -0.164004 -0.163743 0.149557
0.094 -0.0975281 -0.0971488 0.209945
0.096 -0.0196142 -0.0191534 0.253243
0.098 0.054401 0.0548897 0.278525
0.1 0.111255 0.111711 0.286063
0.102 0.141929 0.142296 0.27725
0.104 0.142774 0.143018 0.254433
0.106 0.115593 0.115707 0.22069
0.108 0.0668329 0.0668436 0.179552
0.11 0.00619902 0.0061621 0.134719
0.112 -0.055014 -0.0550281 0.0897744
0.114 -0.105626 -0.10555 0.0479301
0.116 -0.136158 -0.135945 0.0118191
0.118 -0.140216 -0.139856 -0.0166529
0.12 -0.115596 -0.11512 -0.0363916
0.122 -0.0649743 -0.0644524 -0.0471279
0.124 0.0040123 0.00449049 -0.0493649
0.126 0.0795264 0.0798703 -0.044263
0.128 0.147232 0.147374 -0.0334737
0.13 0.192841 0.192756 -0.0189382
0.132 0.205108 0.204821 -0.00267299
0.134 0.178623 0.178206 0.0134325
0.136 0.115658 0.115213 0.027783
0.138 0.0264568 0.0260944 0.0391886
0.14 -0.0723043 -0.0724957 0.0469111
0.142 -0.160706 -0.160681 0.0506444
0.144 -0.219807 -0.219576 0.050442
0.146 -0.235987 -0.235612 0.0466098
0.148 -0.204394 -0.203978 0.0395878
0.15 -0.130623 -0.130276 0.0298438
0.152 -0.0300496 -0.0298673 0.0177981
0.154 0.0752113 0.0751766 0.00378872
0.156 0.161203 0.160955 -0.0119212
0.158 0.207794 0.207393 -0.0291063
0.16 0.203706 0.203252 -0.0475291
0.162 0.149556 0.149163 -0.0668963
0.164 0.0580024 0.0577705 -0.0868383
0.166 -0.049114 -0.0491261 -0.106915
0.168 -0.145972 -0.145762 -0.126646
0.17 -0.208996 -0.208621 -0.14555
0.172 -0.222584 -0.222144 -0.163182
0.174 -0.182933 -0.182546 -0.179146
0.176 -0.0990432 -0.0988191 -0.193093
0.178 0.00936007 0.00934862 -0.204681
0.18 0.116559 0.116293 -0.213531
0.182 0.197104 0.196621 -0.21917
0.184 0.232081 0.231467 -0.221005
0.186 0.213767 0.213131 -0.21833
0.188 0.147451 0.146903 -0.210382
0.19 0.04994 0.0495644 -0.196448
0.192 -0.0548138 -0.0549737 -0.176007
0.194 -0.141781 -0.141728 -0.148887
0.196 -0.191006 -0.190785 -0.115389
0.198 -0.192321 -0.191996 -0.0763757
0.2 -0.147499 -0.147142 -0.0332786
0.202 -0.0694415 -0.0691098 0.0119693
0.204 0.0213397 0.021615 0.0570757
0.206 0.102005 0.10222 0.0995874
0.208 0.153096 0.153266 0.137115
0.21 0.163224 0.163375 0.167553
0.212 0.131573 0.131724 0.18926
0.214 0.0676329 0.0677897 0.201191
0.216 -0.011651 -0.0115019 0.202944
0.218 -0.0864543 -0.0863406 0.194762
0.22 -0.139099 -0.139053 0.177472
0.222 -0.158232 -0.15828 0.152396
0.224 -0.141176 -0.141323 0.121245
0.226 -0.0939997 -0.0942274 0.0860113
0.228 -0.0294575 -0.0297275 0.0488593
0.23 0.0365487 0.0362872 0.0120234
0.232 0.0890196 0.088815 -0.0223009
0.234 0.11738 0.117264 -0.0520678
0.236 0.11763 0.11761 -0.0755003
0.238 0.092696 0.0927489 -0.0912115
0.24 0.0510366 0.0511186 -0.0983187
0.242 0.00403597 0.00409419 -0.0965347
0.244 -0.0370318 -0.0370432 -0.0862211
0.246 -0.0636454 -0.0637511 -0.0683895
0.248 -0.0716699 -0.0718654 -0.0446437
0.25 -0.0617104 -0.0619628 -0.0170643
0.252 -0.038283 -0.0385406 0.0119541
0.254 -0.00819092 -0.00839864 0.0398974
0.256 0.0213617 0.0212453 0.0643355
0.258 0.0444038 0.0443934 0.0831157
0.26 0.0572211 0.0572987 0.0945266
0.262 0.0586379 0.0587582 0.09742
0.264 0.0496604 0.0497632 0.0912832
0.266 0.0327408 0.0327702 0.0762613
0.268 0.0109796 0.0109021 0.0531313
0.27 -0.0124839 -0.0126665 0.023236
0.272 -0.0347748 -0.0350227 -0.0116183
0.274 -0.0533285 -0.0535722 -0.0492898
0.276 -0.0658363 -0.0659942 -0.0874494
0.278 -0.0702828 -0.0702837 -0.12374
0.28 -0.0652016 -0.0650057 -0.155936
0.282 -0.050143 -0.0497553 -0.182097
0.284 -0.0262035 -0.0256763 -0.200694
0.286 0.00362691 0.00420427 -0.210708
0.288 0.0345499 0.0350708 -0.21168
0.29 0.0606198 0.0609843 -0.203723
0.292 0.0759397 0.0760773 -0.187477
0.294 0.0761473 0.0760315 -0.164034
0.296 0.0597926 0.0594434 -0.134826
0.298 0.0291663 0.0286415 -0.101501
0.3 -0.00975524 -0.0103784 -0.0658057
0.302 -0.0483656 -0.0490127 -0.0294719
0.304 -0.0773173 -0.0779358 0.00587435
0.306 -0.0888196 -0.0893898 0.0387814
0.308 -0.0787624 -0.0792975 0.0680208
0.31 -0.0480772 -0.048612 0.0926221
0.312 -0.00289898 -0.00347193 0.111896
0.314 0.0466163 0.0459829 0.125454
0.316 0.0886123 0.087928 0.133216
0.318 0.112453 0.111764 0.135414
0.32 0.111493 0.11088 0.132574
0.322 0.0849555 0.08451 0.125479
0.324 0.0383436 0.0381521 0.115106
0.326 -0.01775 -0.0176329 0.102536
0.328 -0.0701911 -0.0697583 0.0888553
0.33 -0.106554 -0.105852 0.0750553
0.332 -0.118245 -0.117366 0.0619427
0.334 -0.102693 -0.101757 0.0500845
0.336 -0.0640293 -0.0631594 0.0397892
0.338 -0.012077 -0.0113755 0.0311289
0.34 0.0401199 0.0405906 0.0239964
0.342 0.0796041 0.0798297 0.0181841
0.344 0.0967987 0.0968096 0.0134674
0.346 0.0879234 0.0877807 0.0096744
0.348 0.0558953 0.0556716 0.00672791
0.35 0.00948358 0.00924365 0.00465282
0.352 -0.0390379 -0.0392519 0.00354966
0.354 -0.0770977 -0.0772715 0.00354381
0.356 -0.0950373 -0.0951813 0.00472461
0.358 -0.0884979 -0.0886361 0.00708954
0.36 -0.0593943 -0.0595515 0.0105065
0.362 -0.0152709 -0.0154603 0.0147017
0.364 0.0327524 0.0325352 0.019275
0.366 0.072882 0.0726584 0.0237371
0.368 0.0956333 0.095434 0.0275594
0.37 0.096124 0.0959782 0.0302262
0.372 0.0751087 0.0750339 0.0312785
0.374 0.0385358 0.0385314 0.0303447
0.376 -0.0041908 -0.00414322 0.027157
0.378 -0.0427278 -0.0426571 0.0215576
0.38 -0.0683911 -0.068325 0.0135006
0.382 -0.07617 -0.0761232 0.0030569
0.384 -0.0656878 -0.0656538 -0.00957642
0.386 -0.0409455 -0.0408954 -0.0240602
0.388 -0.00900675 -0.00889732 -0.0398972
0.39 0.0219597 0.0221725 -0.0564223
0.392 0.0447386 0.0450832 -0.0728073
0.394 0.0547017 0.0551765 -0.0880869
0.396 0.0506443 0.0512114 -0.10121
0.398 0.034698 0.0352861 -0.111111
0.4 0.0114437 0.011962 -0.116803
0.402 -0.0134487 -0.0130908 -0.117468
0.404 -0.0346472 -0.0345176 -0.112547
0.406 -0.0482774 -0.0484045 -0.101811
0.408 -0.0525083 -0.0528725 -0.0854001
0.41 -0.0475548 -0.0480931 -0.0638382
0.412 -0.0352239 -0.0358452 -0.0380087
0.414 -0.0182264 -0.0188342 -0.0091046
0.416 0.000501472 -1.41325e-05 0.021446
0.418 0.0182911 0.0179114 0.0520705
0.42 0.0329826 0.0327408 0.0811531
0.422 0.0429584 0.0428211 0.107138
0.424 0.0470892 0.0470045 0.128632
0.426 0.0447219 0.0446422 0.144495
0.428 0.0357866 0.0356893 0.153922
0.43 0.0210093 0.0209104 0.156503
0.432 0.00212641 0.00208034 0.152253
0.434 -0.018055 -0.0179689 0.141619
0.436 -0.035891 -0.0355927 0.125448
0.438 -0.0474887 -0.0469251 0.104925
0.44 -0.049578 -0.0487463 0.0814853
0.442 -0.0404722 -0.039431 0.0567014
0.444 -0.020834 -0.0196982 0.0321671
0.446 0.0060359 0.00711706 0.00938238
0.448 0.0345815 0.0354572 -0.0103459
0.45 0.0580612 0.0586152 -0.025981
0.452 0.0701161 0.0702963 -0.0368056
0.454 0.0664631 0.0662963 -0.0424456
0.456 0.046251 0.045838 -0.0428699
0.458 0.0126582 0.0121498 -0.0383735
0.46 -0.0275162 -0.0279563 -0.0295488
0.462 -0.0652513 -0.0654884 -0.0172471
0.464 -0.0914017 -0.0913649 -0.00253195
0.466 -0.0989889 -0.0986894 0.0133757
0.468 -0.0850976 -0.084626 0.0291657
0.47 -0.0518566 -0.0513594 0.0435178
0.472 -0.006192 -0.00583222 0.0551935
0.474 0.0416592 0.0417449 0.0631316
0.476 0.0805566 0.0802954 0.0665424
0.478 0.101206 0.10061 0.0649844
0.48 0.0985438 0.0977085 0.0584141
0.482 0.0731115 0.0721941 0.0471961
0.484 0.0310291 0.0302102 0.0320699
0.486 -0.0174609 -0.0180216 0.0140758
0.488 -0.0605188 -0.0607209 -0.00555189
0.49 -0.087658 -0.0874835 -0.0255079
0.492 -0.0923637 -0.0918796 -0.0445382
0.494 -0.0737146 -0.0730536 -0.0615445
0.496 -0.0365944 -0.0359201 -0.0756585
0.498 0.00956058 0.0100946 -0.0862792
0.5 0.0531599 0.0534466 -0.0930757
0.502 0.0833931 0.0833951 -0.0959596
0.504 0.0929429 0.0926959 -0.0950424
0.506 0.0797761 0.0793733 -0.0905862
0.508 0.0475552 0.0471172 -0.0829616
0.51 0.00458405 0.00422294 -0.0726173
0.512 -0.0384054 -0.0386177 -0.0600617
0.514 -0.0710204 -0.0710714 -0.0458534
0.516 -0.0857968 -0.0857356 -0.0305931
0.518 -0.0799554 -0.0798773 -0.0149099
0.52 -0.0559094 -0.055928 0.000561625
0.522 -0.0204425 -0.0206563 0.0152155
0.524 0.0171822 0.0167176 0.0285146
0.526 0.0476568 0.0469463 0.0400311
0.528 0.0639641 0.0630737 0.0494775
0.53 0.063015 0.0620565 0.0567215
0.532 0.0461986 0.0453039 0.0617791
0.534 0.0187588 0.018049 0.0647874
0.536 -0.0117728 -0.0122146 0.0659605
0.538 -0.0376214 -0.0377662 0.0655405
0.54 -0.0527283 -0.0526046 0.0637512
0.542 -0.0541265 -0.0538091 0.0607666
0.544 -0.042425 -0.0420147 0.0566981
0.546 -0.0213514 -0.0209492 0.0516038
0.548 0.00345003 0.00376534 0.0455139
0.55 0.0259877 0.0261747 0.0384675
0.552 0.0414212 0.0414804 0.0305489
0.554 0.047107 0.0470748 0.0219166
0.556 0.0429685 0.0429026 0.0128172
0.558 0.0311694 0.0311313 0.00358219
0.56 0.0152659 0.0153044 -0.00539181
0.562 -0.000868364 -0.000727813 -0.0136745
0.564 -0.0140209 -0.01378 -0.0208396
0.566 -0.0222726 -0.0219567 -0.0265033
0.568 -0.0251685 -0.0248179 -0.0303575
0.57 -0.0234636 -0.0231229 -0.0321961
0.572 -0.0186039 -0.0183119 -0.031934
0.574 -0.0121562 -0.0119394 -0.0296176
0.576 -0.00538138 -0.00525151 -0.0254291
0.578 0.000935039 0.000979718 -0.0196841
0.58 0.00639704 0.0063678 -0.0128226
0.582 0.0107544 0.0106675 -0.00539128
0.584 0.0136556 0.0135288 0.00198414
0.586 0.0145409 0.014391 0.00863653
0.588 0.0127504 0.0125931 0.0139047
0.59 0.00782512 0.0076747 0.0171868
0.592 -0.000117246 -0.000248233 0.0179949
0.594 -0.0100971 -0.0101993 0.0160038
0.596 -0.0202361 -0.0203055 0.0110888
0.598 -0.0280497 -0.0280906 0.00334521
0.6 -0.0310403 -0.0310662 -0.00691011
0.602 -0.0274442 -0.0274773 -0.0191581
0.604 -0.016909 -0.0169767 -0.0327126
0.606 -0.000867356 -0.000996043 -0.0467676
0.608 0.0175634 0.0173558 -0.0604509
0.61 0.0341941 0.0339048 -0.0728791
0.612 0.0447737 0.0444184 -0.0832106
0.614 0.0461408 0.0457535 -0.090695
0.616 0.0371949 0.0368215 -0.094718
0.618 0.0193852 0.019074 -0.094842
0.62 -0.00346427 -0.00367402 -0.0908414
0.622 -0.025996 -0.026084 -0.082731
0.624 -0.042635 -0.0426057 -0.0707835
0.626 -0.0490445 -0.0489267 -0.0555318
0.628 -0.0433274 -0.0431673 -0.0377512
0.63 -0.0266322 -0.0264824 -0.0184191
0.632 -0.00297142 -0.0028771 0.00134814
0.634 0.0217333 0.0217454 0.020377
0.636 0.0411487 0.0410775 0.0375303
0.638 0.0501835 0.050053 0.0518015
0.64 0.0463518 0.0462039 0.062398
0.642 0.0304678 0.0303497 0.0688033
0.644 0.00647018 0.00642001 0.0708105
0.646 -0.0195884 -0.0195541 0.0685234
0.648 -0.0411206 -0.0410137 0.0623294
0.65 -0.0527278 -0.0525882 0.0528482
0.652 -0.0516054 -0.0514929 0.0408675
0.654 -0.0382537 -0.0382347 0.0272733
0.656 -0.0163072 -0.0164394 0.0129851
0.658 0.00846626 0.00814674 -0.00110145
0.66 0.0297228 0.029209 -0.0141601
0.662 0.0422299 0.041544 -0.0254708
0.664 0.0432267 0.0424136 -0.0344486
0.666 0.0330921 0.0322069 -0.0406684
0.668 0.0151495 0.0142442 -0.0438857
0.67 -0.00531924 -0.00620788 -0.0440534
0.672 -0.0225639 -0.0234207 -0.0413295
0.674 -0.031938 -0.0327699 -0.0360733
0.676 -0.0311223 -0.0319525 -0.0288249
0.678 -0.0206765 -0.0215343 -0.0202668
0.68 -0.00378659 -0.00469705 -0.0111683
0.682 0.014695 0.0137203 -0.00231866
0.684 0.0296338 0.0286008 0.00554437
0.686 0.0370262 0.0359561 0.0118005
0.688 0.0350493 0.0339726 0.0159985
0.69 0.0244716 0.0234178 0.0178863
0.692 0.0083334 0.00732162 0.0174171
0.694 -0.00898159 -0.00995033 0.0147324
0.696 -0.0229996 -0.0239457 0.0101271
0.698 -0.0303699 -0.031334 0.00400353
0.7 -0.0297038 -0.0307413 -0.00317598
0.702 -0.0218245 -0.0229978 -0.0109329
0.704 -0.00939255 -0.0107628 -0.0188069
0.706 0.00395323 0.00233348 -0.0263795
0.708 0.0146684 0.0127603 -0.0332888
0.71 0.020271 0.0180519 -0.0392374
0.712 0.0199362 0.0174004 -0.0439967
0.714 0.0145696 0.011728 -0.0474101
0.716 0.00637701 0.0032564 -0.0493962
0.718 -0.00190759 -0.00526539 -0.0499494
0.72 -0.00787949 -0.0114183 -0.049138
0.722 -0.010141 -0.0137921 -0.0470958
0.724 -0.00860707 -0.0122921 -0.0440067
0.726 -0.00437248 -0.00800826 -0.040083
0.728 0.000784187 -0.00272081 -0.0355409
0.73 0.00507447 0.00177352 -0.0305758
0.732 0.00731845 0.00428092 -0.0253438
0.734 0.00730366 0.00457196 -0.0199523
0.736 0.00577408 0.00337428 -0.0144628
0.738 0.0040667 0.0020128 -0.00890362
0.74 0.0035328 0.00183368 -0.0032913
0.742 0.00495354 0.00362053 0.00234608
0.744 0.00816194 0.00721454 0.00794836
0.746 0.0120142 0.011482 0.0134109
0.748 0.0147361 0.0146553 0.0185827
0.75 0.0145406 0.0149465 0.0232755
0.752 0.0103152 0.0112314 0.0272813
0.754 0.0021444 0.00357266 0.0303943
0.756 -0.00852819 -0.00661465 0.0324326
0.758 -0.0191812 -0.0168384 0.0332556
0.76 -0.0268862 -0.0241934 0.0327767
0.762 -0.0291833 -0.0262303 0.0309684
0.764 -0.0248971 -0.0217698 0.0278647
0.766 -0.0146347 -0.0114 0.0235607
0.768 -0.000784052 0.00251977 0.0182135
0.77 0.0130247 0.0163901 0.0120431
0.772 0.0228708 0.0263145 0.00533397
0.774 0.025653 0.029202 -0.00156691
0.776 0.0200384 0.0237122 -0.00825877
0.778 0.00696333 0.0107568 -0.0143056
0.78 -0.0104856 -0.00661367 -0.019266
0.782 -0.0278061 -0.0239365 -0.0227333
0.784 -0.040249 -0.0364954 -0.0243804
0.786 -0.0441086 -0.0406028 -0.0240041
0.788 -0.037778 -0.0346504 -0.0215602
0.79 -0.0222676 -0.0196279 -0.0171816
0.792 -0.00102688 0.00105044 -0.0111773
0.794 0.0209005 0.0223826 -0.00400855
0.796 0.0381746 0.039067 0.00375377
0.798 0.0465632 0.0468994 0.0114838
0.8 0.0440702 0.0438963 0.0185601
0.802 0.0314762 0.0308366 0.0244211
0.804 0.0121365 0.0110643 0.0286092
0.806 -0.00890896 -0.0103934 0.0308002
0.808 -0.0262731 -0.028156 0.0308176
0.81 -0.0356416 -0.0379031 0.0286329
0.812 -0.0348911 -0.037491 0.0243577
0.814 -0.0246069 -0.027473 0.0182302
0.816 -0.0078696 -0.0108937 0.0106002
0.818 0.0106208 0.00757899 0.00191272
0.82 0.0258375 0.022937 -0.00730912
0.822 0.0337771 0.031177 -0.0164865
0.824 0.0325 0.0303395 -0.0250129
0.826 0.022585 0.0209677 -0.0322911
0.828 0.0068888 0.00587372 -0.0377764
0.83 -0.0103043 -0.0107018 -0.0410239
0.832 -0.0244885 -0.0242879 -0.041734
0.834 -0.0321573 -0.0313996 -0.0397872
0.836 -0.0317027 -0.0304363 -0.0352648
0.838 -0.0237592 -0.0220306 -0.0284479
0.84 -0.0109204 -0.00877157 -0.0197952
0.842 0.00306754 0.00559437 -0.00990146
0.844 0.0143917 0.0172435 0.000558291
0.846 0.0202222 0.0233234 0.0108904
0.848 0.0194359 0.0226799 0.0204424
0.85 0.0128269 0.0160747 0.028653
0.852 0.00276768 0.00585598 0.035089
0.854 -0.00755262 -0.00479526 0.0394655
0.856 -0.0150776 -0.012809 0.0416519
0.858 -0.0177391 -0.0160818 0.0416656
0.86 -0.0149803 -0.0140054 0.0396579
0.862 -0.00781756 -0.00753719 0.0358952
0.864 0.0015527 0.00118146 0.0307373
0.866 0.0104598 0.00952187 0.0246143
0.868 0.016555 0.0151587 0.0180006
0.87 0.0184598 0.0167175 0.0113864
0.872 0.0160843 0.0140982 0.00524573
0.874 0.0105416 0.00839709 3.21339e-06
0.876 0.00371101 0.00147917 -0.00399921
0.878 -0.00239678 -0.00464969 -0.00653029
0.88 -0.00626369 -0.00846403 -0.00748866
0.882 -0.00728607 -0.00934294 -0.00690938
0.884 -0.00587424 -0.00767652 -0.00495601
0.886 -0.00321705 -0.00463975 -0.00189871
0.888 -0.000805203 -0.00172461 0.00191865
0.89 0.000119989 -0.000194404 0.00611763
0.892 -0.000992945 -0.000643443 0.0103246
0.894 -0.00381953 -0.00280551 0.014205
0.896 -0.00728495 -0.00566961 0.0174888
0.898 -0.00995505 -0.00785912 0.0199848
0.9 -0.0105587 -0.00814362 0.0215842
0.902 -0.00846449 -0.00590902 0.0222558
0.904 -0.00394916 -0.00142473 0.0220361
0.906 0.00183856 0.00418754 0.0210169
0.908 0.00721431 0.00928129 0.0193322
0.91 0.0104929 0.0122095 0.0171467
0.912 0.0105515 0.0118789 0.0146437
0.914 0.00723686 0.00815277 0.012013
0.916 0.00147854 0.00196416 0.00943698
0.918 -0.00494235 -0.00490912 0.00707536
0.92 -0.00990858 -0.0103517 0.00504966
0.922 -0.011616 -0.0125517 0.00342989
0.924 -0.00915887 -0.01058 0.00222632
0.926 -0.00286545 -0.00472639 0.00138911
0.928 0.00572847 0.00352207 0.000817259
0.93 0.0142762 0.0118681 0.000376657
0.932 0.0202797 0.0178521 -7.53668e-05
0.934 0.0218222 0.0195749 -0.000663017
0.936 0.0181562 0.0162797 -0.00146765
0.938 0.00996611 0.00861522 -0.00251077
0.94 -0.000782337 -0.00150827 -0.00374774
0.942 -0.0113701 -0.0114363 -0.00507339
0.944 -0.019084 -0.0185169 -0.00633804
0.946 -0.0219868 -0.02086 -0.00737067
0.948 -0.0194739 -0.0178886 -0.00800451
0.95 -0.0124499 -0.010515 -0.00810044
0.952 -0.00306957 -0.000887506 -0.00756448
0.954 0.00588606 0.00822398 -0.00635763
0.956 0.0118183 0.0142278 -0.00449804
0.958 0.0130689 0.0154623 -0.00205724
0.96 0.00940434 0.0116779 0.000847023
0.962 0.00208038 0.00410786 0.00405903
0.964 -0.00653278 -0.00489851 0.00739301
0.966 -0.0136574 -0.0125708 0.0106406
0.968 -0.0169392 -0.016539 0.013579
0.97 -0.0151566 -0.0155383 0.015982
0.972 -0.00859816 -0.0097882 0.0176346
0.974 0.00100664 -0.000933295 0.018352
0.976 0.0109862 0.00844136 0.0180023
0.978 0.0185102 0.0155777 0.0165283
0.98 0.0214288 0.0183694 0.0139659
0.982 0.0189172 0.0159995 0.0104532
0.984 0.0117339 0.00919772 0.00622782
0.986 0.00201046 3.78533e-05 0.00161074
0.988 -0.00736861 -0.00866901 -0.00302278
0.99 -0.0136164 -0.0142102 -0.00728058
0.992 -0.0148758 -0.0147901 -0.0107945
0.994 -0.0107865 -0.0100899 -0.0132583
0.996 -0.00261765 -0.00139794 -0.0144577
0.998 0.00708053 0.008733 -0.0142875
