    2.9987174516e+02    9.5523754989e+02   -2.2412209695e+09    1.2322937685e-03    1.5224987773e-05    8.2412473987e-04   -9.4727511900e-04   -3.7623974270e-04   -6.0036207514e-03    1.3734424135e+02    2.3777534943e+02    2.0680000000e+02
    2.9926784669e+02    9.5331383916e+02   -4.4818899415e+09   -5.7943306049e-03   -3.4966019022e-04   -9.2236858136e-04    1.2683365112e-03    5.5230788511e-04   -1.6880521533e-03    1.3734053524e+02    2.3776793275e+02    2.0680000000e+02
    3.0064880194e+02    9.5771285415e+02   -6.7226015248e+09    3.4569366179e-03    2.8325533228e-03    5.3347795463e-04   -2.1078912308e-04   -6.9346442793e-04    1.9826643670e-03    1.3733486260e+02    2.3784753438e+02    2.0680000000e+02
    3.0137270175e+02    9.6001882760e+02   -8.9640119237e+09    7.9116939323e-03    3.8972561105e-03   -2.2455854604e-04    5.8535441103e-04    1.7098276354e-04    4.8252866838e-03    1.3732008413e+02    2.3786786074e+02    2.0680000000e+02
    3.0140237780e+02    9.6011336028e+02   -1.1205307175e+10   -2.8466583394e-03    4.6199610390e-03    3.2109131999e-04   -6.2918524564e-04   -8.9929851202e-04    4.6209817114e-03    1.3739418344e+02    2.3780015975e+02    2.0680000000e+02
    2.9894535157e+02    9.5228653513e+02   -1.3445680164e+10   -4.9072880094e-04   -4.3962451994e-03    4.8715315216e-04    5.1388350211e-04   -4.0118494017e-04    4.2301810126e-03    1.3742721344e+02    2.3779594550e+02    2.0680000000e+02
    3.0145761666e+02    9.6028932295e+02   -1.5686546832e+10   -6.8215200221e-03    3.6934725298e-03    4.9999939175e-04    8.7056260435e-04    6.5054512682e-04   -4.7960014673e-03    1.3742272755e+02    2.3770952871e+02    2.0680000000e+02
    3.0139910091e+02    9.6010292181e+02   -1.7924721718e+10   -4.2453471427e-03    6.8597460291e-03    8.3816109213e-04   -5.0792982060e-04   -1.3798854181e-03    8.3807836540e-04    1.3736215697e+02    2.3787379192e+02    2.0680000000e+02
    2.9946118484e+02    9.5392971533e+02   -2.0166541279e+10    6.0260107619e-03    5.1906771990e-03   -8.3794026699e-05    1.2165183181e-03    6.5213477534e-04    2.2272514684e-03    1.3736227952e+02    2.3786281993e+02    2.0680000000e+02
    3.0025567651e+02    9.5646055822e+02   -2.2408080616e+10    8.2226593221e-04    1.0412203647e-03   -7.1505368872e-04   -6.2571293130e-04   -7.1899955190e-04    3.8172512582e-03    1.3736746684e+02    2.3781867149e+02    2.0680000000e+02
    3.0059906929e+02    9.5755443147e+02   -2.4649906519e+10   -1.0709694624e-03   -3.7489163214e-04    5.6585542028e-05    9.8687720251e-04    9.8044634141e-04   -6.6456358381e-04    1.3737134393e+02    2.3779972957e+02    2.0680000000e+02
    3.0016062100e+02    9.5615776012e+02   -2.6887885040e+10    4.9862380780e-03    1.2743005186e-04    3.0361095864e-04   -1.2868749141e-03    3.9095724647e-04   -9.5895655091e-04    1.3735894896e+02    2.3798774283e+02    2.0680000000e+02
    2.9983414393e+02    9.5511777167e+02   -2.9130214698e+10    2.6916800751e-03    3.8153043506e-03    4.5769977584e-04   -8.6116635007e-04    1.3469254231e-04    2.4334635725e-03    1.3730658239e+02    2.3786787525e+02    2.0680000000e+02
    3.0110468300e+02    9.5916505737e+02   -3.1370641029e+10    2.9412152024e-03    1.8643638380e-03   -3.9212169582e-04   -5.6338093909e-04    3.8045299505e-04    2.8024031920e-03    1.3737149642e+02    2.3785750585e+02    2.0680000000e+02
    2.9812410423e+02    9.4967046240e+02   -3.3608657864e+10   -2.4221488300e-03   -3.6469502365e-03    1.4119478549e-04    3.6203211112e-04    1.2624507044e-03   -2.7324251861e-03    1.3735323462e+02    2.3794176898e+02    2.0680000000e+02
    2.9984721341e+02    9.5515940432e+02   -3.5852237297e+10   -9.5579206145e-04   -5.2659552219e-03   -5.7321247512e-04   -1.4997572821e-04    8.5147886422e-04   -1.7537243200e-03    1.3732854290e+02    2.3790844392e+02    2.0680000000e+02
    3.0110843096e+02    9.5917699643e+02   -3.8093036755e+10    4.7507059547e-03   -3.9907841737e-03   -1.0673610182e-03    2.2186319506e-04   -8.1156542605e-05   -4.4590932131e-04    1.3728307684e+02    2.3791636278e+02    2.0680000000e+02
    2.9971879612e+02    9.5475033269e+02   -4.0333944839e+10   -1.2590707595e-03    6.3244648072e-04   -9.6596833857e-04    2.9781923052e-04   -4.9215986838e-05   -2.0535003980e-03    1.3733868831e+02    2.3786825672e+02    2.0680000000e+02
    3.0273074236e+02    9.6434484834e+02   -4.2576212694e+10   -7.6608301022e-04    5.9585133722e-03   -2.2940672826e-04   -3.2745443557e-04   -3.2993138525e-04    1.3356876235e-03    1.3733814539e+02    2.3787265727e+02    2.0680000000e+02
    3.0009627889e+02    9.5595279918e+02   -4.4815171214e+10    3.5687877674e-03   -1.5003634066e-03    7.5364665101e-04    1.2164138917e-04    5.5779159111e-06    1.5624080667e-03    1.3734066329e+02    2.3789623795e+02    2.0680000000e+02
    2.9963882183e+02    9.5449557563e+02   -4.7053053852e+10    3.0037837750e-03   -9.7057212395e-04    5.4882943648e-04   -1.0604766019e-04    4.3602061929e-04   -3.5163197259e-04    1.3733422535e+02    2.3794098889e+02    2.0680000000e+02
    3.0143664390e+02    9.6022251449e+02   -4.9296203842e+10    4.6380950542e-03   -3.7164928185e-03   -3.1159141917e-04   -3.2981384714e-04   -9.8932980026e-05    7.1138287452e-05    1.3727650307e+02    2.3799458518e+02    2.0680000000e+02
    2.9839854308e+02    9.5054468380e+02   -5.1537717889e+10   -3.4572591557e-04   -3.2762061055e-03   -7.0434559333e-04   -3.0390136629e-04    1.0770316929e-04    1.5400300192e-03    1.3728396723e+02    2.3790751852e+02    2.0680000000e+02
    3.0029333216e+02    9.5658050979e+02   -5.3775546611e+10    5.3077706951e-03    5.2393698758e-03    1.0289022355e-04   -5.6610495128e-04   -6.7468557417e-04   -5.2516101164e-03    1.3729338190e+02    2.3789468002e+02    2.0680000000e+02
    3.0159069970e+02    9.6071325724e+02   -5.6016052159e+10    2.0075254892e-03    3.6024314576e-03    2.1313597125e-05    3.4963309960e-04   -2.4091345117e-04   -5.4693215715e-03    1.3734033116e+02    2.3798938607e+02    2.0680000000e+02
    2.9996995680e+02    9.5555040180e+02   -5.8259254000e+10    1.3820242788e-03   -4.1825012319e-03   -2.7890233119e-04   -7.4640657532e-04   -1.1532509434e-03   -8.2322473641e-04    1.3732363366e+02    2.3789091450e+02    2.0680000000e+02
    2.9972867830e+02    9.5478181228e+02   -6.0501500522e+10    3.9865326853e-03   -2.1405865091e-03    2.7839463778e-04    1.1429180706e-04    7.7933415920e-04    1.5031695207e-03    1.3738988289e+02    2.3787941187e+02    2.0680000000e+02
    2.9834070201e+02    9.5036043181e+02   -6.2741015282e+10    2.6487544224e-04    9.9798034977e-04    1.5712311050e-04    6.7656607753e-04    1.0639774792e-03    1.7901402606e-03    1.3733926173e+02    2.3789145658e+02    2.0680000000e+02
    2.9981851373e+02    9.5506798186e+02   -6.4980657071e+10    9.8041536072e-03    2.5982000740e-04    2.3453590412e-04    1.1219860812e-04   -6.9603884495e-04    9.7172661615e-04    1.3731213515e+02    2.3786586260e+02    2.0680000000e+02
    3.0322362520e+02    9.6591492022e+02   -6.7222362725e+10    2.6545354069e-03   -4.6223164993e-03   -7.5500395868e-04   -4.6309477394e-04   -8.2642552492e-04    1.5875871941e-03    1.3736834476e+02    2.3792404041e+02    2.0680000000e+02
    2.9705247981e+02    9.4625681671e+02   -6.9459642930e+10    2.7205958271e-03    7.7403361026e-04   -2.1025338422e-05   -1.4289759127e-04    5.4663824147e-04   -1.0801229666e-05    1.3735505241e+02    2.3795839214e+02    2.0680000000e+02
    3.0138870702e+02    9.6006981220e+02   -7.1701501065e+10    1.2041644998e-03    1.1721508835e-03    2.4336244558e-04   -3.9432579588e-04   -3.0085367826e-04    3.0560939290e-03    1.3734244572e+02    2.3796677867e+02    2.0680000000e+02
    2.9785709933e+02    9.4881992176e+02   -7.3941003114e+10    1.9729522090e-04   -5.4512080937e-03    5.0764290531e-04    9.1895976930e-04   -4.0655801462e-05   -1.7982658894e-03    1.3730003448e+02    2.3795414942e+02    2.0680000000e+02
    2.9976138074e+02    9.5488598546e+02   -7.6182678446e+10   -1.6769598807e-03   -4.8014501678e-03    2.8156326963e-04   -3.0225901340e-04    2.9370992547e-04   -2.5743304517e-03    1.3733311434e+02    2.3790370242e+02    2.0680000000e+02
    2.9924229913e+02    9.5323245774e+02   -7.8425384759e+10    9.4772329787e-04   -3.5640719734e-03   -1.2939305194e-03    6.8031846084e-04   -4.6040482245e-04   -1.2319788755e-03    1.3734167117e+02    2.3789544189e+02    2.0680000000e+02
    3.0019074708e+02    9.5625372636e+02   -8.0663898359e+10    3.7656471681e-03   -1.6534918899e-03   -6.0065251930e-04   -6.2960669050e-04    2.5703940406e-04   -6.3255537943e-04    1.3736039022e+02    2.3789999529e+02    2.0680000000e+02
    2.9937388882e+02    9.5365163497e+02   -8.2905560748e+10   -1.0119031458e-03    6.1695670024e-03   -3.4392795154e-04   -5.3182037910e-04   -1.6868128436e-04    2.1612452402e-03    1.3740552879e+02    2.3789851615e+02    2.0680000000e+02
    3.0015792167e+02    9.5614916146e+02   -8.5145118184e+10   -7.3166568593e-03   -4.4392262103e-03    1.9821137699e-04    8.9858540896e-04    2.8884585611e-04   -1.6433019273e-03    1.3742926450e+02    2.3791954064e+02    2.0680000000e+02
    2.9922520327e+02    9.5317799910e+02   -8.7386200823e+10   -2.4294956890e-05    1.3789223394e-03   -1.0622558813e-04    2.4130638450e-04    1.4319181593e-04   -2.0437504091e-03    1.3742283143e+02    2.3793377920e+02    2.0680000000e+02
    3.0021292192e+02    9.5632436401e+02   -8.9626868535e+10   -6.0734905900e-04   -6.2992683376e-03    1.0662759839e-04   -9.5682316171e-04    8.2274064400e-05    6.6124618948e-04    1.3738736762e+02    2.3797399665e+02    2.0680000000e+02
    2.9931055653e+02    9.5344989079e+02   -9.1867694998e+10   -6.6086685276e-04   -4.5754921682e-03   -2.9779485186e-04    9.5243296106e-04   -1.8799203761e-04   -2.2563926004e-04    1.3735593656e+02    2.3793910018e+02    2.0680000000e+02
    3.0142379947e+02    9.6018159875e+02   -9.4108541001e+10    9.5147678067e-04   -5.5937404373e-03    1.9001444488e-04   -4.7698400766e-04    4.6617212784e-04    3.0212958375e-03    1.3733089820e+02    2.3795167606e+02    2.0680000000e+02
    2.9943995345e+02    9.5386208300e+02   -9.6349583800e+10   -4.7686684836e-03   -2.6100939588e-03   -7.7277328736e-05    3.2399274110e-05    1.9687576199e-05    5.1050489874e-03    1.3736897778e+02    2.3798551839e+02    2.0680000000e+02
    3.0009633013e+02    9.5595296240e+02   -9.8593976018e+10    1.0036829729e-03   -2.2371048947e-03    1.2624227208e-04   -3.0234789070e-04   -8.3596106355e-04    2.8963571441e-03    1.3731281740e+02    2.3795646567e+02    2.0680000000e+02
    2.9905854731e+02    9.5264711870e+02   -1.0083315051e+11    5.5762552644e-03   -2.3306645748e-03    2.3069172528e-04   -6.6548131983e-04    6.8949763133e-04   -2.1502645485e-03    1.3731851325e+02    2.3798135041e+02    2.0680000000e+02
    3.0044560679e+02    9.5706557865e+02   -1.0307214165e+11    2.3092713041e-03   -3.0465518187e-03    3.7394224739e-04   -1.0476551521e-03   -7.9304596173e-04   -1.7020351441e-03    1.3732348333e+02    2.3796021665e+02    2.0680000000e+02
    2.9796892659e+02    9.4917614604e+02   -1.0531666717e+11    1.7889504383e-03   -1.7891816992e-03   -9.4026161100e-04    1.7965762378e-04    3.3139174861e-04   -2.1232497295e-03    1.3731040788e+02    2.3794050840e+02    2.0680000000e+02
    2.9932619383e+02    9.5349970320e+02   -1.0755781279e+11    2.2715441110e-03   -2.7110478217e-03   -8.3418166816e-04   -4.5132490382e-04   -3.3813703494e-04   -4.5334655819e-03    1.3738422821e+02    2.3795784852e+02    2.0680000000e+02
    3.0090544718e+02    9.5853039424e+02   -1.0979484027e+11   -2.0019082023e-04   -2.2845013960e-03   -2.1642138747e-04    4.4023280682e-05    2.6252475145e-04    5.7649158660e-04    1.3740121492e+02    2.3792322965e+02    2.0680000000e+02
    2.9911219072e+02    9.5281799907e+02   -1.1203559357e+11   -1.7295655801e-03   -3.6315544790e-03    2.1110646238e-04   -1.0084294359e-03   -9.4238728989e-04    3.7369528098e-03    1.3738278179e+02    2.3789244614e+02    2.0680000000e+02
    3.0195330934e+02    9.6186834556e+02   -1.1427643308e+11   -2.7023114198e-03    5.7379134279e-03    9.5098897127e-04   -1.6321496792e-03   -1.1904307260e-04    2.0581149411e-03    1.3743272109e+02    2.3796644138e+02    2.0680000000e+02
    2.9989046959e+02    9.5529719631e+02   -1.1652088216e+11    4.0797701763e-03    6.4290497591e-03    1.4932772864e-04    4.3385122384e-04    7.7693546470e-05    3.9155175265e-03    1.3737000671e+02    2.3790568984e+02    2.0680000000e+02
    2.9933726499e+02    9.5353497024e+02   -1.1875824650e+11   -5.0685499597e-03   -1.3202463371e-03   -3.9568111023e-04    3.7779109919e-04    2.0558770384e-04    3.1502573829e-03    1.3734525530e+02    2.3796147570e+02    2.0680000000e+02
    3.0093812948e+02    9.5863450330e+02   -1.2100000396e+11   -3.1190851036e-03    2.7567055167e-03    3.1628692159e-04   -3.3565057417e-05    1.2899218486e-04    2.4686115107e-04    1.3736468094e+02    2.3784880278e+02    2.0680000000e+02
    3.0124890897e+02    9.5962448733e+02   -1.2323954263e+11   -3.2865581551e-04   -1.4937425073e-03    3.3082853442e-04   -3.2572390448e-05   -1.0268029390e-03    6.0678103520e-04    1.3732084656e+02    2.3788999007e+02    2.0680000000e+02
    2.9914866147e+02    9.5293417617e+02   -1.2548223090e+11    3.9760792557e-03   -9.7469437287e-04    2.9549606417e-04    1.2540119211e-04    4.7157959212e-04   -1.4078886327e-03    1.3737570684e+02    2.3791127919e+02    2.0680000000e+02
    2.9986415356e+02    9.5521336696e+02   -1.2772167908e+11    5.8417063723e-03   -3.7331662569e-03    3.1307699098e-04    4.5210760503e-04   -2.4619981253e-04   -2.7042987968e-03    1.3733200361e+02    2.3792641074e+02    2.0680000000e+02
    3.0039710119e+02    9.5691106470e+02   -1.2996459147e+11    9.3300058891e-03    4.6440593105e-03    1.3070152505e-04    1.8975273111e-04    1.8736185609e-04    1.8848564045e-04    1.3729332639e+02    2.3783847810e+02    2.0680000000e+02
    2.9938208423e+02    9.5367774136e+02   -1.3220812157e+11   -6.5471822481e-04    1.0229597315e-03   -8.5219090913e-04   -1.1496364195e-03   -5.5614120062e-05    4.8009534524e-03    1.3736930265e+02    2.3782966238e+02    2.0680000000e+02
    2.9989061916e+02    9.5529767277e+02   -1.3445019960e+11    2.6310552995e-03   -1.8339915911e-03   -6.9512091571e-04    2.1068333435e-04    8.1246579439e-04    1.5877516272e-03    1.3738846390e+02    2.3782830774e+02    2.0680000000e+02
    2.9902613031e+02    9.5254385475e+02   -1.3668623983e+11   -2.3958821492e-03    7.6010056381e-03    1.5329749129e-04   -1.8835871510e-04   -7.8462547039e-04   -9.8101213731e-04    1.3732243436e+02    2.3781939037e+02    2.0680000000e+02
    2.9813014442e+02    9.4968970334e+02   -1.3892609540e+11   -3.8083807780e-03    4.3896888599e-03   -2.8806004849e-04    2.3890260999e-04    5.9489481350e-04    7.3705847663e-04    1.3730583972e+02    2.3788163053e+02    2.0680000000e+02
    3.0011578602e+02    9.5601493886e+02   -1.4116972655e+11   -6.6395314304e-03   -1.5904443549e-03   -2.8641992781e-04    7.9333160177e-04   -1.8661823462e-04   -2.2751855452e-03    1.3737508092e+02    2.3784776671e+02    2.0680000000e+02
    2.9790193635e+02    9.4896274951e+02   -1.4341401046e+11   -3.0464129061e-03    8.3707470553e-03   -1.7498906411e-04    1.5269873524e-03    4.0179212939e-04   -1.6178727995e-03    1.3739587184e+02    2.3778192511e+02    2.0680000000e+02
    2.9700586455e+02    9.4610832442e+02   -1.4565604248e+11   -4.6223691306e-03    9.3962690766e-04    5.3930568059e-04   -4.1705329544e-04   -8.5380068096e-05    3.3100332705e-03    1.3738689220e+02    2.3773307976e+02    2.0680000000e+02
    2.9834227066e+02    9.5036542872e+02   -1.4789756398e+11    6.1424297404e-04    4.4610469084e-03    9.6369677125e-04   -2.7327008798e-04   -8.3541399646e-05    7.0342521691e-03    1.3738518312e+02    2.3778420594e+02    2.0680000000e+02
    3.0069248735e+02    9.5785201346e+02   -1.5013664708e+11    1.0003741962e-03   -4.6131496323e-04    1.1625680814e-04   -1.2233218437e-04   -5.0050187345e-04    5.1186851529e-03    1.3731586550e+02    2.3789839325e+02    2.0680000000e+02
    3.0056941483e+02    9.5745996756e+02   -1.5237460161e+11   -5.6607777450e-03    5.2279590404e-03   -8.9306340128e-05    4.5967915453e-04    5.8304266076e-04    5.0292344364e-03    1.3734314902e+02    2.3792670722e+02    2.0680000000e+02
    3.0102097221e+02    9.5889839772e+02   -1.5461465266e+11   -1.4304200431e-03    2.5658273799e-03    4.2359539532e-04   -4.5873231306e-04    5.0937639231e-04    1.7812640303e-03    1.3735509131e+02    2.3793929781e+02    2.0680000000e+02
    3.0150521596e+02    9.6044094990e+02   -1.5685863398e+11   -4.1940596757e-03    2.0363593022e-03   -5.1755316680e-04    8.3575915310e-04    1.2442945624e-03   -5.9412741802e-03    1.3739901343e+02    2.3785648219e+02    2.0680000000e+02
    2.9917911018e+02    9.5303117015e+02   -1.5910213349e+11    5.2554824514e-03    7.9463297679e-03   -6.5455785253e-04    8.7880289173e-04    3.1711751822e-04   -3.2958110887e-03    1.3736761151e+02    2.3781991239e+02    2.0680000000e+02
    3.0154229568e+02    9.6055906687e+02   -1.6134368185e+11   -8.1615511090e-03   -3.8833027080e-03   -5.9775570438e-04    2.1606521797e-04    1.8454839222e-04   -8.7849902341e-04    1.3737821663e+02    2.3785713379e+02    2.0680000000e+02
    2.9868786199e+02    9.5146630542e+02   -1.6358972321e+11   -1.7739489142e-03   -1.1686731177e-03   -9.4309047742e-04    1.7860266216e-04    2.6735185853e-04   -2.7277023301e-04    1.3737685147e+02    2.3788075631e+02    2.0680000000e+02
    2.9852715031e+02    9.5095436047e+02   -1.6582358081e+11    3.9773438435e-03    6.0067818638e-03    3.6963620693e-04   -7.5186436672e-05    1.2025106263e-03    2.3567570003e-03    1.3735578232e+02    2.3779335554e+02    2.0680000000e+02
    2.9909994108e+02    9.5277897801e+02   -1.6806540343e+11   -4.3280542938e-03   -4.3891742638e-04   -1.7331056194e-04   -2.3448191264e-04   -7.3110371354e-04    6.9567710290e-04    1.3739866637e+02    2.3784511245e+02    2.0680000000e+02
    2.9785272772e+02    9.4880599604e+02   -1.7031841888e+11   -2.9268528187e-03    2.5002590293e-03    2.9851226119e-04    5.1995733539e-04    1.1121948109e-03   -3.2561482152e-03    1.3737899039e+02    2.3788223228e+02    2.0680000000e+02
    2.9911864612e+02    9.5283856268e+02   -1.7255291723e+11    2.7407334349e-03   -1.4551718635e-03    2.2871718824e-04    4.9555504411e-04   -8.4116438642e-04   -1.5587161780e-03    1.3733882650e+02    2.3782014714e+02    2.0680000000e+02
    2.9728155944e+02    9.4698654691e+02   -1.7478727298e+11    1.0037357118e-02    6.7890765377e-04   -1.0942432142e-05    4.8264005972e-04   -7.5790670075e-04   -2.3017238114e-03    1.3731725000e+02    2.3780791236e+02    2.0680000000e+02
    2.9766792311e+02    9.4821730336e+02   -1.7703134763e+11    5.7111000868e-03    3.6571928118e-03    4.9140436003e-04   -5.8467521372e-04    7.0685158747e-04    2.9358509303e-03    1.3731525125e+02    2.3782970984e+02    2.0680000000e+02
    3.0057326314e+02    9.5747222631e+02   -1.7927168014e+11    2.4517331798e-03    3.9029031163e-03    8.3683085859e-04    1.1706010178e-03   -2.6695253191e-04   -8.6966470465e-05    1.3738487790e+02    2.3778300992e+02    2.0680000000e+02
    3.0107498671e+02    9.5907046022e+02   -1.8150919108e+11   -2.3412199567e-03    5.5407270260e-03   -2.1349411702e-04    5.5597545832e-04   -9.0640577531e-05   -6.7706287290e-04    1.3733575204e+02    2.3776243966e+02    2.0680000000e+02
    3.0013500631e+02    9.5607616486e+02   -1.8374899758e+11   -4.8867228240e-03    5.0088292815e-03   -2.0319797397e-04   -2.7736378444e-04    6.3393834320e-04   -1.3163326157e-03    1.3735099730e+02    2.3779220498e+02    2.0680000000e+02
    2.9891514438e+02    9.5219031052e+02   -1.8599671430e+11   -2.9784578769e-03    4.5342735421e-03    1.3259563844e-04   -4.4884293777e-04   -2.5985005530e-04    3.2094073472e-04    1.3734942014e+02    2.3783317671e+02    2.0680000000e+02
    3.0124260914e+02    9.5960441930e+02   -1.8826739792e+11   -1.6270082990e-03   -1.2971831870e-03   -5.0775192755e-04   -2.2091218326e-04    5.1100899158e-04   -6.6532787252e-04    1.3736908438e+02    2.3791510556e+02    2.0680000000e+02
    3.0169524477e+02    9.6104628420e+02   -1.9049758032e+11   -6.3935139444e-03   -5.8994631308e-03    2.6019467902e-04    9.4516208357e-04   -3.2987454358e-04   -4.4734412616e-05    1.3738422536e+02    2.3791474489e+02    2.0680000000e+02
    3.0060874227e+02    9.5758524461e+02   -1.9274359727e+11   -1.1306284010e-03   -1.8414110248e-03    6.2726062928e-04    9.4463697228e-04    4.8614855858e-04    1.5754979145e-03    1.3737772870e+02    2.3791279106e+02    2.0680000000e+02
    3.0008563322e+02    9.5591888752e+02   -1.9499334494e+11   -6.1553809080e-04   -8.7037511444e-04   -2.4263140295e-04   -3.6104084196e-04    1.1940418221e-03    2.2744102976e-03    1.3737537526e+02    2.3794091988e+02    2.0680000000e+02
    2.9798014304e+02    9.4921187588e+02   -1.9722456178e+11    1.2228979369e-03   -8.9466285756e-04   -4.9725616690e-04   -7.1490993699e-04    4.4485270628e-04    2.6972078799e-03    1.3733392614e+02    2.3789751663e+02    2.0680000000e+02
    3.0098937775e+02    9.5879775399e+02   -1.9945374856e+11    4.4434006619e-03   -3.4218004073e-04    1.1311274853e-03   -3.6740525956e-04   -1.9367710675e-04   -1.1015833637e-03    1.3734418512e+02    2.3793477592e+02    2.0680000000e+02
    2.9710193082e+02    9.4641434229e+02   -2.0168297190e+11   -2.7890828870e-03   -2.2686734880e-03    2.9834262647e-04    1.2158157374e-03    1.2907018813e-04   -1.3900737540e-03    1.3732041238e+02    2.3792844611e+02    2.0680000000e+02
    2.9884774546e+02    9.5197561214e+02   -2.0390933601e+11   -3.8535964639e-03   -3.9564985417e-03   -9.0694110067e-04    2.5278498912e-04   -6.8379015439e-05    1.1154754595e-03    1.3738410250e+02    2.3790056024e+02    2.0680000000e+02
    2.9963756977e+02    9.5449158724e+02   -2.0614385912e+11   -4.0811186193e-03    4.3000179555e-04   -6.0271762676e-04    2.3064468289e-05    4.1217383608e-05    9.4555615006e-04    1.3743383514e+02    2.3787217766e+02    2.0680000000e+02
    3.0073760496e+02    9.5799573502e+02   -2.0838106268e+11   -2.6120287894e-03   -5.6919107932e-03    5.8869837047e-04   -1.0082717694e-04   -6.1477721269e-04   -2.5005274693e-03    1.3740992539e+02    2.3790808375e+02    2.0680000000e+02
    2.9867489180e+02    9.5142498904e+02   -2.1062235832e+11    5.0081142429e-03    2.7962745298e-03    6.3343418440e-04   -8.2439514779e-04   -2.5527763947e-04   -1.9641579079e-03    1.3737429756e+02    2.3792905181e+02    2.0680000000e+02
    2.9922215586e+02    9.5316829161e+02   -2.1286580758e+11   -7.3693917786e-03   -3.9071540346e-03   -6.7650846993e-04    1.2991870910e-05    3.9705752002e-04   -7.6893663452e-04    1.3740954703e+02    2.3792444988e+02    2.0680000000e+02
    3.0177536840e+02    9.6130151699e+02   -2.1510061062e+11   -2.2944019881e-03   -6.9340669911e-03   -5.0112894920e-04    1.2678641782e-04   -6.7868902404e-04   -3.3273381202e-04    1.3742001097e+02    2.3792367594e+02    2.0680000000e+02
    3.0038496135e+02    9.5687239341e+02   -2.1733825368e+11   -3.2061086703e-03   -1.0762665474e-02    1.6230657606e-04   -3.8816680279e-04    1.9432571826e-05    8.1894690258e-04    1.3740036968e+02    2.3796147946e+02    2.0680000000e+02
    2.9949459961e+02    9.5403615762e+02   -2.1959720135e+11    6.2404819608e-04   -7.0296832408e-03   -3.0909126306e-04   -3.7501603614e-04    3.1876508866e-04    1.1440873117e-03    1.3737754872e+02    2.3794620188e+02    2.0680000000e+02
    3.0031600881e+02    9.5665274597e+02   -2.2183967350e+11   -4.0536479815e-04   -2.0660941073e-03    2.1582392543e-04   -5.7423211288e-04   -2.8108991317e-04    3.5878142491e-03    1.3737374612e+02    2.3791653729e+02    2.0680000000e+02
    2.9990397631e+02    9.5534022180e+02   -2.2407389954e+11   -1.6938077742e-04    3.3624966642e-03   -4.9097126603e-04    9.8433520625e-04    5.8980937339e-04   -1.1144200513e-03    1.3734504825e+02    2.3780855485e+02    2.0680000000e+02
