-0.998 0.3731 -0.208506
-0.996 0.319124 -0.135102
-0.994 0.185135 -0.0577868
-0.992 0.00241113 0.0153105
-0.99 -0.188022 0.0762049
-0.988 -0.34378 0.118122
-0.986 -0.429488 0.136617
-0.984 -0.423514 0.130504
-0.982 -0.321851 0.10236
-0.98 -0.138527 0.0583986
-0.978 0.097368 0.00765337
-0.976 0.347324 -0.0394673
-0.974 0.570521 -0.0730243
-0.972 0.731005 -0.0854482
-0.97 0.803625 -0.0731059
-0.968 0.777727 -0.0371777
-0.966 0.658117 0.0163915
-0.964 0.463351 0.0779212
-0.962 0.2219 0.13585
-0.96 -0.0329252 0.179077
-0.958 -0.268266 0.199303
-0.956 -0.456286 0.192886
-0.954 -0.577348 0.161746
-0.952 -0.621491 0.113098
-0.95 -0.588256 0.0579814
-0.948 -0.485262 0.00886349
-0.946 -0.326073 -0.0232072
-0.944 -0.127934 -0.0312872
-0.942 0.0901732 -0.0144502
-0.94 0.30894 0.0215538
-0.938 0.509619 0.0651281
-0.936 0.674633 0.101077
-0.934 0.7882 0.113885
-0.932 0.837274 0.0913871
-0.93 0.812918 0.0280565
-0.928 0.711998 -0.0728493
-0.926 0.538863 -0.198849
-0.924 0.306534 -0.329753
-0.922 0.0368486 -0.440976
-0.92 -0.240825 -0.508095
-0.918 -0.492462 -0.511809
-0.916 -0.683649 -0.442303
-0.914 -0.78469 -0.302079
-0.912 -0.775708 -0.106575
-0.91 -0.650777 0.117699
-0.908 -0.420174 0.337316
-0.906 -0.110109 0.517686
-0.904 0.240256 0.62938
-0.902 0.584204 0.653817
-0.9 0.874451 0.587169
-0.898 1.07057 0.441628
-0.896 1.14552 0.243675
-0.894 1.09004 0.0295592
-0.892 0.914128 -0.161261
-0.89 0.645195 -0.293512
-0.888 0.323253 -0.342931
-0.886 -0.00597088 -0.301198
-0.884 -0.298742 -0.177924
-0.882 -0.520374 0.000750702
-0.88 -0.650353 0.196823
-0.878 -0.684594 0.367524
-0.876 -0.634526 0.473574
-0.874 -0.5233 0.487007
-0.872 -0.380025 0.397051
-0.87 -0.233306 0.212859
-0.868 -0.105486 -0.0375156
-0.866 -0.00879696 -0.311826
-0.864 0.0558174 -0.561203
-0.862 0.0970472 -0.739237
-0.86 0.129236 -0.81085
-0.858 0.167089 -0.759286
-0.856 0.220408 -0.589822
-0.854 0.290168 -0.329417
-0.852 0.366971 -0.0222766
-0.85 0.432359 0.27793
-0.848 0.462814 0.517799
-0.846 0.435611 0.654082
-0.844 0.335231 0.661887
-0.842 0.158827 0.539628
-0.84 -0.0806533 0.309752
-0.838 -0.354617 0.0150318
-0.836 -0.622509 -0.288953
-0.834 -0.838544 -0.54381
-0.832 -0.960262 -0.698992
-0.83 -0.957261 -0.721174
-0.828 -0.818274 -0.600602
-0.826 -0.555033 -0.353236
-0.824 -0.20192 -0.0182505
-0.822 0.18879 0.348683
-0.82 0.555378 0.685132
-0.818 0.837378 0.932914
-0.816 0.986505 1.04841
-0.814 0.975753 1.01032
-0.812 0.804827 0.82347
-0.81 0.500789 0.51798
-0.808 0.11368 0.144013
-0.806 -0.29213 -0.237023
-0.804 -0.649299 -0.563164
-0.802 -0.899449 -0.782593
-0.8 -1.00344 -0.862441
-0.798 -0.94803 -0.79415
-0.796 -0.747722 -0.594507
-0.794 -0.44142 -0.30222
-0.792 -0.0846698 0.0292763
-0.79 0.261007 0.341455
-0.788 0.539542 0.581012
-0.786 0.71029 0.709032
-0.784 0.75464 0.707402
-0.782 0.678045 0.5814
-0.78 0.507244 0.358091
-0.778 0.283367 0.0809099
-0.776 0.0524925 -0.198497
-0.774 -0.144309 -0.429645
-0.772 -0.279338 -0.572111
-0.77 -0.34328 -0.602359
-0.768 -0.345854 -0.517361
-0.766 -0.312043 -0.33444
-0.764 -0.274788 -0.0874906
-0.762 -0.265841 0.179641
-0.76 -0.306849 0.421326
-0.758 -0.402757 0.59835
-0.756 -0.539083 0.684641
-0.754 -0.683859 0.671351
-0.752 -0.793957 0.567626
-0.75 -0.824608 0.398027
-0.748 -0.740149 0.197203
-0.746 -0.523695 0.00287862
-0.744 -0.183577 -0.15146
-0.742 0.245047 -0.242813
-0.74 0.704071 -0.262682
-0.738 1.12135 -0.218158
-0.736 1.42315 -0.129928
-0.734 1.54786 -0.0276577
-0.732 1.45834 0.0563215
-0.73 1.15043 0.0937746
-0.728 0.65584 0.0664537
-0.726 0.0386345 -0.0300184
-0.724 -0.614315 -0.185017
-0.722 -1.20724 -0.374744
-0.72 -1.65135 -0.566661
-0.718 -1.87983 -0.725665
-0.716 -1.85919 -0.820821
-0.714 -1.59491 -0.83136
-0.712 -1.13036 -0.75078
-0.71 -0.539215 -0.588274
-0.708 0.0873041 -0.367186
-0.706 0.655863 -0.120789
-0.704 1.08647 0.113822
-0.702 1.32512 0.302568
-0.7 1.35139 0.420651
-0.698 1.17995 0.457049
-0.696 0.855692 0.416379
-0.694 0.443861 0.317772
-0.692 0.0171283 0.190944
-0.69 -0.357824 0.0702376
-0.688 -0.631627 -0.0122512
-0.686 -0.779425 -0.0331187
-0.684 -0.802792 0.0175719
-0.682 -0.726301 0.134132
-0.68 -0.589759 0.296149
-0.678 -0.437931 0.472303
-0.676 -0.310032 0.626408
-0.674 -0.231206 0.724516
-0.672 -0.207733 0.741753
-0.67 -0.226855 0.667535
-0.668 -0.261135 0.508132
-0.666 -0.276244 0.286031
-0.664 -0.240422 0.0361314
-0.662 -0.133447 -0.200561
-0.66 0.0468882 -0.384594
-0.658 0.282291 -0.485642
-0.656 0.536102 -0.488545
-0.654 0.759725 -0.396613
-0.652 0.902091 -0.23149
-0.65 0.920278 -0.0295415
-0.648 0.789109 0.164671
-0.646 0.507754 0.306649
-0.644 0.101911 0.360466
-0.642 -0.37897 0.305945
-0.64 -0.869007 0.143134
-0.638 -1.29645 -0.106799
-0.636 -1.59552 -0.404534
-0.634 -1.71744 -0.698969
-0.632 -1.63853 -0.935944
-0.63 -1.36406 -1.06778
-0.628 -0.927212 -1.06197
-0.626 -0.383444 -0.907424
-0.624 0.198601 -0.617159
-0.622 0.747893 -0.226823
-0.62 1.20159 0.210676
-0.618 1.51358 0.633601
-0.616 1.65964 0.981442
-0.614 1.63867 1.20485
-0.612 1.47003 1.27374
-0.61 1.18808 1.18222
-0.608 0.835007 0.949352
-0.606 0.453709 0.615835
-0.604 0.0818959 0.237013
-0.602 -0.251562 -0.12645
-0.6 -0.527735 -0.418656
-0.598 -0.736472 -0.597572
-0.596 -0.873749 -0.641609
-0.594 -0.938587 -0.55258
-0.592 -0.930587 -0.354595
-0.59 -0.84887 -0.089151
-0.588 -0.69276 0.192648
-0.586 -0.463988 0.439335
-0.584 -0.169737 0.608134
-0.582 0.174471 0.672226
-0.58 0.543125 0.624982
-0.578 0.901149 0.480482
-0.576 1.20681 0.2703
-0.574 1.41698 0.0372205
-0.572 1.49392 -0.172929
-0.57 1.41249 -0.319816
-0.568 1.16622 -0.375952
-0.566 0.770987 -0.331546
-0.564 0.26519 -0.196007
-0.562 -0.293938 0.00413251
-0.56 -0.837545 0.230447
-0.558 -1.29489 0.440012
-0.556 -1.60399 0.593571
-0.554 -1.72144 0.662982
-0.552 -1.62952 0.636544
-0.55 -1.33945 0.521246
-0.548 -0.890093 0.341507
-0.546 -0.342174 0.134625
-0.544 0.230861 -0.0562261
-0.542 0.753959 -0.190196
-0.54 1.16161 -0.236634
-0.538 1.4072 -0.181207
-0.536 1.46904 -0.029113
-0.534 1.35218 0.195234
-0.532 1.08597 0.452011
-0.53 0.717813 0.692667
-0.528 0.304566 0.868294
-0.526 -0.0968496 0.938247
-0.524 -0.438004 0.877491
-0.522 -0.685208 0.681389
-0.52 -0.822608 0.367085
-0.518 -0.85187 -0.0287711
-0.516 -0.788885 -0.455585
-0.514 -0.658441 -0.856721
-0.512 -0.488119 -1.1784
-0.51 -0.302732 -1.37811
-0.508 -0.120373 -1.43113
-0.506 0.0492578 -1.33409
-0.504 0.204145 -1.10511
-0.502 0.347293 -0.780475
-0.5 0.48294 -0.408591
-0.498 0.612694 -0.0422133
-0.496 0.732646 0.269673
-0.494 0.832216 0.489008
-0.492 0.895106 0.593731
-0.49 0.902248 0.580051
-0.488 0.836124 0.461732
-0.486 0.685554 0.26669
-0.484 0.44985 0.0316641
-0.482 0.141361 -0.204038
-0.48 -0.214297 -0.40462
-0.478 -0.580576 -0.542742
-0.476 -0.914621 -0.60265
-0.474 -1.17348 -0.581177
-0.472 -1.32082 -0.48669
-0.47 -1.33303 -0.33642
-0.468 -1.20347 -0.152801
-0.466 -0.944309 0.0404194
-0.464 -0.585327 0.221629
-0.462 -0.170036 0.373844
-0.46 0.250382 0.485992
-0.458 0.624275 0.55301
-0.456 0.906715 0.574988
-0.454 1.06554 0.555753
-0.452 1.0853 0.501324
-0.45 0.968637 0.418585
-0.448 0.734914 0.31441
-0.446 0.416566 0.195289
-0.444 0.0538432 0.067348
-0.442 -0.311093 -0.0634236
-0.44 -0.639744 -0.190984
-0.438 -0.901687 -0.309249
-0.436 -1.07727 -0.412395
-0.434 -1.15839 -0.495401
-0.432 -1.14752 -0.554688
-0.43 -1.05545 -0.588666
-0.428 -0.898324 -0.597988
-0.426 -0.694708 -0.585388
-0.424 -0.46324 -0.555111
-0.422 -0.221158 -0.512023
-0.42 0.0161654 -0.460635
-0.418 0.234907 -0.40428
-0.416 0.422097 -0.344704
-0.414 0.565024 -0.282212
-0.412 0.651199 -0.216393
-0.41 0.66915 -0.147251
-0.408 0.610067 -0.076461
-0.406 0.470054 -0.00834305
-0.404 0.252499 0.0498122
-0.402 -0.0300694 0.0883305
-0.4 -0.355243 0.0967084
-0.398 -0.6916 0.0659352
-0.396 -1.00137 -0.00884967
-0.394 -1.24473 -0.12596
-0.392 -1.38533 -0.275653
-0.39 -1.39602 -0.440026
-0.388 -1.26405 -0.594605
-0.386 -0.994581 -0.711561
-0.384 -0.611745 -0.764157
-0.382 -0.156833 -0.731713
-0.38 0.316347 -0.604159
-0.378 0.748404 -0.385252
-0.376 1.08261 -0.0936841
-0.374 1.27319 0.23837
-0.372 1.29228 0.569234
-0.37 1.13448 0.853724
-0.368 0.818065 1.05022
-0.366 0.382703 1.12759
-0.364 -0.116123 1.07068
-0.362 -0.615081 0.8834
-0.36 -1.05214 0.5886
-0.358 -1.37543 0.224796
-0.356 -1.55044 -0.159818
-0.354 -1.56436 -0.515041
-0.352 -1.42705 -0.796641
-0.35 -1.16845 -0.973227
-0.348 -0.833018 -1.03075
-0.346 -0.472238 -0.973845
-0.344 -0.136432 -0.823812
-0.342 0.13269 -0.61367
-0.34 0.307621 -0.381292
-0.338 0.377969 -0.162011
-0.336 0.350399 0.0178436
-0.334 0.245849 0.1452
-0.332 0.0946684 0.221463
-0.33 -0.0693182 0.260522
-0.328 -0.214771 0.284007
-0.326 -0.317807 0.314873
-0.324 -0.365249 0.370715
-0.322 -0.355781 0.458329
-0.32 -0.299012 0.570765
-0.318 -0.212822 0.687638
-0.316 -0.119614 0.778765
-0.314 -0.0422059 0.810514
-0.312 -5.85742e-05 0.753591
-0.31 -0.00640163 0.590685
-0.308 -0.066574 0.3223
-0.306 -0.177662 -0.0306034
-0.304 -0.329303 -0.427924
-0.302 -0.505381 -0.815729
-0.3 -0.686287 -1.13477
-0.298 -0.85141 -1.33075
-0.296 -0.981592 -1.36445
-0.294 -1.06135 -1.21987
-0.292 -1.08068 -0.908564
-0.29 -1.03641 -0.469399
-0.288 -0.932819 0.0366097
-0.286 -0.781676 0.535572
-0.284 -0.601306 0.952615
-0.282 -0.414835 1.22435
-0.28 -0.247553 1.30967
-0.278 -0.123594 1.19699
-0.276 -0.0622758 0.906425
-0.274 -0.0746317 0.486582
-0.272 -0.160738 0.00634474
-0.27 -0.308463 -0.456894
-0.268 -0.494101 -0.830479
-0.266 -0.685086 -1.05888
-0.264 -0.844593 -1.113
-0.262 -0.937461 -0.994685
-0.26 -0.936482 -0.735766
-0.258 -0.82796 -0.391626
-0.256 -0.615385 -0.0306711
-0.254 -0.320335 0.278463
-0.252 0.0198555 0.479538
-0.25 0.357516 0.538851
-0.248 0.642391 0.450946
-0.246 0.830385 0.238851
-0.244 0.891667 -0.051247
-0.242 0.816486 -0.359867
-0.24 0.617395 -0.626743
-0.238 0.327231 -0.80354
-0.236 -0.00692657 -0.86423
-0.234 -0.332805 -0.810989
-0.232 -0.60322 -0.674273
-0.23 -0.785528 -0.506853
-0.228 -0.868199 -0.372777
-0.226 -0.863002 -0.333271
-0.224 -0.802116 -0.432303
-0.222 -0.73054 -0.684738
-0.22 -0.695228 -1.06965
-0.218 -0.733152 -1.53049
-0.216 -0.86091 -1.98262
-0.214 -1.06831 -2.32714
-0.212 -1.31774 -2.469
-0.21 -1.54987 -2.336
-0.208 -1.69507 -1.89531
-0.206 -1.68848 -1.16405
-0.204 -1.48569 -0.211586
-0.202 -1.07584 0.84755
-0.2 -0.488904 1.86941
-0.198 0.204868 2.70285
-0.196 0.903852 3.21452
-0.194 1.49131 3.3123
-0.192 1.85621 2.96301
-0.19 1.91479 2.2007
-0.188 1.62868 1.12384
-0.186 1.01565 -0.118697
-0.184 0.15062 -1.35084
-0.182 -0.843975 -2.39773
-0.18 -1.81708 -3.11468
-0.178 -2.61403 -3.41127
-0.176 -3.10319 -3.26633
-0.174 -3.19925 -2.73093
-0.172 -2.8788 -1.9186
-0.17 -2.18498 -0.984394
-0.168 -1.22035 -0.0967394
-0.166 -0.129152 0.593066
-0.164 0.927754 0.977805
-0.162 1.80041 1.01275
-0.16 2.37457 0.721982
-0.158 2.58902 0.191278
-0.156 2.4423 -0.450991
-0.154 1.98783 -1.06137
-0.152 1.31884 -1.51168
-0.15 0.546598 -1.71622
-0.148 -0.223051 -1.64993
-0.146 -0.90989 -1.3539
-0.144 -1.47179 -0.926503
-0.142 -1.90697 -0.501842
-0.14 -2.24591 -0.219636
-0.138 -2.53511 -0.19265
-0.136 -2.81701 -0.478582
-0.134 -3.11107 -1.06261
-0.132 -3.40137 -1.85491
-0.13 -3.63416 -2.70444
-0.128 -3.72693 -3.42716
-0.126 -3.58767 -3.84341
-0.124 -3.14043 -3.81738
-0.122 -2.35142 -3.2903
-0.12 -1.24918 -2.30035
-0.118 0.066638 -0.983994
-0.116 1.43174 0.442505
-0.114 2.63904 1.71914
-0.112 3.47321 2.58955
-0.11 3.75181 2.85109
-0.108 3.36506 2.3978
-0.106 2.30589 1.24749
-0.104 0.683144 -0.453384
-0.102 -1.28624 -2.4491
-0.1 -3.30646 -4.41592
-0.098 -5.04936 -6.01837
-0.096 -6.21068 -6.97039
-0.094 -6.56584 -7.09008
-0.092 -6.01467 -6.33716
-0.09 -4.60596 -4.82533
-0.088 -2.53608 -2.80641
-0.086 -0.120797 -0.628019
-0.084 2.25565 1.32781
-0.082 4.20549 2.71416
-0.08 5.40468 3.28382
-0.078 5.64994 2.93656
-0.076 4.89489 1.73983
-0.074 3.25797 -0.0816781
-0.072 1.00065 -2.18607
-0.07 -1.52031 -4.17676
-0.068 -3.91769 -5.67585
-0.066 -5.84332 -6.39475
-0.064 -7.04915 -6.18831
-0.062 -7.42806 -5.08226
-0.06 -7.02665 -3.26825
-0.058 -6.0276 -1.06717
-0.056 -4.70523 1.13223
-0.054 -3.36352 2.94803
-0.052 -2.26924 4.07822
-0.05 -1.59421 4.3582
-0.048 -1.37885 3.79093
-0.046 -1.52489 2.54401
-0.044 -1.81923 0.913847
-0.042 -1.98438 -0.735791
-0.04 -1.74527 -2.04877
-0.038 -0.898522 -2.74996
-0.036 0.630645 -2.70199
-0.034 2.75682 -1.93354
-0.032 5.23621 -0.632748
-0.03 7.70341 0.89373
-0.028 9.73761 2.28827
-0.026 10.9462 3.22323
-0.024 11.0496 3.47874
-0.022 9.95074 3.00117
-0.02 7.77362 1.92942
-0.018 4.86221 0.582401
-0.016 1.73744 -0.591355
-0.014 -0.98176 -1.0937
-0.012 -2.68081 -0.472235
-0.01 -2.8574 1.58642
-0.008 -1.21587 5.18333
-0.006 2.26954 10.1684
-0.004 7.33499 16.1449
-0.002 13.456 22.5182
0 19.9216 28.5824
0.002 25.941 33.6287
0.004 30.7653 37.0579
0.006 33.8028 38.4766
0.008 34.7079 37.7582
0.01 33.4275 35.06
0.012 30.2 30.7913
0.014 25.5059 25.5414
0.016 19.9818 19.9792
0.018 14.3126 14.7439
0.02 9.12293 10.3462
0.022 4.88462 7.09657
0.024 1.85694 5.07217
0.026 0.0676407 4.12719
0.028 -0.663994 3.94238
0.03 -0.668616 4.1032
0.032 -0.345796 4.1906
0.034 -0.0771435 3.86673
0.036 -0.15059 2.93908
0.038 -0.709939 1.39151
0.04 -1.73818 -0.622778
0.042 -3.07596 -2.82323
0.044 -4.46957 -4.86927
0.046 -5.63709 -6.43835
0.048 -6.33799 -7.29835
0.05 -6.43157 -7.35958
0.052 -5.91198 -6.69601
0.054 -4.91285 -5.53151
0.056 -3.68101 -4.19438
0.058 -2.52493 -3.04935
0.06 -1.74897 -2.42124
0.062 -1.58718 -2.52575
0.064 -2.15048 -3.42154
0.066 -3.3982 -4.99356
0.068 -5.14 -6.97095
0.07 -7.068 -8.97651
0.072 -8.81295 -10.5979
0.074 -10.0136 -11.4673
0.076 -10.3856 -11.3333
0.078 -9.7777 -10.1128
0.08 -8.20258 -7.91104
0.082 -5.83882 -5.00788
0.084 -3.00201 -1.81111
0.086 -0.0912282 1.21318
0.088 2.47905 3.62096
0.09 4.349 5.06627
0.092 5.27262 5.3592
0.094 5.15554 4.49545
0.096 4.06542 2.65286
0.098 2.21396 0.156241
0.1 -0.0849915 -2.58226
0.102 -2.47261 -5.13572
0.104 -4.60648 -7.1346
0.106 -6.21501 -8.32541
0.108 -7.13558 -8.60624
0.11 -7.33056 -8.03363
0.112 -6.88016 -6.80123
0.114 -5.95511 -5.19556
0.116 -4.77599 -3.5382
0.118 -3.56811 -2.12591
0.12 -2.52076 -1.17958
0.122 -1.7584 -0.811099
0.124 -1.32814 -1.01287
0.126 -1.20437 -1.67054
0.128 -1.30773 -2.59488
0.13 -1.53287 -3.56536
0.132 -1.77815 -4.3762
0.134 -1.97037 -4.87585
0.136 -2.07946 -4.99251
0.138 -2.12042 -4.74161
0.14 -2.14307 -4.21499
0.142 -2.21273 -3.55509
0.144 -2.38716 -2.92039
0.146 -2.69551 -2.44955
0.148 -3.12458 -2.23187
0.15 -3.61586 -2.28968
0.152 -4.0743 -2.57588
0.154 -4.38703 -2.9865
0.156 -4.44799 -3.38516
0.158 -4.18309 -3.63397
0.16 -3.57021 -3.62431
0.162 -2.64944 -3.30124
0.164 -1.52111 -2.67672
0.166 -0.331464 -1.82915
0.168 0.751429 -0.889519
0.17 1.56681 -0.017276
0.172 1.98994 0.629428
0.174 1.95466 0.92325
0.176 1.46563 0.79142
0.178 0.597751 0.229461
0.18 -0.516843 -0.697396
0.182 -1.7117 -1.86506
0.184 -2.81447 -3.11142
0.186 -3.67545 -4.26312
0.188 -4.19104 -5.16347
0.19 -4.31805 -5.69657
0.192 -4.07663 -5.80367
0.194 -3.54203 -5.4895
0.196 -2.82708 -4.818
0.198 -2.05949 -3.89881
0.2 -1.3584 -2.86753
0.202 -0.81455 -1.86335
0.204 -0.47771 -1.00791
0.206 -0.35297 -0.388894
0.208 -0.405958 -0.0504149
0.21 -0.575084 0.00882034
0.212 -0.787758 -0.169929
0.214 -0.976926 -0.516457
0.216 -1.09452 -0.945811
0.218 -1.1193 -1.37301
0.22 -1.05806 -1.72588
0.222 -0.940377 -1.95411
0.224 -0.808851 -2.03378
0.226 -0.707169 -1.96705
0.228 -0.668933 -1.77794
0.23 -0.709654 -1.50529
0.232 -0.823514 -1.19467
0.234 -0.985347 -0.890454
0.236 -1.1571 -0.629499
0.238 -1.29713 -0.437075
0.24 -1.37007 -0.325346
0.242 -1.35512 -0.294185
0.244 -1.2508 -0.333758
0.246 -1.07542 -0.428104
0.248 -0.863041 -0.558927
0.25 -0.656137 -0.708918
0.252 -0.49647 -0.864103
0.254 -0.416299 -1.01502
0.256 -0.431715 -1.15671
0.258 -0.539473 -1.28774
0.26 -0.717836 -1.4086
0.262 -0.9311 -1.51992
0.264 -1.13673 -1.62077
0.266 -1.29353 -1.70764
0.268 -1.36922 -1.77398
0.27 -1.34585 -1.81077
0.272 -1.22234 -1.80777
0.274 -1.01363 -1.7554
0.276 -0.747001 -1.64698
0.278 -0.456536 -1.48081
0.28 -0.176847 -1.26172
0.282 0.0625475 -1.00184
0.284 0.241237 -0.72012
0.286 0.349751 -0.440672
0.288 0.389159 -0.190067
0.29 0.368883 0.00615016
0.292 0.303476 0.127157
0.294 0.209233 0.160186
0.296 0.101406 0.102906
0.298 -0.00750601 -0.0356419
0.3 -0.108246 -0.235806
0.302 -0.194307 -0.469785
0.304 -0.26092 -0.705479
0.306 -0.30408 -0.911157
0.308 -0.320115 -1.06019
0.31 -0.306034 -1.13504
0.312 -0.260633 -1.12977
0.314 -0.185994 -1.05066
0.316 -0.0888474 -0.914751
0.318 0.0188191 -0.746589
0.32 0.120363 -0.573713
0.322 0.196502 -0.421772
0.324 0.22855 -0.310116
0.326 0.202346 -0.248701
0.328 0.112037 -0.236864
0.33 -0.0371521 -0.264169
0.332 -0.227981 -0.313126
0.334 -0.432556 -0.363213
0.336 -0.616026 -0.395389
0.338 -0.742144 -0.39617
0.34 -0.779807 -0.360453
0.342 -0.709355 -0.292532
0.344 -0.5274 -0.205085
0.346 -0.249114 -0.11639
0.348 0.0926674 -0.0463168
0.35 0.451597 -0.0119566
0.352 0.77466 -0.0237745
0.354 1.01062 -0.0830934
0.356 1.11864 -0.181434
0.358 1.07549 -0.301858
0.36 0.880104 -0.422066
0.362 0.554516 -0.51862
0.364 0.141028 -0.571476
0.366 -0.304022 -0.567888
0.368 -0.718814 -0.504938
0.37 -1.04551 -0.390169
0.372 -1.23901 -0.240206
0.374 -1.2736 -0.0776535
0.376 -1.14641 0.0731218
0.378 -0.877194 0.19048
0.38 -0.504612 0.259415
0.382 -0.0797413 0.274127
0.384 0.341975 0.238825
0.386 0.708971 0.166642
0.388 0.980605 0.0769371
0.39 1.13198 -0.00846524
0.392 1.15591 -0.0693428
0.394 1.06199 -0.0906941
0.396 0.873233 -0.065247
0.398 0.621133 0.00555906
0.4 0.340128 0.112226
0.402 0.0625755 0.239285
0.404 -0.185027 0.368342
0.406 -0.384109 0.481472
0.408 -0.524307 0.564291
0.41 -0.602303 0.608176
0.412 -0.619768 0.611283
0.414 -0.581127 0.578274
0.416 -0.491782 0.518942
0.418 -0.357229 0.446061
0.42 -0.183218 0.372955
0.422 0.0232113 0.311209
0.424 0.252276 0.26894
0.426 0.490175 0.249824
0.428 0.718583 0.252971
0.43 0.915366 0.273552
0.432 1.05666 0.303969
0.434 1.12013 0.335316
0.436 1.08893 0.358843
0.438 0.955547 0.367219
0.44 0.724796 0.355452
0.442 0.4151 0.321414
0.444 0.0576563 0.266008
0.446 -0.306695 0.193036
0.448 -0.632572 0.108845
0.45 -0.876423 0.021795
0.452 -1.00316 -0.0584308
0.454 -0.991909 -0.121706
0.456 -0.839903 -0.158521
0.458 -0.563642 -0.161208
0.46 -0.197115 -0.125224
0.462 0.212807 -0.0503318
0.464 0.613079 0.0585746
0.466 0.952235 0.191237
0.468 1.18789 0.332608
0.47 1.29279 0.464339
0.472 1.25834 0.567101
0.474 1.09518 0.62351
0.476 0.830581 0.621228
0.478 0.503471 0.55571
0.48 0.157713 0.432057
0.482 -0.164898 0.265491
0.484 -0.430792 0.0801707
0.486 -0.618848 -0.0936724
0.488 -0.722039 -0.223992
0.49 -0.746364 -0.282007
0.492 -0.707458 -0.247312
0.494 -0.625749 -0.112113
0.496 -0.521252 0.11622
0.498 -0.409164 0.414899
0.5 -0.297196 0.748006
0.502 -0.185164 1.07113
0.504 -0.0668621 1.33773
0.506 0.0662832 1.50627
0.508 0.220698 1.54697
0.51 0.396427 1.44703
0.512 0.584286 1.21332
0.514 0.765269 0.872052
0.516 0.912553 0.465387
0.518 0.995939 0.04529
0.52 0.987941 -0.334256
0.522 0.870353 -0.625537
0.524 0.639891 -0.794479
0.526 0.31162 -0.825887
0.528 -0.0808094 -0.725638
0.53 -0.488465 -0.519449
0.532 -0.853697 -0.248406
0.534 -1.11898 0.0380069
0.536 -1.23657 0.290189
0.538 -1.1772 0.466617
0.54 -0.93628 0.540554
0.542 -0.536193 0.504115
0.544 -0.0242485 0.369025
0.546 0.53364 0.163952
0.548 1.06252 -0.0710757
0.55 1.4897 -0.292137
0.552 1.75582 -0.45943
0.554 1.82392 -0.544375
0.556 1.68497 -0.534537
0.558 1.35881 -0.435503
0.56 0.890711 -0.269394
0.562 0.34388 -0.070317
0.564 -0.21043 0.122388
0.566 -0.703657 0.271838
0.568 -1.0796 0.350794
0.57 -1.30148 0.346993
0.572 -1.35545 0.265594
0.574 -1.25013 0.128264
0.576 -1.01282 -0.0309754
0.578 -0.683203 -0.172393
0.58 -0.306046 -0.25846
0.582 0.0756586 -0.261558
0.584 0.425972 -0.170008
0.586 0.718938 0.00876762
0.588 0.939016 0.248636
0.59 1.07944 0.508731
0.592 1.13935 0.740396
0.594 1.12074 0.895898
0.596 1.0262 0.937373
0.598 0.858192 0.844357
0.6 0.619885 0.618508
0.602 0.317469 0.284569
0.604 -0.0370242 -0.112717
0.606 -0.423304 -0.515302
0.608 -0.811856 -0.861068
0.61 -1.16516 -1.09406
0.612 -1.44134 -1.17394
0.614 -1.59993 -1.08305
0.616 -1.60875 -0.829779
0.618 -1.45076 -0.447624
0.62 -1.1292 0.00995613
0.622 -0.66988 0.478029
0.624 -0.119736 0.890621
0.626 0.45842 1.19129
0.628 0.994412 1.34205
0.63 1.42108 1.32915
0.632 1.68481 1.16473
0.634 1.75424 0.884153
0.636 1.62562 0.539466
0.638 1.32356 0.190271
0.64 0.897101 -0.106474
0.642 0.41156 -0.305883
0.644 -0.0622891 -0.382225
0.646 -0.459849 -0.332463
0.648 -0.732969 -0.17575
0.65 -0.857003 0.0509211
0.652 -0.833407 0.300032
0.654 -0.687482 0.52243
0.656 -0.461827 0.676159
0.658 -0.206897 0.733641
0.66 0.029392 0.685968
0.662 0.210897 0.543613
0.664 0.319497 0.33355
0.666 0.357141 0.0934516
0.668 0.343399 -0.135868
0.67 0.309139 -0.31827
0.672 0.287796 -0.428891
0.674 0.306187 -0.458304
0.676 0.376953 -0.413535
0.678 0.494351 -0.315816
0.68 0.634436 -0.195619
0.682 0.759701 -0.0859814
0.684 0.827329 -0.0154789
0.686 0.799338 -0.00222375
0.688 0.652484 -0.0500652
0.69 0.385718 -0.147723
0.692 0.0234393 -0.271016
0.694 -0.386421 -0.387734
0.696 -0.779413 -0.464203
0.698 -1.08554 -0.472252
0.7 -1.24223 -0.395209
0.702 -1.20679 -0.231758
0.704 -0.9659 0.00311702
0.706 -0.540183 0.280323
0.708 0.0172867 0.561574
0.71 0.62846 0.806148
0.712 1.2026 0.978188
0.714 1.65123 1.05321
0.716 1.90317 1.02255
0.718 1.91675 0.894954
0.72 1.68716 0.694935
0.722 1.24746 0.458276
0.724 0.663036 0.225453
0.726 0.020556 0.0342402
0.728 -0.586563 -0.0871258
0.73 -1.07358 -0.124933
0.732 -1.37796 -0.0821997
0.734 -1.4686 0.0223143
0.736 -1.3493 0.158102
0.738 -1.05604 0.289134
0.74 -0.648696 0.381123
0.742 -0.199155 0.408431
0.744 0.222027 0.359283
0.746 0.557716 0.23826
0.748 0.772924 0.0655797
0.75 0.858673 -0.126749
0.752 0.83057 -0.301175
0.754 0.722701 -0.422098
0.756 0.57836 -0.463145
0.758 0.439693 -0.412832
0.76 0.338467 -0.277441
0.762 0.289858 -0.080495
0.764 0.290421 0.141163
0.766 0.320527 0.344034
0.768 0.35054 0.486155
0.77 0.349249 0.53531
0.772 0.292585 0.475674
0.774 0.170634 0.311592
0.776 -0.008664 0.0676744
0.778 -0.22001 -0.214927
0.78 -0.425373 -0.485495
0.782 -0.581815 -0.692774
0.784 -0.65086 -0.794432
0.786 -0.607413 -0.765221
0.788 -0.446285 -0.602288
0.79 -0.184867 -0.326556
0.792 0.138748 0.0201598
0.794 0.471945 0.381912
0.796 0.756962 0.698111
0.798 0.941636 0.91409
0.8 0.989444 0.990863
0.802 0.886812 0.912302
0.804 0.646253 0.688384
0.806 0.304649 0.353888
0.808 -0.0830218 -0.0373274
0.81 -0.453343 -0.421466
0.812 -0.745675 -0.735775
0.814 -0.912813 -0.929409
0.816 -0.929109 -0.972226
0.818 -0.794567 -0.859947
0.82 -0.53423 -0.614741
0.822 -0.193086 -0.281123
0.824 0.172437 0.0820749
0.826 0.504682 0.41222
0.828 0.754721 0.65398
0.83 0.890205 0.76901
0.832 0.899756 0.742474
0.834 0.793258 0.585274
0.836 0.598244 0.331597
0.838 0.353339 0.0322948
0.84 0.100213 -0.254651
0.842 -0.124258 -0.474801
0.844 -0.294089 -0.587104
0.846 -0.397454 -0.571112
0.848 -0.436697 -0.430307
0.85 -0.425358 -0.190972
0.852 -0.383138 0.103085
0.854 -0.33008 0.398921
0.856 -0.281366 0.644347
0.858 -0.243917 0.797446
0.86 -0.215482 0.833984
0.862 -0.186353 0.751362
0.864 -0.143168 0.568465
0.866 -0.0738176 0.321528
0.868 0.0277949 0.0568939
0.87 0.158363 -0.17791
0.872 0.304059 -0.343055
0.874 0.442077 -0.413586
0.876 0.544619 -0.383604
0.878 0.584517 -0.26672
0.88 0.541332 -0.0928242
0.882 0.406577 0.0981291
0.884 0.18691 0.264065
0.886 -0.0954972 0.368904
0.888 -0.405606 0.389304
0.89 -0.700784 0.318815
0.892 -0.937749 0.16872
0.894 -1.07991 -0.0344813
0.896 -1.10369 -0.254368
0.898 -1.00275 -0.45158
0.9 -0.789134 -0.591131
0.902 -0.491408 -0.648659
0.904 -0.149964 -0.614494
0.906 0.189492 -0.49487
0.908 0.483085 -0.310173
0.91 0.695278 -0.0906918
0.912 0.803653 0.129216
0.914 0.801261 0.317368
0.916 0.696344 0.449229
0.918 0.509716 0.511628
0.92 0.270511 0.504126
0.922 0.0112017 0.437949
0.924 -0.237148 0.332819
0.926 -0.448641 0.212468
0.928 -0.604842 0.0997715
0.93 -0.695514 0.0124829
0.932 -0.718043 -0.0396293
0.934 -0.676009 -0.0557881
0.936 -0.577479 -0.0432936
0.938 -0.433493 -0.0150242
0.94 -0.257051 0.0140128
0.942 -0.0626309 0.0302959
0.944 0.133965 0.0248074
0.946 0.315789 -0.00513998
0.948 0.46534 -0.0555729
0.95 0.565834 -0.117008
0.952 0.603181 -0.17676
0.954 0.568431 -0.221863
0.956 0.460203 -0.24196
0.958 0.286446 -0.231543
0.96 0.0649408 -0.191113
0.962 -0.177915 -0.127045
0.964 -0.410121 -0.0502498
0.966 -0.598609 0.0260469
0.968 -0.714602 0.088909
0.97 -0.738845 0.128145
0.972 -0.665652 0.138128
0.974 -0.504829 0.118671
0.976 -0.280889 0.0748291
0.978 -0.0294733 0.015759
0.98 0.208543 -0.0470982
0.982 0.394278 -0.102103
0.984 0.498056 -0.139366
0.986 0.505195 -0.152208
0.988 0.419137 -0.13793
0.99 0.261168 -0.0978345
0.992 0.0666214 -0.0366237
0.994 -0.121833 0.0386276
0.996 -0.26259 0.119643
0.998 -0.323586 0.198022
0.4 0.0399519 0.033272
0.8 0.045717 0.0389312
1.2 0.0553559 0.0484835
1.6 0.0689093 0.0620975
2 0.0864239 0.0799864
2.4 0.107943 0.102387
2.8 0.133496 0.129537
3.2 0.163088 0.161646
3.6 0.196684 0.198874
4 0.234207 0.241309
4.4 0.275521 0.288942
4.8 0.320429 0.341661
5.2 0.36867 0.399236
5.6 0.419917 0.461319
6 0.473781 0.527454
6.4 0.529819 0.597081
6.8 0.587542 0.669557
7.2 0.646428 0.744174
7.6 0.705933 0.820184
8 0.765511 0.896823
8.4 0.824624 0.973337
8.8 0.882761 1.049
9.2 0.939449 1.12315
9.6 0.994266 1.19519
10 1.04685 1.26459
10.4 1.09691 1.33094
10.8 1.14421 1.39389
11.2 1.18861 1.45322
11.6 1.23003 1.50877
12 1.26845 1.56049
12.4 1.30391 1.60838
12.8 1.33651 1.65252
13.2 1.36636 1.69301
13.6 1.39365 1.73003
14 1.41856 1.76375
14.4 1.44127 1.79438
14.8 1.462 1.82213
15.2 1.48092 1.8472
15.6 1.49823 1.86979
16 1.5141 1.89011
16.4 1.52868 1.90833
16.8 1.54209 1.92461
17.2 1.55447 1.9391
17.6 1.5659 1.95196
18 1.57646 1.96329
18.4 1.58623 1.97322
18.8 1.59525 1.98186
19.2 1.60356 1.98928
19.6 1.61121 1.9956
20 1.6182 2.0009
20.4 1.62456 2.00525
20.8 1.63031 2.00875
21.2 1.63545 2.01147
21.6 1.63998 2.01349
22 1.64391 2.01489
22.4 1.64724 2.01574
22.8 1.64997 2.01611
23.2 1.65212 2.01606
23.6 1.65369 2.01565
24 1.6547 2.01493
24.4 1.65519 2.01393
24.8 1.65519 2.01268
25.2 1.65475 2.01121
25.6 1.65393 2.00951
26 1.65281 2.00758
26.4 1.65146 2.0054
26.8 1.64997 2.00297
27.2 1.64841 2.00024
27.6 1.64686 1.99719
28 1.64541 1.9938
28.4 1.64411 1.99004
28.8 1.643 1.9859
29.2 1.64212 1.98136
29.6 1.64146 1.97642
30 1.64103 1.9711
30.4 1.64077 1.96541
30.8 1.64065 1.95939
31.2 1.64059 1.95307
31.6 1.64053 1.9465
32 1.64038 1.93974
32.4 1.64005 1.93282
32.8 1.63948 1.92581
33.2 1.63859 1.91874
33.6 1.63733 1.91167
34 1.63566 1.90463
34.4 1.63354 1.89763
34.8 1.63098 1.89071
35.2 1.62798 1.88386
35.6 1.62455 1.87709
36 1.62073 1.87038
36.4 1.61656 1.86371
36.8 1.61208 1.85707
37.2 1.60733 1.85042
37.6 1.60235 1.84372
38 1.5972 1.83695
38.4 1.59191 1.83007
38.8 1.5865 1.82303
39.2 1.58101 1.81581
39.6 1.57545 1.80837
40 1.56985 1.80068
40.4 1.56422 1.79271
40.8 1.55856 1.78445
41.2 1.55288 1.77589
41.6 1.54719 1.76702
42 1.54147 1.75785
42.4 1.53574 1.7484
42.8 1.52998 1.73868
43.2 1.52418 1.72875
43.6 1.51835 1.71864
44 1.51246 1.70841
44.4 1.5065 1.69811
44.8 1.50047 1.68782
45.2 1.49436 1.67761
45.6 1.48816 1.66752
46 1.48188 1.65764
46.4 1.47551 1.648
46.8 1.46908 1.63866
47.2 1.46261 1.62964
47.6 1.45612 1.62096
48 1.44965 1.61262
48.4 1.44324 1.60461
48.8 1.43694 1.5969
49.2 1.43077 1.58946
49.6 1.42479 1.58224
50 1.41903 1.57519
50.4 1.41352 1.56824
50.8 1.40827 1.56136
51.2 1.4033 1.55448
51.6 1.3986 1.54758
52 1.39416 1.5406
52.4 1.38995 1.53354
52.8 1.38597 1.52638
53.2 1.38216 1.51913
53.6 1.37851 1.51179
54 1.37497 1.50439
54.4 1.37152 1.49696
54.8 1.36813 1.48952
55.2 1.36478 1.48212
55.6 1.36147 1.47478
56 1.35816 1.46754
56.4 1.35487 1.46041
56.8 1.35159 1.45342
57.2 1.34831 1.44657
57.6 1.34503 1.43988
58 1.34175 1.43333
58.4 1.33844 1.42692
58.8 1.33511 1.42064
59.2 1.33171 1.41447
59.6 1.32824 1.4084
60 1.32466 1.40241
60.4 1.32094 1.39648
60.8 1.31705 1.39059
61.2 1.31297 1.38472
61.6 1.30868 1.37887
62 1.30417 1.373
62.4 1.29941 1.36711
62.8 1.29442 1.36117
63.2 1.28921 1.35515
63.6 1.28378 1.34904
64 1.27816 1.34279
64.4 1.27237 1.33639
64.8 1.26645 1.32979
65.2 1.26041 1.32298
65.6 1.25429 1.31592
66 1.24811 1.30859
66.4 1.24189 1.30098
66.8 1.23564 1.29308
67.2 1.22937 1.2849
67.6 1.22308 1.27647
68 1.21677 1.2678
68.4 1.21042 1.25893
68.8 1.20403 1.24992
69.2 1.19757 1.24083
69.6 1.19101 1.23169
70 1.18432 1.22258
70.4 1.17747 1.21354
70.8 1.17043 1.20462
71.2 1.16315 1.19583
71.6 1.15559 1.1872
72 1.1477 1.17873
72.4 1.13945 1.17039
72.8 1.13077 1.16215
73.2 1.12164 1.15395
73.6 1.112 1.14574
74 1.10182 1.13745
74.4 1.09106 1.129
74.8 1.07968 1.12033
75.2 1.06767 1.11137
75.6 1.05501 1.10206
76 1.04167 1.09238
76.4 1.02767 1.08229
76.8 1.01299 1.07179
77.2 0.997643 1.06088
77.6 0.981641 1.0496
78 0.964993 1.03797
78.4 0.947711 1.02603
78.8 0.929808 1.01382
79.2 0.911297 1.00139
79.6 0.892187 0.988747
80 0.872489 0.97592
80.4 0.852211 0.962908
80.8 0.831359 0.949698
81.2 0.809943 0.936261
81.6 0.787972 0.922554
82 0.765459 0.908529
82.4 0.742423 0.894128
82.8 0.718887 0.879301
83.2 0.694883 0.864001
83.6 0.67045 0.848201
84 0.645638 0.83189
84.4 0.620503 0.815087
84.8 0.595115 0.797835
85.2 0.569549 0.780211
85.6 0.543892 0.762319
86 0.518238 0.744289
86.4 0.492689 0.726274
86.8 0.467352 0.708443
87.2 0.442339 0.690968
87.6 0.417765 0.674025
88 0.393748 0.657778
88.4 0.370404 0.642373
88.8 0.347845 0.627933
89.2 0.326179 0.614549
89.6 0.305506 0.602278
90 0.285915 0.591142
90.4 0.267481 0.581128
90.8 0.250263 0.572192
91.2 0.234303 0.564258
91.6 0.219623 0.557234
92 0.206225 0.551009
92.4 0.194088 0.545467
92.8 0.183174 0.540492
93.2 0.173424 0.535975
93.6 0.164766 0.531819
94 0.157112 0.527945
94.4 0.150368 0.524295
94.8 0.144432 0.520829
95.2 0.139205 0.517531
95.6 0.13459 0.5144
96 0.130496 0.511451
96.4 0.126844 0.50871
96.8 0.123567 0.50621
97.2 0.120612 0.503984
97.6 0.117938 0.502063
98 0.115518 0.500473
98.4 0.113338 0.49923
98.8 0.111391 0.49834
99.2 0.109676 0.497798
99.6 0.108198 0.497589
100 0.106959 0.497686
100.4 0.105963 0.498056
100.8 0.105206 0.498661
101.2 0.104682 0.499457
101.6 0.104378 0.500401
102 0.104275 0.50145
102.4 0.104349 0.502562
102.8 0.104571 0.5037
103.2 0.104911 0.504831
103.6 0.105338 0.505926
104 0.105823 0.506959
104.4 0.106338 0.507912
104.8 0.106861 0.508769
105.2 0.107374 0.509519
105.6 0.107865 0.510155
106 0.108327 0.510675
106.4 0.108759 0.511083
106.8 0.109164 0.511388
107.2 0.109548 0.511604
107.6 0.10992 0.511755
108 0.110292 0.511867
108.4 0.110675 0.511975
108.8 0.111081 0.512119
109.2 0.111519 0.512343
109.6 0.112 0.512693
110 0.112531 0.513216
110.4 0.113118 0.513954
110.8 0.113766 0.514948
111.2 0.114476 0.516229
111.6 0.115248 0.517818
112 0.11608 0.519727
112.4 0.116966 0.521957
112.8 0.117899 0.524493
113.2 0.118867 0.527315
113.6 0.119855 0.530388
114 0.120848 0.533676
114.4 0.121826 0.537135
114.8 0.122765 0.540721
115.2 0.123643 0.544395
115.6 0.124436 0.548121
116 0.125122 0.551871
116.4 0.125681 0.555628
116.8 0.126096 0.559382
117.2 0.126357 0.563134
117.6 0.126459 0.566893
118 0.126406 0.570673
118.4 0.126208 0.574491
118.8 0.125883 0.578363
119.2 0.125457 0.582302
119.6 0.124961 0.586311
120 0.12443 0.590386
120.4 0.123904 0.59451
120.8 0.123419 0.598653
121.2 0.123012 0.602772
121.6 0.122715 0.606815
122 0.122554 0.610721
122.4 0.122546 0.614423
122.8 0.122701 0.617853
123.2 0.123018 0.620949
123.6 0.123489 0.623654
124 0.124096 0.625924
124.4 0.124814 0.62773
124.8 0.125614 0.629058
125.2 0.126462 0.629914
125.6 0.127323 0.630323
126 0.128163 0.630324
126.4 0.128952 0.62997
126.8 0.129664 0.629325
127.2 0.130277 0.628461
127.6 0.130778 0.627448
128 0.13116 0.626356
128.4 0.131424 0.625248
128.8 0.131577 0.624176
129.2 0.131633 0.623182
129.6 0.131609 0.622292
130 0.131527 0.62152
130.4 0.131411 0.620868
130.8 0.131286 0.620327
131.2 0.131175 0.619878
131.6 0.131102 0.619497
132 0.131084 0.61916
132.4 0.131138 0.618837
132.8 0.131274 0.618503
133.2 0.131498 0.618133
133.6 0.13181 0.617703
134 0.132203 0.617191
134.4 0.132666 0.616571
134.8 0.133181 0.615815
135.2 0.133726 0.614885
135.6 0.134273 0.613737
136 0.134792 0.612313
136.4 0.13525 0.610542
136.8 0.135615 0.608345
137.2 0.135855 0.60563
137.6 0.135942 0.602303
138 0.135854 0.59827
138.4 0.135576 0.593447
138.8 0.135105 0.587767
139.2 0.134446 0.58119
139.6 0.133622 0.573712
140 0.132666 0.565374
140.4 0.131627 0.556267
140.8 0.130568 0.546535
141.2 0.129565 0.536381
141.6 0.128704 0.526057
142 0.128082 0.515862
142.4 0.127798 0.506134
142.8 0.127954 0.49723
143.2 0.128651 0.489518
143.6 0.12998 0.483356
144 0.132024 0.479073
144.4 0.134851 0.476951
144.8 0.138511 0.477211
145.2 0.143033 0.479999
145.6 0.148423 0.485371
146 0.154663 0.493293
146.4 0.161709 0.503633
146.8 0.169493 0.516172
147.2 0.177923 0.530602
147.6 0.186885 0.546548
148 0.196246 0.563577
148.4 0.205857 0.581216
148.8 0.215556 0.598975
149.2 0.225173 0.616363
149.6 0.234533 0.63291
150 0.243463 0.64818
150.4 0.251795 0.661786
150.8 0.259368 0.673404
151.2 0.266039 0.682775
151.6 0.27168 0.689709
152 0.276182 0.694086
152.4 0.279462 0.69585
152.8 0.281461 0.695001
153.2 0.282145 0.69159
153.6 0.281505 0.685702
154 0.279559 0.677451
154.4 0.276345 0.666971
154.8 0.271923 0.654399
155.2 0.26637 0.639878
155.6 0.259775 0.623545
156 0.252239 0.605531
156.4 0.243866 0.585959
156.8 0.234764 0.564945
157.2 0.22504 0.542603
157.6 0.214798 0.519047
158 0.204134 0.494395
158.4 0.193141 0.468775
158.8 0.181904 0.442327
159.2 0.1705 0.415209
159.6 0.159005 0.387595
160 0.147488 0.359677
160.4 0.136015 0.331663
160.8 0.124654 0.303775
161.2 0.113469 0.276243
161.6 0.10253 0.249299
162 0.091903 0.223171
162.4 0.0816574 0.198076
162.8 0.071861 0.174215
163.2 0.0625791 0.151764
163.6 0.0538726 0.130869
164 0.0457953 0.111643
164.4 0.0383918 0.0941621
164.8 0.031695 0.0784653
165.2 0.0257246 0.0645532
165.6 0.0204854 0.0523909
166 0.0159676 0.0419112
166.4 0.0121461 0.0330184
166.8 0.0089825 0.0255938
167.2 0.00642617 0.0195016
167.6 0.00441711 0.0145948
168 0.00288853 0.0107211
168.4 0.00177 0.00772865
168.8 0.000990523 0.00547072
169.2 0.000481365 0.00381012
169.6 0.000178636 0.00262228
170 2.52774e-05 0.00179753
170.4 -2.75157e-05 0.00124228
170.8 -1.95214e-05 0.000879374
171.2 1.86549e-05 0.000647523
171.6 6.51585e-05 0.000500121
172 0.000105995 0.00040353
172.4 0.000133794 0.000335045
172.8 0.000146376 0.000280711
173.2 0.000145242 0.000233143
173.6 0.000134135 0.000189509
174 0.000117758 0.000149756
174.4 0.000100747 0.00011518
174.8 8.69135e-05 8.73456e-05
175.2 7.88017e-05 6.7385e-05
175.6 7.75186e-05 5.56273e-05
176 8.28117e-05 5.15186e-05
176.4 9.33313e-05 5.37608e-05
176.8 0.000107014 6.0594e-05
177.2 0.000121521 7.01461e-05
177.6 0.000134666 8.07814e-05
178 0.000144783 9.13901e-05
178.4 0.000150999 0.000101581
178.8 0.000153379 0.000111756
179.2 0.000152946 0.000123065
179.6 0.000151586 0.000137255
180 0.000151846 0.000156458
180.4 0.00015667 0.000182935
180.8 0.000169092 0.000218848
181.2 0.000191943 0.000266078
181.6 0.00022759 0.000326152
182 0.000277748 0.000400282
182.4 0.000343387 0.000489548
182.8 0.000424751 0.000595198
183.2 0.000521495 0.00071907
183.6 0.000632926 0.000864072
184 0.000758346 0.0010347
184.4 0.000897458 0.00123753
184.8 0.00105081 0.0014816
185.2 0.00122024 0.00177873
185.6 0.00140926 0.00214359
186 0.00162338 0.00259365
186.4 0.00187034 0.00314891
186.8 0.00216011 0.00383143
187.2 0.00250484 0.00466478
187.6 0.00291861 0.00567334
188 0.00341707 0.00688157
188.4 0.00401691 0.00831335
188.8 0.00473538 0.00999138
189.2 0.00558963 0.0119367
189.6 0.00659625 0.0141686
190 0.00777078 0.0167041
190.4 0.00912733 0.0195587
190.8 0.0106784 0.022746
191.2 0.0124349 0.0262784
191.6 0.0144059 0.0301676
192 0.0165993 0.0344245
192.4 0.0190215 0.0390596
192.8 0.021678 0.0440833
193.2 0.0245734 0.0495051
193.6 0.0277112 0.0553335
194 0.031094 0.061575
194.4 0.0347226 0.0682333
194.8 0.0385958 0.0753078
195.2 0.0427096 0.0827927
195.6 0.0470559 0.0906758
196 0.0516218 0.0989374
196.4 0.0563889 0.10755
196.8 0.061332 0.116476
197.2 0.0664194 0.125673
197.6 0.0716121 0.135087
198 0.0768646 0.14466
198.4 0.0821253 0.154328
198.8 0.0873383 0.164024
199.2 0.0924447 0.173682
199.6 0.0973843 0.183234
200 0.102098 0.19262
200.4 0.106532 0.201783
200.8 0.110633 0.210674
201.2 0.114361 0.219255
201.6 0.117681 0.227497
202 0.120567 0.235383
202.4 0.123006 0.242905
202.8 0.124993 0.250067
203.2 0.126534 0.256883
203.6 0.127642 0.263375
204 0.12834 0.269573
204.4 0.128656 0.275513
204.8 0.128625 0.281237
205.2 0.128285 0.28679
205.6 0.127679 0.29222
206 0.126852 0.297575
206.4 0.125852 0.302905
206.8 0.124729 0.308261
207.2 0.123535 0.313691
207.6 0.122323 0.319241
208 0.121148 0.324955
208.4 0.120065 0.330873
208.8 0.119131 0.33703
209.2 0.118399 0.343458
209.6 0.117919 0.35018
210 0.117739 0.357213
210.4 0.117898 0.364566
210.8 0.118427 0.372241
211.2 0.119347 0.380229
211.6 0.120669 0.388515
212 0.122391 0.397073
212.4 0.1245 0.40587
212.8 0.12697 0.414866
213.2 0.129766 0.424012
213.6 0.132847 0.433254
214 0.136163 0.442534
214.4 0.139665 0.451787
214.8 0.1433 0.460947
215.2 0.147022 0.469943
215.6 0.150786 0.478703
216 0.154556 0.487155
216.4 0.158301 0.495225
216.8 0.161999 0.50284
217.2 0.165634 0.509928
217.6 0.169193 0.516418
218 0.172669 0.522243
218.4 0.176054 0.527339
218.8 0.179337 0.531645
219.2 0.182505 0.535109
219.6 0.185539 0.537681
220 0.188413 0.539322
220.4 0.191094 0.539998
220.8 0.193542 0.539684
221.2 0.195714 0.538361
221.6 0.19756 0.536021
222 0.199033 0.532659
222.4 0.200086 0.528278
222.8 0.200674 0.522885
223.2 0.200763 0.516491
223.6 0.200324 0.509109
224 0.199341 0.500756
224.4 0.197804 0.491446
224.8 0.195718 0.481197
225.2 0.193094 0.47003
225.6 0.189952 0.457963
226 0.186317 0.445024
226.4 0.182218 0.431239
226.8 0.177686 0.416646
227.2 0.172753 0.401289
227.6 0.167447 0.385222
228 0.161796 0.368512
228.4 0.155824 0.351234
228.8 0.149555 0.33348
229.2 0.143011 0.31535
229.6 0.136214 0.296957
230 0.129188 0.278421
230.4 0.121962 0.259868
230.8 0.114569 0.241428
231.2 0.107046 0.223228
231.6 0.0994401 0.205394
232 0.0918023 0.188044
232.4 0.0841901 0.171284
232.8 0.0766654 0.155211
233.2 0.0692923 0.139904
233.6 0.0621356 0.125429
234 0.0552577 0.111833
234.4 0.0487166 0.0991492
234.8 0.0425634 0.0873949
235.2 0.0368405 0.0765729
235.6 0.0315798 0.0666738
236 0.0268021 0.0576774
236.4 0.0225166 0.0495546
236.8 0.0187211 0.0422694
237.2 0.0154032 0.0357803
237.6 0.0125408 0.0300422
238 0.0101045 0.0250071
238.4 0.00805917 0.0206255
238.8 0.00636574 0.0168468
239.2 0.00498322 0.0136202
239.6 0.00387042 0.010895
240 0.00298742 0.00862088
240.4 0.00229672 0.00674841
240.8 0.00176415 0.00522934
241.2 0.0013594 0.00401704
241.6 0.00105622 0.00306695
242 0.000832444 0.00233704
242.4 0.000669775 0.00178832
242.8 0.000553396 0.00138528
243.2 0.000471552 0.00109629
243.6 0.000415062 0.00089383
244 0.000376862 0.000754673
244.4 0.000351577 0.000659841
244.8 0.000335154 0.000594445
245.2 0.000324566 0.00054736
245.6 0.000317577 0.000510787
246 0.000312565 0.000479719
246.4 0.000308393 0.000451366
246.8 0.000304307 0.000424564
247.2 0.00029987 0.000399227
247.6 0.000294885 0.000375861
248 0.000289349 0.000355165
248.4 0.000283388 0.000337751
248.8 0.000277207 0.000323957
249.2 0.000271043 0.000313771
249.6 0.000265114 0.000306835
250 0.000259595 0.000302514
250.4 0.000254591 0.000300003
250.8 0.00025013 0.00029845
251.2 0.000246167 0.000297067
251.6 0.000242598 0.000295226
252 0.000239282 0.000292512
252.4 0.00023606 0.000288749
252.8 0.000232787 0.000283977
253.2 0.000229346 0.000278419
253.6 0.000225663 0.000272408
254 0.000221712 0.000266324
254.4 0.000217518 0.000260524
254.8 0.000213143 0.000255288
255.2 0.000208678 0.000250784
255.6 0.000204227 0.000247056
256 0.00019989 0.000244025
256.4 0.000195754 0.00024152
256.8 0.000191883 0.000239311
257.2 0.00018831 0.000237148
257.6 0.000185046 0.000234805
258 0.000182072 0.00023211
258.4 0.000179359 0.000228968
258.8 0.000176865 0.000225367
259.2 0.000174549 0.000221375
259.6 0.000172374 0.000217121
260 0.000170314 0.000212776
260.4 0.000168353 0.00020852
260.8 0.000166487 0.000204517
261.2 0.000164714 0.000200898
261.6 0.000163041 0.000197737
262 0.000161468 0.000195056
262.4 0.000159992 0.000192819
262.8 0.000158602 0.000190948
263.2 0.000157278 0.000189337
263.6 0.000155995 0.000187868
264 0.00015472 0.000186435
264.4 0.000153423 0.00018495
264.8 0.000152075 0.00018336
265.2 0.000150655 0.000181646
265.6 0.000149152 0.000179822
266 0.000147567 0.00017793
266.4 0.000145913 0.000176026
266.8 0.000144211 0.000174169
267.2 0.000142489 0.00017241
267.6 0.000140779 0.000170781
268 0.000139113 0.000169294
268.4 0.000137515 0.000167932
268.8 0.000136006 0.000166659
269.2 0.000134597 0.000165422
269.6 0.000133289 0.000164162
270 0.000132076 0.000162819
270.4 0.000130945 0.000161349
270.8 0.000129877 0.000159723
271.2 0.000128855 0.000157934
271.6 0.000127859 0.000155996
272 0.000126874 0.000153945
272.4 0.000125886 0.000151829
272.8 0.000124887 0.000149703
273.2 0.000123871 0.00014762
273.6 0.000122835 0.000145624
274 0.00012178 0.000143747
274.4 0.000120705 0.000142001
274.8 0.000119609 0.000140379
275.2 0.000118493 0.000138858
275.6 0.000117353 0.000137402
276 0.000116188 0.00013597
276.4 0.000114995 0.000134518
276.8 0.000113775 0.000133009
277.2 0.000112527 0.000131417
277.6 0.000111254 0.000129728
278 0.000109961 0.000127945
278.4 0.000108655 0.000126083
278.8 0.000107343 0.000124171
279.2 0.000106035 0.000122242
279.6 0.000104738 0.000120334
280 0.000103458 0.000118481
280.4 0.000102198 0.000116711
280.8 0.000100961 0.000115044
281.2 9.97431e-05 0.000113485
281.6 9.85413e-05 0.000112033
282 9.735e-05 0.000110672
282.4 9.61634e-05 0.000109383
282.8 9.49764e-05 0.00010814
283.2 9.37856e-05 0.000106917
283.6 9.25897e-05 0.000105689
284 9.13899e-05 0.000104436
284.4 9.01898e-05 0.000103144
284.8 8.89944e-05 0.000101805
285.2 8.78094e-05 0.000100417
285.6 8.66401e-05 9.89832e-05
286 8.54901e-05 9.75111e-05
286.4 8.4361e-05 9.60102e-05
286.8 8.32513e-05 9.44905e-05
287.2 8.21571e-05 9.29623e-05
287.6 8.1072e-05 9.14345e-05
288 7.99881e-05 8.99151e-05
288.4 7.88977e-05 8.84108e-05
288.8 7.77937e-05 8.69279e-05
289.2 7.6672e-05 8.54721e-05
289.6 7.55312e-05 8.40498e-05
290 7.43742e-05 8.26676e-05
290.4 7.32078e-05 8.13324e-05
290.8 7.20422e-05 8.00513e-05
291.2 7.08903e-05 7.88309e-05
291.6 6.97661e-05 7.76764e-05
292 6.86836e-05 7.65909e-05
292.4 6.76552e-05 7.55751e-05
292.8 6.66905e-05 7.46265e-05
293.2 6.57954e-05 7.374e-05
293.6 6.49718e-05 7.29075e-05
294 6.42178e-05 7.21193e-05
294.4 6.3528e-05 7.13646e-05
294.8 6.28947e-05 7.06324e-05
295.2 6.2309e-05 6.99129e-05
295.6 6.1762e-05 6.91976e-05
296 6.12458e-05 6.84802e-05
296.4 6.07545e-05 6.77564e-05
296.8 6.02847e-05 6.7024e-05
297.2 5.98354e-05 6.6282e-05
297.6 5.94078e-05 6.55299e-05
298 5.90045e-05 6.47674e-05
298.4 5.86291e-05 6.39933e-05
298.8 5.82849e-05 6.32055e-05
299.2 5.79739e-05 6.24009e-05
299.6 5.76969e-05 6.15755e-05
300 5.74522e-05 6.07254e-05
300.4 5.72363e-05 5.98476e-05
300.8 5.70438e-05 5.89408e-05
301.2 5.68677e-05 5.80067e-05
301.6 5.67006e-05 5.70502e-05
302 5.6535e-05 5.60798e-05
302.4 5.63645e-05 5.51078e-05
302.8 5.61835e-05 5.41488e-05
303.2 5.59887e-05 5.32192e-05
303.6 5.57782e-05 5.23354e-05
304 5.55522e-05 5.15118e-05
304.4 5.53121e-05 5.07595e-05
304.8 5.50602e-05 5.00845e-05
305.2 5.47994e-05 4.94865e-05
305.6 5.45323e-05 4.89586e-05
306 5.42608e-05 4.84873e-05
306.4 5.39858e-05 4.80532e-05
306.8 5.37068e-05 4.76323e-05
307.2 5.34222e-05 4.71976e-05
307.6 5.31286e-05 4.67216e-05
308 5.28217e-05 4.6178e-05
308.4 5.24962e-05 4.55436e-05
308.8 5.2146e-05 4.48002e-05
309.2 5.17645e-05 4.39355e-05
309.6 5.13452e-05 4.29435e-05
310 5.08813e-05 4.18246e-05
310.4 5.03668e-05 4.0585e-05
310.8 4.9796e-05 3.92356e-05
311.2 4.91642e-05 3.77908e-05
311.6 4.84681e-05 3.62666e-05
312 4.77055e-05 3.46802e-05
312.4 4.68763e-05 3.30477e-05
312.8 4.59824e-05 3.13842e-05
313.2 4.50277e-05 2.97024e-05
313.6 4.40184e-05 2.80132e-05
314 4.2963e-05 2.63254e-05
314.4 4.18715e-05 2.46462e-05
314.8 4.07556e-05 2.29818e-05
315.2 3.96275e-05 2.13376e-05
315.6 3.84995e-05 1.97192e-05
316 3.73834e-05 1.81325e-05
316.4 3.62892e-05 1.65834e-05
316.8 3.52251e-05 1.50784e-05
317.2 3.41967e-05 1.36238e-05
317.6 3.32068e-05 1.22252e-05
318 3.22558e-05 1.08873e-05
318.4 3.13414e-05 9.61313e-06
318.8 3.04598e-05 8.40379e-06
319.2 2.96058e-05 7.25785e-06
319.6 2.87741e-05 6.1715e-06
320 2.79597e-05 5.13852e-06
320.4 2.71588e-05 4.15061e-06
320.8 2.63688e-05 3.1979e-06
321.2 2.55893e-05 2.26949e-06
321.6 2.48212e-05 1.35418e-06
322 2.40671e-05 4.41139e-07
322.4 2.33305e-05 -4.7946e-07
322.8 2.26154e-05 -1.41587e-06
323.2 2.19251e-05 -2.37436e-06
323.6 2.12624e-05 -3.35892e-06
324 2.06283e-05 -4.37116e-06
324.4 2.00222e-05 -5.41027e-06
324.8 1.94416e-05 -6.47323e-06
325.2 1.88822e-05 -7.55501e-06
325.6 1.83383e-05 -8.64891e-06
326 1.78034e-05 -9.74699e-06
326.4 1.72705e-05 -1.08405e-05
326.8 1.67331e-05 -1.19202e-05
327.2 1.61853e-05 -1.29773e-05
327.6 1.56228e-05 -1.40032e-05
328 1.50427e-05 -1.49908e-05
328.4 1.44441e-05 -1.59341e-05
328.8 1.38276e-05 -1.68289e-05
329.2 1.31954e-05 -1.76733e-05
329.6 1.25509e-05 -1.84672e-05
330 1.18982e-05 -1.92125e-05
330.4 1.12422e-05 -1.99133e-05
330.8 1.05874e-05 -2.05749e-05
331.2 9.93855e-06 -2.12039e-05
331.6 9.29972e-06 -2.18072e-05
332 8.67449e-06 -2.23918e-05
332.4 8.06586e-06 -2.29636e-05
332.8 7.47619e-06 -2.35274e-05
333.2 6.9073e-06 -2.40862e-05
333.6 6.36044e-06 -2.46406e-05
334 5.83638e-06 -2.51892e-05
334.4 5.33542e-06 -2.57284e-05
334.8 4.85743e-06 -2.62528e-05
335.2 4.40182e-06 -2.67559e-05
335.6 3.96759e-06 -2.72304e-05
336 3.55341e-06 -2.76696e-05
336.4 3.15766e-06 -2.80674e-05
336.8 2.77859e-06 -2.84198e-05
337.2 2.41448e-06 -2.87247e-05
337.6 2.06384e-06 -2.89829e-05
338 1.72562e-06 -2.9198e-05
338.4 1.39933e-06 -2.9376e-05
338.8 1.08521e-06 -2.95254e-05
339.2 7.84226e-07 -2.96561e-05
339.6 4.98017e-07 -2.97792e-05
340 2.28725e-07 -2.99055e-05
340.4 -2.12611e-08 -3.00453e-05
340.8 -2.49625e-07 -3.02071e-05
341.2 -4.54476e-07 -3.03973e-05
341.6 -6.34687e-07 -3.06195e-05
342 -7.90174e-07 -3.08746e-05
342.4 -9.22077e-07 -3.11604e-05
342.8 -1.03282e-06 -3.1472e-05
343.2 -1.12602e-06 -3.18024e-05
343.6 -1.2063e-06 -3.21427e-05
344 -1.27889e-06 -3.24829e-05
344.4 -1.34932e-06 -3.28126e-05
344.8 -1.42289e-06 -3.31213e-05
345.2 -1.50431e-06 -3.33995e-05
345.6 -1.59734e-06 -3.36384e-05
346 -1.70458e-06 -3.3831e-05
346.4 -1.82732e-06 -3.39714e-05
346.8 -1.96562e-06 -3.40557e-05
347.2 -2.11847e-06 -3.40811e-05
347.6 -2.2841e-06 -3.40464e-05
348 -2.46024e-06 -3.39518e-05
348.4 -2.64458e-06 -3.37981e-05
348.8 -2.83503e-06 -3.35873e-05
349.2 -3.03e-06 -3.3322e-05
349.6 -3.22858e-06 -3.30052e-05
350 -3.4306e-06 -3.26408e-05
350.4 -3.63654e-06 -3.22327e-05
350.8 -3.84739e-06 -3.17853e-05
351.2 -4.06443e-06 -3.13034e-05
351.6 -4.28895e-06 -3.0792e-05
352 -4.52205e-06 -3.02561e-05
352.4 -4.76435e-06 -2.97008e-05
352.8 -5.01588e-06 -2.91311e-05
353.2 -5.27601e-06 -2.85516e-05
353.6 -5.54342e-06 -2.79666e-05
354 -5.81622e-06 -2.73796e-05
354.4 -6.09207e-06 -2.67936e-05
354.8 -6.36834e-06 -2.62104e-05
355.2 -6.64231e-06 -2.56312e-05
355.6 -6.91129e-06 -2.50562e-05
356 -7.17279e-06 -2.44848e-05
356.4 -7.42457e-06 -2.39155e-05
356.8 -7.66468e-06 -2.33465e-05
357.2 -7.89144e-06 -2.27756e-05
357.6 -8.10344e-06 -2.22004e-05
358 -8.29944e-06 -2.16188e-05
358.4 -8.47836e-06 -2.10289e-05
358.8 -8.63924e-06 -2.04296e-05
359.2 -8.78121e-06 -1.98204e-05
359.6 -8.90353e-06 -1.92016e-05
360 -9.00561e-06 -1.85748e-05
360.4 -9.08704e-06 -1.79421e-05
360.8 -9.14766e-06 -1.73068e-05
361.2 -9.18754e-06 -1.66728e-05
361.6 -9.20705e-06 -1.60447e-05
362 -9.20678e-06 -1.54273e-05
362.4 -9.18752e-06 -1.48255e-05
362.8 -9.15017e-06 -1.4244e-05
363.2 -9.09569e-06 -1.36869e-05
363.6 -9.025e-06 -1.31577e-05
364 -8.93894e-06 -1.26587e-05
364.4 -8.83823e-06 -1.2191e-05
364.8 -8.72352e-06 -1.17545e-05
365.2 -8.59542e-06 -1.13477e-05
365.6 -8.45456e-06 -1.09679e-05
366 -8.30176e-06 -1.06113e-05
366.4 -8.13808e-06 -1.02731e-05
366.8 -7.96492e-06 -9.9482e-06
367.2 -7.78407e-06 -9.63099e-06
367.6 -7.59771e-06 -9.31609e-06
368 -7.40833e-06 -8.99856e-06
368.4 -7.21857e-06 -8.67416e-06
368.8 -7.03111e-06 -8.33966e-06
369.2 -6.84839e-06 -7.99292e-06
369.6 -6.6724e-06 -7.63302e-06
370 -6.50448e-06 -7.26018e-06
370.4 -6.34515e-06 -6.8757e-06
370.8 -6.194e-06 -6.48177e-06
371.2 -6.04968e-06 -6.08123e-06
371.6 -5.90995e-06 -5.67736e-06
372 -5.77182e-06 -5.27358e-06
372.4 -5.63182e-06 -4.87329e-06
372.8 -5.48617e-06 -4.47964e-06
373.2 -5.33117e-06 -4.09543e-06
373.6 -5.16341e-06 -3.72302e-06
374 -4.98006e-06 -3.36433e-06
374.4 -4.77908e-06 -3.02083e-06
374.8 -4.55933e-06 -2.69368e-06
375.2 -4.32069e-06 -2.38371e-06
375.6 -4.064e-06 -2.09156e-06
376 -3.79108e-06 -1.81772e-06
376.4 -3.50457e-06 -1.56256e-06
376.8 -3.20783e-06 -1.32631e-06
377.2 -2.90473e-06 -1.10908e-06
377.6 -2.59958e-06 -9.10789e-07
378 -2.29686e-06 -7.31101e-07
378.4 -2.00116e-06 -5.69377e-07
378.8 -1.71699e-06 -4.24631e-07
379.2 -1.44864e-06 -2.95519e-07
379.6 -1.20005e-06 -1.80358e-07
380 -9.74682e-07 -7.71813e-08
380.4 -7.75375e-07 1.61756e-08
380.8 -6.04244e-07 1.01959e-07
381.2 -4.62561e-07 1.82377e-07
381.6 -3.50682e-07 2.59472e-07
382 -2.68013e-07 3.35025e-07
382.4 -2.13018e-07 4.10473e-07
382.8 -1.83296e-07 4.86873e-07
383.2 -1.75709e-07 5.64908e-07
383.6 -1.86577e-07 6.44925e-07
384 -2.11907e-07 7.27007e-07
384.4 -2.47661e-07 8.11061e-07
384.8 -2.90019e-07 8.96912e-07
385.2 -3.35627e-07 9.84388e-07
385.6 -3.81797e-07 1.07337e-06
386 -4.26639e-07 1.16384e-06
386.4 -4.69112e-07 1.25582e-06
386.8 -5.08989e-07 1.3494e-06
387.2 -5.46739e-07 1.44459e-06
387.6 -5.83341e-07 1.54129e-06
388 -6.20049e-07 1.63915e-06
388.4 -6.58149e-07 1.73755e-06
388.8 -6.98713e-07 1.83548e-06
389.2 -7.42403e-07 1.93163e-06
389.6 -7.89338e-07 2.02432e-06
390 -8.39027e-07 2.11167e-06
390.4 -8.90394e-07 2.19167e-06
390.8 -9.41875e-07 2.26236e-06
391.2 -9.91575e-07 2.32196e-06
391.6 -1.03746e-06 2.36903e-06
392 -1.07758e-06 2.40261e-06
392.4 -1.11023e-06 2.42235e-06
392.8 -1.13416e-06 2.42847e-06
393.2 -1.14863e-06 2.42187e-06
393.6 -1.15349e-06 2.40397e-06
394 -1.14912e-06 2.37672e-06
394.4 -1.13639e-06 2.34241e-06
394.8 -1.11652e-06 2.30353e-06
395.2 -1.09093e-06 2.26263e-06
395.6 -1.06111e-06 2.22218e-06
396 -1.02849e-06 2.18443e-06
396.4 -9.94349e-07 2.1513e-06
396.8 -9.59738e-07 2.12433e-06
397.2 -9.25487e-07 2.10459e-06
397.6 -8.92213e-07 2.09271e-06
398 -8.60369e-07 2.08881e-06
398.4 -8.30304e-07 2.09258e-06
398.8 -8.0232e-07 2.10323e-06
399.2 -7.76721e-07 2.11953e-06
399.6 -7.5383e-07 2.13986e-06
400 -7.33988e-07 2.16217e-06
