-0.998 2.83468 0.529059
-0.996 1.25466 0.512443
-0.994 -0.438459 0.210943
-0.992 -2.01471 -0.32237
-0.99 -3.25511 -0.986575
-0.988 -3.98526 -1.65324
-0.986 -4.10303 -2.19177
-0.984 -3.59541 -2.4946
-0.982 -2.54121 -2.4975
-0.98 -1.09882 -2.19099
-0.978 0.519086 -1.62117
-0.976 2.07967 -0.879805
-0.974 3.36691 -0.0863836
-0.972 4.21516 0.634486
-0.97 4.53343 1.17555
-0.968 4.31634 1.46512
-0.966 3.64025 1.47776
-0.964 2.64558 1.23593
-0.962 1.50901 0.802858
-0.96 0.410983 0.2686
-0.958 -0.49551 -0.267565
-0.956 -1.10886 -0.714874
-0.954 -1.39158 -1.00568
-0.952 -1.36984 -1.10459
-0.95 -1.12064 -1.01104
-0.948 -0.749877 -0.755758
-0.946 -0.366229 -0.392429
-0.944 -0.0564657 0.0130975
-0.942 0.132557 0.393894
-0.94 0.20161 0.691322
-0.938 0.195073 0.861519
-0.936 0.18626 0.878692
-0.934 0.255483 0.735627
-0.932 0.465798 0.442333
-0.93 0.841984 0.0237785
-0.928 1.35768 -0.482541
-0.926 1.93403 -1.02895
-0.924 2.45082 -1.56011
-0.922 2.76852 -2.01626
-0.92 2.7571 -2.3379
-0.918 2.32622 -2.47213
-0.916 1.4504 -2.38053
-0.914 0.183719 -2.04749
-0.912 -1.33981 -1.48732
-0.91 -2.92119 -0.748254
-0.908 -4.32512 0.0886764
-0.906 -5.31773 0.916871
-0.904 -5.70703 1.61754
-0.902 -5.37873 2.07774
-0.9 -4.32092 2.21038
-0.898 -2.63262 1.97247
-0.896 -0.514084 1.37779
-0.894 1.76014 0.500698
-0.892 3.88139 -0.530783
-0.89 5.55395 -1.55261
-0.888 6.54124 -2.39087
-0.886 6.70339 -2.89217
-0.884 6.01983 -2.95305
-0.882 4.59288 -2.54232
-0.88 2.6317 -1.71174
-0.878 0.419177 -0.592027
-0.876 -1.73268 0.626124
-0.874 -3.53128 1.72317
-0.872 -4.74793 2.48887
-0.87 -5.25077 2.76056
-0.868 -5.0213 2.45436
-0.866 -4.15196 1.58324
-0.864 -2.8261 0.258071
-0.862 -1.28403 -1.32905
-0.86 0.218277 -2.93653
-0.858 1.45087 -4.31456
-0.856 2.24458 -5.24829
-0.854 2.51348 -5.5951
-0.852 2.26175 -5.30872
-0.85 1.57474 -4.44583
-0.848 0.596738 -3.15381
-0.846 -0.499565 -1.64211
-0.844 -1.5459 -0.142805
-0.842 -2.40713 1.13183
-0.84 -3.00085 2.02673
-0.838 -3.30463 2.46907
-0.836 -3.35065 2.47643
-0.834 -3.20969 2.14686
-0.832 -2.96857 1.63337
-0.83 -2.70656 1.10835
-0.828 -2.47565 0.72538
-0.826 -2.28917 0.586353
-0.824 -2.12074 0.72055
-0.822 -1.91381 1.0798
-0.82 -1.59918 1.5505
-0.818 -1.11671 1.97984
-0.816 -0.436103 2.21053
-0.814 0.428142 2.11674
-0.812 1.41135 1.63368
-0.81 2.40462 0.774531
-0.808 3.27146 -0.36878
-0.806 3.8722 -1.64124
-0.804 4.09129 -2.85361
-0.802 3.86207 -3.81861
-0.8 3.18376 -4.38702
-0.798 2.12694 -4.47646
-0.796 0.82604 -4.08695
-0.794 -0.540246 -3.30042
-0.792 -1.77722 -2.26417
-0.79 -2.70608 -1.16197
-0.788 -3.19368 -0.178564
-0.786 -3.1747 0.535262
-0.784 -2.66218 0.89017
-0.782 -1.74447 0.873129
-0.78 -0.569412 0.547018
-0.778 0.681351 0.0354838
-0.776 1.82293 -0.503568
-0.774 2.69708 -0.910317
-0.772 3.19604 -1.05471
-0.77 3.27632 -0.861291
-0.768 2.96062 -0.322606
-0.766 2.32816 0.501116
-0.764 1.49625 1.49533
-0.762 0.5971 2.51447
-0.76 -0.245284 3.41011
-0.758 -0.933637 4.05826
-0.756 -1.40841 4.38045
-0.754 -1.64991 4.35484
-0.752 -1.67244 4.01592
-0.75 -1.51291 3.44355
-0.748 -1.21752 2.74448
-0.746 -0.830031 2.03046
-0.744 -0.384476 1.39761
-0.742 0.0962743 0.911132
-0.74 0.59642 0.597805
-0.738 1.09952 0.447111
-0.736 1.58016 0.419898
-0.734 1.9982 0.461955
-0.732 2.29849 0.519036
-0.73 2.41719 0.549875
-0.728 2.29438 0.534408
-0.726 1.89047 0.475778
-0.724 1.20266 0.396205
-0.722 0.276914 0.328271
-0.72 -0.788555 0.304127
-0.718 -1.85068 0.345523
-0.716 -2.74008 0.457149
-0.714 -3.28845 0.624895
-0.712 -3.35997 0.819296
-0.71 -2.88087 1.00312
-0.708 -1.86078 1.14106
-0.706 -0.400563 1.20892
-0.704 1.3161 1.20001
-0.702 3.04742 1.12701
-0.7 4.53086 1.01894
-0.698 5.52718 0.913856
-0.696 5.86297 0.849191
-0.694 5.46376 0.851982
-0.692 4.37078 0.931434
-0.69 2.73758 1.07568
-0.688 0.806459 1.25363
-0.686 -1.13173 1.42173
-0.684 -2.78691 1.53413
-0.682 -3.9195 1.55411
-0.68 -4.38096 1.46408
-0.678 -4.13771 1.27172
-0.676 -3.27397 1.01063
-0.674 -1.97311 0.735037
-0.672 -0.48142 0.50949
-0.67 0.938591 0.395464
-0.668 2.05604 0.437761
-0.666 2.71145 0.653563
-0.664 2.84093 1.02656
-0.662 2.48038 1.50757
-0.66 1.74978 2.0217
-0.658 0.821477 2.4809
-0.656 -0.120072 2.79942
-0.654 -0.918144 2.90936
-0.652 -1.47449 2.7732
-0.65 -1.76441 2.39099
-0.648 -1.83338 1.80074
-0.646 -1.77651 1.0721
-0.644 -1.70619 0.294366
-0.642 -1.71609 -0.438627
-0.64 -1.85032 -1.04413
-0.638 -2.08579 -1.46355
-0.636 -2.33266 -1.67075
-0.634 -2.45357 -1.67406
-0.632 -2.29804 -1.51201
-0.63 -1.74442 -1.24356
-0.628 -0.739629 -0.935146
-0.626 0.673146 -0.646768
-0.624 2.34649 -0.420144
-0.622 4.04435 -0.270906
-0.62 5.47967 -0.18637
-0.618 6.36793 -0.129157
-0.616 6.486 -0.0458989
-0.614 5.72425 0.120656
-0.612 4.12022 0.418447
-0.61 1.86543 0.874241
-0.608 -0.718054 1.48531
-0.606 -3.22843 2.2162
-0.604 -5.25391 3.00125
-0.602 -6.44843 3.75268
-0.6 -6.5987 4.37294
-0.598 -5.66909 4.76965
-0.596 -3.81458 4.87061
-0.594 -1.3581 4.63671
-0.592 1.2645 4.07051
-0.59 3.58225 3.2189
-0.588 5.17504 2.16932
-0.586 5.75146 1.03959
-0.584 5.20327 -0.0373359
-0.582 3.62577 -0.931737
-0.58 1.29975 -1.53607
-0.578 -1.36161 -1.78173
-0.576 -3.89075 -1.65108
-0.574 -5.85339 -1.18269
-0.572 -6.92896 -0.468602
-0.57 -6.96805 0.356526
-0.568 -6.01597 1.13338
-0.566 -4.29808 1.70084
-0.564 -2.17037 1.92059
-0.562 -0.0453935 1.69998
-0.56 1.69105 1.00936
-0.558 2.75571 -0.109002
-0.556 3.02082 -1.54236
-0.554 2.53362 -3.11971
-0.552 1.49909 -4.63349
-0.55 0.229845 -5.86793
-0.548 -0.925894 -6.63003
-0.546 -1.66288 -6.77861
-0.544 -1.78734 -6.24681
-0.542 -1.26087 -5.0544
-0.54 -0.210328 -3.30775
-0.538 1.09833 -1.18697
-0.536 2.31714 1.07796
-0.534 3.09198 3.2386
-0.532 3.14157 5.06234
-0.53 2.32282 6.36403
-0.528 0.668747 7.03042
-0.526 -1.60929 7.03336
-0.524 -4.15617 6.43009
-0.522 -6.5378 5.35088
-0.52 -8.32358 3.97617
-0.518 -9.17015 2.50742
-0.516 -8.88993 1.13641
-0.514 -7.49058 0.0181122
-0.512 -5.17767 -0.748672
-0.51 -2.31971 -1.13022
-0.508 0.617395 -1.1554
-0.506 3.15396 -0.903114
-0.504 4.88183 -0.482486
-0.502 5.53529 -0.00985579
-0.5 5.03443 0.413011
-0.498 3.49361 0.715661
-0.496 1.19452 0.867914
-0.494 -1.46972 0.879974
-0.492 -4.06768 0.794346
-0.49 -6.20543 0.671748
-0.488 -7.5906 0.574231
-0.486 -8.0735 0.549142
-0.484 -7.65909 0.617245
-0.482 -6.48997 0.767381
-0.48 -4.80614 0.958693
-0.478 -2.89161 1.12986
-0.476 -1.01979 1.21335
-0.474 0.591214 1.15176
-0.472 1.80531 0.912779
-0.47 2.57373 0.499729
-0.468 2.92056 -0.0446054
-0.466 2.91465 -0.641742
-0.464 2.63663 -1.18844
-0.462 2.15054 -1.57304
-0.46 1.48763 -1.69448
-0.458 0.646224 -1.48085
-0.456 -0.392991 -0.904266
-0.454 -1.64117 0.0104421
-0.452 -3.07319 1.1849
-0.45 -4.60621 2.49457
-0.448 -6.09261 3.78354
-0.446 -7.33157 4.88454
-0.444 -8.0991 5.64152
-0.442 -8.19146 5.93144
-0.44 -7.47294 5.68228
-0.438 -5.91732 4.88461
-0.436 -3.63253 3.59514
-0.434 -0.860996 1.93177
-0.432 2.04729 0.0605977
-0.43 4.68587 -1.82333
-0.428 6.65909 -3.519
-0.426 7.65295 -4.84338
-0.424 7.49597 -5.65305
-0.422 6.19718 -5.861
-0.42 3.9527 -5.44647
-0.418 1.11803 -4.45647
-0.416 -1.8498 -2.9992
-0.414 -4.47026 -1.22984
-0.412 -6.32306 0.668973
-0.41 -7.12164 2.50969
-0.408 -6.76247 4.12208
-0.406 -5.34046 5.37235
-0.404 -3.12763 6.17646
-0.402 -0.519226 6.50615
-0.4 2.04218 6.38713
-0.398 4.14962 5.89032
-0.396 5.50556 5.11777
-0.394 5.97254 4.18594
-0.392 5.59086 3.2089
-0.39 4.56075 2.2843
-0.388 3.19309 1.48372
-0.386 1.83955 0.848718
-0.384 0.816624 0.392437
-0.382 0.339444 0.105683
-0.38 0.478941 -0.0343089
-0.378 1.15093 -0.0547477
-0.376 2.13902 0.0200112
-0.374 3.14612 0.172248
-0.372 3.86342 0.390425
-0.37 4.04194 0.664894
-0.368 3.55157 0.981236
-0.366 2.41478 1.31345
-0.364 0.80787 1.61944
-0.362 -0.970994 1.84087
-0.36 -2.56043 1.90843
-0.358 -3.6095 1.75243
-0.356 -3.85124 1.31703
-0.354 -3.16113 0.575371
-0.352 -1.58823 -0.457479
-0.35 0.647512 -1.71727
-0.348 3.19193 -3.0912
-0.346 5.62024 -4.42764
-0.344 7.51541 -5.55427
-0.342 8.54594 -6.30234
-0.34 8.52786 -6.53334
-0.338 7.45909 -6.16342
-0.336 5.51941 -5.1812
-0.334 3.03668 -3.65502
-0.332 0.425902 -1.72789
-0.33 -1.88652 0.399879
-0.328 -3.53889 2.49784
-0.326 -4.29622 4.33815
-0.324 -4.0869 5.72825
-0.322 -3.00791 6.5382
-0.32 -1.29872 6.71773
-0.318 0.709992 6.30033
-0.316 2.66204 5.39387
-0.314 4.24269 4.15952
-0.312 5.2338 2.78315
-0.31 5.54728 1.4445
-0.308 5.23114 0.28971
-0.306 4.44872 -0.587813
-0.304 3.43631 -1.15522
-0.302 2.44917 -1.43592
-0.3 1.70705 -1.49495
-0.298 1.35067 -1.4176
-0.296 1.41722 -1.28649
-0.294 1.83925 -1.16187
-0.292 2.46584 -1.06951
-0.29 3.10073 -0.998562
-0.288 3.54842 -0.909518
-0.286 3.65831 -0.750213
-0.284 3.35737 -0.47601
-0.282 2.66503 -0.0691769
-0.28 1.68779 0.4474
-0.278 0.595417 1.00598
-0.276 -0.415608 1.501
-0.274 -1.16341 1.80667
-0.272 -1.51813 1.80213
-0.27 -1.42784 1.39905
-0.268 -0.927983 0.566087
-0.266 -0.132684 -0.655461
-0.264 0.789718 -2.14871
-0.262 1.6517 -3.73262
-0.26 2.28465 -5.18667
-0.258 2.57213 -6.28501
-0.256 2.4717 -6.8342
-0.254 2.02116 -6.70792
-0.252 1.32853 -5.87222
-0.25 0.548319 -4.39649
-0.248 -0.150582 -2.44781
-0.246 -0.618818 -0.269358
-0.244 -0.755479 1.85388
-0.242 -0.526693 3.63642
-0.24 0.0292072 4.83392
-0.238 0.810274 5.27844
-0.236 1.67094 4.90164
-0.234 2.449 3.74264
-0.232 2.99425 1.93965
-0.23 3.19335 -0.292572
-0.228 2.98694 -2.69513
-0.226 2.37665 -5.00158
-0.224 1.42185 -6.97262
-0.222 0.227678 -8.42375
-0.22 -1.07261 -9.24242
-0.218 -2.33767 -9.3933
-0.216 -3.43708 -8.91251
-0.214 -4.26666 -7.8934
-0.212 -4.75877 -6.46764
-0.21 -4.88679 -4.78523
-0.208 -4.66477 -2.99703
-0.206 -4.14297 -1.24199
-0.204 -3.40092 0.360247
-0.202 -2.53875 1.71177
-0.2 -1.66756 2.73566
-0.198 -0.898789 3.37411
-0.196 -0.332785 3.58759
-0.194 -0.046762 3.35613
-0.192 -0.0831259 2.683
-0.19 -0.439703 1.59976
-0.188 -1.06399 0.171006
-0.186 -1.85365 -1.50374
-0.184 -2.66488 -3.29268
-0.182 -3.32937 -5.04032
-0.18 -3.67875 -6.58192
-0.178 -3.57368 -7.76235
-0.176 -2.93316 -8.45686
-0.174 -1.7584 -8.59016
-0.172 -0.145745 -8.15047
-0.17 1.71572 -7.19536
-0.168 3.56396 -5.84777
-0.166 5.09995 -4.28197
-0.164 6.03536 -2.70136
-0.162 6.14452 -1.31114
-0.16 5.31155 -0.290305
-0.158 3.56317 0.23269
-0.156 1.07972 0.196653
-0.154 -1.82009 -0.385785
-0.152 -4.7204 -1.43256
-0.15 -7.1704 -2.80643
-0.148 -8.75778 -4.33649
-0.146 -9.18117 -5.84304
-0.144 -8.30835 -7.16176
-0.142 -6.20885 -8.1633
-0.14 -3.15355 -8.76553
-0.138 0.420462 -8.93715
-0.136 3.97521 -8.69287
-0.134 6.95725 -8.08222
-0.132 8.88891 -7.17475
-0.13 9.44936 -6.04511
-0.128 8.53105 -4.76115
-0.126 6.26059 -3.37723
-0.124 2.97977 -1.93357
-0.122 -0.810781 -0.461262
-0.12 -4.53571 1.00912
-0.118 -7.64213 2.43789
-0.116 -9.69263 3.76859
-0.114 -10.4374 4.92503
-0.112 -9.85301 5.81448
-0.11 -8.14052 6.33741
-0.108 -5.68458 6.40253
-0.106 -2.98049 5.94458
-0.104 -0.543515 4.94163
-0.102 1.18299 3.42813
-0.1 1.90376 1.50095
-0.098 1.51835 -0.683905
-0.096 0.130719 -2.92429
-0.094 -1.97906 -4.99363
-0.092 -4.41445 -6.6688
-0.09 -6.74107 -7.76026
-0.088 -8.56884 -8.14008
-0.086 -9.62194 -7.76331
-0.084 -9.78389 -6.67912
-0.082 -9.10994 -5.0295
-0.08 -7.80581 -3.03497
-0.078 -6.17821 -0.969015
-0.076 -4.56788 0.875817
-0.074 -3.27946 2.22566
-0.072 -2.52224 2.86189
-0.07 -2.37375 2.65159
-0.068 -2.77251 1.56754
-0.066 -3.54055 -0.305204
-0.064 -4.42952 -2.77723
-0.062 -5.17996 -5.57647
-0.06 -5.58084 -8.38078
-0.058 -5.51694 -10.8574
-0.056 -4.99458 -12.7041
-0.054 -4.14076 -13.6868
-0.052 -3.17639 -13.6692
-0.05 -2.36921 -12.6306
-0.048 -1.97636 -10.6694
-0.046 -2.18826 -7.99222
-0.044 -3.08562 -4.8888
-0.042 -4.61804 -1.69775
-0.04 -6.60863 1.23424
-0.038 -8.78313 3.59305
-0.036 -10.8174 5.13287
-0.034 -12.3931 5.70276
-0.032 -13.2516 5.26097
-0.03 -13.2347 3.87629
-0.028 -12.3068 1.71681
-0.026 -10.5551 -0.971994
-0.024 -8.16955 -3.89667
-0.022 -5.40658 -6.74912
-0.02 -2.54622 -9.23945
-0.018 0.150465 -11.1245
-0.016 2.47498 -12.2287
-0.014 4.29101 -12.4547
-0.012 5.53829 -11.7849
-0.01 6.22274 -10.2734
-0.008 6.39801 -8.03293
-0.006 6.14436 -5.21751
-0.004 5.55113 -2.00602
-0.002 4.70616 1.41302
0 3.69358 4.85353
0.002 2.59822 8.14056
0.004 1.51337 11.1152
0.006 0.546845 13.6375
0.008 -0.178225 15.5882
0.01 -0.531033 16.8703
0.012 -0.389797 17.4123
0.014 0.334715 17.1737
0.016 1.6736 16.1529
0.018 3.57874 14.3952
0.02 5.91281 12.0001
0.022 8.45535 9.12354
0.024 10.9263 5.97406
0.026 13.0244 2.80109
0.028 14.4748 -0.124491
0.03 15.0763 -2.53582
0.032 14.7393 -4.19874
0.034 13.5066 -4.94037
0.036 11.5514 -4.67371
0.038 9.15222 -3.41441
0.04 6.64755 -1.28666
0.042 4.37816 1.48416
0.044 2.62802 4.59229
0.046 1.57503 7.68444
0.048 1.26198 10.4009
0.05 1.59372 12.4195
0.052 2.36182 13.4967
0.054 3.29157 13.4993
0.056 4.10192 12.4229
0.058 4.56594 10.3937
0.06 4.55934 7.6535
0.062 4.08679 4.52971
0.064 3.28064 1.39351
0.066 2.3715 -1.3876
0.068 1.63659 -3.4971
0.07 1.33602 -4.70989
0.072 1.65034 -4.9203
0.074 2.6328 -4.15368
0.076 4.1873 -2.56031
0.078 6.07796 -0.392411
0.08 7.96947 2.03186
0.082 9.49107 4.37236
0.084 10.3115 6.31234
0.086 10.2099 7.59893
0.088 9.1275 8.07329
0.09 7.18931 7.6865
0.092 4.69016 6.4995
0.094 2.04618 4.66815
0.096 -0.279453 2.41609
0.098 -1.86332 0.000467947
0.1 -2.4045 -2.32403
0.102 -1.787 -4.33733
0.104 -0.109236 -5.87775
0.106 2.32613 -6.85478
0.108 5.06123 -7.24974
0.11 7.5624 -7.10583
0.112 9.31587 -6.51028
0.114 9.92196 -5.57263
0.116 9.17042 -4.40359
0.118 7.08279 -3.09831
0.12 3.91372 -1.72679
0.122 0.110698 -0.332454
0.124 -3.76071 1.0618
0.126 -7.11274 2.44246
0.128 -9.43519 3.79238
0.13 -10.3813 5.07964
0.132 -9.82481 6.25134
0.134 -7.87806 7.23438
0.136 -4.86978 7.94359
0.138 -1.28628 8.29606
0.14 2.3119 8.22879
0.142 5.38307 7.71598
0.144 7.49086 6.78209
0.146 8.3694 5.50741
0.148 7.95732 4.0242
0.15 6.39612 2.50317
0.152 3.99524 1.13206
0.154 1.17156 0.0894837
0.156 -1.62458 -0.481776
0.158 -3.98344 -0.497359
0.16 -5.59734 0.0540231
0.162 -6.30022 1.10668
0.164 -6.08023 2.52569
0.166 -5.066 4.12515
0.168 -3.49119 5.69419
0.17 -1.64568 7.02628
0.172 0.176889 7.9473
0.174 1.72612 8.33788
0.176 2.82881 8.14674
0.178 3.40602 7.39357
0.18 3.47235 6.16174
0.182 3.12027 4.58288
0.184 2.49418 2.81663
0.186 1.76036 1.02925
0.188 1.07829 -0.625399
0.19 0.577927 -2.01987
0.192 0.345351 -3.06091
0.194 0.417263 -3.69114
0.196 0.783248 -3.88594
0.198 1.39351 -3.64784
0.2 2.16956 -3.00075
0.202 3.01559 -1.98584
0.204 3.82913 -0.660213
0.206 4.51032 0.901914
0.208 4.97011 2.60691
0.21 5.13771 4.34036
0.212 4.96774 5.96884
0.214 4.44663 7.34674
0.216 3.59756 8.32858
0.218 2.48225 8.78618
0.22 1.19831 8.62834
0.222 -0.128965 7.81975
0.224 -1.36034 6.39512
0.226 -2.36077 4.46509
0.228 -3.01953 2.21104
0.23 -3.26901 -0.131726
0.232 -3.09848 -2.30125
0.234 -2.55958 -4.04321
0.236 -1.76133 -5.14696
0.238 -0.854534 -5.4775
0.24 -0.00733885 -4.99769
0.242 0.623985 -3.77645
0.244 0.923737 -1.98098
0.246 0.839232 0.146209
0.248 0.392156 2.32205
0.25 -0.324069 4.26403
0.252 -1.16109 5.73102
0.254 -1.94391 6.55713
0.256 -2.50543 6.67327
0.258 -2.72046 6.11283
0.26 -2.53227 5.00117
0.262 -1.96576 3.53081
0.264 -1.12427 1.92737
0.266 -0.170008 0.41221
0.268 0.708064 -0.831513
0.27 1.33257 -1.68361
0.272 1.57421 -2.09872
0.274 1.37885 -2.10412
0.276 0.779172 -1.78481
0.278 -0.111662 -1.26
0.28 -1.12344 -0.655934
0.282 -2.06484 -0.0810832
0.284 -2.76439 0.391795
0.286 -3.10804 0.733388
0.288 -3.06479 0.954677
0.29 -2.69454 1.09448
0.292 -2.13573 1.20121
0.294 -1.57465 1.31353
0.296 -1.20264 1.44457
0.298 -1.17017 1.57365
0.3 -1.5481 1.6474
0.302 -2.30498 1.59056
0.304 -3.30646 1.32399
0.306 -4.33794 0.786269
0.308 -5.14688 -0.0460016
0.31 -5.49651 -1.1439
0.312 -5.22022 -2.4215
0.314 -4.26474 -3.74257
0.316 -2.71248 -4.93809
0.318 -0.776992 -5.83181
0.32 1.22905 -6.26933
0.322 2.94824 -6.14534
0.324 4.04538 -5.4241
0.326 4.2739 -4.14901
0.328 3.52855 -2.43962
0.33 1.8733 -0.476173
0.332 -0.462171 1.52566
0.334 -3.1178 3.34559
0.336 -5.66446 4.78994
0.338 -7.68028 5.71798
0.34 -8.8275 6.05936
0.342 -8.91503 5.82003
0.344 -7.93436 5.07636
0.346 -6.06143 3.95912
0.348 -3.62383 2.63073
0.35 -1.03945 1.2598
0.352 1.26151 -0.00249515
0.354 2.91592 -1.04076
0.356 3.69298 -1.78593
0.358 3.5328 -2.21735
0.36 2.55098 -2.35698
0.362 1.00879 -2.25796
0.364 -0.744595 -1.99038
0.366 -2.34575 -1.62722
0.368 -3.49147 -1.23339
0.37 -3.99881 -0.859199
0.372 -3.83855 -0.539012
0.374 -3.13541 -0.294061
0.376 -2.13526 -0.137878
0.378 -1.14648 -0.0820856
0.38 -0.467987 -0.140568
0.382 -0.319437 -0.330547
0.384 -0.788439 -0.670063
0.386 -1.80644 -1.17233
0.388 -3.15873 -1.83833
0.39 -4.52692 -2.64942
0.392 -5.55548 -3.56214
0.394 -5.92857 -4.50674
0.396 -5.44129 -5.39058
0.398 -4.05037 -6.1065
0.4 -1.89318 -6.54553
0.402 0.729391 -6.61206
0.404 3.40359 -6.23948
0.406 5.67762 -5.4035
0.408 7.14609 -4.13101
0.41 7.52777 -2.50243
0.412 6.72145 -0.646828
0.414 4.82876 1.27016
0.416 2.13952 3.06416
0.418 -0.917642 4.55346
0.42 -3.84994 5.58126
0.422 -6.18611 6.03551
0.424 -7.55676 5.86396
0.426 -7.75475 5.08206
0.428 -6.76478 3.77258
0.43 -4.75802 2.07688
0.432 -2.05411 0.178715
0.434 0.940652 -1.71752
0.436 3.8062 -3.41127
0.438 6.17833 -4.72993
0.44 7.80245 -5.54941
0.442 8.56247 -5.80835
0.444 8.48188 -5.51409
0.446 7.69923 -4.73956
0.448 6.42595 -3.61152
0.45 4.89674 -2.29183
0.452 3.32391 -0.954518
0.454 1.86501 0.238149
0.456 0.609196 1.15696
0.458 -0.416969 1.72137
0.46 -1.22827 1.90725
0.462 -1.85193 1.74579
0.464 -2.30017 1.31401
0.466 -2.55266 0.718786
0.468 -2.55439 0.0771602
0.47 -2.22996 -0.503693
0.472 -1.51076 -0.94337
0.474 -0.367849 -1.19927
0.476 1.15915 -1.26997
0.478 2.9458 -1.19066
0.48 4.78595 -1.02167
0.482 6.41614 -0.832727
0.484 7.55844 -0.686028
0.486 7.97389 -0.621894
0.488 7.51573 -0.64984
0.49 6.17046 -0.747048
0.492 4.07658 -0.864593
0.494 1.51465 -0.940164
0.496 -1.13149 -0.914688
0.498 -3.43695 -0.749319
0.5 -5.01037 -0.439116
0.502 -5.56675 -0.0202067
0.504 -4.98403 0.431578
0.506 -3.33147 0.81099
0.508 -0.863186 1.0012
0.51 2.02308 0.89623
0.512 4.85506 0.423837
0.514 7.17004 -0.435415
0.516 8.59802 -1.63698
0.518 8.92779 -3.07161
0.52 8.14306 -4.57599
0.522 6.42149 -5.95354
0.524 4.09706 -7.0024
0.526 1.59316 -7.54605
0.528 -0.66004 -7.46183
0.53 -2.3076 -6.70221
0.532 -3.13484 -5.30549
0.534 -3.10282 -3.39371
0.536 -2.34741 -1.15799
0.538 -1.14285 1.16659
0.54 0.162217 3.33267
0.542 1.22268 5.11403
0.544 1.7724 6.33563
0.546 1.68132 6.8958
0.548 0.982308 6.77758
0.55 -0.1377 6.04763
0.552 -1.38037 4.84367
0.554 -2.40329 3.35242
0.556 -2.89757 1.78189
0.558 -2.65938 0.332237
0.56 -1.6399 -0.830655
0.562 0.0370248 -1.59522
0.564 2.09377 -1.91547
0.566 4.15102 -1.81247
0.568 5.80254 -1.36641
0.57 6.69782 -0.701183
0.572 6.61534 0.0360588
0.574 5.51179 0.697008
0.576 3.53656 1.15294
0.578 1.00848 1.31135
0.58 -1.64128 1.12667
0.582 -3.94901 0.603998
0.584 -5.50557 -0.20409
0.586 -6.0338 -1.20679
0.588 -5.44112 -2.28885
0.59 -3.83732 -3.32695
0.592 -1.51399 -4.20619
0.594 1.10991 -4.83482
0.596 3.56569 -5.15502
0.598 5.42058 -5.14862
0.6 6.35503 -4.83709
0.602 6.21717 -4.27599
0.604 5.04496 -3.54493
0.606 3.05266 -2.73457
0.608 0.585698 -1.93281
0.61 -1.94651 -1.21218
0.612 -4.14614 -0.620424
0.614 -5.69618 -0.1757
0.616 -6.41061 0.132817
0.618 -6.25693 0.339217
0.62 -5.34859 0.491043
0.622 -3.91057 0.637236
0.624 -2.22686 0.816137
0.626 -0.58151 1.04588
0.628 0.794479 1.31912
0.63 1.76012 1.60317
0.632 2.27898 1.84584
0.634 2.4101 1.9857
0.636 2.27926 1.96514
0.638 2.03838 1.74339
0.64 1.82328 1.30715
0.642 1.71947 0.676347
0.644 1.7436 -0.0961781
0.646 1.8442 -0.931354
0.648 1.9207 -1.73583
0.65 1.85561 -2.41711
0.652 1.55153 -2.89904
0.654 0.964053 -3.13476
0.656 0.122128 -3.11453
0.658 -0.869309 -2.86702
0.66 -1.84568 -2.45362
0.662 -2.61504 -1.95709
0.664 -2.99938 -1.46649
0.666 -2.87618 -1.06155
0.668 -2.21061 -0.79929
0.67 -1.07121 -0.705597
0.672 0.375191 -0.773043
0.674 1.8891 -0.9653
0.676 3.19992 -1.22691
0.678 4.05564 -1.49618
0.68 4.27086 -1.71837
0.682 3.76379 -1.85642
0.684 2.57478 -1.89689
0.686 0.862468 -1.85035
0.688 -1.1218 -1.7462
0.69 -3.07671 -1.62362
0.692 -4.70273 -1.52086
0.694 -5.7533 -1.46541
0.696 -6.07597 -1.46746
0.698 -5.63614 -1.51792
0.7 -4.51952 -1.5914
0.702 -2.91366 -1.65335
0.704 -1.07254 -1.6695
0.706 0.728369 -1.61521
0.708 2.23824 -1.48246
0.71 3.26975 -1.28265
0.712 3.72418 -1.04439
0.714 3.59942 -0.806799
0.716 2.98057 -0.609936
0.718 2.01655 -0.484823
0.72 0.888228 -0.445596
0.722 -0.22529 -0.485984
0.724 -1.17554 -0.581171
0.726 -1.86405 -0.694786
0.728 -2.24951 -0.789416
0.73 -2.34317 -0.838069
0.732 -2.19508 -0.833596
0.734 -1.87557 -0.793435
0.736 -1.45684 -0.758013
0.738 -0.998892 -0.782615
0.74 -0.542387 -0.924137
0.742 -0.109089 -1.22549
0.744 0.291531 -1.70123
0.746 0.65247 -2.32809
0.748 0.959744 -3.04301
0.75 1.18664 -3.75018
0.752 1.29393 -4.33621
0.754 1.23657 -4.69104
0.756 0.975564 -4.7304
0.758 0.492162 -4.41527
0.76 -0.19949 -3.76373
0.762 -1.045 -2.85208
0.764 -1.95055 -1.80426
0.766 -2.79294 -0.770827
0.768 -3.43789 0.0986904
0.77 -3.76351 0.684713
0.772 -3.68443 0.921909
0.774 -3.17163 0.813616
0.776 -2.26345 0.432992
0.778 -1.06499 -0.0898637
0.78 0.264988 -0.592747
0.782 1.53769 -0.913517
0.784 2.56466 -0.923345
0.786 3.18937 -0.554344
0.788 3.31422 0.184141
0.79 2.91786 1.20424
0.792 2.05942 2.35392
0.794 0.868837 3.44452
0.796 -0.474967 4.28624
0.798 -1.77418 4.72467
0.8 -2.84476 4.67099
0.802 -3.54582 4.11977
0.804 -3.80036 3.1506
0.806 -3.60388 1.91313
0.808 -3.01965 0.598444
0.81 -2.16198 -0.597564
0.812 -1.17135 -1.51139
0.814 -0.186573 -2.04211
0.816 0.680355 -2.16846
0.818 1.36163 -1.94937
0.82 1.84024 -1.50793
0.822 2.14497 -1.00218
0.824 2.33545 -0.58904
0.826 2.48127 -0.388791
0.828 2.63982 -0.457827
0.83 2.83828 -0.775343
0.832 3.06379 -1.24696
0.834 3.26427 -1.72471
0.836 3.35993 -2.03933
0.838 3.26325 -2.03834
0.84 2.90311 -1.62196
0.842 2.24778 -0.769197
0.844 1.32129 0.451386
0.846 0.208977 1.8891
0.848 -0.950036 3.33553
0.85 -1.98285 4.56146
0.852 -2.71231 5.35929
0.854 -2.99057 5.58256
0.856 -2.73041 5.175
0.858 -1.92798 4.18316
0.86 -0.671797 2.75035
0.862 0.864371 1.09272
0.864 2.44463 -0.53788
0.866 3.80674 -1.89727
0.868 4.70476 -2.7906
0.87 4.95141 -3.10455
0.872 4.45259 -2.82448
0.874 3.22776 -2.03384
0.876 1.41205 -0.896271
0.878 -0.760878 0.375575
0.88 -2.9928 1.5585
0.882 -4.96652 2.45725
0.884 -6.39548 2.9362
0.886 -7.06908 2.93875
0.888 -6.88613 2.49189
0.89 -5.87073 1.69595
0.892 -4.16802 0.702441
0.894 -2.02064 -0.315073
0.896 0.269981 -1.19149
0.898 2.39082 -1.79643
0.9 4.06513 -2.05217
0.902 5.09296 -1.94094
0.904 5.37803 -1.50146
0.906 4.93687 -0.816748
0.908 3.88945 0.00380983
0.91 2.43352 0.844022
0.912 0.807804 1.59867
0.914 -0.749169 2.18665
0.916 -2.03719 2.55818
0.918 -2.92297 2.69596
0.92 -3.35477 2.6115
0.922 -3.36133 2.33842
0.924 -3.03639 1.92472
0.926 -2.51276 1.42551
0.928 -1.93172 0.897252
0.93 -1.4138 0.393545
0.932 -1.03692 -0.0378787
0.934 -0.825469 -0.357658
0.936 -0.75223 -0.537408
0.938 -0.751741 -0.562639
0.94 -0.741824 -0.43567
0.942 -0.648166 -0.177712
0.944 -0.426379 0.17097
0.946 -0.0765597 0.553825
0.948 0.352961 0.904252
0.95 0.77372 1.15502
0.952 1.07553 1.24972
0.954 1.15145 1.15418
0.956 0.924072 0.865504
0.958 0.36747 0.416404
0.96 -0.480163 -0.126879
0.962 -1.51633 -0.673396
0.964 -2.58723 -1.12215
0.966 -3.51211 -1.38024
0.968 -4.11455 -1.38115
0.97 -4.25517 -1.09949
0.972 -3.85935 -0.558957
0.974 -2.93482 0.168757
0.976 -1.57529 0.974376
0.978 0.0506777 1.72942
0.98 1.72424 2.3093
0.982 3.20989 2.61671
0.984 4.29264 2.60078
0.986 4.81221 2.26782
0.988 4.6884 1.68136
0.99 3.9335 0.950997
0.992 2.6497 0.212013
0.994 1.01249 -0.400459
0.996 -0.756915 -0.777746
0.998 -2.42511 -0.859176
0.4 0.188161 0.0446347
0.8 0.188898 0.0484945
1.2 0.19003 0.0547476
1.6 0.191427 0.0631348
2 0.192923 0.073315
2.4 0.194339 0.0848848
2.8 0.195499 0.0974021
3.2 0.196252 0.110412
3.6 0.196484 0.123472
4 0.196135 0.136179
4.4 0.195201 0.148192
4.8 0.193741 0.159246
5.2 0.19187 0.169172
5.6 0.189748 0.177897
6 0.18757 0.185449
6.4 0.185546 0.191946
6.8 0.183886 0.197585
7.2 0.182785 0.202623
7.6 0.182405 0.207354
8 0.182872 0.212082
8.4 0.184262 0.217099
8.8 0.186607 0.222657
9.2 0.189891 0.228948
9.6 0.19406 0.236092
10 0.19903 0.24412
10.4 0.204694 0.25298
10.8 0.210932 0.262534
11.2 0.21762 0.272575
11.6 0.224635 0.282839
12 0.231859 0.293031
12.4 0.239181 0.302848
12.8 0.246498 0.312
13.2 0.25371 0.320238
13.6 0.260723 0.327368
14 0.267443 0.333271
14.4 0.27378 0.337905
14.8 0.279648 0.34131
15.2 0.284965 0.343602
15.6 0.289664 0.344959
16 0.293693 0.345605
16.4 0.297024 0.345793
16.8 0.299661 0.345778
17.2 0.30164 0.3458
17.6 0.303032 0.34606
18 0.303945 0.346712
18.4 0.304517 0.347848
18.8 0.304911 0.349493
19.2 0.305303 0.351611
19.6 0.305871 0.35411
20 0.306784 0.356856
20.4 0.308187 0.359685
20.8 0.310192 0.362427
21.2 0.31287 0.364918
21.6 0.316245 0.367018
22 0.320291 0.368628
22.4 0.324941 0.369691
22.8 0.330081 0.370205
23.2 0.335571 0.370216
23.6 0.341245 0.369812
24 0.346926 0.369115
24.4 0.352435 0.368266
24.8 0.357601 0.367406
25.2 0.362264 0.366665
25.6 0.366286 0.366144
26 0.369546 0.365901
26.4 0.371947 0.365946
26.8 0.373411 0.366235
27.2 0.373877 0.366671
27.6 0.373303 0.367114
28 0.371661 0.367385
28.4 0.36894 0.367291
28.8 0.365143 0.366633
29.2 0.360296 0.365232
29.6 0.354446 0.362945
30 0.347667 0.359682
30.4 0.340062 0.355417
30.8 0.331764 0.3502
31.2 0.322936 0.344157
31.6 0.313768 0.33749
32 0.304469 0.330463
32.4 0.295259 0.323392
32.8 0.286359 0.316626
33.2 0.277977 0.310519
33.6 0.270298 0.305416
34 0.263468 0.301621
34.4 0.257589 0.299379
34.8 0.252711 0.298858
35.2 0.248831 0.300139
35.6 0.245894 0.303204
36 0.243801 0.307937
36.4 0.242415 0.314134
36.8 0.241581 0.321512
37.2 0.241133 0.329729
37.6 0.240913 0.338402
38 0.24078 0.347133
38.4 0.240624 0.355532
38.8 0.240368 0.363241
39.2 0.239975 0.369949
39.6 0.23944 0.375412
40 0.238789 0.379457
40.4 0.238067 0.381991
40.8 0.237326 0.382994
41.2 0.236615 0.382513
41.6 0.235968 0.380652
42 0.235396 0.377556
42.4 0.23488 0.373394
42.8 0.234372 0.368344
43.2 0.233794 0.36258
43.6 0.233049 0.356257
44 0.232029 0.349505
44.4 0.230625 0.342426
44.8 0.228743 0.335089
45.2 0.226315 0.327543
45.6 0.223307 0.319811
46 0.219731 0.311912
46.4 0.215643 0.303858
46.8 0.211143 0.295672
47.2 0.206371 0.28739
47.6 0.201497 0.279068
48 0.196704 0.270784
48.4 0.192181 0.262638
48.8 0.188104 0.254747
49.2 0.184623 0.247241
49.6 0.181853 0.240254
50 0.179864 0.233916
50.4 0.17868 0.228346
50.8 0.178281 0.223646
51.2 0.178606 0.219889
51.6 0.179561 0.217124
52 0.181035 0.215368
52.4 0.182908 0.214608
52.8 0.185066 0.214803
53.2 0.187415 0.215889
53.6 0.189882 0.217781
54 0.192431 0.220376
54.4 0.195055 0.223559
54.8 0.19778 0.227204
55.2 0.200656 0.231178
55.6 0.203748 0.235341
56 0.207125 0.239546
56.4 0.210847 0.243642
56.8 0.214953 0.247477
57.2 0.219452 0.250897
57.6 0.224315 0.25375
58 0.229473 0.255895
58.4 0.234817 0.257205
58.8 0.240201 0.257576
59.2 0.245457 0.256934
59.6 0.250404 0.255246
60 0.254863 0.252524
60.4 0.258672 0.248829
60.8 0.261704 0.244275
61.2 0.263875 0.239023
61.6 0.265158 0.233281
62 0.265582 0.227288
62.4 0.265234 0.221303
62.8 0.264253 0.21559
63.2 0.262814 0.210398
63.6 0.261119 0.205945
64 0.259373 0.202401
64.4 0.257763 0.199874
64.8 0.256445 0.198401
65.2 0.255519 0.197942
65.6 0.255022 0.198386
66 0.254917 0.199553
66.4 0.255094 0.201207
66.8 0.255376 0.203077
67.2 0.255529 0.204874
67.6 0.255285 0.206313
68 0.254362 0.207136
68.4 0.252488 0.207133
68.8 0.249429 0.206156
69.2 0.245014 0.204131
69.6 0.23915 0.201068
70 0.231839 0.197056
70.4 0.223181 0.192259
70.8 0.213377 0.186905
71.2 0.202713 0.181269
71.6 0.191545 0.175653
72 0.180278 0.170366
72.4 0.169332 0.1657
72.8 0.159118 0.161914
73.2 0.150005 0.159214
73.6 0.142296 0.15774
74 0.136208 0.157558
74.4 0.131854 0.158657
74.8 0.129241 0.160947
75.2 0.12827 0.16427
75.6 0.128749 0.168409
76 0.130406 0.173097
76.4 0.132915 0.178038
76.8 0.13592 0.182924
77.2 0.139062 0.187446
77.6 0.142005 0.191317
78 0.144457 0.19428
78.4 0.146189 0.196127
78.8 0.147042 0.1967
79.2 0.146937 0.195905
79.6 0.145868 0.193709
80 0.143897 0.190142
80.4 0.14114 0.185295
80.8 0.137749 0.179312
81.2 0.133899 0.172381
81.6 0.129766 0.164725
82 0.125516 0.156593
82.4 0.121289 0.148241
82.8 0.117193 0.139924
83.2 0.113297 0.131883
83.6 0.109635 0.124332
84 0.106207 0.117448
84.4 0.102987 0.111363
84.8 0.0999316 0.106161
85.2 0.096989 0.101871
85.6 0.0941084 0.0984688
86 0.0912473 0.0958829
86.4 0.0883778 0.0939975
86.8 0.0854888 0.0926631
87.2 0.082587 0.0917069
87.6 0.0796942 0.0909452
88 0.0768435 0.0901962
88.4 0.0740735 0.0892927
88.8 0.0714222 0.0880934
89.2 0.0689209 0.0864926
89.6 0.0665889 0.0844271
90 0.0644301 0.08188
90.4 0.0624309 0.0788815
90.8 0.0605601 0.0755063
91.2 0.0587715 0.071868
91.6 0.0570073 0.0681107
92 0.0552034 0.0643991
92.4 0.0532949 0.0609072
92.8 0.0512228 0.0578065
93.2 0.0489389 0.0552555
93.6 0.0464111 0.0533896
94 0.0436267 0.0523135
94.4 0.0405942 0.0520956
94.8 0.037344 0.052765
95.2 0.0339261 0.0543113
95.6 0.0304081 0.0566864
96 0.0268701 0.0598086
96.4 0.0234004 0.0635677
96.8 0.0200892 0.0678317
97.2 0.0170233 0.0724536
97.6 0.0142805 0.0772778
98 0.011925 0.0821465
98.4 0.0100032 0.0869048
98.8 0.00854151 0.0914058
99.2 0.00754458 0.0955132
99.6 0.00699558 0.0991047
100 0.00685737 0.102074
100.4 0.00707512 0.104331
100.8 0.00757983 0.105806
101.2 0.00829276 0.106449
101.6 0.00913031 0.106231
102 0.0100092 0.105146
102.4 0.0108512 0.103213
102.8 0.0115882 0.100477
103.2 0.0121656 0.0970093
103.6 0.0125453 0.0929074
104 0.0127075 0.0882933
104.4 0.0126508 0.0833113
104.8 0.0123917 0.0781235
105.2 0.0119624 0.0729041
105.6 0.0114073 0.067832
106 0.0107794 0.0630832
106.4 0.0101354 0.0588222
106.8 0.00953115 0.0551933
107.2 0.00901684 0.0523128
107.6 0.00863319 0.0502634
108 0.00840801 0.049089
108.4 0.00835409 0.0487932
108.8 0.0084682 0.04934
109.2 0.00873149 0.0506572
109.6 0.00911099 0.0526418
110 0.00956239 0.0551689
110.4 0.0100335 0.0581001
110.8 0.0104685 0.0612941
111.2 0.0108123 0.0646166
111.6 0.0110147 0.0679491
112 0.0110347 0.0711962
112.4 0.0108432 0.0742903
112.8 0.0104254 0.077194
113.2 0.00978237 0.0798992
113.6 0.00893063 0.0824239
114 0.00790154 0.0848067
114.4 0.00673925 0.0870989
114.8 0.00549804 0.0893568
115.2 0.00423908 0.0916334
115.6 0.00302694 0.0939704
116 0.00192596 0.0963925
116.4 0.000996897 0.0989035
116.8 0.000293892 0.101485
117.2 -0.000138051 0.104097
117.6 -0.000264946 0.106683
118 -6.50766e-05 0.109173
118.4 0.000470403 0.111493
118.8 0.00133745 0.113571
119.2 0.00251965 0.115347
119.6 0.00398915 0.116775
120 0.00570793 0.117832
120.4 0.00762939 0.118518
120.8 0.00970004 0.118858
121.2 0.0118614 0.118898
121.6 0.0140519 0.118703
122 0.0162091 0.118347
122.4 0.0182718 0.117909
122.8 0.0201821 0.117464
123.2 0.0218875 0.117075
123.6 0.0233434 0.116786
124 0.0245148 0.116623
124.4 0.0253783 0.116585
124.8 0.0259234 0.116648
125.2 0.0261537 0.116767
125.6 0.0260873 0.116881
126 0.0257565 0.11692
126.4 0.025207 0.116811
126.8 0.0244958 0.116485
127.2 0.0236888 0.115887
127.6 0.0228577 0.11498
128 0.0220755 0.113749
128.4 0.0214132 0.112205
128.8 0.0209349 0.110384
129.2 0.0206939 0.108345
129.6 0.0207295 0.106166
130 0.0210635 0.103939
130.4 0.0216991 0.101764
130.8 0.0226204 0.0997427
131.2 0.0237926 0.0979683
131.6 0.0251645 0.0965236
132 0.0266717 0.095474
132.4 0.0282407 0.0948638
132.8 0.0297939 0.0947136
133.2 0.0312545 0.0950196
133.6 0.0325518 0.0957537
134 0.0336257 0.0968645
134.4 0.0344303 0.0982799
134.8 0.0349366 0.0999099
135.2 0.0351333 0.10165
135.6 0.0350269 0.103385
136 0.0346399 0.104994
136.4 0.0340077 0.106353
136.8 0.033175 0.10734
137.2 0.0321914 0.107843
137.6 0.0311069 0.107758
138 0.0299673 0.107004
138.4 0.0288113 0.105519
138.8 0.0276678 0.10327
139.2 0.0265548 0.100257
139.6 0.0254797 0.0965154
140 0.0244409 0.0921171
140.4 0.0234312 0.0871726
140.8 0.022441 0.0818277
141.2 0.0214627 0.0762591
141.6 0.0204956 0.070668
142 0.019549 0.0652708
142.4 0.0186458 0.060288
142.8 0.0178239 0.0559321
143.2 0.0171362 0.0523949
143.6 0.0166492 0.0498349
144 0.0164397 0.0483665
144.4 0.0165901 0.0480511
144.8 0.0171824 0.0488911
145.2 0.0182918 0.0508282
145.6 0.01998 0.0537447
146 0.0222889 0.0574698
146.4 0.0252358 0.0617889
146.8 0.0288089 0.0664565
147.2 0.0329663 0.0712111
147.6 0.0376356 0.0757914
148 0.0427167 0.0799521
148.4 0.0480856 0.0834796
148.8 0.0536014 0.0862041
149.2 0.0591126 0.0880088
149.6 0.0644659 0.088836
150 0.0695141 0.0886881
150.4 0.0741238 0.0876241
150.8 0.0781818 0.0857535
151.2 0.0816005 0.0832256
151.6 0.0843202 0.080217
152 0.0863111 0.076918
152.4 0.0875714 0.0735184
152.8 0.0881242 0.0701942
153.2 0.0880136 0.0670966
153.6 0.0872983 0.0643429
154 0.0860452 0.0620113
154.4 0.0843238 0.0601382
154.8 0.0821997 0.0587195
155.2 0.0797302 0.0577144
155.6 0.0769611 0.0570517
156 0.0739251 0.0566377
156.4 0.0706422 0.0563653
156.8 0.0671212 0.056123
157.2 0.0633632 0.0558038
157.6 0.059366 0.0553116
158 0.0551283 0.0545681
158.4 0.0506552 0.0535157
158.8 0.0459621 0.05212
159.2 0.0410777 0.0503695
159.6 0.0360465 0.0482743
160 0.0309284 0.045863
160.4 0.0257978 0.0431792
160.8 0.0207405 0.0402772
161.2 0.0158495 0.0372179
161.6 0.0112193 0.0340645
162 0.00694055 0.0308794
162.4 0.00309428 0.0277212
162.8 -0.000253694 0.0246425
163.2 -0.00305683 0.0216886
163.6 -0.00529083 0.0188969
164 -0.00695496 0.0162965
164.4 -0.00807169 0.0139086
164.8 -0.00868465 0.0117467
165.2 -0.00885517 0.00981785
165.6 -0.00865765 0.00812263
166 -0.00817426 0.00665644
166.4 -0.00748935 0.00540998
166.8 -0.00668411 0.00437001
167.2 -0.00583182 0.00352005
167.6 -0.00499414 0.00284105
168 -0.00421859 0.00231212
168.4 -0.00353744 0.00191133
168.8 -0.00296784 0.0016164
169.2 -0.00251324 0.00140556
169.6 -0.00216575 0.00125828
170 -0.00190911 0.00115591
170.4 -0.00172204 0.00108232
170.8 -0.00158152 0.00102426
171.2 -0.00146574 0.000971605
171.6 -0.00135644 0.000917437
172 -0.00124051 0.000857865
172.4 -0.00111077 0.000791738
172.8 -0.000965911 0.000720201
173.2 -0.000809819 0.000646165
173.6 -0.000650279 0.000573739
174 -0.000497422 0.000507654
174.4 -0.000362059 0.000452741
174.8 -0.000254123 0.000413469
175.2 -0.000181399 0.000393578
175.6 -0.00014864 0.000395795
176 -0.000157151 0.000421648
176.4 -0.0002048 0.000471344
176.8 -0.00028643 0.000543717
177.2 -0.000394541 0.000636222
177.6 -0.000520139 0.000744964
178 -0.000653605 0.000864772
178.4 -0.000785488 0.000989305
178.8 -0.000907117 0.00111121
179.2 -0.00101101 0.00122235
179.6 -0.00109104 0.00131409
180 -0.00114246 0.0013777
180.4 -0.00116174 0.00140481
180.8 -0.0011464 0.00138797
181.2 -0.00109489 0.00132125
181.6 -0.00100653 0.0012009
182 -0.00088164 0.00102594
182.4 -0.000721753 0.000798751
182.8 -0.000530002 0.000525513
183.2 -0.000311512 0.000216502
183.6 -7.37598e-05 -0.000113836
184 0.000173218 -0.000447037
184.4 0.000416861 -0.000761035
184.8 0.000642441 -0.00103084
185.2 0.000833775 -0.00122947
185.6 0.000974281 -0.00132909
186 0.00104833 -0.00130235
186.4 0.00104275 -0.00112383
186.8 0.000948389 -0.000771518
187.2 0.000761511 -0.000228334
187.6 0.000484871 0.000516533
188 0.000128317 0.00146642
188.4 -0.0002912 0.0026163
188.8 -0.000750279 0.00395216
189.2 -0.00122036 0.00545092
189.6 -0.00166959 0.00708076
190 -0.00206508 0.00880195
190.4 -0.00237536 0.0105683
190.8 -0.00257284 0.0123292
191.2 -0.00263587 0.0140317
191.6 -0.00255038 0.0156238
192 -0.00231074 0.0170571
192.4 -0.00191975 0.0182905
192.8 -0.00138784 0.0192924
193.2 -0.000731401 0.0200446
193.6 2.95116e-05 0.0205434
194 0.000873866 0.0208018
194.4 0.00178247 0.0208491
194.8 0.00274055 0.020731
195.2 0.00373984 0.0205072
195.6 0.00477979 0.0202481
196 0.00586783 0.020031
196.4 0.0070185 0.0199351
196.8 0.00825144 0.0200354
197.2 0.00958852 0.0203976
197.6 0.0110502 0.0210719
198 0.0126513 0.022089
198.4 0.0143976 0.023456
198.8 0.0162815 0.0251543
199.2 0.0182802 0.0271397
199.6 0.020354 0.0293439
200 0.022446 0.0316782
200.4 0.0244848 0.0340388
200.8 0.0263868 0.036314
201.2 0.0280618 0.0383921
201.6 0.0294185 0.0401693
202 0.0303712 0.0415586
202.4 0.0308471 0.0424963
202.8 0.0307922 0.0429485
203.2 0.0301774 0.0429143
203.6 0.0290026 0.0424278
204 0.0272991 0.0415567
204.4 0.0251302 0.040399
204.8 0.022589 0.0390767
205.2 0.0197944 0.0377283
205.6 0.0168855 0.0364993
206 0.0140136 0.0355327
206.4 0.0113338 0.0349591
206.8 0.00899525 0.0348874
207.2 0.0071328 0.0353979
207.6 0.00585794 0.0365366
208 0.00525194 0.0383118
208.4 0.00536049 0.0406943
208.8 0.00619055 0.0436195
209.2 0.00770957 0.0469915
209.6 0.00984724 0.0506905
210 0.0124995 0.0545801
210.4 0.0155347 0.0585167
210.8 0.0188015 0.0623582
211.2 0.0221379 0.0659729
211.6 0.025381 0.0692463
212 0.0283765 0.0720877
212.4 0.030988 0.0744335
212.8 0.033105 0.0762493
213.2 0.0346489 0.0775298
213.6 0.0355774 0.0782969
214 0.0358867 0.0785952
214.4 0.0356106 0.0784883
214.8 0.0348185 0.0780519
215.2 0.0336099 0.0773689
215.6 0.0321083 0.0765225
216 0.0304529 0.0755919
216.4 0.0287902 0.0746469
216.8 0.0272645 0.0737448
217.2 0.0260099 0.0729282
217.6 0.0251419 0.0722232
218 0.0247513 0.0716399
218.4 0.0248994 0.0711728
218.8 0.0256154 0.0708027
219.2 0.0268958 0.0704984
219.6 0.028706 0.0702198
220 0.0309839 0.0699204
220.4 0.0336446 0.0695502
220.8 0.0365869 0.0690585
221.2 0.0397003 0.0683971
221.6 0.0428718 0.067522
222 0.0459925 0.0663965
222.4 0.0489637 0.064993
222.8 0.0517012 0.0632948
223.2 0.0541383 0.0612977
223.6 0.0562272 0.0590109
224 0.0579386 0.0564578
224.4 0.0592596 0.0536759
224.8 0.0601909 0.0507164
225.2 0.060743 0.047643
225.6 0.0609313 0.0445296
226 0.0607726 0.041458
226.4 0.0602811 0.0385144
226.8 0.0594657 0.0357855
227.2 0.0583286 0.0333544
227.6 0.0568649 0.0312958
228 0.0550643 0.0296718
228.4 0.0529131 0.0285281
228.8 0.0503981 0.0278901
229.2 0.04751 0.0277611
229.6 0.0442483 0.02812
230 0.0406246 0.0289224
230.4 0.0366658 0.0301008
230.8 0.0324164 0.0315679
231.2 0.0279385 0.0332201
231.6 0.0233114 0.034943
232 0.0186282 0.0366164
232.4 0.0139927 0.0381211
232.8 0.00951345 0.039345
233.2 0.00529858 0.0401888
233.6 0.00144916 0.040572
234 -0.00194649 0.0404361
234.4 -0.00481805 0.0397485
234.8 -0.00711731 0.0385035
235.2 -0.00882078 0.0367221
235.6 -0.00993073 0.0344507
236 -0.0104744 0.031758
236.4 -0.0105019 0.0287302
236.8 -0.010082 0.0254666
237.2 -0.00929783 0.0220733
237.6 -0.00824083 0.0186577
238 -0.00700534 0.0153223
238.4 -0.00568283 0.0121603
238.8 -0.00435688 0.00925044
239.2 -0.00309912 0.00665462
239.6 -0.00196631 0.00441542
240 -0.000998676 0.00255566
240.4 -0.000219606 0.00107892
240.8 0.000363501 -2.87743e-05
241.2 0.000757313 -0.000796288
241.6 0.000979903 -0.00126413
242 0.00105759 -0.00148073
242.4 0.00102164 -0.00149868
242.8 0.000904994 -0.00137106
243.2 0.000739504 -0.00114826
243.6 0.000553571 -0.000875299
244 0.000370534 -0.000589939
244.4 0.000207739 -0.000321513
244.8 7.62997e-05 -9.05412e-05
245.2 -1.85528e-05 9.09567e-05
245.6 -7.66404e-05 0.000218575
246 -0.000101699 0.000294202
246.4 -0.000100087 0.000324429
246.8 -7.94859e-05 0.000318878
247.2 -4.77422e-05 0.000288575
247.6 -1.19245e-05 0.000244525
248 2.23289e-05 0.000196569
248.4 5.11634e-05 0.000152585
248.8 7.25746e-05 0.000118051
249.2 8.62352e-05 9.5947e-05
249.6 9.3147e-05 8.69457e-05
250 9.51918e-05 8.98256e-05
250.4 9.46554e-05 0.000102018
250.8 9.37892e-05 0.000120208
251.2 9.44585e-05 0.000140907
251.6 9.79092e-05 0.000160944
252 0.000104663 0.000177825
252.4 0.000114537 0.000189938
252.8 0.000126759 0.000196612
253.2 0.000140153 0.000198041
253.6 0.000153364 0.000195102
254 0.00016507 0.00018912
254.4 0.00017417 0.000181598
254.8 0.000179915 0.000173975
255.2 0.000181976 0.000167427
255.6 0.000180447 0.000162738
256 0.000175788 0.000160238
256.4 0.000168728 0.000159829
256.8 0.000160142 0.000161061
257.2 0.00015093 0.00016325
257.6 0.000141899 0.000165618
258 0.000133681 0.000167427
258.4 0.000126687 0.000168091
258.8 0.000121092 0.00016725
259.2 0.000116859 0.000164801
259.6 0.000113791 0.000160883
260 0.000111594 0.00015583
260.4 0.000109946 0.000150093
260.8 0.000108564 0.000144154
261.2 0.000107241 0.000138439
261.6 0.00010588 0.000133257
262 0.000104492 0.00012875
262.4 0.000103173 0.000124883
262.8 0.000102077 0.00012146
263.2 0.000101366 0.00011817
263.6 0.000101167 0.000114641
264 0.000101534 0.000110514
264.4 0.000102421 0.000105498
264.8 0.000103676 9.94302e-05
265.2 0.000105045 9.22993e-05
265.6 0.000106199 8.42569e-05
266 0.00010677 7.56e-05
266.4 0.000106395 6.67348e-05
266.8 0.000104762 5.81256e-05
267.2 0.000101647 5.02382e-05
267.6 9.69413e-05 4.34838e-05
268 9.06715e-05 3.8173e-05
268.4 8.29948e-05 3.44844e-05
268.8 7.41851e-05 3.24508e-05
269.2 6.46047e-05 3.19645e-05
269.6 5.4668e-05 3.27992e-05
270 4.4801e-05 3.46432e-05
270.4 3.54024e-05 3.71399e-05
270.8 2.68098e-05 3.9929e-05
271.2 1.92754e-05 4.26815e-05
271.6 1.2953e-05 4.51268e-05
272 7.8962e-06 4.70673e-05
272.4 4.06815e-06 4.83801e-05
272.8 1.35947e-06 4.90092e-05
273.2 -3.88403e-07 4.89488e-05
273.6 -1.35781e-06 4.82233e-05
274 -1.73111e-06 4.68676e-05
274.4 -1.67131e-06 4.49112e-05
274.8 -1.30909e-06 4.237e-05
275.2 -7.37186e-07 3.92449e-05
275.6 -1.19016e-08 3.55294e-05
276 8.39443e-07 3.12223e-05
276.4 1.80712e-06 2.63439e-05
276.8 2.88603e-06 2.09515e-05
277.2 4.06353e-06 1.51514e-05
277.6 5.31037e-06 9.10373e-06
278 6.5759e-06 3.01931e-06
278.4 7.78875e-06 -2.85285e-06
278.8 8.86234e-06 -8.24556e-06
279.2 9.70477e-06 -1.28989e-05
279.6 1.02311e-05 -1.6588e-05
280 1.03765e-05 -1.91489e-05
280.4 1.01077e-05 -2.04991e-05
280.8 9.43144e-06 -2.06502e-05
281.2 8.39813e-06 -1.97097e-05
281.6 7.10034e-06 -1.78718e-05
282 5.66575e-06 -1.53993e-05
282.4 4.24562e-06 -1.25959e-05
282.8 2.99992e-06 -9.7758e-06
283.2 2.08104e-06 -7.23066e-06
283.6 1.61792e-06 -5.20077e-06
284 1.70254e-06 -3.85191e-06
284.4 2.38031e-06 -3.26114e-06
284.8 3.64549e-06 -3.41276e-06
285.2 5.4419e-06 -4.20438e-06
285.6 7.66889e-06 -5.46199e-06
286 1.01916e-05 -6.96183e-06
286.4 1.28544e-05 -8.45604e-06
286.8 1.54954e-05 -9.69915e-06
287.2 1.79611e-05 -1.04723e-05
287.6 2.0119e-05 -1.06028e-05
288 2.18673e-05 -9.97722e-06
288.4 2.31409e-05 -8.54739e-06
288.8 2.39129e-05 -6.32981e-06
289.2 2.41929e-05 -3.39878e-06
289.6 2.40218e-05 1.24492e-07
290 2.34642e-05 4.08539e-06
290.4 2.26005e-05 8.30985e-06
290.8 2.15185e-05 1.26174e-05
291.2 2.03061e-05 1.68323e-05
291.6 1.90459e-05 2.07914e-05
292 1.78115e-05 2.43503e-05
292.4 1.66664e-05 2.73865e-05
292.8 1.56634e-05 2.98011e-05
293.2 1.48458e-05 3.15203e-05
293.6 1.42493e-05 3.24962e-05
294 1.39023e-05 3.27083e-05
294.4 1.38271e-05 3.2165e-05
294.8 1.40387e-05 3.09059e-05
295.2 1.45439e-05 2.90027e-05
295.6 1.53386e-05 2.65593e-05
296 1.6406e-05 2.37102e-05
296.4 1.77144e-05 2.06155e-05
296.8 1.92168e-05 1.74539e-05
297.2 2.08516e-05 1.44131e-05
297.6 2.25453e-05 1.16775e-05
298 2.4217e-05 9.41606e-06
298.4 2.57848e-05 7.76969e-06
298.8 2.71724e-05 6.84123e-06
299.2 2.83161e-05 6.68787e-06
299.6 2.91716e-05 7.31789e-06
300 2.97176e-05 8.6917e-06
300.4 2.99587e-05 1.07274e-05
300.8 2.99241e-05 1.33102e-05
301.2 2.96642e-05 1.63038e-05
301.6 2.92446e-05 1.95641e-05
302 2.87374e-05 2.29515e-05
302.4 2.82127e-05 2.63416e-05
302.8 2.773e-05 2.96332e-05
303.2 2.733e-05 3.27519e-05
303.6 2.70305e-05 3.56499e-05
304 2.68239e-05 3.83024e-05
304.4 2.66792e-05 4.07007e-05
304.8 2.65463e-05 4.28448e-05
305.2 2.6364e-05 4.47345e-05
305.6 2.60694e-05 4.63634e-05
306 2.56079e-05 4.77137e-05
306.4 2.49431e-05 4.87556e-05
306.8 2.40638e-05 4.94489e-05
307.2 2.29893e-05 4.97478e-05
307.6 2.17705e-05 4.96084e-05
308 2.0487e-05 4.89963e-05
308.4 1.92412e-05 4.78944e-05
308.8 1.81489e-05 4.63093e-05
309.2 1.73286e-05 4.42741e-05
309.6 1.68893e-05 4.18493e-05
310 1.69193e-05 3.9119e-05
310.4 1.74775e-05 3.61851e-05
310.8 1.85863e-05 3.31582e-05
311.2 2.02287e-05 3.01481e-05
311.6 2.23494e-05 2.72542e-05
312 2.48585e-05 2.45566e-05
312.4 2.76394e-05 2.21111e-05
312.8 3.05573e-05 1.99452e-05
313.2 3.34707e-05 1.80595e-05
313.6 3.6241e-05 1.64306e-05
314 3.87422e-05 1.50174e-05
314.4 4.08688e-05 1.37684e-05
314.8 4.25406e-05 1.26296e-05
315.2 4.37059e-05 1.15519e-05
315.6 4.43412e-05 1.04965e-05
316 4.44495e-05 9.43813e-06
316.4 4.40565e-05 8.36595e-06
316.8 4.3206e-05 7.28189e-06
317.2 4.19547e-05 6.19709e-06
317.6 4.03671e-05 5.12729e-06
318 3.85116e-05 4.08788e-06
318.4 3.64564e-05 3.08965e-06
318.8 3.42673e-05 2.13578e-06
319.2 3.20059e-05 1.22064e-06
319.6 2.97281e-05 3.30547e-07
320 2.7484e-05 -5.53812e-07
320.4 2.53173e-05 -1.45376e-06
320.8 2.3265e-05 -2.38842e-06
321.2 2.1357e-05 -3.37083e-06
321.6 1.96158e-05 -4.40489e-06
322 1.80561e-05 -5.48387e-06
322.4 1.66844e-05 -6.59071e-06
322.8 1.54997e-05 -7.6999e-06
323.2 1.44934e-05 -8.78099e-06
323.6 1.36505e-05 -9.80275e-06
324 1.29514e-05 -1.07376e-05
324.4 1.23733e-05 -1.15654e-05
324.8 1.18926e-05 -1.22759e-05
325.2 1.14865e-05 -1.28697e-05
325.6 1.1135e-05 -1.33573e-05
326 1.08218e-05 -1.37564e-05
326.4 1.05347e-05 -1.40877e-05
326.8 1.02655e-05 -1.43708e-05
327.2 1.00092e-05 -1.46196e-05
327.6 9.76218e-06 -1.48387e-05
328 9.52129e-06 -1.50217e-05
328.4 9.28187e-06 -1.51511e-05
328.8 9.03683e-06 -1.52007e-05
329.2 8.77615e-06 -1.51392e-05
329.6 8.48714e-06 -1.49356e-05
330 8.15546e-06 -1.45649e-05
330.4 7.76681e-06 -1.40138e-05
330.8 7.30899e-06 -1.32846e-05
331.2 6.77407e-06 -1.23978e-05
331.6 6.16028e-06 -1.13917e-05
332 5.47324e-06 -1.03204e-05
332.4 4.72636e-06 -9.24814e-06
332.8 3.94015e-06 -8.24348e-06
333.2 3.14055e-06 -7.37111e-06
333.6 2.35631e-06 -6.68456e-06
334 1.61587e-06 -6.21955e-06
334.4 9.44024e-07 -5.98927e-06
334.8 3.58878e-07 -5.98219e-06
335.2 -1.30541e-07 -6.16258e-06
335.6 -5.2558e-07 -6.47389e-06
336 -8.38017e-07 -6.84449e-06
336.4 -1.0888e-06 -7.19503e-06
336.8 -1.3056e-06 -7.44668e-06
337.2 -1.51948e-06 -7.5292e-06
337.6 -1.76103e-06 -7.38789e-06
338 -2.05658e-06 -6.98876e-06
338.4 -2.42484e-06 -6.32134e-06
338.8 -2.87447e-06 -5.39901e-06
339.2 -3.4029e-06 -4.25687e-06
339.6 -3.99643e-06 -2.94767e-06
340 -4.63176e-06 -1.53629e-06
340.4 -5.27859e-06 -9.36363e-08
340.8 -5.90301e-06 1.30945e-06
341.2 -6.47126e-06 2.60747e-06
341.6 -6.95334e-06 3.7444e-06
342 -7.32615e-06 4.67622e-06
342.4 -7.57562e-06 5.37189e-06
342.8 -7.69787e-06 5.81306e-06
343.2 -7.69909e-06 5.99249e-06
343.6 -7.59445e-06 5.91205e-06
344 -7.4061e-06 5.58034e-06
344.4 -7.16068e-06 5.01061e-06
344.8 -6.88661e-06 4.21911e-06
345.2 -6.61158e-06 3.22402e-06
345.6 -6.36048e-06 2.04505e-06
346 -6.15396e-06 7.03489e-07
346.4 -6.00765e-06 -7.77506e-07
346.8 -5.93214e-06 -2.37259e-06
347.2 -5.93335e-06 -4.05413e-06
347.6 -6.01328e-06 -5.79256e-06
348 -6.17087e-06 -7.55711e-06
348.4 -6.40262e-06 -9.31698e-06
348.8 -6.70305e-06 -1.10428e-05
349.2 -7.06477e-06 -1.2708e-05
349.6 -7.47815e-06 -1.42902e-05
350 -7.93089e-06 -1.57719e-05
350.4 -8.40747e-06 -1.71408e-05
350.8 -8.88875e-06 -1.8389e-05
351.2 -9.35193e-06 -1.95123e-05
351.6 -9.77104e-06 -2.05087e-05
352 -1.01179e-05 -2.13762e-05
352.4 -1.03639e-05 -2.2112e-05
352.8 -1.04818e-05 -2.27107e-05
353.2 -1.04479e-05 -2.31644e-05
353.6 -1.02449e-05 -2.34629e-05
354 -9.86299e-06 -2.35947e-05
354.4 -9.30206e-06 -2.35493e-05
354.8 -8.57194e-06 -2.33193e-05
355.2 -7.69244e-06 -2.29024e-05
355.6 -6.69236e-06 -2.23043e-05
356 -5.60773e-06 -2.15392e-05
356.4 -4.47957e-06 -2.06306e-05
356.8 -3.35133e-06 -1.96105e-05
357.2 -2.26626e-06 -1.85174e-05
357.6 -1.26504e-06 -1.73935e-05
358 -3.83894e-07 -1.62812e-05
358.4 3.46817e-07 -1.52195e-05
358.8 9.03281e-07 -1.42405e-05
359.2 1.2684e-06 -1.33662e-05
359.6 1.43151e-06 -1.26074e-05
360 1.38776e-06 -1.19626e-05
360.4 1.1375e-06 -1.14191e-05
360.8 6.85662e-07 -1.09547e-05
361.2 4.1412e-08 -1.0541e-05
361.6 -7.81964e-07 -1.01462e-05
362 -1.76691e-06 -9.739e-06
362.4 -2.89131e-06 -9.29134e-06
362.8 -4.12817e-06 -8.78088e-06
363.2 -5.44548e-06 -8.19227e-06
363.6 -6.80639e-06 -7.5174e-06
364 -8.16984e-06 -6.75473e-06
364.4 -9.49173e-06 -5.9078e-06
364.8 -1.07265e-05 -4.9834e-06
365.2 -1.18293e-05 -3.98972e-06
365.6 -1.27579e-05 -2.93486e-06
366 -1.34752e-05 -1.82604e-06
366.4 -1.39512e-05 -6.69622e-07
366.8 -1.41643e-05 5.27943e-07
367.2 -1.41019e-05 1.75849e-06
367.6 -1.37612e-05 3.01005e-06
368 -1.31478e-05 4.26473e-06
368.4 -1.22748e-05 5.49698e-06
368.8 -1.1161e-05 6.67262e-06
369.2 -9.82915e-06 7.749e-06
369.6 -8.30377e-06 8.67648e-06
370 -6.61008e-06 9.4011e-06
370.4 -4.77271e-06 9.86847e-06
370.8 -2.81545e-06 1.00283e-05
371.2 -7.61427e-07 9.83919e-06
371.6 1.36604e-06 9.27343e-06
372 3.54234e-06 8.32052e-06
372.4 5.74033e-06 6.98985e-06
372.8 7.92919e-06 5.31154e-06
373.2 1.00738e-05 3.33565e-06
373.6 1.21345e-05 1.12964e-06
374 1.40679e-05 -1.22565e-06
374.4 1.58282e-05 -3.64114e-06
374.8 1.73692e-05 -6.02514e-06
375.2 1.8647e-05 -8.28917e-06
375.6 1.96223e-05 -1.03532e-05
376 2.0264e-05 -1.21502e-05
376.4 2.05507e-05 -1.36289e-05
376.8 2.04734e-05 -1.47558e-05
377.2 2.0036e-05 -1.55157e-05
377.6 1.92563e-05 -1.59102e-05
378 1.81647e-05 -1.59563e-05
378.4 1.68037e-05 -1.56832e-05
378.8 1.52253e-05 -1.51298e-05
379.2 1.34895e-05 -1.43413e-05
379.6 1.16606e-05 -1.33665e-05
380 9.80584e-06 -1.22556e-05
380.4 7.99172e-06 -1.1058e-05
380.8 6.28232e-06 -9.82098e-06
381.2 4.7369e-06 -8.58882e-06
381.6 3.40807e-06 -7.40198e-06
382 2.3401e-06 -6.29662e-06
382.4 1.56748e-06 -5.30406e-06
382.8 1.11361e-06 -4.45027e-06
383.2 9.89759e-07 -3.75537e-06
383.6 1.19422e-06 -3.233e-06
384 1.71188e-06 -2.88992e-06
384.4 2.51419e-06 -2.72562e-06
384.8 3.55975e-06 -2.73232e-06
385.2 4.79558e-06 -2.89527e-06
385.6 6.15915e-06 -3.1935e-06
386 7.58111e-06 -3.60088e-06
386.4 8.98871e-06 -4.08758e-06
386.8 1.03097e-05 -4.62172e-06
387.2 1.14763e-05 -5.17115e-06
387.6 1.24294e-05 -5.70509e-06
388 1.31219e-05 -6.19562e-06
388.4 1.35219e-05 -6.61885e-06
388.8 1.36139e-05 -6.95569e-06
389.2 1.34001e-05 -7.19228e-06
389.6 1.28993e-05 -7.31994e-06
390 1.21448e-05 -7.33497e-06
390.4 1.11822e-05 -7.23816e-06
390.8 1.00646e-05 -7.03422e-06
391.2 8.84955e-06 -6.73119e-06
391.6 7.59385e-06 -6.33994e-06
392 6.3504e-06 -5.87361e-06
392.4 5.16468e-06 -5.34725e-06
392.8 4.07258e-06 -4.7773e-06
393.2 3.09909e-06 -4.18116e-06
393.6 2.25813e-06 -3.57659e-06
394 1.55331e-06 -2.98095e-06
394.4 9.79338e-07 -2.41034e-06
394.8 5.24056e-07 -1.87868e-06
395.2 1.70598e-07 -1.39675e-06
395.6 -1.0046e-07 -9.71304e-07
396 -3.09226e-07 -6.04547e-07
396.4 -4.75023e-07 -2.93851e-07
396.8 -6.15394e-07 -3.2001e-08
397.2 -7.4556e-07 1.92092e-07
397.6 -8.78254e-07 3.92194e-07
398 -1.0238e-06 5.83184e-07
398.4 -1.1903e-06 7.79269e-07
398.8 -1.38378e-06 9.92187e-07
399.2 -1.6082e-06 1.22962e-06
399.6 -1.86538e-06 1.49405e-06
400 -2.15463e-06 1.78217e-06
