-0.998 -3.91779 -5.60638
-0.996 -1.684 -3.86002
-0.994 0.952594 -1.81763
-0.992 3.57084 0.203204
-0.99 5.76075 1.87399
-0.988 7.19003 2.91338
-0.986 7.65466 3.1402
-0.984 7.10554 2.51089
-0.982 5.64785 1.13338
-0.98 3.51479 -0.74623
-0.978 1.02196 -2.78288
-0.976 -1.48817 -4.59079
-0.974 -3.70157 -5.81055
-0.972 -5.3779 -6.17261
-0.97 -6.37889 -5.54552
-0.968 -6.67657 -3.95981
-0.966 -6.34195 -1.60329
-0.964 -5.5186 1.21116
-0.962 -4.38754 4.09935
-0.96 -3.13126 6.67066
-0.958 -1.90362 8.59225
-0.956 -0.810551 9.64082
-0.954 0.096087 9.73311
-0.952 0.812459 8.93029
-0.95 1.36767 7.41687
-0.948 1.80451 5.45926
-0.946 2.16104 3.35297
-0.944 2.45751 1.36924
-0.942 2.69076 -0.288702
-0.94 2.8367 -1.51182
-0.938 2.85888 -2.29008
-0.936 2.72022 -2.69675
-0.934 2.39446 -2.85709
-0.932 1.8743 -2.90972
-0.93 1.17468 -2.9696
-0.928 0.331171 -3.10096
-0.926 -0.605468 -3.30552
-0.924 -1.57623 -3.52779
-0.922 -2.52017 -3.67502
-0.92 -3.37822 -3.64656
-0.918 -4.09401 -3.36511
-0.916 -4.61229 -2.80242
-0.914 -4.87678 -1.99336
-0.912 -4.83001 -1.03503
-0.91 -4.41729 -0.0707923
-0.908 -3.59598 0.737268
-0.906 -2.34951 1.24162
-0.904 -0.703613 1.34099
-0.902 1.25932 1.00352
-0.9 3.39251 0.276259
-0.898 5.48796 -0.721094
-0.896 7.2932 -1.81705
-0.894 8.54167 -2.81933
-0.892 8.99344 -3.54966
-0.89 8.48023 -3.87542
-0.888 6.94642 -3.73191
-0.886 4.477 -3.13158
-0.884 1.30485 -2.15884
-0.882 -2.20733 -0.952513
-0.88 -5.6103 0.320022
-0.878 -8.43177 1.49146
-0.876 -10.2503 2.4203
-0.874 -10.767 3.00907
-0.872 -9.86222 3.21254
-0.87 -7.62486 3.03565
-0.868 -4.34899 2.52333
-0.866 -0.494897 1.74578
-0.864 3.3794 0.783503
-0.862 6.70566 -0.284291
-0.86 8.99722 -1.3859
-0.858 9.92882 -2.45758
-0.856 9.39012 -3.43985
-0.854 7.50254 -4.27247
-0.852 4.5964 -4.89112
-0.85 1.15182 -5.22845
-0.848 -2.28538 -5.22069
-0.846 -5.19754 -4.81929
-0.844 -7.18123 -4.00544
-0.842 -8.00987 -2.80367
-0.84 -7.6618 -1.29061
-0.838 -6.30959 0.404839
-0.836 -4.27428 2.11188
-0.834 -1.95458 3.63869
-0.832 0.253829 4.80094
-0.83 2.03246 5.45307
-0.828 3.19322 5.5163
-0.826 3.70078 4.99714
-0.824 3.66112 3.99189
-0.822 3.28038 2.67513
-0.82 2.8043 1.27321
-0.818 2.45242 0.0271398
-0.816 2.36229 -0.848593
-0.814 2.55631 -1.2037
-0.812 2.93882 -0.979032
-0.81 3.32401 -0.217668
-0.808 3.48812 0.942166
-0.806 3.23361 2.29106
-0.804 2.44983 3.58493
-0.802 1.15545 4.58729
-0.8 -0.488645 5.10955
-0.798 -2.20034 5.04198
-0.796 -3.62833 4.36986
-0.794 -4.4249 3.17221
-0.792 -4.32425 1.60395
-0.79 -3.20919 -0.134336
-0.788 -1.15077 -1.83274
-0.786 1.58914 -3.30687
-0.784 4.59507 -4.42449
-0.782 7.3688 -5.11938
-0.78 9.42076 -5.39073
-0.778 10.3639 -5.28992
-0.776 9.99091 -4.8989
-0.774 8.31874 -4.30601
-0.772 5.59076 -3.58526
-0.77 2.23513 -2.78364
-0.768 -1.21304 -1.91885
-0.766 -4.21078 -0.987287
-0.764 -6.308 0.0205148
-0.762 -7.22991 1.10168
-0.76 -6.92418 2.2253
-0.758 -5.56361 3.32422
-0.756 -3.50362 4.29731
-0.754 -1.20382 5.02292
-0.752 0.869825 5.38108
-0.75 2.34139 5.28
-0.748 2.99959 4.68063
-0.746 2.8348 3.61342
-0.744 2.03094 2.1825
-0.742 0.914323 0.555294
-0.74 -0.129118 -1.06153
-0.738 -0.749795 -2.45581
-0.736 -0.722204 -3.44704
-0.734 -0.0046145 -3.91959
-0.732 1.24327 -3.84528
-0.73 2.68965 -3.29023
-0.728 3.90175 -2.40414
-0.726 4.44429 -1.39368
-0.724 3.98453 -0.484745
-0.722 2.38103 0.119245
-0.72 -0.264054 0.274966
-0.718 -3.60219 -0.0744409
-0.716 -7.08867 -0.889236
-0.714 -10.0779 -2.04094
-0.712 -11.9463 -3.33645
-0.71 -12.2192 -4.55343
-0.708 -10.6754 -5.48021
-0.706 -7.40734 -5.95238
-0.704 -2.82357 -5.87953
-0.702 2.41014 -5.25739
-0.7 7.4808 -4.16397
-0.698 11.5696 -2.74109
-0.696 13.9984 -1.1657
-0.694 14.3533 0.382914
-0.692 12.5621 1.75335
-0.69 8.91012 2.84404
-0.688 3.99196 3.61299
-0.686 -1.39317 4.07443
-0.684 -6.38219 4.28427
-0.682 -10.1995 4.31861
-0.68 -12.2904 4.25108
-0.678 -12.4128 4.13453
-0.676 -10.67 3.99095
-0.674 -7.48047 3.81176
-0.672 -3.49071 3.56715
-0.67 0.549878 3.2218
-0.668 3.92847 2.75221
-0.666 6.09552 2.16105
-0.664 6.75543 1.48447
-0.662 5.90557 0.790113
-0.66 3.81867 0.165656
-0.658 0.9745 -0.300085
-0.656 -2.04361 -0.539291
-0.654 -4.66586 -0.525359
-0.652 -6.44346 -0.285937
-0.65 -7.12624 0.09519
-0.648 -6.69679 0.489014
-0.646 -5.35691 0.743805
-0.644 -3.47137 0.715219
-0.642 -1.48282 0.298139
-0.64 0.183821 -0.546387
-0.638 1.20726 -1.775
-0.636 1.4292 -3.26071
-0.634 0.876397 -4.80752
-0.632 -0.257087 -6.17937
-0.63 -1.66164 -7.13838
-0.628 -2.98516 -7.48604
-0.626 -3.91112 -7.09951
-0.624 -4.22487 -5.95641
-0.622 -3.85484 -4.14309
-0.62 -2.88125 -1.84464
-0.618 -1.51188 0.681883
-0.616 -0.0317688 3.14639
-0.614 1.26146 5.26998
-0.612 2.12196 6.82678
-0.61 2.40619 7.67619
-0.608 2.09912 7.78016
-0.606 1.31169 7.20294
-0.604 0.251017 6.09382
-0.602 -0.829055 4.6569
-0.6 -1.68566 3.11358
-0.598 -2.14003 1.66525
-0.596 -2.11465 0.462958
-0.594 -1.64677 -0.410773
-0.592 -0.876139 -0.945226
-0.59 -0.0103242 -1.1904
-0.588 0.72427 -1.23473
-0.586 1.13453 -1.17702
-0.584 1.1045 -1.09897
-0.582 0.621623 -1.04429
-0.58 -0.220132 -1.00902
-0.578 -1.24054 -0.94506
-0.576 -2.21209 -0.775852
-0.574 -2.90909 -0.420762
-0.572 -3.15629 0.177672
-0.57 -2.8666 1.02988
-0.568 -2.06019 2.08465
-0.566 -0.861053 3.22761
-0.564 0.527815 4.2944
-0.562 1.86515 5.09679
-0.56 2.9193 5.45751
-0.558 3.51321 5.2475
-0.556 3.55736 4.41821
-0.554 3.0642 3.02197
-0.552 2.14171 1.21538
-0.55 0.968091 -0.75642
-0.548 -0.246564 -2.59314
-0.546 -1.30327 -3.98533
-0.544 -2.05285 -4.6655
-0.542 -2.42261 -4.45531
-0.54 -2.42599 -3.30063
-0.538 -2.15393 -1.28783
-0.536 -1.75027 1.36219
-0.534 -1.37679 4.32197
-0.532 -1.17531 7.20367
-0.53 -1.23476 9.61616
-0.528 -1.56991 11.2241
-0.526 -2.11629 11.7991
-0.524 -2.74196 11.2547
-0.522 -3.27399 9.65944
-0.52 -3.53366 7.22528
-0.518 -3.37354 4.27466
-0.516 -2.70875 1.191
-0.514 -1.53652 -1.63868
-0.512 0.0592666 -3.8794
-0.51 1.91898 -5.29342
-0.508 3.83116 -5.76792
-0.506 5.56497 -5.32176
-0.504 6.90562 -4.09124
-0.502 7.68694 -2.29896
-0.5 7.81627 -0.212137
-0.498 7.28788 1.90142
-0.496 6.18345 3.81189
-0.494 4.65976 5.35439
-0.492 2.92618 6.4407
-0.49 1.21555 7.05556
-0.488 -0.24716 7.24016
-0.486 -1.27404 7.06818
-0.484 -1.73792 6.62047
-0.482 -1.58798 5.96494
-0.48 -0.856002 5.14611
-0.478 0.347062 4.18631
-0.476 1.84374 3.09765
-0.474 3.41051 1.90035
-0.472 4.8042 0.641853
-0.47 5.79141 -0.58973
-0.468 6.17819 -1.66284
-0.466 5.83634 -2.41315
-0.464 4.72342 -2.66713
-0.462 2.89353 -2.2752
-0.46 0.496872 -1.14802
-0.458 -2.23287 0.711366
-0.456 -5.00298 3.18738
-0.454 -7.49593 6.04961
-0.452 -9.4094 8.97154
-0.45 -10.497 11.5692
-0.448 -10.604 13.4551
-0.446 -9.6915 14.2979
-0.444 -7.84591 13.8794
-0.442 -5.27067 12.1363
-0.44 -2.26096 9.18074
-0.438 0.83515 5.29281
-0.436 3.66374 0.887559
-0.434 5.91317 -3.54064
-0.432 7.35594 -7.48681
-0.43 7.87776 -10.5062
-0.428 7.48925 -12.2756
-0.426 6.31868 -12.6357
-0.424 4.58715 -11.6071
-0.422 2.57066 -9.37914
-0.42 0.555861 -6.274
-0.418 -1.2029 -2.69342
-0.416 -2.51796 0.941979
-0.414 -3.28885 4.25036
-0.412 -3.50626 6.9341
-0.41 -3.24032 8.80676
-0.408 -2.6168 9.7992
-0.406 -1.78726 9.94674
-0.404 -0.899455 9.36258
-0.402 -0.0742757 8.20484
-0.4 0.606972 6.64518
-0.398 1.10341 4.84542
-0.396 1.40505 2.94596
-0.394 1.51669 1.06615
-0.392 1.4406 -0.686337
-0.39 1.1635 -2.20295
-0.388 0.652118 -3.36469
-0.386 -0.140335 -4.04126
-0.384 -1.25783 -4.10196
-0.382 -2.71868 -3.43806
-0.38 -4.49203 -1.99274
-0.378 -6.48005 0.208105
-0.376 -8.51165 3.03249
-0.374 -10.3516 6.23402
-0.372 -11.7253 9.46422
-0.37 -12.3577 12.307
-0.368 -12.0188 14.3324
-0.366 -10.5703 15.1619
-0.364 -8.00173 14.5349
-0.362 -4.45108 12.3636
-0.36 -0.202001 8.76564
-0.358 4.3425 4.06517
-0.356 8.70763 -1.23875
-0.354 12.4087 -6.53507
-0.352 15.0172 -11.1849
-0.35 16.2209 -14.614
-0.348 15.8673 -16.3976
-0.346 13.9849 -16.3238
-0.344 10.7774 -14.4239
-0.342 6.59521 -10.9652
-0.34 1.88577 -6.40708
-0.338 -2.86568 -1.32932
-0.336 -7.19758 3.65623
-0.334 -10.7256 7.99408
-0.332 -13.1809 11.2596
-0.33 -14.4285 13.2074
-0.328 -14.4658 13.7869
-0.326 -13.4038 13.125
-0.324 -11.4377 11.4806
-0.322 -8.81228 9.18342
-0.32 -5.79167 6.56979
-0.318 -2.63528 3.92812
-0.316 0.415593 1.46538
-0.314 3.14243 -0.701454
-0.312 5.3483 -2.5299
-0.31 6.8557 -4.01922
-0.308 7.50817 -5.17106
-0.306 7.1794 -5.95521
-0.304 5.79062 -6.29095
-0.302 3.3342 -6.05038
-0.3 -0.101618 -5.08486
-0.298 -4.31389 -3.26965
-0.296 -8.97929 -0.557009
-0.294 -13.6672 2.97531
-0.292 -17.874 7.09328
-0.29 -21.0769 11.4044
-0.288 -22.8012 15.3894
-0.286 -22.6925 18.4664
-0.284 -20.5809 20.0792
-0.282 -16.5267 19.7952
-0.28 -10.8371 17.3946
-0.278 -4.0482 12.9339
-0.276 3.12952 6.76844
-0.274 9.89552 -0.473951
-0.272 15.4635 -7.96612
-0.27 19.1697 -14.7934
-0.268 20.569 -20.0859
-0.266 19.5021 -23.1498
-0.264 16.1239 -23.5758
-0.262 10.8861 -21.306
-0.26 4.47758 -16.6468
-0.258 -2.27005 -10.2269
-0.256 -8.49705 -2.90517
-0.254 -13.4334 4.35573
-0.252 -16.5022 10.6293
-0.25 -17.3933 15.157
-0.248 -16.0962 17.4498
-0.246 -12.8884 17.3454
-0.244 -8.2821 15.0116
-0.242 -2.93954 10.8997
-0.24 2.42894 5.65704
-0.238 7.16611 0.017018
-0.236 10.7528 -5.31309
-0.234 12.8639 -9.74765
-0.232 13.3899 -12.8867
-0.23 12.422 -14.5414
-0.228 10.2093 -14.722
-0.226 7.09758 -13.5958
-0.224 3.4621 -11.4282
-0.222 -0.350749 -8.52127
-0.22 -4.06454 -5.16259
-0.218 -7.48966 -1.59473
-0.216 -10.5161 1.99231
-0.214 -13.0867 5.44757
-0.212 -15.1613 8.63246
-0.21 -16.6811 11.3921
-0.208 -17.5467 13.5359
-0.206 -17.6152 14.837
-0.204 -16.7212 15.0546
-0.202 -14.7175 13.9772
-0.2 -11.5288 11.4788
-0.198 -7.20523 7.57695
-0.196 -1.963 2.47472
-0.194 3.80081 -3.42332
-0.192 9.52682 -9.53275
-0.19 14.548 -15.1491
-0.188 18.175 -19.5402
-0.186 19.8007 -22.0574
-0.184 19.0069 -22.2467
-0.182 15.6543 -19.9391
-0.18 9.938 -15.303
-0.178 2.39473 -8.84521
-0.176 -6.14274 -1.35741
-0.174 -14.6427 6.18597
-0.172 -22.0101 12.7644
-0.17 -27.2418 17.4605
-0.168 -29.5772 19.5987
-0.166 -28.6202 18.8487
-0.164 -24.4107 15.2776
-0.162 -17.4334 9.34059
-0.16 -8.5597 1.81197
-0.158 1.0697 -6.3321
-0.156 10.2036 -14.0595
-0.154 17.657 -20.4325
-0.152 22.4775 -24.7385
-0.15 24.078 -26.5801
-0.148 22.313 -25.9123
-0.146 17.49 -23.0236
-0.144 10.3141 -18.4675
-0.142 1.77589 -12.959
-0.14 -6.99773 -7.25638
-0.138 -14.9068 -2.04952
-0.136 -21.0287 2.12732
-0.134 -24.7334 4.9458
-0.132 -25.7483 6.29266
-0.13 -24.1643 6.24147
-0.128 -20.388 4.99765
-0.126 -15.0514 2.83143
-0.124 -8.89636 0.0144637
-0.122 -2.65692 -3.22612
-0.12 3.042 -6.72809
-0.118 7.7538 -10.3869
-0.116 11.2391 -14.1265
-0.114 13.4544 -17.8581
-0.112 14.5087 -21.4423
-0.11 14.6008 -24.6657
-0.108 13.9535 -27.2435
-0.106 12.7606 -28.8495
-0.104 11.1551 -29.1712
-0.102 9.2059 -27.979
-0.1 6.93958 -25.1954
-0.098 4.37963 -20.9481
-0.096 1.59124 -15.594
-0.094 -1.28182 -9.70306
-0.092 -4.00009 -4.00125
-0.09 -6.23891 0.722526
-0.088 -7.62802 3.73267
-0.086 -7.81525 4.46742
-0.084 -6.54312 2.6428
-0.082 -3.72286 -1.67959
-0.08 0.510609 -8.07529
-0.078 5.77679 -15.7963
-0.076 11.4697 -23.8633
-0.074 16.8211 -31.1985
-0.072 20.9996 -36.7782
-0.07 23.231 -39.7816
-0.068 22.9217 -39.7136
-0.066 19.7634 -36.4797
-0.064 13.8016 -30.4051
-0.062 5.45588 -22.1922
-0.06 -4.51446 -12.8254
-0.058 -15.0954 -3.43714
-0.056 -25.1432 4.84496
-0.054 -33.5329 11.0473
-0.052 -39.3086 14.4751
-0.05 -41.8151 14.7965
-0.048 -40.7887 12.0732
-0.046 -36.3953 6.73818
-0.044 -29.2081 -0.476989
-0.042 -20.1282 -8.64993
-0.04 -10.2632 -16.7938
-0.038 -0.780586 -23.9818
-0.036 7.23947 -29.453
-0.034 12.9329 -32.6867
-0.032 15.7455 -33.4384
-0.03 15.4828 -31.7391
-0.028 12.3134 -27.8625
-0.026 6.7286 -22.2679
-0.024 -0.533224 -15.5305
-0.022 -8.5868 -8.26783
-0.02 -16.5093 -1.07244
-0.018 -23.4438 5.54104
-0.016 -28.6835 11.1702
-0.014 -31.7262 15.5389
-0.012 -32.2988 18.4941
-0.01 -30.3523 19.9911
-0.008 -26.0377 20.0746
-0.006 -19.6714 18.8605
-0.004 -11.6967 16.5243
-0.002 -2.64655 13.2928
0 6.89116 9.4397
0.002 16.3069 5.27944
0.004 25.0005 1.16105
0.006 32.4117 -2.54778
0.008 38.0488 -5.47936
0.01 41.5179 -7.29155
0.012 42.5533 -7.69932
0.014 41.0492 -6.5105
0.016 37.0901 -3.66191
0.018 30.9715 0.750345
0.02 23.2044 6.45414
0.022 14.4934 13.0049
0.024 5.68533 19.8137
0.026 -2.31009 26.1997
0.028 -8.61887 31.4624
0.03 -12.5086 34.9643
0.032 -13.4866 36.2149
0.034 -11.3753 34.9437
0.036 -6.35444 31.1521
0.038 1.03916 25.136
0.04 9.95821 17.4729
0.042 19.3353 8.9705
0.044 28.0091 0.580646
0.046 34.8708 -6.71318
0.048 39.0108 -12.0214
0.05 39.8428 -14.6686
0.052 37.1857 -14.2909
0.054 31.2892 -10.8939
0.056 22.7992 -4.86171
0.058 12.6687 3.08646
0.06 2.0273 11.9861
0.062 -7.97075 20.7528
0.064 -16.2972 28.3249
0.066 -22.1786 33.8041
0.068 -25.185 36.5747
0.07 -25.2677 36.3823
0.072 -22.7412 33.3628
0.074 -18.2152 28.0161
0.076 -12.4889 21.128
0.078 -6.4244 13.6537
0.08 -0.822987 6.57997
0.082 3.679 0.787607
0.084 6.67736 -3.06497
0.086 8.02352 -4.61956
0.088 7.80442 -3.8474
0.09 6.28756 -1.02773
0.092 3.84514 3.31763
0.094 0.874394 8.52001
0.096 -2.27011 13.8719
0.098 -5.32021 18.7291
0.1 -8.10807 22.5897
0.102 -10.5517 25.1417
0.104 -12.619 26.2721
0.106 -14.2834 26.044
0.108 -15.4827 24.648
0.11 -16.0956 22.3428
0.112 -15.9427 19.3965
0.114 -14.8155 16.0434
0.116 -12.5275 12.462
0.118 -8.97908 8.77773
0.12 -4.21925 5.08664
0.122 1.51077 1.48988
0.124 7.76535 -1.87218
0.126 13.9225 -4.7989
0.128 19.2518 -7.03021
0.13 23.0154 -8.27326
0.132 24.5851 -8.25172
0.134 23.5577 -6.769
0.136 19.8456 -3.772
0.138 13.7252 0.599483
0.14 5.83057 5.991
0.142 -2.91107 11.8486
0.144 -11.3949 17.473
0.146 -18.49 22.1086
0.148 -23.2026 25.053
0.15 -24.8271 25.7719
0.152 -23.0583 23.9969
0.154 -18.0476 19.7884
0.156 -10.3913 13.5508
0.158 -1.05351 5.99209
0.16 8.76724 -1.96548
0.162 17.8063 -9.31366
0.164 24.9109 -15.1038
0.166 29.2008 -18.5872
0.168 30.1862 -19.3268
0.17 27.8264 -17.2625
0.172 22.5217 -12.7184
0.174 15.0401 -6.352
0.176 6.39559 0.946238
0.178 -2.30487 8.18607
0.18 -10.0172 14.4211
0.182 -15.8972 18.8803
0.184 -19.3984 21.0662
0.186 -20.3182 20.808
0.188 -18.7906 18.2607
0.19 -15.2304 13.8575
0.192 -10.2428 8.22345
0.194 -4.51679 2.07031
0.196 1.27981 -3.91028
0.198 6.58566 -9.13591
0.2 11.0003 -13.1928
0.202 14.3029 -15.8587
0.204 16.4369 -17.0916
0.206 17.4698 -16.9918
0.208 17.5397 -15.7492
0.21 16.8027 -13.5919
0.212 15.3923 -10.7442
0.214 13.3999 -7.4051
0.216 10.8786 -3.74677
0.218 7.86637 0.0696668
0.22 4.42236 3.86978
0.222 0.66307 7.44342
0.224 -3.21145 10.5344
0.226 -6.91147 12.8496
0.228 -10.0763 14.0894
0.23 -12.3174 13.9968
0.232 -13.2794 12.4156
0.234 -12.7088 9.34549
0.236 -10.5163 4.98105
0.238 -6.82098 -0.27825
0.24 -1.96275 -5.85393
0.242 3.51977 -11.051
0.244 8.94834 -15.1502
0.246 13.593 -17.5165
0.248 16.7766 -17.7052
0.25 17.9787 -15.5462
0.252 16.9227 -11.1897
0.254 13.6287 -5.10385
0.256 8.4251 1.97965
0.258 1.91255 9.16257
0.26 -5.1122 15.5069
0.262 -11.7637 20.1704
0.264 -17.1891 22.5296
0.266 -20.6856 22.2704
0.268 -21.7966 19.4313
0.27 -20.3717 14.3935
0.272 -16.5828 7.8178
0.274 -10.8932 0.542404
0.276 -3.98729 -6.54419
0.278 3.32901 -12.6314
0.28 10.2395 -17.0959
0.282 16.024 -19.5757
0.284 20.1441 -19.9971
0.286 22.2966 -18.5566
0.288 22.43 -15.6608
0.29 20.7252 -11.8417
0.292 17.5474 -7.66194
0.294 13.3784 -3.62832
0.296 8.74321 -0.12845
0.298 4.14243 2.60198
0.3 -0.00130611 4.47874
0.302 -3.37538 5.54062
0.304 -5.78752 5.90309
0.306 -7.15712 5.70671
0.308 -7.49393 5.07316
0.31 -6.87187 4.07854
0.312 -5.40551 2.74907
0.314 -3.2343 1.07855
0.316 -0.516627 -0.93845
0.318 2.568 -3.26761
0.32 5.81276 -5.80171
0.322 8.97915 -8.34387
0.324 11.7997 -10.6143
0.326 13.992 -12.2821
0.328 15.2839 -13.0175
0.33 15.449 -12.5558
0.332 14.345 -10.7584
0.334 11.9493 -7.65976
0.336 8.3819 -3.48664
0.338 3.91025 1.35434
0.34 -1.06856 6.32241
0.342 -6.0675 10.8148
0.344 -10.5668 14.2538
0.346 -14.0805 16.175
0.348 -16.2222 16.3001
0.35 -16.7595 14.5829
0.352 -15.6473 11.2197
0.354 -13.0352 6.6212
0.356 -9.24656 1.35211
0.358 -4.73197 -3.95255
0.36 -0.00497387 -8.67957
0.362 4.42948 -12.3228
0.364 8.14221 -14.5481
0.366 10.8317 -15.2277
0.368 12.3529 -14.4413
0.37 12.7202 -12.4452
0.372 12.0852 -9.61852
0.374 10.6962 -6.3953
0.376 8.84802 -3.1981
0.378 6.8311 -0.381758
0.38 4.88961 1.80331
0.382 3.19465 3.22502
0.384 1.83541 3.86193
0.386 0.82763 3.77912
0.388 0.135006 3.09563
0.39 -0.302974 1.95183
0.392 -0.544268 0.484282
0.394 -0.625112 -1.18753
0.396 -0.552689 -2.96166
0.398 -0.310625 -4.74397
0.4 0.125012 -6.43379
0.402 0.76421 -7.9115
0.404 1.58241 -9.03426
0.406 2.50704 -9.64371
0.408 3.41594 -9.58617
0.41 4.14953 -8.74247
0.412 4.53559 -7.06106
0.414 4.42233 -4.58682
0.416 3.71307 -1.47771
0.418 2.39512 1.99662
0.42 0.555996 5.47691
0.422 -1.61759 8.55577
0.424 -3.85941 10.833
0.426 -5.85971 11.976
0.428 -7.31182 11.7751
0.43 -7.96154 10.1831
0.432 -7.65063 7.33127
0.434 -6.34667 3.5183
0.436 -4.15391 -0.827971
0.438 -1.30284 -5.20932
0.44 1.8798 -9.12748
0.442 5.01598 -12.1543
0.444 7.72911 -13.9906
0.446 9.69629 -14.5032
0.448 10.692 -13.7369
0.45 10.6168 -11.8974
0.452 9.50752 -9.31131
0.454 7.52713 -6.37
0.456 4.93823 -3.46781
0.458 2.06359 -0.945302
0.46 -0.758847 0.953224
0.462 -3.22008 2.10199
0.464 -5.07704 2.49409
0.466 -6.17834 2.22231
0.468 -6.47639 1.44631
0.47 -6.02576 0.353885
0.472 -4.96928 -0.875548
0.474 -3.5147 -2.09835
0.476 -1.90528 -3.22056
0.478 -0.388269 -4.19724
0.48 0.815166 -5.01927
0.482 1.5353 -5.69279
0.484 1.67215 -6.21767
0.486 1.20515 -6.57154
0.488 0.193621 -6.70421
0.49 -1.23194 -6.5445
0.492 -2.88667 -6.01831
0.494 -4.5548 -5.07357
0.496 -6.01724 -3.70598
0.498 -7.08021 -1.97886
0.5 -7.60121 -0.0312395
0.502 -7.50857 1.92942
0.504 -6.81144 3.65036
0.506 -5.59841 4.86978
0.508 -4.02439 5.36046
0.51 -2.28761 4.97283
0.512 -0.599711 3.66925
0.514 0.846267 1.54207
0.516 1.90522 -1.18897
0.518 2.50145 -4.2012
0.52 2.63836 -7.11223
0.522 2.39413 -9.53546
0.524 1.90382 -11.1389
0.526 1.33065 -11.6974
0.528 0.832142 -11.1295
0.53 0.527706 -9.51179
0.532 0.474451 -7.06863
0.534 0.656342 -4.13842
0.536 0.989131 -1.12167
0.538 1.34019 1.57997
0.54 1.55928 3.62413
0.542 1.51393 4.77732
0.544 1.12212 4.94611
0.546 0.375212 4.18513
0.548 -0.65403 2.68124
0.55 -1.82069 0.717223
0.552 -2.93306 -1.37825
0.554 -3.7894 -3.2853
0.556 -4.21899 -4.74269
0.558 -4.11884 -5.58436
0.56 -3.47807 -5.75708
0.562 -2.38444 -5.31725
0.564 -1.01074 -4.40902
0.566 0.416607 -3.22907
0.568 1.66085 -1.98557
0.57 2.52119 -0.859429
0.572 2.87257 0.0249991
0.574 2.69032 0.614791
0.576 2.05432 0.927033
0.578 1.13143 1.03243
0.58 0.139664 1.02835
0.582 -0.6985 1.00769
0.584 -1.20368 1.0309
0.586 -1.27789 1.10745
0.588 -0.925158 1.19108
0.59 -0.249592 1.18996
0.592 0.568744 0.989704
0.594 1.31534 0.484161
0.596 1.79108 -0.392619
0.598 1.85943 -1.64052
0.6 1.48027 -3.17962
0.602 0.722433 -4.85246
0.604 -0.248526 -6.44294
0.606 -1.20527 -7.7092
0.608 -1.9091 -8.42474
0.61 -2.16491 -8.42015
0.612 -1.86847 -7.61745
0.614 -1.03494 -6.05003
0.616 0.198596 -3.86391
0.618 1.59821 -1.29946
0.62 2.88137 1.34369
0.622 3.77858 3.75256
0.624 4.09516 5.6496
0.626 3.75931 6.83548
0.628 2.84487 7.21868
0.63 1.56256 6.8263
0.632 0.219713 5.79486
0.634 -0.844025 4.34279
0.636 -1.33221 2.73028
0.638 -1.06211 1.21393
0.64 -0.0142805 0.00465112
0.642 1.65098 -0.763919
0.644 3.61591 -1.05118
0.646 5.4638 -0.90751
0.648 6.7631 -0.455794
0.65 7.16062 0.13903
0.652 6.46422 0.705736
0.654 4.69696 1.10049
0.656 2.10943 1.23178
0.658 -0.854557 1.07217
0.66 -3.63459 0.655545
0.662 -5.65926 0.0616207
0.664 -6.46088 -0.607545
0.666 -5.77643 -1.25322
0.668 -3.61384 -1.80179
0.67 -0.268405 -2.21793
0.672 3.71643 -2.50687
0.674 7.63879 -2.70563
0.676 10.7631 -2.86609
0.678 12.4569 -3.03419
0.68 12.3136 -3.23079
0.682 10.2369 -3.43934
0.684 6.46961 -3.60392
0.686 1.56013 -3.63915
0.688 -3.72818 -3.44994
0.69 -8.54879 -2.9571
0.692 -12.1206 -2.12243
0.694 -13.8656 -0.967208
0.696 -13.5109 0.421214
0.698 -11.1347 1.89713
0.7 -7.14947 3.27795
0.702 -2.22476 4.37562
0.704 2.83493 5.03199
0.706 7.23422 5.15082
0.708 10.3254 4.71979
0.71 11.7155 3.81725
0.712 11.3229 2.6019
0.714 9.37313 1.2865
0.716 6.33898 0.100185
0.718 2.83607 -0.75338
0.72 -0.501887 -1.13419
0.722 -3.14378 -0.992638
0.724 -4.75389 -0.379571
0.726 -5.23984 0.562705
0.728 -4.74823 1.62676
0.73 -3.61167 2.57876
0.732 -2.26031 3.20216
0.734 -1.11806 3.33773
0.736 -0.506015 2.91248
0.738 -0.573495 1.95197
0.74 -1.27066 0.573974
0.742 -2.36761 -1.03455
0.744 -3.5146 -2.65236
0.746 -4.32943 -4.06341
0.748 -4.49218 -5.09303
0.75 -3.82627 -5.63409
0.752 -2.34775 -5.65856
0.754 -0.271743 -5.21329
0.756 2.02553 -4.402
0.758 4.0816 -3.35848
0.76 5.44353 -2.21734
0.762 5.7644 -1.08902
0.764 4.88001 -0.0442511
0.766 2.8495 0.889368
0.768 -0.0488571 1.71899
0.77 -3.36587 2.46945
0.772 -6.56407 3.16263
0.774 -9.11786 3.79908
0.776 -10.6113 4.347
0.778 -10.814 4.74193
0.78 -9.72101 4.89783
0.782 -7.54839 4.72751
0.784 -4.68785 4.16767
0.786 -1.62881 3.20264
0.788 1.135 1.88049
0.79 3.1958 0.316632
0.792 4.30095 -1.31734
0.794 4.38825 -2.81847
0.796 3.58177 -3.98672
0.798 2.15098 -4.66187
0.8 0.443759 -4.75553
0.802 -1.19161 -4.2713
0.804 -2.47812 -3.30855
0.806 -3.26057 -2.04849
0.808 -3.52508 -0.72452
0.81 -3.38479 0.417654
0.812 -3.03684 1.16314
0.814 -2.70155 1.36599
0.816 -2.55899 0.975434
0.818 -2.69795 0.0451674
0.82 -3.0895 -1.27592
0.822 -3.59139 -2.76978
0.824 -3.98226 -4.18699
0.826 -4.018 -5.28917
0.828 -3.49728 -5.8881
0.83 -2.32121 -5.8747
0.832 -0.532978 -5.23296
0.834 1.67253 -4.03736
0.836 3.97277 -2.43545
0.838 5.97196 -0.619774
0.84 7.27576 1.20458
0.842 7.57152 2.85057
0.844 6.69773 4.1727
0.846 4.68793 5.08012
0.848 1.77913 5.53864
0.85 -1.61841 5.56343
0.852 -4.98529 5.20562
0.854 -7.7798 4.53698
0.856 -9.53136 3.63648
0.858 -9.92334 2.58135
0.86 -8.84987 1.44348
0.862 -6.4362 0.29054
0.864 -3.01929 -0.810542
0.866 0.907566 -1.7904
0.868 4.77556 -2.57714
0.87 8.03193 -3.10094
0.872 10.2263 -3.30338
0.874 11.0769 -3.1499
0.876 10.5073 -2.64217
0.878 8.64722 -1.82669
0.88 5.80147 -0.796331
0.882 2.39208 0.317326
0.884 -1.1132 1.36063
0.886 -4.27378 2.18131
0.888 -6.73769 2.65446
0.89 -8.28251 2.70596
0.892 -8.83097 2.32822
0.894 -8.44188 1.58441
0.896 -7.28124 0.599569
0.898 -5.58148 -0.460385
0.9 -3.59775 -1.41804
0.902 -1.56928 -2.11663
0.904 0.308444 -2.44841
0.906 1.89807 -2.37341
0.908 3.12177 -1.92455
0.91 3.95257 -1.19797
0.912 4.40016 -0.330865
0.914 4.49592 0.528441
0.916 4.28094 1.25139
0.918 3.79935 1.75435
0.92 3.09684 2.01244
0.922 2.22292 2.05907
0.924 1.23417 1.97146
0.926 0.195919 1.84547
0.928 -0.819688 1.76577
0.93 -1.7395 1.77844
0.932 -2.49821 1.87294
0.934 -3.04791 1.97852
0.936 -3.36572 1.97697
0.938 -3.45686 1.72973
0.94 -3.3517 1.11419
0.942 -3.09688 0.0608266
0.944 -2.74214 -1.41741
0.946 -2.32626 -3.21124
0.948 -1.86589 -5.1213
0.95 -1.35091 -6.88504
0.952 -0.748426 -8.22003
0.954 -0.0154635 -8.8759
0.956 0.882182 -8.68486
0.958 1.94928 -7.60027
0.96 3.14418 -5.7151
0.962 4.37068 -3.25534
0.964 5.48237 -0.548351
0.966 6.30059 2.0288
0.968 6.64396 4.11232
0.97 6.36454 5.41429
0.972 5.38392 5.77336
0.974 3.72122 5.18378
0.976 1.50626 3.79696
0.978 -1.02683 1.89507
0.98 -3.56657 -0.158636
0.982 -5.76871 -1.98343
0.984 -7.31169 -3.24702
0.986 -7.9533 -3.72157
0.988 -7.57783 -3.3198
0.99 -6.22426 -2.10526
0.992 -4.08866 -0.275785
0.994 -1.49873 1.87585
0.996 1.1362 4.0157
0.998 3.39187 5.82653
0.4 0.257743 0.101285
0.8 0.262384 0.106736
1.2 0.269724 0.115574
1.6 0.279202 0.127449
2 0.290103 0.141914
2.4 0.301615 0.15846
2.8 0.312896 0.176561
3.2 0.323147 0.195708
3.6 0.331677 0.215454
4 0.337955 0.235433
4.4 0.341657 0.255386
4.8 0.342686 0.275167
5.2 0.341182 0.294737
5.6 0.337501 0.314147
6 0.332187 0.333523
6.4 0.325926 0.353026
6.8 0.319489 0.372832
7.2 0.313668 0.393092
7.6 0.309218 0.413917
8 0.3068 0.435351
8.4 0.306937 0.457366
8.8 0.309979 0.479861
9.2 0.316086 0.502665
9.6 0.325231 0.525559
10 0.337211 0.548288
10.4 0.351674 0.570587
10.8 0.368159 0.592203
11.2 0.386136 0.612915
11.6 0.405052 0.632547
12 0.424374 0.650977
12.4 0.443622 0.668144
12.8 0.462396 0.68404
13.2 0.480393 0.698705
13.6 0.497409 0.712214
14 0.513331 0.724662
14.4 0.528121 0.736152
14.8 0.541788 0.74678
15.2 0.554367 0.756624
15.6 0.565884 0.765738
16 0.576337 0.77415
16.4 0.585672 0.781857
16.8 0.593778 0.788834
17.2 0.600486 0.795034
17.6 0.605578 0.800396
18 0.608811 0.804853
18.4 0.60994 0.808334
18.8 0.608758 0.810771
19.2 0.605126 0.812103
19.6 0.599008 0.812277
20 0.590499 0.811253
20.4 0.579845 0.809002
20.8 0.567448 0.805513
21.2 0.553863 0.800792
21.6 0.539777 0.794868
22 0.525978 0.787797
22.4 0.51331 0.779663
22.8 0.502624 0.770585
23.2 0.494719 0.760715
23.6 0.490285 0.750237
24 0.489856 0.739368
24.4 0.493758 0.728341
24.8 0.502083 0.717404
25.2 0.514673 0.706801
25.6 0.531118 0.696759
26 0.550775 0.687474
26.4 0.572804 0.679098
26.8 0.59622 0.67173
27.2 0.619947 0.66541
27.6 0.642892 0.66012
28 0.66401 0.655793
28.4 0.682373 0.652322
28.8 0.697222 0.649581
29.2 0.708019 0.647443
29.6 0.71447 0.645796
30 0.71654 0.644571
30.4 0.714442 0.643747
30.8 0.708617 0.643361
31.2 0.699687 0.643512
31.6 0.688409 0.644343
32 0.675606 0.646033
32.4 0.662114 0.648766
32.8 0.648712 0.652705
33.2 0.636071 0.657962
33.6 0.624714 0.66457
34 0.614982 0.67246
34.4 0.607022 0.681446
34.8 0.600793 0.691223
35.2 0.596083 0.701375
35.6 0.592541 0.711396
36 0.589716 0.72072
36.4 0.587113 0.728766
36.8 0.584233 0.734977
37.2 0.58063 0.738869
37.6 0.575942 0.740075
38 0.569931 0.738373
38.4 0.562494 0.733718
38.8 0.553675 0.726243
39.2 0.543655 0.716257
39.6 0.53273 0.704223
40 0.521289 0.690723
40.4 0.509773 0.676414
40.8 0.498637 0.661976
41.2 0.488312 0.648057
41.6 0.479171 0.635224
42 0.471497 0.623923
42.4 0.465465 0.61444
42.8 0.461135 0.606887
43.2 0.458445 0.601199
43.6 0.457228 0.597143
44 0.45723 0.594343
44.4 0.458132 0.592319
44.8 0.459585 0.59053
45.2 0.461237 0.588417
45.6 0.462764 0.585456
46 0.4639 0.581198
46.4 0.464447 0.575301
46.8 0.4643 0.567559
47.2 0.46344 0.557912
47.6 0.461936 0.546446
48 0.459933 0.533387
48.4 0.457631 0.519073
48.8 0.455265 0.503933
49.2 0.453077 0.488451
49.6 0.451295 0.47313
50 0.450103 0.458455
50.4 0.44963 0.444865
50.8 0.449927 0.43272
51.2 0.45097 0.422286
51.6 0.452653 0.413712
52 0.454802 0.40703
52.4 0.457187 0.402154
52.8 0.459544 0.398885
53.2 0.461596 0.396929
53.6 0.463087 0.395913
54 0.463796 0.395411
54.4 0.46357 0.394972
54.8 0.462333 0.394146
55.2 0.460102 0.392515
55.6 0.456987 0.389718
56 0.453185 0.385481
56.4 0.448967 0.379633
56.8 0.444653 0.372122
57.2 0.440591 0.363026
57.6 0.437117 0.352546
58 0.434529 0.341004
58.4 0.433054 0.328822
58.8 0.43282 0.316498
59.2 0.433842 0.304573
59.6 0.436004 0.293596
60 0.439067 0.284085
60.4 0.442674 0.276487
60.8 0.446376 0.271146
61.2 0.44966 0.268275
61.6 0.451986 0.267934
62 0.452831 0.270026
62.4 0.45173 0.274301
62.8 0.448316 0.280369
63.2 0.442351 0.287733
63.6 0.433754 0.29582
64 0.422614 0.30403
64.4 0.409185 0.311778
64.8 0.393882 0.318542
65.2 0.377252 0.323903
65.6 0.359939 0.327578
66 0.342646 0.329438
66.4 0.326088 0.329522
66.8 0.310945 0.328028
67.2 0.297823 0.325297
67.6 0.287214 0.321783
68 0.279471 0.318017
68.4 0.274795 0.314559
68.8 0.273229 0.311957
69.2 0.274667 0.3107
69.6 0.278872 0.311183
70 0.285504 0.313675
70.4 0.294152 0.318303
70.8 0.304366 0.325041
71.2 0.31569 0.333713
71.6 0.327694 0.344015
72 0.339992 0.355531
72.4 0.35226 0.367766
72.8 0.364242 0.380183
73.2 0.375742 0.392235
73.6 0.386624 0.403401
74 0.396786 0.413213
74.4 0.406152 0.421286
74.8 0.414649 0.427328
75.2 0.42219 0.431156
75.6 0.428666 0.432693
76 0.433934 0.43197
76.4 0.437826 0.429112
76.8 0.440149 0.424321
77.2 0.4407 0.417867
77.6 0.439285 0.410057
78 0.435739 0.401223
78.4 0.429945 0.3917
78.8 0.42185 0.381805
79.2 0.411484 0.371819
79.6 0.398961 0.36198
80 0.384488 0.352465
80.4 0.368349 0.343384
80.8 0.350899 0.334781
81.2 0.332542 0.326629
81.6 0.313707 0.318838
82 0.294827 0.311263
82.4 0.276306 0.303719
82.8 0.258504 0.295995
83.2 0.241715 0.287876
83.6 0.226152 0.279158
84 0.211947 0.269676
84.4 0.199145 0.259317
84.8 0.187712 0.248037
85.2 0.17755 0.235875
85.6 0.168509 0.222955
86 0.16041 0.209487
86.4 0.153059 0.195758
86.8 0.146264 0.182116
87.2 0.139857 0.168949
87.6 0.133696 0.156659
88 0.127678 0.145633
88.4 0.121738 0.136214
88.8 0.115849 0.128674
89.2 0.110016 0.123188
89.6 0.104269 0.119824
90 0.098652 0.118528
90.4 0.0932155 0.11913
90.8 0.0880083 0.121348
91.2 0.0830699 0.124815
91.6 0.0784267 0.129096
92 0.0740897 0.133724
92.4 0.0700554 0.138234
92.8 0.0663076 0.142192
93.2 0.0628218 0.145233
93.6 0.0595698 0.147079
94 0.0565241 0.147562
94.4 0.0536623 0.146632
94.8 0.0509698 0.144358
95.2 0.0484413 0.140917
95.6 0.0460807 0.136579
96 0.0438994 0.131682
96.4 0.0419137 0.126602
96.8 0.0401408 0.121727
97.2 0.0385957 0.117421
97.6 0.037287 0.114005
98 0.0362143 0.111724
98.4 0.035367 0.110742
98.8 0.0347238 0.111128
99.2 0.0342537 0.112856
99.6 0.0339189 0.115813
100 0.0336782 0.119813
100.4 0.033491 0.124614
100.8 0.0333218 0.129942
101.2 0.033144 0.13551
101.6 0.0329437 0.141044
102 0.0327209 0.146302
102.4 0.0324913 0.151091
102.8 0.0322845 0.155274
103.2 0.0321427 0.158781
103.6 0.0321163 0.161606
104 0.03226 0.1638
104.4 0.0326277 0.165464
104.8 0.0332668 0.166734
105.2 0.0342137 0.167768
105.6 0.0354893 0.168725
106 0.0370962 0.169754
106.4 0.0390161 0.170981
106.8 0.0412103 0.172496
107.2 0.04362 0.17435
107.6 0.0461692 0.176551
108 0.0487681 0.179066
108.4 0.0513175 0.181827
108.8 0.0537144 0.184738
109.2 0.0558567 0.187689
109.6 0.0576489 0.19056
110 0.0590064 0.19324
110.4 0.0598598 0.195627
110.8 0.0601578 0.197644
111.2 0.0598692 0.199236
111.6 0.0589836 0.200376
112 0.0575111 0.201059
112.4 0.0554811 0.201301
112.8 0.0529397 0.201132
113.2 0.0499472 0.200586
113.6 0.0465742 0.199697
114 0.0428983 0.198489
114.4 0.0390003 0.196974
114.8 0.0349605 0.195147
115.2 0.030856 0.192987
115.6 0.026758 0.190462
116 0.0227298 0.187528
116.4 0.0188259 0.184142
116.8 0.0150913 0.180267
117.2 0.0115619 0.175883
117.6 0.0082651 0.17099
118 0.00522142 0.165617
118.4 0.00244574 0.159827
118.8 -5.08667e-05 0.153712
119.2 -0.00225948 0.147396
119.6 -0.00417194 0.141024
120 -0.00577975 0.134762
120.4 -0.00707356 0.128781
120.8 -0.00804312 0.123253
121.2 -0.00867787 0.118336
121.6 -0.008968 0.114171
122 -0.00890601 0.11087
122.4 -0.0084885 0.108519
122.8 -0.00771805 0.107171
123.2 -0.00660497 0.106846
123.6 -0.00516865 0.107539
124 -0.0034384 0.10922
124.4 -0.00145347 0.11184
124.8 0.00073772 0.115334
125.2 0.00307934 0.119628
125.6 0.00551066 0.124639
126 0.00796927 0.130278
126.4 0.0103948 0.136448
126.8 0.0127328 0.143046
127.2 0.0149382 0.149957
127.6 0.0169787 0.157055
128 0.0188368 0.164203
128.4 0.0205107 0.171251
128.8 0.0220139 0.178042
129.2 0.0233734 0.184416
129.6 0.0246265 0.190217
130 0.0258161 0.195306
130.4 0.0269856 0.199564
130.8 0.0281733 0.20291
131.2 0.0294063 0.205308
131.6 0.0306968 0.206771
132 0.0320376 0.207369
132.4 0.0334008 0.207227
132.8 0.034738 0.206518
133.2 0.0359826 0.205456
133.6 0.0370546 0.204281
134 0.0378668 0.203239
134.4 0.0383326 0.202567
134.8 0.0383745 0.202474
135.2 0.0379326 0.203115
135.6 0.0369724 0.204584
136 0.0354908 0.206901
136.4 0.0335199 0.21
136.8 0.0311289 0.21374
137.2 0.0284216 0.217903
137.6 0.0255327 0.222212
138 0.0226199 0.226347
138.4 0.0198552 0.229965
138.8 0.0174141 0.232728
139.2 0.0154648 0.23432
139.6 0.0141574 0.234476
140 0.0136149 0.232996
140.4 0.0139264 0.22976
140.8 0.015143 0.22474
141.2 0.0172763 0.217996
141.6 0.0203013 0.20968
142 0.0241605 0.200021
142.4 0.028772 0.189314
142.8 0.0340378 0.177901
143.2 0.0398534 0.166153
143.6 0.0461171 0.154449
144 0.0527376 0.143154
144.4 0.0596397 0.132603
144.8 0.0667675 0.123089
145.2 0.0740842 0.114846
145.6 0.0815693 0.108049
146 0.0892128 0.102805
146.4 0.0970075 0.0991589
146.8 0.10494 0.0970976
147.2 0.112983 0.0965573
147.6 0.121082 0.0974336
148 0.129156 0.0995924
148.4 0.137086 0.102881
148.8 0.144721 0.107138
149.2 0.151874 0.112202
149.6 0.158333 0.11792
150 0.163868 0.124148
150.4 0.168243 0.130759
150.8 0.171229 0.137636
151.2 0.172622 0.144678
151.6 0.172251 0.151786
152 0.169996 0.158869
152.4 0.165795 0.165832
152.8 0.159649 0.172572
153.2 0.151631 0.178979
153.6 0.141881 0.184929
154 0.130603 0.190286
154.4 0.118055 0.194905
154.8 0.104541 0.198636
155.2 0.0903941 0.201327
155.6 0.0759655 0.202835
156 0.0616068 0.203036
156.4 0.0476563 0.201829
156.8 0.0344255 0.199147
157.2 0.0221877 0.194964
157.6 0.0111689 0.189302
158 0.00154166 0.182227
158.4 -0.0065784 0.173856
158.8 -0.0131329 0.164348
159.2 -0.018119 0.153901
159.6 -0.0215845 0.142743
160 -0.0236226 0.131118
160.4 -0.0243633 0.119278
160.8 -0.0239659 0.10747
161.2 -0.0226101 0.0959238
161.6 -0.0204867 0.0848416
162 -0.0177903 0.074392
162.4 -0.0147107 0.0647031
162.8 -0.0114271 0.0558609
163.2 -0.00810253 0.0479095
163.6 -0.00487913 0.0408546
164 -0.00187573 0.0346684
164.4 0.000814165 0.0292971
164.8 0.00312285 0.0246685
165.2 0.00500794 0.0206999
165.6 0.00645084 0.0173061
166 0.00745455 0.014405
166.4 0.00804069 0.0119233
166.8 0.0082462 0.00979886
167.2 0.00811964 0.00798212
167.6 0.00771754 0.0064358
168 0.0071007 0.00513299
168.4 0.00633078 0.00405438
168.8 0.00546726 0.00318511
169.2 0.00456489 0.00251153
169.6 0.00367167 0.00201849
170 0.00282745 0.0016873
170.4 0.00206314 0.00149477
170.8 0.00140053 0.00141319
171.2 0.000852579 0.00141133
171.6 0.000424267 0.00145624
172 0.000113685 0.00151546
172.4 -8.65696e-05 0.00155955
172.8 -0.000187914 0.00156435
173.2 -0.000204289 0.00151295
173.6 -0.000150784 0.00139685
174 -4.24591e-05 0.00121644
174.4 0.000106575 0.000980583
174.8 0.00028377 0.000705435
175.2 0.000478446 0.000412596
175.6 0.000681805 0.000126851
176 0.000886694 -0.000126307
176.4 0.00108719 -0.000323096
176.8 0.00127808 -0.000443593
177.2 0.00145434 -0.000473417
177.6 0.00161067 -0.000404816
178 0.00174119 -0.000237115
178.4 0.00183938 2.34979e-05
178.8 0.00189816 0.000364745
179.2 0.00191036 0.000769514
179.6 0.00186925 0.00121744
180 0.00176932 0.00168663
180.4 0.00160707 0.00215546
180.8 0.00138177 0.0026042
181.2 0.00109604 0.00301644
181.6 0.000756175 0.00338025
182 0.00037207 0.00368889
182.4 -4.32038e-05 0.00394131
182.8 -0.0004743 0.00414213
183.2 -0.000904861 0.00430143
183.6 -0.00131907 0.00443409
184 -0.00170338 0.00455902
184.4 -0.00204814 0.00469803
184.8 -0.00234914 0.00487461
185.2 -0.00260858 0.00511257
185.6 -0.00283554 0.00543456
186 -0.00304575 0.00586067
186.4 -0.00326049 0.00640709
186.8 -0.00350478 0.00708487
187.2 -0.00380491 0.00789905
187.6 -0.00418547 0.00884806
188 -0.00466613 0.00992365
188.4 -0.00525857 0.0111113
188.8 -0.00596376 0.012391
189.2 -0.00677002 0.0137391
189.6 -0.00765207 0.0151298
190 -0.00857132 0.0165382
190.4 -0.00947739 0.0179419
190.8 -0.010311 0.0193245
191.2 -0.0110078 0.0206776
191.6 -0.0115032 0.0220026
192 -0.0117376 0.0233124
192.4 -0.0116616 0.0246312
192.8 -0.0112403 0.0259947
193.2 -0.0104576 0.0274477
193.6 -0.00931809 0.0290424
194 -0.00784789 0.0308339
194.4 -0.00609366 0.0328769
194.8 -0.00411963 0.0352209
195.2 -0.00200314 0.0379059
195.6 0.000171091 0.0409578
196 0.00231755 0.0443857
196.4 0.00435673 0.0481789
196.8 0.00622172 0.0523065
197.2 0.00786376 0.056717
197.6 0.0092566 0.061341
198 0.0103989 0.0660936
198.4 0.011315 0.0708796
198.8 0.012053 0.075598
199.2 0.0126815 0.0801479
199.6 0.0132844 0.0844344
200 0.0139544 0.0883735
200.4 0.014786 0.0918968
200.8 0.0158675 0.0949545
201.2 0.0172746 0.0975174
201.6 0.0190637 0.0995776
202 0.0212668 0.101147
202.4 0.0238889 0.102256
202.8 0.0269056 0.102949
203.2 0.0302639 0.103282
203.6 0.0338842 0.103316
204 0.0376637 0.103117
204.4 0.0414818 0.102747
204.8 0.0452059 0.102267
205.2 0.0486975 0.101731
205.6 0.0518196 0.101183
206 0.0544433 0.100662
206.4 0.0564534 0.1002
206.8 0.0577547 0.0998212
207.2 0.058276 0.0995456
207.6 0.0579736 0.099389
208 0.0568337 0.0993646
208.4 0.0548726 0.0994834
208.8 0.0521368 0.099755
209.2 0.0487002 0.100187
209.6 0.0446613 0.100785
210 0.0401386 0.101551
210.4 0.0352648 0.102486
210.8 0.0301809 0.103586
211.2 0.0250294 0.104845
211.6 0.0199479 0.106253
212 0.0150624 0.1078
212.4 0.0104824 0.109474
212.8 0.00629676 0.111267
213.2 0.00257071 0.113173
213.6 -0.000654505 0.115188
214 -0.0033606 0.117315
214.4 -0.00554921 0.11956
214.8 -0.00723728 0.121931
215.2 -0.00845112 0.124436
215.6 -0.00921995 0.127079
216 -0.00956921 0.129853
216.4 -0.00951467 0.132741
216.8 -0.00905782 0.135708
217.2 -0.0081832 0.138699
217.6 -0.00685811 0.141635
218 -0.00503488 0.144421
218.4 -0.0026558 0.146938
218.8 0.000339739 0.14906
219.2 0.00400633 0.150653
219.6 0.0083826 0.15159
220 0.0134813 0.151759
220.4 0.0192804 0.151075
220.8 0.0257157 0.149494
221.2 0.0326771 0.147016
221.6 0.0400073 0.143695
222 0.0475052 0.13964
222.4 0.0549331 0.13501
222.8 0.062027 0.130014
223.2 0.0685105 0.124894
223.6 0.0741104 0.119913
224 0.0785733 0.115338
224.4 0.0816823 0.111418
224.8 0.0832709 0.108371
225.2 0.0832354 0.10636
225.6 0.0815425 0.105482
226 0.0782332 0.10576
226.4 0.0734215 0.107131
226.8 0.0672885 0.109454
227.2 0.060072 0.112513
227.6 0.0520535 0.11603
228 0.0435417 0.119682
228.4 0.0348553 0.123119
228.8 0.026306 0.12599
229.2 0.0181823 0.127965
229.6 0.0107362 0.128751
230 0.0041721 0.128117
230.4 -0.00135992 0.125904
230.8 -0.00576705 0.122036
231.2 -0.00901328 0.116522
231.6 -0.0111154 0.109456
232 -0.0121362 0.101005
232.4 -0.012176 0.0914022
232.8 -0.0113626 0.0809291
233.2 -0.00984164 0.0698973
233.6 -0.00776668 0.0586311
234 -0.00529095 0.047449
234.4 -0.00256038 0.0366476
234.8 0.000291604 0.0264876
235.2 0.00314747 0.0171839
235.6 0.00590729 0.0088987
236 0.0084891 0.00173874
236.4 0.0108282 -0.00424393
236.8 0.0128757 -0.00904808
237.2 0.0145969 -0.0127169
237.6 0.0159695 -0.0153301
238 0.016982 -0.0169945
238.4 0.0176324 -0.0178351
238.8 0.0179276 -0.017986
239.2 0.0178825 -0.0175826
239.6 0.0175196 -0.0167551
240 0.0168684 -0.015623
240.4 0.0159651 -0.0142921
240.8 0.0148514 -0.012852
241.2 0.0135736 -0.0113759
241.6 0.0121808 -0.00992063
242 0.010723 -0.00852792
242.4 0.00924943 -0.00722637
242.8 0.00780597 -0.00603342
243.2 0.00643342 -0.00495755
243.6 0.00516576 -0.00400038
244 0.00402888 -0.0031586
244.4 0.00303985 -0.00242558
244.8 0.00220687 -0.00179278
245.2 0.0015297 -0.00125077
245.6 0.00100073 -0.000790053
246 0.000606387 -0.000401585
246.4 0.000328861 -7.71233e-05
246.8 0.000147929 0.00019061
247.2 4.27165e-05 0.0004079
247.6 -6.74937e-06 0.000580112
248 -1.82936e-05 0.000711849
248.4 -6.74265e-06 0.000807152
248.8 1.65146e-05 0.000869717
249.2 4.35728e-05 0.000903117
249.6 6.97209e-05 0.000910984
250 9.29023e-05 0.000897144
250.4 0.000113027 0.000865686
250.8 0.000131239 0.00082095
251.2 0.000149222 0.000767438
251.6 0.000168634 0.000709663
252 0.000190695 0.000651941
252.4 0.000215965 0.00059816
252.8 0.000244294 0.000551557
253.2 0.00027491 0.000514517
253.6 0.000306619 0.00048845
254 0.000338043 0.000473725
254.4 0.000367861 0.000469716
254.8 0.000395007 0.000474919
255.2 0.000418792 0.000487153
255.6 0.000438955 0.000503822
256 0.000455614 0.00052219
256.4 0.000469164 0.000539665
256.8 0.000480136 0.000554035
257.2 0.000489034 0.000563655
257.6 0.000496207 0.000567547
258 0.000501744 0.000565415
258.4 0.000505447 0.000557578
258.8 0.000506847 0.000544837
259.2 0.000505289 0.00052829
259.6 0.000500052 0.000509131
260 0.000490493 0.000488458
260.4 0.000476189 0.000467108
260.8 0.000457047 0.000445552
261.2 0.000433383 0.000423856
261.6 0.000405938 0.000401703
262 0.000375842 0.000378485
262.4 0.000344522 0.000353431
262.8 0.000313576 0.000325767
263.2 0.000284617 0.000294879
263.6 0.000259125 0.00026045
264 0.000238304 0.000222561
264.4 0.000222979 0.000181747
264.8 0.000213534 0.000138982
265.2 0.000209901 9.56245e-05
265.6 0.000211592 5.33023e-05
266 0.000217776 1.37777e-05
266.4 0.000227383 -2.1207e-05
266.8 0.000239219 -5.00778e-05
267.2 0.000252086 -7.15554e-05
267.6 0.000264882 -8.47483e-05
268 0.000276685 -8.92026e-05
268.4 0.000286795 -8.49098e-05
268.8 0.000294762 -7.22735e-05
269.2 0.000300363 -5.20442e-05
269.6 0.000303577 -2.52341e-05
270 0.000304531 6.97709e-06
270.4 0.000303447 4.33331e-05
270.8 0.000300585 8.25787e-05
271.2 0.000296208 0.000123519
271.6 0.000290544 0.000165056
272 0.000283781 0.000206207
272.4 0.000276061 0.000246103
272.8 0.000267494 0.000283981
273.2 0.000258182 0.00031917
273.6 0.000248233 0.000351081
274 0.000237787 0.000379203
274.4 0.000227025 0.000403109
274.8 0.000216175 0.000422472
275.2 0.000205505 0.000437084
275.6 0.000195311 0.000446879
276 0.000185899 0.00045195
276.4 0.000177561 0.000452557
276.8 0.000170554 0.000449122
277.2 0.000165078 0.000442208
277.6 0.000161264 0.000432484
278 0.00015916 0.00042067
278.4 0.000158733 0.000407485
278.8 0.000159865 0.000393588
279.2 0.000162365 0.00037952
279.6 0.000165975 0.000365664
280 0.000170383 0.000352224
280.4 0.000175235 0.000339216
280.8 0.00018015 0.000326492
281.2 0.000184732 0.000313768
281.6 0.000188584 0.000300685
282 0.000191326 0.000286862
282.4 0.000192609 0.000271964
282.8 0.000192133 0.000255758
283.2 0.000189669 0.000238157
283.6 0.000185071 0.00021925
284 0.000178296 0.000199309
284.4 0.00016941 0.000178782
284.8 0.0001586 0.00015826
285.2 0.000146163 0.00013843
285.6 0.000132503 0.000120029
286 0.000118104 0.000103773
286.4 0.00010351 9.0312e-05
286.8 8.92863e-05 8.01704e-05
287.2 7.59897e-05 7.37131e-05
287.6 6.41299e-05 7.11183e-05
288 5.41398e-05 7.23675e-05
288.4 4.63507e-05 7.72507e-05
288.8 4.0976e-05 8.53846e-05
289.2 3.81051e-05 9.62413e-05
289.6 3.77072e-05 0.000109186
290 3.96436e-05 0.00012352
290.4 4.3687e-05 0.000138522
290.8 4.95446e-05 0.000153492
291.2 5.68821e-05 0.000167791
291.6 6.53465e-05 0.000180871
292 7.45843e-05 0.000192303
292.4 8.42544e-05 0.000201794
292.8 9.40359e-05 0.000209196
293.2 0.000103631 0.000214502
293.6 0.000112762 0.000217841
294 0.000121172 0.000219453
294.4 0.000128623 0.000219671
294.8 0.000134895 0.000218881
295.2 0.000139795 0.000217489
295.6 0.000143166 0.000215885
296 0.000144902 0.000214402
296.4 0.000144963 0.000213287
296.8 0.000143396 0.000212678
297.2 0.000140345 0.000212584
297.6 0.000136062 0.000212886
298 0.000130906 0.000213343
298.4 0.000125332 0.000213618
298.8 0.000119871 0.0002133
299.2 0.0001151 0.000211954
299.6 0.000111601 0.000209154
300 0.00010992 0.000204534
300.4 0.000110521 0.00019782
300.8 0.000113745 0.000188866
301.2 0.000119781 0.000177669
301.6 0.000128635 0.000164377
302 0.000140131 0.000149281
302.4 0.000153908 0.000132794
302.8 0.000169444 0.000115418
303.2 0.000186087 9.77097e-05
303.6 0.000203093 8.02349e-05
304 0.000219677 6.35296e-05
304.4 0.00023506 4.80639e-05
304.8 0.000248513 3.42149e-05
305.2 0.000259399 2.22494e-05
305.6 0.000267205 1.23181e-05
306 0.000271559 4.46114e-06
306.4 0.000272247 -1.37767e-06
306.8 0.000269208 -5.3302e-06
307.2 0.000262526 -7.57933e-06
307.6 0.000252417 -8.33446e-06
308 0.000239207 -7.80974e-06
308.4 0.000223307 -6.20743e-06
308.8 0.000205194 -3.70781e-06
309.2 0.000185386 -4.66044e-07
309.6 0.000164424 3.38461e-06
310 0.000142851 7.72483e-06
310.4 0.000121201 1.24385e-05
310.8 9.99805e-05 1.74018e-05
311.2 7.96622e-05 2.24736e-05
311.6 6.06704e-05 2.74909e-05
312 4.3372e-05 3.22679e-05
312.4 2.80673e-05 3.66017e-05
312.8 1.49815e-05 4.02827e-05
313.2 4.25785e-06 4.31086e-05
313.6 -4.04669e-06 4.49012e-05
314 -9.96273e-06 4.55235e-05
314.4 -1.36061e-05 4.48938e-05
314.8 -1.51712e-05 4.29971e-05
315.2 -1.49201e-05 3.98907e-05
315.6 -1.31678e-05 3.57034e-05
316 -1.02641e-05 3.0629e-05
316.4 -6.57386e-06 2.4914e-05
316.8 -2.45613e-06 1.88401e-05
317.2 1.75577e-06 1.27048e-05
317.6 5.77188e-06 6.80035e-06
318 9.3598e-06 1.39358e-06
318.4 1.23543e-05 -3.29133e-06
318.8 1.46619e-05 -7.08642e-06
319.2 1.62602e-05 -9.8884e-06
319.6 1.71919e-05 -1.16617e-05
320 1.75548e-05 -1.2436e-05
320.4 1.74878e-05 -1.22991e-05
320.8 1.71548e-05 -1.13854e-05
321.2 1.67271e-05 -9.86201e-06
321.6 1.63667e-05 -7.91243e-06
322 1.62094e-05 -5.72076e-06
322.4 1.63525e-05 -3.45632e-06
322.8 1.68434e-05 -1.26056e-06
323.2 1.76745e-05 7.63115e-07
323.6 1.87811e-05 2.55579e-06
324 2.00443e-05 4.10548e-06
324.4 2.12989e-05 5.44538e-06
324.8 2.23453e-05 6.64805e-06
325.2 2.29642e-05 7.81605e-06
325.6 2.29349e-05 9.06974e-06
326 2.2054e-05 1.05331e-05
326.4 2.01548e-05 1.23188e-05
326.8 1.7124e-05 1.45134e-05
327.2 1.29164e-05 1.71647e-05
327.6 7.56493e-06 2.02713e-05
328 1.18428e-06 2.37765e-05
328.4 -6.03055e-06 2.75663e-05
328.8 -1.38129e-05 3.14725e-05
329.2 -2.18393e-05 3.52808e-05
329.6 -2.97491e-05 3.87433e-05
330 -3.71686e-05 4.1594e-05
330.4 -4.37366e-05 4.35669e-05
330.8 -4.91305e-05 4.44149e-05
331.2 -5.30892e-05 4.39276e-05
331.6 -5.54325e-05 4.19464e-05
332 -5.60735e-05 3.83763e-05
332.4 -5.50243e-05 3.31921e-05
332.8 -5.23933e-05 2.64402e-05
333.2 -4.83755e-05 1.82341e-05
333.6 -4.32346e-05 8.74569e-06
334 -3.72818e-05 -1.8079e-06
334.4 -3.08499e-05 -1.31795e-05
334.8 -2.42677e-05 -2.51085e-05
335.2 -1.7835e-05 -3.73363e-05
335.6 -1.18027e-05 -4.96206e-05
336 -6.35735e-06 -6.17456e-05
336.4 -1.61347e-06 -7.35288e-05
336.8 2.38778e-06 -8.48235e-05
337.2 5.67228e-06 -9.55168e-05
337.6 8.32089e-06 -0.000105525
338 1.04529e-05 -0.000114787
338.4 1.22069e-05 -0.000123255
338.8 1.3721e-05 -0.000130887
339.2 1.5115e-05 -0.000137638
339.6 1.64753e-05 -0.000143458
340 1.78451e-05 -0.000148291
340.4 1.92197e-05 -0.000152069
340.8 2.05477e-05 -0.000154727
341.2 2.17373e-05 -0.0001562
341.6 2.26673e-05 -0.000156434
342 2.32011e-05 -0.000155396
342.4 2.32021e-05 -0.000153079
342.8 2.25496e-05 -0.00014951
343.2 2.11527e-05 -0.000144752
343.6 1.89613e-05 -0.000138907
344 1.5974e-05 -0.000132114
344.4 1.22403e-05 -0.000124542
344.8 7.85958e-06 -0.000116386
345.2 2.97491e-06 -0.000107852
345.6 -2.23679e-06 -9.91545e-05
346 -7.57717e-06 -9.04975e-05
346.4 -1.28406e-05 -8.20683e-05
346.8 -1.78291e-05 -7.4027e-05
347.2 -2.23658e-05 -6.64986e-05
347.6 -2.63076e-05 -5.95687e-05
348 -2.95541e-05 -5.32814e-05
348.4 -3.20531e-05 -4.76403e-05
348.8 -3.38027e-05 -4.26124e-05
349.2 -3.48485e-05 -3.81353e-05
349.6 -3.52775e-05 -3.41259e-05
350 -3.52083e-05 -3.04917e-05
350.4 -3.4779e-05 -2.71421e-05
350.8 -3.41335e-05 -2.40005e-05
351.2 -3.34078e-05 -2.10145e-05
351.6 -3.27167e-05 -1.81656e-05
352 -3.21435e-05 -1.54745e-05
352.4 -3.17324e-05 -1.30039e-05
352.8 -3.14848e-05 -1.08573e-05
353.2 -3.13605e-05 -9.17262e-06
353.6 -3.12828e-05 -8.1131e-06
354 -3.11479e-05 -7.85334e-06
354.4 -3.08375e-05 -8.56342e-06
354.8 -3.02326e-05 -1.03912e-05
355.2 -2.9229e-05 -1.34449e-05
355.6 -2.77505e-05 -1.77767e-05
356 -2.57604e-05 -2.33702e-05
356.4 -2.32686e-05 -3.01321e-05
356.8 -2.03346e-05 -3.78894e-05
357.2 -1.70647e-05 -4.63935e-05
357.6 -1.36041e-05 -5.53303e-05
358 -1.01249e-05 -6.43364e-05
358.4 -6.81029e-06 -7.30211e-05
358.8 -3.83734e-06 -8.09908e-05
359.2 -1.35909e-06 -8.78756e-05
359.6 5.11209e-07 -9.33557e-05
360 1.71272e-06 -9.71841e-05
360.4 2.24486e-06 -9.92058e-05
360.8 2.16961e-06 -9.93697e-05
361.2 1.60789e-06 -9.77334e-05
361.6 7.30282e-07 -9.44599e-05
362 -2.57041e-07 -8.9807e-05
362.4 -1.12987e-06 -8.41085e-05
362.8 -1.66538e-06 -7.77512e-05
363.2 -1.66155e-06 -7.11475e-05
363.6 -9.54936e-07 -6.4706e-05
364 5.65021e-07 -5.88038e-05
364.4 2.94605e-06 -5.3761e-05
364.8 6.1685e-06 -4.98203e-05
365.2 1.01462e-05 -4.71324e-05
365.6 1.47326e-05 -4.5749e-05
366 1.97314e-05 -4.56228e-05
366.4 2.49105e-05 -4.66157e-05
366.8 3.00184e-05 -4.85121e-05
367.2 3.48006e-05 -5.10383e-05
367.6 3.90161e-05 -5.38853e-05
368 4.2452e-05 -5.67334e-05
368.4 4.49352e-05 -5.92763e-05
368.8 4.6341e-05 -6.1244e-05
369.2 4.65985e-05 -6.24215e-05
369.6 4.56919e-05 -6.26636e-05
370 4.36594e-05 -6.19032e-05
370.4 4.05883e-05 -6.0154e-05
370.8 3.66089e-05 -5.7507e-05
371.2 3.18858e-05 -5.41214e-05
371.6 2.66083e-05 -5.02098e-05
372 2.09806e-05 -4.60208e-05
372.4 1.52107e-05 -4.18179e-05
372.8 9.50084e-06 -3.78586e-05
373.2 4.03743e-06 -3.43731e-05
373.6 -1.01722e-06 -3.15464e-05
374 -5.53237e-06 -2.95025e-05
374.4 -9.41429e-06 -2.8295e-05
374.8 -1.26099e-05 -2.79016e-05
375.2 -1.51079e-05 -2.82259e-05
375.6 -1.69379e-05 -2.91034e-05
376 -1.81663e-05 -3.03146e-05
376.4 -1.88904e-05 -3.1601e-05
376.8 -1.92307e-05 -3.2685e-05
377.2 -1.93208e-05 -3.32915e-05
377.6 -1.92971e-05 -3.31688e-05
378 -1.92882e-05 -3.21087e-05
378.4 -1.94055e-05 -2.9963e-05
378.8 -1.97345e-05 -2.66554e-05
379.2 -2.03292e-05 -2.21884e-05
379.6 -2.12086e-05 -1.66445e-05
380 -2.23574e-05 -1.01809e-05
380.4 -2.3728e-05 -3.01976e-06
380.8 -2.52468e-05 4.56635e-06
381.2 -2.68213e-05 1.22725e-05
381.6 -2.83497e-05 1.9781e-05
382 -2.97302e-05 2.6781e-05
382.4 -3.08696e-05 3.29879e-05
382.8 -3.16917e-05 3.81593e-05
383.2 -3.21422e-05 4.21079e-05
383.6 -3.21927e-05 4.47107e-05
384 -3.1841e-05 4.59126e-05
384.4 -3.11099e-05 4.57271e-05
384.8 -3.00429e-05 4.42316e-05
385.2 -2.86994e-05 4.15596e-05
385.6 -2.71487e-05 3.7891e-05
386 -2.54631e-05 3.34397e-05
386.4 -2.3713e-05 2.84407e-05
386.8 -2.19618e-05 2.31377e-05
387.2 -2.02623e-05 1.77702e-05
387.6 -1.86555e-05 1.25634e-05
388 -1.71695e-05 7.71874e-06
388.4 -1.58208e-05 3.40622e-06
388.8 -1.46159e-05 -2.40371e-07
389.2 -1.35535e-05 -3.12704e-06
389.6 -1.2627e-05 -5.20085e-06
390 -1.18266e-05 -6.44946e-06
390.4 -1.11409e-05 -6.89898e-06
390.8 -1.05581e-05 -6.61033e-06
391.2 -1.00664e-05 -5.67415e-06
391.6 -9.65445e-06 -4.20472e-06
392 -9.31045e-06 -2.33287e-06
392.4 -9.02223e-06 -1.98338e-07
392.8 -8.77677e-06 2.05817e-06
393.2 -8.56021e-06 4.30279e-06
393.6 -8.35817e-06 6.4158e-06
394 -8.15639e-06 8.29795e-06
394.4 -7.9417e-06 9.8755e-06
394.8 -7.70309e-06 1.11035e-05
395.2 -7.43283e-06 1.19675e-05
395.6 -7.12733e-06 1.24826e-05
396 -6.78769e-06 1.26914e-05
396.4 -6.41983e-06 1.26596e-05
396.8 -6.0341e-06 1.24707e-05
397.2 -5.64445e-06 1.22188e-05
397.6 -5.26729e-06 1.20022e-05
398 -4.92007e-06 1.19163e-05
398.4 -4.61984e-06 1.20466e-05
398.8 -4.382e-06 1.24639e-05
399.2 -4.21914e-06 1.32196e-05
399.6 -4.14038e-06 1.43434e-05
400 -4.15104e-06 1.58418e-05
