-0.998 0.320078 -0.312611
-0.996 0.263418 -0.237033
-0.994 0.127365 -0.14464
-0.992 -0.0562558 -0.0461593
-0.99 -0.246155 0.0459853
-0.988 -0.400111 0.119535
-0.986 -0.483375 0.164509
-0.984 -0.475325 0.175146
-0.982 -0.373142 0.151245
-0.98 -0.191933 0.0985427
-0.978 0.0385603 0.027966
-0.976 0.279869 -0.0461842
-0.974 0.492052 -0.108823
-0.972 0.640858 -0.146956
-0.97 0.703443 -0.152261
-0.968 0.671694 -0.122828
-0.966 0.552705 -0.0636625
-0.964 0.366568 0.0142211
-0.962 0.142118 0.0959567
-0.96 -0.0883727 0.165847
-0.958 -0.294477 0.21062
-0.956 -0.451896 0.22224
-0.954 -0.545118 0.19964
-0.952 -0.568206 0.148967
-0.95 -0.523912 0.0822402
-0.948 -0.421632 0.0146697
-0.946 -0.274867 -0.0388153
-0.944 -0.0988776 -0.0670807
-0.942 0.0910193 -0.0655584
-0.94 0.280293 -0.0376204
-0.938 0.455312 0.0058225
-0.936 0.603084 0.0485059
-0.934 0.711088 0.072399
-0.932 0.767643 0.0619814
-0.93 0.763016 0.0082987
-0.928 0.691237 -0.0881231
-0.926 0.552258 -0.216236
-0.924 0.353869 -0.355674
-0.922 0.112728 -0.480104
-0.92 -0.146076 -0.562175
-0.918 -0.391214 -0.579105
-0.916 -0.588988 -0.517804
-0.914 -0.708385 -0.378417
-0.912 -0.72647 -0.175452
-0.91 -0.633086 0.0638746
-0.908 -0.433829 0.303926
-0.906 -0.150539 0.506858
-0.904 0.181036 0.639607
-0.902 0.516199 0.680321
-0.9 0.808124 0.62291
-0.898 1.01539 0.47875
-0.896 1.10882 0.275068
-0.894 1.07639 0.0502035
-0.892 0.925171 -0.15344
-0.89 0.679926 -0.297452
-0.888 0.378647 -0.354934
-0.886 0.0657811 -0.315987
-0.884 -0.215491 -0.190029
-0.882 -0.430461 -0.00438573
-0.88 -0.558226 0.200677
-0.878 -0.59415 0.37961
-0.876 -0.549091 0.4905
-0.874 -0.44567 0.503537
-0.872 -0.312475 0.407345
-0.87 -0.177518 0.211894
-0.868 -0.0623849 -0.0526848
-0.866 0.021666 -0.341251
-0.864 0.074846 -0.601883
-0.862 0.107064 -0.785653
-0.86 0.133746 -0.856121
-0.858 0.170305 -0.79668
-0.856 0.226665 -0.614308
-0.854 0.30321 -0.338909
-0.852 0.38924 -0.0182838
-0.85 0.464447 0.290421
-0.848 0.50321 0.53121
-0.846 0.480841 0.659737
-0.844 0.380398 0.65182
-0.842 0.198485 0.50834
-0.84 -0.0514509 0.255535
-0.838 -0.339287 -0.059428
-0.836 -0.62215 -0.376831
-0.834 -0.851553 -0.635244
-0.832 -0.982475 -0.78283
-0.83 -0.982604 -0.78701
-0.828 -0.83983 -0.640721
-0.826 -0.566318 -0.364049
-0.824 -0.198126 -0.000945696
-0.822 0.209838 0.38842
-0.82 0.592763 0.738266
-0.818 0.887215 0.988853
-0.816 1.04267 1.09707
-0.814 1.03106 1.04406
-0.812 0.85242 0.83848
-0.81 0.53553 0.514934
-0.808 0.133167 0.127738
-0.806 -0.287066 -0.258672
-0.804 -0.654743 -0.581039
-0.802 -0.909187 -0.78822
-0.8 -1.01022 -0.849814
-0.798 -0.945073 -0.760992
-0.796 -0.73013 -0.542743
-0.794 -0.407273 -0.237581
-0.792 -0.0355216 0.0984319
-0.79 0.320302 0.405829
-0.788 0.601671 0.632221
-0.786 0.76683 0.741233
-0.784 0.79766 0.718359
-0.782 0.701667 0.572779
-0.78 0.508855 0.334942
-0.778 0.264257 0.0504644
-0.776 0.0177892 -0.228442
-0.774 -0.18641 -0.452405
-0.772 -0.318905 -0.583488
-0.77 -0.370311 -0.601433
-0.768 -0.351975 -0.506538
-0.766 -0.291952 -0.318773
-0.764 -0.227199 -0.0734341
-0.762 -0.193766 0.185751
-0.76 -0.217203 0.414739
-0.758 -0.305335 0.576981
-0.756 -0.445115 0.64955
-0.754 -0.60436 0.6265
-0.752 -0.73814 0.518996
-0.75 -0.798596 0.352282
-0.748 -0.746162 0.160197
-0.746 -0.559805 -0.0216474
-0.744 -0.244043 -0.162722
-0.742 0.168962 -0.243161
-0.74 0.622911 -0.257087
-0.738 1.04611 -0.213111
-0.736 1.36389 -0.132
-0.734 1.51255 -0.0420356
-0.732 1.45191 0.0270004
-0.73 1.17432 0.0500339
-0.728 0.707881 0.0119025
-0.726 0.113381 -0.0894315
-0.724 -0.524872 -0.242254
-0.722 -1.11269 -0.42316
-0.72 -1.56171 -0.601388
-0.718 -1.80434 -0.744602
-0.716 -1.80519 -0.825014
-0.714 -1.56691 -0.824683
-0.712 -1.12952 -0.739011
-0.71 -0.563154 -0.577747
-0.708 0.0441521 -0.363334
-0.706 0.601497 -0.126892
-0.704 1.03019 0.0974096
-0.702 1.27616 0.278532
-0.7 1.31757 0.394148
-0.698 1.16642 0.434565
-0.696 0.864155 0.40427
-0.694 0.472252 0.320796
-0.692 0.0599133 0.211117
-0.69 -0.308782 0.106274
-0.688 -0.585749 0.0352223
-0.686 -0.745854 0.0190856
-0.684 -0.788847 0.0669132
-0.682 -0.736215 0.173761
-0.68 -0.623923 0.321484
-0.678 -0.492796 0.482127
-0.676 -0.378688 0.623278
-0.674 -0.304566 0.714398
-0.672 -0.276105 0.732935
-0.67 -0.281638 0.669015
-0.668 -0.296319 0.527818
-0.666 -0.289458 0.329087
-0.664 -0.233318 0.103826
-0.662 -0.111363 -0.111284
-0.66 0.0759345 -0.280717
-0.658 0.309076 -0.376925
-0.656 0.551877 -0.385839
-0.654 0.757779 -0.309947
-0.652 0.878925 -0.168308
-0.65 0.876173 0.00660098
-0.648 0.728014 0.174697
-0.646 0.436519 0.295752
-0.644 0.0290404 0.337155
-0.642 -0.444798 0.280529
-0.64 -0.920379 0.12595
-0.638 -1.32834 -0.107102
-0.636 -1.60592 -0.38234
-0.634 -1.70741 -0.652467
-0.632 -1.61169 -0.867208
-0.63 -1.32571 -0.982208
-0.628 -0.883226 -0.967216
-0.626 -0.339208 -0.812059
-0.624 0.238978 -0.529294
-0.622 0.782014 -0.15296
-0.62 1.22878 0.266421
-0.618 1.53451 0.669821
-0.616 1.67578 0.999304
-0.614 1.65161 1.20761
-0.612 1.48101 1.26604
-0.61 1.1977 1.1693
-0.608 0.843294 0.936373
-0.606 0.460413 0.607291
-0.604 0.0869545 0.236383
-0.602 -0.247568 -0.116903
-0.6 -0.523291 -0.397949
-0.598 -0.729133 -0.566007
-0.596 -0.860474 -0.60074
-0.594 -0.91637 -0.505172
-0.592 -0.89725 -0.30454
-0.59 -0.803842 -0.0413044
-0.588 -0.637624 0.232778
-0.586 -0.402636 0.466066
-0.584 -0.108034 0.616258
-0.582 0.229505 0.65776
-0.58 0.584493 0.585917
-0.578 0.9232 0.417374
-0.576 1.20645 0.18657
-0.574 1.39449 -0.060968
-0.572 1.45323 -0.277254
-0.57 1.36073 -0.42081
-0.568 1.11273 -0.464321
-0.566 0.725758 -0.399585
-0.564 0.237184 -0.238874
-0.562 -0.298365 -0.0124631
-0.56 -0.815778 0.23718
-0.558 -1.24852 0.463465
-0.556 -1.53852 0.624495
-0.554 -1.64526 0.691006
-0.552 -1.55237 0.65193
-0.55 -1.27068 0.516563
-0.548 -0.836988 0.312912
-0.546 -0.308813 0.08251
-0.544 0.244132 -0.127364
-0.542 0.750272 -0.272632
-0.54 1.14663 -0.320886
-0.538 1.38767 -0.257828
-0.536 1.4512 -0.0904475
-0.534 1.34033 0.15365
-0.532 1.08146 0.430691
-0.53 0.7188 0.688187
-0.528 0.306468 0.874089
-0.526 -0.100256 0.946012
-0.524 -0.453077 0.878913
-0.522 -0.716854 0.669865
-0.52 -0.872964 0.339075
-0.518 -0.919546 -0.0730286
-0.516 -0.868941 -0.51213
-0.514 -0.74313 -0.918697
-0.512 -0.568258 -1.23748
-0.51 -0.369433 -1.42625
-0.508 -0.166794 -1.46224
-0.506 0.0265086 -1.34537
-0.504 0.204234 -1.09773
-0.502 0.365185 -0.759455
-0.5 0.510223 -0.381931
-0.498 0.639063 -0.019435
-0.496 0.74775 0.279291
-0.494 0.827528 0.478158
-0.492 0.865469 0.558439
-0.49 0.846804 0.520415
-0.488 0.758482 0.381918
-0.486 0.593178 0.17419
-0.484 0.352809 -0.0640277
-0.482 0.0506899 -0.29306
-0.48 -0.28832 -0.478396
-0.478 -0.629918 -0.595339
-0.476 -0.934519 -0.631616
-0.474 -1.16285 -0.587729
-0.472 -1.28206 -0.475265
-0.47 -1.27127 -0.313708
-0.468 -1.12559 -0.126476
-0.466 -0.857771 0.0630125
-0.464 -0.497213 0.23459
-0.462 -0.086344 0.373463
-0.46 0.325072 0.471027
-0.458 0.686803 0.524514
-0.456 0.955115 0.535779
-0.454 1.09872 0.50969
-0.452 1.10282 0.452555
-0.45 0.970599 0.370916
-0.448 0.722116 0.270897
-0.446 0.390763 0.158074
-0.444 0.0180544 0.0377066
-0.442 -0.352398 -0.0849029
-0.44 -0.680718 -0.204192
-0.438 -0.93553 -0.31441
-0.436 -1.097 -0.410027
-0.434 -1.1579 -0.486395
-0.432 -1.1227 -0.540456
-0.43 -1.00514 -0.571266
-0.428 -0.824963 -0.580143
-0.426 -0.604409 -0.570327
-0.424 -0.365181 -0.546191
-0.422 -0.12641 -0.512187
-0.42 0.0962733 -0.471777
-0.418 0.290593 -0.426681
-0.416 0.446783 -0.376668
-0.414 0.556532 -0.320043
-0.412 0.612236 -0.254765
-0.41 0.606964 -0.17996
-0.408 0.535314 -0.0974481
-0.406 0.395058 -0.0128088
-0.404 0.189209 0.0644173
-0.402 -0.0720452 0.121656
-0.4 -0.370186 0.145351
-0.398 -0.678514 0.123857
-0.396 -0.963968 0.0506199
-0.394 -1.19061 -0.0730484
-0.392 -1.32445 -0.236329
-0.39 -1.33888 -0.418935
-0.388 -1.21987 -0.593107
-0.386 -0.969784 -0.727432
-0.384 -0.609133 -0.791971
-0.382 -0.175478 -0.763845
-0.38 0.280465 -0.63223
-0.378 0.701204 -0.401745
-0.376 1.03044 -0.0934037
-0.374 1.22138 0.257277
-0.372 1.24411 0.604905
-0.37 1.09065 0.900949
-0.368 0.776881 1.10147
-0.366 0.340798 1.17453
-0.364 -0.162637 1.10587
-0.362 -0.669377 0.901787
-0.36 -1.11562 0.588587
-0.358 -1.44714 0.208617
-0.356 -1.62704 -0.186503
-0.354 -1.64078 -0.544236
-0.352 -1.49759 -0.81959
-0.35 -1.22812 -0.982151
-0.348 -0.878861 -1.02041
-0.346 -0.504238 -0.942633
-0.344 -0.157858 -0.774104
-0.342 0.115675 -0.551434
-0.34 0.287025 -0.314995
-0.338 0.345521 -0.101037
-0.336 0.299299 0.0649355
-0.334 0.172349 0.172249
-0.332 -0.000842074 0.225811
-0.33 -0.181972 0.243437
-0.328 -0.335724 0.250373
-0.326 -0.435527 0.27221
-0.324 -0.467368 0.327748
-0.322 -0.431183 0.423389
-0.32 -0.339767 0.550346
-0.318 -0.215619 0.685376
-0.316 -0.0864141 0.795032
-0.314 0.020005 0.842649
-0.312 0.0802543 0.796716
-0.31 0.0789409 0.63888
-0.308 0.010663 0.369873
-0.306 -0.119661 0.0119948
-0.304 -0.297988 -0.392615
-0.302 -0.503517 -0.787801
-0.3 -0.711765 -1.11244
-0.298 -0.897882 -1.31113
-0.296 -1.03977 -1.34453
-0.294 -1.12073 -1.19746
-0.292 -1.13135 -0.88301
-0.29 -1.07059 -0.44186
-0.288 -0.946056 0.0633881
-0.286 -0.773242 0.55791
-0.284 -0.574063 0.966847
-0.282 -0.374484 1.22783
-0.28 -0.201508 1.30163
-0.278 -0.0797073 1.17894
-0.276 -0.0276516 0.882122
-0.274 -0.0547151 0.461434
-0.272 -0.158797 -0.0136119
-0.27 -0.325484 -0.466217
-0.268 -0.529049 -0.825514
-0.266 -0.735396 -1.03865
-0.264 -0.906768 -1.07959
-0.262 -1.00762 -0.953065
-0.26 -1.01079 -0.692944
-0.258 -0.902836 -0.355443
-0.256 -0.687604 -0.00834219
-0.254 -0.386964 0.281724
-0.252 -0.038475 0.46155
-0.25 0.309999 0.500942
-0.248 0.607928 0.397778
-0.246 0.810752 0.177612
-0.244 0.887897 -0.112127
-0.242 0.82857 -0.412226
-0.24 0.644052 -0.664138
-0.238 0.365835 -0.822354
-0.236 0.0397791 -0.864223
-0.234 -0.282709 -0.795196
-0.232 -0.554775 -0.648281
-0.23 -0.743463 -0.477611
-0.228 -0.836295 -0.347189
-0.226 -0.84358 -0.316847
-0.224 -0.795737 -0.428142
-0.222 -0.735997 -0.693026
-0.22 -0.709815 -1.08777
-0.218 -0.753165 -1.55369
-0.216 -0.882287 -2.00508
-0.214 -1.08729 -2.34328
-0.212 -1.3314 -2.47464
-0.21 -1.55649 -2.32922
-0.208 -1.69424 -1.87681
-0.206 -1.68092 -1.13692
-0.204 -1.47297 -0.18055
-0.202 -1.05991 0.877228
-0.2 -0.471661 1.89319
-0.198 0.221901 2.718
-0.196 0.919726 3.22089
-0.194 1.50564 3.31253
-0.192 1.86902 2.9621
-0.19 1.92626 2.20515
-0.188 1.63883 1.14037
-0.186 1.02419 -0.0845783
-0.184 0.156837 -1.296
-0.182 -0.841087 -2.32232
-0.18 -1.81859 -3.02235
-0.178 -2.62072 -3.30885
-0.176 -3.11521 -3.16293
-0.174 -3.21582 -2.63659
-0.172 -2.89812 -1.84276
-0.17 -2.20435 -0.934477
-0.168 -1.23652 -0.0770116
-0.166 -0.13887 0.582113
-0.164 0.927125 0.939468
-0.162 1.81028 0.953545
-0.16 2.39465 0.650578
-0.158 2.61716 0.117185
-0.156 2.47465 -0.518834
-0.154 2.01928 -1.11581
-0.152 1.34377 -1.54822
-0.15 0.559826 -1.73339
-0.148 -0.225381 -1.64921
-0.146 -0.929529 -1.33918
-0.144 -1.5079 -0.903236
-0.142 -1.95606 -0.476099
-0.14 -2.30214 -0.197149
-0.138 -2.59105 -0.178071
-0.136 -2.86459 -0.475007
-0.134 -3.14278 -1.07141
-0.132 -3.41132 -1.87586
-0.13 -3.61895 -2.73603
-0.128 -3.68618 -3.46702
-0.126 -3.52414 -3.88876
-0.124 -3.05966 -3.86536
-0.122 -2.261 -3.33825
-0.12 -1.15777 -2.34586
-0.118 0.150506 -1.02495
-0.116 1.50071 0.407977
-0.114 2.68787 1.69268
-0.112 3.49936 2.57252
-0.11 3.75565 2.84447
-0.108 3.34969 2.40199
-0.106 2.27659 1.26207
-0.104 0.646614 -0.429765
-0.102 -1.32284 -2.4188
-0.1 -3.33641 -4.38215
-0.098 -5.06715 -5.98483
-0.096 -6.21262 -6.94075
-0.094 -6.55031 -7.06736
-0.092 -5.98217 -6.32307
-0.09 -4.55882 -4.81981
-0.088 -2.47807 -2.80733
-0.086 -0.0565734 -0.631306
-0.084 2.32112 1.32777
-0.082 4.26744 2.72374
-0.08 5.45894 3.30916
-0.078 5.69326 2.98253
-0.076 4.92504 1.80907
-0.074 3.27381 0.0105686
-0.072 1.00209 -2.07421
-0.07 -1.53246 -4.05156
-0.068 -3.9418 -5.54575
-0.066 -5.87707 -6.26921
-0.064 -7.08964 -6.07648
-0.062 -7.47196 -4.99162
-0.06 -7.07031 -3.20349
-0.058 -6.06724 -1.02949
-0.056 -4.73719 1.1453
-0.054 -3.38452 2.94218
-0.052 -2.27673 4.06143
-0.05 -1.58669 4.33938
-0.048 -1.35611 3.77847
-0.046 -1.48821 2.54435
-0.044 -1.77134 0.930421
-0.042 -1.92928 -0.703173
-0.04 -1.68782 -2.00389
-0.038 -0.843908 -2.69959
-0.036 0.677566 -2.65479
-0.034 2.79219 -1.89866
-0.032 5.25771 -0.618331
-0.03 7.71067 0.881807
-0.028 9.73229 2.24732
-0.026 10.9318 3.1541
-0.024 11.0309 3.38563
-0.022 9.93332 2.8909
-0.02 7.76266 1.8103
-0.018 4.86179 0.463003
-0.016 1.74984 -0.703453
-0.014 -0.956605 -1.19286
-0.012 -2.64539 -0.555347
-0.01 -2.81637 1.51989
-0.008 -1.17541 5.13168
-0.006 2.3026 10.1284
-0.004 7.35423 16.1128
-0.002 13.4565 22.4907
0 19.9004 28.557
0.002 25.8981 33.6045
0.004 30.7035 37.0358
0.006 33.7275 38.4583
0.008 34.6259 37.7464
0.01 33.3467 35.0567
0.012 30.1278 30.7977
0.014 25.4484 25.557
0.016 19.9429 20.0015
0.018 14.2935 14.7691
0.02 9.12216 10.3691
0.022 4.89829 7.11183
0.024 1.87951 5.07507
0.026 0.0927749 4.11461
0.028 -0.642399 3.9135
0.03 -0.655535 4.05983
0.032 -0.344386 4.13714
0.034 -0.0883746 3.8096
0.036 -0.173233 2.8859
0.038 -0.740888 1.34994
0.04 -1.77303 -0.646145
0.042 -3.10977 -2.82392
0.044 -4.49763 -4.84562
0.046 -5.65554 -6.3918
0.048 -6.34436 -7.2333
0.05 -6.42498 -7.28277
0.052 -5.8931 -6.6156
0.054 -4.88365 -5.456
0.056 -3.64435 -4.13142
0.058 -2.4841 -3.00478
0.06 -1.70724 -2.39838
0.062 -1.54747 -2.52503
0.064 -2.11514 -3.44058
0.066 -3.36895 -5.02755
0.068 -5.118 -7.01344
0.07 -7.05395 -9.02025
0.072 -8.80726 -10.6358
0.074 -10.0164 -11.4933
0.076 -10.397 -11.3431
0.078 -9.79719 -10.1041
0.08 -8.22942 -7.88408
0.082 -5.87158 -4.96484
0.084 -3.03847 -1.75609
0.086 -0.128352 1.27479
0.088 2.445 3.68305
0.09 4.32216 5.12271
0.092 5.25706 5.40443
0.094 5.15473 4.52501
0.096 4.08162 2.66381
0.098 2.2477 0.147399
0.1 -0.0352237 -2.61022
0.102 -2.4104 -5.18036
0.104 -4.53722 -7.19193
0.106 -6.14534 -8.3903
0.108 -7.07254 -8.6729
0.11 -7.28066 -8.09617
0.112 -6.84844 -6.85431
0.114 -5.94435 -5.23491
0.116 -4.78625 -3.56118
0.118 -3.59665 -2.13179
0.12 -2.56237 -1.16972
0.122 -1.80611 -0.788795
0.124 -1.37425 -0.983012
0.126 -1.24156 -1.63902
0.128 -1.33011 -2.56784
0.13 -1.53688 -3.54834
0.132 -1.76298 -4.37338
0.134 -1.93807 -4.88943
0.136 -2.03446 -5.02234
0.138 -2.0688 -4.78516
0.14 -2.09149 -4.26765
0.142 -2.16735 -3.61085
0.144 -2.35266 -2.97267
0.146 -2.6744 -2.49227
0.148 -3.11688 -2.26036
0.15 -3.61924 -2.30151
0.152 -4.08461 -2.57132
0.154 -4.39908 -2.96859
0.156 -4.45655 -3.35937
0.158 -4.18376 -3.60738
0.16 -3.56015 -3.60461
0.162 -2.62779 -3.29558
0.164 -1.48903 -2.69059
0.166 -0.291794 -1.86549
0.168 0.794721 -0.948305
0.17 1.60938 -0.0954917
0.172 2.02779 0.53732
0.174 1.98475 0.824449
0.176 1.4862 0.693685
0.178 0.608403 0.139955
0.18 -0.515336 -0.77313
0.182 -1.71778 -1.92381
0.184 -2.82628 -3.15261
0.186 -3.69128 -4.28861
0.188 -4.20963 -5.17701
0.19 -4.33872 -5.70288
0.192 -4.09924 -5.80744
0.194 -3.56669 -5.49443
0.196 -2.85384 -4.82613
0.198 -2.08803 -3.91019
0.2 -1.38778 -2.88039
0.202 -0.843248 -1.8746
0.204 -0.503751 -1.01403
0.206 -0.374326 -0.386854
0.208 -0.421009 -0.0385623
0.21 -0.583089 0.0301764
0.212 -0.789205 -0.141529
0.214 -0.973658 -0.485344
0.216 -1.08959 -0.917492
0.218 -1.11657 -1.35318
0.22 -1.06154 -1.71931
0.222 -0.953538 -1.9637
0.224 -0.833918 -2.05988
0.226 -0.744624 -2.00724
0.228 -0.717296 -1.82734
0.23 -0.765601 -1.55734
0.232 -0.882327 -1.24223
0.234 -1.0416 -0.927009
0.236 -1.20547 -0.650296
0.238 -1.33316 -0.439916
0.24 -1.39083 -0.310917
0.242 -1.35947 -0.265839
0.244 -1.23947 -0.296803
0.246 -1.05072 -0.388739
0.248 -0.828381 -0.523039
0.25 -0.615417 -0.680964
0.252 -0.453538 -0.846321
0.254 -0.37452 -1.0071
0.256 -0.39376 -1.15601
0.258 -0.507313 -1.28993
0.26 -0.69291 -1.40871
0.262 -0.91456 -1.51342
0.264 -1.12966 -1.60459
0.266 -1.29704 -1.68084
0.268 -1.38432 -1.73795
0.27 -1.37321 -1.76895
0.272 -1.26183 -1.76487
0.274 -1.0639 -1.71646
0.276 -0.805161 -1.61625
0.278 -0.51811 -1.46088
0.28 -0.236059 -1.25304
0.282 0.0121104 -1.00265
0.284 0.205666 -0.726921
0.286 0.333707 -0.449062
0.288 0.394827 -0.195783
0.29 0.395211 0.00623503
0.292 0.345899 0.134301
0.294 0.259999 0.173491
0.296 0.150514 0.119541
0.298 0.0291374 -0.0197378
0.3 -0.0939548 -0.224884
0.302 -0.209614 -0.46715
0.304 -0.309023 -0.712502
0.306 -0.38332 -0.926681
0.308 -0.423929 -1.08048
0.31 -0.423737 -1.15433
0.312 -0.378904 -1.14133
0.314 -0.290857 -1.04814
0.316 -0.167802 -0.893605
0.318 -0.0251202 -0.705182
0.32 0.115779 -0.513936
0.322 0.230256 -0.348959
0.324 0.294562 -0.232265
0.326 0.290588 -0.175115
0.328 0.210262 -0.176468
0.33 0.0586151 -0.223819
0.332 -0.145354 -0.296252
0.334 -0.370446 -0.369078
0.336 -0.577625 -0.419116
0.338 -0.726369 -0.429567
0.34 -0.781959 -0.393486
0.342 -0.722372 -0.315168
0.344 -0.543413 -0.209162
0.346 -0.260993 -0.0971377
0.348 0.0900759 -0.00323961
0.35 0.460761 0.0511089
0.352 0.795274 0.0518836
0.354 1.04011 -0.00434278
0.356 1.15308 -0.109346
0.358 1.11072 -0.24457
0.36 0.912756 -0.384562
0.362 0.582738 -0.501849
0.364 0.164739 -0.572281
0.366 -0.28337 -0.579771
0.368 -0.698896 -0.519483
0.37 -1.02402 -0.398846
0.372 -1.21459 -0.236184
0.374 -1.2465 -0.0572511
0.376 -1.11878 0.109629
0.378 -0.852827 0.238868
0.38 -0.48826 0.312318
0.382 -0.0760787 0.322484
0.384 0.329504 0.273663
0.386 0.679147 0.180847
0.388 0.93506 0.0666523
0.39 1.07528 -0.0430676
0.392 1.09503 -0.124075
0.394 1.00531 -0.158123
0.396 0.829171 -0.136053
0.398 0.596676 -0.059097
0.4 0.339594 0.0618013
0.402 0.086788 0.208406
0.404 -0.138965 0.358815
0.406 -0.322395 0.491544
0.408 -0.455454 0.589261
0.41 -0.535767 0.641516
0.412 -0.564441 0.646004
0.414 -0.543963 0.608265
0.416 -0.476784 0.539995
0.418 -0.364956 0.456418
0.42 -0.210873 0.373286
0.422 -0.0188174 0.304106
0.424 0.203205 0.258055
0.426 0.442008 0.238901
0.428 0.678753 0.244993
0.43 0.889865 0.270194
0.432 1.04944 0.305457
0.434 1.13288 0.340687
0.436 1.12115 0.366495
0.438 1.0049 0.375586
0.44 0.787541 0.363594
0.442 0.486594 0.329352
0.444 0.132757 0.274702
0.446 -0.233297 0.203987
0.448 -0.566104 0.123436
0.45 -0.821799 0.0405225
0.452 -0.964716 -0.0366072
0.454 -0.973082 -0.0996956
0.456 -0.842799 -0.14098
0.458 -0.588613 -0.153923
0.46 -0.242374 -0.134092
0.462 0.151372 -0.0801117
0.464 0.541804 0.00546047
0.466 0.879201 0.115587
0.468 1.12208 0.238779
0.47 1.24293 0.359905
0.472 1.23163 0.461857
0.474 1.09607 0.527958
0.476 0.859935 0.544825
0.478 0.558114 0.505214
0.48 0.230722 0.410297
0.482 -0.0833074 0.270822
0.484 -0.351834 0.106751
0.486 -0.553426 -0.0548193
0.488 -0.678983 -0.183313
0.49 -0.730972 -0.249469
0.492 -0.720611 -0.230533
0.494 -0.663775 -0.114958
0.496 -0.576592 0.0943128
0.498 -0.47172 0.378716
0.5 -0.356129 0.705511
0.502 -0.230806 1.03178
0.504 -0.092394 1.31051
0.506 0.0637136 1.4978
0.508 0.239621 1.56014
0.51 0.431523 1.48031
0.512 0.627582 1.26111
0.514 0.807811 0.92578
0.516 0.946227 0.515231
0.518 1.01506 0.0822098
0.52 0.990292 -0.316662
0.522 0.857515 -0.629686
0.524 0.616744 -0.818269
0.526 0.285174 -0.863066
0.528 -0.103013 -0.767026
0.53 -0.500059 -0.554757
0.532 -0.850937 -0.268293
0.534 -1.10164 0.0400466
0.536 -1.20808 0.31649
0.538 -1.14406 0.514821
0.54 -0.90675 0.604006
0.542 -0.518677 0.573106
0.544 -0.0255526 0.432631
0.546 0.509723 0.212113
0.548 1.01607 -0.0456354
0.55 1.42478 -0.292532
0.552 1.67984 -0.484028
0.554 1.74642 -0.587109
0.556 1.61591 -0.586041
0.558 1.30696 -0.484845
0.56 0.862135 -0.306065
0.562 0.341086 -0.0860909
0.564 -0.188776 0.132053
0.566 -0.662296 0.307101
0.568 -1.0257 0.407538
0.57 -1.24331 0.417667
0.572 -1.30101 0.340615
0.574 -1.20596 0.197682
0.576 -0.983199 0.0241491
0.578 -0.669861 -0.137693
0.58 -0.308349 -0.246991
0.582 0.0601543 -0.272658
0.584 0.400754 -0.199986
0.586 0.687762 -0.0342563
0.588 0.905292 0.199409
0.59 1.04588 0.460019
0.592 1.10791 0.697846
0.594 1.09281 0.863475
0.596 1.00292 0.917113
0.598 0.840725 0.836474
0.6 0.609614 0.621733
0.602 0.315922 0.296603
0.604 -0.0284407 -0.0947653
0.606 -0.403725 -0.494582
0.608 -0.781405 -0.840787
0.61 -1.12527 -1.07739
0.612 -1.39484 -1.16399
0.614 -1.55076 -1.08277
0.616 -1.56144 -0.841772
0.618 -1.40958 -0.473844
0.62 -1.0973 -0.0313801
0.622 -0.648556 0.42219
0.624 -0.108031 0.822722
0.626 0.463699 1.1157
0.628 0.998152 1.26486
0.63 1.42891 1.25756
0.632 1.70191 1.10614
0.634 1.78413 0.845061
0.636 1.66923 0.524332
0.638 1.37879 0.200587
0.64 0.958981 -0.0727066
0.642 0.473074 -0.254133
0.644 -0.00889725 -0.320798
0.646 -0.421498 -0.271341
0.648 -0.714218 -0.125064
0.65 -0.858906 0.0825298
0.652 -0.853007 0.306867
0.654 -0.718085 0.502748
0.656 -0.494047 0.632533
0.658 -0.230315 0.672602
0.66 0.0242639 0.616974
0.662 0.230707 0.477527
0.664 0.366578 0.280891
0.666 0.428777 0.0627353
0.668 0.431995 -0.139416
0.67 0.403309 -0.293397
0.672 0.374177 -0.378299
0.674 0.371677 -0.387958
0.676 0.41096 -0.331445
0.678 0.490655 -0.230556
0.68 0.592313 -0.114852
0.682 0.68414 -0.0152853
0.684 0.728283 0.042341
0.686 0.69017 0.0427781
0.688 0.547888 -0.0154311
0.69 0.299486 -0.119512
0.692 -0.0335532 -0.244894
0.694 -0.407683 -0.360046
0.696 -0.763543 -0.432781
0.698 -1.03612 -0.436799
0.7 -1.16696 -0.357226
0.702 -1.11612 -0.194041
0.704 -0.871383 0.0372558
0.706 -0.452878 0.307918
0.708 0.08814 0.580759
0.71 0.676311 0.816618
0.712 1.22395 0.981292
0.714 1.64556 1.05164
0.716 1.87247 1.01975
0.718 1.86494 0.894319
0.72 1.61946 0.699063
0.722 1.16981 0.468397
0.724 0.581696 0.24117
0.726 -0.0582048 0.0536375
0.728 -0.656728 -0.0670421
0.73 -1.12968 -0.10757
0.732 -1.41542 -0.0706424
0.734 -1.48425 0.0259404
0.736 -1.3419 0.153037
0.738 -1.0267 0.276079
0.74 -0.601199 0.362028
0.742 -0.139867 0.386037
0.744 0.284611 0.336555
0.746 0.613878 0.217849
0.748 0.812964 0.049443
0.75 0.874326 -0.137476
0.752 0.816362 -0.306053
0.754 0.676971 -0.421044
0.756 0.503735 -0.456005
0.758 0.342874 -0.398995
0.76 0.229315 -0.255628
0.762 0.179891 -0.048816
0.764 0.190982 0.184874
0.766 0.240935 0.401648
0.768 0.296566 0.55858
0.77 0.322211 0.621872
0.772 0.289244 0.57373
0.774 0.183915 0.416499
0.776 0.0117416 0.173182
0.778 -0.202566 -0.115884
0.78 -0.419671 -0.399731
0.782 -0.593758 -0.625703
0.784 -0.682521 -0.749069
0.786 -0.656899 -0.741556
0.788 -0.508421 -0.597183
0.79 -0.252553 -0.334235
0.792 0.0728024 0.00710048
0.794 0.413489 0.371135
0.796 0.708835 0.696072
0.798 0.903077 0.924756
0.8 0.956222 1.01488
0.802 0.852178 0.946761
0.804 0.602508 0.727327
0.806 0.245005 0.389374
0.808 -0.162684 -0.0137039
0.81 -0.553202 -0.416926
0.812 -0.861481 -0.754874
0.814 -1.03631 -0.973017
0.816 -1.0493 -1.03717
0.818 -0.899627 -0.939391
0.82 -0.613654 -0.699243
0.822 -0.239683 -0.360182
0.824 0.161111 0.0182739
0.826 0.525749 0.371185
0.828 0.800381 0.639712
0.83 0.949063 0.78144
0.832 0.958813 0.77763
0.834 0.840205 0.636126
0.836 0.623631 0.389399
0.838 0.352203 0.088168
0.84 0.0728811 -0.208212
0.842 -0.172331 -0.442762
0.844 -0.353394 -0.571269
0.846 -0.456195 -0.570138
0.848 -0.482901 -0.440299
0.85 -0.448948 -0.206525
0.852 -0.377583 0.0876428
0.854 -0.293353 0.388335
0.856 -0.216081 0.641522
0.858 -0.156663 0.802992
0.86 -0.115537 0.846259
0.862 -0.084052 0.76699
0.864 -0.0482391 0.583172
0.866 0.00600678 0.331106
0.868 0.0876839 0.0580782
0.87 0.196703 -0.186831
0.872 0.322203 -0.362008
0.874 0.443659 -0.440897
0.876 0.534624 -0.416505
0.878 0.568342 -0.302071
0.88 0.524006 -0.127852
0.882 0.392276 0.0652369
0.884 0.178785 0.233846
0.886 -0.0952248 0.340644
0.888 -0.395407 0.361386
0.89 -0.679575 0.289283
0.892 -0.904762 0.135927
0.894 -1.03475 -0.0713038
0.896 -1.04658 -0.29475
0.898 -0.934871 -0.493758
0.9 -0.712965 -0.632294
0.902 -0.4109 -0.685452
0.904 -0.0704364 -0.643661
0.906 0.261797 -0.513881
0.908 0.541774 -0.317709
0.91 0.734801 -0.0868694
0.912 0.820346 0.142915
0.914 0.794225 0.338447
0.916 0.667961 0.474711
0.918 0.465652 0.538641
0.92 0.219139 0.530413
0.922 -0.0374927 0.462165
0.924 -0.273034 0.354567
0.926 -0.463033 0.232064
0.928 -0.59194 0.117811
0.93 -0.653431 0.0293362
0.932 -0.64921 -0.0242573
0.934 -0.586887 -0.0430893
0.936 -0.477594 -0.0352946
0.938 -0.333962 -0.0142118
0.94 -0.168848 0.00531593
0.942 0.0051203 0.0106737
0.944 0.175367 -0.00556519
0.946 0.329 -0.0440485
0.948 0.452719 -0.0986935
0.95 0.533397 -0.158287
0.952 0.559486 -0.20922
0.954 0.523095 -0.238724
0.956 0.422313 -0.237876
0.958 0.263157 -0.203726
0.96 0.0604599 -0.140109
0.962 -0.162779 -0.0569755
0.964 -0.377825 0.0315729
0.966 -0.554208 0.110104
0.968 -0.664704 0.164929
0.97 -0.690397 0.186779
0.972 -0.62477 0.172563
0.974 -0.475869 0.125875
0.976 -0.265899 0.0562085
0.978 -0.0280828 -0.0229283
0.98 0.198822 -0.0965683
0.982 0.377424 -0.150986
0.984 0.478728 -0.176021
0.986 0.487901 -0.166604
0.988 0.407525 -0.123273
0.99 0.257548 -0.0516665
0.992 0.0717849 0.0387991
0.994 -0.108507 0.136714
0.996 -0.24279 0.230538
0.998 -0.299577 0.310169
0.4 0.0392628 0.0341
0.8 0.0450431 0.0396973
1.2 0.0547127 0.0491519
1.6 0.0683189 0.0626397
2 0.0859171 0.0803833
2.4 0.10756 0.10263
2.8 0.133284 0.129629
3.2 0.163102 0.161599
3.6 0.196985 0.198709
4 0.234855 0.241049
4.4 0.276573 0.288615
4.8 0.321939 0.341289
5.2 0.37068 0.398832
5.6 0.42246 0.460888
6 0.476876 0.526981
6.4 0.533472 0.596535
6.8 0.591744 0.668885
7.2 0.651157 0.743306
7.6 0.711156 0.819034
8 0.771182 0.895293
8.4 0.830689 0.971326
8.8 0.889156 1.04641
9.2 0.946103 1.1199
9.6 1.0011 1.1912
10 1.05378 1.25984
10.4 1.10384 1.32542
10.8 1.15106 1.38767
11.2 1.19527 1.4464
11.6 1.23639 1.50149
12 1.27439 1.55295
12.4 1.30934 1.60082
12.8 1.34131 1.64519
13.2 1.37046 1.6862
13.6 1.39696 1.72402
14 1.42101 1.75882
14.4 1.44283 1.79077
14.8 1.46264 1.82003
15.2 1.48066 1.84677
15.6 1.49711 1.87111
16 1.51216 1.89319
16.4 1.52599 1.9131
16.8 1.53875 1.93095
17.2 1.55055 1.94683
17.6 1.5615 1.9608
18 1.57166 1.97297
18.4 1.58108 1.98341
18.8 1.58981 1.99222
19.2 1.59785 1.9995
19.6 1.60523 2.00535
20 1.61195 2.00989
20.4 1.61801 2.01325
20.8 1.62344 2.01555
21.2 1.62822 2.01693
21.6 1.6324 2.01751
22 1.63598 2.01743
22.4 1.63899 2.0168
22.8 1.64148 2.01575
23.2 1.64346 2.01436
23.6 1.645 2.01274
24 1.64613 2.01094
24.4 1.64689 2.00902
24.8 1.64734 2.00701
25.2 1.64751 2.00494
25.6 1.64745 2.00279
26 1.64721 2.00057
26.4 1.64683 1.99824
26.8 1.64634 1.99576
27.2 1.64579 1.99309
27.6 1.6452 1.99017
28 1.64461 1.98696
28.4 1.64404 1.98341
28.8 1.6435 1.97949
29.2 1.64301 1.97515
29.6 1.64255 1.9704
30 1.64212 1.96521
30.4 1.64169 1.95961
30.8 1.64122 1.95362
31.2 1.64069 1.94728
31.6 1.64003 1.94063
32 1.6392 1.93374
32.4 1.63815 1.92667
32.8 1.63683 1.91949
33.2 1.63519 1.91224
33.6 1.63321 1.905
34 1.63086 1.89781
34.4 1.62813 1.8907
34.8 1.62505 1.88369
35.2 1.62161 1.8768
35.6 1.61787 1.87
36 1.61386 1.86328
36.4 1.60963 1.85661
36.8 1.60523 1.84994
37.2 1.60073 1.84322
37.6 1.59616 1.8364
38 1.59157 1.82943
38.4 1.58698 1.82227
38.8 1.58241 1.81486
39.2 1.57787 1.80718
39.6 1.57334 1.79921
40 1.56881 1.79093
40.4 1.56425 1.78234
40.8 1.55961 1.77345
41.2 1.55487 1.76429
41.6 1.54998 1.75488
42 1.5449 1.74527
42.4 1.53961 1.73549
42.8 1.53408 1.72558
43.2 1.5283 1.7156
43.6 1.52226 1.7056
44 1.51597 1.6956
44.4 1.50945 1.68566
44.8 1.50273 1.67581
45.2 1.49585 1.66609
45.6 1.48883 1.65651
46 1.48174 1.6471
46.4 1.47461 1.63787
46.8 1.46749 1.62884
47.2 1.46044 1.62001
47.6 1.4535 1.61138
48 1.44672 1.60296
48.4 1.44012 1.59473
48.8 1.43374 1.5867
49.2 1.42761 1.57884
49.6 1.42175 1.57116
50 1.41618 1.56364
50.4 1.41088 1.55627
50.8 1.40588 1.54903
51.2 1.40115 1.54192
51.6 1.39668 1.53491
52 1.39247 1.52799
52.4 1.38848 1.52115
52.8 1.3847 1.51437
53.2 1.38109 1.50764
53.6 1.37763 1.50094
54 1.37429 1.49427
54.4 1.37106 1.48762
54.8 1.3679 1.48098
55.2 1.36479 1.47434
55.6 1.36172 1.46771
56 1.35866 1.46109
56.4 1.35561 1.45448
56.8 1.35253 1.4479
57.2 1.34942 1.44136
57.6 1.34626 1.43487
58 1.34303 1.42845
58.4 1.33971 1.42212
58.8 1.33629 1.41589
59.2 1.33274 1.40978
59.6 1.32904 1.40379
60 1.32518 1.39791
60.4 1.32113 1.39216
60.8 1.31689 1.3865
61.2 1.31244 1.38093
61.6 1.30779 1.37541
62 1.30292 1.36991
62.4 1.29785 1.36438
62.8 1.29259 1.35878
63.2 1.28716 1.35307
63.6 1.28158 1.34721
64 1.27586 1.34114
64.4 1.27005 1.33483
64.8 1.26416 1.32826
65.2 1.25821 1.32141
65.6 1.25222 1.31426
66 1.24622 1.30683
66.4 1.24021 1.29913
66.8 1.2342 1.29118
67.2 1.22818 1.28302
67.6 1.22215 1.2747
68 1.21609 1.26625
68.4 1.20998 1.25773
68.8 1.20379 1.24918
69.2 1.19749 1.24064
69.6 1.19105 1.23215
70 1.18442 1.22373
70.4 1.17756 1.21539
70.8 1.17044 1.20713
71.2 1.16301 1.19895
71.6 1.15523 1.1908
72 1.14706 1.18267
72.4 1.13848 1.1745
72.8 1.12944 1.16624
73.2 1.11992 1.15783
73.6 1.10989 1.14924
74 1.09935 1.1404
74.4 1.08827 1.13127
74.8 1.07665 1.12181
75.2 1.06448 1.11202
75.6 1.05174 1.10187
76 1.03844 1.09138
76.4 1.02457 1.08055
76.8 1.01013 1.06941
77.2 0.9951 1.058
77.6 0.979476 1.04635
78 0.963246 1.03451
78.4 0.946396 1.02251
78.8 0.928912 1.01039
79.2 0.91078 0.998156
79.6 0.891986 0.985827
80 0.872522 0.973393
80.4 0.852382 0.960835
80.8 0.831568 0.948115
81.2 0.810088 0.935187
81.6 0.78796 0.921993
82 0.765208 0.908471
82.4 0.741868 0.894559
82.8 0.717983 0.880201
83.2 0.693606 0.865351
83.6 0.668798 0.849983
84 0.643624 0.834088
84.4 0.61816 0.817685
84.8 0.592482 0.800821
85.2 0.566675 0.78357
85.6 0.540826 0.766031
86 0.515027 0.748332
86.4 0.489373 0.730616
86.8 0.463962 0.713044
87.2 0.438898 0.695781
87.6 0.414285 0.678994
88 0.390231 0.662841
88.4 0.366844 0.647465
88.8 0.344232 0.632988
89.2 0.3225 0.619505
89.6 0.301747 0.607081
90 0.282064 0.595747
90.4 0.263531 0.585505
90.8 0.246212 0.576325
91.2 0.230155 0.568148
91.6 0.215386 0.560897
92 0.201914 0.554475
92.4 0.189721 0.548779
92.8 0.178772 0.543701
93.2 0.169009 0.539137
93.6 0.160359 0.53499
94 0.152734 0.531179
94.4 0.146036 0.527637
94.8 0.140163 0.524318
95.2 0.135012 0.521192
95.6 0.130483 0.518246
96 0.126486 0.515485
96.4 0.122939 0.512921
96.8 0.119776 0.510577
97.2 0.116944 0.50848
97.6 0.114404 0.506654
98 0.112132 0.505121
98.4 0.110113 0.503897
98.8 0.108343 0.502987
99.2 0.106824 0.502388
99.6 0.105559 0.502085
100 0.104553 0.502054
100.4 0.103807 0.502263
100.8 0.103319 0.502675
101.2 0.103078 0.503246
101.6 0.103069 0.503931
102 0.103269 0.504687
102.4 0.103649 0.505473
102.8 0.104177 0.50625
103.2 0.104816 0.506986
103.6 0.105532 0.507657
104 0.106288 0.508242
104.4 0.107053 0.508729
104.8 0.107801 0.509112
105.2 0.108509 0.509392
105.6 0.109163 0.509574
106 0.109755 0.509671
106.4 0.110284 0.509697
106.8 0.110752 0.509675
107.2 0.11117 0.509629
107.6 0.111551 0.509588
108 0.111909 0.509586
108.4 0.11226 0.509656
108.8 0.112622 0.509836
109.2 0.113009 0.510163
109.6 0.113435 0.510673
110 0.113911 0.511403
110.4 0.114444 0.512382
110.8 0.115038 0.513635
111.2 0.115695 0.51518
111.6 0.116411 0.517028
112 0.117179 0.519179
112.4 0.11799 0.521624
112.8 0.118832 0.524345
113.2 0.119689 0.527317
113.6 0.120543 0.530507
114 0.121376 0.533878
114.4 0.122168 0.537392
114.8 0.122901 0.541011
115.2 0.123555 0.544701
115.6 0.124113 0.548433
116 0.124561 0.552186
116.4 0.124888 0.555948
116.8 0.125088 0.559715
117.2 0.12516 0.563493
117.6 0.125107 0.567293
118 0.124938 0.571131
118.4 0.124667 0.575027
118.8 0.124314 0.578997
119.2 0.123902 0.583052
119.6 0.123457 0.587198
120 0.123007 0.591429
120.4 0.122581 0.595724
120.8 0.122206 0.600054
121.2 0.121907 0.604374
121.6 0.121705 0.608627
122 0.121617 0.612749
122.4 0.121654 0.616668
122.8 0.121821 0.620313
123.2 0.122117 0.623612
123.6 0.122535 0.626504
124 0.123062 0.628935
124.4 0.123684 0.630871
124.8 0.12438 0.632289
125.2 0.125128 0.63319
125.6 0.125907 0.633591
126 0.126694 0.633528
126.4 0.127469 0.633053
126.8 0.128213 0.63223
127.2 0.12891 0.631131
127.6 0.129549 0.629835
128 0.130121 0.628419
128.4 0.130619 0.626957
128.8 0.131042 0.625514
129.2 0.131391 0.624147
129.6 0.131667 0.6229
130 0.131877 0.621802
130.4 0.132026 0.620871
130.8 0.132123 0.620113
131.2 0.132176 0.619524
131.6 0.132194 0.619089
132 0.132188 0.61879
132.4 0.132166 0.618601
132.8 0.132139 0.618496
133.2 0.132116 0.618444
133.6 0.132103 0.618412
134 0.132108 0.618362
134.4 0.132135 0.618254
134.8 0.132184 0.618038
135.2 0.132255 0.617657
135.6 0.132342 0.617044
136 0.132435 0.616122
136.4 0.132522 0.614801
136.8 0.132586 0.612984
137.2 0.132609 0.610569
137.6 0.132569 0.607452
138 0.132446 0.603538
138.4 0.132222 0.598743
138.8 0.131883 0.593007
139.2 0.13142 0.586302
139.6 0.130836 0.578637
140 0.130143 0.570071
140.4 0.129366 0.560714
140.8 0.128546 0.550731
141.2 0.127738 0.540341
141.6 0.127012 0.529813
142 0.126452 0.519461
142.4 0.126156 0.509629
142.8 0.126227 0.500683
143.2 0.126778 0.49299
143.6 0.12792 0.486902
144 0.129759 0.482738
144.4 0.132394 0.480771
144.8 0.135905 0.481204
145.2 0.140355 0.484165
145.6 0.145777 0.489694
146 0.152178 0.497739
146.4 0.159531 0.508155
146.8 0.167773 0.52071
147.2 0.176808 0.53509
147.6 0.186509 0.550915
148 0.196715 0.567754
148.4 0.207242 0.58514
148.8 0.217886 0.602593
149.2 0.228429 0.619634
149.6 0.238648 0.635807
150 0.248325 0.650692
150.4 0.25725 0.663918
150.8 0.265231 0.675172
151.2 0.272103 0.684208
151.6 0.277731 0.690842
152 0.282013 0.694959
152.4 0.284882 0.696502
152.8 0.286312 0.695468
153.2 0.286308 0.691899
153.6 0.284911 0.685872
154 0.282185 0.677492
154.4 0.278221 0.66688
154.8 0.273124 0.654167
155.2 0.267009 0.639486
155.6 0.259995 0.622973
156 0.252196 0.604756
156.4 0.243724 0.584962
156.8 0.234678 0.563716
157.2 0.225145 0.54114
157.6 0.215202 0.51736
158 0.204911 0.492508
158.4 0.194327 0.466723
158.8 0.183498 0.440158
159.2 0.172467 0.41298
159.6 0.161279 0.385367
160 0.149983 0.357514
160.4 0.138632 0.329627
160.8 0.127288 0.301919
161.2 0.116024 0.274611
161.6 0.104918 0.247921
162 0.0940576 0.222063
162.4 0.0835326 0.197238
162.8 0.0734349 0.173631
163.2 0.0638527 0.151404
163.6 0.0548674 0.130693
164 0.0465489 0.111604
164.4 0.038953 0.0942087
164.8 0.0321181 0.0785468
165.2 0.0260635 0.0646229
165.6 0.0207894 0.0524092
166 0.0162767 0.0418479
166.4 0.0124892 0.032854
166.8 0.00937554 0.0253205
167.2 0.0068727 0.0191222
167.6 0.00490958 0.0141215
168 0.00341069 0.0101736
168.4 0.00229987 0.00713156
168.8 0.00150359 0.00485113
169.2 0.000953763 0.00319489
169.6 0.000589798 0.00203587
170 0.000360018 0.00126017
170.4 0.000222256 0.000768798
170.8 0.000143795 0.000478608
171.2 0.000100722 0.000322361
171.6 7.68415e-05 0.000248084
172 6.23027e-05 0.00021778
172.4 5.20944e-05 0.000205666
172.8 4.45612e-05 0.000196101
173.2 4.00521e-05 0.000181373
173.6 3.97935e-05 0.000159504
174 4.50371e-05 0.000132209
174.4 5.64999e-05 0.000103125
174.8 7.40817e-05 7.63891e-05
175.2 9.68221e-05 5.56015e-05
175.6 0.000123039 4.31869e-05
176 0.000150587 4.01211e-05
176.4 0.000177172 4.59711e-05
176.8 0.000200666 5.91741e-05
177.2 0.000219369 7.74687e-05
177.6 0.000232205 9.83928e-05
178 0.000238813 0.000119766
178.4 0.000239561 0.000140093
178.8 0.000235459 0.000158834
179.2 0.000228029 0.000176524
179.6 0.000219115 0.000194741
180 0.000210702 0.000215931
180.4 0.000204723 0.000243144
180.8 0.000202916 0.000279716
181.2 0.000206715 0.00032897
181.6 0.000217201 0.000393963
182 0.000235114 0.000477362
182.4 0.000260923 0.00058145
182.8 0.000294948 0.00070829
183.2 0.000337537 0.000860057
183.6 0.00038927 0.00103948
184 0.000451187 0.00125041
184.4 0.000525034 0.00149835
184.8 0.000613494 0.00179108
185.2 0.000720399 0.00213905
185.6 0.000850915 0.00255574
186 0.00101167 0.00305778
186.4 0.00121085 0.0036648
186.8 0.00145816 0.00439914
187.2 0.00176486 0.00528526
187.6 0.00214355 0.00634902
188 0.00260807 0.00761679
188.4 0.00317325 0.00911454
188.8 0.00385469 0.0108669
189.2 0.00466846 0.0128964
189.6 0.00563085 0.0152229
190 0.00675812 0.017863
190.4 0.00806629 0.02083
190.8 0.00957086 0.0241341
191.2 0.0112867 0.0277825
191.6 0.0132276 0.0317803
192 0.0154063 0.036131
192.4 0.0178343 0.0408371
192.8 0.020521 0.0459009
193.2 0.0234737 0.051325
193.6 0.0266971 0.0571125
194 0.0301924 0.0632669
194.4 0.033957 0.0697917
194.8 0.0379839 0.0766897
195.2 0.0422606 0.0839618
195.6 0.0467692 0.091606
196 0.0514857 0.0996155
196.4 0.0563801 0.107978
196.8 0.0614164 0.116673
197.2 0.0665534 0.125673
197.6 0.0717451 0.134941
198 0.076942 0.144432
198.4 0.0820929 0.15409
198.8 0.0871457 0.163854
199.2 0.0920495 0.173657
199.6 0.0967564 0.183427
200 0.101223 0.193091
200.4 0.10541 0.202579
200.8 0.109287 0.211824
201.2 0.112829 0.220766
201.6 0.116018 0.229355
202 0.118845 0.237552
202.4 0.121304 0.245332
202.8 0.123399 0.252684
203.2 0.125134 0.259612
203.6 0.126519 0.266132
204 0.127567 0.272276
204.4 0.128293 0.278087
204.8 0.128714 0.283617
205.2 0.128846 0.288927
205.6 0.128712 0.294082
206 0.128333 0.299151
206.4 0.127738 0.304205
206.8 0.126957 0.30931
207.2 0.126026 0.314532
207.6 0.124989 0.319927
208 0.123894 0.325548
208.4 0.122794 0.331439
208.8 0.121748 0.337634
209.2 0.120817 0.344157
209.6 0.120065 0.351024
210 0.119552 0.358241
210.4 0.119336 0.365804
210.8 0.119465 0.3737
211.2 0.11998 0.381908
211.6 0.12091 0.3904
212 0.122269 0.399141
212.4 0.124056 0.40809
212.8 0.126258 0.417202
213.2 0.128847 0.426427
213.6 0.131782 0.435711
214 0.135014 0.444997
214.4 0.138488 0.454228
214.8 0.142143 0.463341
215.2 0.145921 0.472273
215.6 0.149765 0.480959
216 0.153627 0.489329
216.4 0.157464 0.497315
216.8 0.161243 0.504844
217.2 0.16494 0.511843
217.6 0.168539 0.518239
218 0.172032 0.523959
218.4 0.175416 0.52893
218.8 0.178689 0.533083
219.2 0.181849 0.536355
219.6 0.184891 0.538689
220 0.187804 0.540034
220.4 0.190569 0.540353
220.8 0.193159 0.539615
221.2 0.195538 0.537805
221.6 0.197662 0.534918
222 0.19948 0.53096
222.4 0.200936 0.52595
222.8 0.201973 0.519914
223.2 0.202533 0.512885
223.6 0.202566 0.504902
224 0.202025 0.496007
224.4 0.200875 0.486241
224.8 0.199093 0.475643
225.2 0.196668 0.46425
225.6 0.193602 0.452097
226 0.189911 0.439213
226.4 0.185623 0.425625
226.8 0.180776 0.41136
227.2 0.175417 0.396444
227.6 0.169598 0.380909
228 0.163377 0.364793
228.4 0.15681 0.348141
228.8 0.149957 0.331012
229.2 0.142871 0.313475
229.6 0.135606 0.295615
230 0.128209 0.277529
230.4 0.120725 0.259327
230.8 0.113196 0.24113
231.2 0.10566 0.223064
231.6 0.0981544 0.205261
232 0.0907143 0.18785
232.4 0.0833757 0.170957
232.8 0.0761749 0.154699
233.2 0.0691492 0.139179
233.6 0.0623365 0.124486
234 0.0557752 0.110689
234.4 0.0495034 0.0978394
234.8 0.0435576 0.0859676
235.2 0.0379716 0.0750851
235.6 0.0327751 0.0651857
236 0.0279923 0.0562471
236.4 0.0236408 0.0482338
236.8 0.0197306 0.0410996
237.2 0.0162636 0.0347909
237.6 0.0132331 0.0292489
238 0.0106247 0.0244125
238.4 0.00841609 0.0202199
238.8 0.00657886 0.0166108
239.2 0.00507929 0.0135271
239.6 0.00388007 0.0109138
240 0.00294191 0.0087192
240.4 0.00222506 0.00689535
240.8 0.0016909 0.00539747
241.2 0.00130317 0.004184
241.6 0.00102903 0.00321629
242 0.000839814 0.00245839
242.4 0.000711416 0.001877
242.8 0.000624423 0.00144142
243.2 0.000563938 0.00112364
243.6 0.000519189 0.000898499
244 0.000482964 0.000743801
244.4 0.00045095 0.000640501
244.8 0.000421031 0.000572763
245.2 0.00039261 0.000527947
245.6 0.000365999 0.000496479
246 0.000341918 0.000471611
246.4 0.000321109 0.000449064
246.8 0.000304091 0.000426599
247.2 0.000291023 0.000403533
247.6 0.000281682 0.000380248
248 0.000275514 0.000357727
248.4 0.000271732 0.000337147
248.8 0.000269453 0.000319564
249.2 0.00026781 0.000305693
249.6 0.000266069 0.0002958
250 0.000263694 0.000289682
250.4 0.000260386 0.00028673
250.8 0.000256077 0.000286051
251.2 0.000250896 0.000286614
251.6 0.000245115 0.0002874
252 0.000239077 0.000287543
252.4 0.000233131 0.000286421
252.8 0.000227577 0.00028371
253.2 0.00022262 0.000279391
253.6 0.000218355 0.00027371
254 0.000214763 0.000267111
254.4 0.000211729 0.000260141
254.8 0.000209077 0.000253359
255.2 0.0002066 0.000247251
255.6 0.000204102 0.000242165
256 0.000201427 0.000238271
256.4 0.000198479 0.000235557
256.8 0.000195238 0.000233845
257.2 0.000191748 0.000232835
257.6 0.000188111 0.000232161
258 0.000184462 0.000231449
258.4 0.000180948 0.000230374
258.8 0.000177698 0.000228702
259.2 0.00017481 0.000226315
259.6 0.000172333 0.000223217
260 0.000170263 0.000219524
260.4 0.000168551 0.000215434
260.8 0.000167108 0.000211189
261.2 0.000165824 0.000207036
261.6 0.000164586 0.000203193
262 0.000163294 0.000199813
262.4 0.000161876 0.000196972
262.8 0.000160297 0.000194664
263.2 0.000158559 0.000192808
263.6 0.000156702 0.00019127
264 0.000154788 0.000189888
264.4 0.000152894 0.000188502
264.8 0.000151098 0.000186974
265.2 0.00014946 0.000185215
265.6 0.000148019 0.000183192
266 0.000146782 0.00018093
266.4 0.000145726 0.000178503
266.8 0.000144801 0.000176023
267.2 0.000143935 0.000173613
267.6 0.00014305 0.000171391
268 0.000142071 0.00016945
268.4 0.000140937 0.000167843
268.8 0.00013961 0.000166575
269.2 0.00013808 0.000165604
269.6 0.000136365 0.000164848
270 0.000134512 0.000164199
270.4 0.000132583 0.000163539
270.8 0.000130652 0.000162754
271.2 0.000128793 0.000161754
271.6 0.000127069 0.000160483
272 0.000125527 0.000158924
272.4 0.000124189 0.000157098
272.8 0.000123055 0.000155061
273.2 0.0001221 0.000152891
273.6 0.000121283 0.000150677
274 0.00012055 0.000148504
274.4 0.000119844 0.000146441
274.8 0.000119112 0.000144531
275.2 0.000118311 0.000142788
275.6 0.000117415 0.000141195
276 0.000116411 0.00013971
276.4 0.000115304 0.000138274
276.8 0.000114113 0.000136822
277.2 0.000112864 0.00013529
277.6 0.000111587 0.000133631
278 0.000110309 0.000131816
278.4 0.000109052 0.000129843
278.8 0.000107826 0.000127734
279.2 0.000106633 0.000125532
279.6 0.000105464 0.000123291
280 0.000104304 0.000121076
280.4 0.000103133 0.000118944
280.8 0.000101934 0.000116942
281.2 0.00010069 0.0001151
281.6 9.93968e-05 0.000113427
282 9.80547e-05 0.000111911
282.4 9.66754e-05 0.000110524
282.8 9.52779e-05 0.000109222
283.2 9.38861e-05 0.00010796
283.6 9.25258e-05 0.000106692
284 9.12206e-05 0.000105379
284.4 8.99888e-05 0.000103997
284.8 8.88408e-05 0.000102538
285.2 8.77776e-05 0.000101007
285.6 8.6791e-05 9.94253e-05
286 8.58652e-05 9.78222e-05
286.4 8.49787e-05 9.62317e-05
286.8 8.4108e-05 9.46862e-05
287.2 8.32304e-05 9.32118e-05
287.6 8.23273e-05 9.18243e-05
288 8.13866e-05 9.05278e-05
288.4 8.04034e-05 8.93141e-05
288.8 7.93805e-05 8.8165e-05
289.2 7.83274e-05 8.70556e-05
289.6 7.72577e-05 8.59584e-05
290 7.61876e-05 8.48478e-05
290.4 7.51323e-05 8.37043e-05
290.8 7.41044e-05 8.25165e-05
291.2 7.31117e-05 8.12833e-05
291.6 7.21569e-05 8.00131e-05
292 7.12372e-05 7.87225e-05
292.4 7.03457e-05 7.74329e-05
292.8 6.94731e-05 7.61674e-05
293.2 6.86097e-05 7.49474e-05
293.6 6.77474e-05 7.37889e-05
294 6.68819e-05 7.2701e-05
294.4 6.60132e-05 7.16848e-05
294.8 6.51466e-05 7.07336e-05
295.2 6.42916e-05 6.98348e-05
295.6 6.34609e-05 6.89721e-05
296 6.26685e-05 6.81284e-05
296.4 6.19274e-05 6.72888e-05
296.8 6.12478e-05 6.64425e-05
297.2 6.0635e-05 6.5585e-05
297.6 6.00888e-05 6.47176e-05
298 5.96033e-05 6.38476e-05
298.4 5.91669e-05 6.2986e-05
298.8 5.87646e-05 6.21459e-05
299.2 5.83791e-05 6.13393e-05
299.6 5.79936e-05 6.05753e-05
300 5.75933e-05 5.9858e-05
300.4 5.71679e-05 5.91855e-05
300.8 5.67123e-05 5.85497e-05
301.2 5.62271e-05 5.79375e-05
301.6 5.57186e-05 5.73324e-05
302 5.51973e-05 5.67165e-05
302.4 5.46765e-05 5.60733e-05
302.8 5.41705e-05 5.53895e-05
303.2 5.36925e-05 5.46571e-05
303.6 5.32529e-05 5.38741e-05
304 5.28582e-05 5.30442e-05
304.4 5.25103e-05 5.21766e-05
304.8 5.22062e-05 5.12838e-05
305.2 5.19391e-05 5.03796e-05
305.6 5.16991e-05 4.94774e-05
306 5.1475e-05 4.85873e-05
306.4 5.12549e-05 4.77154e-05
306.8 5.10284e-05 4.68623e-05
307.2 5.0787e-05 4.60235e-05
307.6 5.05246e-05 4.519e-05
308 5.02378e-05 4.43497e-05
308.4 4.9925e-05 4.34892e-05
308.8 4.95863e-05 4.25957e-05
309.2 4.92221e-05 4.16591e-05
309.6 4.88325e-05 4.06729e-05
310 4.84164e-05 3.96352e-05
310.4 4.79715e-05 3.85487e-05
310.8 4.74935e-05 3.74198e-05
311.2 4.69774e-05 3.62576e-05
311.6 4.64175e-05 3.50726e-05
312 4.58086e-05 3.38742e-05
312.4 4.5147e-05 3.26701e-05
312.8 4.44309e-05 3.14646e-05
313.2 4.36617e-05 3.02584e-05
313.6 4.28435e-05 2.90487e-05
314 4.19835e-05 2.78294e-05
314.4 4.10912e-05 2.65931e-05
314.8 4.01775e-05 2.5332e-05
315.2 3.92539e-05 2.40394e-05
315.6 3.83313e-05 2.27115e-05
316 3.74189e-05 2.1348e-05
316.4 3.65237e-05 1.99525e-05
316.8 3.56498e-05 1.85325e-05
317.2 3.47987e-05 1.70988e-05
317.6 3.39695e-05 1.56641e-05
318 3.31593e-05 1.42416e-05
318.4 3.23643e-05 1.28437e-05
318.8 3.15807e-05 1.14804e-05
319.2 3.08051e-05 1.01583e-05
319.6 3.00354e-05 8.88037e-06
320 2.92711e-05 7.64539e-06
320.4 2.85129e-05 6.4489e-06
320.8 2.7763e-05 5.28384e-06
321.2 2.70242e-05 4.14178e-06
321.6 2.62991e-05 3.01418e-06
322 2.55901e-05 1.89359e-06
322.4 2.48981e-05 7.74509e-07
322.8 2.42227e-05 -3.45991e-07
323.2 2.35617e-05 -1.46814e-06
323.6 2.29118e-05 -2.58973e-06
324 2.22684e-05 -3.70668e-06
324.4 2.1627e-05 -4.8138e-06
324.8 2.09829e-05 -5.90571e-06
325.2 2.03329e-05 -6.97758e-06
325.6 1.96748e-05 -8.02573e-06
326 1.90087e-05 -9.04792e-06
326.4 1.83361e-05 -1.00434e-05
326.8 1.76601e-05 -1.10126e-05
327.2 1.69849e-05 -1.19568e-05
327.6 1.6315e-05 -1.28771e-05
328 1.56548e-05 -1.37746e-05
328.4 1.50074e-05 -1.46491e-05
328.8 1.43747e-05 -1.54996e-05
329.2 1.37567e-05 -1.6324e-05
329.6 1.31518e-05 -1.71195e-05
330 1.25569e-05 -1.78828e-05
330.4 1.1968e-05 -1.86113e-05
330.8 1.13806e-05 -1.93036e-05
331.2 1.0791e-05 -1.99595e-05
331.6 1.01963e-05 -2.05811e-05
332 9.59533e-06 -2.11723e-05
332.4 8.98859e-06 -2.17389e-05
332.8 8.37855e-06 -2.22877e-05
333.2 7.7692e-06 -2.2826e-05
333.6 7.16563e-06 -2.33602e-05
334 6.5733e-06 -2.38957e-05
334.4 5.99743e-06 -2.44351e-05
334.8 5.44226e-06 -2.49786e-05
335.2 4.91061e-06 -2.55233e-05
335.6 4.40354e-06 -2.60637e-05
336 3.92029e-06 -2.65918e-05
336.4 3.45858e-06 -2.70985e-05
336.8 3.01495e-06 -2.75745e-05
337.2 2.58545e-06 -2.8011e-05
337.6 2.16622e-06 -2.84013e-05
338 1.75419e-06 -2.87411e-05
338.4 1.34753e-06 -2.90291e-05
338.8 9.45985e-07 -2.92672e-05
339.2 5.50976e-07 -2.94602e-05
339.6 1.65406e-07 -2.96149e-05
340 -2.06702e-07 -2.97396e-05
340.4 -5.60735e-07 -2.98431e-05
340.8 -8.92104e-07 -2.99334e-05
341.2 -1.19685e-06 -3.00173e-05
341.6 -1.47213e-06 -3.00997e-05
342 -1.71664e-06 -3.01831e-05
342.4 -1.93071e-06 -3.02681e-05
342.8 -2.11628e-06 -3.03531e-05
343.2 -2.27672e-06 -3.04355e-05
343.6 -2.41639e-06 -3.05119e-05
344 -2.54022e-06 -3.05789e-05
344.4 -2.65325e-06 -3.06337e-05
344.8 -2.7602e-06 -3.06744e-05
345.2 -2.86517e-06 -3.07005e-05
345.6 -2.97146e-06 -3.07124e-05
346 -3.08154e-06 -3.07112e-05
346.4 -3.19717e-06 -3.06985e-05
346.8 -3.31955e-06 -3.06755e-05
347.2 -3.44958e-06 -3.06426e-05
347.6 -3.58807e-06 -3.05988e-05
348 -3.73593e-06 -3.05416e-05
348.4 -3.89421e-06 -3.04668e-05
348.8 -4.06409e-06 -3.0369e-05
349.2 -4.24674e-06 -3.02413e-05
349.6 -4.44313e-06 -3.00768e-05
350 -4.65375e-06 -2.98685e-05
350.4 -4.87843e-06 -2.96105e-05
350.8 -5.11611e-06 -2.92985e-05
351.2 -5.36478e-06 -2.89303e-05
351.6 -5.62155e-06 -2.85059e-05
352 -5.88276e-06 -2.80279e-05
352.4 -6.14431e-06 -2.75011e-05
352.8 -6.40196e-06 -2.69323e-05
353.2 -6.65175e-06 -2.63299e-05
353.6 -6.89033e-06 -2.57027e-05
354 -7.11523e-06 -2.50603e-05
354.4 -7.32507e-06 -2.44118e-05
354.8 -7.51955e-06 -2.37654e-05
355.2 -7.69937e-06 -2.31285e-05
355.6 -7.86596e-06 -2.25069e-05
356 -8.02122e-06 -2.19054e-05
356.4 -8.16709e-06 -2.1327e-05
356.8 -8.30526e-06 -2.07735e-05
357.2 -8.43683e-06 -2.02456e-05
357.6 -8.56214e-06 -1.97426e-05
358 -8.6807e-06 -1.92629e-05
358.4 -8.79122e-06 -1.88039e-05
358.8 -8.89185e-06 -1.83622e-05
359.2 -8.98036e-06 -1.79336e-05
359.6 -9.05453e-06 -1.75132e-05
360 -9.11237e-06 -1.70958e-05
360.4 -9.15243e-06 -1.66758e-05
360.8 -9.17395e-06 -1.62479e-05
361.2 -9.1769e-06 -1.58072e-05
361.6 -9.162e-06 -1.53496e-05
362 -9.13052e-06 -1.48722e-05
362.4 -9.08408e-06 -1.43737e-05
362.8 -9.02441e-06 -1.38545e-05
363.2 -8.95314e-06 -1.33167e-05
363.6 -8.87156e-06 -1.2764e-05
364 -8.78054e-06 -1.22017e-05
364.4 -8.68048e-06 -1.1636e-05
364.8 -8.57139e-06 -1.10736e-05
365.2 -8.45302e-06 -1.05213e-05
365.6 -8.32503e-06 -9.98498e-06
366 -8.18726e-06 -9.46971e-06
366.4 -8.0398e-06 -8.97891e-06
366.8 -7.88323e-06 -8.51433e-06
367.2 -7.71857e-06 -8.07595e-06
367.6 -7.54731e-06 -7.66213e-06
368 -7.3712e-06 -7.2699e-06
368.4 -7.19214e-06 -6.89537e-06
368.8 -7.01186e-06 -6.5342e-06
369.2 -6.83174e-06 -6.1821e-06
369.6 -6.65259e-06 -5.83522e-06
370 -6.4745e-06 -5.49056e-06
370.4 -6.2968e-06 -5.14608e-06
370.8 -6.11812e-06 -4.80086e-06
371.2 -5.93654e-06 -4.45494e-06
371.6 -5.7498e-06 -4.1092e-06
372 -5.55558e-06 -3.7651e-06
372.4 -5.35178e-06 -3.42434e-06
372.8 -5.13678e-06 -3.08861e-06
373.2 -4.90963e-06 -2.7594e-06
373.6 -4.67019e-06 -2.43779e-06
374 -4.41915e-06 -2.12441e-06
374.4 -4.15797e-06 -1.81951e-06
374.8 -3.88874e-06 -1.52304e-06
375.2 -3.614e-06 -1.23481e-06
375.6 -3.33653e-06 -9.54656e-07
376 -3.05913e-06 -6.82643e-07
376.4 -2.78445e-06 -4.19144e-07
376.8 -2.51489e-06 -1.64912e-07
377.2 -2.25252e-06 7.89291e-08
377.6 -1.99908e-06 3.10962e-07
378 -1.75603e-06 5.29606e-07
378.4 -1.52462e-06 7.33276e-07
378.8 -1.30598e-06 9.20542e-07
379.2 -1.10117e-06 1.09028e-06
379.6 -9.1123e-07 1.24176e-06
380 -7.37155e-07 1.37474e-06
380.4 -5.79842e-07 1.48941e-06
380.8 -4.40005e-07 1.58642e-06
381.2 -3.18067e-07 1.66673e-06
381.6 -2.14053e-07 1.73157e-06
382 -1.27517e-07 1.78232e-06
382.4 -5.75023e-08 1.82045e-06
382.8 -2.56648e-09 1.84752e-06
383.2 3.91294e-08 1.86512e-06
383.6 6.96796e-08 1.87494e-06
384 9.12484e-08 1.87881e-06
384.4 1.05866e-07 1.87875e-06
384.8 1.15231e-07 1.87701e-06
385.2 1.2055e-07 1.87604e-06
385.6 1.22434e-07 1.87851e-06
386 1.20863e-07 1.88713e-06
386.4 1.1524e-07 1.90457e-06
386.8 1.04506e-07 1.93325e-06
387.2 8.73258e-08 1.97518e-06
387.6 6.2298e-08 2.03176e-06
388 2.81782e-08 2.10363e-06
388.4 -1.59222e-08 2.19064e-06
388.8 -7.03844e-08 2.29179e-06
389.2 -1.34997e-07 2.40532e-06
389.6 -2.08943e-07 2.52886e-06
390 -2.90865e-07 2.65961e-06
390.4 -3.78985e-07 2.79461e-06
390.8 -4.71273e-07 2.93095e-06
391.2 -5.65625e-07 3.06601e-06
391.6 -6.60041e-07 3.19765e-06
392 -7.52766e-07 3.32427e-06
392.4 -8.42384e-07 3.44488e-06
392.8 -9.27858e-07 3.55906e-06
393.2 -1.00851e-06 3.6668e-06
393.6 -1.08395e-06 3.76839e-06
394 -1.15399e-06 3.86421e-06
394.4 -1.21853e-06 3.95457e-06
394.8 -1.27743e-06 4.03956e-06
395.2 -1.33049e-06 4.11895e-06
395.6 -1.37737e-06 4.19213e-06
396 -1.4176e-06 4.25818e-06
396.4 -1.45067e-06 4.31586e-06
396.8 -1.47604e-06 4.36377e-06
397.2 -1.4933e-06 4.40045e-06
397.6 -1.50223e-06 4.42452e-06
398 -1.50287e-06 4.4347e-06
398.4 -1.49555e-06 4.42995e-06
398.8 -1.48093e-06 4.40943e-06
399.2 -1.45989e-06 4.37251e-06
399.6 -1.43348e-06 4.31868e-06
400 -1.4028e-06 4.24754e-06
