-9.97943 -9.97969
-10.4807 -10.4812
-10.4935 -10.4927
-10.3469 -10.3469
-10.5093 -10.512
-10.4683 -10.4686
-10.0806 -10.08
-9.97749 -9.9802
-10.4558 -10.4565
-10.3643 -10.3649
-10.3076 -10.3106
-10.4923 -10.4933
-10.4043 -10.3955
-9.99096 -9.99404
-10.457 -10.4567
-10.3638 -10.3654
-10.3964 -10.3964
-10.4575 -10.459
-10.4685 -10.4677
-9.68425 -9.67266
-10.488 -10.4879
-10.2756 -10.2753
-9.79156 -9.78798
-10.1928 -10.1955
-9.93499 -9.93533
-10.484 -10.4836
-10.4917 -10.4917
-10.3766 -10.3762
-10.3721 -10.3729
-10.4023 -10.4029
-9.84951 -9.85868
-10.427 -10.4264
-10.3841 -10.3833
-10.1569 -10.1613
-10.021 -10.0205
-10.3344 -10.3327
-9.58987 -9.59195
-10.4645 -10.4637
-10.3959 -10.4005
-10.509 -10.5093
-10.0759 -10.0733
-10.4714 -10.4699
-10.184 -10.1841
-9.78161 -9.78027
-9.94559 -9.94699
-9.99462 -9.99501
-10.5005 -10.5001
-10.4074 -10.4075
-10.1051 -10.1036
-10.4613 -10.4599
-10.2558 -10.2448
-10.4909 -10.4914
-10.4335 -10.4327
-9.72078 -9.71663
-10.4713 -10.4711
-10.4196 -10.4207
-10.4249 -10.4243
-10.0095 -10.013
-10.2503 -10.2519
-9.93135 -9.92958
-10.3309 -10.336
-10.2806 -10.2801
-10.5065 -10.507
-10.362 -10.3611
-10.4602 -10.4597
-10.2254 -10.2291
-10.5149 -10.5144
-10.3008 -10.3006
-10.0997 -10.0993
-10.4126 -10.413
-10.3955 -10.3948
-10.4953 -10.496
-10.3265 -10.3314
-10.3354 -10.3348
-10.0137 -10.0176
-10.5104 -10.5107
-9.95832 -9.95609
-9.62179 -9.61817
-10.3225 -10.3208
-10.4923 -10.4923
-10.123 -10.127
-9.98434 -9.98564
-9.985 -9.98603
-10.0718 -10.07
-10.4956 -10.4943
-10.3939 -10.3944
-10.3503 -10.3538
-10.328 -10.3265
-10.2844 -10.2837
-10.4535 -10.4542
-9.93929 -9.94317
-10.425 -10.4255
-10.3835 -10.3901
-10.2795 -10.2794
-10.374 -10.371
-10.4718 -10.4716
-10.4129 -10.4135
-10.0245 -10.0259
-10.4753 -10.4751
-10.3887 -10.3886
-10.4795 -10.4801
-10.4462 -10.4467
-10.0968 -10.0982
-10.4435 -10.4422
-10.3662 -10.3649
-10.1865 -10.1883
-10.118 -10.1205
-9.87052 -9.86934
-10.5439 -10.5439
-10.1137 -10.1153
-10.3261 -10.3254
-10.3003 -10.3049
-10.4468 -10.4463
-10.5345 -10.5348
-10.4017 -10.4019
-10.5391 -10.539
-9.72792 -9.72804
-10.3652 -10.3659
-9.63878 -9.63834
-10.4013 -10.4009
-10.4279 -10.4279
-10.4549 -10.4543
-9.8855 -9.88576
-10.3961 -10.3955
-10.2023 -10.2081
-10.4954 -10.4947
-10.4449 -10.4489
-2.59044 -2.58373
-10.344 -10.3458
-10.4212 -10.4207
-10.1495 -10.1526
-9.65259 -9.65098
-9.89198 -9.89057
-10.5051 -10.5058
-10.4238 -10.4227
-10.5192 -10.5203
-10.5452 -10.5453
-10.5373 -10.5375
-10.3342 -10.3369
-10.4936 -10.4924
-10.4708 -10.4718
-10.4198 -10.4191
-9.86676 -9.8654
-10.4349 -10.435
-10.3606 -10.3608
-9.8823 -9.87985
-10.4321 -10.4341
-10.0163 -10.0161
-10.4922 -10.4919
-10.0441 -10.0382
-10.4591 -10.4582
-10.37 -10.3692
-10.5107 -10.5113
-10.4816 -10.4818
-10.3993 -10.3997
-10.3446 -10.3447
-10.3235 -10.3245
-10.5039 -10.5037
-9.66322 -9.658
-10.5021 -10.502
-10.4497 -10.4497
-10.3815 -10.3812
-10.2192 -10.2189
-10.2413 -10.2307
-10.4159 -10.4156
-10.405 -10.4049
-10.046 -10.0465
-10.445 -10.4463
-10.3539 -10.3547
-10.3633 -10.3625
-10.4153 -10.4132
-10.4242 -10.4237
-10.5484 -10.5485
-10.3979 -10.3971
-10.4836 -10.4858
-10.3712 -10.3709
-10.4382 -10.4403
-10.4285 -10.4283
-10.4852 -10.4848
-10.1248 -10.1268
-10.4142 -10.4165
-10.0039 -10.0054
-9.89707 -9.89986
-10.5084 -10.509
-10.4552 -10.4571
-10.5059 -10.5066
-10.4907 -10.49
-10.0506 -10.0544
-10.5098 -10.5094
-10.3849 -10.3843
-10.1374 -10.1393
-10.4757 -10.4747
-10.3871 -10.3868
-10.3643 -10.3637
-9.66619 -9.66822
-10.4956 -10.4963
-9.97649 -9.9776
-9.99631 -9.99444
-9.82053 -9.82359
-10.4483 -10.4482
-10.3188 -10.3183
-10.4612 -10.4608
-10.3937 -10.393
-10.3464 -10.3463
-10.5044 -10.5037
-10.4708 -10.47
-10.4077 -10.4082
-10.1522 -10.1587
-10.4942 -10.4932
-10.3111 -10.3124
-10.5088 -10.5094
-10.3985 -10.3984
-10.5417 -10.542
-10.4296 -10.4287
-10.4216 -10.4208
-10.4891 -10.489
-9.79352 -9.78871
-10.387 -10.3855
-10.4326 -10.4347
-10.3629 -10.3592
-10.3674 -10.3676
-10.3389 -10.3419
-10.3194 -10.32
-10.3571 -10.3584
-10.5138 -10.5149
-9.88596 -9.88635
-10.5295 -10.5299
-10.4792 -10.4793
-1.52007 -1.51419
-10.5298 -10.5308
-10.498 -10.4973
-10.3716 -10.3721
-10.3396 -10.3384
-9.94832 -9.94794
-10.3767 -10.3759
-10.5256 -10.5257
-9.53405 -9.52833
-10.0032 -10.0047
-10.3639 -10.3642
-10.4527 -10.4535
-9.9703 -9.96835
-10.3998 -10.3997
-10.4338 -10.4347
-10.4903 -10.4902
-10.0556 -10.0569
-10.4803 -10.4797
-10.5214 -10.5211
-9.83869 -9.83521
-10.4992 -10.5001
-10.4803 -10.48
-10.4592 -10.4607
-9.91198 -9.90619
-10.3919 -10.3917
-10.3755 -10.3761
-10.3241 -10.3252
-9.92631 -9.9259
-10.4915 -10.4906
-10.033 -10.0341
-9.99381 -9.99027
-10.4733 -10.473
-10.3884 -10.3881
-10.5002 -10.5025
-9.5855 -9.58491
-10.3993 -10.3993
-10.3378 -10.3402
-10.5434 -10.5449
-10.0059 -10.006
-10.3518 -10.3541
-10.5228 -10.5226
-10.5094 -10.5093
-10.3434 -10.3433
-10.4096 -10.4121
-10.5435 -10.5435
-10.4318 -10.4318
-10.4827 -10.4812
-9.99841 -10.0029
-10.3635 -10.363
-9.81926 -9.81274
-10.3763 -10.3746
-10.048 -10.0424
-9.97268 -9.97322
-10.2995 -10.302
-10.3954 -10.3985
-10.5233 -10.5233
-10.4509 -10.4512
-10.3377 -10.3369
-10.5398 -10.5405
-10.5059 -10.5053
-10.3918 -10.3922
-10.5108 -10.5115
-10.4306 -10.4328
-10.2794 -10.2789
-10.4054 -10.4051
-10.4008 -10.4008
-9.6524 -9.65138
-10.5011 -10.5007
-10.4881 -10.4882
-10.4735 -10.4734
-10.4837 -10.4833
-9.96854 -9.96876
-9.99937 -9.99863
-10.457 -10.457
-10.0476 -10.0482
-10.0923 -10.0889
-10.3931 -10.396
-10.2489 -10.25
-10.3499 -10.3508
-10.478 -10.4777
-10.4829 -10.483
-10.4133 -10.4106
-10.3818 -10.3807
-9.94639 -9.94578
-10.2527 -10.2548
-10.4953 -10.4959
-10.2755 -10.2762
-10.4419 -10.4413
-10.4845 -10.4854
-10.432 -10.4336
-10.4202 -10.4205
-10.4752 -10.4748
-10.4159 -10.4161
-10.4957 -10.4951
-10.3341 -10.3349
-10.4242 -10.4247
-3.44186 -3.44029
-9.8818 -9.87429
-10.4898 -10.4911
-10.4903 -10.4891
-10.4869 -10.486
-10.3253 -10.327
-10.3403 -10.3411
-9.99244 -9.99174
-10.3751 -10.3733
-10.3952 -10.3945
-10.4134 -10.4148
-10.4599 -10.4607
-10.4598 -10.4604
-10.3412 -10.3379
-10.3213 -10.3215
-10.5376 -10.5388
-10.5051 -10.5048
-10.4569 -10.4565
-9.96584 -9.96634
-10.4027 -10.4023
-10.2559 -10.2546
-10.512 -10.512
-9.55992 -9.55313
-9.73075 -9.73056
-10.4741 -10.4735
-10.5467 -10.5472
-10.5009 -10.5012
-10.4898 -10.4898
-10.3091 -10.3089
-10.2585 -10.2596
-10.5241 -10.5237
-10.2368 -10.2363
-10.5072 -10.5082
-10.0768 -10.0787
-10.3532 -10.3552
-10.4863 -10.4853
-10.3599 -10.3564
-10.1614 -10.162
-10.0656 -10.0649
-10.356 -10.3591
-10.4404 -10.4459
-10.034 -10.0312
-10.4968 -10.4974
-10.4906 -10.4911
-9.70441 -9.70985
-10.0227 -10.02
-10.4485 -10.4478
-10.4899 -10.4905
-10.3391 -10.3392
-9.44752 -9.44598
-10.2683 -10.2691
-10.0323 -10.0264
-10.4208 -10.4222
-10.4666 -10.4662
-10.4937 -10.494
-10.4292 -10.4289
-10.4953 -10.4957
-10.2734 -10.2722
-10.3613 -10.3604
-10.4772 -10.4764
-10.5286 -10.5291
-10.3994 -10.3967
-10.5141 -10.5151
-10.3639 -10.3632
-10.4944 -10.4935
-10.0999 -10.1012
-10.52 -10.5208
-10.5358 -10.5359
-9.97109 -9.97079
-10.5129 -10.5125
-10.4801 -10.4808
-10.2054 -10.205
-10.4142 -10.4158
-10.4344 -10.4359
-10.2122 -10.2146
-10.4964 -10.4948
-10.5088 -10.5093
-10.4815 -10.4812
-10.4266 -10.4265
-9.92255 -9.92012
-10.5473 -10.5483
-9.65167 -9.64895
-10.5069 -10.5076
-10.335 -10.3359
-9.67337 -9.66689
-10.5287 -10.5289
-10.486 -10.486
-10.5098 -10.5107
-10.0352 -10.0343
-10.4446 -10.4434
-10.4433 -10.4441
-10.3714 -10.3707
-10.4257 -10.4266
-10.4455 -10.4447
-10.0101 -10.0094
-10.4958 -10.495
-10.352 -10.351
-10.5392 -10.5401
-10.4894 -10.4891
-10.3646 -10.3672
-10.492 -10.4921
-10.4845 -10.4847
-10.4363 -10.4368
-10.2091 -10.2115
-10.0147 -10.0113
-10.4519 -10.4518
-10.4944 -10.4935
-10.3939 -10.3935
-10.1524 -10.1542
-10.4565 -10.4568
-10.4155 -10.4167
-10.4377 -10.4397
-10.0702 -10.0716
-10.2905 -10.29
-9.445 -9.43679
-10.1889 -10.191
-10.5062 -10.5069
-10.4988 -10.4992
-10.4578 -10.4585
-9.95799 -9.95856
-10.4638 -10.4629
-10.4795 -10.479
-10.5489 -10.5474
-10.3847 -10.3859
-10.4893 -10.489
-10.5148 -10.5143
-10.5222 -10.5223
-10.354 -10.3547
-10.4046 -10.4044
-10.4015 -10.4032
-10.4666 -10.4664
-10.5483 -10.5486
-10.4714 -10.4706
-10.3547 -10.356
-10.3268 -10.323
-10.2843 -10.284
-10.4938 -10.4936
-10.3548 -10.3557
-10.1407 -10.1419
-10.4787 -10.4778
-10.1233 -10.1238
-10.3777 -10.3768
-10.3938 -10.3958
-10.333 -10.332
-10.3757 -10.3765
-10.467 -10.4665
-9.63564 -9.63053
-10.4867 -10.4877
-10.4295 -10.4282
-10.4453 -10.4444
-10.345 -10.3462
-10.401 -10.3996
-10.4266 -10.426
-10.373 -10.373
-9.55546 -9.54748
-10.4613 -10.4619
-10.5245 -10.5243
-10.4022 -10.4014
-10.5041 -10.5041
-10.3759 -10.3758
-10.1194 -10.116
-10.251 -10.251
-10.5102 -10.5104
-10.4305 -10.4303
-10.5354 -10.5359
-9.59609 -9.59352
-10.0153 -10.0132
-10.4876 -10.4872
-10.1129 -10.1139
-10.5467 -10.5473
-10.4355 -10.4359
-10.4925 -10.4925
-10.4193 -10.4188
-10.5373 -10.5383
-10.4723 -10.4723
-10.5008 -10.502
-10.4843 -10.4851
-10.3202 -10.3208
-9.9881 -9.99305
-10.0025 -10.003
-10.3488 -10.348
-10.3083 -10.3075
-10.2249 -10.2245
-10.4927 -10.4921
-10.3798 -10.3791
-10.3927 -10.3922
-10.4522 -10.4511
-9.55502 -9.54687
-10.4103 -10.4126
-9.92893 -9.92718
-10.5397 -10.5407
-10.5118 -10.5117
-10.374 -10.3734
-10.409 -10.4101
-9.90391 -9.90537
-10.2855 -10.285
-10.4917 -10.4919
-10.0707 -10.069
-9.97398 -9.97768
-10.5144 -10.5142
-10.4656 -10.4668
-10.3698 -10.3692
-10.2386 -10.242
-10.1794 -10.1806
-10.3517 -10.354
-10.4252 -10.4259
-10.2702 -10.2705
-10.4775 -10.4782
-10.4963 -10.4971
-10.4745 -10.473
-9.56867 -9.56858
-10.1278 -10.1252
-10.4103 -10.4104
-10.0973 -10.1037
-10.4442 -10.4433
-10.415 -10.415
-10.512 -10.5118
-10.2478 -10.2498
-9.80639 -9.8043
-10.1335 -10.1339
-10.0631 -10.0691
-9.85884 -9.8568
-10.4754 -10.4764
-10.3529 -10.3542
-10.2953 -10.2876
-10.3992 -10.3995
-10.4795 -10.4792
-10.523 -10.5231
-10.3748 -10.3758
-10.3418 -10.3435
-10.4846 -10.4842
-10.4633 -10.4629
-10.4987 -10.4995
-10.048 -10.0491
-10.454 -10.4541
-9.93667 -9.93531
-10.3447 -10.3447
-10.3636 -10.364
-10.3829 -10.3831
-10.4412 -10.4411
-10.3133 -10.3127
-10.4356 -10.4359
-10.478 -10.4774
-9.94321 -9.94267
-9.93536 -9.93789
-10.4936 -10.4932
-10.5003 -10.5012
-10.1014 -10.099
-10.4389 -10.4439
-10.4613 -10.4616
-10.2825 -10.2826
-10.3382 -10.341
-10.0515 -10.0518
-10.3643 -10.3645
-10.0089 -10.0025
-10.4014 -10.4
-10.4782 -10.4789
-10.4949 -10.4945
-10.5129 -10.5128
-10.3238 -10.3221
-10.4738 -10.4741
-10.5493 -10.5493
-10.3538 -10.3541
-10.3679 -10.3687
-10.0042 -9.99673
-9.55028 -9.54347
-10.337 -10.3363
-10.2563 -10.2589
-10.4715 -10.471
-10.4501 -10.452
-2.50218 -2.51043
-10.1261 -10.1279
-9.93641 -9.9359
-10.3664 -10.366
-10.4797 -10.4789
-10.4121 -10.4158
-10.3462 -10.3447
-10.5223 -10.5245
-10.4967 -10.4958
-10.4203 -10.421
-10.4932 -10.4942
-10.4517 -10.4516
-10.3569 -10.3567
-10.3371 -10.3371
-9.99721 -9.99811
-10.1549 -10.1541
-10.3435 -10.3415
-10.3516 -10.3482
-10.4888 -10.4892
-9.53099 -9.52066
-10.0185 -10.0204
-10.3548 -10.3566
-10.3678 -10.3682
-10.5477 -10.5482
-10.5245 -10.5245
-10.0172 -10.0162
-10.3246 -10.3247
-10.4635 -10.4643
-10.3921 -10.3909
-9.86264 -9.86132
-10.3663 -10.3667
-10.4171 -10.4183
-10.3567 -10.3583
-10.3823 -10.381
-10.1795 -10.177
-10.4627 -10.4639
-10.3923 -10.393
-10.3475 -10.3453
-10.3489 -10.3484
-8.99049 -8.97786
-9.58311 -9.57578
-10.3481 -10.3481
-10.4405 -10.4409
-10.4482 -10.4475
-10.2251 -10.2298
-10.5349 -10.5359
-10.4112 -10.4158
-10.4851 -10.485
-9.97106 -9.97343
-10.4014 -10.4009
-10.4157 -10.4142
-9.87668 -9.88226
-10.3931 -10.3929
-10.0343 -10.0407
-10.4987 -10.4986
-10.5001 -10.5002
-10.5046 -10.5042
-10.1038 -10.104
-10.4739 -10.4756
-10.3886 -10.3888
-10.5137 -10.5134
-10.3501 -10.3499
-10.1582 -10.1636
-10.5073 -10.5078
-10.4653 -10.4649
-9.97603 -9.9765
-10.1566 -10.1661
-10.5231 -10.5234
-9.99111 -9.98736
-10.3497 -10.3496
-10.498 -10.4984
-10.445 -10.4462
-10.248 -10.249
-10.1858 -10.184
-10.5314 -10.5314
-10.3944 -10.3944
-10.3941 -10.3934
-10.2885 -10.293
-10.5119 -10.5139
-9.58207 -9.58039
-9.553 -9.54707
-10.4846 -10.4881
-10.4338 -10.4348
-10.4803 -10.4802
-10.4347 -10.4332
-10.4123 -10.4117
-10.3219 -10.3253
-10.4691 -10.469
-10.0655 -10.0664
-10.4263 -10.4252
-10.5413 -10.5414
-9.94938 -9.94636
-10.3211 -10.3243
-10.4559 -10.4564
-9.45888 -9.47021
-9.63698 -9.63895
-10.5041 -10.5041
-10.4499 -10.449
-10.4293 -10.4308
-10.342 -10.3463
-10.4794 -10.4793
-10.1422 -10.141
-10.0849 -10.0859
-10.3734 -10.3726
-10.5204 -10.5213
-10.5006 -10.5016
-10.2372 -10.2382
-10.4434 -10.4452
-10.2758 -10.275
-10.3357 -10.3375
-10.3483 -10.3507
-10.4 -10.3998
-9.98318 -9.98802
-10.5027 -10.5038
-9.65484 -9.64974
-10.488 -10.4867
-10.4514 -10.4514
-10.511 -10.5108
-10.3138 -10.3128
-10.3703 -10.3708
-10.3503 -10.3518
-10.4275 -10.4287
-10.3889 -10.3934
-10.5428 -10.5431
-10.0011 -10.0013
-10.4275 -10.4279
-10.5337 -10.5329
-10.465 -10.4658
-10.5079 -10.5074
-10.3841 -10.3853
-10.5116 -10.5116
-10.2599 -10.2613
-9.82039 -9.81158
-10.2703 -10.2705
-10.4147 -10.4154
-10.3004 -10.2985
-10.4229 -10.4217
-10.2952 -10.297
-10.4137 -10.4129
-10.4291 -10.4291
-10.3539 -10.356
-10.3617 -10.3606
-10.4623 -10.4624
-10.4135 -10.4116
-10.35 -10.3503
-9.95158 -9.95193
-10.4829 -10.4825
-10.3935 -10.3929
-10.3687 -10.3689
-10.3851 -10.3877
-9.75882 -9.75583
-10.5398 -10.5404
-10.446 -10.4458
-10.2621 -10.2633
-10.4798 -10.4796
-1.42473 -1.4241
-10.0496 -10.0516
-9.53969 -9.52715
-10.0391 -10.0375
-10.5159 -10.5158
-10.4791 -10.4786
-10.137 -10.1351
-9.5761 -9.56259
-10.4141 -10.4129
-10.5108 -10.5104
-10.4764 -10.4759
-10.3203 -10.3198
-10.4008 -10.4008
-10.4983 -10.4994
-10.461 -10.4599
-10.3606 -10.3646
-10.4932 -10.493
-10.4267 -10.4276
-10.4501 -10.4539
-9.98016 -9.97574
-10.5104 -10.5099
-10.5381 -10.5391
-10.5235 -10.5237
-10.4929 -10.4937
-10.4187 -10.4179
-10.3948 -10.3947
-10.4805 -10.4796
-10.4565 -10.4566
-10.5228 -10.5239
-10.5214 -10.5213
-10.5353 -10.5361
-9.7991 -9.7953
-10.3497 -10.3474
-10.4317 -10.4327
-10.229 -10.231
-10.0325 -10.0306
-10.5395 -10.5397
-10.3951 -10.3954
-10.1345 -10.1336
-10.3412 -10.343
-10.3751 -10.3747
-10.4803 -10.4803
-10.5421 -10.5418
-10.4763 -10.4754
-10.4088 -10.4088
-10.4114 -10.4133
-10.0834 -10.0841
-9.8927 -9.89245
-10.1596 -10.1598
-9.75747 -9.75024
-9.93263 -9.93343
-10.3578 -10.3591
-10.5086 -10.5092
-10.5252 -10.5252
-10.1189 -10.1151
-10.4652 -10.4659
-9.91143 -9.90983
-10.4055 -10.4063
-10.3264 -10.3268
-10.4538 -10.4534
-10.3975 -10.3974
-10.0334 -10.0351
-10.5441 -10.544
-10.036 -10.0335
-10.4177 -10.4178
-10.4227 -10.4224
-10.5257 -10.5257
-10.4923 -10.4911
-10.4891 -10.4882
-10.5128 -10.5129
-10.3391 -10.3415
-10.4678 -10.467
-10.4952 -10.4952
-10.1281 -10.1274
-10.3628 -10.362
-10.5288 -10.5295
-10.3968 -10.3962
-10.0028 -9.99459
-9.93883 -9.94262
-10.4951 -10.495
-10.335 -10.3363
-10.0573 -10.0564
-9.94828 -9.94562
-3.41124 -3.40249
-10.3947 -10.3933
-10.4856 -10.4846
-10.5385 -10.5396
-10.3676 -10.3675
-10.4879 -10.4905
-10.404 -10.4039
-9.61981 -9.61464
-9.9256 -9.9261
-9.95113 -9.95258
-10.3886 -10.3909
-10.3034 -10.3025
-10.3931 -10.3932
-10.4972 -10.4972
-10.4883 -10.4898
-10.4974 -10.4972
-10.486 -10.4867
-9.96408 -9.96491
-10.4958 -10.4953
-10.4965 -10.4963
-10.5001 -10.5006
-9.43393 -9.43495
-10.4069 -10.4059
-9.66222 -9.66152
-10.3475 -10.3442
-10.4919 -10.4916
-10.4679 -10.4708
-10.4262 -10.4268
-10.2714 -10.2707
-10.0337 -10.0342
-10.4423 -10.4437
-10.4556 -10.4544
-10.2608 -10.2592
-10.5437 -10.5438
-10.307 -10.3133
-10.4152 -10.4162
-10.4384 -10.4383
-10.5233 -10.5233
-9.98359 -9.98472
-10.5212 -10.5221
-10.0404 -10.0419
-10.4843 -10.4852
-9.95813 -9.95924
-10.4754 -10.4748
-10.5458 -10.5461
-10.4586 -10.4577
-9.94733 -9.95018
-10.4442 -10.4437
-10.0493 -10.0505
-10.4497 -10.449
-10.5104 -10.5106
-9.97631 -9.97708
-10.1539 -10.1487
-10.0762 -10.0771
-10.3548 -10.3559
-10.4594 -10.4586
-10.2658 -10.2653
-10.516 -10.5171
-10.3986 -10.398
-10.4308 -10.4294
-10.4935 -10.4933
-10.0213 -10.0233
-10.4239 -10.4224
-10.5363 -10.5361
-10.1665 -10.1681
-10.476 -10.4769
-10.4967 -10.4974
-10.5105 -10.5104
-10.4908 -10.4919
-10.4255 -10.4242
-10.5216 -10.5217
-10.3917 -10.3896
-10.4873 -10.4872
-10.4647 -10.4658
-10.3691 -10.37
-10.0677 -10.0719
-10.376 -10.3748
-10.4678 -10.4697
-10.4117 -10.4129
-1.44634 -1.45176
-9.55546 -9.54475
-10.507 -10.5074
-10.3608 -10.3607
-10.1542 -10.1585
-10.138 -10.1383
-10.5033 -10.5064
-10.3587 -10.3622
-10.2653 -10.2643
-9.67031 -9.66541
-9.99418 -9.99279
-10.0875 -10.0883
-10.4996 -10.4981
-9.98916 -9.98727
-10.4342 -10.4331
-10.4756 -10.4767
-10.5331 -10.5328
-10.056 -10.0573
-10.4154 -10.4157
-10.4522 -10.4536
-10.4773 -10.4759
-10.4632 -10.4626
-10.3095 -10.3117
-10.336 -10.3377
-10.2499 -10.2501
-10.5018 -10.5016
-10.3913 -10.3889
-9.82035 -9.82297
-9.96756 -9.96741
-10.5338 -10.5343
-10.3279 -10.327
-10.502 -10.5018
-10.4043 -10.404
-10.5064 -10.5073
-9.55976 -9.55412
-10.4985 -10.4986
-10.43 -10.429
-10.4944 -10.494
-10.4648 -10.4662
-10.2904 -10.29
-9.54765 -9.54699
-10.0027 -10.0077
-10.396 -10.3952
-10.4044 -10.4043
-10.512 -10.5121
-10.3528 -10.3539
-10.4147 -10.4172
-10.3264 -10.3263
-10.3355 -10.332
-10.4741 -10.4733
-10.3559 -10.3541
-9.99671 -9.98896
-10.174 -10.1798
-9.95884 -9.95859
-10.3216 -10.321
-9.59315 -9.5899
-10.4754 -10.4759
-10.4513 -10.4511
-10.4488 -10.4494
-10.352 -10.351
-10.0313 -10.0297
-10.5041 -10.5039
-10.3814 -10.3832
-10.5157 -10.5167
-10.0869 -10.0838
-10.5097 -10.51
-10.4234 -10.423
-10.4743 -10.4754
-10.3814 -10.3807
-10.4464 -10.4468
-10.4023 -10.4022
-10.4064 -10.4056
-10.3977 -10.3974
-10.0695 -10.0717
-10.3799 -10.3798
-10.5035 -10.5034
-10.5258 -10.5257
-10.4842 -10.4826
-10.2336 -10.2345
-10.4468 -10.446
-10.3931 -10.393
-9.6669 -9.66784
-10.4566 -10.4578
-10.0794 -10.0788
-9.77849 -9.77315
-9.55546 -9.55144
-10.4883 -10.4881
-10.4702 -10.4697
-10.4338 -10.433
-10.4943 -10.4947
-10.4259 -10.4255
-10.4351 -10.435
-10.1076 -10.1015
-10.433 -10.4335
-10.4567 -10.458
-10.4066 -10.4057
-10.4991 -10.499
-10.4308 -10.4306
-9.98629 -9.9747
-10.543 -10.5429
-10.3991 -10.3988
-10.4937 -10.4941
-10.3982 -10.3892
-10.4366 -10.4363
-10.3151 -10.3142
-10.407 -10.4074
-9.68725 -9.68209
-10.4798 -10.4793
-9.97771 -9.97816
-10.0896 -10.0901
-10.4831 -10.4835
-10.4975 -10.4971
-10.4632 -10.4623
-10.4727 -10.4727
-10.5089 -10.5097
-9.98491 -9.98373
-10.4811 -10.4809
-10.4367 -10.4379
-10.4436 -10.4454
-10.2655 -10.2654
-10.0278 -10.0286
-10.4872 -10.4876
-10.4781 -10.4786
-10.4973 -10.4971
-10.503 -10.5025
-10.4989 -10.4988
-10.3295 -10.3303
-10.4002 -10.3994
-10.4715 -10.472
-10.4692 -10.4698
-10.4493 -10.4511
-9.9611 -9.95817
-10.5153 -10.5158
-9.68756 -9.69435
-10.193 -10.1946
-10.4699 -10.4694
-10.0968 -10.0996
-10.4683 -10.4693
-10.434 -10.4341
-10.4803 -10.4798
-10.4219 -10.4215
-10.4607 -10.4611
-10.3968 -10.3963
-9.85662 -9.85175
-10.4866 -10.4859
-10.4553 -10.4567
-10.3499 -10.3494
-10.3215 -10.3204
-10.4883 -10.4886
-10.3188 -10.3207
-10.4989 -10.4989
-10.4584 -10.4586
-10.4744 -10.4757
-10.5185 -10.5218
-10.0106 -10.01
-10.511 -10.5115
-10.5142 -10.5142
-10.444 -10.4448
-10.2601 -10.2606
-10.3673 -10.3676
-10.5198 -10.5204
-9.96526 -9.96543
-10.509 -10.5095
-10.4392 -10.4397
-10.4798 -10.4793
-10.4816 -10.482
-10.4877 -10.4872
-10.5254 -10.5254
-9.60209 -9.59321
-10.0926 -10.0965
-9.61133 -9.60884
-10.4344 -10.4349
-10.3779 -10.3769
-10.4254 -10.4298
-9.94232 -9.9443
-9.9903 -9.99005
-10.4805 -10.4801
-10.4439 -10.4436
-10.5229 -10.5228
-10.5203 -10.5224
-10.3898 -10.3893
-10.2247 -10.223
-10.5371 -10.538
-10.4979 -10.4991
-10.0945 -10.0958
-10.3417 -10.3412
-9.96459 -9.96488
-9.98423 -9.98337
-10.3789 -10.3789
-10.4909 -10.4922
-10.5063 -10.5066
-10.4679 -10.4683
-10.493 -10.4936
-10.4206 -10.4221
-10.4509 -10.4516
-9.91866 -9.91766
-9.81709 -9.8185
-10.3914 -10.3906
-10.4819 -10.4814
-10.507 -10.5072
-9.83956 -9.83642
-10.4092 -10.4094
-10.3754 -10.376
-10.324 -10.323
-9.97855 -9.97352
-10.4744 -10.474
-10.5475 -10.5475
-10.4442 -10.4434
-10.5086 -10.5087
-10.1126 -10.1062
-9.95949 -9.96227
-10.5046 -10.5043
-10.5258 -10.5257
-10.4929 -10.4922
-10.0566 -10.0653
-10.5118 -10.5113
-10.1812 -10.1847
-10.3623 -10.3626
-10.4386 -10.4383
-10.4567 -10.4575
-10.4709 -10.4697
-10.2693 -10.2694
-10.341 -10.3405
-10.5032 -10.5032
-10.5143 -10.5153
-9.46595 -9.46461
-10.3842 -10.3844
-10.0174 -10.0187
-9.75857 -9.75674
-10.3108 -10.3113
-10.443 -10.443
-10.4896 -10.4894
-10.5191 -10.5189
-10.3695 -10.3705
-10.5156 -10.5165
-10.3621 -10.3622
-10.4959 -10.4968
-10.4911 -10.4901
-10.3683 -10.367
-10.487 -10.4871
-10.3813 -10.3811
-10.4559 -10.4566
-9.58996 -9.58771
-10.53 -10.5298
-9.93946 -9.94547
-10.4981 -10.4973
-10.4891 -10.4889
-10.5365 -10.537
-9.9852 -9.98759
-10.4378 -10.4409
-10.423 -10.4238
-10.4583 -10.4575
-10.3874 -10.3868
-10.0359 -10.0346
-10.3887 -10.3881
-10.4096 -10.4093
-10.5185 -10.5178
-9.62425 -9.60777
-10.4227 -10.4227
-10.2904 -10.2933
-10.3277 -10.3283
-10.0275 -10.0282
-10.1011 -10.1006
-10.4285 -10.4281
-10.2784 -10.2793
-9.95987 -9.95856
-10.492 -10.4924
-10.1363 -10.1383
-10.4935 -10.4939
-9.96335 -9.96311
-10.373 -10.3757
-9.91927 -9.91819
-10.4945 -10.493
-10.3621 -10.3667
-10.3366 -10.3359
-9.62266 -9.62058
-9.84697 -9.8461
-10.4494 -10.45
-10.4886 -10.4889
-10.0076 -10.0064
-9.79836 -9.79484
-10.435 -10.4337
-10.0526 -10.0541
-10.323 -10.3228
-10.3871 -10.3865
-10.3465 -10.344
-10.2397 -10.2405
-10.4614 -10.4619
-10.3898 -10.3909
-10.3828 -10.3817
-10.0971 -10.0996
-10.0191 -10.017
-10.3236 -10.3236
-10.3827 -10.3828
-10.5087 -10.5085
-10.0796 -10.0798
-10.4403 -10.441
-9.99222 -9.99079
-10.1463 -10.1473
-10.4037 -10.405
-9.94474 -9.94489
-10.4485 -10.4477
-10.4877 -10.4887
-10.0852 -10.0885
-10.5383 -10.5379
-10.222 -10.2219
-9.56535 -9.56671
-10.4063 -10.4077
-10.5 -10.4995
-10.398 -10.3977
-10.3106 -10.3114
-9.95892 -9.95954
-9.61651 -9.61114
-10.304 -10.3093
-10.416 -10.4204
-10.2139 -10.2172
-10.5124 -10.5131
-9.95528 -9.95574
-9.61172 -9.61579
-9.92545 -9.92453
-10.523 -10.5242
-10.4989 -10.499
-10.4186 -10.4197
-10.1442 -10.1423
-10.5368 -10.5371
-9.92614 -9.92801
-9.6935 -9.68167
-10.4551 -10.4568
-10.3222 -10.3226
-10.3632 -10.3635
-10.4144 -10.4156
-10.481 -10.4808
-10.4494 -10.4492
-10.5206 -10.5216
-10.1563 -10.1619
-10.4977 -10.4986
-10.3976 -10.3899
-10.4925 -10.4919
-10.4187 -10.4203
-10.2924 -10.2923
-10.4182 -10.4208
-10.4923 -10.4937
-10.367 -10.366
-10.0304 -10.0329
-9.77888 -9.77189
-10.4416 -10.4416
-10.4506 -10.4524
-10.4843 -10.4841
-10.0458 -10.0472
-9.9531 -9.9521
-10.325 -10.3237
-10.5034 -10.5044
-9.96219 -9.96251
-10.4644 -10.464
-10.2482 -10.2477
-10.3837 -10.3834
-10.3601 -10.3622
-10.3868 -10.3868
-9.92136 -9.92166
-3.32111 -3.32089
-10.2486 -10.2497
-10.3724 -10.3724
-10.0393 -10.0392
-10.1093 -10.1088
-10.0073 -10.0091
-10.0872 -10.0899
-10.2831 -10.2851
-10.3476 -10.3553
-10.5482 -10.5462
-10.4717 -10.4725
-9.94768 -9.94732
-10.4584 -10.4576
-10.3717 -10.3717
-10.4751 -10.4753
-10.4979 -10.4976
-10.0015 -9.99984
-10.4918 -10.491
-10.261 -10.2621
-10.5386 -10.5395
-10.3379 -10.3386
-10.347 -10.346
-10.0649 -10.0683
-10.3926 -10.392
-10.4433 -10.4444
-10.4261 -10.4257
-10.4925 -10.492
-10.3266 -10.3262
-10.4328 -10.4327
-10.3883 -10.3876
-10.5221 -10.5229
-10.4477 -10.4478
-10.3013 -10.3014
-10.4896 -10.4907
-10.4111 -10.4128
-10.3869 -10.3864
-10.3801 -10.3833
-10.4887 -10.4896
-10.3768 -10.3776
-10.4947 -10.495
-10.4967 -10.4962
-9.95971 -9.96025
-9.94983 -9.95003
-10.4426 -10.4439
-10.4788 -10.4801
-10.265 -10.2654
-10.4458 -10.447
-10.3604 -10.3604
-10.0079 -10.0075
-9.6998 -9.6997
-9.59681 -9.58745
-10.3347 -10.3353
-10.4907 -10.4902
-9.96539 -9.96599
-10.4463 -10.446
-10.3898 -10.3862
-10.0506 -10.0497
-10.5152 -10.5159
-10.4979 -10.4984
-9.97436 -9.97478
-10.4394 -10.4402
-10.4992 -10.5023
-10.5457 -10.5455
-10.4424 -10.4424
-10.4498 -10.4488
-10.2885 -10.2897
-10.4411 -10.4421
-10.2942 -10.2927
-10.5058 -10.5079
-9.58842 -9.58017
-10.5169 -10.5177
-10.4021 -10.4027
-10.3673 -10.3672
-10.4995 -10.5004
-10.2752 -10.2765
-10.3732 -10.3742
-10.4153 -10.4146
-10.3295 -10.3328
-10.4231 -10.423
-10.0854 -10.083
-10.3325 -10.3362
-10.3737 -10.3736
-10.5334 -10.5343
-10.3423 -10.3414
-10.4078 -10.4078
-10.0813 -10.0805
-10.5111 -10.5122
-10.4054 -10.4046
-10.2596 -10.2616
-9.8555 -9.8627
-10.4931 -10.4932
-10.5057 -10.5056
-10.3377 -10.3413
-10.5044 -10.5055
-10.4091 -10.4088
-10.2887 -10.292
-9.50589 -9.50493
-10.5253 -10.5255
-10.4666 -10.4666
-10.4521 -10.4519
-9.61747 -9.61751
-10.457 -10.457
-10.0484 -10.0493
-10.3661 -10.3689
-10.4814 -10.4809
-10.3628 -10.3633
-10.0553 -10.0577
-10.3562 -10.3546
-9.99408 -9.99433
-10.5023 -10.5016
-10.513 -10.5125
-10.4434 -10.4421
-10.3376 -10.3364
-10.4901 -10.4896
-10.5236 -10.5235
-10.5047 -10.5055
-10.5454 -10.5461
-9.99448 -10.0007
-10.4951 -10.4952
-10.3652 -10.3658
-9.9773 -9.98003
-10.3542 -10.3568
-10.5077 -10.5072
-10.3447 -10.3454
-9.97216 -9.9702
-9.79589 -9.78757
-10.5196 -10.5204
-10.2832 -10.2866
-10.3378 -10.3378
-10.3748 -10.3745
-10.54 -10.5404
-10.5374 -10.5377
-10.4403 -10.4441
-10.3781 -10.379
-10.5305 -10.5308
-10.3566 -10.3556
-10.4262 -10.4265
-9.69474 -9.6977
-10.2795 -10.2787
-10.5226 -10.5243
-10.3595 -10.3592
-10.1586 -10.1618
-10.5064 -10.506
-9.40075 -9.40484
-10.0529 -10.0523
-9.66224 -9.65302
-9.94344 -9.94399
-10.3741 -10.3743
-10.0234 -10.0245
-10.4439 -10.4436
-9.94212 -9.94261
-10.0996 -10.0977
-9.62372 -9.62265
-10.4377 -10.4373
-10.4986 -10.4981
-9.86704 -9.86218
-10.448 -10.448
-10.4821 -10.4812
-10.4047 -10.4051
-10.2754 -10.2754
-10.342 -10.3413
-10.5075 -10.5082
-10.3485 -10.3492
-10.4488 -10.4495
-10.3876 -10.3879
-10.3922 -10.3918
-3.19941 -3.19454
-10.3503 -10.3508
-10.4757 -10.4765
-10.4943 -10.4939
-10.3838 -10.3837
-10.4854 -10.4857
-10.3653 -10.3657
-10.4495 -10.4488
-10.3645 -10.3622
-10.4028 -10.4051
-10.3973 -10.3967
-10.0481 -10.0416
-10.4716 -10.4711
-10.4301 -10.434
-10.4808 -10.4816
-9.69813 -9.69078
-10.4024 -10.4017
-10.1761 -10.1819
-10.4876 -10.4875
-10.5262 -10.5256
-10.4889 -10.489
-10.2678 -10.2707
-10.4547 -10.4531
-10.515 -10.515
-10.526 -10.5258
-10.4184 -10.4183
-10.3918 -10.3934
-10.4862 -10.4863
-10.4936 -10.4946
-10.4136 -10.4126
-10.5395 -10.5405
-10.5171 -10.517
-10.3923 -10.3943
-10.5055 -10.5074
-9.71068 -9.69998
-10.5359 -10.5363
-10.085 -10.0833
-10.414 -10.4138
-10.0051 -10.0018
-9.60148 -9.59641
-10.5258 -10.5257
-10.3373 -10.337
-10.3814 -10.3818
-10.3201 -10.3194
-10.4948 -10.4941
-10.4259 -10.4279
-10.4085 -10.4085
-10.5169 -10.5189
-9.95662 -9.95952
-10.4139 -10.4126
-10.5258 -10.5259
-10.3591 -10.3592
-10.5217 -10.5216
-10.4139 -10.4144
-10.3817 -10.3808
-10.3328 -10.3328
-10.4767 -10.4762
-10.0746 -10.0747
-10.5315 -10.5321
-10.477 -10.4765
-10.3614 -10.3608
-10.4554 -10.4548
-10.5237 -10.523
-10.4197 -10.4208
-10.4902 -10.4891
-10.4011 -10.4012
-10.5405 -10.5404
-10.4268 -10.4265
-10.4176 -10.419
-10.3158 -10.3186
-10.5 -10.4991
-9.73216 -9.72434
-10.4611 -10.4623
-10.1892 -10.1924
-10.5157 -10.5155
-10.5255 -10.5263
-10.0324 -10.0355
-1.4761 -1.47412
-10.4737 -10.474
-10.3416 -10.341
-10.4935 -10.4929
-10.4158 -10.4164
-10.535 -10.5349
-10.4483 -10.4493
-10.3532 -10.3521
-9.50905 -9.50688
-10.4675 -10.4675
-10.4571 -10.4568
-9.94393 -9.9447
-10.4937 -10.4934
-10.498 -10.4988
-10.3845 -10.3841
-10.5006 -10.5002
-10.065 -10.0645
-10.0514 -10.054
-10.4033 -10.4033
-10.0614 -10.0607
-10.0575 -10.064
-10.5431 -10.5429
-10.4982 -10.4979
-10.4717 -10.4715
-9.98763 -9.98992
-10.508 -10.509
-10.2405 -10.2333
-8.61063 -8.61479
-10.3072 -10.31
-10.33 -10.3277
-10.4592 -10.4595
-10.47 -10.4697
-10.3964 -10.3958
-10.4857 -10.485
-10.4844 -10.4844
-10.4588 -10.4585
-10.215 -10.2162
-10.4612 -10.4607
-10.3317 -10.3318
-10.3643 -10.3638
-10.4203 -10.42
-10.533 -10.5331
-10.0719 -10.0692
-10.4995 -10.499
-9.99873 -9.99587
-10.4493 -10.4491
-10.496 -10.4967
-9.63618 -9.63084
-10.0576 -10.0603
-10.4198 -10.42
-10.321 -10.3199
-10.0425 -10.0472
-10.4852 -10.4853
-10.5098 -10.51
-10.4493 -10.4493
-10.3405 -10.3402
-10.507 -10.5074
-10.1068 -10.1108
-10.0326 -10.0313
-10.0377 -10.0384
-10.1828 -10.1839
-9.61362 -9.61313
-10.4819 -10.4811
-10.5008 -10.5008
-10.0709 -10.0712
-10.5187 -10.5194
-9.97007 -9.97377
-10.4668 -10.4673
-10.5427 -10.5432
-9.84392 -9.83877
-10.0353 -10.0358
-10.0071 -10.0022
-9.93491 -9.93616
-10.4949 -10.4951
-10.0585 -10.0585
-10.5098 -10.5099
-10.5393 -10.5403
-9.92938 -9.92838
-10.49 -10.4895
-10.2196 -10.2211
-10.4811 -10.4808
-10.4826 -10.4823
-9.89178 -9.88861
-10.2965 -10.2962
-10.3514 -10.3553
-10.5324 -10.5322
-10.3063 -10.3071
-10.1484 -10.1525
-10.2937 -10.2943
-10.3805 -10.3813
-10.3161 -10.3159
-9.95168 -9.95043
-10.5128 -10.5137
-10.369 -10.3695
-10.3823 -10.3823
-10.3807 -10.3809
-10.4348 -10.436
-10.423 -10.4225
-10.3198 -10.3208
-10.3681 -10.3676
-10.4976 -10.4994
-10.4681 -10.4671
-10.5097 -10.5088
-10.3657 -10.3642
-10.2794 -10.2797
-10.4758 -10.4758
-10.4137 -10.4142
-10.5294 -10.5291
-10.4612 -10.4612
-10.4727 -10.4732
-10.0631 -10.0633
-10.4289 -10.4276
-10.4054 -10.4057
-10.3324 -10.3314
-10.4963 -10.4966
-10.4812 -10.4819
-10.2407 -10.2422
-9.981 -9.98176
-10.531 -10.5307
-10.1839 -10.1811
-10.5041 -10.5049
-10.5097 -10.5093
-10.5167 -10.5175
-10.4529 -10.4543
-10.5301 -10.53
-10.2046 -10.206
-9.94947 -9.94863
-10.4363 -10.4356
-10.4916 -10.4917
-10.4853 -10.485
-10.254 -10.254
-9.86043 -9.85913
-10.4751 -10.475
-10.4021 -10.4013
-10.4289 -10.4292
-10.0109 -10.0126
-10.4101 -10.4106
-10.3535 -10.3579
-10.4348 -10.4342
-10.423 -10.4228
-9.56312 -9.55648
-10.4748 -10.4758
-10.503 -10.5036
-10.337 -10.3363
-10.3676 -10.3661
-10.3472 -10.3486
-10.5061 -10.5061
-10.4882 -10.4897
-10.5279 -10.5286
-10.2905 -10.2897
-10.3869 -10.3877
-10.429 -10.4315
-10.4621 -10.465
-10.2982 -10.2986
-10.308 -10.3078
-10.4907 -10.4901
-9.99422 -9.9942
-9.72247 -9.72143
-9.48696 -9.48529
-9.56631 -9.55065
-10.0958 -10.097
-10.5215 -10.5213
-10.4071 -10.4065
-10.3721 -10.373
-10.529 -10.5303
-10.5123 -10.5119
-10.4921 -10.4929
-10.3341 -10.3328
-10.1939 -10.1959
-10.4239 -10.4238
-10.3443 -10.3478
-10.4673 -10.4683
-10.322 -10.3223
-10.5248 -10.5249
-10.483 -10.4828
-10.515 -10.515
-10.3064 -10.3079
-10.3782 -10.3793
-10.5481 -10.5481
-10.502 -10.5028
-10.4074 -10.4061
-10.4828 -10.4833
-10.414 -10.4143
-9.99947 -10.0001
-10.5029 -10.5032
-10.0821 -10.0812
-10.5438 -10.5436
-10.1506 -10.1522
-10.5013 -10.5018
-10.2789 -10.2785
-10.3544 -10.3542
-10.5191 -10.5181
-10.4742 -10.4754
-10.3566 -10.3559
-10.5142 -10.5142
-10.2937 -10.2971
-10.5059 -10.5032
-10.3677 -10.3692
-10.1017 -10.1056
-10.0156 -10.0189
-10.4861 -10.4865
-10.5236 -10.5234
-9.95645 -9.95637
-10.4416 -10.4412
-9.99177 -9.99415
-10.4552 -10.4565
-10.375 -10.3788
-2.29691 -2.29259
-10.4088 -10.4091
-10.4718 -10.4717
-10.3354 -10.3351
-10.4802 -10.4799
-10.3636 -10.3632
-10.0334 -10.0391
-10.5062 -10.5068
-10.4888 -10.4888
-9.97225 -9.97382
-10.245 -10.2473
-10.4325 -10.4324
-10.3941 -10.3941
-10.1882 -10.1908
-10.4775 -10.4792
-10.0459 -10.0473
-10.3298 -10.3348
-10.3522 -10.3527
-9.99788 -9.99902
-10.0729 -10.0695
-2.54644 -2.54182
-9.9023 -9.90532
-9.99219 -9.9918
-10.3636 -10.3647
-9.9594 -9.96177
-10.462 -10.4616
-9.63842 -9.63478
-9.6066 -9.5987
-10.0653 -10.0661
-10.4776 -10.4783
-10.5173 -10.5179
-9.59924 -9.59496
-10.0522 -10.0501
-10.4811 -10.4815
-10.3512 -10.35
-10.4869 -10.4868
-10.4388 -10.4365
-10.0494 -10.05
-10.033 -10.0345
-10.4818 -10.4821
-10.5185 -10.5196
-10.0571 -10.0538
-10.0001 -10.0001
-10.5049 -10.5051
-10.5157 -10.515
-10.5197 -10.5197
-10.5212 -10.5221
-10.3364 -10.3348
-10.4853 -10.4862
-10.5193 -10.5187
-10.3273 -10.3223
-10.5011 -10.5022
-10.5184 -10.5181
-10.0899 -10.0834
-9.97807 -9.98359
-9.57654 -9.57017
-10.3827 -10.3841
-10.5152 -10.5153
-10.0193 -10.0225
-10.1411 -10.1423
-10.1133 -10.1096
-10.4435 -10.4452
-10.3237 -10.3249
-10.4896 -10.4886
-3.26937 -3.28495
-9.57003 -9.56469
-10.0236 -10.0218
-10.1684 -10.1705
-10.1608 -10.1584
-10.4479 -10.4473
-10.3714 -10.3633
-10.4674 -10.4662
-10.2769 -10.278
-10.3305 -10.3308
-10.4549 -10.4545
-9.95831 -9.95639
-10.5005 -10.4998
-10.3699 -10.3693
-10.4474 -10.4512
-9.83241 -9.83248
-10.1631 -10.1647
-10.5208 -10.523
-10.4959 -10.4962
-10.4958 -10.4951
-9.62861 -9.63592
-10.4914 -10.4911
-10.0465 -10.0485
-10.3611 -10.3615
-9.78683 -9.78776
-10.3949 -10.395
-9.66949 -9.66384
-10.3454 -10.3443
-10.3492 -10.3476
-10.4769 -10.4764
-9.99009 -9.9928
-9.57561 -9.57254
-10.4383 -10.4369
-10.2847 -10.2841
-2.39875 -2.41063
-9.99295 -9.9914
-10.4825 -10.4821
-10.2975 -10.298
-10.4042 -10.4035
-10.4112 -10.4117
-10.3643 -10.3649
-10.1172 -10.118
-9.73914 -9.75275
-10.3324 -10.3342
-9.55846 -9.55124
-10.5068 -10.5065
-9.82076 -9.81659
-10.4985 -10.4984
-10.3957 -10.3957
-10.4891 -10.4886
-10.4081 -10.4084
-9.68534 -9.68209
-10.1677 -10.1661
-10.5072 -10.506
-10.4521 -10.4536
-10.0488 -10.0463
-10.2509 -10.2533
-10.3681 -10.3699
-10.2648 -10.2646
-10.485 -10.4844
-10.5297 -10.5306
-9.98279 -9.98712
-10.4925 -10.492
-10.3983 -10.3984
-10.519 -10.5188
-10.5183 -10.5182
-10.5222 -10.5219
-10.4861 -10.4863
-10.4113 -10.4112
-10.5037 -10.5046
-10.513 -10.5126
-10.4705 -10.4699
-10.4117 -10.4108
-10.5306 -10.5303
-10.3778 -10.3776
-10.4905 -10.4918
-9.9834 -9.98189
-10.4005 -10.4012
-10.4051 -10.4055
-10.513 -10.513
-10.525 -10.5245
-10.5128 -10.5132
-9.94103 -9.94125
-10.3474 -10.3467
-10.4485 -10.4465
-10.5195 -10.5195
-10.3874 -10.3872
-9.93809 -9.94036
-10.4884 -10.4872
-10.4991 -10.5
-10.4971 -10.4991
-9.63985 -9.63182
-10.1075 -10.105
-9.66948 -9.6581
-10.278 -10.2772
-10.4988 -10.4992
-10.4545 -10.4549
-10.3984 -10.3911
-10.4606 -10.4656
-10.4213 -10.4216
-10.4678 -10.4681
-10.0938 -10.0955
-9.98057 -9.97863
-10.3754 -10.3741
-10.2969 -10.2963
-10.3018 -10.3029
-10.3228 -10.3229
-10.3833 -10.3837
-10.4465 -10.4453
-10.5407 -10.5403
-10.329 -10.3339
-10.5412 -10.5408
-10.1218 -10.1264
-10.516 -10.5151
-10.391 -10.3925
-9.93936 -9.94264
-10.4632 -10.4616
-10.4538 -10.4547
-9.53338 -9.52676
-10.5049 -10.5053
-9.84729 -9.83917
-10.3608 -10.3606
-10.4103 -10.4117
-10.2287 -10.2288
-10.4855 -10.4855
-10.0686 -10.0676
-10.4269 -10.4251
-10.4891 -10.4885
-10.4561 -10.4583
-10.0017 -10.0011
-10.2901 -10.29
-10.2664 -10.2662
-10.3636 -10.3631
-9.77972 -9.78035
-10.4709 -10.474
-10.4027 -10.4035
-10.4138 -10.4138
-10.496 -10.4958
-10.4674 -10.4677
-10.5278 -10.5283
-10.4291 -10.4285
-10.5105 -10.5107
-10.46 -10.4595
-10.3433 -10.3455
-10.1906 -10.192
-10.4917 -10.4917
-10.1893 -10.1877
-10.357 -10.3579
-10.4651 -10.4647
-10.5009 -10.5014
-10.2913 -10.2901
-10.4349 -10.4363
-9.98073 -9.98094
-10.4884 -10.4882
-10.4019 -10.4031
-10.4818 -10.4821
-10.0085 -10.0076
-10.393 -10.3928
-10.4873 -10.4871
-10.4247 -10.4259
-10.4989 -10.4987
-10.4976 -10.4983
-10.0217 -10.021
-10.4731 -10.4736
-10.5281 -10.5289
-10.3434 -10.3431
-9.92968 -9.9271
-10.517 -10.5172
-10.5155 -10.5165
-10.3974 -10.3978
-10.0329 -10.0362
-10.4923 -10.4934
-10.4847 -10.4848
-10.4217 -10.4211
-10.4774 -10.4765
-10.1017 -10.1016
-10.3225 -10.3206
-10.3812 -10.3693
-10.5012 -10.502
-10.1401 -10.1354
-10.4239 -10.4245
-10.4955 -10.4948
-10.5374 -10.5383
-10.4935 -10.4938
-10.5064 -10.5059
-10.1011 -10.1018
-10.4303 -10.4296
-10.3528 -10.3503
-10.4882 -10.4894
-10.2854 -10.2853
-10.0669 -10.0687
-10.4922 -10.4918
-9.89812 -9.88934
-9.85656 -9.85583
-10.3924 -10.3929
-10.4946 -10.4941
-10.5438 -10.5447
-10.4232 -10.4245
-10.3529 -10.3533
-9.71532 -9.7101
-9.96649 -9.96605
-10.367 -10.3665
-10.4813 -10.4816
-9.93442 -9.9372
-10.0869 -10.0899
-9.98113 -9.98079
-9.98716 -9.98524
-10.3143 -10.3108
-10.4365 -10.4359
-10.2221 -10.2231
-10.5069 -10.5077
-10.5115 -10.5122
-9.99592 -9.99569
-10.379 -10.3784
-10.4775 -10.4788
-10.525 -10.5251
-10.4719 -10.4704
-10.5111 -10.511
-10.4966 -10.4952
-10.3697 -10.3704
-10.2757 -10.2749
-10.4499 -10.4491
-9.57184 -9.57025
-10.0411 -10.0427
-10.4099 -10.4101
-10.0053 -10.0039
-10.4712 -10.4703
-10.3145 -10.3172
-9.56534 -9.55776
-10.4986 -10.4984
-10.5229 -10.5234
-10.342 -10.3428
-10.2545 -10.2529
-10.3917 -10.3926
-9.58334 -9.58519
-10.4337 -10.4343
-10.4791 -10.48
-9.49954 -9.49763
-10.5256 -10.5252
-10.2834 -10.285
-10.3756 -10.3766
-10.5043 -10.504
-9.56775 -9.56878
-9.58877 -9.59123
-9.94453 -9.94268
-10.5371 -10.5374
-10.4387 -10.4396
-10.3847 -10.3844
-10.3317 -10.3324
-10.2831 -10.2827
-10.5334 -10.5347
-10.4263 -10.424
-10.4533 -10.4545
-10.4135 -10.4172
-10.4337 -10.4332
-9.80155 -9.80247
-10.4762 -10.4758
-10.4042 -10.4043
-10.4541 -10.4542
-10.2663 -10.2671
-10.4262 -10.4273
-9.75717 -9.75645
-10.5196 -10.5194
-10.1412 -10.142
-10.3057 -10.3018
-10.4856 -10.4847
-10.0042 -10.0059
-9.61382 -9.61037
-10.2323 -10.2332
-10.0017 -9.99942
-10.5176 -10.5198
-10.5125 -10.5113
-10.3484 -10.3523
-10.5202 -10.5199
-10.4406 -10.4408
-10.4129 -10.4119
-10.4847 -10.4854
-10.4824 -10.4835
-10.0275 -10.0215
-9.59504 -9.59556
-10.1828 -10.1829
-10.4184 -10.4187
-10.3858 -10.3862
-10.5078 -10.5085
-10.4187 -10.4189
-10.2605 -10.2603
-10.013 -10.0096
-10.3062 -10.2954
-10.5202 -10.5203
-10.4344 -10.4351
-10.4814 -10.4811
-10.2798 -10.2795
-10.5168 -10.5164
-10.3443 -10.3444
-9.97432 -9.97348
-10.5043 -10.5051
-9.98443 -9.98244
-10.364 -10.3667
-10.3356 -10.336
-10.483 -10.4822
-10.0343 -10.0366
-10.4556 -10.4587
-10.4694 -10.4686
-10.4795 -10.4794
-10.4909 -10.4908
-10.4679 -10.4673
-10.4095 -10.4104
-10.3878 -10.3886
-9.96051 -9.96092
-10.2002 -10.2029
-10.3959 -10.3965
-10.3419 -10.3408
-10.3522 -10.3521
-10.384 -10.3836
-10.335 -10.3355
-10.4254 -10.4285
-10.4385 -10.4399
-10.3558 -10.3557
-10.0553 -10.0537
-10.5426 -10.5428
-9.98526 -9.98255
-10.5126 -10.5135
-9.96686 -9.96681
-9.60387 -9.59258
-10.3641 -10.359
-9.93536 -9.94867
-10.4143 -10.4143
-10.3833 -10.3825
-10.3771 -10.3768
-10.1958 -10.1956
-10.4885 -10.4881
-10.5089 -10.5088
-10.3687 -10.3723
-10.4837 -10.4832
-10.4736 -10.4731
-10.008 -10.0073
-9.98871 -9.98857
-10.3473 -10.3476
-10.3437 -10.3433
-10.1643 -10.1645
-10.4544 -10.4546
-10.4737 -10.4735
-10.4945 -10.4942
-10.3281 -10.3324
-9.89361 -9.88967
-10.3391 -10.3378
-10.296 -10.2954
-10.5008 -10.5016
-10.4408 -10.4407
-10.4162 -10.4221
-10.3989 -10.3984
-10.4906 -10.4934
-10.1862 -10.1897
-10.2293 -10.2289
-10.5258 -10.5258
-10.0612 -10.0617
-9.83088 -9.83211
-10.1045 -10.1073
-10.0265 -10.0288
-9.94137 -9.94168
-10.4826 -10.4832
-10.5009 -10.5
-10.4234 -10.4221
-10.3924 -10.3915
-10.4865 -10.4883
-10.4997 -10.4991
-10.4213 -10.4223
-9.65522 -9.65792
-10.4806 -10.4833
-10.1772 -10.1752
-10.1158 -10.1122
-10.4982 -10.4987
-10.5114 -10.5113
-10.3678 -10.3685
-10.3656 -10.365
-10.08 -10.081
-10.5363 -10.5365
-10.0154 -10.0139
-10.2171 -10.219
-10.5271 -10.528
-9.94589 -9.9471
-10.5347 -10.5342
-10.0707 -10.0727
-10.4704 -10.4686
-10.4806 -10.4807
-10.0937 -10.0951
-10.5094 -10.5089
-9.94545 -9.94545
-10.4163 -10.4177
-10.4153 -10.416
-10.5161 -10.516
-10.5005 -10.5016
-2.64829 -2.64684
-9.61457 -9.61816
-9.89983 -9.90067
-10.4944 -10.4944
-9.9741 -9.97398
-10.3982 -10.3983
-10.4319 -10.4311
-10.047 -10.0476
-10.3515 -10.3517
-10.3421 -10.342
-10.4615 -10.4615
-10.3074 -10.3049
-10.4742 -10.4766
-10.0273 -10.0234
-10.2 -10.2
-10.1947 -10.1951
-9.99697 -9.99786
-10.5025 -10.5023
-10.1321 -10.1349
-10.4651 -10.4655
-10.3206 -10.3198
-9.98698 -9.98819
-10.3747 -10.3744
-10.4936 -10.4937
-10.3361 -10.3367
-10.4424 -10.443
-10.0829 -10.0844
-10.4681 -10.4699
-10.4385 -10.4371
-10.4655 -10.4666
-10.5058 -10.5066
-10.1092 -10.1081
-9.63698 -9.62745
-10.4855 -10.4862
-9.47609 -9.46624
-10.3547 -10.3554
-10.2325 -10.2353
-10.3723 -10.3726
-9.59678 -9.59631
-10.3136 -10.3168
-10.4939 -10.4935
-10.414 -10.4179
-10.4924 -10.493
-10.31 -10.3093
-10.4794 -10.48
-10.4895 -10.4886
-10.5204 -10.5231
-10.5029 -10.5039
-10.323 -10.3236
-10.4661 -10.4668
-9.97764 -9.97841
-9.99203 -9.99388
-10.4372 -10.4356
-10.0545 -10.053
-10.4422 -10.4425
-10.5128 -10.5125
-10.2989 -10.301
-10.4701 -10.4717
-10.422 -10.4224
-9.96554 -9.96859
-10.4177 -10.4175
-10.4178 -10.4178
-10.5032 -10.5032
-10.4609 -10.4603
-10.4346 -10.4356
-10.523 -10.5233
-10.4145 -10.4143
-10.3935 -10.3931
-10.4929 -10.4925
-10.4969 -10.4961
-10.5174 -10.5173
-10.3958 -10.3959
-10.4417 -10.442
-10.1648 -10.1644
-10.4797 -10.4794
-9.91338 -9.91477
-10.3528 -10.3559
-10.0756 -10.0751
-10.2686 -10.2695
-9.99479 -9.98529
-10.4073 -10.4069
-10.3561 -10.3561
-10.5105 -10.5102
-10.502 -10.5019
-10.513 -10.5137
-10.445 -10.4437
-10.5088 -10.5096
-10.0527 -10.0557
-10.3143 -10.3136
-10.5202 -10.5208
-10.3276 -10.3266
-9.86734 -9.86564
-10.4018 -10.4017
-10.4648 -10.4644
-10.041 -10.0457
-10.3542 -10.3531
-10.5373 -10.5384
-10.4086 -10.4098
-10.4568 -10.4556
-10.3357 -10.3349
-10.3132 -10.3141
-10.485 -10.486
-10.5185 -10.5192
-10.3633 -10.3597
-10.1859 -10.1879
-10.3521 -10.3531
-10.2129 -10.2125
-10.0059 -10.008
-10.0441 -10.0433
-10.0862 -10.0867
-10.5238 -10.5241
-9.90478 -9.9174
-10.3511 -10.3546
-10.399 -10.4003
-10.0634 -10.061
-10.4303 -10.4312
-10.4413 -10.4415
-10.4039 -10.4036
-9.87397 -9.87513
-10.4482 -10.4473
-10.3423 -10.339
-10.5019 -10.5012
-10.4687 -10.469
-10.419 -10.4242
-10.2278 -10.2312
-10.2708 -10.2706
-10.445 -10.4456
-9.57656 -9.57303
-10.1136 -10.1152
-10.5272 -10.5268
-10.4421 -10.442
-10.4982 -10.4978
-10.5061 -10.5056
-10.3677 -10.3689
-10.4411 -10.4401
-10.5163 -10.5159
-10.3247 -10.3243
-10.5163 -10.516
-10.5078 -10.5088
-10.4976 -10.4979
-10.1398 -10.137
-10.5073 -10.5072
-9.94773 -9.94721
-10.2528 -10.2532
-10.4904 -10.4895
-10.4749 -10.4742
-10.4679 -10.4673
-10.3204 -10.3223
-9.94785 -9.94773
-10.3577 -10.3602
-10.4463 -10.4474
-9.768 -9.77385
-10.2179 -10.2163
-10.5226 -10.5223
-10.4095 -10.4094
-10.3734 -10.3745
-10.3093 -10.3105
-10.4322 -10.433
-9.95964 -9.95901
-10.4976 -10.4963
-10.0332 -10.0381
-10.0623 -10.0651
-10.5203 -10.5212
-9.95637 -9.95734
-9.51491 -9.5096
-10.5484 -10.5483
-10.4498 -10.4488
-9.92789 -9.92764
-9.54747 -9.53741
-10.5126 -10.5148
-10.4288 -10.4311
-10.309 -10.3083
