0 1 1 1
0.002 0.997591 0.997589 0.996992
0.004 0.990381 0.990374 0.987993
0.006 0.978417 0.978401 0.973078
0.008 0.961779 0.961751 0.952375
0.01 0.940577 0.940532 0.926057
0.012 0.91495 0.914887 0.894345
0.014 0.885069 0.884983 0.857505
0.016 0.851127 0.851017 0.815846
0.018 0.813349 0.813211 0.769714
0.02 0.77198 0.771812 0.719493
0.022 0.727289 0.727089 0.665596
0.024 0.679563 0.67933 0.608469
0.026 0.62911 0.628842 0.548576
0.028 0.576251 0.575948 0.486405
0.03 0.521321 0.520982 0.422458
0.032 0.464667 0.46429 0.357246
0.034 0.40664 0.406227 0.291287
0.036 0.347602 0.347153 0.225102
0.038 0.287914 0.28743 0.159205
0.04 0.22794 0.227421 0.0941046
0.042 0.168039 0.167487 0.0302969
0.044 0.108568 0.107986 -0.0317387
0.046 0.0498766 0.0492659 -0.0915429
0.048 -0.00769471 -0.00833134 -0.14868
0.05 -0.0638171 -0.0644769 -0.202744
0.052 -0.118175 -0.118855 -0.253355
0.054 -0.170469 -0.171165 -0.300172
0.056 -0.220414 -0.221124 -0.342886
0.058 -0.267749 -0.268467 -0.381228
0.06 -0.312227 -0.312951 -0.414969
0.062 -0.353629 -0.354354 -0.443921
0.064 -0.391754 -0.392476 -0.467939
0.066 -0.426429 -0.427143 -0.486922
0.068 -0.457502 -0.458205 -0.500811
0.07 -0.484851 -0.485537 -0.509592
0.072 -0.508377 -0.509043 -0.513294
0.074 -0.528009 -0.52865 -0.511988
0.076 -0.543703 -0.544315 -0.505788
0.078 -0.55544 -0.556019 -0.494848
0.08 -0.563231 -0.563773 -0.479359
0.082 -0.567111 -0.567612 -0.459549
0.084 -0.567141 -0.567597 -0.435681
0.086 -0.563408 -0.563816 -0.408049
0.088 -0.556023 -0.556381 -0.376976
0.09 -0.545122 -0.545426 -0.342812
0.092 -0.530861 -0.531109 -0.305928
0.094 -0.51342 -0.513609 -0.266714
0.096 -0.492996 -0.493125 -0.225579
0.098 -0.469806 -0.469873 -0.182941
0.1 -0.444082 -0.444086 -0.139229
0.102 -0.416074 -0.416014 -0.094874
0.104 -0.386042 -0.385917 -0.0503112
0.106 -0.354258 -0.354068 -0.00597121
0.108 -0.321003 -0.320749 0.0377211
0.11 -0.286565 -0.286247 0.0803512
0.112 -0.251236 -0.250856 0.121518
0.114 -0.215314 -0.214871 0.160838
0.116 -0.179092 -0.178589 0.197947
0.118 -0.142866 -0.142305 0.232506
0.12 -0.106925 -0.106308 0.2642
0.122 -0.0715532 -0.070883 0.292746
0.124 -0.0370272 -0.0363063 0.317889
0.126 -0.00361235 -0.00284369 0.339412
0.128 0.0284378 0.0292509 0.357128
0.13 0.0588835 0.0597378 0.370891
0.132 0.0875011 0.0883929 0.380592
0.134 0.114084 0.115009 0.386158
0.136 0.138444 0.139399 0.387559
0.138 0.160413 0.161395 0.384802
0.14 0.179845 0.180849 0.377933
0.142 0.196615 0.197637 0.367035
0.144 0.210621 0.211657 0.352232
0.146 0.221784 0.222831 0.333678
0.148 0.23005 0.231103 0.311566
0.15 0.235388 0.236443 0.286117
0.152 0.23779 0.238844 0.257585
0.154 0.237272 0.238322 0.226248
0.156 0.233875 0.234917 0.192409
0.158 0.22766 0.22869 0.156392
0.16 0.21871 0.219727 0.11854
0.162 0.207132 0.208131 0.079208
0.164 0.193047 0.194027 0.038763
0.166 0.1766 0.177557 -0.0024209
0.168 0.15795 0.158883 -0.043966
0.17 0.137272 0.138178 -0.0854946
0.172 0.114754 0.115633 -0.126633
0.174 0.0905993 0.0914482 -0.167013
0.176 0.0650182 0.0658366 -0.206279
0.178 0.0382317 0.0390186 -0.244088
0.18 0.0104671 0.0112218 -0.280112
0.182 -0.0180432 -0.0173212 -0.314047
0.184 -0.0470638 -0.0463746 -0.345606
0.186 -0.0763578 -0.0757016 -0.374531
0.188 -0.105689 -0.105066 -0.400586
0.19 -0.134823 -0.134232 -0.423568
0.192 -0.163531 -0.162972 -0.443301
0.194 -0.191588 -0.19106 -0.459641
0.196 -0.218777 -0.218279 -0.472476
0.198 -0.244891 -0.244422 -0.481727
0.2 -0.269731 -0.269291 -0.487348
0.202 -0.293111 -0.292699 -0.489323
0.204 -0.314859 -0.314473 -0.487672
0.206 -0.334815 -0.334454 -0.482445
0.208 -0.352835 -0.352497 -0.473723
0.21 -0.368789 -0.368474 -0.461617
0.212 -0.382567 -0.382272 -0.446265
0.214 -0.394072 -0.393797 -0.427831
0.216 -0.403228 -0.402972 -0.406506
0.218 -0.409975 -0.409736 -0.3825
0.22 -0.414272 -0.414049 -0.356046
0.222 -0.416096 -0.415888 -0.327392
0.224 -0.415441 -0.415248 -0.296803
0.226 -0.412322 -0.412142 -0.264555
0.228 -0.406768 -0.4066 -0.230935
0.23 -0.398827 -0.398672 -0.196235
0.232 -0.388565 -0.388421 -0.160752
0.234 -0.376061 -0.375928 -0.124787
0.236 -0.361411 -0.361289 -0.0886349
0.238 -0.344725 -0.344613 -0.0525902
0.24 -0.326127 -0.326025 -0.0169396
0.242 -0.30575 -0.305659 0.0180395
0.244 -0.283742 -0.283662 0.0520805
0.246 -0.26026 -0.26019 0.0849309
0.248 -0.235466 -0.235408 0.116354
0.25 -0.209535 -0.209487 0.146129
0.252 -0.182642 -0.182606 0.174058
0.254 -0.15497 -0.154947 0.19996
0.256 -0.126704 -0.126694 0.223677
0.258 -0.0980301 -0.0980344 0.245075
0.26 -0.0691351 -0.069154 0.264044
0.262 -0.0402038 -0.0402382 0.280497
0.264 -0.0114187 -0.0114693 0.294372
0.266 0.0170419 0.0169743 0.305633
0.268 0.0450053 0.0449199 0.314267
0.27 0.072305 0.0722011 0.320288
0.272 0.0987828 0.0986596 0.32373
0.274 0.124289 0.124146 0.324654
0.276 0.148684 0.14852 0.323139
0.278 0.171839 0.171654 0.319289
0.28 0.193636 0.19343 0.313224
0.282 0.213972 0.213743 0.305084
0.284 0.232752 0.232501 0.295025
0.286 0.2499 0.249626 0.283216
0.288 0.265349 0.265052 0.26984
0.29 0.279048 0.278728 0.25509
0.292 0.290961 0.290618 0.239169
0.294 0.301064 0.300698 0.222284
0.296 0.309347 0.308958 0.204648
0.298 0.315815 0.315404 0.186474
0.3 0.320485 0.320052 0.167979
0.302 0.323387 0.322933 0.149373
0.304 0.324564 0.32409 0.130864
0.306 0.32407 0.323576 0.112656
0.308 0.32197 0.321457 0.0949396
0.31 0.318338 0.317806 0.0779001
0.312 0.313258 0.31271 0.0617091
0.314 0.306823 0.306258 0.0465253
0.316 0.299132 0.298552 0.0324928
0.318 0.29029 0.289696 0.01974
0.32 0.280408 0.279801 0.00837811
0.322 0.269601 0.268982 -0.00149921
0.324 0.257987 0.257356 -0.00981692
0.326 0.245684 0.245044 -0.016519
0.328 0.232814 0.232165 -0.0215689
0.33 0.219496 0.218839 -0.0249495
0.332 0.205849 0.205186 -0.026663
0.334 0.191991 0.191322 -0.0267311
0.336 0.178034 0.17736 -0.0251939
0.338 0.164088 0.16341 -0.0221099
0.34 0.150258 0.149576 -0.0175549
0.342 0.136641 0.135957 -0.0116211
0.344 0.123331 0.122644 -0.00441584
0.346 0.110413 0.109723 0.00393938
0.348 0.0979639 0.0972725 0.0133104
0.35 0.0860539 0.0853607 0.0235521
0.352 0.074744 0.0740491 0.0345095
0.354 0.0640867 0.06339 0.0460201
0.356 0.0541253 0.0534267 0.057915
0.358 0.0448941 0.0441933 0.0700211
0.36 0.0364182 0.0357147 0.0821628
0.362 0.0287135 0.028007 0.094164
0.364 0.0217869 0.0210768 0.105849
0.366 0.0156366 0.0149222 0.117047
0.368 0.0102521 0.00953269 0.12759
0.37 0.00561465 0.00488955 0.137318
0.372 0.00169794 0.000966299 0.146077
0.374 -0.0015318 -0.00227082 0.153725
0.376 -0.00411506 -0.00486232 0.160131
0.378 -0.00609846 -0.00685482 0.165175
0.38 -0.00753414 -0.00830046 0.168752
0.382 -0.00847905 -0.00925617 0.170772
0.384 -0.00899425 -0.00978297 0.171159
0.386 -0.00914413 -0.00994521 0.169856
0.388 -0.00899568 -0.00980979 0.166821
0.39 -0.00861765 -0.00944541 0.162031
0.392 -0.00807982 -0.00892174 0.155481
0.394 -0.00745219 -0.00830867 0.147182
0.396 -0.00680418 -0.00767551 0.137165
0.398 -0.00620388 -0.00709024 0.125477
0.4 -0.00571734 -0.00661875 0.112182
0.402 -0.00540782 -0.00632415 0.0973638
0.404 -0.00533512 -0.00626609 0.081118
0.406 -0.00555497 -0.00650013 0.0635573
0.408 -0.00611841 -0.00707715 0.0448077
0.41 -0.00707128 -0.00804282 0.0250085
0.412 -0.00845375 -0.00943713 0.00430993
0.414 -0.0102999 -0.0112939 -0.0171272
0.416 -0.0126372 -0.0136407 -0.0391335
0.418 -0.0154867 -0.0164981 -0.0615325
0.42 -0.0188622 -0.0198798 -0.0841421
0.422 -0.0227704 -0.0237925 -0.106776
0.424 -0.0272111 -0.0282356 -0.129247
0.426 -0.0321765 -0.0332014 -0.151365
0.428 -0.0376521 -0.0386751 -0.172943
0.43 -0.043616 -0.0446347 -0.193795
0.432 -0.0500398 -0.0510518 -0.213743
0.434 -0.0568886 -0.0578912 -0.23261
0.436 -0.064121 -0.0651116 -0.25023
0.438 -0.0716901 -0.072666 -0.266446
0.44 -0.0795437 -0.080502 -0.281111
0.442 -0.0876244 -0.0885623 -0.294088
0.444 -0.0958709 -0.0967856 -0.305255
0.446 -0.104218 -0.105107 -0.314503
0.448 -0.112597 -0.113457 -0.32174
0.45 -0.120938 -0.121766 -0.326887
0.452 -0.129167 -0.129962 -0.329883
0.454 -0.137212 -0.13797 -0.330685
0.456 -0.144999 -0.145717 -0.329266
0.458 -0.152453 -0.153129 -0.325616
0.46 -0.159502 -0.160135 -0.319747
0.462 -0.166076 -0.166663 -0.311684
0.464 -0.172106 -0.172645 -0.301474
0.466 -0.177526 -0.178016 -0.289178
0.468 -0.182276 -0.182715 -0.274877
0.47 -0.186297 -0.186685 -0.258666
0.472 -0.189538 -0.189873 -0.240658
0.474 -0.191953 -0.192234 -0.220979
0.476 -0.193499 -0.193726 -0.19977
0.478 -0.194143 -0.194316 -0.177185
0.48 -0.193856 -0.193976 -0.153389
0.482 -0.192619 -0.192685 -0.128558
0.484 -0.190417 -0.190431 -0.102877
0.486 -0.187246 -0.187208 -0.076538
0.488 -0.183105 -0.183017 -0.0497391
0.49 -0.178006 -0.177869 -0.0226836
0.492 -0.171965 -0.171781 0.00442289
0.494 -0.165006 -0.164778 0.0313733
0.496 -0.157163 -0.156891 0.0579612
0.498 -0.148473 -0.148162 0.0839821
0.5 -0.138984 -0.138635 0.109235
0.502 -0.128747 -0.128365 0.133526
0.504 -0.117823 -0.11741 0.156665
0.506 -0.106276 -0.105835 0.178473
0.508 -0.0941753 -0.0937107 0.198782
0.51 -0.0815963 -0.0811113 0.217431
0.512 -0.0686173 -0.0681158 0.234277
0.514 -0.0553207 -0.0548065 0.249189
0.516 -0.0417913 -0.0412682 0.262049
0.518 -0.028116 -0.027588 0.272759
0.52 -0.0143834 -0.0138542 0.281235
0.522 -0.0006823 -0.000155954 0.287413
0.524 0.0128982 0.0134179 0.291246
0.526 0.02627 0.0267794 0.292707
0.528 0.0393464 0.0398418 0.291787
0.53 0.0520429 0.0525209 0.288498
0.532 0.064278 0.0647352 0.282869
0.534 0.0759737 0.0764068 0.274949
0.536 0.087056 0.0874622 0.264808
0.538 0.0974558 0.0978323 0.252531
0.54 0.107109 0.107454 0.238224
0.542 0.115958 0.116268 0.222006
0.544 0.123951 0.124225 0.204015
0.546 0.131043 0.131278 0.184404
0.548 0.137194 0.137389 0.163338
0.55 0.142374 0.142529 0.140994
0.552 0.14656 0.146673 0.117563
0.554 0.149735 0.149806 0.0932433
0.556 0.15189 0.151919 0.0682411
0.558 0.153025 0.153012 0.0427696
0.56 0.153147 0.153092 0.0170463
0.562 0.152269 0.152173 -0.00870847
0.564 0.150413 0.150277 -0.0342732
0.566 0.147608 0.147433 -0.0594271
0.568 0.143889 0.143677 -0.0839521
0.57 0.139298 0.139051 -0.107634
0.572 0.133883 0.133603 -0.130265
0.574 0.127698 0.127388 -0.151646
0.576 0.120802 0.120463 -0.171584
0.578 0.113259 0.112894 -0.189901
0.58 0.105135 0.104748 -0.206428
0.582 0.0965027 0.096096 -0.221012
0.584 0.0874363 0.0870132 -0.233515
0.586 0.0780123 0.0775761 -0.243814
0.588 0.0683092 0.0678632 -0.251805
0.59 0.0584066 0.0579541 -0.2574
0.592 0.0483844 0.0479289 -0.260533
0.594 0.0383226 0.0378674 -0.261156
0.596 0.0283002 0.0278487 -0.259241
0.598 0.018395 0.0179505 -0.254782
0.6 0.00868261 0.00824835 -0.247793
0.602 -0.000763872 -0.00118483 -0.238308
0.604 -0.00987451 -0.0102792 -0.226383
0.606 -0.0185831 -0.0189687 -0.212094
0.608 -0.0268274 -0.0271914 -0.195537
0.61 -0.0345502 -0.03489 -0.176827
0.612 -0.041699 -0.0420124 -0.156098
0.614 -0.0482268 -0.0485119 -0.133501
0.616 -0.0540925 -0.0543476 -0.109204
0.618 -0.0592608 -0.0594845 -0.0833899
0.62 -0.0637031 -0.063894 -0.0562564
0.622 -0.0673967 -0.067554 -0.0280129
0.624 -0.0703259 -0.070449 0.00111994
0.626 -0.0724815 -0.07257 0.0309123
0.628 -0.0738608 -0.0739148 0.061127
0.63 -0.0744682 -0.0744877 0.0915211
0.632 -0.074314 -0.0742997 0.121848
0.634 -0.0734152 -0.073368 0.15186
0.636 -0.0717951 -0.071716 0.181309
0.638 -0.0694827 -0.0693731 0.209948
0.64 -0.0665125 -0.0663741 0.237538
0.642 -0.0629245 -0.0627591 0.263843
0.644 -0.0587635 -0.0585732 0.288636
0.646 -0.0540786 -0.0538658 0.311702
0.648 -0.048923 -0.0486901 0.332835
0.65 -0.0433532 -0.0431029 0.351845
0.652 -0.0374288 -0.0371639 0.368558
0.654 -0.0312116 -0.0309351 0.382814
0.656 -0.0247653 -0.0244802 0.394476
0.658 -0.0181548 -0.0178642 0.403421
0.66 -0.0114455 -0.0111526 0.409553
0.662 -0.00470314 -0.00441104 0.412793
0.664 0.00200745 0.00229551 0.413086
0.666 0.00862235 0.00890325 0.410402
0.668 0.0150794 0.01535 0.404731
0.67 0.0213187 0.0215761 0.396089
0.672 0.027283 0.0275242 0.384515
0.674 0.0329185 0.0331407 0.370073
0.676 0.0381748 0.0383755 0.352847
0.678 0.043006 0.0431826 0.332947
0.68 0.0473703 0.0475207 0.310502
0.682 0.0512309 0.0513531 0.285662
0.684 0.0545563 0.0546483 0.258599
0.686 0.05732 0.0573804 0.2295
0.688 0.0595014 0.0595287 0.198571
0.69 0.0610851 0.0610785 0.166033
0.692 0.062062 0.0620205 0.13212
0.694 0.0624283 0.0623516 0.0970777
0.696 0.0621862 0.062074 0.0611613
0.698 0.0613436 0.061196 0.0246341
0.7 0.0599138 0.0597311 -0.0122351
0.702 0.0579156 0.0576986 -0.0491742
0.704 0.0553729 0.0551224 -0.0859096
0.706 0.0523146 0.0520318 -0.122169
0.708 0.048774 0.0484603 -0.157682
0.71 0.0447888 0.044446 -0.192185
0.712 0.0404005 0.0400305 -0.225421
0.714 0.0356543 0.0352592 -0.257142
0.716 0.0305981 0.0301802 -0.287112
0.718 0.0252826 0.0248445 -0.315106
0.72 0.0197606 0.019305 -0.340918
0.722 0.0140865 0.0136162 -0.364355
0.724 0.00831591 0.00783379 -0.385243
0.726 0.00250499 0.0020141 -0.403429
0.728 -0.00328992 -0.00378647 -0.418779
0.73 -0.00901283 -0.00951191 -0.431182
0.732 -0.0146086 -0.0151071 -0.440549
0.734 -0.0200235 -0.0205182 -0.446815
0.736 -0.0252055 -0.0256933 -0.449937
0.738 -0.030105 -0.0305828 -0.4499
0.74 -0.0346748 -0.0351397 -0.446709
0.742 -0.0388711 -0.0393201 -0.440398
0.744 -0.0426534 -0.0430838 -0.431021
0.746 -0.045985 -0.0463942 -0.418658
0.748 -0.0488335 -0.049219 -0.403412
0.75 -0.0511708 -0.0515304 -0.385408
0.752 -0.0529735 -0.053305 -0.364793
0.754 -0.0542229 -0.0545245 -0.341732
0.756 -0.0549055 -0.0551757 -0.31641
0.758 -0.055013 -0.0552503 -0.289031
0.76 -0.0545422 -0.0547455 -0.259812
0.762 -0.053495 -0.0536634 -0.228986
0.764 -0.0518789 -0.0520118 -0.196797
0.766 -0.0497062 -0.0498032 -0.163499
0.768 -0.0469946 -0.0470556 -0.129354
0.77 -0.0437665 -0.0437918 -0.0946301
0.772 -0.0400492 -0.0400391 -0.0595995
0.774 -0.0358744 -0.0358297 -0.0245349
0.776 -0.0312782 -0.0311998 0.0102915
0.778 -0.0263006 -0.0261897 0.0446105
0.78 -0.0209852 -0.0208431 0.0781586
0.782 -0.0153789 -0.0152073 0.11068
0.784 -0.00953129 -0.00933205 0.141927
0.786 -0.00349468 -0.00326975 0.171665
0.788 0.00267684 0.00292529 0.199674
0.79 0.0089276 0.00919728 0.225747
0.792 0.0152009 0.0154894 0.249697
0.794 0.0214394 0.0217442 0.271352
0.796 0.0275858 0.0279042 0.290563
0.798 0.0335833 0.0339127 0.307202
0.8 0.0393757 0.0397134 0.321162
0.802 0.0449085 0.0452518 0.332359
0.804 0.050129 0.0504752 0.340736
0.806 0.0549869 0.0553333 0.346254
0.808 0.0594345 0.0597786 0.348905
0.81 0.0634274 0.0637666 0.3487
0.812 0.0669249 0.0672568 0.345676
0.814 0.06989 0.0702123 0.339894
0.816 0.07229 0.0726006 0.331437
0.818 0.074097 0.0743938 0.32041
0.82 0.0752875 0.0755687 0.30694
0.822 0.0758433 0.0761072 0.291171
0.824 0.0757512 0.0759964 0.273268
0.826 0.0750033 0.0752286 0.253411
0.828 0.073597 0.0738014 0.231797
0.83 0.0715353 0.0717179 0.208634
0.832 0.0688263 0.0689867 0.184142
0.834 0.0654836 0.0656213 0.158551
0.836 0.0615258 0.0616408 0.132097
0.838 0.0569768 0.0570693 0.105022
0.84 0.0518653 0.0519355 0.0775705
0.842 0.0462245 0.0462731 0.0499877
0.844 0.0400921 0.0401199 0.0225177
0.846 0.0335099 0.0335179 -0.00459883
0.848 0.0265236 0.026513 -0.031127
0.85 0.0191821 0.0191543 -0.0568393
0.852 0.0115374 0.011494 -0.0815177
0.854 0.00364417 0.00358684 -0.104956
0.856 -0.0044407 -0.00451011 -0.126959
0.858 -0.0126586 -0.0127381 -0.147349
0.86 -0.0209495 -0.0210371 -0.165962
0.862 -0.0292526 -0.0293461 -0.182651
0.864 -0.0375067 -0.0376039 -0.197291
0.866 -0.0456505 -0.0457492 -0.209771
0.868 -0.0536235 -0.0537214 -0.220004
0.87 -0.0613659 -0.0614608 -0.227923
0.872 -0.0688194 -0.0689091 -0.233481
0.874 -0.0759278 -0.0760101 -0.236653
0.876 -0.0826369 -0.0827097 -0.237435
0.878 -0.0888952 -0.0889566 -0.235845
0.88 -0.0946546 -0.0947027 -0.231922
0.882 -0.0998702 -0.0999032 -0.225725
0.884 -0.104501 -0.104517 -0.217332
0.886 -0.10851 -0.108508 -0.206841
0.888 -0.111864 -0.111843 -0.194368
0.89 -0.114536 -0.114495 -0.180044
0.892 -0.116503 -0.11644 -0.164017
0.894 -0.117746 -0.117662 -0.146448
0.896 -0.118253 -0.118146 -0.127513
0.898 -0.118016 -0.117886 -0.107394
0.9 -0.117032 -0.11688 -0.0862872
0.902 -0.115306 -0.115131 -0.0643922
0.904 -0.112845 -0.112648 -0.0419159
0.906 -0.109663 -0.109445 -0.0190681
0.908 -0.105779 -0.105541 0.00393941
0.91 -0.101217 -0.100961 0.0268955
0.912 -0.0960075 -0.0957338 0.0495912
0.914 -0.090183 -0.0898934 0.0718216
0.916 -0.0837822 -0.0834785 0.0933876
0.918 -0.0768478 -0.0765321 0.114098
0.92 -0.0694264 -0.0691007 0.133771
0.922 -0.061568 -0.0612347 0.152235
0.924 -0.0533262 -0.0529878 0.169333
0.926 -0.0447572 -0.0444162 0.184918
0.928 -0.0359199 -0.035579 0.198861
0.93 -0.026875 -0.026537 0.211049
0.932 -0.0176851 -0.0173527 0.221385
0.934 -0.00841364 -0.00808975 0.229789
0.936 0.000875009 0.00118754 0.236201
0.938 0.0101163 0.0104146 0.240579
0.94 0.019246 0.0195272 0.242898
0.942 0.0282005 0.0284618 0.243156
0.944 0.0369172 0.037156 0.241366
0.946 0.0453355 0.0455491 0.237561
0.948 0.0533964 0.0535823 0.231793
0.95 0.0610437 0.0611994 0.22413
0.952 0.0682238 0.0683472 0.214657
0.954 0.0748867 0.0749756 0.203474
0.956 0.0809857 0.0810382 0.190698
0.958 0.0864782 0.0864926 0.176456
0.96 0.0913257 0.0913005 0.160889
0.962 0.0954944 0.0954283 0.144149
0.964 0.0989552 0.0988472 0.126396
0.966 0.101684 0.101533 0.107798
0.968 0.103661 0.103467 0.0885286
0.97 0.104874 0.104636 0.0687655
0.972 0.105313 0.105031 0.0486895
0.974 0.104976 0.10465 0.0284819
0.976 0.103864 0.103495 0.00832304
0.978 0.101987 0.101575 -0.0116092
0.98 0.0993556 0.0989021 -0.031141
0.982 0.0959896 0.0954954 -0.0501044
0.984 0.0919121 0.0913786 -0.0683387
0.986 0.0871515 0.0865803 -0.0856919
0.988 0.0817411 0.0811338 -0.102022
0.99 0.0757184 0.0750771 -0.117197
0.992 0.0691255 0.0684524 -0.1311
0.994 0.0620084 0.0613057 -0.143624
0.996 0.0544167 0.0536869 -0.154679
0.998 0.0464034 0.0456491 -0.164187
