    2.9901890325e+02    7.7549821434e+02   -1.4380906818e+05    7.3938752575e-03    1.1676161420e-03   -4.6151489614e-03   -1.9977703437e-03    3.0648502847e-03   -3.7892185096e-04    2.5275192079e+02    2.5350613012e+02    1.0000000000e+02
    2.9712853940e+02    7.7059560194e+02   -1.4380659333e+05    5.0470960538e-03   -2.2358954745e-03   -2.5794244327e-03    3.1374735088e-03   -4.2782297252e-03   -5.1083676411e-04    2.5288726779e+02    2.5358167909e+02    1.0000000000e+02
    3.0142160293e+02    7.8172955722e+02   -1.4380533300e+05   -1.7124904645e-03   -3.2609954012e-03    1.8262221426e-03    4.3393457565e-04    3.2663397986e-04   -4.0384245272e-04    2.5297441557e+02    2.5345478251e+02    1.0000000000e+02
    2.9990444531e+02    7.7779484603e+02   -1.4381643674e+05   -3.4107339009e-03   -4.4807029433e-04   -1.3287462899e-03   -4.6517903551e-04    1.0684374910e-03   -3.3288764510e-04    2.5303233353e+02    2.5341858436e+02    1.0000000000e+02
    2.9776302707e+02    7.7224113018e+02   -1.4380305168e+05   -3.8462097760e-03   -5.7850877234e-03   -4.4369410669e-03    5.6299983688e-04    8.7702350464e-04    4.3137269405e-04    2.5298870666e+02    2.5343200267e+02    1.0000000000e+02
    3.0156466785e+02    7.8210059260e+02   -1.4380659262e+05   -2.8046171482e-03    3.7104032698e-03    2.5778052252e-03    2.5581786887e-03   -3.7177285141e-03    4.8446605239e-04    2.5303261009e+02    2.5337203069e+02    1.0000000000e+02
    2.9812887220e+02    7.7318994058e+02   -1.4380511529e+05   -5.9380965356e-04    7.5606034531e-03    2.4258260571e-04    1.0767501765e-03    2.7340711847e-03   -1.1446548398e-03    2.5301399215e+02    2.5336736248e+02    1.0000000000e+02
    2.9927796469e+02    7.7617008385e+02   -1.4379870394e+05   -3.3098140252e-03    2.2284427360e-03   -5.5758238278e-03    4.7938504474e-03   -4.6539837868e-03   -2.3522465580e-04    2.5300753196e+02    2.5350200094e+02    1.0000000000e+02
    2.9862939975e+02    7.7448804654e+02   -1.4380995234e+05   -2.4495954616e-03    2.3769199310e-03   -4.9070540318e-04   -2.8010662283e-03    6.1739938941e-04    1.2941414317e-03    2.5305212103e+02    2.5355856392e+02    1.0000000000e+02
    2.9767169446e+02    7.7200426128e+02   -1.4380159537e+05   -4.5898178939e-03   -7.8674806836e-04    1.6476678026e-03    2.2408266107e-03    1.6754758009e-03   -7.5858509208e-04    2.5303459203e+02    2.5352019131e+02    1.0000000000e+02
    3.0004913398e+02    7.7817009256e+02   -1.4380601124e+05   -9.2994421640e-04   -2.8985777518e-03   -6.3719653012e-03   -1.2994989972e-03   -4.8327648629e-04    9.3355999746e-05    2.5295002563e+02    2.5357473696e+02    1.0000000000e+02
    2.9766792148e+02    7.7199447615e+02   -1.4380670773e+05    1.7453364909e-03   -1.3981221960e-03    2.0617254282e-03   -4.1614970849e-04   -2.0184841683e-03   -4.4766466859e-04    2.5293981469e+02    2.5346811880e+02    1.0000000000e+02
    2.9942221642e+02    7.7654419720e+02   -1.4381266831e+05    4.6986857209e-03    1.0350397928e-03    4.2747891446e-04    4.0856501869e-03    2.4994673884e-03   -9.4155317246e-05    2.5288233896e+02    2.5349171385e+02    1.0000000000e+02
    3.0034779071e+02    7.7894465148e+02   -1.4380629232e+05   -1.0535719025e-03   -2.8430003329e-03   -4.2513796567e-03   -2.1887110570e-03   -2.5570262834e-03    7.8623850829e-04    2.5291952638e+02    2.5342460421e+02    1.0000000000e+02
    2.9949810419e+02    7.7674101026e+02   -1.4380450702e+05   -1.7647542423e-03    3.6835614841e-03   -3.0769480701e-03   -3.0714279641e-03    2.4157584157e-03   -1.3175483069e-03    2.5295366356e+02    2.5344079955e+02    1.0000000000e+02
    2.9972774136e+02    7.7733656866e+02   -1.4379046172e+05   -1.2105639156e-03   -1.4575289236e-04    3.9268407144e-04    4.0951743377e-04   -9.5855932919e-04   -1.9057479742e-04    2.5302534278e+02    2.5357556371e+02    1.0000000000e+02
    2.9877431569e+02    7.7486388250e+02   -1.4380512445e+05   -4.2068171805e-03    2.9964574795e-05    4.5417753328e-04   -2.0795017460e-03    4.1443733082e-03    4.7640285763e-05    2.5307377178e+02    2.5360929377e+02    1.0000000000e+02
    3.0162904329e+02    7.8226754872e+02   -1.4380717582e+05   -7.6191435626e-04    2.2828279513e-03    2.0452314757e-03   -8.7043276250e-04   -2.9280375043e-04    1.3524719862e-03    2.5301161240e+02    2.5351792326e+02    1.0000000000e+02
    2.9778743152e+02    7.7230442253e+02   -1.4381054392e+05   -4.8832754818e-04   -1.8144125363e-03   -2.6275424512e-03    3.8371511551e-04    1.5626446678e-03    3.4333242384e-04    2.5290304642e+02    2.5358821053e+02    1.0000000000e+02
    3.0043635330e+02    7.7917433641e+02   -1.4380015698e+05   -4.0583236959e-03    3.7570790239e-03    6.9287504036e-04    1.4164861229e-03   -3.7849310947e-03    1.8716517857e-04    2.5309364835e+02    2.5345760308e+02    1.0000000000e+02
    3.0057400674e+02    7.7953133722e+02   -1.4380052873e+05   -3.5378101753e-04   -1.2770856666e-03    2.4079962726e-03   -2.8616041016e-03    2.5400812268e-03   -8.0278916187e-04    2.5296904810e+02    2.5351627756e+02    1.0000000000e+02
    2.9858179043e+02    7.7436457295e+02   -1.4380818611e+05    6.0914611517e-03    6.3873819813e-03    6.0325539296e-03    1.7827140759e-03   -3.7074703369e-03    1.6104255046e-03    2.5287189806e+02    2.5338079171e+02    1.0000000000e+02
    2.9955763705e+02    7.7689540730e+02   -1.4380739358e+05   -3.4202054398e-04    2.5263557663e-03   -4.3401127129e-03   -3.4560815729e-05   -2.3741869649e-03   -4.7632423705e-04    2.5289498069e+02    2.5340690381e+02    1.0000000000e+02
    2.9796625131e+02    7.7276818728e+02   -1.4380600262e+05    2.3043805246e-03    5.2339927255e-03   -9.3588765366e-04   -1.1451938263e-03    3.5362913008e-03   -4.1160095084e-05    2.5292901152e+02    2.5340259160e+02    1.0000000000e+02
    2.9972397938e+02    7.7732681204e+02   -1.4380599583e+05    2.4120577664e-03    3.6186886017e-03   -1.4603259916e-03    2.4452919654e-03   -5.2823298227e-05    1.3565282393e-04    2.5290997134e+02    2.5352526756e+02    1.0000000000e+02
    3.0036501976e+02    7.7898933460e+02   -1.4379860049e+05    1.5936715447e-06    2.1869463040e-03    7.2003895296e-04    1.0667461660e-03   -4.1149872257e-03    8.2619650947e-04    2.5299109043e+02    2.5356632886e+02    1.0000000000e+02
    3.0097205881e+02    7.8056367554e+02   -1.4380643570e+05   -2.2472374229e-03    4.4372335319e-03    5.6512034737e-03   -1.9141838234e-03    1.5907188288e-03    3.1627891135e-04    2.5301504379e+02    2.5352118581e+02    1.0000000000e+02
    2.9761173613e+02    7.7184876083e+02   -1.4380739936e+05   -1.3635957437e-03   -1.1083954117e-03   -3.0187456654e-03    1.6136787976e-05   -3.8886006623e-03   -4.6188863314e-04    2.5297513518e+02    2.5363734384e+02    1.0000000000e+02
    2.9895905460e+02    7.7534299833e+02   -1.4380076868e+05    4.3669139483e-04    1.3281560352e-04    1.5608909979e-03    1.0356946784e-03    3.7849426527e-03   -1.0113801915e-03    2.5298961802e+02    2.5356246742e+02    1.0000000000e+02
    2.9847603502e+02    7.7409029886e+02   -1.4380795560e+05    1.4111035209e-04    2.5558877636e-03    8.6040087735e-04   -2.3825303896e-03    9.3335368978e-05    9.7957648704e-04    2.5292957567e+02    2.5359000256e+02    1.0000000000e+02
    2.9846007498e+02    7.7404890689e+02   -1.4379727554e+05   -2.8984929351e-03   -1.6737891429e-03    3.2602161876e-05    2.1621274883e-03   -4.1494659065e-03    1.0280138594e-03    2.5301059739e+02    2.5350783394e+02    1.0000000000e+02
    3.0186176555e+02    7.8287110821e+02   -1.4380410177e+05   -2.6635142852e-03    5.5108103192e-03    2.0651309561e-03   -8.9453409771e-04    1.1684562885e-03   -8.6775583316e-05    2.5303095062e+02    2.5345451240e+02    1.0000000000e+02
    2.9978218109e+02    7.7747775678e+02   -1.4380813735e+05   -3.2909260761e-03    1.8736155404e-03   -1.8061855922e-03    1.4831593751e-03   -1.8856775504e-03   -8.1849390312e-05    2.5305254444e+02    2.5351981064e+02    1.0000000000e+02
    2.9794383059e+02    7.7271003969e+02   -1.4380322873e+05   -4.5343200455e-03    5.1252086471e-03   -4.3255174595e-04    1.2501477160e-04   -5.2034860074e-04    1.0060035759e-04    2.5307347712e+02    2.5346269391e+02    1.0000000000e+02
    3.0045691485e+02    7.7922766229e+02   -1.4380888462e+05   -4.3158301358e-03    3.9977355797e-03    2.8016827419e-03   -1.4920237883e-03    2.0916977229e-03    1.0267022912e-03    2.5306355311e+02    2.5352154364e+02    1.0000000000e+02
    2.9951160110e+02    7.7677601419e+02   -1.4380272977e+05   -6.5711211518e-03    6.2113515453e-05   -5.4130477917e-03    3.6946078757e-03    4.8620457893e-04    7.7090089257e-04    2.5303151381e+02    2.5351414846e+02    1.0000000000e+02
    3.0116670653e+02    7.8106848964e+02   -1.4379853834e+05   -1.5739537289e-03    3.7349758607e-03   -1.7582543912e-03   -2.2885753274e-03   -2.5229538107e-03    2.1780989871e-04    2.5301622196e+02    2.5354999627e+02    1.0000000000e+02
    3.0185010666e+02    7.8284087118e+02   -1.4380237947e+05   -7.2087803445e-03   -1.9416378990e-03    2.2451629032e-04   -7.0507158829e-04   -2.5363066909e-04   -1.0407705382e-03    2.5310120659e+02    2.5361724660e+02    1.0000000000e+02
    3.0060708168e+02    7.7961711629e+02   -1.4380118878e+05   -2.2000297383e-03    1.9971534410e-03    8.7613821426e-04   -1.0052094834e-03    2.4374324559e-03    1.2843824310e-03    2.5303083219e+02    2.5352950261e+02    1.0000000000e+02
    2.9944931389e+02    7.7661447383e+02   -1.4380533924e+05    2.7986711423e-04    2.3102491875e-03    2.9379057424e-03    2.0315313516e-03    3.0713933767e-04    3.3858231942e-04    2.5293284208e+02    2.5351219077e+02    1.0000000000e+02
    2.9729389220e+02    7.7102444036e+02   -1.4380517724e+05   -5.1659538239e-04    7.2704764723e-04   -1.9936679844e-05   -5.7037281872e-04   -2.7680281068e-03    3.6155801532e-04    2.5298851583e+02    2.5352918931e+02    1.0000000000e+02
    3.0112937942e+02    7.8097168270e+02   -1.4380450104e+05    8.6277386137e-04    8.5083340109e-03   -1.4474564910e-03   -3.6680524175e-03    1.5080837085e-04   -4.2238583948e-04    2.5298525868e+02    2.5341234590e+02    1.0000000000e+02
    3.0087336727e+02    7.8030772144e+02   -1.4380758080e+05    7.7261165932e-04    6.0260557132e-03    2.5312167737e-03    3.8081764986e-03    1.3553718039e-03    9.8192580801e-04    2.5298818478e+02    2.5342440528e+02    1.0000000000e+02
    2.9809093174e+02    7.7309154294e+02   -1.4380703163e+05   -2.6631536130e-03    2.5113638455e-03    1.1618667620e-03   -1.4187023964e-03   -2.8259958723e-03    3.7205671075e-04    2.5302003870e+02    2.5354686861e+02    1.0000000000e+02
    3.0133855690e+02    7.8151417938e+02   -1.4381117361e+05   -3.2316585003e-03   -3.2094213222e-03   -1.9185156712e-03   -8.8674310931e-04    4.7168752824e-03    8.8604438651e-04    2.5297041094e+02    2.5363917785e+02    1.0000000000e+02
    3.0151226005e+02    7.8196467424e+02   -1.4380664437e+05    8.5751112803e-04   -4.3792498296e-03   -3.4502035549e-03   -1.2916182533e-03   -6.0781623787e-03   -5.9034207638e-04    2.5289884377e+02    2.5369837088e+02    1.0000000000e+02
    2.9846731494e+02    7.7406768355e+02   -1.4380726801e+05    1.9215441618e-03   -3.1762334115e-03    4.5654903503e-03    3.6533948966e-03    1.7887606634e-03   -2.7690143399e-04    2.5292193600e+02    2.5374214391e+02    1.0000000000e+02
    3.0174628609e+02    7.8257161507e+02   -1.4380398597e+05    7.2841435099e-04   -5.6342484960e-03   -8.8752862295e-04   -3.2064417610e-03   -1.0276114687e-03    1.3020933190e-04    2.5287627272e+02    2.5371053820e+02    1.0000000000e+02
    2.9883981502e+02    7.7503375341e+02   -1.4380162158e+05   -1.6429935049e-03   -4.2329349806e-03   -2.2480693601e-04   -7.0750506114e-04   -2.4974113500e-04    3.5893564960e-04    2.5292855990e+02    2.5368395410e+02    1.0000000000e+02
    2.9986866161e+02    7.7770204188e+02   -1.4380153003e+05   -7.4328370459e-04   -2.1624000126e-03   -3.8820129336e-03    4.2357042026e-04   -7.3459409785e-04   -2.3280921392e-04    2.5295240485e+02    2.5361354752e+02    1.0000000000e+02
    3.0010109024e+02    7.7830483985e+02   -1.4380816065e+05   -2.3685125667e-03    1.5553831480e-03   -1.9467066028e-03   -2.6677053094e-03    2.2325717524e-03   -6.3085854552e-04    2.5301837432e+02    2.5355471497e+02    1.0000000000e+02
    2.9978111272e+02    7.7747498598e+02   -1.4380358952e+05   -2.3776061488e-03    2.5651869325e-03   -7.1034651162e-04    5.5542209641e-03   -1.7686974966e-03    5.7401791257e-04    2.5302791406e+02    2.5351477640e+02    1.0000000000e+02
    2.9993230010e+02    7.7786708675e+02   -1.4380680320e+05   -4.3578272639e-03   -1.8839025597e-03   -5.4118518129e-03   -4.3451305150e-03    2.3259893403e-03    9.1810098053e-04    2.5298269729e+02    2.5357458912e+02    1.0000000000e+02
    3.0253622025e+02    7.8462029000e+02   -1.4380946230e+05    1.6432949179e-04    2.6422095972e-03   -1.4115354969e-03   -1.6057618678e-04   -4.6599052837e-03    2.3881029158e-04    2.5295471741e+02    2.5354391112e+02    1.0000000000e+02
    3.0083714965e+02    7.8021379192e+02   -1.4380904722e+05   -2.2520459769e-03   -1.1812476814e-03   -3.7225747628e-03   -1.8894353590e-03    6.0062738620e-05    1.6694012026e-04    2.5297016480e+02    2.5361309695e+02    1.0000000000e+02
    2.9783571971e+02    7.7242965676e+02   -1.4380852420e+05   -1.6143594757e-03    1.5182451732e-03    2.0901348800e-03   -2.8157117407e-03    1.7470598216e-03   -7.8484795176e-04    2.5298743211e+02    2.5365003381e+02    1.0000000000e+02
    2.9873458521e+02    7.7476084246e+02   -1.4381487016e+05    1.4366193877e-03   -4.4329941365e-03    3.4295292722e-04    7.5351194718e-05    1.2574848408e-03    1.6178314157e-03    2.5292884631e+02    2.5366546125e+02    1.0000000000e+02
    2.9760733804e+02    7.7183735449e+02   -1.4381041333e+05    3.7273683346e-03   -2.8361939694e-03    1.5311924802e-03   -1.4126867630e-03    5.7570386860e-04   -4.5486306650e-04    2.5284657126e+02    2.5373361127e+02    1.0000000000e+02
    3.0066633198e+02    7.7977078049e+02   -1.4380017018e+05    1.0008139264e-03   -1.8223691664e-03    4.1077260159e-03   -3.3031198679e-04   -1.1330147100e-03    3.6039612637e-04    2.5298534525e+02    2.5368258459e+02    1.0000000000e+02
    2.9827516803e+02    7.7356935524e+02   -1.4380688493e+05   -1.9735333292e-03    8.3581736029e-04   -4.5118882558e-03    2.4492193325e-03    6.8864280128e-04    2.2342226200e-04    2.5296413705e+02    2.5358932746e+02    1.0000000000e+02
    3.0326806254e+02    7.8651830507e+02   -1.4380498202e+05   -1.9553917088e-03   -2.6332154757e-03   -2.8450998273e-03   -1.4085133106e-03    1.8192270992e-03    9.7278023898e-04    2.5298777122e+02    2.5364892637e+02    1.0000000000e+02
    3.0009111269e+02    7.7827896332e+02   -1.4380527207e+05    1.5910935145e-03    2.6354888730e-03    3.0255818681e-03   -4.9731058066e-04    4.1267396269e-04    1.1224009226e-04    2.5290147449e+02    2.5358043687e+02    1.0000000000e+02
    2.9916745459e+02    7.7588347861e+02   -1.4380121336e+05   -1.1527210630e-03    9.0199107109e-04    1.8570063037e-03   -1.1344318855e-03   -1.2578979368e-03    6.3504094808e-04    2.5300387902e+02    2.5363063941e+02    1.0000000000e+02
    3.0058653948e+02    7.7956384059e+02   -1.4381179442e+05   -3.5190085666e-03    1.0618169619e-03   -1.2953697384e-03    5.0248335412e-03    6.3436693359e-04   -2.3851759872e-04    2.5301318999e+02    2.5359310818e+02    1.0000000000e+02
    3.0332300007e+02    7.8666078422e+02   -1.4380145511e+05   -5.5540308809e-03    2.1888648562e-04    1.1051339932e-03   -1.7733198521e-03    7.5911927681e-04    2.8658832074e-04    2.5309918311e+02    2.5363029746e+02    1.0000000000e+02
    2.9895298319e+02    7.7532725230e+02   -1.4380458545e+05   -2.2570355333e-04    1.2210804368e-03    2.5480741966e-03    1.2935077987e-03   -1.6328026033e-03    1.2371328022e-03    2.5302541174e+02    2.5352876806e+02    1.0000000000e+02
    3.0092166586e+02    7.8043298267e+02   -1.4380760605e+05   -3.4699360572e-03    1.2178549909e-03   -1.7627304481e-03   -1.5073259213e-03    2.5540848597e-03    8.2475336128e-04    2.5300716772e+02    2.5360195343e+02    1.0000000000e+02
    2.9738770962e+02    7.7126775354e+02   -1.4380895934e+05   -4.8329616324e-04   -5.1653597626e-03   -2.6306217313e-03    1.2676919527e-03   -2.6292513656e-04   -1.0848616698e-03    2.5297783208e+02    2.5369819755e+02    1.0000000000e+02
    3.0129577459e+02    7.8140322450e+02   -1.4380065911e+05   -3.7696655231e-03   -6.1929288804e-04   -1.3682203679e-05    4.5510087609e-03   -1.7752386934e-03   -2.1494182381e-04    2.5305768009e+02    2.5362804280e+02    1.0000000000e+02
    3.0081917377e+02    7.8016717193e+02   -1.4380170679e+05   -2.8917462786e-03    2.4977160060e-03    8.4445022008e-04   -2.5872039154e-03   -2.0327799899e-03    5.7027753915e-04    2.5302152311e+02    2.5356933803e+02    1.0000000000e+02
    2.9894056886e+02    7.7529505601e+02   -1.4380683452e+05   -4.5092540139e-03   -3.8688148757e-03   -5.0346145288e-03    2.2616541837e-04    1.6678395650e-03    1.4573681761e-03    2.5297577348e+02    2.5359863178e+02    1.0000000000e+02
    2.9826206301e+02    7.7353536770e+02   -1.4381129301e+05    2.2678300395e-03   -1.4509248080e-03    7.3394600850e-04    2.9173451900e-04   -7.9859281285e-04   -6.2294953226e-04    2.5294395753e+02    2.5366416830e+02    1.0000000000e+02
    3.0357437067e+02    7.8731270772e+02   -1.4380465981e+05   -4.5569323435e-04    2.0679402421e-03    6.7163945259e-04    2.1096335046e-03    1.9758772922e-03   -1.0304619497e-04    2.5295396014e+02    2.5358387683e+02    1.0000000000e+02
    2.9757842202e+02    7.7176236151e+02   -1.4380873401e+05    5.3033141191e-03    7.1246361229e-04    2.2893458476e-03   -6.3108292645e-03   -4.0741865540e-04   -5.2026202790e-04    2.5286958894e+02    2.5363856290e+02    1.0000000000e+02
    2.9901657893e+02    7.7549218629e+02   -1.4380494600e+05    7.2878945224e-05    1.9994970134e-04    1.1337810129e-03    2.4087179421e-03   -2.5192602754e-03    6.8425289345e-04    2.5293400118e+02    2.5363280762e+02    1.0000000000e+02
    3.0027140001e+02    7.7874653407e+02   -1.4380024600e+05    1.6767275465e-03    4.6139730751e-03    1.6132107300e-03   -1.1782403756e-03   -1.6612848000e-04    1.4290800552e-03    2.5294999879e+02    2.5351360731e+02    1.0000000000e+02
    3.0067862434e+02    7.7980266042e+02   -1.4380933577e+05    1.3938735446e-04    5.8326156184e-03    2.0127410505e-03   -2.4045107491e-04   -5.8343825098e-04    3.3853768083e-04    2.5296624221e+02    2.5355409445e+02    1.0000000000e+02
    3.0103314768e+02    7.8072210804e+02   -1.4380343636e+05   -4.4640726393e-04    1.2583111366e-04    1.2843239671e-03    1.8732718236e-03    7.8840176406e-04    1.3220140074e-04    2.5296058224e+02    2.5366369232e+02    1.0000000000e+02
    2.9833487314e+02    7.7372419899e+02   -1.4380251281e+05   -1.1623973686e-03    1.3745820916e-03   -1.1141940561e-04   -3.2496781410e-05    7.0149303961e-04    1.1128676250e-03    2.5295283628e+02    2.5361790477e+02    1.0000000000e+02
    3.0209423685e+02    7.8347401684e+02   -1.4379946092e+05   -5.1813771395e-04   -6.8616148324e-04    4.5080295384e-03   -5.7322874829e-04    1.3125484936e-03    2.9790652303e-04    2.5296413115e+02    2.5363845876e+02    1.0000000000e+02
    2.9877759035e+02    7.7487237524e+02   -1.4381349055e+05    9.6994636190e-04   -1.4187871652e-03    1.5490023701e-04    5.6439492749e-04   -1.7221629721e-04    1.3606867723e-05    2.5295503587e+02    2.5365073094e+02    1.0000000000e+02
    2.9992662129e+02    7.7785235890e+02   -1.4379162038e+05    1.5581186521e-03   -8.7216878307e-04   -9.3862017938e-04    3.4894148287e-03    5.8065988129e-04   -1.0577794514e-04    2.5294092191e+02    2.5365140518e+02    1.0000000000e+02
    2.9788675228e+02    7.7256200848e+02   -1.4381045425e+05    6.7535760510e-04    7.8563692433e-05    3.3752287476e-04   -1.7717770603e-03    4.5924449398e-04   -2.2833549846e-04    2.5295089664e+02    2.5362863656e+02    1.0000000000e+02
    2.9724639077e+02    7.7090124656e+02   -1.4381715035e+05    1.8034352611e-03   -5.9073438000e-05   -5.5781216529e-03    1.2619322066e-03    1.7738774849e-03    9.4004538801e-04    2.5289677027e+02    2.5358543242e+02    1.0000000000e+02
    2.9902844592e+02    7.7552296303e+02   -1.4381207574e+05    2.6938417978e-03   -1.1850172594e-03   -1.4642120519e-03    1.3612765869e-03    1.0142755840e-03    8.9114880095e-04    2.5287301255e+02    2.5361336742e+02    1.0000000000e+02
    3.0132559100e+02    7.8148055262e+02   -1.4380760208e+05    1.3025986837e-03    3.5764252798e-03    1.2340965414e-03   -2.1138205145e-03   -1.4979262775e-03   -1.3059876118e-04    2.5294961604e+02    2.5360124595e+02    1.0000000000e+02
    3.0237233265e+02    7.8419525150e+02   -1.4380019604e+05   -2.2149510845e-03   -1.3492018293e-03   -2.5380113256e-03    2.3021500635e-03    2.1734256913e-03    1.1030796585e-04    2.5300833422e+02    2.5363260516e+02    1.0000000000e+02
    3.0279490044e+02    7.8529117075e+02   -1.4380995017e+05   -8.1602410074e-03    1.3173030639e-03   -3.5764365783e-03   -5.6313083474e-04   -3.8613546719e-03   -5.8422460004e-05    2.5309352127e+02    2.5354548777e+02    1.0000000000e+02
    2.9835105703e+02    7.7376617150e+02   -1.4380623478e+05   -2.0534041326e-03    1.0550760992e-03   -1.8835433048e-03    3.4353942020e-03    7.1190677975e-04    7.5102161760e-04    2.5302883840e+02    2.5355967630e+02    1.0000000000e+02
    2.9683059924e+02    7.6982290141e+02   -1.4380590813e+05   -3.6025505301e-03    1.9349220388e-03   -1.2554700904e-03   -8.4740230996e-05    1.9412208616e-03   -1.3434576364e-04    2.5299613247e+02    2.5358118111e+02    1.0000000000e+02
    3.0154650523e+02    7.8205348827e+02   -1.4380845818e+05   -2.6062554411e-04    1.2523583458e-03   -4.1990215482e-03   -9.2635438421e-04   -3.2506398829e-03   -2.2077636423e-04    2.5298930824e+02    2.5357313103e+02    1.0000000000e+02
    3.0083271558e+02    7.8020229229e+02   -1.4381344772e+05   -1.0354801394e-03    1.8815667386e-03    1.4446171456e-03    4.2378342862e-03   -8.0289865705e-04   -1.2313064634e-03    2.5295982304e+02    2.5359659284e+02    1.0000000000e+02
    3.0183469942e+02    7.8280091288e+02   -1.4379968685e+05    2.2629634953e-04    2.1436761400e-04   -1.2708900182e-03   -4.0573388235e-03    3.1641274332e-04    4.4785624401e-04    2.5296396234e+02    2.5359067824e+02    1.0000000000e+02
    2.9702963706e+02    7.7033910112e+02   -1.4380386728e+05    2.1816011964e-03    8.3487887362e-04    3.3801823930e-03    1.4451705411e-03    3.6457526949e-04    6.3701855551e-05    2.5290613652e+02    2.5365749840e+02    1.0000000000e+02
    2.9763673737e+02    7.7191360094e+02   -1.4380434796e+05    6.2264293572e-03    3.0320594366e-04    2.1385600214e-04   -1.5078623872e-03    2.9908534030e-03   -7.8691132507e-04    2.5280965150e+02    2.5363836192e+02    1.0000000000e+02
    3.0072182955e+02    7.7991471208e+02   -1.4380059577e+05    6.0150873558e-03    6.7081176097e-03    5.1978179648e-03    2.1299423931e-03   -8.1735137375e-04    1.9388449630e-04    2.5285748698e+02    2.5357586929e+02    1.0000000000e+02
    3.0340069023e+02    7.8686227175e+02   -1.4379665089e+05   -5.3203488146e-04   -1.5957934205e-03   -1.2767333684e-03   -1.7984767294e-03    2.1659724009e-03   -1.8004538372e-04    2.5292286020e+02    2.5363818562e+02    1.0000000000e+02
    3.0138585264e+02    7.8163683971e+02   -1.4380070794e+05    2.7740692433e-03    4.1266752604e-03    2.5362938895e-03   -1.5646299461e-03   -2.8292447221e-03   -4.3400728279e-04    2.5288389840e+02    2.5358513288e+02    1.0000000000e+02
    2.9850821477e+02    7.7417375627e+02   -1.4379996508e+05   -6.6433080515e-04   -1.6247257012e-03    2.6076599974e-03    3.4899086053e-03   -1.1917690739e-03    1.3925859570e-03    2.5300128835e+02    2.5363866823e+02    1.0000000000e+02
    3.0034246503e+02    7.7893083946e+02   -1.4380587366e+05    9.1229964071e-04    2.5811337020e-03    3.5154653736e-03   -2.9580420578e-04    2.8591228682e-03   -5.9213396731e-04    2.5298125703e+02    2.5362642944e+02    1.0000000000e+02
