-0.998 0.339763 -0.21328
-0.996 0.286185 -0.153889
-0.994 0.15108 -0.0928061
-0.992 -0.0334971 -0.0347925
-0.99 -0.225522 0.0155636
-0.988 -0.381754 0.0541502
-0.986 -0.466423 0.0778146
-0.984 -0.458166 0.0849395
-0.982 -0.353916 0.0759513
-0.98 -0.169125 0.0535824
-0.978 0.0655749 0.0227374
-0.976 0.310463 -0.0101034
-0.974 0.524266 -0.0378957
-0.972 0.671644 -0.0542942
-0.97 0.729201 -0.0549175
-0.968 0.688996 -0.0383298
-0.966 0.559074 -0.00649009
-0.964 0.361139 0.0354841
-0.962 0.126044 0.080246
-0.96 -0.111884 0.119692
-0.958 -0.320517 0.146682
-0.956 -0.474574 0.156632
-0.954 -0.558522 0.148603
-0.952 -0.567446 0.125593
-0.95 -0.506057 0.0939164
-0.948 -0.386365 0.061761
-0.946 -0.224729 0.037197
-0.944 -0.0390375 0.026086
-0.942 0.15344 0.030372
-0.94 0.337245 0.0471937
-0.938 0.499025 0.0691047
-0.936 0.627251 0.0854593
-0.934 0.711844 0.0847577
-0.932 0.744155 0.0575078
-0.93 0.717607 -0.00100826
-0.928 0.62901 -0.0887134
-0.926 0.480295 -0.196012
-0.924 0.280138 -0.306675
-0.922 0.0448815 -0.400318
-0.92 -0.201815 -0.456101
-0.918 -0.4309 -0.456973
-0.916 -0.61141 -0.393616
-0.914 -0.715075 -0.267241
-0.912 -0.72127 -0.0905322
-0.91 -0.621377 0.113602
-0.908 -0.421556 0.315408
-0.906 -0.143205 0.483288
-0.904 0.179232 0.589547
-0.902 0.502954 0.615799
-0.9 0.783259 0.556924
-0.898 0.980696 0.42272
-0.896 1.06759 0.236762
-0.894 1.03269 0.0325581
-0.892 0.883044 -0.15241
-0.89 0.642661 -0.283681
-0.888 0.348196 -0.336542
-0.886 0.0424709 -0.301142
-0.884 -0.232933 -0.184936
-0.882 -0.444585 -0.0118435
-0.88 -0.572305 0.181835
-0.878 -0.6115 0.3541
-0.876 -0.572385 0.465313
-0.874 -0.476371 0.486123
-0.872 -0.350481 0.4037
-0.87 -0.221075 0.224992
-0.868 -0.108275 -0.0237389
-0.866 -0.0223176 -0.301151
-0.864 0.0374283 -0.558133
-0.862 0.0806105 -0.746898
-0.86 0.121746 -0.830159
-0.858 0.174829 -0.788618
-0.856 0.248049 -0.62529
-0.854 0.339993 -0.365715
-0.852 0.43834 -0.053908
-0.85 0.521558 0.255308
-0.848 0.563339 0.506232
-0.846 0.538927 0.652652
-0.844 0.431915 0.666689
-0.842 0.239947 0.544439
-0.84 -0.0221356 0.307255
-0.838 -0.322658 -0.00163623
-0.836 -0.617249 -0.324672
-0.834 -0.856171 -0.600291
-0.832 -0.993543 -0.77421
-0.83 -0.996681 -0.809552
-0.828 -0.853602 -0.693935
-0.826 -0.577059 -0.442167
-0.824 -0.204047 -0.0940028
-0.822 0.209381 0.292683
-0.82 0.597225 0.652075
-0.818 0.894983 0.922126
-0.816 1.05131 1.05566
-0.814 1.03769 1.02886
-0.812 0.8541 0.845544
-0.81 0.52965 0.53657
-0.808 0.117802 0.154321
-0.806 -0.312918 -0.236579
-0.804 -0.691047 -0.570694
-0.802 -0.954886 -0.793261
-0.8 -1.06337 -0.86966
-0.798 -1.00307 -0.791192
-0.796 -0.790011 -0.576165
-0.794 -0.466001 -0.266171
-0.792 -0.0902749 0.0817127
-0.79 0.271912 0.405322
-0.788 0.561441 0.648502
-0.786 0.735886 0.770888
-0.784 0.776433 0.754636
-0.782 0.689919 0.606981
-0.78 0.505736 0.358239
-0.778 0.268376 0.055752
-0.776 0.0273013 -0.245043
-0.774 -0.173703 -0.490718
-0.772 -0.305429 -0.639283
-0.77 -0.358552 -0.667251
-0.768 -0.344287 -0.573155
-0.766 -0.290318 -0.376987
-0.764 -0.232992 -0.115809
-0.762 -0.207525 0.163542
-0.76 -0.238477 0.413217
-0.758 -0.332639 0.592937
-0.756 -0.476032 0.676824
-0.754 -0.635799 0.657299
-0.752 -0.766755 0.545431
-0.75 -0.821296 0.367827
-0.748 -0.760653 0.160775
-0.746 -0.565069 -0.0371449
-0.744 -0.240641 -0.192525
-0.742 0.178819 -0.283261
-0.74 0.635591 -0.302223
-0.738 1.05707 -0.25786
-0.736 1.36841 -0.171723
-0.734 1.50658 -0.0734775
-0.732 1.43287 0.00554523
-0.73 1.14171 0.0389716
-0.728 0.663557 0.0108766
-0.726 0.0614321 -0.0809064
-0.724 -0.578696 -0.224271
-0.722 -1.16189 -0.395177
-0.72 -1.60018 -0.562348
-0.718 -1.82752 -0.693396
-0.716 -1.811 -0.761154
-0.714 -1.55635 -0.749006
-0.712 -1.10667 -0.654175
-0.71 -0.534608 -0.488352
-0.708 0.0703453 -0.275567
-0.706 0.617276 -0.0477077
-0.704 1.02901 0.161431
-0.702 1.25436 0.322431
-0.7 1.27526 0.415657
-0.698 1.10779 0.434753
-0.696 0.796941 0.387582
-0.694 0.406622 0.294415
-0.692 0.00676088 0.183742
-0.69 -0.33975 0.0865082
-0.688 -0.587824 0.02989
-0.686 -0.7167 0.0318105
-0.684 -0.731151 0.0972607
-0.682 -0.657482 0.217143
-0.68 -0.535405 0.369877
-0.678 -0.407719 0.525481
-0.676 -0.310084 0.651362
-0.674 -0.263069 0.718728
-0.672 -0.268117 0.708398
-0.67 -0.308196 0.614893
-0.668 -0.352874 0.447984
-0.666 -0.366618 0.231359
-0.664 -0.318438 -0.00140612
-0.662 -0.190695 -0.212874
-0.66 0.0149028 -0.368676
-0.658 0.27552 -0.44405
-0.656 0.550137 -0.428745
-0.654 0.786727 -0.329341
-0.652 0.932293 -0.168463
-0.65 0.943771 0.0190217
-0.648 0.797577 0.192189
-0.646 0.49586 0.311563
-0.644 0.0680861 0.346575
-0.642 -0.43244 0.281629
-0.64 -0.936592 0.11963
-0.638 -1.37052 -0.117737
-0.636 -1.6678 -0.393102
-0.634 -1.78047 -0.659423
-0.632 -1.68689 -0.867918
-0.63 -1.39508 -0.976569
-0.628 -0.941181 -0.9577
-0.626 -0.383159 -0.803286
-0.624 0.208663 -0.527029
-0.622 0.762683 -0.162757
-0.62 1.21661 0.240618
-0.618 1.5258 0.626801
-0.616 1.66801 0.941164
-0.614 1.64419 1.13963
-0.612 1.47538 1.19586
-0.61 1.19686 1.10552
-0.608 0.850847 0.886901
-0.606 0.47936 0.577733
-0.604 0.118547 0.22883
-0.602 -0.204622 -0.10442
-0.6 -0.47306 -0.371225
-0.598 -0.678022 -0.533657
-0.596 -0.816173 -0.572625
-0.594 -0.886376 -0.49055
-0.592 -0.887273 -0.310315
-0.59 -0.81643 -0.0707097
-0.588 -0.671328 0.180786
-0.586 -0.451927 0.396593
-0.584 -0.16405 0.537463
-0.582 0.177503 0.579267
-0.58 0.547188 0.516952
-0.578 0.909186 0.365005
-0.576 1.2205 0.15438
-0.574 1.43647 -0.0734982
-0.572 1.51789 -0.27456
-0.57 1.43849 -0.410288
-0.568 1.19121 -0.454809
-0.566 0.791991 -0.399574
-0.564 0.279873 -0.254806
-0.562 -0.286803 -0.047436
-0.56 -0.837858 0.184053
-0.558 -1.30126 0.396935
-0.556 -1.61404 0.552344
-0.554 -1.73223 0.622658
-0.552 -1.63816 0.596804
-0.55 -1.3436 0.482474
-0.548 -0.888359 0.304818
-0.546 -0.334378 0.101822
-0.544 0.243713 -0.082817
-0.542 0.76989 -0.208006
-0.54 1.17806 -0.24326
-0.538 1.42152 -0.174889
-0.536 1.47896 -0.00920451
-0.534 1.35624 0.227891
-0.532 1.08372 0.494917
-0.53 0.709857 0.741761
-0.528 0.29243 0.918356
-0.526 -0.111078 0.983561
-0.524 -0.452103 0.912689
-0.522 -0.69728 0.702329
-0.52 -0.831464 0.371603
-0.518 -0.857274 -0.0403956
-0.516 -0.791611 -0.480558
-0.514 -0.660123 -0.890095
-0.512 -0.490926 -1.21384
-0.51 -0.308929 -1.40891
-0.508 -0.131844 -1.45133
-0.506 0.0314332 -1.33951
-0.504 0.179986 -1.09402
-0.502 0.318013 -0.753873
-0.5 0.450826 -0.369953
-0.498 0.580782 0.00318584
-0.496 0.704238 0.315779
-0.494 0.810326 0.530131
-0.492 0.88194 0.625594
-0.49 0.898812 0.600545
-0.488 0.842052 0.471224
-0.486 0.699188 0.267844
-0.484 0.468577 0.0288085
-0.482 0.162143 -0.20585
-0.48 -0.194293 -0.400665
-0.478 -0.563376 -0.529589
-0.476 -0.900991 -0.578826
-0.474 -1.16273 -0.547422
-0.472 -1.31092 -0.445751
-0.47 -1.32101 -0.292432
-0.468 -1.1861 -0.110406
-0.466 -0.918868 0.0770421
-0.464 -0.550353 0.249616
-0.462 -0.125879 0.392208
-0.46 0.301332 0.495796
-0.458 0.677777 0.557113
-0.456 0.957273 0.577444
-0.454 1.10734 0.560981
-0.452 1.11333 0.513233
-0.45 0.979793 0.439815
-0.448 0.728838 0.345851
-0.446 0.396086 0.235937
-0.444 0.0248367 0.114536
-0.442 -0.340419 -0.0135077
-0.44 -0.660071 -0.142594
-0.438 -0.904122 -0.266339
-0.436 -1.05494 -0.377982
-0.434 -1.1078 -0.471134
-0.432 -1.06944 -0.540687
-0.43 -0.955078 -0.58362
-0.428 -0.784744 -0.599465
-0.426 -0.579629 -0.590278
-0.424 -0.359217 -0.560096
-0.422 -0.139612 -0.513994
-0.42 0.0668158 -0.456992
-0.418 0.250673 -0.39311
-0.416 0.40413 -0.324834
-0.414 0.519479 -0.2532
-0.412 0.58825 -0.178482
-0.41 0.601305 -0.101356
-0.408 0.550074 -0.0241758
-0.406 0.428758 0.0480346
-0.404 0.237021 0.107279
-0.402 -0.017507 0.143256
-0.4 -0.317634 0.145045
-0.398 -0.63656 0.103571
-0.396 -0.939739 0.0143965
-0.394 -1.18864 -0.119804
-0.392 -1.34604 -0.287763
-0.39 -1.38196 -0.469646
-0.388 -1.27939 -0.638892
-0.386 -1.03858 -0.765745
-0.384 -0.678964 -0.822042
-0.382 -0.238168 -0.786462
-0.38 0.231983 -0.649258
-0.378 0.672119 -0.415495
-0.376 1.02362 -0.106
-0.374 1.23728 0.244395
-0.372 1.28099 0.591247
-0.37 1.145 0.88695
-0.368 0.84395 1.08821
-0.366 0.415201 1.16324
-0.364 -0.0864137 1.0974
-0.362 -0.596531 0.896125
-0.36 -1.0507 0.584591
-0.358 -1.39379 0.203987
-0.356 -1.58783 -0.194921
-0.354 -1.61708 -0.559888
-0.352 -1.48946 -0.845485
-0.35 -1.23431 -1.02011
-0.348 -0.896834 -1.07043
-0.346 -0.530383 -1.00253
-0.344 -0.187783 -0.839578
-0.342 0.0866866 -0.616457
-0.34 0.263458 -0.372628
-0.338 0.331034 -0.144486
-0.336 0.296183 0.0411947
-0.334 0.18113 0.171452
-0.332 0.0184411 0.248193
-0.33 -0.155369 0.285963
-0.328 -0.306346 0.306994
-0.326 -0.408596 0.334625
-0.324 -0.447961 0.386573
-0.322 -0.423382 0.469556
-0.32 -0.345948 0.576508
-0.318 -0.235996 0.687087
-0.316 -0.118946 0.771493
-0.314 -0.0206711 0.796905
-0.312 0.0367785 0.73523
-0.31 0.0384649 0.570563
-0.308 -0.0215345 0.304709
-0.306 -0.139722 -0.0405375
-0.304 -0.304142 -0.425047
-0.302 -0.49639 -0.795883
-0.3 -0.694275 -1.09584
-0.298 -0.874728 -1.27351
-0.296 -1.01661 -1.293
-0.294 -1.10316 -1.14146
-0.292 -1.12389 -0.832879
-0.29 -1.07588 -0.407203
-0.288 -0.964248 0.0751259
-0.286 -0.801923 0.542545
-0.284 -0.608521 0.924016
-0.282 -0.408382 1.16094
-0.28 -0.227826 1.2172
-0.278 -0.091796 1.08554
-0.276 -0.0202455 0.788967
-0.274 -0.0247366 0.377005
-0.272 -0.105839 -0.0827744
-0.27 -0.251906 -0.516317
-0.268 -0.439673 -0.855797
-0.266 -0.636869 -1.05117
-0.264 -0.806687 -1.07853
-0.262 -0.913551 -0.943715
-0.26 -0.929308 -0.680622
-0.258 -0.838766 -0.344476
-0.256 -0.64346 -0.00134376
-0.254 -0.36277 0.284173
-0.252 -0.0318938 0.460784
-0.25 0.30321 0.499697
-0.248 0.593228 0.399416
-0.246 0.793973 0.18525
-0.244 0.874377 -0.0963915
-0.242 0.822378 -0.387834
-0.24 0.647404 -0.632224
-0.238 0.378796 -0.785513
-0.236 0.0602785 -0.825943
-0.234 -0.258541 -0.759088
-0.232 -0.532002 -0.617261
-0.23 -0.727549 -0.453238
-0.228 -0.832237 -0.329285
-0.226 -0.855098 -0.303514
-0.224 -0.824638 -0.41618
-0.222 -0.781819 -0.678681
-0.22 -0.769808 -1.06766
-0.218 -0.822636 -1.52577
-0.216 -0.955248 -1.96935
-0.214 -1.15733 -2.30217
-0.212 -1.39265 -2.43287
-0.21 -1.60451 -2.2933
-0.208 -1.72666 -1.85399
-0.206 -1.69781 -1.134
-0.204 -1.47677 -0.202672
-0.202 -1.05493 0.82765
-0.2 -0.463333 1.81706
-0.198 0.228032 2.61965
-0.196 0.918986 3.10753
-0.194 1.49507 3.19329
-0.192 1.84791 2.8467
-0.19 1.89627 2.10244
-0.188 1.60368 1.05699
-0.186 0.988954 -0.145104
-0.184 0.127008 -1.33372
-0.182 -0.860673 -2.34065
-0.18 -1.82467 -3.02737
-0.178 -2.61227 -3.30812
-0.176 -3.09368 -3.1641
-0.174 -3.18493 -2.64606
-0.172 -2.86319 -1.86454
-0.17 -2.17139 -0.969582
-0.168 -1.21114 -0.123308
-0.166 -0.12523 0.529441
-0.164 0.927024 0.887027
-0.162 1.79695 0.908549
-0.16 2.371 0.619605
-0.158 2.58787 0.105081
-0.156 2.44524 -0.509699
-0.154 1.99499 -1.08585
-0.152 1.32847 -1.50045
-0.15 0.555156 -1.67285
-0.148 -0.22044 -1.5821
-0.146 -0.918613 -1.27187
-0.144 -1.49672 -0.841374
-0.142 -1.95143 -0.423923
-0.14 -2.31081 -0.157114
-0.138 -2.61847 -0.150808
-0.136 -2.91388 -0.459587
-0.134 -3.21403 -1.06582
-0.132 -3.5014 -1.87754
-0.13 -3.72185 -2.74243
-0.128 -3.79375 -3.47598
-0.126 -3.62719 -3.89871
-0.124 -3.14921 -3.87531
-0.122 -2.32944 -3.34768
-0.12 -1.19987 -2.35447
-0.118 0.137034 -1.03245
-0.116 1.51501 0.401972
-0.114 2.72621 1.68868
-0.112 3.55573 2.571
-0.11 3.8226 2.8456
-0.108 3.41929 2.40539
-0.106 2.34136 1.26662
-0.104 0.700236 -0.426055
-0.102 -1.28494 -2.4186
-0.1 -3.31678 -4.38851
-0.098 -5.06633 -6.00071
-0.096 -6.2292 -6.9685
-0.094 -6.58131 -7.1082
-0.092 -6.02336 -6.37677
-0.09 -4.60516 -4.88459
-0.088 -2.5241 -2.88004
-0.086 -0.0968549 -0.70785
-0.084 2.29161 1.25178
-0.082 4.25289 2.65227
-0.08 5.46232 3.24506
-0.078 5.71601 2.92709
-0.076 4.96681 1.76176
-0.074 3.33241 -0.0307747
-0.072 1.07354 -2.11294
-0.07 -1.45355 -4.09151
-0.068 -3.86172 -5.59046
-0.066 -5.80229 -6.32113
-0.064 -7.02596 -6.13644
-0.062 -7.4237 -5.05858
-0.06 -7.03963 -3.27463
-0.058 -6.05373 -1.10069
-0.056 -4.73775 1.07878
-0.054 -3.39373 2.88481
-0.052 -2.2875 4.01662
-0.05 -1.59126 4.30884
-0.048 -1.34722 3.76185
-0.046 -1.46018 2.5393
-0.044 -1.72105 0.932972
-0.042 -1.85672 -0.697874
-0.04 -1.5962 -2.00075
-0.038 -0.739319 -2.70266
-0.036 0.786983 -2.6666
-0.034 2.89735 -1.91973
-0.032 5.34985 -0.647125
-0.03 7.78255 0.848636
-0.028 9.77915 2.21432
-0.026 10.9519 3.12624
-0.024 11.0259 3.36743
-0.022 9.90725 2.88566
-0.02 7.72188 1.81956
-0.018 4.8136 0.486217
-0.016 1.70146 -0.668796
-0.014 -0.998982 -1.1509
-0.012 -2.67732 -0.511248
-0.01 -2.83547 1.56069
-0.008 -1.18131 5.16422
-0.006 2.30864 10.1489
-0.004 7.36997 16.119
-0.002 13.4794 22.4823
0 19.9283 28.5357
0.002 25.9296 33.5734
0.004 30.7381 36.9992
0.006 33.7655 38.4216
0.008 34.6679 37.7146
0.01 33.3931 35.0348
0.012 30.1782 30.7895
0.014 25.5012 25.5648
0.016 19.995 20.0263
0.018 14.3408 14.8097
0.02 9.15969 10.4228
0.022 4.92115 7.17435
0.024 1.88369 5.14104
0.026 0.0760271 4.17814
0.028 -0.679966 3.96875
0.03 -0.711183 4.10174
0.032 -0.412915 4.16198
0.034 -0.162725 3.81556
0.036 -0.245445 2.87331
0.038 -0.803273 1.32136
0.04 -1.81937 -0.686201
0.042 -3.13632 -2.86948
0.044 -4.50375 -4.89004
0.046 -5.6439 -6.42863
0.048 -6.32056 -7.25718
0.05 -6.39668 -7.2902
0.052 -5.86886 -6.60544
0.054 -4.87157 -5.42964
0.056 -3.65075 -4.09258
0.058 -2.51252 -2.95897
0.06 -1.75783 -2.35204
0.062 -1.61691 -2.48457
0.064 -2.1971 -3.41144
0.066 -3.45498 -5.01337
0.068 -5.19869 -7.01553
0.07 -7.12026 -9.03746
0.072 -8.85168 -10.6648
0.074 -10.0339 -11.5289
0.076 -10.3856 -11.3795
0.078 -9.7581 -10.1355
0.08 -8.1666 -7.90558
0.082 -5.79122 -4.9733
0.084 -2.94807 -1.75034
0.086 -0.0358121 1.29387
0.088 2.53225 3.71284
0.09 4.39786 5.15942
0.092 5.31659 5.44376
0.094 5.19531 4.56292
0.096 4.10229 2.6971
0.098 2.24918 0.174121
0.1 -0.0507932 -2.59061
0.102 -2.43977 -5.16711
0.104 -4.57634 -7.18328
0.106 -6.18961 -8.38394
0.108 -7.11707 -8.66642
0.11 -7.32057 -8.0875
0.112 -6.87917 -6.8419
0.114 -5.96204 -5.21794
0.116 -4.78812 -3.5394
0.118 -3.58139 -2.1054
0.12 -2.53044 -1.1391
0.122 -1.75995 -0.754343
0.124 -1.3182 -0.944957
0.126 -1.18159 -1.59742
0.128 -1.27329 -2.52266
0.13 -1.49056 -3.4996
0.132 -1.73399 -4.32137
0.134 -1.93174 -4.83486
0.136 -2.05393 -4.96637
0.138 -2.11449 -4.7294
0.14 -2.16094 -4.21399
0.142 -2.25554 -3.56115
0.144 -2.45264 -2.92849
0.146 -2.77823 -2.45456
0.148 -3.21677 -2.22928
0.15 -3.7086 -2.27632
0.152 -4.15899 -2.55055
0.154 -4.45674 -2.95026
0.156 -4.49857 -3.34137
0.158 -4.21374 -3.5879
0.16 -3.58347 -3.58251
0.162 -2.65063 -3.27059
0.164 -1.51722 -2.66341
0.166 -0.329797 -1.8376
0.168 0.744626 -0.921676
0.17 1.54752 -0.0721103
0.172 1.95707 0.555887
0.174 1.91022 0.837451
0.176 1.41425 0.701409
0.178 0.545771 0.143739
0.18 -0.562621 -0.771112
0.182 -1.74531 -1.92097
0.184 -2.83186 -3.14645
0.186 -3.67522 -4.27734
0.188 -4.17454 -5.15997
0.19 -4.28901 -5.68083
0.192 -4.0403 -5.78264
0.194 -3.50398 -5.47036
0.196 -2.79202 -4.80699
0.198 -2.03029 -3.90033
0.2 -1.33544 -2.88353
0.202 -0.795761 -1.89322
0.204 -0.459045 -1.04892
0.206 -0.329424 -0.436936
0.208 -0.372825 -0.100957
0.21 -0.529226 -0.0402793
0.212 -0.728617 -0.215018
0.214 -0.907044 -0.556781
0.216 -1.01944 -0.982439
0.218 -1.04686 -1.40842
0.22 -0.997076 -1.7632
0.222 -0.899139 -1.99628
0.224 -0.793503 -2.08265
0.226 -0.72041 -2.02278
0.228 -0.709249 -1.83876
0.23 -0.771249 -1.56772
0.232 -0.896991 -1.25407
0.234 -1.05903 -0.941943
0.236 -1.21881 -0.668947
0.238 -1.33608 -0.461981
0.24 -1.3786 -0.335436
0.242 -1.32992 -0.291568
0.244 -1.1935 -0.322605
0.246 -0.992324 -0.413897
0.248 -0.764165 -0.54742
0.25 -0.553656 -0.705003
0.252 -0.402879 -0.87082
0.254 -0.342568 -1.03289
0.256 -0.385767 -1.18355
0.258 -0.525213 -1.31898
0.26 -0.734856 -1.43807
0.262 -0.975083 -1.54091
0.264 -1.20043 -1.62727
0.266 -1.36813 -1.69538
0.268 -1.44579 -1.74123
0.27 -1.41673 -1.75865
0.272 -1.28207 -1.74005
0.274 -1.05946 -1.67791
0.276 -0.778912 -1.56663
0.278 -0.476743 -1.40453
0.28 -0.18906 -1.19548
0.282 0.0539974 -0.949842
0.284 0.232189 -0.684382
0.286 0.336788 -0.421043
0.288 0.369879 -0.184551
0.29 0.34187 0.000794884
0.292 0.268042 0.114723
0.294 0.165051 0.144364
0.296 0.0481664 0.0867959
0.298 -0.0702876 -0.0497887
0.3 -0.181205 -0.246605
0.302 -0.277975 -0.476555
0.304 -0.355302 -0.707981
0.306 -0.408175 -0.909344
0.308 -0.431518 -1.05404
0.31 -0.420757 -1.12454
0.312 -0.373231 -1.11502
0.314 -0.29003 -1.03207
0.316 -0.177645 -0.893241
0.318 -0.0487465 -0.72364
0.32 0.0784155 -0.551278
0.322 0.182203 -0.401952
0.324 0.241166 -0.294677
0.326 0.238395 -0.238499
0.328 0.165769 -0.231335
0.33 0.0270953 -0.261014
0.332 -0.160715 -0.308327
0.334 -0.368975 -0.351431
0.336 -0.561088 -0.370737
0.338 -0.69846 -0.353255
0.34 -0.747484 -0.295518
0.342 -0.686322 -0.204456
0.344 -0.510121 -0.0960478
0.346 -0.233544 0.00799798
0.348 0.110093 0.0848574
0.35 0.473139 0.115551
0.352 0.80079 0.0892253
0.354 1.03998 0.00587075
0.356 1.14843 -0.123123
0.358 1.10221 -0.276707
0.36 0.900491 -0.427901
0.362 0.566436 -0.548796
0.364 0.144137 -0.615833
0.366 -0.308005 -0.614338
0.368 -0.726318 -0.541393
0.37 -1.05177 -0.406485
0.372 -1.23905 -0.229799
0.374 -1.26339 -0.0385005
0.376 -1.12383 0.138263
0.378 -0.842758 0.274664
0.38 -0.461646 0.352784
0.382 -0.0340129 0.365635
0.384 0.38316 0.31808
0.386 0.738043 0.225535
0.388 0.991161 0.110781
0.39 1.12008 -0.000463502
0.392 1.121 -0.0843333
0.394 1.00725 -0.123052
0.396 0.805257 -0.107854
0.398 0.54896 -0.0400967
0.4 0.273811 0.0695399
0.402 0.0114984 0.203534
0.404 -0.21377 0.341102
0.406 -0.386968 0.462135
0.408 -0.501944 0.550738
0.41 -0.55953 0.597702
0.412 -0.564756 0.601554
0.414 -0.52402 0.568085
0.416 -0.44295 0.508587
0.418 -0.325458 0.437264
0.42 -0.17416 0.368364
0.422 0.00806268 0.313621
0.424 0.215913 0.280421
0.426 0.439639 0.270974
0.428 0.663847 0.282502
0.43 0.867722 0.308292
0.432 1.02688 0.339318
0.434 1.11674 0.366051
0.436 1.11682 0.38011
0.438 1.0152 0.375498
0.44 0.812221 0.349273
0.442 0.522495 0.301672
0.444 0.174623 0.235785
0.446 -0.191556 0.156968
0.448 -0.529979 0.0721553
0.45 -0.794907 -0.0107944
0.452 -0.947981 -0.0836951
0.454 -0.964549 -0.138593
0.456 -0.838152 -0.168374
0.458 -0.582275 -0.167488
0.46 -0.228973 -0.132788
0.462 0.175527 -0.0644174
0.464 0.577549 0.0334435
0.466 0.923949 0.1522
0.468 1.17002 0.279085
0.47 1.28597 0.398181
0.472 1.26099 0.492274
0.474 1.10408 0.545372
0.476 0.841846 0.545568
0.478 0.513386 0.48776
0.48 0.163564 0.37567
0.482 -0.164317 0.222652
0.484 -0.435014 0.0509148
0.486 -0.625943 -0.110933
0.488 -0.729125 -0.231841
0.49 -0.750302 -0.283253
0.492 -0.705586 -0.244249
0.494 -0.6165 -0.106001
0.496 -0.504537 0.125351
0.498 -0.386443 0.428077
0.5 -0.271228 0.766825
0.502 -0.159487 1.09706
0.504 -0.0451164 1.37143
0.506 0.0810647 1.54701
0.508 0.226677 1.59239
0.51 0.393308 1.49326
0.512 0.573361 1.25546
0.514 0.749126 0.90498
0.516 0.894523 0.484635
0.518 0.979375 0.0479176
0.52 0.975483 -0.349035
0.522 0.863321 -0.65608
0.524 0.637941 -0.836862
0.526 0.312732 -0.874446
0.528 -0.0799865 -0.773812
0.53 -0.491983 -0.560758
0.532 -0.865502 -0.277398
0.534 -1.14209 0.0250085
0.536 -1.27236 0.294659
0.538 -1.22506 0.487773
0.54 -0.993519 0.575655
0.542 -0.598444 0.549038
0.544 -0.0861296 0.418994
0.546 0.477624 0.214286
0.548 1.01706 -0.0243306
0.55 1.45786 -0.251771
0.552 1.73861 -0.426873
0.554 1.82015 -0.519726
0.556 1.69157 -0.516768
0.558 1.37149 -0.422766
0.56 0.90484 -0.259364
0.562 0.355376 -0.0605104
0.564 -0.204342 0.134342
0.566 -0.704007 0.287977
0.568 -1.08563 0.37264
0.57 -1.31102 0.375389
0.572 -1.36561 0.300557
0.574 -1.25819 0.168858
0.576 -1.0171 0.0132846
0.578 -0.683658 -0.127435
0.58 -0.304563 -0.216615
0.582 0.0754818 -0.227145
0.584 0.41947 -0.147351
0.586 0.701347 0.0159662
0.588 0.906576 0.237959
0.59 1.0304 0.479626
0.592 1.07463 0.69455
0.594 1.04411 0.837294
0.596 0.943927 0.871966
0.598 0.778061 0.779384
0.6 0.549966 0.561506
0.602 0.264675 0.242249
0.604 -0.0682011 -0.135536
0.606 -0.431656 -0.516508
0.608 -0.799716 -0.841642
0.61 -1.13798 -1.05793
0.612 -1.40665 -1.12734
0.614 -1.56585 -1.03339
0.616 -1.58241 -0.784335
0.618 -1.43679 -0.412212
0.62 -1.12879 0.0320318
0.622 -0.680471 0.486567
0.624 -0.135521 0.888509
0.626 0.445342 1.1839
0.628 0.992382 1.33613
0.63 1.43708 1.33146
0.632 1.72285 1.18065
0.634 1.81436 0.916581
0.636 1.70359 0.588202
0.638 1.41153 0.252026
0.64 0.984948 -0.0374485
0.642 0.488845 -0.236685
0.644 -0.00427761 -0.319921
0.646 -0.426274 -0.282743
0.648 -0.724267 -0.141883
0.65 -0.868598 0.0686089
0.652 -0.856404 0.304059
0.654 -0.710242 0.51746
0.656 -0.472153 0.667861
0.658 -0.194414 0.727363
0.66 0.0711068 0.685506
0.662 0.282857 0.55035
0.664 0.416818 0.34616
0.666 0.46965 0.108218
0.668 0.457245 -0.124165
0.67 0.409135 -0.315106
0.672 0.360065 -0.438646
0.674 0.340635 -0.483112
0.676 0.369108 -0.452579
0.678 0.446237 -0.365239
0.68 0.554312 -0.249079
0.682 0.660734 -0.135747
0.684 0.725422 -0.0538573
0.686 0.710529 -0.0230159
0.688 0.590367 -0.0497665
0.69 0.359348 -0.126218
0.692 0.0360603 -0.231632
0.694 -0.337622 -0.336648
0.696 -0.702539 -0.409331
0.698 -0.992385 -0.421842
0.7 -1.14616 -0.356438
0.702 -1.12053 -0.209587
0.704 -0.89961 0.00660512
0.706 -0.500112 0.266002
0.708 0.0293439 0.5328
0.71 0.614905 0.76786
0.712 1.16909 0.935819
0.714 1.60535 1.01164
0.716 1.85288 0.985351
0.718 1.8691 0.864023
0.72 1.6474 0.670618
0.722 1.21859 0.439847
0.724 0.645911 0.211825
0.726 0.0144241 0.0246723
0.728 -0.583383 -0.0925121
0.73 -1.06299 -0.124993
0.732 -1.36157 -0.0750071
0.734 -1.44749 0.0388741
0.736 -1.32414 0.185537
0.738 -1.02738 0.327566
0.74 -0.617434 0.428745
0.742 -0.166884 0.461384
0.744 0.252854 0.412032
0.746 0.583928 0.284447
0.748 0.791073 0.0991911
0.75 0.865708 -0.110131
0.752 0.824569 -0.303323
0.754 0.703494 -0.441533
0.756 0.547854 -0.495155
0.758 0.401786 -0.450146
0.76 0.298533 -0.31147
0.762 0.25386 -0.102905
0.764 0.263839 0.136849
0.766 0.307306 0.361136
0.768 0.352296 0.524122
0.77 0.364917 0.589746
0.772 0.318611 0.53913
0.774 0.20169 0.374974
0.776 0.0214312 0.121999
0.778 -0.196249 -0.176786
0.78 -0.411525 -0.467422
0.782 -0.578847 -0.694677
0.784 -0.65687 -0.812312
0.786 -0.617995 -0.792046
0.788 -0.455476 -0.629484
0.79 -0.186487 -0.345823
0.792 0.149637 0.0150958
0.794 0.497765 0.393964
0.796 0.796808 0.726206
0.798 0.99113 0.95338
0.8 1.0413 1.03374
0.802 0.932068 0.949981
0.804 0.675872 0.712788
0.806 0.311272 0.359363
0.808 -0.103571 -0.052761
0.81 -0.501095 -0.455604
0.812 -0.816286 -0.78257
0.814 -0.998151 -0.980076
0.816 -1.01855 -1.0169
0.818 -0.876752 -0.889546
0.82 -0.599019 -0.622666
0.822 -0.233267 -0.264462
0.824 0.159932 0.122072
0.826 0.518306 0.470465
0.828 0.78866 0.722589
0.83 0.93547 0.838818
0.832 0.945807 0.804728
0.834 0.829854 0.633128
0.836 0.617195 0.361145
0.838 0.349834 0.0429447
0.84 0.0735208 -0.260495
0.842 -0.170812 -0.492638
0.844 -0.35383 -0.61158
0.846 -0.461583 -0.597341
0.848 -0.495786 -0.454952
0.85 -0.470852 -0.21289
0.852 -0.408593 0.0827672
0.854 -0.331967 0.377267
0.856 -0.259346 0.617472
0.858 -0.200599 0.761569
0.86 -0.155771 0.786401
0.862 -0.116539 0.691127
0.864 -0.0699457 0.496639
0.866 -0.00339479 0.240954
0.868 0.0903801 -0.0284217
0.87 0.209656 -0.263635
0.872 0.342333 -0.42538
0.874 0.46726 -0.489881
0.876 0.558063 -0.452716
0.878 0.588696 -0.328874
0.88 0.539505 -0.149157
0.882 0.402454 0.0462554
0.884 0.184314 0.215774
0.886 -0.0929932 0.324337
0.888 -0.395072 0.349826
0.89 -0.680353 0.286797
0.892 -0.907022 0.14695
0.894 -1.04026 -0.0436327
0.896 -1.05843 -0.249811
0.898 -0.956936 -0.434178
0.9 -0.749172 -0.563977
0.902 -0.46424 -0.61684
0.904 -0.142053 -0.584353
0.906 0.173295 -0.472882
0.908 0.440587 -0.301662
0.91 0.627697 -0.0986721
0.912 0.715892 0.104812
0.914 0.701587 0.279876
0.916 0.595459 0.404768
0.918 0.419321 0.468012
0.92 0.201559 0.469371
0.922 -0.0278672 0.418664
0.924 -0.241883 0.332827
0.926 -0.419483 0.231945
0.928 -0.547247 0.135104
0.93 -0.619242 0.0569069
0.932 -0.635677 0.0052724
0.934 -0.600953 -0.0191494
0.936 -0.521751 -0.0219925
0.938 -0.405721 -0.0129728
0.94 -0.261008 -0.00305129
0.942 -0.0965956 -0.00162753
0.944 0.0769165 -0.0143614
0.946 0.246597 -0.0420415
0.948 0.397096 -0.0806621
0.95 0.511564 -0.122602
0.952 0.573674 -0.158579
0.954 0.570485 -0.179894
0.956 0.495591 -0.18048
0.958 0.351761 -0.158285
0.96 0.152315 -0.115759
0.962 -0.0793724 -0.0593428
0.964 -0.312462 0.00185477
0.966 -0.513105 0.0578899
0.968 -0.650072 0.0999134
0.97 -0.70054 0.121798
0.972 -0.654834 0.12116
0.974 -0.519071 0.0996138
0.976 -0.314969 0.0622776
0.978 -0.076628 0.0166912
0.98 0.155277 -0.0285914
0.982 0.340907 -0.0654308
0.984 0.448861 -0.0872873
0.986 0.462454 -0.0899816
0.988 0.383321 -0.0719725
0.99 0.231498 -0.0342035
0.992 0.0417953 0.0203408
0.994 -0.142945 0.0871963
0.996 -0.280466 0.160945
0.998 -0.337905 0.235607
0.4 0.0404307 0.0333138
0.8 0.0461917 0.0388256
1.2 0.0558298 0.0481356
1.6 0.0693941 0.0614177
2 0.0869415 0.0788926
2.4 0.108527 0.100808
2.8 0.134191 0.127413
3.2 0.163949 0.158935
3.6 0.197775 0.195552
4 0.235595 0.237372
4.4 0.277274 0.284409
4.8 0.322614 0.336571
5.2 0.371346 0.393651
5.6 0.423134 0.455321
6 0.477578 0.521139
6.4 0.534221 0.590558
6.8 0.592559 0.66294
7.2 0.652057 0.737579
7.6 0.712157 0.813721
8 0.772303 0.890594
8.4 0.831948 0.96743
8.8 0.890573 1.04349
9.2 0.947701 1.11809
9.6 1.00291 1.1906
10 1.05582 1.26051
10.4 1.10616 1.32736
10.8 1.15368 1.39083
11.2 1.19824 1.45068
11.6 1.23975 1.50675
12 1.27818 1.55899
12.4 1.31358 1.60743
12.8 1.34602 1.65212
13.2 1.37564 1.69321
13.6 1.40259 1.73086
14 1.42706 1.76525
14.4 1.44923 1.79657
14.8 1.4693 1.82503
15.2 1.48749 1.85081
15.6 1.50398 1.87409
16 1.51896 1.89503
16.4 1.53259 1.91378
16.8 1.54503 1.93047
17.2 1.55642 1.94522
17.6 1.56688 1.95815
18 1.57651 1.96937
18.4 1.58539 1.97896
18.8 1.59361 1.98705
19.2 1.60121 1.99375
19.6 1.60825 1.99915
20 1.61477 2.00339
20.4 1.62078 2.00658
20.8 1.62631 2.00884
21.2 1.63136 2.01031
21.6 1.63596 2.01111
22 1.64009 2.01134
22.4 1.64375 2.01112
22.8 1.64695 2.01054
23.2 1.64969 2.00968
23.6 1.65197 2.00862
24 1.65379 2.00738
24.4 1.65518 2.00601
24.8 1.65614 2.00451
25.2 1.6567 2.00289
25.6 1.6569 2.00111
26 1.65678 1.99917
26.4 1.65637 1.99701
26.8 1.65574 1.99459
27.2 1.65491 1.99188
27.6 1.65394 1.98883
28 1.65288 1.98541
28.4 1.65175 1.98159
28.8 1.65059 1.97735
29.2 1.64942 1.97269
29.6 1.64823 1.96762
30 1.64703 1.96217
30.4 1.64579 1.95636
30.8 1.6445 1.95024
31.2 1.64312 1.94386
31.6 1.64161 1.9373
32 1.63993 1.93061
32.4 1.63804 1.92385
32.8 1.63592 1.9171
33.2 1.63352 1.91039
33.6 1.63083 1.90379
34 1.62783 1.89732
34.4 1.62453 1.89101
34.8 1.62093 1.88485
35.2 1.61705 1.87884
35.6 1.61292 1.87295
36 1.60856 1.86714
36.4 1.60401 1.86136
36.8 1.59931 1.85556
37.2 1.59449 1.84966
37.6 1.58958 1.8436
38 1.58462 1.83732
38.4 1.57961 1.83076
38.8 1.57458 1.82387
39.2 1.56954 1.81662
39.6 1.56448 1.80897
40 1.55941 1.80091
40.4 1.55432 1.79246
40.8 1.5492 1.78362
41.2 1.54403 1.77444
41.6 1.53881 1.76496
42 1.53352 1.75522
42.4 1.52814 1.74528
42.8 1.52267 1.73521
43.2 1.51709 1.72508
43.6 1.51142 1.71493
44 1.50563 1.70483
44.4 1.49974 1.69482
44.8 1.49376 1.68496
45.2 1.48769 1.67528
45.6 1.48156 1.6658
46 1.47538 1.65654
46.4 1.46918 1.64751
46.8 1.463 1.63872
47.2 1.45686 1.63015
47.6 1.45079 1.6218
48 1.44484 1.61365
48.4 1.43903 1.60567
48.8 1.43339 1.59785
49.2 1.42796 1.59015
49.6 1.42275 1.58255
50 1.41778 1.57501
50.4 1.41306 1.56752
50.8 1.40858 1.56005
51.2 1.40436 1.55259
51.6 1.40036 1.54511
52 1.39657 1.53761
52.4 1.39296 1.53009
52.8 1.38951 1.52255
53.2 1.38618 1.51501
53.6 1.38293 1.50747
54 1.37974 1.49997
54.4 1.37657 1.49252
54.8 1.3734 1.48515
55.2 1.37019 1.47788
55.6 1.36693 1.47074
56 1.36361 1.46374
56.4 1.36021 1.45688
56.8 1.35672 1.45018
57.2 1.35314 1.44363
57.6 1.34947 1.43721
58 1.3457 1.43091
58.4 1.34185 1.42469
58.8 1.3379 1.41853
59.2 1.33386 1.41239
59.6 1.32973 1.40625
60 1.32551 1.40006
60.4 1.3212 1.39381
60.8 1.3168 1.38747
61.2 1.3123 1.38104
61.6 1.30771 1.3745
62 1.30302 1.36785
62.4 1.29822 1.3611
62.8 1.29333 1.35427
63.2 1.28833 1.34736
63.6 1.28324 1.34039
64 1.27804 1.33337
64.4 1.27276 1.32631
64.8 1.26739 1.31922
65.2 1.26194 1.3121
65.6 1.25643 1.30494
66 1.25084 1.29773
66.4 1.24521 1.29047
66.8 1.23952 1.28312
67.2 1.23378 1.27569
67.6 1.22798 1.26814
68 1.22213 1.26049
68.4 1.21621 1.25271
68.8 1.2102 1.24482
69.2 1.20407 1.23681
69.6 1.19779 1.2287
70 1.19132 1.2205
70.4 1.18463 1.21224
70.8 1.17765 1.20393
71.2 1.17034 1.19559
71.6 1.16264 1.18724
72 1.15451 1.17887
72.4 1.14588 1.17049
72.8 1.13671 1.16208
73.2 1.12696 1.15363
73.6 1.1166 1.14511
74 1.10561 1.13649
74.4 1.09395 1.12773
74.8 1.08163 1.11878
75.2 1.06865 1.10961
75.6 1.055 1.10019
76 1.0407 1.09048
76.4 1.02577 1.08047
76.8 1.01021 1.07013
77.2 0.994047 1.05948
77.6 0.977298 1.0485
78 0.959978 1.03722
78.4 0.942099 1.02565
78.8 0.923672 1.01381
79.2 0.904706 1.0017
79.6 0.88521 0.98935
80 0.865188 0.976756
80.4 0.844649 0.963916
80.8 0.823601 0.950816
81.2 0.802053 0.937436
81.6 0.780018 0.923749
82 0.757512 0.90972
82.4 0.734558 0.895318
82.8 0.711179 0.880513
83.2 0.687406 0.865281
83.6 0.663274 0.849613
84 0.638824 0.833514
84.4 0.614102 0.817011
84.8 0.589162 0.80015
85.2 0.564062 0.783
85.6 0.538868 0.765652
86 0.513655 0.748215
86.4 0.488505 0.730817
86.8 0.463507 0.713594
87.2 0.438759 0.696688
87.6 0.414369 0.680242
88 0.390446 0.664391
88.4 0.367109 0.649255
88.8 0.344476 0.63494
89.2 0.322664 0.621525
89.6 0.301788 0.609067
90 0.281954 0.597594
90.4 0.263255 0.587109
90.8 0.245771 0.577589
91.2 0.229563 0.56899
91.6 0.214669 0.561248
92 0.201107 0.55429
92.4 0.188867 0.54803
92.8 0.17792 0.542385
93.2 0.168212 0.53727
93.6 0.15967 0.53261
94 0.152206 0.528338
94.4 0.14572 0.5244
94.8 0.140103 0.520758
95.2 0.135245 0.517383
95.6 0.131036 0.514263
96 0.127375 0.511393
96.4 0.124168 0.50878
96.8 0.121336 0.506433
97.2 0.118811 0.504365
97.6 0.116541 0.502589
98 0.11449 0.501113
98.4 0.112633 0.499942
98.8 0.110956 0.499075
99.2 0.109455 0.498504
99.6 0.10813 0.498214
100 0.106985 0.498184
100.4 0.106026 0.498389
100.8 0.105254 0.498799
101.2 0.104668 0.499383
101.6 0.104264 0.500108
102 0.104029 0.500942
102.4 0.10395 0.501852
102.8 0.104007 0.502811
103.2 0.104177 0.50379
103.6 0.104437 0.504765
104 0.104764 0.505716
104.4 0.105134 0.506622
104.8 0.105531 0.507468
105.2 0.105938 0.508241
105.6 0.106346 0.50893
106 0.10675 0.50953
106.4 0.10715 0.510039
106.8 0.10755 0.51046
107.2 0.107958 0.510803
107.6 0.108384 0.511083
108 0.10884 0.511322
108.4 0.109338 0.51155
108.8 0.10989 0.5118
109.2 0.110505 0.512114
109.6 0.11119 0.512536
110 0.111949 0.513109
110.4 0.112781 0.51388
110.8 0.113684 0.514888
111.2 0.11465 0.516169
111.6 0.11567 0.517748
112 0.116731 0.519643
112.4 0.117817 0.521857
112.8 0.118912 0.524382
113.2 0.119997 0.527196
113.6 0.121053 0.53027
114 0.122061 0.533561
114.4 0.123001 0.537023
114.8 0.123856 0.540607
115.2 0.124608 0.544262
115.6 0.125246 0.547944
116 0.125756 0.551614
116.4 0.126131 0.555245
116.8 0.126367 0.558821
117.2 0.126465 0.562339
117.6 0.12643 0.565807
118 0.126273 0.569246
118.4 0.126009 0.572683
118.8 0.125658 0.576151
119.2 0.125243 0.579684
119.6 0.124791 0.583312
120 0.12433 0.587058
120.4 0.12389 0.590933
120.8 0.123499 0.594935
121.2 0.123182 0.599044
121.6 0.122963 0.603225
122 0.122858 0.607428
122.4 0.122879 0.611587
122.8 0.123031 0.615626
123.2 0.123313 0.619466
123.6 0.123717 0.623022
124 0.12423 0.626218
124.4 0.124833 0.628985
124.8 0.125504 0.631267
125.2 0.126218 0.63303
125.6 0.126952 0.634255
126 0.12768 0.634949
126.4 0.128381 0.635136
126.8 0.129035 0.634864
127.2 0.129629 0.634193
127.6 0.130152 0.633199
128 0.130598 0.631962
128.4 0.130966 0.630566
128.8 0.13126 0.629093
129.2 0.131485 0.627617
129.6 0.13165 0.626201
130 0.131766 0.624896
130.4 0.131843 0.623737
130.8 0.131893 0.622742
131.2 0.131925 0.621917
131.6 0.131949 0.621254
132 0.131972 0.620734
132.4 0.132 0.62033
132.8 0.132039 0.620008
133.2 0.132089 0.619731
133.6 0.132154 0.619459
134 0.13223 0.619148
134.4 0.132317 0.618754
134.8 0.132409 0.618228
135.2 0.132499 0.617517
135.6 0.13258 0.616559
136 0.132641 0.615287
136.4 0.13267 0.613626
136.8 0.132652 0.611491
137.2 0.132575 0.608792
137.6 0.132424 0.60544
138 0.132187 0.601344
138.4 0.131855 0.596427
138.8 0.131425 0.590629
139.2 0.130898 0.583916
139.6 0.130288 0.576289
140 0.129614 0.567792
140.4 0.128911 0.55852
140.8 0.128224 0.54862
141.2 0.12761 0.538295
141.6 0.127138 0.527799
142 0.126887 0.517434
142.4 0.126947 0.50754
142.8 0.127408 0.49848
143.2 0.128366 0.490626
143.6 0.129913 0.48434
144 0.132136 0.479958
144.4 0.135108 0.47777
144.8 0.13889 0.477999
145.2 0.143524 0.480795
145.6 0.149028 0.486214
146 0.155399 0.49422
146.4 0.162604 0.504675
146.8 0.170587 0.517348
147.2 0.179263 0.531922
147.6 0.188525 0.548002
148 0.198242 0.565138
148.4 0.208263 0.582837
148.8 0.218423 0.600589
149.2 0.228548 0.617886
149.6 0.238454 0.634241
150 0.247959 0.649207
150.4 0.256885 0.66239
150.8 0.265061 0.673464
151.2 0.272333 0.682175
151.6 0.278562 0.688345
152 0.283629 0.691868
152.4 0.287441 0.692711
152.8 0.28993 0.6909
153.2 0.291052 0.686511
153.6 0.290791 0.67966
154 0.289156 0.67049
154.4 0.286179 0.65916
154.8 0.281916 0.645833
155.2 0.276439 0.630669
155.6 0.269835 0.613821
156 0.262206 0.595428
156.4 0.253659 0.575615
156.8 0.244307 0.554497
157.2 0.234267 0.532179
157.6 0.22365 0.508764
158 0.21257 0.484353
158.4 0.201131 0.459057
158.8 0.189434 0.432997
159.2 0.177574 0.406311
159.6 0.165638 0.379155
160 0.153709 0.351706
160.4 0.141865 0.324158
160.8 0.130179 0.296722
161.2 0.11872 0.26962
161.6 0.107556 0.24308
162 0.0967495 0.217328
162.4 0.0863628 0.192584
162.8 0.0764537 0.16905
163.2 0.0670757 0.146907
163.6 0.0582773 0.126306
164 0.0501002 0.107366
164.4 0.0425779 0.090168
164.8 0.0357346 0.0747537
165.2 0.0295837 0.0611266
165.6 0.0241274 0.0492531
166 0.0193558 0.0390653
166.4 0.0152476 0.0304656
166.8 0.0117705 0.0233324
167.2 0.00888233 0.0175259
167.6 0.00653291 0.0128948
168 0.0046659 0.00928206
168.4 0.00322108 0.00653157
168.8 0.0021367 0.00449299
169.2 0.0013517 0.00302631
169.6 0.00080781 0.00200526
170 0.000451324 0.00131964
170.4 0.000234459 0.000876524
170.8 0.000116281 0.000600469
171.2 6.31635e-05 0.000432835
171.6 4.87859e-05 0.00033034
172 5.37459e-05 0.00026309
172.4 6.48387e-05 0.000212262
172.8 7.41058e-05 0.000167659
173.2 7.77508e-05 0.000125301
173.6 7.50171e-05 8.52201e-05
174 6.71195e-05 4.95744e-05
174.4 5.62997e-05 2.1152e-05
174.8 4.50583e-05 2.30811e-06
175.2 3.55943e-05 -5.67579e-06
175.6 2.94572e-05 -2.84815e-06
176 2.74002e-05 9.47521e-06
176.4 2.94044e-05 2.90081e-05
176.8 3.48313e-05 5.29342e-05
177.2 4.26585e-05 7.83986e-05
177.6 5.17468e-05 0.000102972
178 6.10977e-05 0.000125022
178.4 7.00621e-05 0.000143945
178.8 7.84767e-05 0.000160245
179.2 8.67152e-05 0.000175459
179.6 9.56533e-05 0.000191945
180 0.000106561 0.000212591
180.4 0.00012094 0.000240476
180.8 0.00014034 0.000278549
181.2 0.000166176 0.000329374
181.6 0.000199583 0.000394992
182 0.000241333 0.000476919
182.4 0.000291834 0.000576302
182.8 0.000351218 0.000694224
183.2 0.00041952 0.000832138
183.6 0.000496938 0.000992378
184 0.000584152 0.00117871
184.4 0.000682673 0.00139686
184.8 0.000795185 0.00165496
185.2 0.000925853 0.00196384
185.6 0.00108055 0.00233717
186 0.00126699 0.00279138
186.4 0.00149474 0.00334539
186.8 0.00177509 0.00402016
187.2 0.0021208 0.00483808
187.6 0.00254577 0.00582226
188 0.00306463 0.00699583
188.4 0.00369222 0.00838127
188.8 0.0044432 0.00999981
189.2 0.0053316 0.0118711
189.6 0.00637053 0.014013
190 0.00757194 0.0164416
190.4 0.00894661 0.0191715
190.8 0.0105041 0.0222163
191.2 0.0122531 0.0255892
191.6 0.0142012 0.0293034
192 0.0163557 0.0333727
192.4 0.0187235 0.037812
192.8 0.0213109 0.042637
193.2 0.0241242 0.0478647
193.6 0.0271688 0.0535118
194 0.0304489 0.0595945
194.4 0.0339671 0.066127
194.8 0.0377233 0.0731194
195.2 0.0417138 0.0805766
195.6 0.0459304 0.0884958
196 0.0503595 0.0968653
196.4 0.0549814 0.105662
196.8 0.05977 0.114853
197.2 0.0646927 0.124392
197.6 0.0697104 0.134219
198 0.0747788 0.144267
198.4 0.0798493 0.154456
198.8 0.0848703 0.1647
199.2 0.0897891 0.17491
199.6 0.0945537 0.184995
200 0.0991145 0.194867
200.4 0.103426 0.204444
200.8 0.107449 0.213654
201.2 0.111149 0.222438
201.6 0.114501 0.230753
202 0.117484 0.238573
202.4 0.120088 0.24589
202.8 0.122307 0.252714
203.2 0.124142 0.259074
203.6 0.125596 0.265016
204 0.126681 0.270598
204.4 0.127409 0.275891
204.8 0.127797 0.280973
205.2 0.127864 0.285929
205.6 0.127633 0.290843
206 0.127132 0.295797
206.4 0.126392 0.30087
206.8 0.125451 0.30613
207.2 0.124351 0.311639
207.6 0.123143 0.317443
208 0.121881 0.32358
208.4 0.120626 0.330073
208.8 0.119442 0.336933
209.2 0.118396 0.34416
209.6 0.117553 0.351742
210 0.116976 0.35966
210.4 0.116722 0.367887
210.8 0.116837 0.376389
211.2 0.117357 0.385129
211.6 0.118304 0.394069
212 0.119687 0.403165
212.4 0.121498 0.412376
212.8 0.123717 0.42166
213.2 0.126309 0.430973
213.6 0.129231 0.440272
214 0.132434 0.44951
214.4 0.135865 0.458642
214.8 0.139469 0.467618
215.2 0.143199 0.476382
215.6 0.14701 0.484877
216 0.150866 0.49304
216.4 0.154743 0.500803
216.8 0.158621 0.508093
217.2 0.162492 0.514836
217.6 0.16635 0.520953
218 0.170194 0.526367
218.4 0.174022 0.531003
218.8 0.177829 0.53479
219.2 0.181602 0.537663
219.6 0.185321 0.539568
220 0.188954 0.540461
220.4 0.192458 0.540311
220.8 0.19578 0.539097
221.2 0.198856 0.536816
221.6 0.201616 0.533473
222 0.203987 0.529088
222.4 0.205895 0.523688
222.8 0.207269 0.517306
223.2 0.208047 0.509984
223.6 0.208177 0.501761
224 0.20762 0.492677
224.4 0.206351 0.482771
224.8 0.204365 0.472078
225.2 0.201667 0.460627
225.6 0.19828 0.448443
226 0.19424 0.435551
226.4 0.189591 0.42197
226.8 0.184386 0.407722
227.2 0.178682 0.392831
227.6 0.172538 0.377328
228 0.166012 0.361253
228.4 0.159162 0.344653
228.8 0.15204 0.327591
229.2 0.144696 0.310142
229.6 0.137176 0.292394
230 0.129521 0.274447
230.4 0.121773 0.256412
230.8 0.113969 0.238409
231.2 0.106148 0.220562
231.6 0.0983506 0.202997
232 0.0906179 0.185837
232.4 0.0829933 0.169199
232.8 0.075522 0.153192
233.2 0.0682509 0.137911
233.6 0.0612269 0.123435
234 0.0544962 0.10983
234.4 0.0481026 0.097141
234.8 0.0420858 0.0853969
235.2 0.03648 0.0746093
235.6 0.0313125 0.0647741
236 0.0266023 0.055873
236.4 0.02236 0.0478757
236.8 0.0185867 0.0407418
237.2 0.0152748 0.0344239
237.6 0.0124082 0.0288687
238 0.00996317 0.02402
238.4 0.00790984 0.0198196
238.8 0.00621336 0.0162096
239.2 0.00483565 0.0131327
239.6 0.00373688 0.0105338
240 0.00287704 0.00836014
240.4 0.00221731 0.0065617
240.8 0.00172115 0.00509166
241.2 0.00135532 0.00390632
241.6 0.00109042 0.00296519
242 0.000901278 0.00223104
242.4 0.000767097 0.00166985
242.8 0.000671274 0.00125084
243.2 0.000601127 0.000946498
243.6 0.000547432 0.000732521
244 0.000503894 0.000587841
244.4 0.000466569 0.000494547
244.8 0.000433288 0.000437789
245.2 0.000403121 0.000405609
245.6 0.000375911 0.000388733
246 0.000351882 0.00038029
246.4 0.000331354 0.000375501
246.8 0.000314538 0.000371325
247.2 0.000301426 0.000366104
247.6 0.000291756 0.000359208
248 0.000285028 0.000350705
248.4 0.000280566 0.000341075
248.8 0.000277605 0.000330975
249.2 0.000275375 0.000321059
249.6 0.000273187 0.000311858
250 0.000270495 0.000303718
250.4 0.000266937 0.000296781
250.8 0.000262351 0.000291007
251.2 0.00025676 0.000286213
251.6 0.000250345 0.000282135
252 0.000243398 0.00027848
252.4 0.000236266 0.000274978
252.8 0.0002293 0.000271423
253.2 0.00022281 0.000267688
253.6 0.000217022 0.000263732
254 0.000212064 0.000259593
254.4 0.000207959 0.000255363
254.8 0.000204632 0.000251169
255.2 0.00020193 0.000247138
255.6 0.000199654 0.00024338
256 0.000197589 0.000239968
256.4 0.000195534 0.000236927
256.8 0.000193332 0.000234235
257.2 0.000190879 0.000231832
257.6 0.000188142 0.000229627
258 0.000185148 0.000227517
258.4 0.000181979 0.000225403
258.8 0.000178752 0.000223202
259.2 0.000175598 0.000220862
259.6 0.000172641 0.000218362
260 0.00016998 0.000215714
260.4 0.000167674 0.000212962
260.8 0.000165737 0.000210167
261.2 0.000164135 0.000207401
261.6 0.000162795 0.000204731
262 0.000161617 0.000202215
262.4 0.00016049 0.000199887
262.8 0.000159304 0.00019776
263.2 0.000157969 0.000195818
263.6 0.000156425 0.000194023
264 0.000154648 0.000192322
264.4 0.00015265 0.000190649
264.8 0.000150477 0.000188942
265.2 0.0001482 0.000187144
265.6 0.000145901 0.000185212
266 0.000143665 0.000183123
266.4 0.000141567 0.000180874
266.8 0.000139659 0.000178483
267.2 0.00013797 0.000175984
267.6 0.0001365 0.000173421
268 0.000135227 0.000170845
268.4 0.000134108 0.000168306
268.8 0.000133088 0.000165849
269.2 0.000132112 0.000163506
269.6 0.000131131 0.000161297
270 0.00013011 0.000159229
270.4 0.000129032 0.000157296
270.8 0.000127898 0.000155482
271.2 0.000126727 0.000153763
271.6 0.000125551 0.000152116
272 0.000124408 0.000150516
272.4 0.000123333 0.000148945
272.8 0.000122356 0.000147391
273.2 0.000121493 0.000145849
273.6 0.000120745 0.000144323
274 0.000120095 0.00014282
274.4 0.000119515 0.000141352
274.8 0.000118965 0.000139932
275.2 0.000118399 0.000138568
275.6 0.000117776 0.000137267
276 0.00011706 0.000136028
276.4 0.000116227 0.000134845
276.8 0.000115269 0.000133702
277.2 0.000114191 0.000132584
277.6 0.000113011 0.000131468
278 0.000111757 0.000130332
278.4 0.000110462 0.000129157
278.8 0.000109157 0.000127926
279.2 0.000107868 0.000126628
279.6 0.000106614 0.000125257
280 0.000105399 0.000123814
280.4 0.00010422 0.000122304
280.8 0.000103059 0.000120737
281.2 0.000101896 0.000119125
281.6 0.000100704 0.000117478
282 9.94592e-05 0.000115807
282.4 9.81441e-05 0.00011412
282.8 9.67487e-05 0.000112421
283.2 9.52739e-05 0.000110712
283.6 9.37314e-05 0.000108991
284 9.21423e-05 0.000107255
284.4 9.05346e-05 0.0001055
284.8 8.89396e-05 0.000103727
285.2 8.73881e-05 0.000101934
285.6 8.5907e-05 0.000100127
286 8.4516e-05 9.83141e-05
286.4 8.32264e-05 9.65067e-05
286.8 8.20403e-05 9.47198e-05
287.2 8.09516e-05 9.29696e-05
287.6 7.99477e-05 9.12725e-05
288 7.90122e-05 8.96433e-05
288.4 7.81278e-05 8.80938e-05
288.8 7.72789e-05 8.66313e-05
289.2 7.64537e-05 8.52585e-05
289.6 7.5645e-05 8.3973e-05
290 7.48508e-05 8.27677e-05
290.4 7.40735e-05 8.16321e-05
290.8 7.33178e-05 8.05532e-05
291.2 7.25891e-05 7.95172e-05
291.6 7.18912e-05 7.85111e-05
292 7.12246e-05 7.75235e-05
292.4 7.05852e-05 7.65456e-05
292.8 6.99642e-05 7.55721e-05
293.2 6.93485e-05 7.46003e-05
293.6 6.87222e-05 7.36306e-05
294 6.80688e-05 7.26649e-05
294.4 6.73735e-05 7.17063e-05
294.8 6.66254e-05 7.07579e-05
295.2 6.58197e-05 6.98223e-05
295.6 6.49586e-05 6.89006e-05
296 6.40517e-05 6.79927e-05
296.4 6.31153e-05 6.70973e-05
296.8 6.21711e-05 6.62121e-05
297.2 6.12434e-05 6.53348e-05
297.6 6.0357e-05 6.44634e-05
298 5.95345e-05 6.3597e-05
298.4 5.87938e-05 6.27362e-05
298.8 5.81464e-05 6.18832e-05
299.2 5.75969e-05 6.10414e-05
299.6 5.71426e-05 6.02151e-05
300 5.67743e-05 5.94085e-05
300.4 5.64781e-05 5.86253e-05
300.8 5.62371e-05 5.78672e-05
301.2 5.60335e-05 5.71337e-05
301.6 5.58505e-05 5.64213e-05
302 5.56738e-05 5.57236e-05
302.4 5.54925e-05 5.50317e-05
302.8 5.52997e-05 5.4335e-05
303.2 5.50914e-05 5.36216e-05
303.6 5.48667e-05 5.28804e-05
304 5.46258e-05 5.21015e-05
304.4 5.43692e-05 5.12779e-05
304.8 5.40965e-05 5.04059e-05
305.2 5.3806e-05 4.94857e-05
305.6 5.34937e-05 4.85216e-05
306 5.31541e-05 4.75213e-05
306.4 5.27808e-05 4.64953e-05
306.8 5.2367e-05 4.54554e-05
307.2 5.1907e-05 4.44143e-05
307.6 5.13973e-05 4.33835e-05
308 5.0837e-05 4.23728e-05
308.4 5.02287e-05 4.13893e-05
308.8 4.95782e-05 4.04365e-05
309.2 4.88943e-05 3.95151e-05
309.6 4.81875e-05 3.8622e-05
310 4.74691e-05 3.77518e-05
310.4 4.67502e-05 3.68968e-05
310.8 4.60397e-05 3.60479e-05
311.2 4.53442e-05 3.51956e-05
311.6 4.46668e-05 3.43302e-05
312 4.40071e-05 3.34426e-05
312.4 4.33617e-05 3.25245e-05
312.8 4.27248e-05 3.15686e-05
313.2 4.2089e-05 3.05686e-05
313.6 4.14465e-05 2.95194e-05
314 4.07902e-05 2.84168e-05
314.4 4.01145e-05 2.7258e-05
314.8 3.94162e-05 2.60413e-05
315.2 3.86941e-05 2.47666e-05
315.6 3.79494e-05 2.34358e-05
316 3.71851e-05 2.20527e-05
316.4 3.64052e-05 2.06235e-05
316.8 3.56144e-05 1.91567e-05
317.2 3.48168e-05 1.76633e-05
317.6 3.4016e-05 1.61557e-05
318 3.32144e-05 1.46479e-05
318.4 3.24134e-05 1.31539e-05
318.8 3.16138e-05 1.16872e-05
319.2 3.08157e-05 1.02595e-05
319.6 3.00196e-05 8.88002e-06
320 2.92267e-05 7.55438e-06
320.4 2.84392e-05 6.28443e-06
320.8 2.76605e-05 5.06814e-06
321.2 2.68948e-05 3.8999e-06
321.6 2.61473e-05 2.77125e-06
322 2.54229e-05 1.67197e-06
322.4 2.47256e-05 5.91231e-07
322.8 2.40581e-05 -4.81031e-07
323.2 2.34204e-05 -1.55298e-06
323.6 2.28098e-05 -2.6299e-06
324 2.22207e-05 -3.71359e-06
324.4 2.1645e-05 -4.80217e-06
324.8 2.10721e-05 -5.89036e-06
325.2 2.04906e-05 -6.97011e-06
325.6 1.98889e-05 -8.03161e-06
326 1.92568e-05 -9.06448e-06
326.4 1.85863e-05 -1.00589e-05
326.8 1.78725e-05 -1.10071e-05
327.2 1.71147e-05 -1.19036e-05
327.6 1.63158e-05 -1.27467e-05
328 1.54828e-05 -1.35378e-05
328.4 1.46254e-05 -1.42818e-05
328.8 1.3756e-05 -1.49864e-05
329.2 1.28875e-05 -1.56612e-05
329.6 1.20328e-05 -1.63167e-05
330 1.12036e-05 -1.69631e-05
330.4 1.04094e-05 -1.76098e-05
330.8 9.65673e-06 -1.82639e-05
331.2 8.94938e-06 -1.89302e-05
331.6 8.28805e-06 -1.96104e-05
332 7.67097e-06 -2.03033e-05
332.4 7.09445e-06 -2.10053e-05
332.8 6.55361e-06 -2.17103e-05
333.2 6.04308e-06 -2.24106e-05
333.6 5.55768e-06 -2.30975e-05
334 5.09287e-06 -2.37618e-05
334.4 4.64503e-06 -2.43949e-05
334.8 4.2115e-06 -2.49886e-05
335.2 3.79048e-06 -2.5536e-05
335.6 3.3808e-06 -2.60316e-05
336 2.98155e-06 -2.64719e-05
336.4 2.59189e-06 -2.68551e-05
336.8 2.21074e-06 -2.71814e-05
337.2 1.83678e-06 -2.74531e-05
337.6 1.46845e-06 -2.76746e-05
338 1.10418e-06 -2.78522e-05
338.4 7.42696e-07 -2.7994e-05
338.8 3.83303e-07 -2.81096e-05
339.2 2.62662e-08 -2.82097e-05
339.6 -3.26969e-07 -2.83056e-05
340 -6.73651e-07 -2.84086e-05
340.4 -1.00976e-06 -2.85289e-05
340.8 -1.33023e-06 -2.86753e-05
341.2 -1.62927e-06 -2.88543e-05
341.6 -1.90086e-06 -2.90695e-05
342 -2.13926e-06 -2.93213e-05
342.4 -2.33955e-06 -2.96062e-05
342.8 -2.49807e-06 -2.99179e-05
343.2 -2.6128e-06 -3.02466e-05
343.6 -2.68355e-06 -3.05804e-05
344 -2.71205e-06 -3.09058e-05
344.4 -2.70186e-06 -3.12088e-05
344.8 -2.65818e-06 -3.14761e-05
345.2 -2.58754e-06 -3.16956e-05
345.6 -2.49748e-06 -3.18578e-05
346 -2.39622e-06 -3.19557e-05
346.4 -2.29233e-06 -3.19857e-05
346.8 -2.19443e-06 -3.19473e-05
347.2 -2.11093e-06 -3.18427e-05
347.6 -2.04989e-06 -3.16766e-05
348 -2.01871e-06 -3.14551e-05
348.4 -2.02404e-06 -3.11856e-05
348.8 -2.07153e-06 -3.08752e-05
349.2 -2.16562e-06 -3.05309e-05
349.6 -2.30931e-06 -3.01588e-05
350 -2.50394e-06 -2.97635e-05
350.4 -2.74904e-06 -2.93487e-05
350.8 -3.04215e-06 -2.89168e-05
351.2 -3.37889e-06 -2.84692e-05
351.6 -3.75303e-06 -2.80067e-05
352 -4.15681e-06 -2.75298e-05
352.4 -4.5813e-06 -2.70387e-05
352.8 -5.01699e-06 -2.65337e-05
353.2 -5.45437e-06 -2.60152e-05
353.6 -5.88456e-06 -2.54838e-05
354 -6.29991e-06 -2.49399e-05
354.4 -6.69444e-06 -2.43838e-05
354.8 -7.06419e-06 -2.38155e-05
355.2 -7.40724e-06 -2.32344e-05
355.6 -7.72367e-06 -2.26399e-05
356 -8.01514e-06 -2.2031e-05
356.4 -8.28447e-06 -2.14067e-05
356.8 -8.53494e-06 -2.07663e-05
357.2 -8.76972e-06 -2.01098e-05
357.6 -8.99125e-06 -1.94384e-05
358 -9.20076e-06 -1.87543e-05
358.4 -9.39804e-06 -1.80612e-05
358.8 -9.5813e-06 -1.73644e-05
359.2 -9.74742e-06 -1.66701e-05
359.6 -9.89227e-06 -1.59856e-05
360 -1.00112e-05 -1.53181e-05
360.4 -1.00999e-05 -1.4675e-05
360.8 -1.01544e-05 -1.40624e-05
361.2 -1.01722e-05 -1.34852e-05
361.6 -1.01527e-05 -1.29461e-05
362 -1.00966e-05 -1.24461e-05
362.4 -1.00068e-05 -1.19838e-05
362.8 -9.88764e-06 -1.15557e-05
363.2 -9.74445e-06 -1.11571e-05
363.6 -9.5833e-06 -1.07818e-05
364 -9.41024e-06 -1.04233e-05
364.4 -9.23077e-06 -1.00754e-05
364.8 -9.04935e-06 -9.73241e-06
365.2 -8.86916e-06 -9.3898e-06
365.6 -8.69187e-06 -9.04448e-06
366 -8.51777e-06 -8.69484e-06
366.4 -8.34594e-06 -8.34065e-06
366.8 -8.17462e-06 -7.98282e-06
367.2 -8.00159e-06 -7.62301e-06
367.6 -7.82464e-06 -7.26326e-06
368 -7.64189e-06 -6.90555e-06
368.4 -7.45212e-06 -6.55148e-06
368.8 -7.25489e-06 -6.20205e-06
369.2 -7.05058e-06 -5.8575e-06
369.6 -6.84021e-06 -5.51739e-06
370 -6.62531e-06 -5.18069e-06
370.4 -6.40758e-06 -4.84599e-06
370.8 -6.18864e-06 -4.51179e-06
371.2 -5.96975e-06 -4.17671e-06
371.6 -5.75166e-06 -3.83974e-06
372 -5.53452e-06 -3.50035e-06
372.4 -5.31793e-06 -3.15858e-06
372.8 -5.10102e-06 -2.81497e-06
373.2 -4.88272e-06 -2.4705e-06
373.6 -4.66193e-06 -2.12642e-06
374 -4.43781e-06 -1.78409e-06
374.4 -4.20996e-06 -1.44485e-06
374.8 -3.97854e-06 -1.10988e-06
375.2 -3.74436e-06 -7.80168e-07
375.6 -3.50876e-06 -4.56545e-07
376 -3.27354e-06 -1.39728e-07
376.4 -3.04074e-06 1.69552e-07
376.8 -2.81241e-06 4.70416e-07
377.2 -2.59039e-06 7.61726e-07
377.6 -2.37612e-06 1.042e-06
378 -2.17055e-06 1.30936e-06
378.4 -1.97405e-06 1.56162e-06
378.8 -1.78647e-06 1.79634e-06
379.2 -1.60724e-06 2.01098e-06
379.6 -1.43554e-06 2.20312e-06
380 -1.2705e-06 2.37059e-06
380.4 -1.11135e-06 2.51173e-06
380.8 -9.57655e-07 2.62542e-06
381.2 -8.09355e-07 2.71125e-06
381.6 -6.66863e-07 2.76948e-06
382 -5.31037e-07 2.80105e-06
382.4 -4.03105e-07 2.80747e-06
382.8 -2.84556e-07 2.79075e-06
383.2 -1.76992e-07 2.75331e-06
383.6 -8.19931e-08 2.69786e-06
384 -9.84169e-10 2.6274e-06
384.4 6.48555e-08 2.54517e-06
384.8 1.14651e-07 2.45469e-06
385.2 1.47848e-07 2.35978e-06
385.6 1.64205e-07 2.26455e-06
386 1.63757e-07 2.17345e-06
386.4 1.46782e-07 2.09113e-06
386.8 1.13774e-07 2.02237e-06
387.2 6.54396e-08 1.97184e-06
387.6 2.70795e-09 1.94385e-06
388 -7.32256e-08 1.94199e-06
388.4 -1.60852e-07 1.96887e-06
388.8 -2.58299e-07 2.02573e-06
389.2 -3.63301e-07 2.11229e-06
389.6 -4.73201e-07 2.22657e-06
390 -5.84999e-07 2.36489e-06
390.4 -6.95452e-07 2.52207e-06
390.8 -8.01221e-07 2.69169e-06
391.2 -8.9906e-07 2.86654e-06
391.6 -9.86024e-07 3.03912e-06
392 -1.05968e-06 3.20222e-06
392.4 -1.11827e-06 3.34943e-06
392.8 -1.16087e-06 3.47564e-06
393.2 -1.18744e-06 3.57733e-06
393.6 -1.19879e-06 3.65285e-06
394 -1.1965e-06 3.70234e-06
394.4 -1.18277e-06 3.72767e-06
394.8 -1.16019e-06 3.73207e-06
395.2 -1.13148e-06 3.71978e-06
395.6 -1.09929e-06 3.69551e-06
396 -1.06595e-06 3.66404e-06
396.4 -1.03335e-06 3.62972e-06
396.8 -1.00279e-06 3.59612e-06
397.2 -9.75042e-07 3.56581e-06
397.6 -9.50345e-07 3.54025e-06
398 -9.28539e-07 3.51976e-06
398.4 -9.09211e-07 3.50368e-06
398.8 -8.91855e-07 3.49053e-06
399.2 -8.76018e-07 3.47824e-06
399.6 -8.61412e-07 3.46443e-06
400 -8.47976e-07 3.44658e-06
