    2.0122713126e+01    1.6284486497e+02   -7.7401873589e+05   -7.6072869452e-04    6.0431503043e-02   -5.2835411019e-02    3.8510622953e-02    2.7026432114e-02    8.3381847102e-03    1.0371633000e+02    1.0371633000e+02    1.0371633000e+02
    1.9963985462e+01    1.6156034707e+02   -7.7402146588e+05   -5.3025662555e-03    5.2891013507e-02   -4.5273493427e-02    4.0060174119e-02    2.9169903192e-02    7.7169973056e-03    1.0371633000e+02    1.0371633000e+02    1.0371633000e+02
    2.0124989673e+01    1.6286328813e+02   -7.7402011826e+05   -2.3101192088e-02    5.0509414797e-02   -5.3131729724e-02    4.1398588735e-02    1.8152741320e-02   -4.7949082206e-04    1.0371633000e+02    1.0371633000e+02    1.0371633000e+02
    1.9952200895e+01    1.6146497940e+02   -7.7402003317e+05   -7.5991445656e-03    6.2629492807e-02   -5.1510288195e-02    3.5573881668e-02    3.2199304231e-02    2.3144420836e-03    1.0371633000e+02    1.0371633000e+02    1.0371633000e+02
    2.0034498854e+01    1.6213098304e+02   -7.7401984306e+05   -1.4853945080e-02    4.4735726417e-02   -4.5099108035e-02    3.5438460755e-02    2.3630483348e-02    6.1676730429e-03    1.0371633000e+02    1.0371633000e+02    1.0371633000e+02
    2.0117385979e+01    1.6280175455e+02   -7.7401884080e+05   -1.9749311871e-03    5.1295441143e-02   -5.9154419444e-02    2.9984331225e-02    2.5752303635e-02    4.5330062518e-03    1.0371633000e+02    1.0371633000e+02    1.0371633000e+02
    1.9935595995e+01    1.6133060276e+02   -7.7401929671e+05    1.9482341028e-03    5.4959050483e-02   -5.2416050151e-02    3.1611763888e-02    2.9114902144e-02    4.7560216586e-03    1.0371633000e+02    1.0371633000e+02    1.0371633000e+02
    1.9952125850e+01    1.6146437210e+02   -7.7401981227e+05   -1.8072253284e-03    5.0592099693e-02   -4.4744375041e-02    3.9856767922e-02    1.9039490446e-02    1.1611410841e-02    1.0371633000e+02    1.0371633000e+02    1.0371633000e+02
    2.0025322053e+01    1.6205671895e+02   -7.7401989485e+05   -7.7225570212e-03    6.7330378729e-02   -4.7875288817e-02    3.0739076283e-02    2.5028641056e-02    1.4171592225e-02    1.0371633000e+02    1.0371633000e+02    1.0371633000e+02
    1.9972431113e+01    1.6162869427e+02   -7.7401894982e+05   -3.4013053465e-05    5.2500350496e-02   -4.0382620044e-02    3.1877630208e-02    2.9913549747e-02    1.1716265448e-02    1.0371633000e+02    1.0371633000e+02    1.0371633000e+02
    1.9992458593e+01    1.6179076845e+02   -7.7401909578e+05   -1.2140916843e-02    4.8343031498e-02   -5.7111980404e-02    4.0948433283e-02    3.3127710782e-02    1.4097045147e-02    1.0371633000e+02    1.0371633000e+02    1.0371633000e+02
    1.9990338544e+01    1.6177361176e+02   -7.7402041283e+05   -7.2913690507e-03    5.9618765003e-02   -4.3528801417e-02    3.8167292329e-02    1.7989258780e-02    8.8797908925e-03    1.0371633000e+02    1.0371633000e+02    1.0371633000e+02
    1.9931430122e+01    1.6129689006e+02   -7.7401964721e+05   -4.3964669254e-03    5.7011846853e-02   -4.2412707104e-02    3.8308108541e-02    1.9411461885e-02    1.0398115741e-02    1.0371633000e+02    1.0371633000e+02    1.0371633000e+02
    2.0005714172e+01    1.6189804041e+02   -7.7401905883e+05   -7.8187532618e-04    6.3832156661e-02   -5.7227295598e-02    3.6763185832e-02    2.0703138536e-02    8.9755712062e-03    1.0371633000e+02    1.0371633000e+02    1.0371633000e+02
    1.9923827955e+01    1.6123536884e+02   -7.7401985869e+05   -5.4402064005e-03    5.2387469451e-02   -5.5050616695e-02    3.8549920002e-02    2.2856377866e-02    5.0292597504e-03    1.0371633000e+02    1.0371633000e+02    1.0371633000e+02
    2.0063045465e+01    1.6236199905e+02   -7.7401933189e+05    4.3019091594e-03    6.1140877879e-02   -3.9691527471e-02    4.0021132863e-02    2.6449206010e-02    3.2136034008e-03    1.0371633000e+02    1.0371633000e+02    1.0371633000e+02
    2.0057153154e+01    1.6231431499e+02   -7.7401950227e+05   -4.9953624340e-03    4.6439013998e-02   -4.9465516297e-02    3.9536711602e-02    2.0391510848e-02    1.3454188770e-02    1.0371633000e+02    1.0371633000e+02    1.0371633000e+02
    1.9929761791e+01    1.6128338894e+02   -7.7402003437e+05    4.4947502300e-03    6.5447705249e-02   -3.9759879098e-02    3.6283422196e-02    2.9892727957e-02    1.5972120149e-02    1.0371633000e+02    1.0371633000e+02    1.0371633000e+02
    2.0047275715e+01    1.6223438094e+02   -7.7401979099e+05   -1.2635819694e-02    6.2818174098e-02   -6.0499732089e-02    3.7469544729e-02    2.8056689819e-02   -2.6839923903e-05    1.0371633000e+02    1.0371633000e+02    1.0371633000e+02
    2.0131349847e+01    1.6291475840e+02   -7.7402063032e+05    5.9932873957e-03    5.2004184601e-02   -6.4710359648e-02    3.5667153453e-02    2.3012449508e-02    5.3832048390e-04    1.0371633000e+02    1.0371633000e+02    1.0371633000e+02
    1.9994870894e+01    1.6181029021e+02   -7.7401969281e+05   -7.7076918392e-03    5.2411484389e-02   -5.5231759047e-02    3.2070251412e-02    2.4679543425e-02    3.3796978486e-03    1.0371633000e+02    1.0371633000e+02    1.0371633000e+02
    1.9995684986e+01    1.6181687832e+02   -7.7401949989e+05   -1.4263363525e-02    5.4084115954e-02   -5.5275901743e-02    3.6734910056e-02    2.6037886558e-02    9.1246251858e-04    1.0371633000e+02    1.0371633000e+02    1.0371633000e+02
    2.0076325771e+01    1.6246947112e+02   -7.7401904768e+05   -1.2415727220e-02    5.8487455297e-02   -5.2755028420e-02    3.5766546014e-02    2.2170058269e-02   -2.4409513553e-03    1.0371633000e+02    1.0371633000e+02    1.0371633000e+02
    2.0136803872e+01    1.6295889559e+02   -7.7401968136e+05    3.0188517627e-03    3.9947540546e-02   -5.1454131674e-02    3.4665891226e-02    1.7903485099e-02    6.9415895734e-03    1.0371633000e+02    1.0371633000e+02    1.0371633000e+02
    2.0085746949e+01    1.6254571285e+02   -7.7401956021e+05   -1.3350346054e-02    4.7979399943e-02   -4.6511642051e-02    3.6912065545e-02    2.4899848633e-02    4.6748647753e-03    1.0371633000e+02    1.0371633000e+02    1.0371633000e+02
    1.9999154066e+01    1.6184495217e+02   -7.7402025604e+05    1.1091485271e-03    7.1181962640e-02   -4.3380131346e-02    3.7922440334e-02    2.1157676791e-02    8.6437001039e-03    1.0371633000e+02    1.0371633000e+02    1.0371633000e+02
    2.0011436436e+01    1.6194434835e+02   -7.7401944549e+05   -7.4127347218e-03    4.8606705741e-02   -4.2190875536e-02    4.1401401826e-02    2.4942872041e-02    9.3084700587e-03    1.0371633000e+02    1.0371633000e+02    1.0371633000e+02
    2.0006683771e+01    1.6190588698e+02   -7.7401963321e+05   -2.8525746626e-03    4.4039746909e-02   -5.1258150255e-02    4.1363300047e-02    2.4068491942e-02    8.2459545998e-03    1.0371633000e+02    1.0371633000e+02    1.0371633000e+02
    2.0116100056e+01    1.6279134810e+02   -7.7401948324e+05    8.5870501784e-03    6.5288483362e-02   -3.9565454245e-02    3.7241461102e-02    2.5970469451e-02    1.8916536780e-03    1.0371633000e+02    1.0371633000e+02    1.0371633000e+02
    2.0144521866e+01    1.6302135415e+02   -7.7401910111e+05   -4.2601551332e-03    7.2298837269e-02   -5.1532745006e-02    3.2383778015e-02    1.6170752708e-02    1.5159690213e-02    1.0371633000e+02    1.0371633000e+02    1.0371633000e+02
    1.9986119526e+01    1.6173946898e+02   -7.7402002024e+05    6.2108373517e-03    5.4552869671e-02   -4.9995113787e-02    3.2239346934e-02    2.3773540137e-02    5.9068444551e-03    1.0371633000e+02    1.0371633000e+02    1.0371633000e+02
    2.0040270769e+01    1.6217769278e+02   -7.7401978110e+05   -4.1244807677e-04    5.6677141147e-02   -4.1588837089e-02    4.0312230440e-02    2.3081952388e-02    1.2680611800e-02    1.0371633000e+02    1.0371633000e+02    1.0371633000e+02
    2.0078659177e+01    1.6248835442e+02   -7.7401905934e+05   -3.8599770782e-03    5.1312973930e-02   -4.4033733856e-02    3.8945357785e-02    2.5675940372e-02    6.8601177588e-04    1.0371633000e+02    1.0371633000e+02    1.0371633000e+02
    1.9982490652e+01    1.6171010199e+02   -7.7402070378e+05   -6.8926756034e-03    5.2260719322e-02   -5.6083298874e-02    4.0182727154e-02    2.5453099360e-02    4.0206898410e-06    1.0371633000e+02    1.0371633000e+02    1.0371633000e+02
    2.0065517088e+01    1.6238200089e+02   -7.7401919896e+05   -1.3197981010e-02    6.0070876401e-02   -5.5044584116e-02    3.8271436187e-02    2.5410384037e-02    1.0519541158e-02    1.0371633000e+02    1.0371633000e+02    1.0371633000e+02
    1.9990345827e+01    1.6177367069e+02   -7.7402001766e+05   -3.9243839545e-03    5.0200868691e-02   -5.0553107001e-02    3.6869658718e-02    2.2983040040e-02    1.3642086440e-02    1.0371633000e+02    1.0371633000e+02    1.0371633000e+02
    2.0007836570e+01    1.6191521611e+02   -7.7401970272e+05   -4.1043311112e-03    5.3404945818e-02   -5.2766542507e-02    4.2473983474e-02    2.2064755655e-02    5.2755448853e-03    1.0371633000e+02    1.0371633000e+02    1.0371633000e+02
    1.9974758467e+01    1.6164752859e+02   -7.7401976125e+05   -5.1106605115e-03    6.5505052916e-02   -5.6361375524e-02    4.1981794004e-02    2.6255781086e-02    1.1972002154e-02    1.0371633000e+02    1.0371633000e+02    1.0371633000e+02
    2.0011963775e+01    1.6194861588e+02   -7.7401992662e+05    4.3007374425e-03    4.9237292164e-02   -3.9679653391e-02    3.4012455599e-02    2.3318200352e-02    8.4607348740e-03    1.0371633000e+02    1.0371633000e+02    1.0371633000e+02
    1.9918065438e+01    1.6118873515e+02   -7.7401846016e+05   -4.0420598711e-03    4.7641824725e-02   -5.0294863844e-02    4.0909849826e-02    2.2260847252e-02    7.2379936219e-03    1.0371633000e+02    1.0371633000e+02    1.0371633000e+02
