-0.998 0.363199 -0.273785
-0.996 0.298498 -0.207384
-0.994 0.154575 -0.1311
-0.992 -0.0357691 -0.0534637
-0.99 -0.230553 0.0164125
-0.988 -0.387169 0.0701326
-0.986 -0.470758 0.101423
-0.984 -0.46081 0.107366
-0.982 -0.354793 0.0891514
-0.98 -0.168235 0.0521358
-0.978 0.0685747 0.00508213
-0.976 0.316492 -0.0413282
-0.974 0.534779 -0.0764773
-0.972 0.688294 -0.0919061
-0.97 0.753281 -0.0830885
-0.968 0.720802 -0.050484
-0.966 0.59737 0.000399579
-0.964 0.402898 0.0600052
-0.962 0.166575 0.116631
-0.96 -0.0783758 0.158877
-0.958 -0.300011 0.178123
-0.956 -0.472114 0.170498
-0.954 -0.577112 0.137873
-0.952 -0.607213 0.0876003
-0.95 -0.563873 0.0310049
-0.948 -0.45606 -0.019116
-0.946 -0.297909 -0.0514582
-0.944 -0.106378 -0.0590045
-0.942 0.100632 -0.0410006
-0.94 0.30549 -0.00361333
-0.938 0.491452 0.0409719
-0.936 0.642949 0.0769302
-0.934 0.745928 0.0882399
-0.932 0.788569 0.0625098
-0.93 0.762528 -0.00562318
-0.928 0.664614 -0.112314
-0.926 0.498556 -0.244135
-0.924 0.276328 -0.379738
-0.922 0.0184892 -0.493389
-0.92 -0.246926 -0.559766
-0.918 -0.487129 -0.559131
-0.916 -0.668739 -0.481828
-0.914 -0.762837 -0.33114
-0.912 -0.750053 -0.123806
-0.91 -0.624712 0.112055
-0.908 -0.397103 0.341393
-0.906 -0.0932242 0.528285
-0.904 0.248204 0.642531
-0.902 0.581143 0.665511
-0.9 0.859229 0.594112
-0.898 1.04317 0.441881
-0.896 1.10722 0.237049
-0.894 1.04346 0.0176732
-0.892 0.863093 -0.175274
-0.89 0.594441 -0.305593
-0.888 0.277942 -0.348881
-0.886 -0.0408705 -0.297497
-0.884 -0.319126 -0.162437
-0.882 -0.52363 0.0283311
-0.88 -0.635822 0.234875
-0.878 -0.653781 0.412761
-0.876 -0.590993 0.521618
-0.874 -0.472231 0.533146
-0.872 -0.327511 0.437038
-0.87 -0.185461 0.243577
-0.868 -0.0675159 -0.0176434
-0.866 0.0158052 -0.302762
-0.864 0.0658215 -0.561555
-0.862 0.0936781 -0.746776
-0.86 0.115966 -0.823172
-0.858 0.149068 -0.77445
-0.856 0.203612 -0.606818
-0.854 0.280431 -0.348354
-0.852 0.369048 -0.0442439
-0.85 0.449195 0.2513
-0.848 0.495128 0.484962
-0.846 0.481865 0.614251
-0.844 0.391975 0.615579
-0.842 0.221338 0.488931
-0.84 -0.0175548 0.258228
-0.838 -0.295739 -0.0327566
-0.836 -0.571592 -0.328217
-0.834 -0.797809 -0.570464
-0.832 -0.930271 -0.71055
-0.83 -0.937084 -0.717408
-0.828 -0.805897 -0.583814
-0.826 -0.547905 -0.328037
-0.824 -0.197509 0.00913486
-0.822 0.192551 0.37148
-0.82 0.559842 0.697265
-0.818 0.843153 0.930202
-0.816 0.993646 1.02947
-0.814 0.98408 0.976971
-0.812 0.814285 0.780579
-0.81 0.511741 0.472727
-0.808 0.127044 0.104688
-0.806 -0.274956 -0.262451
-0.804 -0.626716 -0.568469
-0.802 -0.870075 -0.764435
-0.8 -0.966585 -0.821022
-0.798 -0.904106 -0.733269
-0.796 -0.698454 -0.520993
-0.794 -0.389823 -0.224864
-0.792 -0.0347281 0.101104
-0.79 0.304901 0.399243
-0.788 0.573308 0.618342
-0.786 0.730909 0.7224
-0.784 0.760786 0.696499
-0.782 0.670483 0.548824
-0.78 0.488884 0.308588
-0.778 0.258972 0.0203139
-0.776 0.0280484 -0.264387
-0.774 -0.162453 -0.49604
-0.772 -0.285424 -0.635859
-0.77 -0.333027 -0.662142
-0.768 -0.317147 -0.573454
-0.766 -0.26529 -0.388133
-0.764 -0.212919 -0.140339
-0.762 -0.193937 0.126544
-0.76 -0.23148 0.367871
-0.758 -0.331133 0.545598
-0.756 -0.478159 0.634631
-0.754 -0.63951 0.626567
-0.752 -0.770343 0.530258
-0.75 -0.823789 0.36921
-0.748 -0.761977 0.176418
-0.746 -0.565957 -0.0123025
-0.744 -0.242341 -0.165206
-0.742 0.174965 -0.260426
-0.74 0.628583 -0.289657
-0.738 1.04658 -0.259077
-0.736 1.35496 -0.187419
-0.734 1.49146 -0.101628
-0.732 1.41793 -0.0310061
-0.73 1.12895 -0.000990568
-0.728 0.654757 -0.0277982
-0.726 0.0577678 -0.114954
-0.724 -0.576816 -0.252372
-0.722 -1.15483 -0.418155
-0.72 -1.58888 -0.582742
-0.718 -1.81314 -0.714621
-0.716 -1.79457 -0.786475
-0.714 -1.53842 -0.780594
-0.712 -1.08713 -0.692502
-0.71 -0.512711 -0.53208
-0.708 0.0957513 -0.32196
-0.706 0.647351 -0.0934673
-0.704 1.06447 0.119126
-0.702 1.29504 0.284956
-0.7 1.31992 0.382327
-0.698 1.15404 0.402763
-0.696 0.841611 0.352561
-0.694 0.446223 0.251536
-0.692 0.0382131 0.129146
-0.69 -0.31841 0.0187349
-0.688 -0.57687 -0.0490513
-0.686 -0.71441 -0.0523976
-0.684 -0.733894 0.0171685
-0.682 -0.660191 0.152784
-0.68 -0.532412 0.333202
-0.678 -0.393801 0.526549
-0.676 -0.281538 0.696235
-0.674 -0.218616 0.807912
-0.672 -0.209443 0.836187
-0.67 -0.24 0.769806
-0.668 -0.282375 0.614277
-0.666 -0.302581 0.391377
-0.664 -0.269849 0.135546
-0.662 -0.165305 -0.112211
-0.66 0.0119201 -0.311832
-0.658 0.242571 -0.431724
-0.656 0.48967 -0.454869
-0.654 0.705076 -0.382331
-0.652 0.838893 -0.233428
-0.65 0.849864 -0.0424645
-0.648 0.714619 0.147443
-0.646 0.433864 0.292373
-0.644 0.0341878 0.355978
-0.642 -0.434986 0.316698
-0.64 -0.908814 0.172438
-0.638 -1.31748 -0.0582142
-0.636 -1.59774 -0.338563
-0.634 -1.7035 -0.619783
-0.632 -1.61343 -0.849316
-0.63 -1.33436 -0.980222
-0.628 -0.899902 -0.979815
-0.626 -0.364699 -0.836025
-0.624 0.20456 -0.560288
-0.622 0.739613 -0.186393
-0.62 1.18072 0.234609
-0.618 1.48467 0.64257
-0.616 1.6294 0.978133
-0.614 1.61482 1.19261
-0.612 1.46004 1.25611
-0.61 1.19783 1.16258
-0.608 0.867862 0.930723
-0.606 0.50989 0.600784
-0.604 0.158477 0.227659
-0.602 -0.160164 -0.128412
-0.6 -0.428849 -0.411962
-0.598 -0.638021 -0.581483
-0.596 -0.783074 -0.616081
-0.594 -0.861451 -0.518486
-0.592 -0.870528 -0.313929
-0.59 -0.806997 -0.0451364
-0.588 -0.667973 0.23563
-0.586 -0.45355 0.476042
-0.584 -0.17005 0.632978
-0.582 0.167081 0.679969
-0.58 0.531755 0.611503
-0.578 0.887936 0.443481
-0.576 1.19287 0.209807
-0.574 1.40262 -0.0442124
-0.572 1.47908 -0.270414
-0.57 1.39723 -0.426687
-0.568 1.15113 -0.484635
-0.566 0.757413 -0.434597
-0.564 0.255115 -0.287148
-0.562 -0.298222 -0.0708466
-0.56 -0.833996 0.173325
-0.558 -1.28234 0.399782
-0.556 -1.58271 0.566951
-0.554 -1.6934 0.64509
-0.552 -1.59839 0.621874
-0.55 -1.31019 0.504704
-0.548 -0.868182 0.319323
-0.546 -0.332693 0.104973
-0.544 0.224202 -0.0930155
-0.542 0.72962 -0.231848
-0.54 1.12067 -0.279524
-0.538 1.35334 -0.221199
-0.536 1.40804 -0.0624684
-0.534 1.29104 0.171058
-0.532 1.03166 0.437843
-0.53 0.676098 0.687473
-0.528 0.278975 0.869437
-0.526 -0.105693 0.942087
-0.524 -0.432508 0.880203
-0.522 -0.670391 0.67983
-0.52 -0.805198 0.359529
-0.518 -0.83909 -0.0422
-0.516 -0.787155 -0.472861
-0.514 -0.672238 -0.87428
-0.512 -0.519221 -1.19185
-0.51 -0.349987 -1.38318
-0.508 -0.180039 -1.4246
-0.506 -0.0173145 -1.31463
-0.504 0.136776 -1.07374
-0.502 0.2846 -0.740627
-0.5 0.428675 -0.365678
-0.498 0.568194 -0.0028248
-0.496 0.696659 0.298856
-0.494 0.801288 0.50238
-0.492 0.864453 0.587798
-0.49 0.866928 0.554159
-0.488 0.792275 0.41834
-0.486 0.631435 0.211143
-0.484 0.386461 -0.0285337
-0.482 0.0725027 -0.260315
-0.48 -0.282566 -0.44864
-0.478 -0.640986 -0.567702
-0.476 -0.960058 -0.604362
-0.474 -1.19841 -0.558755
-0.472 -1.32252 -0.442733
-0.47 -1.31227 -0.276647
-0.468 -1.16468 -0.0852103
-0.466 -0.894976 0.10675
-0.464 -0.534854 0.277904
-0.462 -0.128159 0.412868
-0.46 0.27528 0.503235
-0.458 0.626682 0.54726
-0.456 0.885064 0.548491
-0.454 1.02262 0.513825
-0.452 1.02797 0.451503
-0.45 0.906792 0.369454
-0.448 0.679972 0.274286
-0.446 0.379649 0.170968
-0.444 0.0439834 0.0631173
-0.442 -0.28844 -0.046371
-0.44 -0.583631 -0.154629
-0.438 -0.815913 -0.25832
-0.436 -0.969887 -0.353509
-0.434 -1.04058 -0.435904
-0.432 -1.03199 -0.501403
-0.43 -0.954671 -0.546745
-0.428 -0.822804 -0.570062
-0.426 -0.651632 -0.571164
-0.424 -0.455596 -0.551479
-0.422 -0.247503 -0.513659
-0.42 -0.0386691 -0.461
-0.418 0.160228 -0.396845
-0.416 0.338089 -0.324192
-0.414 0.482631 -0.245643
-0.412 0.580398 -0.163733
-0.41 0.617775 -0.081559
-0.408 0.583002 -0.00347919
-0.406 0.468859 0.0643991
-0.404 0.275474 0.114239
-0.402 0.0125806 0.137197
-0.4 -0.299448 0.124874
-0.398 -0.630278 0.071311
-0.396 -0.942233 -0.0248519
-0.394 -1.19468 -0.158566
-0.392 -1.34969 -0.317441
-0.39 -1.37806 -0.482108
-0.388 -1.26477 -0.628072
-0.386 -1.01278 -0.72895
-0.384 -0.644351 -0.760688
-0.382 -0.199427 -0.706063
-0.38 0.268854 -0.558652
-0.378 0.701069 -0.325423
-0.376 1.03979 -0.0272935
-0.374 1.238 0.302689
-0.372 1.26625 0.623463
-0.37 1.11743 0.891823
-0.368 0.808279 1.06913
-0.366 0.377265 1.1277
-0.364 -0.120774 1.05571
-0.362 -0.622533 0.859692
-0.36 -1.0654 0.564002
-0.358 -1.39641 0.207311
-0.356 -1.57968 -0.163363
-0.354 -1.60097 -0.500071
-0.352 -1.46895 -0.761492
-0.35 -1.21283 -0.919282
-0.348 -0.876941 -0.962071
-0.346 -0.513323 -0.896395
-0.344 -0.173414 -0.744435
-0.342 0.0996004 -0.539021
-0.34 0.276673 -0.316924
-0.338 0.346141 -0.111748
-0.336 0.313972 0.0521642
-0.334 0.201195 0.163618
-0.332 0.0391152 0.22551
-0.33 -0.13671 0.252673
-0.328 -0.292678 0.267129
-0.326 -0.402484 0.291789
-0.324 -0.450808 0.343967
-0.322 -0.434898 0.430158
-0.32 -0.363963 0.543259
-0.318 -0.256701 0.662962
-0.316 -0.137525 0.759354
-0.314 -0.0322117 0.799114
-0.312 0.0362748 0.753085
-0.31 0.0511971 0.603696
-0.308 0.004263 0.350619
-0.306 -0.103515 0.0133719
-0.304 -0.262279 -0.369896
-0.302 -0.454892 -0.747452
-0.3 -0.659309 -1.06212
-0.298 -0.851418 -1.26111
-0.296 -1.00802 -1.30581
-0.294 -1.10966 -1.17963
-0.292 -1.14309 -0.892316
-0.29 -1.10308 -0.479891
-0.288 -0.993442 0.000139857
-0.286 -0.827055 0.477497
-0.284 -0.624826 0.880416
-0.282 -0.413496 1.14755
-0.28 -0.22243 1.23838
-0.278 -0.0796575 1.14028
-0.276 -0.0076026 0.870869
-0.274 -0.0191388 0.47515
-0.272 -0.114643 0.0179412
-0.27 -0.280711 -0.427205
-0.268 -0.490999 -0.790584
-0.266 -0.709342 -1.01821
-0.264 -0.894912 -1.08088
-0.262 -1.00872 -0.978739
-0.26 -1.02047 -0.74062
-0.258 -0.914538 -0.418252
-0.256 -0.693926 -0.0763844
-0.254 -0.381161 0.219317
-0.252 -0.0158163 0.414374
-0.25 0.351272 0.475346
-0.248 0.666222 0.395571
-0.246 0.881368 0.195706
-0.244 0.963846 -0.0810613
-0.242 0.901799 -0.378226
-0.24 0.706831 -0.637848
-0.238 0.412061 -0.812783
-0.236 0.0659618 -0.876819
-0.234 -0.276935 -0.83063
-0.232 -0.56669 -0.702189
-0.23 -0.767814 -0.541369
-0.228 -0.866244 -0.409561
-0.226 -0.871859 -0.366208
-0.224 -0.815818 -0.454824
-0.222 -0.743066 -0.691348
-0.22 -0.70141 -1.05733
-0.218 -0.72941 -1.49969
-0.216 -0.845696 -1.93757
-0.214 -1.04223 -2.27547
-0.212 -1.28333 -2.42063
-0.21 -1.51107 -2.30151
-0.208 -1.65651 -1.88408
-0.206 -1.65469 -1.18251
-0.204 -1.46034 -0.261887
-0.202 -1.06117 0.768165
-0.2 -0.4854 1.76843
-0.198 0.198459 2.5915
-0.196 0.890222 3.10608
-0.194 1.47403 3.22011
-0.192 1.83904 2.89832
-0.19 1.90096 2.17097
-0.188 1.62029 1.13154
-0.186 1.01329 -0.0764146
-0.184 0.15335 -1.28162
-0.182 -0.838417 -2.31276
-0.18 -1.81172 -3.02683
-0.178 -2.61197 -3.3331
-0.176 -3.10682 -3.20812
-0.174 -3.20964 -2.6992
-0.172 -2.89526 -1.91522
-0.17 -2.20502 -1.00652
-0.168 -1.24004 -0.137428
-0.166 -0.143749 0.543577
-0.164 0.922865 0.930471
-0.162 1.80874 0.977977
-0.16 2.39765 0.708048
-0.158 2.62584 0.203194
-0.156 2.48918 -0.412095
-0.154 2.03876 -0.998228
-0.152 1.36635 -1.43033
-0.15 0.582951 -1.62495
-0.148 -0.204505 -1.55809
-0.146 -0.913403 -1.27058
-0.144 -1.49824 -0.85946
-0.142 -1.95338 -0.456684
-0.14 -2.30564 -0.199426
-0.138 -2.59865 -0.197904
-0.136 -2.87332 -0.507597
-0.134 -3.14932 -1.11203
-0.132 -3.4127 -1.92036
-0.13 -3.61322 -2.78123
-0.128 -3.67289 -3.51076
-0.126 -3.50461 -3.92982
-0.124 -3.03687 -3.90327
-0.122 -2.23912 -3.37305
-0.12 -1.14148 -2.37786
-0.118 0.156899 -1.05459
-0.116 1.49416 0.380278
-0.114 2.66726 1.66653
-0.112 3.46585 2.54758
-0.11 3.71261 2.82043
-0.108 3.30221 2.37859
-0.106 2.23064 1.23913
-0.104 0.607975 -0.452309
-0.102 -1.34966 -2.44084
-0.1 -3.34905 -4.40339
-0.098 -5.06597 -6.00481
-0.096 -6.20071 -6.95898
-0.094 -6.53309 -7.08339
-0.092 -5.96643 -6.33668
-0.09 -4.55158 -4.83114
-0.088 -2.48527 -2.81695
-0.086 -0.0819234 -0.640187
-0.084 2.27689 1.31838
-0.082 4.20685 2.71253
-0.08 5.38745 3.29507
-0.078 5.61843 2.96499
-0.076 4.8553 1.78824
-0.074 3.21708 -0.0125844
-0.072 0.964424 -2.09799
-0.07 -1.54782 -4.07379
-0.068 -3.93496 -5.56418
-0.066 -5.85143 -6.28199
-0.064 -7.05124 -6.08262
-0.062 -7.4284 -4.9914
-0.06 -7.02947 -3.19859
-0.058 -6.03593 -1.02297
-0.056 -4.72007 1.14941
-0.054 -3.38341 2.93937
-0.052 -2.29045 4.04752
-0.05 -1.61143 4.31123
-0.048 -1.38624 3.73468
-0.046 -1.51738 2.48568
-0.044 -1.79366 0.85994
-0.042 -1.94032 -0.780297
-0.04 -1.68534 -2.08099
-0.038 -0.828126 -2.76936
-0.036 0.704186 -2.7103
-0.034 2.82552 -1.93441
-0.032 5.29282 -0.63109
-0.03 7.74277 0.892433
-0.028 9.75755 2.27875
-0.026 10.9479 3.20106
-0.024 11.0376 3.44087
-0.022 9.93164 2.94618
-0.02 7.75512 1.85757
-0.018 4.85143 0.495494
-0.016 1.73958 -0.690225
-0.014 -0.964584 -1.20051
-0.012 -2.65 -0.582438
-0.01 -2.81773 1.47758
-0.008 -1.17466 5.08048
-0.006 2.30375 10.0757
-0.004 7.35401 16.066
-0.002 13.4536 22.4558
0 19.8945 28.5382
0.002 25.8897 33.6032
0.004 30.6943 37.0502
0.006 33.7194 38.4846
0.008 34.6212 37.7783
0.01 33.347 35.0875
0.012 30.1337 30.8207
0.014 25.4594 25.5667
0.016 19.9572 19.9945
0.018 14.3085 14.7443
0.02 9.135 10.3284
0.022 4.90656 7.05903
0.024 1.8819 5.01577
0.026 0.0896075 4.05512
0.028 -0.649026 3.85989
0.03 -0.661938 4.01703
0.032 -0.345881 4.10824
0.034 -0.0801536 3.79551
0.036 -0.15137 2.88528
0.038 -0.703296 1.35959
0.04 -1.72017 -0.630663
0.042 -3.04491 -2.80747
0.044 -4.42664 -4.83269
0.046 -5.58619 -6.38571
0.048 -6.28516 -7.23573
0.05 -6.38383 -7.29357
0.052 -5.87594 -6.63284
0.054 -4.89337 -5.47638
0.056 -3.68016 -4.15089
0.058 -2.54144 -3.01922
0.06 -1.7784 -2.40426
0.062 -1.62266 -2.52002
0.064 -2.18403 -3.42382
0.066 -3.42223 -4.99977
0.068 -5.14887 -6.97672
0.07 -7.05921 -8.97765
0.072 -8.78774 -10.5908
0.074 -9.97683 -11.4492
0.076 -10.3451 -11.3025
0.078 -9.74268 -10.0685
0.08 -8.18198 -7.85368
0.082 -5.83958 -4.93861
0.084 -3.02762 -1.7319
0.086 -0.140858 1.29975
0.088 2.41063 3.71185
0.09 4.2707 5.1582
0.092 5.19565 5.44884
0.094 5.09156 4.57967
0.096 4.02456 2.72898
0.098 2.20305 0.222237
0.1 -0.0636098 -2.52749
0.102 -2.42155 -5.09223
0.104 -4.53295 -7.1013
0.106 -6.12962 -8.30017
0.108 -7.05062 -8.58597
0.11 -7.25799 -8.01462
0.112 -6.82967 -6.77947
0.114 -5.9326 -5.16718
0.116 -4.78271 -3.49993
0.118 -3.60061 -2.07543
0.12 -2.57162 -1.11588
0.122 -1.81763 -0.734618
0.124 -1.38498 -0.925541
0.126 -1.24913 -1.57567
0.128 -1.3334 -2.49686
0.13 -1.53619 -3.46923
0.132 -1.75996 -4.2872
0.134 -1.93528 -4.79885
0.136 -2.03481 -4.93152
0.138 -2.07482 -4.69933
0.14 -2.10474 -4.19248
0.142 -2.18807 -3.55162
0.144 -2.37959 -2.93342
0.146 -2.70499 -2.475
0.148 -3.14774 -2.26447
0.15 -3.64676 -2.32358
0.152 -4.10564 -2.60532
0.154 -4.41159 -3.00651
0.156 -4.46004 -3.39224
0.158 -4.17947 -3.62652
0.16 -3.55092 -3.60289
0.162 -2.61773 -3.26855
0.164 -1.48285 -2.63719
0.166 -0.294155 -1.78828
0.168 0.779939 -0.853081
0.17 1.57969 0.00964478
0.172 1.9825 0.643286
0.174 1.92515 0.9227
0.176 1.41547 0.777648
0.178 0.531252 0.206119
0.18 -0.593181 -0.724676
0.182 -1.79026 -1.88953
0.184 -2.88771 -3.12629
0.186 -3.73699 -4.2628
0.188 -4.23653 -5.14457
0.19 -4.34562 -5.6587
0.192 -4.08695 -5.74973
0.194 -3.5379 -5.42544
0.196 -2.81271 -4.75206
0.198 -2.03962 -3.84038
0.2 -1.33738 -2.82578
0.202 -0.795588 -1.84579
0.204 -0.462383 -1.01928
0.206 -0.341102 -0.430401
0.208 -0.395837 -0.119543
0.21 -0.563983 -0.0820968
0.212 -0.772633 -0.274398
0.214 -0.955166 -0.625108
0.216 -1.06459 -1.04957
0.218 -1.08118 -1.46442
0.22 -1.01336 -1.8001
0.222 -0.892148 -2.00948
0.224 -0.761111 -2.07175
0.226 -0.664204 -1.99165
0.228 -0.634523 -1.79476
0.23 -0.686348 -1.52034
0.232 -0.812078 -1.21315
0.234 -0.984495 -0.915826
0.236 -1.16356 -0.662906
0.238 -1.30605 -0.47728
0.24 -1.37572 -0.369126
0.242 -1.35175 -0.337108
0.244 -1.2336 -0.371162
0.246 -1.04139 -0.456083
0.248 -0.811604 -0.57513
0.25 -0.589462 -0.712999
0.252 -0.41939 -0.857753
0.254 -0.335834 -1.00157
0.256 -0.35625 -1.14043
0.258 -0.477697 -1.27291
0.26 -0.677582 -1.39865
0.262 -0.918253 -1.5167
0.264 -1.15436 -1.62423
0.266 -1.34136 -1.71581
0.268 -1.44355 -1.78348
0.27 -1.43996 -1.81748
0.272 -1.32723 -1.80778
0.274 -1.11914 -1.74588
0.276 -0.843139 -1.6269
0.278 -0.53471 -1.4513
0.28 -0.230998 -1.22611
0.282 0.0351602 -0.965218
0.284 0.239693 -0.688607
0.286 0.369608 -0.420512
0.288 0.42307 -0.186642
0.29 0.407596 -0.0108354
0.292 0.337087 0.088394
0.294 0.228508 0.100849
0.296 0.098999 0.0266607
0.298 -0.0361105 -0.123105
0.3 -0.164185 -0.327465
0.302 -0.275245 -0.558123
0.304 -0.361408 -0.783339
0.306 -0.416309 -0.972506
0.308 -0.43494 -1.1007
0.31 -0.414134 -1.15243
0.312 -0.353641 -1.12391
0.314 -0.257459 -1.02348
0.316 -0.134909 -0.869909
0.318 -0.000891926 -0.689032
0.32 0.12509 -0.509171
0.322 0.221291 -0.356203
0.324 0.267224 -0.24916
0.326 0.247753 -0.197184
0.328 0.156926 -0.19838
0.33 0.000675751 -0.240769
0.332 -0.202398 -0.305148
0.334 -0.422614 -0.369264
0.336 -0.623156 -0.412504
0.338 -0.765882 -0.420141
0.34 -0.818069 -0.386314
0.342 -0.75887 -0.315157
0.344 -0.584225 -0.219845
0.346 -0.309155 -0.119771
0.348 0.0331901 -0.0364231
0.35 0.395789 0.0111961
0.352 0.724741 0.0106812
0.354 0.967867 -0.040972
0.356 1.08346 -0.136443
0.358 1.04765 -0.259235
0.36 0.858954 -0.386685
0.362 0.539311 -0.494223
0.364 0.131154 -0.560067
0.366 -0.308888 -0.569401
0.368 -0.71867 -0.517232
0.37 -1.04012 -0.409364
0.372 -1.22815 -0.261319
0.374 -1.25733 -0.0954131
0.376 -1.12541 0.0633927
0.378 -0.853018 0.192079
0.38 -0.479824 0.273685
0.382 -0.0578566 0.300201
0.384 0.356778 0.273708
0.386 0.712352 0.205633
0.388 0.968741 0.114296
0.39 1.10231 0.0213082
0.392 1.10786 -0.0524952
0.394 0.997461 -0.0907863
0.396 0.796857 -0.0844751
0.398 0.540049 -0.032976
0.4 0.263377 0.0561499
0.402 8.30498e-05 0.169021
0.404 -0.223755 0.2883
0.406 -0.391384 0.396494
0.408 -0.495552 0.479038
0.41 -0.537014 0.526614
0.412 -0.52196 0.536315
0.414 -0.459145 0.51157
0.416 -0.357441 0.460934
0.418 -0.224374 0.396108
0.42 -0.06588 0.329597
0.422 0.112802 0.2725
0.424 0.305511 0.232769
0.426 0.503427 0.214225
0.428 0.693867 0.216367
0.43 0.860168 0.234927
0.432 0.982919 0.262963
0.434 1.04253 0.292236
0.436 1.02273 0.314597
0.438 0.914293 0.323177
0.44 0.718278 0.313248
0.442 0.4479 0.282697
0.444 0.128504 0.232176
0.446 -0.204645 0.164966
0.448 -0.510587 0.0866784
0.45 -0.748356 0.00480041
0.452 -0.883231 -0.0718712
0.454 -0.892494 -0.133961
0.456 -0.769649 -0.172427
0.458 -0.526273 -0.179667
0.46 -0.191055 -0.15073
0.462 0.193913 -0.0845039
0.464 0.579086 0.0153646
0.466 0.914687 0.140065
0.468 1.15803 0.275974
0.47 1.2797 0.405888
0.472 1.26759 0.511132
0.474 1.12815 0.574329
0.476 0.884602 0.582451
0.478 0.5726 0.529653
0.48 0.234123 0.41931
0.482 -0.089319 0.264774
0.484 -0.362895 0.0885118
0.486 -0.563033 -0.0804624
0.488 -0.679622 -0.210615
0.49 -0.715601 -0.27287
0.492 -0.684188 -0.245747
0.494 -0.604495 -0.11979
0.496 -0.496548 0.0996011
0.498 -0.376826 0.391552
0.5 -0.255277 0.721652
0.502 -0.134409 1.04631
0.504 -0.0105757 1.31898
0.506 0.122913 1.49727
0.508 0.271682 1.54991
0.51 0.436237 1.46219
0.512 0.60904 1.23911
0.514 0.773589 0.905352
0.516 0.905941 0.502163
0.518 0.97858 0.0813949
0.52 0.965983 -0.302303
0.522 0.850795 -0.599929
0.524 0.629311 -0.775791
0.526 0.31497 -0.813087
0.528 -0.0611039 -0.716441
0.53 -0.452943 -0.510927
0.532 -0.80577 -0.237724
0.534 -1.06433 0.0528929
0.536 -1.18216 0.310016
0.538 -1.13013 0.490607
0.54 -0.902599 0.566546
0.542 -0.520028 0.529032
0.544 -0.0272382 0.389563
0.546 0.512425 0.177362
0.548 1.02624 -0.0662905
0.55 1.44305 -0.295755
0.552 1.70421 -0.469386
0.554 1.77263 -0.557008
0.556 1.63841 -0.545176
0.558 1.32011 -0.439279
0.56 0.861576 -0.262119
0.562 0.324732 -0.0492651
0.564 -0.220124 0.157949
0.566 -0.704983 0.320464
0.568 -1.07383 0.409064
0.57 -1.28986 0.410041
0.572 -1.33912 0.327877
0.574 -1.23033 0.184417
0.576 -0.99105 0.0146491
0.578 -0.661509 -0.140146
0.58 -0.287148 -0.240604
0.582 0.0884279 -0.257316
0.584 0.428961 -0.177142
0.586 0.708683 -0.00657305
0.588 0.912889 0.22858
0.59 1.0363 0.487229
0.592 1.08007 0.720109
0.594 1.04845 0.878716
0.596 0.946145 0.92447
0.598 0.777223 0.836414
0.6 0.545616 0.616009
0.602 0.257196 0.288065
0.604 -0.077424 -0.102468
0.606 -0.440308 -0.497361
0.608 -0.804889 -0.834526
0.61 -1.13672 -1.05836
0.612 -1.39663 -1.12926
0.614 -1.54601 -1.03056
0.616 -1.55344 -0.771812
0.618 -1.40137 -0.387516
0.62 -1.09136 0.0682009
0.622 -0.646751 0.530323
0.624 -0.111607 0.933469
0.626 0.454004 1.22244
0.628 0.982044 1.361
0.63 1.40654 1.33732
0.632 1.67395 1.16533
0.634 1.75195 0.881672
0.636 1.63499 0.538906
0.638 1.34549 0.196222
0.64 0.930354 -0.090716
0.642 0.453205 -0.279005
0.644 -0.0161137 -0.345237
0.646 -0.413062 -0.288628
0.648 -0.688742 -0.130102
0.65 -0.8172 0.092389
0.652 -0.798381 0.331368
0.654 -0.656258 0.538723
0.656 -0.432616 0.674361
0.658 -0.177818 0.713069
0.66 0.0595573 0.6484
0.662 0.242108 0.492976
0.664 0.350153 0.275271
0.666 0.384176 0.0335985
0.668 0.36276 -0.191482
0.67 0.316578 -0.364865
0.672 0.2798 -0.463245
0.674 0.280871 -0.478954
0.676 0.334711 -0.420651
0.678 0.438123 -0.310819
0.68 0.569508 -0.180653
0.682 0.693069 -0.0633804
0.684 0.766711 0.0126549
0.686 0.75202 0.0297877
0.688 0.624202 -0.0153955
0.69 0.379772 -0.111387
0.692 0.0402013 -0.234099
0.694 -0.349523 -0.351731
0.696 -0.727439 -0.431222
0.698 -1.0252 -0.445006
0.7 -1.18083 -0.376772
0.702 -1.15114 -0.225105
0.704 -0.921395 -0.00429583
0.706 -0.51017 0.257847
0.708 0.0317371 0.524778
0.71 0.6284 0.757705
0.712 1.19074 0.922559
0.714 1.63129 0.996149
0.716 1.87916 0.97033
0.718 1.89241 0.853424
0.72 1.66557 0.6686
0.722 1.23085 0.449551
0.724 0.652881 0.234242
0.726 0.0177586 0.0579395
0.728 -0.581449 -0.0532038
0.73 -1.06019 -0.0867776
0.732 -1.35612 -0.0461072
0.734 -1.43846 0.050771
0.736 -1.31166 0.174948
0.738 -1.01265 0.292561
0.74 -0.602553 0.371659
0.742 -0.154527 0.3887
0.744 0.259775 0.333408
0.746 0.582645 0.211059
0.748 0.779303 0.0417018
0.75 0.841911 -0.143566
0.752 0.788138 -0.308599
0.754 0.654852 -0.419364
0.756 0.488473 -0.450892
0.758 0.334134 -0.392666
0.76 0.225934 -0.251362
0.762 0.180275 -0.0503189
0.764 0.193556 0.174244
0.766 0.244544 0.379653
0.768 0.300744 0.524702
0.77 0.327253 0.577609
0.772 0.296055 0.5225
0.774 0.193675 0.36315
0.776 0.0254537 0.123187
0.778 -0.184523 -0.157412
0.78 -0.397879 -0.429001
0.782 -0.569873 -0.640994
0.784 -0.659119 -0.75111
0.786 -0.637042 -0.733436
0.788 -0.495028 -0.583788
0.79 -0.247677 -0.321315
0.792 0.0686235 0.0140673
0.794 0.401665 0.368066
0.796 0.692822 0.681159
0.798 0.888077 0.898926
0.8 0.948506 0.981722
0.802 0.858119 0.911954
0.804 0.627489 0.697595
0.806 0.292395 0.371251
0.808 -0.0922972 -0.015123
0.81 -0.462364 -0.398983
0.812 -0.755719 -0.717906
0.814 -0.923488 -0.920352
0.816 -0.93858 -0.974566
0.818 -0.800168 -0.87402
0.82 -0.533315 -0.638413
0.822 -0.183902 -0.310041
0.824 0.190052 0.0537943
0.826 0.528973 0.390998
0.828 0.782136 0.645647
0.83 0.915977 0.777756
0.832 0.91882 0.770073
0.834 0.801334 0.630718
0.836 0.592847 0.391211
0.838 0.334485 0.100314
0.84 0.0706664 -0.185162
0.842 -0.159288 -0.410839
0.844 -0.32776 -0.534627
0.846 -0.422478 -0.534156
0.848 -0.446677 -0.410444
0.85 -0.416023 -0.187213
0.852 -0.353224 0.0939545
0.854 -0.281686 0.381654
0.856 -0.219701 0.624328
0.858 -0.176464 0.77975
0.86 -0.15075 0.822557
0.862 -0.132425 0.748476
0.864 -0.106321 0.574509
0.866 -0.0574719 0.335164
0.868 0.0236167 0.0755024
0.87 0.136968 -0.157584
0.872 0.271436 -0.324209
0.874 0.405798 -0.398758
0.876 0.5125 -0.374264
0.878 0.563292 -0.26313
0.88 0.535572 -0.0941717
0.882 0.418043 0.0933818
0.884 0.214433 0.2577
0.886 -0.0556195 0.362456
0.888 -0.358795 0.383672
0.89 -0.653125 0.314053
0.892 -0.894913 0.164058
0.894 -1.04623 -0.0403879
0.896 -1.08159 -0.263027
0.898 -0.992523 -0.464166
0.9 -0.789176 -0.608023
0.902 -0.49872 -0.669108
0.904 -0.160844 -0.63651
0.906 0.178737 -0.515366
0.908 0.475558 -0.325361
0.91 0.693135 -0.0966692
0.912 0.808007 0.135775
0.914 0.812324 0.33854
0.916 0.713721 0.485303
0.918 0.532752 0.560794
0.92 0.298571 0.562477
0.922 0.0438131 0.499785
0.924 -0.200327 0.391259
0.926 -0.408009 0.260263
0.928 -0.561127 0.130229
0.93 -0.650034 0.0203686
0.932 -0.672854 -0.0573389
0.934 -0.633865 -0.0994093
0.936 -0.541571 -0.110269
0.938 -0.40699 -0.10012
0.94 -0.242522 -0.0818297
0.942 -0.0614642 -0.0676021
0.944 0.122012 -0.0661373
0.946 0.292793 -0.0808552
0.948 0.435092 -0.10948
0.95 0.533386 -0.144977
0.952 0.574113 -0.177545
0.954 0.547972 -0.19717
0.956 0.452345 -0.196131
0.958 0.293248 -0.170911
0.96 0.0861361 -0.123104
0.962 -0.144898 -0.0591588
0.964 -0.369729 0.0109446
0.966 -0.556396 0.0757658
0.968 -0.676254 0.124743
0.97 -0.709189 0.150302
0.972 -0.64782 0.149299
0.974 -0.499744 0.123537
0.976 -0.287158 0.0792945
0.978 -0.0437135 0.026011
0.98 0.191022 -0.0255563
0.982 0.378557 -0.065305
0.984 0.488646 -0.0854966
0.986 0.505212 -0.0818926
0.988 0.429773 -0.0541603
0.99 0.281559 -0.00555717
0.992 0.0941273 0.0579467
0.994 -0.0909921 0.12885
0.996 -0.232481 0.199324
0.998 -0.297674 0.26219
0.4 0.0394376 0.0332049
0.8 0.0451898 0.038837
1.2 0.0548132 0.0483481
1.6 0.0683569 0.0619124
2 0.0858779 0.0797505
2.4 0.107431 0.102108
2.8 0.133058 0.129231
3.2 0.162772 0.16134
3.6 0.196549 0.198603
4 0.234315 0.241115
4.4 0.275934 0.288873
4.8 0.321208 0.341767
5.2 0.369868 0.399565
5.6 0.421577 0.461917
6 0.475933 0.528358
6.4 0.532478 0.598317
6.8 0.590707 0.671136
7.2 0.650081 0.746091
7.6 0.710041 0.822416
8 0.770027 0.899329
8.4 0.829489 0.976057
8.8 0.887906 1.05186
9.2 0.944796 1.12606
9.6 0.999734 1.19805
10 1.05235 1.26731
10.4 1.10236 1.33341
10.8 1.14952 1.39603
11.2 1.19369 1.45495
11.6 1.23479 1.51004
12 1.2728 1.56125
12.4 1.30776 1.60862
12.8 1.33977 1.65225
13.2 1.36897 1.69229
13.6 1.39552 1.72891
14 1.41963 1.76231
14.4 1.44148 1.79272
14.8 1.4613 1.82035
15.2 1.4793 1.84541
15.6 1.49567 1.86809
16 1.5106 1.88857
16.4 1.52427 1.90701
16.8 1.53683 1.92354
17.2 1.5484 1.93828
17.6 1.55912 1.95132
18 1.56907 1.96276
18.4 1.57834 1.97267
18.8 1.58699 1.98113
19.2 1.59506 1.98819
19.6 1.6026 1.99393
20 1.60964 1.99842
20.4 1.61619 2.00176
20.8 1.62226 2.00402
21.2 1.62787 2.00533
21.6 1.63301 2.00577
22 1.63768 2.00549
22.4 1.64188 2.00459
22.8 1.6456 2.00321
23.2 1.64885 2.00147
23.6 1.65162 1.99948
24 1.65392 1.99734
24.4 1.65575 1.99514
24.8 1.65714 1.99295
25.2 1.65811 1.99079
25.6 1.65868 1.9887
26 1.65889 1.98665
26.4 1.65877 1.98463
26.8 1.65839 1.98258
27.2 1.65777 1.98043
27.6 1.65697 1.97812
28 1.65604 1.97556
28.4 1.655 1.97269
28.8 1.65391 1.96943
29.2 1.65276 1.96574
29.6 1.65159 1.96158
30 1.65039 1.95696
30.4 1.64915 1.95187
30.8 1.64785 1.94636
31.2 1.64647 1.94047
31.6 1.64497 1.93429
32 1.64331 1.92788
32.4 1.64146 1.92134
32.8 1.63938 1.91475
33.2 1.63704 1.90819
33.6 1.63441 1.90172
34 1.63148 1.89539
34.4 1.62824 1.88922
34.8 1.6247 1.88322
35.2 1.62087 1.87738
35.6 1.61678 1.87167
36 1.61246 1.86602
36.4 1.60793 1.86038
36.8 1.60325 1.85467
37.2 1.59845 1.84881
37.6 1.59356 1.84272
38 1.58863 1.83634
38.4 1.58368 1.8296
38.8 1.57874 1.82245
39.2 1.57383 1.81486
39.6 1.56895 1.80681
40 1.5641 1.7983
40.4 1.55928 1.78934
40.8 1.55448 1.77997
41.2 1.54968 1.77024
41.6 1.54485 1.76018
42 1.53997 1.74988
42.4 1.535 1.73939
42.8 1.52993 1.7288
43.2 1.52471 1.71818
43.6 1.51933 1.70758
44 1.51376 1.6971
44.4 1.508 1.68678
44.8 1.50204 1.67667
45.2 1.49588 1.66682
45.6 1.48954 1.65727
46 1.48304 1.64802
46.4 1.47643 1.6391
46.8 1.46976 1.6305
47.2 1.46306 1.62219
47.6 1.4564 1.61417
48 1.44984 1.60639
48.4 1.44344 1.59883
48.8 1.43725 1.59142
49.2 1.4313 1.58413
49.6 1.42564 1.57692
50 1.42029 1.56974
50.4 1.41525 1.56255
50.8 1.41051 1.55532
51.2 1.40606 1.54803
51.6 1.40187 1.54066
52 1.39789 1.53322
52.4 1.39409 1.5257
52.8 1.39041 1.51812
53.2 1.38682 1.5105
53.6 1.38328 1.50286
54 1.37975 1.49523
54.4 1.37621 1.48764
54.8 1.37265 1.48012
55.2 1.36907 1.4727
55.6 1.36547 1.4654
56 1.36186 1.45825
56.4 1.35824 1.45125
56.8 1.35464 1.44442
57.2 1.35105 1.43777
57.6 1.34748 1.43129
58 1.34392 1.42498
58.4 1.34034 1.41883
58.8 1.33674 1.41283
59.2 1.33306 1.40696
59.6 1.32928 1.40121
60 1.32534 1.39555
60.4 1.32121 1.38997
60.8 1.31684 1.38444
61.2 1.31219 1.37894
61.6 1.30725 1.37345
62 1.302 1.36794
62.4 1.29645 1.36238
62.8 1.29059 1.35676
63.2 1.28447 1.35104
63.6 1.27811 1.34521
64 1.27157 1.33924
64.4 1.26489 1.33311
64.8 1.25813 1.3268
65.2 1.25134 1.32031
65.6 1.24457 1.31362
66 1.23786 1.30672
66.4 1.23125 1.29961
66.8 1.22474 1.29231
67.2 1.21836 1.28481
67.6 1.21209 1.27714
68 1.20593 1.26931
68.4 1.19985 1.26135
68.8 1.1938 1.25329
69.2 1.18775 1.24514
69.6 1.18164 1.23694
70 1.17542 1.22872
70.4 1.16904 1.22048
70.8 1.16243 1.21225
71.2 1.15553 1.20402
71.6 1.14829 1.1958
72 1.14065 1.18756
72.4 1.13257 1.1793
72.8 1.124 1.17098
73.2 1.11492 1.16255
73.6 1.10527 1.15398
74 1.09506 1.14523
74.4 1.08425 1.13625
74.8 1.07284 1.12699
75.2 1.06083 1.11742
75.6 1.04821 1.10752
76 1.03501 1.09726
76.4 1.02121 1.08665
76.8 1.00683 1.07569
77.2 0.991882 1.0644
77.6 0.976361 1.0528
78 0.960271 1.04092
78.4 0.943609 1.02881
78.8 0.926368 1.0165
79.2 0.908536 1.004
79.6 0.8901 0.991345
80 0.871044 0.978536
80.4 0.851356 0.965568
80.8 0.831023 0.952417
81.2 0.810038 0.939048
81.6 0.788401 0.925415
82 0.766119 0.911462
82.4 0.743211 0.897131
82.8 0.719705 0.882368
83.2 0.69564 0.867128
83.6 0.671066 0.851378
84 0.646044 0.835111
84.4 0.620646 0.81834
84.8 0.594951 0.801112
85.2 0.569047 0.7835
85.6 0.543028 0.765607
86 0.516995 0.747564
86.4 0.491053 0.729523
86.8 0.465312 0.711651
87.2 0.439885 0.694125
87.6 0.414886 0.677121
88 0.390432 0.660805
88.4 0.36664 0.64533
88.8 0.343625 0.63082
89.2 0.321497 0.617374
89.6 0.300363 0.605055
90 0.28032 0.593889
90.4 0.261451 0.583868
90.8 0.243827 0.574952
91.2 0.227501 0.567069
91.6 0.212506 0.560127
92 0.198852 0.554014
92.4 0.186529 0.548612
92.8 0.175502 0.5438
93.2 0.165717 0.539463
93.6 0.157099 0.535497
94 0.14956 0.531814
94.4 0.142997 0.528347
94.8 0.137303 0.525048
95.2 0.132368 0.521892
95.6 0.128083 0.518872
96 0.12435 0.515997
96.4 0.121077 0.513289
96.8 0.11819 0.510778
97.2 0.115625 0.508498
97.6 0.113338 0.50648
98 0.111297 0.504752
98.4 0.109484 0.503333
98.8 0.107889 0.502234
99.2 0.106513 0.501454
99.6 0.105358 0.50098
100 0.104428 0.500791
100.4 0.103726 0.500857
100.8 0.103247 0.501142
101.2 0.102984 0.501607
101.6 0.102921 0.50221
102 0.103037 0.502912
102.4 0.103305 0.503675
102.8 0.103692 0.504467
103.2 0.104167 0.505258
103.6 0.104695 0.506028
104 0.105245 0.506757
104.4 0.10579 0.507433
104.8 0.106308 0.508048
105.2 0.106782 0.508598
105.6 0.107206 0.509081
106 0.107576 0.509501
106.4 0.107898 0.509862
106.8 0.108181 0.510173
107.2 0.10844 0.510446
107.6 0.108692 0.510697
108 0.108954 0.510947
108.4 0.109245 0.51122
108.8 0.109582 0.511545
109.2 0.109979 0.511953
109.6 0.110449 0.512479
110 0.111001 0.513159
110.4 0.11164 0.514027
110.8 0.112368 0.515118
111.2 0.113184 0.516458
111.6 0.114083 0.51807
112 0.115058 0.519969
112.4 0.116097 0.52216
112.8 0.117187 0.52464
113.2 0.118311 0.527395
113.6 0.119451 0.530405
114 0.120586 0.533643
114.4 0.121693 0.537075
114.8 0.122749 0.540669
115.2 0.123731 0.544388
115.6 0.124616 0.548201
116 0.125383 0.552079
116.4 0.126015 0.556
116.8 0.126497 0.559947
117.2 0.126821 0.56391
117.6 0.126983 0.567885
118 0.126989 0.571869
118.4 0.126848 0.575866
118.8 0.126576 0.579875
119.2 0.126198 0.583896
119.6 0.12574 0.587922
120 0.125235 0.591941
120.4 0.124717 0.595932
120.8 0.124219 0.599869
121.2 0.123776 0.603715
121.6 0.123416 0.60743
122 0.123164 0.610966
122.4 0.123042 0.614278
122.8 0.123059 0.617319
123.2 0.123222 0.620047
123.6 0.123527 0.622428
124 0.123966 0.624437
124.4 0.12452 0.626063
124.8 0.125169 0.627304
125.2 0.125888 0.628173
125.6 0.126647 0.628695
126 0.127417 0.628907
126.4 0.128171 0.628851
126.8 0.128883 0.628579
127.2 0.129528 0.628143
127.6 0.130089 0.627595
128 0.130552 0.626983
128.4 0.13091 0.62635
128.8 0.13116 0.62573
129.2 0.131305 0.625149
129.6 0.131355 0.624623
130 0.131322 0.624158
130.4 0.131223 0.623753
130.8 0.131077 0.623399
131.2 0.130903 0.623084
131.6 0.130724 0.622791
132 0.130558 0.622503
132.4 0.130424 0.622203
132.8 0.130336 0.621875
133.2 0.130304 0.621503
133.6 0.130334 0.621071
134 0.130425 0.620563
134.4 0.13057 0.619958
134.8 0.130759 0.619227
135.2 0.130971 0.618337
135.6 0.131186 0.617241
136 0.131377 0.615878
136.4 0.131515 0.614178
136.8 0.13157 0.612057
137.2 0.131514 0.609421
137.6 0.131324 0.606172
138 0.130981 0.602213
138.4 0.130475 0.597455
138.8 0.129805 0.591825
139.2 0.128983 0.585279
139.6 0.128034 0.577806
140 0.126997 0.569439
140.4 0.125924 0.560263
140.8 0.124882 0.550418
141.2 0.123948 0.5401
141.6 0.123211 0.529558
142 0.122767 0.519094
142.4 0.122717 0.509047
142.8 0.123161 0.499783
143.2 0.124198 0.49168
143.6 0.125919 0.48511
144 0.128406 0.480415
144.4 0.131724 0.477897
144.8 0.135922 0.477792
145.2 0.141026 0.480258
145.6 0.147042 0.485362
146 0.153948 0.493075
146.4 0.161699 0.503264
146.8 0.170223 0.515702
147.2 0.179422 0.530068
147.6 0.189178 0.545968
148 0.199349 0.562943
148.4 0.209777 0.580496
148.8 0.22029 0.598111
149.2 0.230706 0.615274
149.6 0.240837 0.631495
150 0.250498 0.646327
150.4 0.259506 0.659381
150.8 0.267691 0.670336
151.2 0.274896 0.678951
151.6 0.280983 0.685062
152 0.285839 0.688581
152.4 0.289375 0.689489
152.8 0.291529 0.687829
153.2 0.292268 0.683691
153.6 0.291587 0.677202
154 0.289509 0.668507
154.4 0.28608 0.657764
154.8 0.281368 0.645127
155.2 0.27546 0.630742
155.6 0.268457 0.61474
156 0.260469 0.597235
156.4 0.251612 0.578325
156.8 0.242002 0.558094
157.2 0.231758 0.536619
157.6 0.220989 0.513975
158 0.209801 0.490243
158.4 0.198294 0.465515
158.8 0.186557 0.439902
159.2 0.174676 0.413536
159.6 0.162728 0.386576
160 0.150786 0.359205
160.4 0.138922 0.331627
160.8 0.127204 0.304069
161.2 0.1157 0.276768
161.6 0.104478 0.249969
162 0.0936053 0.223914
162.4 0.0831502 0.198835
162.8 0.0731782 0.174948
163.2 0.0637515 0.152442
163.6 0.0549272 0.131473
164 0.0467547 0.112165
164.4 0.039274 0.0945993
164.8 0.0325131 0.0788192
165.2 0.026487 0.0648282
165.6 0.0211964 0.0525927
166 0.016628 0.0420457
166.4 0.012754 0.0330913
166.8 0.00953439 0.025611
167.2 0.00691779 0.0194688
167.6 0.00484438 0.0145181
168 0.00324838 0.0106072
168.4 0.00206097 0.00758473
168.8 0.0012131 0.00530489
169.2 0.000638185 0.00363099
169.6 0.000274356 0.00243872
170 6.63068e-05 0.00161816
170.4 -3.34606e-05 0.00107503
170.8 -6.3957e-05 0.000730962
171.2 -5.55927e-05 0.000523054
171.6 -3.05718e-05 0.00040282
172 -3.70319e-06 0.000334646
172.4 1.64861e-05 0.000293943
172.8 2.64564e-05 0.00026513
173.2 2.63012e-05 0.000239599
173.6 1.84435e-05 0.000213784
174 6.47342e-06 0.000187423
174.4 -5.808e-06 0.000162087
174.8 -1.50989e-05 0.000140031
175.2 -1.90494e-05 0.000123358
175.6 -1.64685e-05 0.000113504
176 -7.31792e-06 0.000111006
176.4 7.46175e-06 0.000115499
176.8 2.6239e-05 0.000125892
177.2 4.70373e-05 0.000140647
177.6 6.78866e-05 0.00015811
178 8.71363e-05 0.000176831
178.4 0.000103696 0.000195832
178.8 0.00011718 0.000214785
179.2 0.000127955 0.000234096
179.6 0.000137081 0.000254887
180 0.000146174 0.000278893
180.4 0.000157207 0.000308301
180.8 0.000172274 0.000345563
181.2 0.000193357 0.00039322
181.6 0.000222121 0.000453779
182 0.000259771 0.000529653
182.4 0.000306988 0.000623211
182.8 0.000363959 0.000736923
183.2 0.000430524 0.000873605
183.6 0.000506409 0.00103675
184 0.00059155 0.00123092
184.4 0.000686482 0.00146213
184.8 0.000792753 0.00173823
185.2 0.00091333 0.00206922
185.6 0.00105296 0.00246745
186 0.00121844 0.00294773
186.4 0.00141877 0.00352721
186.8 0.00166517 0.00422523
187.2 0.00197093 0.00506295
187.6 0.00235109 0.00606287
188 0.00282207 0.00724836
188.4 0.00340108 0.00864306
188.8 0.00410556 0.0102704
189.2 0.0049526 0.0121531
189.6 0.00595836 0.0143127
190 0.00713767 0.0167696
190.4 0.00850365 0.0195426
190.8 0.0100676 0.0226492
191.2 0.011839 0.0261055
191.6 0.0138255 0.0299263
192 0.0160334 0.0341254
192.4 0.0184677 0.0387159
192.8 0.0211326 0.0437094
193.2 0.0240312 0.0491168
193.6 0.0271662 0.0549471
194 0.0305392 0.0612072
194.4 0.0341505 0.0679009
194.8 0.0379983 0.0750282
195.2 0.0420784 0.082584
195.6 0.0463827 0.0905569
196 0.0508984 0.0989287
196.4 0.0556073 0.107673
196.8 0.0604851 0.116754
197.2 0.0655005 0.12613
197.6 0.0706158 0.135748
198 0.0757871 0.145547
198.4 0.0809648 0.155463
198.8 0.0860953 0.165423
199.2 0.0911227 0.175354
199.6 0.0959904 0.185182
200 0.100644 0.194833
200.4 0.105031 0.204241
200.8 0.109108 0.213343
201.2 0.112835 0.222089
201.6 0.116182 0.230438
202 0.11913 0.238361
202.4 0.121666 0.245844
202.8 0.123789 0.252885
203.2 0.125504 0.259497
203.6 0.126825 0.265706
204 0.127771 0.27155
204.4 0.128366 0.277076
204.8 0.128636 0.282341
205.2 0.128613 0.28741
205.6 0.128328 0.292351
206 0.127814 0.297235
206.4 0.127106 0.302133
206.8 0.126241 0.307117
207.2 0.125257 0.312253
207.6 0.124196 0.317603
208 0.123102 0.323223
208.4 0.122021 0.329158
208.8 0.121006 0.335447
209.2 0.120106 0.342117
209.6 0.119375 0.349185
210 0.118865 0.356655
210.4 0.118625 0.36452
210.8 0.118699 0.372764
211.2 0.119125 0.381356
211.6 0.119931 0.390258
212 0.121133 0.399423
212.4 0.12274 0.408795
212.8 0.124744 0.418312
213.2 0.127128 0.427908
213.6 0.129864 0.437512
214 0.132913 0.447053
214.4 0.136232 0.456458
214.8 0.139772 0.465655
215.2 0.143481 0.474573
215.6 0.14731 0.483143
216 0.151211 0.491298
216.4 0.155141 0.498973
216.8 0.159063 0.506107
217.2 0.162945 0.512639
217.6 0.166762 0.518515
218 0.170493 0.523679
218.4 0.17412 0.528082
218.8 0.177627 0.531676
219.2 0.180997 0.53442
219.6 0.184214 0.536277
220 0.187255 0.537214
220.4 0.190094 0.537207
220.8 0.192702 0.536239
221.2 0.195041 0.534298
221.6 0.197074 0.531382
222 0.198759 0.527494
222.4 0.200051 0.522645
222.8 0.20091 0.516849
223.2 0.201295 0.510128
223.6 0.201173 0.502502
224 0.200516 0.493996
224.4 0.199302 0.484633
224.8 0.197519 0.474436
225.2 0.195165 0.463427
225.6 0.192242 0.451626
226 0.188765 0.439054
226.4 0.184751 0.425732
226.8 0.180227 0.411683
227.2 0.17522 0.396935
227.6 0.169764 0.381521
228 0.163894 0.365487
228.4 0.157645 0.348885
228.8 0.151055 0.331783
229.2 0.144164 0.31426
229.6 0.13701 0.296408
230 0.129635 0.278333
230.4 0.122083 0.260151
230.8 0.114398 0.241985
231.2 0.10663 0.223964
231.6 0.0988293 0.206218
232 0.0910498 0.188875
232.4 0.0833476 0.172055
232.8 0.0757797 0.15587
233.2 0.0684037 0.140417
233.6 0.0612757 0.125778
234 0.0544493 0.112017
234.4 0.0479735 0.0991811
234.8 0.0418916 0.0872973
235.2 0.0362395 0.076376
235.6 0.0310445 0.0664113
236 0.0263247 0.0573829
236.4 0.0220884 0.049259
236.8 0.0183341 0.0419984
237.2 0.0150512 0.035553
237.6 0.0122203 0.0298699
238 0.0098148 0.024894
238.4 0.00780195 0.0205689
238.8 0.00614467 0.0168387
239.2 0.00480305 0.013649
239.6 0.00373597 0.010947
240 0.00290263 0.00868203
240.4 0.00226385 0.006806
240.8 0.00178317 0.00527299
241.2 0.00142772 0.00403948
241.6 0.00116871 0.0030643
242 0.000981735 0.00230875
242.4 0.000846791 0.0017367
242.8 0.00074809 0.00131484
243.2 0.000673679 0.00101289
243.6 0.00061496 0.000803871
244 0.00056612 0.000664325
244.4 0.000523552 0.000574418
244.8 0.000485284 0.000517979
245.2 0.000450459 0.000482392
245.6 0.000418899 0.000458359
246 0.000390745 0.000439544
246.4 0.000366207 0.000422116
246.8 0.000345391 0.000404237
247.2 0.000328213 0.000385518
247.6 0.000314384 0.000366499
248 0.000303431 0.000348183
248.4 0.000294762 0.000331651
248.8 0.000287737 0.000317783
249.2 0.000281739 0.000307086
249.6 0.000276237 0.000299627
250 0.000270828 0.000295055
250.4 0.000265258 0.000292694
250.8 0.00025942 0.000291674
251.2 0.000253335 0.000291079
251.6 0.000247122 0.000290082
252 0.000240954 0.000288057
252.4 0.000235023 0.000284642
252.8 0.000229499 0.000279762
253.2 0.000224506 0.000273605
253.6 0.000220104 0.000266565
254 0.000216286 0.000259155
254.4 0.000212983 0.000251921
254.8 0.000210082 0.000245355
255.2 0.00020744 0.000239822
255.6 0.000204915 0.000235524
256 0.000202379 0.000232478
256.4 0.000199737 0.000230532
256.8 0.000196939 0.000229405
257.2 0.000193977 0.000228733
257.6 0.000190887 0.000228135
258 0.000187737 0.000227264
258.4 0.00018461 0.000225858
258.8 0.000181594 0.000223767
259.2 0.000178766 0.000220961
259.6 0.000176179 0.000217529
260 0.000173859 0.000213646
260.4 0.000171798 0.000209545
260.8 0.000169961 0.00020547
261.2 0.000168289 0.000201643
261.6 0.000166714 0.000198229
262 0.000165165 0.000195318
262.4 0.000163579 0.000192917
262.8 0.000161912 0.000190958
263.2 0.000160143 0.000189314
263.6 0.000158274 0.000187824
264 0.000156328 0.000186326
264.4 0.000154344 0.000184678
264.8 0.000152372 0.000182782
265.2 0.00015046 0.0001806
265.6 0.000148649 0.000178151
266 0.000146966 0.00017551
266.4 0.00014542 0.000172793
266.8 0.000144001 0.000170134
267.2 0.000142683 0.000167665
267.6 0.000141429 0.000165494
268 0.000140196 0.000163694
268.4 0.000138941 0.000162285
268.8 0.000137633 0.00016124
269.2 0.000136249 0.000160487
269.6 0.000134787 0.000159921
270 0.000133259 0.00015942
270.4 0.000131694 0.000158863
270.8 0.000130129 0.000158149
271.2 0.000128607 0.000157205
271.6 0.000127171 0.000155995
272 0.000125856 0.000154525
272.4 0.000124683 0.000152836
272.8 0.000123662 0.000150993
273.2 0.000122785 0.000149077
273.6 0.00012203 0.000147168
274 0.000121365 0.000145335
274.4 0.000120751 0.000143624
274.8 0.000120148 0.000142055
275.2 0.000119521 0.000140618
275.6 0.000118841 0.000139279
276 0.000118091 0.000137986
276.4 0.000117265 0.000136678
276.8 0.000116368 0.000135299
277.2 0.000115414 0.000133801
277.6 0.000114419 0.000132159
278 0.000113405 0.000130369
278.4 0.000112386 0.000128449
278.8 0.000111374 0.000126438
279.2 0.000110372 0.000124389
279.6 0.000109373 0.000122357
280 0.000108367 0.000120396
280.4 0.000107336 0.000118548
280.8 0.000106262 0.000116836
281.2 0.000105127 0.000115266
281.6 0.000103918 0.000113822
282 0.000102629 0.000112471
282.4 0.000101263 0.00011117
282.8 9.98285e-05 0.000109871
283.2 9.8344e-05 0.000108529
283.6 9.6831e-05 0.000107107
284 9.53133e-05 0.000105584
284.4 9.38136e-05 0.000103954
284.8 9.23505e-05 0.000102228
285.2 9.09362e-05 0.000100432
285.6 8.95755e-05 9.86002e-05
286 8.82658e-05 9.67732e-05
286.4 8.69979e-05 9.49887e-05
286.8 8.57579e-05 9.32786e-05
287.2 8.45297e-05 9.16645e-05
287.6 8.32979e-05 9.01558e-05
288 8.205e-05 8.875e-05
288.4 8.07784e-05 8.74343e-05
288.8 7.94814e-05 8.61891e-05
289.2 7.81638e-05 8.4992e-05
289.6 7.68354e-05 8.38219e-05
290 7.55101e-05 8.26627e-05
290.4 7.42036e-05 8.15055e-05
290.8 7.29315e-05 8.03497e-05
291.2 7.17069e-05 7.92025e-05
291.6 7.05393e-05 7.80764e-05
292 6.94337e-05 7.69867e-05
292.4 6.83905e-05 7.5948e-05
292.8 6.74062e-05 7.49707e-05
293.2 6.64747e-05 7.4059e-05
293.6 6.55892e-05 7.32092e-05
294 6.47432e-05 7.24098e-05
294.4 6.39328e-05 7.16432e-05
294.8 6.31568e-05 7.08878e-05
295.2 6.2418e-05 7.01215e-05
295.6 6.17218e-05 6.93253e-05
296 6.10765e-05 6.84858e-05
296.4 6.04911e-05 6.75979e-05
296.8 5.99738e-05 6.66656e-05
297.2 5.9531e-05 6.57017e-05
297.6 5.91654e-05 6.47258e-05
298 5.88759e-05 6.3762e-05
298.4 5.86569e-05 6.28348e-05
298.8 5.84989e-05 6.19664e-05
299.2 5.83897e-05 6.11725e-05
299.6 5.83155e-05 6.04609e-05
300 5.82629e-05 5.98296e-05
300.4 5.82196e-05 5.92673e-05
300.8 5.81763e-05 5.87549e-05
301.2 5.81271e-05 5.8268e-05
301.6 5.80695e-05 5.77799e-05
302 5.80039e-05 5.72652e-05
302.4 5.79329e-05 5.67029e-05
302.8 5.786e-05 5.60789e-05
303.2 5.77877e-05 5.53874e-05
303.6 5.77168e-05 5.46309e-05
304 5.76453e-05 5.38195e-05
304.4 5.75675e-05 5.29691e-05
304.8 5.74745e-05 5.20983e-05
305.2 5.73548e-05 5.12256e-05
305.6 5.71949e-05 5.03673e-05
306 5.69811e-05 4.95342e-05
306.4 5.6701e-05 4.8731e-05
306.8 5.63445e-05 4.79556e-05
307.2 5.59053e-05 4.71995e-05
307.6 5.53814e-05 4.64494e-05
308 5.47748e-05 4.5689e-05
308.4 5.40918e-05 4.4901e-05
308.8 5.33416e-05 4.40699e-05
309.2 5.25353e-05 4.31831e-05
309.6 5.16846e-05 4.22322e-05
310 5.08006e-05 4.12138e-05
310.4 4.98926e-05 4.01286e-05
310.8 4.89677e-05 3.89808e-05
311.2 4.80304e-05 3.77768e-05
311.6 4.70826e-05 3.65237e-05
312 4.61247e-05 3.52276e-05
312.4 4.51559e-05 3.3893e-05
312.8 4.41754e-05 3.25224e-05
313.2 4.31828e-05 3.11158e-05
313.6 4.21795e-05 2.9672e-05
314 4.11684e-05 2.81893e-05
314.4 4.01543e-05 2.66668e-05
314.8 3.91433e-05 2.5106e-05
315.2 3.81425e-05 2.35114e-05
315.6 3.71589e-05 2.18909e-05
316 3.6199e-05 2.02565e-05
316.4 3.52678e-05 1.86229e-05
316.8 3.43683e-05 1.70068e-05
317.2 3.35013e-05 1.5425e-05
317.6 3.26658e-05 1.38933e-05
318 3.18587e-05 1.24241e-05
318.4 3.10759e-05 1.10259e-05
318.8 3.03126e-05 9.70167e-06
319.2 2.95643e-05 8.4494e-06
319.6 2.88272e-05 7.26207e-06
320 2.80986e-05 6.12881e-06
320.4 2.7377e-05 5.03635e-06
320.8 2.66619e-05 3.97063e-06
321.2 2.59539e-05 2.91848e-06
321.6 2.52535e-05 1.86904e-06
322 2.45613e-05 8.14749e-07
322.4 2.38769e-05 -2.48118e-07
322.8 2.31993e-05 -1.31955e-06
323.2 2.25261e-05 -2.39637e-06
323.6 2.18542e-05 -3.47318e-06
324 2.11799e-05 -4.54359e-06
324.4 2.04996e-05 -5.60141e-06
324.8 1.98103e-05 -6.64171e-06
325.2 1.91103e-05 -7.66157e-06
325.6 1.83997e-05 -8.66038e-06
326 1.76806e-05 -9.63977e-06
326.4 1.69571e-05 -1.06031e-05
326.8 1.62348e-05 -1.15546e-05
327.2 1.55207e-05 -1.24985e-05
327.6 1.48219e-05 -1.34379e-05
328 1.4145e-05 -1.43745e-05
328.4 1.34952e-05 -1.53075e-05
328.8 1.28758e-05 -1.62338e-05
329.2 1.22877e-05 -1.71484e-05
329.6 1.17291e-05 -1.80448e-05
330 1.11959e-05 -1.8916e-05
330.4 1.06824e-05 -1.97551e-05
330.8 1.01816e-05 -2.05566e-05
331.2 9.68651e-06 -2.13169e-05
331.6 9.19076e-06 -2.20345e-05
332 8.68946e-06 -2.27102e-05
332.4 8.17973e-06 -2.33471e-05
332.8 7.66093e-06 -2.39491e-05
333.2 7.13463e-06 -2.45213e-05
333.6 6.60428e-06 -2.5068e-05
334 6.07457e-06 -2.55928e-05
334.4 5.5508e-06 -2.60976e-05
334.8 5.03805e-06 -2.65823e-05
335.2 4.5406e-06 -2.70452e-05
335.6 4.06137e-06 -2.74829e-05
336 3.60174e-06 -2.78911e-05
336.4 3.16152e-06 -2.82658e-05
336.8 2.73923e-06 -2.86035e-05
337.2 2.3326e-06 -2.89023e-05
337.6 1.9391e-06 -2.91624e-05
338 1.55659e-06 -2.93862e-05
338.4 1.18383e-06 -2.95784e-05
338.8 8.20821e-07 -2.97455e-05
339.2 4.69003e-07 -2.98949e-05
339.6 1.31138e-07 -3.00344e-05
340 -1.88985e-07 -3.01714e-05
340.4 -4.87023e-07 -3.03116e-05
340.8 -7.58661e-07 -3.04587e-05
341.2 -1.00019e-06 -3.06143e-05
341.6 -1.20901e-06 -3.07774e-05
342 -1.38402e-06 -3.09448e-05
342.4 -1.52573e-06 -3.1112e-05
342.8 -1.6363e-06 -3.12733e-05
343.2 -1.71923e-06 -3.14231e-05
343.6 -1.77901e-06 -3.1556e-05
344 -1.82063e-06 -3.16682e-05
344.4 -1.84916e-06 -3.17567e-05
344.8 -1.86927e-06 -3.18205e-05
345.2 -1.88497e-06 -3.18596e-05
345.6 -1.89953e-06 -3.18753e-05
346 -1.91544e-06 -3.1869e-05
346.4 -1.93466e-06 -3.18422e-05
346.8 -1.95888e-06 -3.17957e-05
347.2 -1.98986e-06 -3.17292e-05
347.6 -2.02967e-06 -3.16415e-05
348 -2.08096e-06 -3.153e-05
348.4 -2.14694e-06 -3.13912e-05
348.8 -2.23133e-06 -3.12212e-05
349.2 -2.33805e-06 -3.1016e-05
349.6 -2.47087e-06 -3.07723e-05
350 -2.63291e-06 -3.04876e-05
350.4 -2.82624e-06 -3.0161e-05
350.8 -3.05144e-06 -2.97931e-05
351.2 -3.30737e-06 -2.9386e-05
351.6 -3.59112e-06 -2.89432e-05
352 -3.89812e-06 -2.84693e-05
352.4 -4.22251e-06 -2.79692e-05
352.8 -4.5576e-06 -2.74481e-05
353.2 -4.89647e-06 -2.69108e-05
353.6 -5.23258e-06 -2.63615e-05
354 -5.56033e-06 -2.58033e-05
354.4 -5.87554e-06 -2.52386e-05
354.8 -6.17566e-06 -2.46691e-05
355.2 -6.45984e-06 -2.40958e-05
355.6 -6.72881e-06 -2.35196e-05
356 -6.98452e-06 -2.29411e-05
356.4 -7.22964e-06 -2.23616e-05
356.8 -7.46709e-06 -2.17825e-05
357.2 -7.69943e-06 -2.12056e-05
357.6 -7.92842e-06 -2.06332e-05
358 -8.1547e-06 -2.00676e-05
358.4 -8.37756e-06 -1.95111e-05
358.8 -8.59493e-06 -1.89653e-05
359.2 -8.80358e-06 -1.84314e-05
359.6 -8.9994e-06 -1.79097e-05
360 -9.17773e-06 -1.73996e-05
360.4 -9.33385e-06 -1.69e-05
360.8 -9.46333e-06 -1.64088e-05
361.2 -9.56244e-06 -1.5924e-05
361.6 -9.62836e-06 -1.54435e-05
362 -9.65934e-06 -1.49655e-05
362.4 -9.65479e-06 -1.44891e-05
362.8 -9.61521e-06 -1.40138e-05
363.2 -9.5421e-06 -1.35404e-05
363.6 -9.43781e-06 -1.307e-05
364 -9.30539e-06 -1.26045e-05
364.4 -9.14844e-06 -1.21457e-05
364.8 -8.97098e-06 -1.16954e-05
365.2 -8.77732e-06 -1.12548e-05
365.6 -8.57199e-06 -1.08243e-05
366 -8.3596e-06 -1.04033e-05
366.4 -8.14473e-06 -9.9904e-06
366.8 -7.93181e-06 -9.58327e-06
367.2 -7.72489e-06 -9.17912e-06
367.6 -7.52748e-06 -8.77498e-06
368 -7.34232e-06 -8.36814e-06
368.4 -7.17114e-06 -7.95652e-06
368.8 -7.01456e-06 -7.53903e-06
369.2 -6.87192e-06 -7.11571e-06
369.6 -6.74134e-06 -6.6878e-06
370 -6.61979e-06 -6.25765e-06
370.4 -6.50334e-06 -5.82848e-06
370.8 -6.38744e-06 -5.40397e-06
371.2 -6.26734e-06 -4.98793e-06
371.6 -6.13848e-06 -4.58382e-06
372 -5.99692e-06 -4.19443e-06
372.4 -5.83969e-06 -3.82163e-06
372.8 -5.66503e-06 -3.46621e-06
373.2 -5.47247e-06 -3.12791e-06
373.6 -5.26288e-06 -2.80559e-06
374 -5.03827e-06 -2.49744e-06
374.4 -4.80152e-06 -2.20132e-06
374.8 -4.55603e-06 -1.91508e-06
375.2 -4.30539e-06 -1.63687e-06
375.6 -4.05297e-06 -1.36535e-06
376 -3.80166e-06 -1.09983e-06
376.4 -3.55367e-06 -8.40298e-07
376.8 -3.31046e-06 -5.87331e-07
377.2 -3.07275e-06 -3.41943e-07
377.6 -2.84073e-06 -1.05383e-07
378 -2.61422e-06 1.21079e-07
378.4 -2.39292e-06 3.36331e-07
378.8 -2.17669e-06 5.3955e-07
379.2 -1.96572e-06 7.30251e-07
379.6 -1.76063e-06 9.08273e-07
380 -1.5625e-06 1.07369e-06
380.4 -1.37281e-06 1.22668e-06
380.8 -1.19325e-06 1.36741e-06
381.2 -1.02556e-06 1.49592e-06
381.6 -8.71288e-07 1.61204e-06
382 -7.31584e-07 1.71546e-06
382.4 -6.07094e-07 1.80577e-06
382.8 -4.97893e-07 1.88261e-06
383.2 -4.03518e-07 1.94592e-06
383.6 -3.23101e-07 1.9961e-06
384 -2.55556e-07 2.03423e-06
384.4 -1.9981e-07 2.06215e-06
384.8 -1.55023e-07 2.08255e-06
385.2 -1.20775e-07 2.09886e-06
385.6 -9.71759e-08 2.11506e-06
386 -8.48841e-08 2.13541e-06
386.4 -8.50164e-08 2.16405e-06
386.8 -9.89703e-08 2.20471e-06
387.2 -1.28172e-07 2.26024e-06
387.6 -1.73792e-07 2.33239e-06
388 -2.36461e-07 2.42155e-06
388.4 -3.16038e-07 2.52671e-06
388.8 -4.11454e-07 2.6455e-06
389.2 -5.2067e-07 2.7744e-06
389.6 -6.40745e-07 2.90905e-06
390 -7.68011e-07 3.04456e-06
390.4 -8.98346e-07 3.176e-06
390.8 -1.02749e-06 3.2987e-06
391.2 -1.15139e-06 3.40865e-06
391.6 -1.26649e-06 3.50268e-06
392 -1.36999e-06 3.57864e-06
392.4 -1.46001e-06 3.63541e-06
392.8 -1.53559e-06 3.67283e-06
393.2 -1.59671e-06 3.69157e-06
393.6 -1.64406e-06 3.69295e-06
394 -1.6789e-06 3.67871e-06
394.4 -1.70278e-06 3.65088e-06
394.8 -1.71734e-06 3.61161e-06
395.2 -1.72409e-06 3.56305e-06
395.6 -1.72427e-06 3.50735e-06
396 -1.71882e-06 3.44663e-06
396.4 -1.70833e-06 3.38298e-06
396.8 -1.69318e-06 3.31847e-06
397.2 -1.67356e-06 3.25512e-06
397.6 -1.64965e-06 3.19486e-06
398 -1.62172e-06 3.13941e-06
398.4 -1.59018e-06 3.09016e-06
398.8 -1.55563e-06 3.04796e-06
399.2 -1.51881e-06 3.01296e-06
399.6 -1.48055e-06 2.98447e-06
400 -1.44167e-06 2.96083e-06
