-0.998 -2.27983 -5.95173
-0.996 -0.40326 -7.32031
-0.994 1.49121 -7.95488
-0.992 3.14884 -8.02163
-0.99 4.32803 -7.74869
-0.988 4.83022 -7.36967
-0.986 4.5265 -7.0726
-0.984 3.37738 -6.9648
-0.982 1.4433 -7.05967
-0.98 -1.1162 -7.28622
-0.978 -4.05562 -7.51746
-0.976 -7.06807 -7.6096
-0.974 -9.81834 -7.44327
-0.972 -11.9799 -6.95798
-0.97 -13.2714 -6.17284
-0.968 -13.4884 -5.1895
-0.966 -12.5279 -4.17597
-0.964 -10.4025 -3.33408
-0.962 -7.2444 -2.85665
-0.96 -3.29578 -2.88306
-0.958 1.11069 -3.46272
-0.956 5.58189 -4.53423
-0.954 9.70131 -5.92531
-0.952 13.0703 -7.37455
-0.95 15.349 -8.57177
-0.948 16.2919 -9.21033
-0.946 15.7738 -9.04161
-0.944 13.802 -7.92141
-0.942 10.5145 -5.83939
-0.94 6.16654 -2.92633
-0.938 1.1057 0.561763
-0.936 -4.25923 4.27986
-0.934 -9.49458 7.84393
-0.932 -14.1799 10.886
-0.93 -17.9449 13.1048
-0.928 -20.5012 14.3031
-0.926 -21.6668 14.4066
-0.924 -21.3808 13.4623
-0.922 -19.7081 11.6195
-0.92 -16.8335 9.09973
-0.918 -13.0461 6.16115
-0.916 -8.71454 3.06526
-0.914 -4.25508 0.0496319
-0.912 -0.0944618 -2.69056
-0.91 3.36802 -5.01163
-0.908 5.79633 -6.82189
-0.906 6.94838 -8.07546
-0.904 6.69951 -8.76143
-0.902 5.05719 -8.89159
-0.9 2.16496 -8.48956
-0.898 -1.70578 -7.58454
-0.896 -6.17725 -6.21125
-0.894 -10.7993 -4.41569
-0.892 -15.0934 -2.26422
-0.89 -18.6025 0.148519
-0.888 -20.9402 2.69713
-0.886 -21.8344 5.23171
-0.884 -21.1592 7.59338
-0.882 -18.9513 9.63654
-0.88 -15.4111 11.2529
-0.878 -10.8867 12.3911
-0.876 -5.8412 13.0673
-0.874 -0.80585 13.3643
-0.872 3.6805 13.4183
-0.87 7.13851 13.3973
-0.868 9.21412 13.473
-0.866 9.73175 13.7914
-0.864 8.72455 14.4459
-0.862 6.43455 15.4584
-0.86 3.28063 16.7702
-0.858 -0.201103 18.2462
-0.856 -3.43544 19.6918
-0.854 -5.89197 20.8776
-0.852 -7.16203 21.5686
-0.85 -7.01748 21.5534
-0.848 -5.44341 20.6685
-0.846 -2.64015 18.8173
-0.844 1.00622 15.983
-0.842 4.98145 12.2341
-0.84 8.72113 7.72318
-0.838 11.6977 2.67852
-0.836 13.503 -2.61157
-0.834 13.9132 -7.82007
-0.832 12.9235 -12.6065
-0.83 10.7471 -16.6436
-0.828 7.77649 -19.6435
-0.826 4.51284 -21.3826
-0.824 1.47752 -21.7228
-0.822 -0.879825 -20.6309
-0.82 -2.25894 -18.192
-0.818 -2.55827 -14.6161
-0.816 -1.88708 -10.233
-0.814 -0.539039 -5.47317
-0.812 1.0664 -0.830438
-0.81 2.46306 3.19132
-0.808 3.22306 6.14363
-0.806 3.03403 7.70046
-0.804 1.75653 7.7148
-0.802 -0.54713 6.25273
-0.8 -3.61805 3.59653
-0.798 -7.04063 0.213861
-0.796 -10.3118 -3.30384
-0.794 -12.9287 -6.32538
-0.792 -14.4783 -8.27393
-0.79 -14.7123 -8.71708
-0.788 -13.5928 -7.43899
-0.786 -11.2991 -4.48229
-0.784 -8.19591 -0.151818
-0.782 -4.76836 5.022
-0.78 -1.5367 10.3553
-0.778 1.03449 15.1078
-0.776 2.61646 18.5901
-0.774 3.07211 20.2649
-0.772 2.47814 19.8267
-0.77 1.10987 17.2475
-0.768 -0.608715 12.7792
-0.766 -2.18098 6.9133
-0.764 -3.12696 0.303096
-0.762 -3.07034 -6.338
-0.76 -1.80819 -12.345
-0.758 0.648189 -17.1974
-0.756 4.06847 -20.5857
-0.754 8.03527 -22.4369
-0.752 12.0083 -22.8953
-0.75 15.4109 -22.2655
-0.748 17.7241 -20.9288
-0.746 18.5745 -19.2541
-0.744 17.798 -17.5188
-0.742 15.4708 -15.8578
-0.74 11.8998 -14.2504
-0.738 7.5733 -12.5442
-0.736 3.08044 -10.5129
-0.734 -0.986666 -7.9313
-0.732 -4.13128 -4.65488
-0.73 -6.03243 -0.684728
-0.728 -6.59326 3.79527
-0.726 -5.94935 8.42046
-0.724 -4.43635 12.6902
-0.722 -2.52369 16.0507
-0.72 -0.72662 18.0006
-0.718 0.48821 18.1999
-0.716 0.787164 16.5556
-0.714 0.0294136 13.2663
-0.712 -1.70877 8.81148
-0.71 -4.14977 3.88687
-0.708 -6.86736 -0.704351
-0.706 -9.36599 -4.18421
-0.704 -11.1713 -5.93364
-0.702 -11.915 -5.6042
-0.7 -11.4001 -3.18893
-0.698 -9.63648 0.960705
-0.696 -6.84097 6.17693
-0.694 -3.40437 11.5732
-0.692 0.171352 16.1839
-0.69 3.35558 19.125
-0.688 5.67848 19.7471
-0.686 6.81223 17.7529
-0.684 6.62895 13.2572
-0.682 5.22336 6.7775
-0.68 2.89456 -0.841782
-0.678 0.0897005 -8.55649
-0.676 -2.67987 -15.2803
-0.674 -4.9338 -20.0465
-0.672 -6.3115 -22.1506
-0.67 -6.63856 -21.252
-0.668 -5.95956 -17.4202
-0.666 -4.53171 -11.118
-0.664 -2.77924 -3.12569
-0.662 -1.21492 5.58156
-0.66 -0.34023 13.9809
-0.658 -0.540902 21.1474
-0.656 -1.99691 26.3748
-0.654 -4.62523 29.2527
-0.652 -8.06848 29.6918
-0.65 -11.7346 27.8987
-0.648 -14.8832 24.3104
-0.646 -16.7452 19.5051
-0.644 -16.6575 14.1064
-0.642 -14.1883 8.69776
-0.64 -9.23243 3.75796
-0.638 -2.05823 -0.377254
-0.636 6.7042 -3.52599
-0.634 16.1336 -5.64729
-0.632 25.1369 -6.81102
-0.63 32.6012 -7.15908
-0.628 37.5539 -6.86663
-0.626 39.3092 -6.11029
-0.624 37.5757 -5.04734
-0.622 32.5092 -3.80681
-0.62 24.6992 -2.49033
-0.618 15.0915 -1.17862
-0.616 4.85759 0.0611264
-0.614 -4.76891 1.17146
-0.612 -12.6648 2.10652
-0.61 -17.9714 2.83936
-0.608 -20.2082 3.37173
-0.606 -19.3298 3.74166
-0.604 -15.7192 4.02431
-0.602 -10.1197 4.32223
-0.6 -3.51787 4.74481
-0.598 3.00502 5.3794
-0.596 8.42985 6.26031
-0.594 11.9427 7.34396
-0.592 13.0439 8.49895
-0.59 11.6077 9.51685
-0.588 7.8864 10.1446
-0.586 2.45722 10.1334
-0.584 -3.87496 9.29352
-0.582 -10.2036 7.54326
-0.58 -15.652 4.94075
-0.578 -19.4894 1.69079
-0.576 -21.2155 -1.87626
-0.574 -20.6048 -5.35198
-0.572 -17.7116 -8.3177
-0.57 -12.8395 -10.4218
-0.568 -6.48869 -11.4526
-0.566 0.712411 -11.3922
-0.564 8.07815 -10.4366
-0.562 14.9341 -8.97494
-0.56 20.6769 -7.52611
-0.558 24.822 -6.6408
-0.556 27.0384 -6.78624
-0.554 27.1683 -8.23571
-0.552 25.2343 -10.9864
-0.55 21.433 -14.7259
-0.548 16.1189 -18.8578
-0.546 9.77814 -22.5869
-0.544 2.99371 -25.0515
-0.542 -3.59779 -25.4792
-0.54 -9.35693 -23.3396
-0.538 -13.6987 -18.4656
-0.536 -16.1535 -11.1196
-0.534 -16.4271 -1.98977
-0.532 -14.4498 7.88539
-0.53 -10.4061 17.2575
-0.528 -4.73156 24.8516
-0.526 1.92618 29.5651
-0.524 8.7829 30.651
-0.522 15.0195 27.8542
-0.52 19.8951 21.4765
-0.518 22.8529 12.3551
-0.516 23.6029 1.75273
-0.514 22.1656 -8.82585
-0.512 18.8716 -17.8625
-0.51 14.3143 -24.0617
-0.508 9.26339 -26.5527
-0.506 4.55132 -25.024
-0.504 0.950696 -19.7686
-0.502 -0.939778 -11.6341
-0.5 -0.783084 -1.88945
-0.498 1.44777 7.96859
-0.496 5.46874 16.4361
-0.494 10.7322 22.2168
-0.492 16.5168 24.4001
-0.49 22.0449 22.5781
-0.488 26.6074 16.8896
-0.486 29.672 7.98542
-0.484 30.9525 -3.07497
-0.482 30.4268 -14.9782
-0.48 28.3036 -26.3382
-0.478 24.9494 -35.8745
-0.476 20.7968 -42.5624
-0.474 16.2568 -45.7359
-0.472 11.6542 -45.1348
-0.47 7.19665 -40.8981
-0.468 2.97961 -33.5122
-0.466 -0.978757 -23.7304
-0.464 -4.68563 -12.4765
-0.462 -8.11848 -0.746921
-0.46 -11.1817 10.4789
-0.458 -13.6866 20.3155
-0.456 -15.3624 28.0329
-0.454 -15.8989 33.1013
-0.452 -15.0144 35.2213
-0.45 -12.5364 34.3394
-0.448 -8.47483 30.6495
-0.446 -3.07096 24.5813
-0.444 3.19547 16.7721
-0.442 9.64726 8.02033
-0.44 15.4971 -0.782921
-0.438 19.9687 -8.74264
-0.436 22.4315 -15.063
-0.434 22.5227 -19.152
-0.432 20.2319 -20.7115
-0.43 15.9273 -19.7942
-0.428 10.315 -16.8132
-0.426 4.33426 -12.4981
-0.424 -0.99325 -7.79839
-0.422 -4.73221 -3.74711
-0.42 -6.19079 -1.30316
-0.418 -5.03742 -1.19676
-0.416 -1.35628 -3.8033
-0.414 4.36893 -9.06809
-0.412 11.3405 -16.4977
-0.41 18.5859 -25.2241
-0.408 25.1238 -34.134
-0.406 30.1246 -42.0447
-0.404 33.0342 -47.8956
-0.402 33.6373 -50.9199
-0.4 32.0499 -50.7639
-0.398 28.6475 -47.529
-0.396 23.9465 -41.7293
-0.394 18.469 -34.175
-0.392 12.623 -25.807
-0.39 6.62327 -17.5192
-0.388 0.472658 -10.0036
-0.386 -5.99313 -3.64537
-0.384 -13.0067 1.51277
-0.382 -20.7372 5.73305
-0.38 -29.1571 9.48046
-0.378 -37.9398 13.2754
-0.376 -46.4198 17.5306
-0.374 -53.6347 22.4075
-0.372 -58.4529 27.7246
-0.37 -59.7718 32.9432
-0.368 -56.7519 37.2405
-0.366 -49.0419 39.6593
-0.364 -36.9432 39.3085
-0.362 -21.4705 35.5726
-0.36 -4.28535 28.2849
-0.358 12.501 17.8268
-0.356 26.6267 5.12747
-0.354 36.0343 -8.44128
-0.352 39.2193 -21.26
-0.35 35.5091 -31.7152
-0.348 25.2201 -38.4664
-0.346 9.65997 -40.6791
-0.344 -9.031 -38.1769
-0.342 -28.1796 -31.4804
-0.34 -44.9765 -21.7229
-0.338 -56.911 -10.4539
-0.336 -62.1759 0.631875
-0.334 -59.9765 9.98921
-0.332 -50.6864 16.4845
-0.33 -35.8156 19.5765
-0.328 -17.7841 19.3821
-0.326 0.466593 16.6164
-0.324 15.9602 12.4207
-0.322 26.1822 8.11112
-0.32 29.4934 4.8993
-0.318 25.386 3.63944
-0.316 14.5393 4.65296
-0.314 -1.32441 7.66642
-0.312 -19.7473 11.8757
-0.31 -37.9447 16.1236
-0.308 -53.2422 19.1534
-0.306 -63.4737 19.8859
-0.304 -67.2825 17.6615
-0.302 -64.2894 12.397
-0.3 -55.1067 4.62376
-0.298 -41.1994 -4.60234
-0.296 -24.6168 -13.9026
-0.294 -7.63884 -21.8514
-0.292 7.60052 -27.27
-0.29 19.443 -29.4785
-0.288 26.9281 -28.4473
-0.286 29.8683 -24.814
-0.284 28.7737 -19.7562
-0.282 24.6556 -14.7434
-0.28 18.7633 -11.2215
-0.278 12.3166 -10.2945
-0.276 6.28884 -12.4728
-0.274 1.27579 -17.5408
-0.272 -2.53763 -24.5717
-0.27 -5.32027 -32.0879
-0.268 -7.47008 -38.3385
-0.266 -9.4525 -41.6443
-0.264 -11.6359 -40.7454
-0.262 -14.1568 -35.0879
-0.26 -16.8428 -24.9907
-0.258 -19.211 -11.6526
-0.256 -20.5458 3.01337
-0.254 -20.0448 16.698
-0.252 -17.0012 27.1135
-0.25 -10.986 32.433
-0.248 -1.98707 31.6638
-0.246 9.52898 24.8729
-0.244 22.6471 13.2157
-0.242 36.1215 -1.24407
-0.24 48.5549 -15.8886
-0.238 58.6031 -28.0053
-0.236 65.1632 -35.2648
-0.234 67.5176 -36.1279
-0.232 65.4115 -30.1123
-0.23 59.0651 -17.8731
-0.228 49.1263 -1.08553
-0.226 36.5802 17.8484
-0.224 22.6329 36.2193
-0.222 8.58341 51.4829
-0.22 -4.30519 61.7007
-0.218 -14.9253 65.8663
-0.216 -22.425 64.055
-0.214 -26.2792 57.3653
-0.212 -26.3214 47.6643
-0.21 -22.7374 37.1892
-0.208 -16.0238 28.088
-0.206 -6.9273 21.9959
-0.204 3.62304 19.7306
-0.202 14.5842 21.1663
-0.2 24.8712 25.3024
-0.198 33.441 30.5072
-0.196 39.3955 34.8815
-0.194 42.0972 36.6663
-0.192 41.2773 34.6154
-0.19 37.1081 28.2618
-0.188 30.2138 18.0281
-0.186 21.604 5.16369
-0.184 12.5359 -8.47924
-0.182 4.32573 -20.7875
-0.18 -1.85844 -29.783
-0.178 -5.18656 -33.9993
-0.176 -5.30616 -32.7674
-0.174 -2.40859 -26.3533
-0.172 2.79083 -15.9177
-0.17 9.15837 -3.30236
-0.168 15.3204 9.31756
-0.166 19.8904 19.846
-0.164 21.7107 26.6602
-0.162 20.0684 28.9053
-0.16 14.8467 26.6313
-0.158 6.57565 20.7448
-0.156 -3.63434 12.7905
-0.154 -14.2781 4.61113
-0.152 -23.7337 -2.03885
-0.15 -30.5857 -5.84814
-0.148 -33.929 -6.2008
-0.146 -33.5865 -3.28172
-0.144 -30.1839 1.97846
-0.142 -25.0554 8.10203
-0.14 -19.9884 13.3642
-0.138 -16.8558 16.1356
-0.136 -17.2109 15.2045
-0.134 -21.9311 10.0172
-0.132 -30.987 0.794605
-0.13 -43.3892 -11.4993
-0.128 -57.3289 -25.3308
-0.126 -70.4903 -38.8789
-0.124 -80.4842 -50.3739
-0.122 -85.3214 -58.4265
-0.12 -83.8395 -62.2832
-0.118 -75.995 -61.9572
-0.116 -62.9555 -58.2083
-0.114 -46.9617 -52.3754
-0.112 -30.9722 -46.0951
-0.11 -18.152 -40.9646
-0.108 -11.2962 -38.2192
-0.106 -12.2987 -38.4911
-0.104 -21.7664 -41.6963
-0.102 -38.8564 -47.0688
-0.1 -61.3677 -53.3279
-0.098 -86.0802 -58.9405
-0.096 -109.284 -62.4215
-0.094 -127.411 -62.6152
-0.092 -137.665 -58.9116
-0.09 -138.52 -51.3651
-0.088 -130.009 -40.7024
-0.086 -113.72 -28.2215
-0.084 -92.4963 -15.5957
-0.082 -69.8921 -4.61021
-0.08 -49.4871 3.12921
-0.078 -34.2069 6.46468
-0.076 -25.7908 4.88043
-0.074 -24.5162 -1.41778
-0.072 -29.2259 -11.554
-0.07 -37.6358 -24.1506
-0.068 -46.8439 -37.5743
-0.066 -53.9297 -50.2022
-0.064 -56.5313 -60.6532
-0.062 -53.3019 -67.9433
-0.06 -44.1802 -71.5522
-0.058 -30.433 -71.4094
-0.056 -14.4606 -67.8289
-0.054 0.62122 -61.4213
-0.052 11.5746 -53.0031
-0.05 15.7151 -43.5082
-0.048 11.539 -33.9003
-0.046 -0.85002 -25.0853
-0.044 -19.6426 -17.8324
-0.042 -41.6067 -12.7196
-0.04 -62.7016 -10.1189
-0.038 -78.8761 -10.2206
-0.036 -86.8572 -13.0801
-0.034 -84.7529 -18.6536
-0.032 -72.36 -26.7962
-0.03 -51.1478 -37.2145
-0.028 -23.9567 -49.395
-0.026 5.51485 -62.5444
-0.024 33.3474 -75.5806
-0.022 56.066 -87.1936
-0.02 71.2341 -95.9707
-0.018 77.8712 -100.562
-0.016 76.6047 -99.8502
-0.014 69.5033 -93.0867
-0.012 59.606 -79.9823
-0.01 50.2362 -60.7426
-0.008 44.2535 -36.0621
-0.006 43.4217 -7.08761
-0.004 48.0435 24.6496
-0.002 56.9418 57.3433
0 67.7714 89.0729
0.002 77.5768 118.006
0.004 83.4738 142.612
0.006 83.3149 161.82
0.008 76.2215 175.09
0.01 62.8597 182.386
0.012 45.3803 184.065
0.014 27.0145 180.746
0.016 11.4085 173.192
0.018 1.84885 162.223
0.02 0.560863 148.669
0.022 8.23589 133.331
0.024 23.8772 116.961
0.026 44.9755 100.236
0.028 67.9573 83.7534
0.03 88.807 68.0387
0.032 103.756 53.582
0.034 109.93 40.8788
0.036 105.873 30.4588
0.038 91.8453 22.8724
0.04 69.8345 18.6187
0.042 43.2427 18.0239
0.044 16.2686 21.1031
0.046 -6.89754 27.4544
0.048 -22.894 36.2272
0.05 -29.8229 46.1829
0.052 -27.5511 55.8373
0.054 -17.6202 63.653
0.056 -2.81748 68.2434
0.058 13.4657 68.5579
0.06 27.9321 64.0296
0.062 37.997 54.6756
0.064 42.2307 41.1437
0.066 40.5732 24.69
0.068 34.3036 7.07555
0.07 25.7759 -9.62766
0.072 17.9573 -23.3101
0.074 13.8371 -32.1427
0.076 15.8036 -34.884
0.078 25.1062 -31.1128
0.08 41.5201 -21.3301
0.082 63.2998 -6.90096
0.084 87.4482 10.1572
0.086 110.257 27.4998
0.088 128.005 42.8305
0.09 137.674 54.2573
0.092 137.52 60.572
0.094 127.398 61.4131
0.096 108.787 57.2942
0.098 84.5129 49.4954
0.1 58.2461 39.835
0.102 33.865 30.3508
0.104 14.8013 22.9411
0.106 3.48246 19.022
0.108 0.960469 19.2673
0.11 6.7873 23.4801
0.112 19.1528 30.6302
0.114 35.2549 39.0527
0.116 51.8308 46.7734
0.118 65.7483 51.8956
0.12 74.5479 52.9707
0.122 76.8372 49.2789
0.124 72.4712 40.966
0.126 62.4961 29.0109
0.128 48.8799 15.0362
0.13 34.0902 0.997405
0.132 20.6066 -11.1852
0.134 10.4583 -19.9824
0.136 4.87126 -24.5321
0.138 4.0852 -24.7853
0.14 7.37017 -21.4938
0.142 13.2328 -16.0472
0.144 19.7652 -10.1885
0.146 25.0593 -5.66421
0.148 27.5982 -3.87456
0.15 26.5419 -5.58879
0.152 21.8551 -10.7799
0.154 14.2609 -18.6132
0.156 5.04532 -27.5954
0.158 -4.23428 -35.8634
0.16 -12.0698 -41.5592
0.162 -17.2889 -43.2208
0.164 -19.2576 -40.1072
0.166 -17.9731 -32.3878
0.168 -14.0381 -21.1501
0.17 -8.5324 -8.22013
0.172 -2.80843 4.17117
0.174 1.75198 13.8079
0.176 3.97722 18.9092
0.178 3.10398 18.465
0.18 -1.09695 12.4217
0.182 -8.28555 1.687
0.184 -17.6111 -12.0453
0.186 -27.8525 -26.6114
0.188 -37.6167 -39.7769
0.19 -45.5594 -49.6454
0.192 -50.5915 -55.0037
0.194 -52.0351 -55.5388
0.196 -49.7026 -51.8842
0.198 -43.8923 -45.4822
0.2 -35.3108 -38.2856
0.202 -24.9506 -32.3526
0.204 -13.9536 -29.4167
0.206 -3.48646 -30.5149
0.208 5.36202 -35.7541
0.21 11.6635 -44.2648
0.212 14.72 -54.3568
0.214 14.1248 -63.8472
0.216 9.80883 -70.4961
0.218 2.06225 -72.4607
0.22 -8.48125 -68.6761
0.222 -20.8994 -59.0862
0.224 -34.0695 -44.6809
0.226 -46.7768 -27.3354
0.228 -57.8291 -9.48513
0.23 -66.1681 6.30209
0.232 -70.9706 17.7778
0.234 -71.7353 23.4085
0.236 -68.3471 22.6463
0.238 -61.1077 16.028
0.24 -50.7187 5.08259
0.242 -38.2101 -7.9365
0.244 -24.813 -20.4506
0.246 -11.7923 -30.0151
0.248 -0.266351 -34.7551
0.25 8.9506 -33.693
0.252 15.449 -26.905
0.254 19.2447 -15.476
0.256 20.7157 -1.26506
0.258 20.4726 13.469
0.26 19.1942 26.4997
0.262 17.4682 36.0383
0.264 15.6717 41.0317
0.266 13.9141 41.304
0.268 12.0518 37.5222
0.27 9.76506 31.0063
0.272 6.68081 23.4285
0.274 2.51595 16.4656
0.276 -2.78635 11.4717
0.278 -8.95531 9.22996
0.28 -15.3515 9.82777
0.282 -21.0057 12.6727
0.284 -24.7455 16.6457
0.286 -25.3993 20.3581
0.288 -22.0473 22.4614
0.29 -14.2669 21.9437
0.292 -2.31524 18.352
0.294 12.8068 11.8903
0.296 29.4354 3.37538
0.298 45.4666 -5.93998
0.3 58.6814 -14.6345
0.302 67.1121 -21.4166
0.304 69.3811 -25.3874
0.306 64.9539 -26.2153
0.308 54.2618 -24.1863
0.31 38.6774 -20.124
0.312 20.343 -15.2002
0.314 1.87441 -10.6757
0.316 -14.024 -7.62725
0.318 -24.9783 -6.71448
0.32 -29.3353 -8.03543
0.322 -26.4549 -11.0993
0.324 -16.8475 -14.9233
0.326 -2.11843 -18.2345
0.328 15.2785 -19.7379
0.33 32.4419 -18.3961
0.332 46.5049 -13.665
0.334 55.1101 -5.63733
0.336 56.7904 4.93613
0.338 51.1919 16.7523
0.34 39.1076 28.1695
0.342 22.3256 37.4874
0.344 3.32743 43.2425
0.346 -15.1104 44.4636
0.348 -30.3448 40.8424
0.35 -40.2607 32.7891
0.352 -43.571 21.3635
0.354 -39.98 8.09412
0.356 -30.1858 -5.28133
0.358 -15.7243 -17.1062
0.36 1.31302 -26.072
0.362 18.6357 -31.4127
0.364 34.1191 -32.9918
0.366 46.1105 -31.2684
0.368 53.6277 -27.1546
0.37 56.4217 -21.7978
0.372 54.908 -16.3344
0.374 49.9935 -11.6672
0.376 42.8439 -8.30821
0.378 34.6427 -6.31692
0.38 26.3882 -5.338
0.382 18.7605 -4.72572
0.384 12.0753 -3.72322
0.386 6.32186 -1.65691
0.388 1.26604 1.8943
0.39 -3.40991 6.98748
0.392 -7.96585 13.2816
0.394 -12.4921 20.0859
0.396 -16.8524 26.4804
0.398 -20.6936 31.4864
0.4 -23.5198 34.2557
0.402 -24.8138 34.2417
0.404 -24.1769 31.3194
0.406 -21.4531 25.8282
0.408 -16.8081 18.5267
0.41 -10.7412 10.4694
0.412 -4.02469 2.82776
0.414 2.4176 -3.30775
0.416 7.66958 -7.10786
0.418 10.9859 -8.13493
0.42 11.926 -6.40366
0.422 10.4321 -2.36597
0.424 6.83744 3.17266
0.426 1.80457 9.18746
0.428 -3.79251 14.5951
0.43 -9.01923 18.4148
0.432 -13.0361 19.9049
0.434 -15.2314 18.6592
0.436 -15.3088 14.6502
0.438 -13.3151 8.22021
0.44 -9.60794 0.0242474
0.442 -4.77144 -9.06288
0.444 0.501041 -18.0606
0.446 5.53218 -26
0.448 9.76939 -32.028
0.45 12.857 -35.4877
0.452 14.6607 -35.9677
0.454 15.2434 -33.3243
0.456 14.8042 -27.6807
0.458 13.5967 -19.4117
0.46 11.8493 -9.11788
0.462 9.70654 2.41051
0.464 7.20434 14.2413
0.466 4.2835 25.3648
0.468 0.836327 34.776
0.47 -3.22693 41.5703
0.472 -7.90925 45.0458
0.474 -13.0737 44.7981
0.476 -18.421 40.793
0.478 -23.5063 33.4033
0.48 -27.7966 23.3978
0.482 -30.7595 11.878
0.484 -31.968 0.164377
0.486 -31.1982 -10.3574
0.488 -28.4982 -18.4134
0.49 -24.2095 -23.0182
0.492 -18.9327 -23.6235
0.494 -13.4416 -20.2139
0.496 -8.56181 -13.3273
0.498 -5.03571 -3.99146
0.5 -3.39964 6.41573
0.502 -3.89413 16.3644
0.504 -6.42184 24.3955
0.506 -10.5593 29.334
0.508 -15.6209 30.4592
0.51 -20.7645 27.6071
0.512 -25.1234 21.1901
0.514 -27.9432 12.1319
0.516 -28.7007 1.72758
0.518 -27.1841 -8.55082
0.52 -23.5228 -17.2731
0.522 -18.1601 -23.2609
0.524 -11.7782 -25.755
0.526 -5.18884 -24.5133
0.528 0.789707 -19.825
0.53 5.44902 -12.4415
0.532 8.28132 -3.43795
0.534 9.0327 5.96505
0.536 7.71364 14.5909
0.538 4.5704 21.4747
0.54 0.0276926 25.9862
0.542 -5.38274 27.8913
0.544 -11.0931 27.348
0.546 -16.5594 24.8397
0.548 -21.3042 21.0623
0.55 -24.9423 16.7849
0.552 -27.1931 12.7126
0.554 -27.8833 9.37548
0.556 -26.9462 7.06149
0.558 -24.4201 5.80261
0.56 -20.4479 5.40894
0.562 -15.2772 5.53868
0.564 -9.25891 5.78617
0.566 -2.83905 5.76948
0.568 3.45994 5.20267
0.57 9.07329 3.94227
0.572 13.4452 2.00341
0.574 16.0952 -0.454153
0.576 16.6921 -3.16499
0.578 15.1237 -5.81295
0.58 11.5461 -8.09062
0.582 6.39914 -9.75151
0.584 0.37659 -10.6459
0.586 -5.65046 -10.7352
0.588 -10.7502 -10.085
0.59 -14.0697 -8.84084
0.592 -14.9756 -7.19387
0.594 -13.1686 -5.34398
0.596 -8.75264 -3.46804
0.598 -2.24128 -1.69784
0.6 5.49987 -0.110104
0.602 13.3688 1.27185
0.604 20.1828 2.46741
0.606 24.8523 3.5234
0.608 26.5444 4.49881
0.61 24.8146 5.45317
0.612 19.6826 6.43963
0.614 11.6425 7.50163
0.616 1.60141 8.67037
0.618 -9.24323 9.96056
0.62 -19.5715 11.3629
0.622 -28.1274 12.8337
0.624 -33.8955 14.2842
0.626 -36.2409 15.5719
0.628 -34.9906 16.5006
0.63 -30.4461 16.8303
0.632 -23.3255 16.3014
0.634 -14.6457 14.6733
0.636 -5.56409 11.7726
0.638 2.79402 7.54532
0.64 9.49618 2.10208
0.642 13.9257 -4.25624
0.644 15.8487 -11.0417
0.646 15.4178 -17.6167
0.648 13.1136 -23.2642
0.65 9.63865 -27.2808
0.652 5.78378 -29.0794
0.654 2.29123 -28.2851
0.656 -0.263182 -24.8088
0.658 -1.55067 -18.8854
0.66 -1.5223 -11.0681
0.662 -0.391747 -2.17575
0.664 1.42578 6.80305
0.666 3.40525 14.8385
0.668 5.01659 21.0022
0.67 5.82377 24.6018
0.672 5.56207 25.2827
0.674 4.18165 23.0798
0.676 1.85203 18.4086
0.678 -1.07207 11.9972
0.68 -4.1168 4.77113
0.682 -6.77577 -2.2887
0.684 -8.60186 -8.29267
0.686 -9.28774 -12.5693
0.688 -8.7204 -14.7538
0.69 -6.99963 -14.8266
0.692 -4.41704 -13.0966
0.694 -1.40036 -10.1351
0.696 1.5659 -6.67035
0.698 4.02789 -3.46023
0.7 5.64148 -1.16435
0.702 6.22869 -0.237273
0.704 5.80242 -0.861406
0.706 4.55646 -2.93075
0.708 2.82425 -6.08657
0.71 1.01433 -9.79547
0.712 -0.466039 -13.4526
0.714 -1.28686 -16.4887
0.716 -1.25825 -18.4612
0.718 -0.3697 -19.115
0.72 1.20164 -18.4049
0.722 3.11678 -16.4812
0.724 4.93157 -13.6441
0.726 6.17557 -10.2767
0.728 6.43921 -6.77019
0.73 5.45345 -3.45421
0.732 3.14716 -0.545778
0.734 -0.328254 1.87347
0.736 -4.61184 3.84792
0.738 -9.18189 5.50974
0.74 -13.4335 7.02191
0.742 -16.7727 8.51746
0.744 -18.7124 10.0499
0.746 -18.954 11.5668
0.748 -17.4403 12.911
0.75 -14.3687 13.8485
0.752 -10.1624 14.1162
0.754 -5.40386 13.4795
0.756 -0.741088 11.7876
0.758 3.21609 9.01832
0.76 5.99194 5.3012
0.762 7.31762 0.915152
0.764 7.1692 -3.74037
0.766 5.7653 -8.197
0.768 3.52487 -11.9837
0.77 0.992159 -14.6968
0.772 -1.25915 -16.0628
0.774 -2.72652 -15.9826
0.776 -3.06665 -14.549
0.778 -2.15518 -12.035
0.78 -0.107006 -8.8509
0.782 2.74642 -5.48168
0.784 5.91857 -2.41258
0.786 8.85596 -0.0587076
0.788 11.0366 1.29085
0.79 12.061 1.50674
0.792 11.7201 0.628326
0.794 10.0294 -1.15081
0.796 7.22436 -3.51675
0.798 3.7174 -6.08261
0.8 0.0258613 -8.44198
0.802 -3.31867 -10.2206
0.804 -5.86272 -11.1194
0.806 -7.30902 -10.9437
0.808 -7.5661 -9.61821
0.81 -6.76018 -7.18853
0.812 -5.20713 -3.81167
0.814 -3.34992 0.259764
0.816 -1.6736 4.69816
0.818 -0.613985 9.12467
0.82 -0.476785 13.1367
0.822 -1.38162 16.3395
0.824 -3.24001 18.3821
0.826 -5.77036 18.9958
0.828 -8.54691 18.0295
0.83 -11.0743 15.4791
0.832 -12.8753 11.5007
0.834 -13.5779 6.40601
0.836 -12.9846 0.635362
0.838 -11.1132 -5.28715
0.84 -8.1989 -10.8133
0.842 -4.65826 -15.4366
0.844 -1.02039 -18.7569
0.846 2.16119 -20.5339
0.848 4.40048 -20.7213
0.85 5.3586 -19.4762
0.852 4.89786 -17.1401
0.854 3.10253 -14.1921
0.856 0.264553 -11.1814
0.858 -3.1621 -8.64654
0.86 -6.63065 -7.03512
0.862 -9.58339 -6.63553
0.864 -11.5342 -7.53245
0.866 -12.139 -9.59319
0.868 -11.2445 -12.4881
0.87 -8.90686 -15.7427
0.872 -5.38095 -18.8136
0.874 -1.08039 -21.1775
0.876 3.48242 -22.4168
0.878 7.76728 -22.2867
0.88 11.277 -20.7517
0.882 13.6184 -17.9849
0.884 14.5456 -14.3312
0.886 13.9828 -10.2436
0.888 12.0242 -6.20434
0.89 8.91428 -2.64795
0.892 5.01221 0.101157
0.894 0.746126 1.86601
0.896 -3.43638 2.62463
0.898 -7.1147 2.48884
0.9 -9.9335 1.66062
0.902 -11.6296 0.375956
0.904 -12.0465 -1.15125
0.906 -11.1386 -2.77351
0.908 -8.96691 -4.43315
0.91 -5.68899 -6.16052
0.912 -1.54545 -8.04836
0.914 3.15695 -10.2088
0.916 8.06542 -12.7223
0.918 12.804 -15.5914
0.92 16.9989 -18.7085
0.922 20.3044 -21.8491
0.924 22.4296 -24.6931
0.926 23.1638 -26.8714
0.928 22.3985 -28.0311
0.93 20.1447 -27.9043
0.932 16.5419 -26.3658
0.934 11.8549 -23.4687
0.936 6.45684 -19.4482
0.938 0.798529 -14.6948
0.94 -4.63447 -9.69974
0.942 -9.37059 -4.98285
0.944 -13.0016 -1.01463
0.946 -15.2265 1.8544
0.948 -15.8849 3.44596
0.95 -14.9766 3.7788
0.952 -12.6635 3.06144
0.954 -9.25255 1.65295
0.956 -5.16097 -0.00198797
0.958 -0.866843 -1.45219
0.96 3.14805 -2.31818
0.962 6.45527 -2.35443
0.964 8.72835 -1.48387
0.966 9.77635 0.200852
0.968 9.5586 2.46767
0.97 8.17996 4.99853
0.972 5.86917 7.45389
0.974 2.94454 9.53497
0.976 -0.227657 11.0322
0.978 -3.27672 11.8518
0.98 -5.86822 12.0175
0.982 -7.7381 11.6489
0.984 -8.71728 10.9227
0.986 -8.74451 10.0259
0.988 -7.86661 9.11044
0.99 -6.22616 8.2589
0.992 -4.03884 7.46869
0.994 -1.56337 6.65784
0.996 0.931257 5.69263
0.998 3.19666 4.43165
0.4 3.16085 1.06477
0.8 3.18804 1.10353
1.2 3.23165 1.16702
1.6 3.28929 1.25369
2 3.3579 1.36168
2.4 3.43403 1.489
2.8 3.51414 1.63374
3.2 3.59487 1.79435
3.6 3.67334 1.96972
4 3.74737 2.15927
4.4 3.81559 2.36294
4.8 3.87757 2.58109
5.2 3.93378 2.81424
5.6 3.98548 3.06289
6 4.0346 3.32716
6.4 4.08352 3.60653
6.8 4.13481 3.89961
7.2 4.19104 4.20393
7.6 4.25453 4.5159
8 4.32718 4.83087
8.4 4.41035 5.14326
8.8 4.50477 5.44692
9.2 4.61055 5.73542
9.6 4.72719 6.00258
10 4.8537 6.24285
10.4 4.98866 6.45179
10.8 5.1304 6.62645
11.2 5.27706 6.76557
11.6 5.42673 6.86978
12 5.57751 6.94157
12.4 5.72754 6.98514
12.8 5.87505 7.00612
13.2 6.01831 7.01116
13.6 6.15563 7.00748
14 6.28529 7.00235
14.4 6.40558 7.00254
14.8 6.51472 7.01394
15.2 6.61091 7.04107
15.6 6.69236 7.08687
16 6.75739 7.15248
16.4 6.80448 7.23726
16.8 6.83243 7.33881
17.2 6.84047 7.45325
17.6 6.82833 7.57546
18 6.79639 7.6995
18.4 6.7457 7.81894
18.8 6.67802 7.92737
19.2 6.59576 8.01874
19.6 6.50195 8.08774
20 6.40005 8.1301
20.4 6.29388 8.14282
20.8 6.18739 8.12432
21.2 6.08447 8.07447
21.6 5.98881 7.99457
22 5.90366 7.88724
22.4 5.83176 7.75623
22.8 5.77518 7.60616
23.2 5.73527 7.44224
23.6 5.71263 7.26993
24 5.70711 7.09467
24.4 5.71784 6.92149
24.8 5.7433 6.75479
25.2 5.78137 6.5981
25.6 5.82946 6.45392
26 5.88458 6.32362
26.4 5.94342 6.20748
26.8 6.00246 6.10478
27.2 6.05806 6.01392
27.6 6.10656 5.93276
28 6.14439 5.8588
28.4 6.16818 5.78959
28.8 6.17488 5.72298
29.2 6.1619 5.65742
29.6 6.12722 5.5922
30 6.06959 5.52753
30.4 5.98859 5.46466
30.8 5.88481 5.40574
31.2 5.75984 5.35368
31.6 5.61638 5.31191
32 5.45818 5.28401
32.4 5.28995 5.27335
32.8 5.11726 5.28271
33.2 4.94628 5.31392
33.6 4.78354 5.3676
34 4.63563 5.44292
34.4 4.50886 5.53752
34.8 4.40895 5.6476
35.2 4.34068 5.76804
35.6 4.30764 5.89268
36 4.312 6.01473
36.4 4.35436 6.12717
36.8 4.43368 6.22322
37.2 4.54736 6.2968
37.6 4.69129 6.34293
38 4.86011 6.35804
38.4 5.04746 6.34021
38.8 5.24629 6.28927
39.2 5.44923 6.20678
39.6 5.64897 6.09593
40 5.83855 5.96129
40.4 6.01171 5.80853
40.8 6.16316 5.64407
41.2 6.28872 5.47471
41.6 6.38547 5.30728
42 6.45181 5.14829
42.4 6.48739 5.0037
42.8 6.49302 4.8786
43.2 6.47054 4.77716
43.6 6.42259 4.70243
44 6.35242 4.65637
44.4 6.26361 4.6398
44.8 6.15987 4.6525
45.2 6.04481 4.69319
45.6 5.92176 4.75971
46 5.7936 4.84907
46.4 5.66265 4.95757
46.8 5.53064 5.08092
47.2 5.39865 5.21442
47.6 5.26718 5.35303
48 5.13624 5.49162
48.4 5.00539 5.62507
48.8 4.87397 5.74851
49.2 4.74118 5.85748
49.6 4.60631 5.9481
50 4.46882 6.01726
50.4 4.32856 6.0627
50.8 4.18582 6.08314
51.2 4.04141 6.07826
51.6 3.89673 6.04871
52 3.75369 5.996
52.4 3.61469 5.92237
52.8 3.48245 5.83057
53.2 3.35992 5.72369
53.6 3.25002 5.60488
54 3.15552 5.47717
54.4 3.07878 5.34328
54.8 3.02158 5.20543
55.2 2.98503 5.0653
55.6 2.96937 4.92396
56 2.97401 4.78196
56.4 2.99749 4.63936
56.8 3.0376 4.49592
57.2 3.09146 4.35126
57.6 3.15576 4.20501
58 3.22692 4.05701
58.4 3.30135 3.90741
58.8 3.37566 3.75681
59.2 3.44683 3.60628
59.6 3.51245 3.45736
60 3.57072 3.312
60.4 3.62059 3.17244
60.8 3.66171 3.04112
61.2 3.69432 2.92049
61.6 3.7192 2.81289
62 3.73747 2.7204
62.4 3.75044 2.64477
62.8 3.75943 2.58732
63.2 3.76561 2.54889
63.6 3.76992 2.5299
64 3.77294 2.53031
64.4 3.77493 2.54972
64.8 3.7758 2.58736
65.2 3.7752 2.64219
65.6 3.77264 2.7129
66 3.76756 2.79789
66.4 3.75949 2.89533
66.8 3.74815 3.00306
67.2 3.73351 3.11858
67.6 3.71585 3.23898
68 3.69576 3.36097
68.4 3.67406 3.48082
68.8 3.65176 3.59443
69.2 3.62994 3.69741
69.6 3.60961 3.78521
70 3.59159 3.85332
70.4 3.57643 3.89751
70.8 3.5643 3.91404
71.2 3.55496 3.89998
71.6 3.54779 3.85341
72 3.5418 3.77365
72.4 3.53575 3.66142
72.8 3.52829 3.51891
73.2 3.51802 3.34976
73.6 3.5037 3.15897
74 3.48433 2.95268
74.4 3.45924 2.73787
74.8 3.42817 2.52208
75.2 3.39123 2.31291
75.6 3.34887 2.1177
76 3.30185 1.9431
76.4 3.25103 1.79467
76.8 3.19734 1.67666
77.2 3.14159 1.59175
77.6 3.08435 1.54096
78 3.02589 1.52366
78.4 2.96609 1.53766
78.8 2.90449 1.57939
79.2 2.84028 1.64421
79.6 2.7724 1.72672
80 2.69968 1.82108
80.4 2.62099 1.92145
80.8 2.53536 2.02225
81.2 2.44215 2.1185
81.6 2.34119 2.20603
82 2.23282 2.28163
82.4 2.11798 2.34315
82.8 1.99815 2.38947
83.2 1.87531 2.42046
83.6 1.75185 2.43679
84 1.63037 2.43981
84.4 1.51357 2.43131
84.8 1.40404 2.41333
85.2 1.30407 2.38796
85.6 1.21554 2.35718
86 1.13975 2.32271
86.4 1.07738 2.28596
86.8 1.02845 2.24795
87.2 0.992274 2.20933
87.6 0.967602 2.17047
88 0.952646 2.13146
88.4 0.945229 2.09222
88.8 0.942915 2.05265
89.2 0.943163 2.01264
89.6 0.943469 1.97216
90 0.941501 1.93135
90.4 0.935216 1.89048
90.8 0.922957 1.84998
91.2 0.903514 1.8104
91.6 0.876169 1.77238
92 0.840708 1.73655
92.4 0.797405 1.70351
92.8 0.746995 1.67376
93.2 0.690614 1.64763
93.6 0.629738 1.62531
94 0.5661 1.6068
94.4 0.501604 1.59193
94.8 0.438235 1.58039
95.2 0.377965 1.57177
95.6 0.322663 1.5656
96 0.274011 1.56139
96.4 0.233427 1.55866
96.8 0.202001 1.55696
97.2 0.180447 1.55586
97.6 0.169067 1.55495
98 0.167747 1.5538
98.4 0.175957 1.55194
98.8 0.192789 1.54879
99.2 0.216998 1.54367
99.6 0.247077 1.53572
100 0.281328 1.52396
100.4 0.31796 1.5073
100.8 0.355175 1.48454
101.2 0.391262 1.45455
101.6 0.424682 1.41629
102 0.454136 1.36894
102.4 0.478626 1.31206
102.8 0.497489 1.24564
103.2 0.510415 1.17025
103.6 0.51744 1.08703
104 0.518927 0.997777
104.4 0.515524 0.904859
104.8 0.508109 0.811166
105.2 0.497725 0.719976
105.6 0.485511 0.634799
106 0.472627 0.559183
106.4 0.460186 0.496518
106.8 0.449185 0.44983
107.2 0.440445 0.421604
107.6 0.43457 0.413626
108 0.431906 0.426884
108.4 0.432523 0.461505
108.8 0.436208 0.516757
109.2 0.442477 0.591104
109.6 0.450598 0.682312
110 0.459637 0.787589
110.4 0.468511 0.903759
110.8 0.476055 1.02745
111.2 0.481104 1.15528
111.6 0.482572 1.28404
112 0.47954 1.4108
112.4 0.471331 1.53308
112.8 0.457583 1.64889
113.2 0.438303 1.75673
113.6 0.413893 1.85566
114 0.385162 1.94514
114.4 0.353299 2.02508
114.8 0.319819 2.09564
115.2 0.286484 2.15718
115.6 0.255193 2.21017
116 0.227861 2.25503
116.4 0.206279 2.29214
116.8 0.191981 2.32173
117.2 0.186115 2.34385
117.6 0.189343 2.35839
118 0.201761 2.3651
118.4 0.22286 2.3636
118.8 0.25154 2.35348
119.2 0.286149 2.33435
119.6 0.324584 2.3059
120 0.364415 2.26801
120.4 0.403047 2.22083
120.8 0.43789 2.16476
121.2 0.46654 2.10061
121.6 0.486949 2.02953
122 0.497566 1.95305
122.4 0.497452 1.87303
122.8 0.486343 1.79166
123.2 0.464671 1.7113
123.6 0.433528 1.63446
124 0.394593 1.56363
124.4 0.350002 1.50118
124.8 0.302203 1.44922
125.2 0.253781 1.40948
125.6 0.207281 1.38319
126 0.165037 1.37099
126.4 0.12903 1.3729
126.8 0.100761 1.38827
127.2 0.0811774 1.41586
127.6 0.0706372 1.45383
128 0.0689143 1.49994
128.4 0.0752481 1.55162
128.8 0.0884266 1.6062
129.2 0.106896 1.66104
129.6 0.128885 1.71376
130 0.152541 1.76234
130.4 0.176054 1.80533
130.8 0.197772 1.84185
131.2 0.216296 1.87166
131.6 0.230549 1.89517
132 0.239815 1.91328
132.4 0.243758 1.92731
132.8 0.242403 1.93882
133.2 0.236108 1.94939
133.6 0.225513 1.96045
134 0.211479 1.97309
134.4 0.195021 1.98791
134.8 0.177243 2.00493
135.2 0.159276 2.02352
135.6 0.142218 2.0425
136 0.127095 2.06017
136.4 0.114812 2.0745
136.8 0.106135 2.08334
137.2 0.101663 2.08466
137.6 0.101822 2.07676
138 0.10685 2.0585
138.4 0.116805 2.02949
138.8 0.131562 1.99021
139.2 0.150823 1.94205
139.6 0.174127 1.88725
140 0.20087 1.82883
140.4 0.230315 1.77032
140.8 0.261628 1.7156
141.2 0.293894 1.66853
141.6 0.326155 1.63268
142 0.35744 1.61105
142.4 0.386798 1.60577
142.8 0.413331 1.618
143.2 0.436224 1.64771
143.6 0.454773 1.69376
144 0.468408 1.75388
144.4 0.476707 1.82491
144.8 0.479412 1.90295
145.2 0.476434 1.98367
145.6 0.467857 2.0626
146 0.453938 2.13543
146.4 0.435107 2.1983
146.8 0.411958 2.248
147.2 0.385252 2.28217
147.6 0.355901 2.29935
148 0.324966 2.29903
148.4 0.293636 2.28156
148.8 0.26321 2.24803
149.2 0.235067 2.2001
149.6 0.210625 2.1398
150 0.191293 2.06934
150.4 0.178403 1.99086
150.8 0.17315 1.90635
151.2 0.176505 1.81746
151.6 0.189145 1.72547
152 0.211379 1.63128
152.4 0.243083 1.53546
152.8 0.283662 1.43831
153.2 0.332026 1.33996
153.6 0.386605 1.24054
154 0.445391 1.14023
154.4 0.506011 1.03942
154.8 0.565839 0.93874
155.2 0.622127 0.839075
155.6 0.672154 0.741586
156 0.713389 0.647635
156.4 0.743644 0.558697
156.8 0.761213 0.476254
157.2 0.764987 0.401667
157.6 0.75453 0.336065
158 0.730114 0.280234
158.4 0.6927 0.23455
158.8 0.643882 0.198931
159.2 0.58578 0.172841
159.6 0.520901 0.155327
160 0.451975 0.145094
160.4 0.381778 0.140603
160.8 0.312961 0.140191
161.2 0.247891 0.142194
161.6 0.188517 0.145066
162 0.136285 0.147474
162.4 0.0920797 0.148379
162.8 0.0562262 0.147075
163.2 0.0285261 0.143203
163.6 0.00833531 0.136729
164 -0.00533031 0.127895
164.4 -0.0136715 0.117153
164.8 -0.017976 0.105084
165.2 -0.0194959 0.0923174
165.6 -0.0193413 0.0794527
166 -0.0184006 0.0669982
166.4 -0.0172914 0.0553269
166.8 -0.0163455 0.0446541
167.2 -0.015626 0.0350365
167.6 -0.0149721 0.0263911
168 -0.0140653 0.0185288
168.4 -0.0125079 0.011198
168.8 -0.00990387 0.00413131
169.2 -0.00593413 -0.00291064
169.6 -0.000417089 -0.0101027
170 0.0066508 -0.0175306
170.4 0.0150784 -0.0251797
170.8 0.0244876 -0.0329372
171.2 0.0343442 -0.0406066
171.6 0.044006 -0.0479302
172 0.0527853 -0.0546176
172.4 0.0600143 -0.0603745
172.8 0.0651108 -0.0649277
173.2 0.0676338 -0.0680456
173.6 0.067325 -0.0695486
174 0.0641333 -0.0693126
174.4 0.0582181 -0.0672638
174.8 0.0499347 -0.0633681
175.2 0.0398016 -0.0576177
175.6 0.0284558 -0.0500177
176 0.0166 -0.0405764
176.4 0.0049475 -0.0293006
176.8 -0.00582966 -0.0161988
177.2 -0.0151441 -0.00129032
177.6 -0.0225253 0.0153788
178 -0.0276373 0.0337173
178.4 -0.0302824 0.0535694
178.8 -0.0303916 0.074699
179.2 -0.0280028 0.0967813
179.6 -0.0232323 0.119403
180 -0.0162417 0.142073
180.4 -0.00720481 0.164249
180.8 0.00372117 0.185367
181.2 0.0164183 0.204881
181.6 0.0308213 0.22231
182 0.0469214 0.237277
182.4 0.0647602 0.24954
182.8 0.0844153 0.259021
183.2 0.10598 0.265806
183.6 0.129536 0.270141
184 0.155132 0.272404
184.4 0.182755 0.273063
184.8 0.21231 0.272626
185.2 0.243609 0.271579
185.6 0.276357 0.270335
186 0.310157 0.269182
186.4 0.344515 0.26825
186.8 0.378852 0.267491
187.2 0.412523 0.266687
187.6 0.444841 0.265474
188 0.475101 0.263389
188.4 0.502608 0.259933
188.8 0.526701 0.254639
189.2 0.546782 0.247148
189.6 0.562337 0.237272
190 0.572957 0.225052
190.4 0.57836 0.210792
190.8 0.578403 0.195063
191.2 0.573096 0.178697
191.6 0.562609 0.162742
192 0.547274 0.1484
192.4 0.527582 0.136958
192.8 0.504177 0.129698
193.2 0.477837 0.127814
193.6 0.449456 0.132337
194 0.420013 0.144075
194.4 0.390535 0.163562
194.8 0.362062 0.191044
195.2 0.335604 0.226476
195.6 0.31209 0.269541
196 0.292336 0.319684
196.4 0.276993 0.37616
196.8 0.266528 0.438077
197.2 0.261188 0.504443
197.6 0.260996 0.574203
198 0.265744 0.646269
198.4 0.275005 0.719533
198.8 0.288157 0.792872
199.2 0.304417 0.865153
199.6 0.322877 0.935221
200 0.342557 1.00191
200.4 0.362449 1.06402
200.8 0.381572 1.1204
201.2 0.39901 1.16989
201.6 0.413956 1.21147
202 0.425746 1.24422
202.4 0.433873 1.26746
202.8 0.43801 1.28079
203.2 0.438004 1.28412
203.6 0.433882 1.27776
204 0.425832 1.2624
204.4 0.41419 1.23911
204.8 0.399421 1.2093
205.2 0.382098 1.17465
205.6 0.362877 1.13701
206 0.342477 1.09826
206.4 0.321656 1.06024
206.8 0.30119 1.02457
207.2 0.281847 0.992606
207.6 0.264365 0.965325
208 0.249423 0.943301
208.4 0.23762 0.9267
208.8 0.229439 0.915323
209.2 0.225226 0.908678
209.6 0.225159 0.906086
210 0.229227 0.906795
210.4 0.237213 0.910106
210.8 0.248684 0.915473
211.2 0.262995 0.922597
211.6 0.279299 0.931459
212 0.296575 0.942336
212.4 0.313667 0.955751
212.8 0.329334 0.972396
213.2 0.342311 0.993018
213.6 0.351371 1.01829
214 0.355395 1.04865
214.4 0.353436 1.08421
214.8 0.344777 1.12466
215.2 0.328978 1.16915
215.6 0.305905 1.21639
216 0.275748 1.26461
216.4 0.239014 1.3117
216.8 0.196506 1.35537
217.2 0.149283 1.39331
217.6 0.0986084 1.42339
218 0.0458827 1.44386
218.4 -0.00742279 1.45347
218.8 -0.0598389 1.45164
219.2 -0.109967 1.43849
219.6 -0.156538 1.41489
220 -0.198467 1.38232
220.4 -0.234888 1.3428
220.8 -0.265182 1.29873
221.2 -0.288984 1.2526
221.6 -0.306184 1.20687
222 -0.316915 1.16369
222.4 -0.321525 1.12473
222.8 -0.320552 1.09103
223.2 -0.314689 1.06295
223.6 -0.304742 1.0401
224 -0.2916 1.02145
224.4 -0.276188 1.00542
224.8 -0.259439 0.990001
225.2 -0.242253 0.973037
225.6 -0.225467 0.952375
226 -0.209829 0.926097
226.4 -0.195966 0.892707
226.8 -0.184363 0.851269
227.2 -0.175347 0.801504
227.6 -0.169071 0.743822
228 -0.165508 0.679291
228.4 -0.164453 0.609551
228.8 -0.165531 0.536686
229.2 -0.168215 0.463055
229.6 -0.171852 0.391111
230 -0.1757 0.323215
230.4 -0.178967 0.261467
230.8 -0.180859 0.207567
231.2 -0.180628 0.16271
231.6 -0.177623 0.127533
232 -0.171325 0.102102
232.4 -0.161394 0.0859467
232.8 -0.147685 0.0781328
233.2 -0.130269 0.0773624
233.6 -0.109429 0.0820933
234 -0.0856482 0.0906643
234.4 -0.0595836 0.101418
234.8 -0.0320273 0.112807
235.2 -0.00386081 0.123484
235.6 0.0239962 0.132362
236 0.0506389 0.138653
236.4 0.0752275 0.141873
236.8 0.0970326 0.141829
237.2 0.115471 0.13859
237.6 0.130132 0.132433
238 0.14079 0.123797
238.4 0.147405 0.113221
238.8 0.150115 0.101296
239.2 0.149212 0.0886125
239.6 0.145117 0.0757299
240 0.138345 0.0631433
240.4 0.129468 0.0512675
240.8 0.119079 0.0404276
241.2 0.107762 0.0308582
241.6 0.096056 0.0227065
242 0.0844401 0.016041
242.4 0.0733112 0.0108614
242.8 0.0629775 0.00710926
243.2 0.053655 0.00467966
243.6 0.0454707 0.00343127
244 0.0384714 0.00319641
244.4 0.0326347 0.00379034
244.8 0.0278834 0.00502001
245.2 0.0241007 0.00669245
245.6 0.021145 0.00862274
246 0.0188643 0.0106415
246.4 0.0171082 0.0126017
246.8 0.0157386 0.0143838
247.2 0.0146373 0.0159002
247.6 0.0137109 0.017097
248 0.012894 0.0179537
248.4 0.0121494 0.0184808
248.8 0.011466 0.0187155
249.2 0.0108555 0.018715
249.6 0.0103476 0.0185493
250 0.00998367 0.0182931
250.4 0.00981037 0.0180183
250.8 0.00987311 0.0177868
251.2 0.0102098 0.017646
251.6 0.0108454 0.0176254
252 0.0117879 0.0177356
252.4 0.0130254 0.0179693
252.8 0.0145253 0.0183051
253.2 0.0162355 0.018711
253.6 0.0180862 0.0191501
254 0.0199947 0.0195857
254.4 0.0218701 0.0199863
254.8 0.0236194 0.0203293
255.2 0.0251536 0.0206034
255.6 0.0263932 0.0208093
256 0.0272728 0.0209596
256.4 0.0277454 0.021076
256.8 0.0277837 0.021187
257.2 0.0273809 0.0213232
257.6 0.0265492 0.0215141
258 0.0253179 0.0217842
258.4 0.0237293 0.0221498
258.8 0.0218349 0.0226166
259.2 0.0196913 0.0231792
259.6 0.0173562 0.0238203
260 0.0148854 0.0245124
260.4 0.0123308 0.0252196
260.8 0.00973958 0.0259
261.2 0.00715386 0.0265088
261.6 0.00461215 0.027002
262 0.00215072 0.027339
262.4 -0.000194559 0.0274857
262.8 -0.00238663 0.027417
263.2 -0.00438616 0.0271184
263.6 -0.00615138 0.0265871
264 -0.00763883 0.0258325
264.4 -0.00880522 0.0248758
264.8 -0.00961014 0.0237486
265.2 -0.0100194 0.0224915
265.6 -0.0100089 0.0211518
266 -0.00956765 0.0197806
266.4 -0.00870134 0.0184298
266.8 -0.00743381 0.017149
267.2 -0.0058079 0.0159825
267.6 -0.00388462 0.0149664
268 -0.00174082 0.0141266
268.4 0.000534522 0.0134766
268.8 0.00284515 0.0130174
269.2 0.00509311 0.0127372
269.6 0.00718462 0.0126124
270 0.00903583 0.0126097
270.4 0.0105778 0.0126889
270.8 0.0117604 0.012806
271.2 0.0125552 0.0129168
271.6 0.0129562 0.0129808
272 0.0129792 0.0129642
272.4 0.01266 0.0128426
272.8 0.0120511 0.0126034
273.2 0.011217 0.0122463
273.6 0.0102294 0.0117832
274 0.00916228 0.0112375
274.4 0.00808665 0.0106413
274.8 0.00706637 0.010033
275.2 0.00615454 0.009454
275.6 0.00539098 0.00894511
276 0.00480085 0.0085433
276.4 0.00439444 0.00827889
276.8 0.00416797 0.00817343
277.2 0.00410537 0.00823846
277.6 0.00418074 0.00847513
278 0.00436132 0.00887479
278.4 0.00461059 0.0094204
278.8 0.00489153 0.0100885
279.2 0.00516947 0.0108513
279.6 0.00541463 0.0116798
280 0.00560404 0.0125452
280.4 0.00572285 0.0134213
280.8 0.0057649 0.0142857
281.2 0.00573259 0.0151204
281.6 0.00563614 0.0159119
282 0.00549224 0.0166501
282.4 0.00532232 0.0173273
282.8 0.00515048 0.017937
283.2 0.00500129 0.0184717
283.6 0.00489769 0.0189218
284 0.00485906 0.019274
284.4 0.00489958 0.0195115
284.8 0.00502712 0.0196129
285.2 0.00524269 0.0195539
285.6 0.00554043 0.0193079
286 0.00590819 0.0188485
286.4 0.00632865 0.0181512
286.8 0.00678089 0.0171964
287.2 0.0072422 0.0159714
287.6 0.00769006 0.0144726
288 0.00810406 0.0127073
288.4 0.00846761 0.0106941
288.8 0.00876921 0.00846317
289.2 0.00900333 0.00605543
289.6 0.0091706 0.00352073
290 0.00927745 0.000915541
290.4 0.00933511 -0.00169997
290.8 0.00935823 -0.00426512
291.2 0.00936303 -0.00672194
291.6 0.00936533 -0.0090181
292 0.00937856 -0.0111094
292.4 0.00941207 -0.0129614
292.8 0.00946966 -0.0145504
293.2 0.00954886 -0.0158635
293.6 0.00964067 -0.0168976
294 0.00973009 -0.0176579
294.4 0.00979726 -0.0181556
294.8 0.00981914 -0.0184057
295.2 0.00977172 -0.0184241
295.6 0.00963231 -0.0182259
296 0.00938196 -0.0178235
296.4 0.00900764 -0.0172252
296.8 0.00850404 -0.0164358
297.2 0.0078747 -0.0154565
297.6 0.00713253 -0.0142869
298 0.00629948 -0.0129269
298.4 0.00540545 -0.0113792
298.8 0.00448653 -0.00965151
299.2 0.00358262 -0.00775944
299.6 0.0027347 -0.0057278
300 0.00198194 -0.00359175
300.4 0.00135883 -0.00139682
300.8 0.000892739 0.000802259
301.2 0.000601869 0.00294362
301.6 0.000493954 0.00496141
302 0.000565741 0.00678954
302.4 0.000803289 0.00836595
302.8 0.00118308 0.00963681
303.2 0.00167381 0.0105605
303.6 0.0022388 0.011111
304 0.00283862 0.0112799
304.4 0.003434 0.0110777
304.8 0.00398854 0.0105334
305.2 0.0044711 0.00969334
305.6 0.00485771 0.00861779
306 0.00513285 0.00737764
306.4 0.00528996 0.00604973
306.8 0.00533124 0.00471201
307.2 0.00526673 0.00343878
307.6 0.00511286 0.00229623
308 0.00489048 0.00133877
308.4 0.00462274 0.000606258
308.8 0.00433282 0.000122441
309.2 0.00404188 -0.000105485
309.6 0.00376728 -8.61215e-05
310 0.00352126 0.000157899
310.4 0.00331018 0.0005925
310.8 0.00313437 0.00117531
311.2 0.00298848 0.00185911
311.6 0.0028624 0.00259521
312 0.00274256 0.00333668
312.4 0.00261349 0.00404097
312.8 0.00245951 0.004672
313.2 0.00226636 0.00520148
313.6 0.00202263 0.00560952
314 0.00172095 0.00588459
314.4 0.00135869 0.00602282
314.8 0.000938339 0.00602693
315.2 0.000467305 0.00590487
315.6 -4.25809e-05 0.00566836
316 -0.000575988 0.00533141
316.4 -0.00111525 0.00490908
316.8 -0.0016417 0.00441646
317.2 -0.00213705 0.00386796
317.6 -0.00258471 0.00327692
318 -0.00297097 0.0026555
318.4 -0.00328593 0.00201481
318.8 -0.00352416 0.00136519
319.2 -0.00368504 0.000716474
319.6 -0.00377268 7.83507e-05
320 -0.00379568 -0.000539501
320.4 -0.0037664 -0.00112737
320.8 -0.00370015 -0.0016757
321.2 -0.00361408 -0.00217541
321.6 -0.00352603 -0.00261841
322 -0.00345323 -0.00299825
322.4 -0.00341114 -0.00331065
322.8 -0.00341233 -0.00355413
323.2 -0.00346549 -0.00373038
323.6 -0.00357472 -0.00384447
324 -0.00373911 -0.00390469
324.4 -0.00395254 -0.00392221
324.8 -0.00420388 -0.00391031
325.2 -0.00447756 -0.00388342
325.6 -0.00475432 -0.00385596
326 -0.0050124 -0.00384103
326.4 -0.00522883 -0.00384916
326.8 -0.00538096 -0.0038872
327.2 -0.00544793 -0.00395739
327.6 -0.00541224 -0.0040569
328 -0.00526105 -0.00417768
328.4 -0.00498728 -0.00430682
328.8 -0.00459044 -0.00442735
329.2 -0.00407695 -0.00451946
329.6 -0.00346013 -0.00456195
330 -0.00275965 -0.00453398
330.4 -0.00200067 -0.00441678
330.8 -0.0012125 -0.00419523
331.2 -0.000427051 -0.00385928
331.6 0.000322918 -0.00340486
332 0.00100563 -0.00283446
332.4 0.00159202 -0.00215702
332.8 0.00205733 -0.00138749
333.2 0.00238234 -0.000545785
333.6 0.00255438 0.000344599
334 0.00256772 0.00125815
334.4 0.00242375 0.00216907
334.8 0.00213061 0.0030529
335.2 0.00170247 0.00388792
335.6 0.00115859 0.00465626
336 0.000522104 0.00534452
336.4 -0.000181263 0.00594401
336.8 -0.00092449 0.00645048
337.2 -0.00168048 0.00686348
337.6 -0.0024231 0.00718542
338 -0.00312811 0.00742048
338.4 -0.00377374 0.00757347
338.8 -0.00434116 0.00764881
339.2 -0.00481468 0.00764974
339.6 -0.00518186 0.00757782
340 -0.00543341 0.00743289
340.4 -0.00556312 0.0072133
340.8 -0.00556772 0.00691655
341.2 -0.00544677 0.00654018
341.6 -0.00520257 0.00608274
342 -0.00484009 0.0055449
342.4 -0.00436702 0.00493031
342.8 -0.0037937 0.00424629
343.2 -0.00313308 0.00350422
343.6 -0.00240059 0.0027194
344 -0.00161393 0.00191068
344.4 -0.000792689 0.00109954
344.8 4.21614e-05 0.000308904
345.2 0.000868892 -0.000438209
345.6 0.00166579 -0.00112022
346 0.002412 -0.00171841
346.4 0.00308836 -0.00221822
346.8 0.00367826 -0.00261021
347.2 0.00416835 -0.00289063
347.6 0.00454908 -0.00306166
348 0.00481512 -0.00313102
348.4 0.00496546 -0.00311136
348.8 0.00500328 -0.00301915
349.2 0.00493562 -0.00287339
349.6 0.00477279 -0.00269417
350 0.0045277 -0.00250116
350.4 0.00421498 -0.00231228
350.8 0.00385019 -0.0021425
351.2 0.00344897 -0.00200301
351.6 0.00302636 -0.00190064
352 0.00259621 -0.00183771
352.4 0.00217079 -0.00181221
352.8 0.00176059 -0.0018183
353.2 0.00137425 -0.00184705
353.6 0.00101868 -0.00188739
354 0.000699225 -0.00192708
354.4 0.000419973 -0.00195376
354.8 0.000183941 -0.00195586
355.2 -6.70175e-06 -0.00192347
355.6 -0.000150532 -0.0018489
356 -0.000246866 -0.00172713
356.4 -0.000295859 -0.00155599
356.8 -0.000298698 -0.00133617
357.2 -0.000257847 -0.00107103
357.6 -0.000177301 -0.000766249
358 -6.27944e-05 -0.000429403
358.4 7.80833e-05 -6.94549e-05
358.8 0.00023592 0.000303768
359.2 0.000399688 0.000680083
359.6 0.000557134 0.00104942
360 0.000695358 0.00140224
360.4 0.000801537 0.00172987
360.8 0.00086374 0.00202477
361.2 0.00087179 0.00228074
361.6 0.000818063 0.00249305
362 0.000698175 0.00265851
362.4 0.00051147 0.00277555
362.8 0.000261253 0.00284416
363.2 -4.52577e-05 0.00286589
363.6 -0.000397282 0.00284384
364 -0.000781105 0.00278251
364.4 -0.00118094 0.00268776
364.8 -0.00157995 0.00256662
365.2 -0.00196138 0.00242719
365.6 -0.00230961 0.00227841
366 -0.00261121 0.00212979
366.4 -0.0028557 0.00199116
366.8 -0.0030361 0.00187232
367.2 -0.00314923 0.00178266
367.6 -0.00319561 0.0017308
368 -0.00317914 0.0017241
368.4 -0.00310653 0.0017683
368.8 -0.00298649 0.0018671
369.2 -0.00282888 0.00202181
369.6 -0.00264383 0.00223106
370 -0.00244093 0.0024906
370.4 -0.00222855 0.00279327
370.8 -0.0020134 0.00312903
371.2 -0.0018003 0.00348523
371.6 -0.00159219 0.00384698
372 -0.00139036 0.00419775
372.4 -0.00119486 0.00452005
372.8 -0.00100504 0.00479625
373.2 -0.000820052 0.00500958
373.6 -0.000639424 0.00514499
374 -0.00046346 0.00519017
374.4 -0.00029352 0.00513639
374.8 -0.000132103 0.00497922
375.2 1.72603e-05 0.00471906
375.6 0.000150291 0.00436143
376 0.000262388 0.00391691
376.4 0.000349149 0.0034009
376.8 0.000406903 0.0028329
377.2 0.000433209 0.0022357
377.6 0.000427245 0.00163416
378 0.000390038 0.00105391
378.4 0.000324506 0.000519938
378.8 0.0002353 5.51867e-05
379.2 0.000128453 -0.000320802
379.6 1.08812e-05 -0.000593015
380 -0.000110227 -0.000751849
380.4 -0.000228054 -0.000793657
380.8 -0.000336773 -0.000720925
381.2 -0.000432068 -0.000542067
381.6 -0.000511507 -0.000270835
382 -0.000574723 7.45887e-05
382.4 -0.000623377 0.000472776
382.8 -0.000660921 0.000900412
383.2 -0.000692166 0.00133374
383.6 -0.00072272 0.00175
384 -0.000758333 0.00212872
384.4 -0.000804232 0.0024528
384.8 -0.000864504 0.00270938
385.2 -0.0009416 0.00289031
385.6 -0.00103599 0.00299227
386 -0.00114604 0.00301665
386.4 -0.00126806 0.00296899
386.8 -0.00139658 0.00285827
387.2 -0.0015248 0.00269595
387.6 -0.00164516 0.00249499
388 -0.00174993 0.00226877
388.4 -0.00183193 0.00203013
388.8 -0.00188506 0.00179051
389.2 -0.00190479 0.00155937
389.6 -0.00188854 0.00134371
390 -0.00183579 0.00114796
390.4 -0.00174806 0.000974003
390.8 -0.00162878 0.000821522
391.2 -0.00148288 0.000688427
391.6 -0.0013164 0.000571465
392 -0.00113599 0.000466863
392.4 -0.00094837 0.000370989
392.8 -0.000759914 0.000280947
393.2 -0.000576234 0.000195068
393.6 -0.000401914 0.000113248
394 -0.000240359 3.71174e-05
394.4 -9.37647e-05 -2.99895e-05
394.8 3.67874e-05 -8.32385e-05
395.2 0.000151154 -0.000116677
395.6 0.000249885 -0.000123752
396 0.000333952 -9.7924e-05
396.4 0.000404489 -3.3331e-05
396.8 0.000462562 7.45482e-05
397.2 0.000509007 0.000228292
397.6 0.000544333 0.00042804
398 0.000568715 0.000671156
398.4 0.000582043 0.00095207
398.8 0.000584044 0.00126234
399.2 0.000574426 0.00159095
399.6 0.00055304 0.00192476
400 0.000520032 0.00224923
