0.8 2.59636 1.88265 309.913
1.6 3.00632 2.68721 314.821
2.4 3.69814 3.90545 322.169
3.2 4.67917 5.38788 330.913
4 5.94873 6.98282 339.944
4.8 7.4882 8.57084 348.317
5.6 9.25148 10.0858 355.421
6.4 11.1599 11.517 361.048
7.2 13.1053 12.8943 365.348
8 14.9646 14.2632 368.717
8.8 16.623 15.6592 371.637
9.6 18.0031 17.0913 374.531
10.4 19.0882 18.5381 377.668
11.2 19.9344 19.958 381.138
12 20.661 21.3059 384.88
12.8 21.4229 22.5521 388.747
13.6 22.3675 23.6939 392.579
14.4 23.5911 24.7586 396.257
15.2 25.1071 25.7955 399.729
16 26.8383 26.8616 403.006
16.8 28.6376 28.0061 406.143
17.6 30.3319 29.2579 409.218
18.4 31.7772 30.62 412.314
19.2 32.9067 32.0716 415.504
20 33.757 33.5763 418.853
20.8 34.461 35.0931 422.406
21.6 35.2097 36.5872 426.186
22.4 36.1937 38.0372 430.19
23.2 37.5411 39.4379 434.39
24 39.2731 40.7983 438.747
24.8 41.2924 42.1355 443.236
25.6 43.4084 43.4682 447.865
26.4 45.3934 44.8098 452.692
27.2 47.0529 46.165 457.812
28 48.2879 47.529 463.335
28.8 49.1294 48.8909 469.346
29.6 49.7326 50.2384 475.871
30.4 50.3311 51.5642 482.867
31.2 51.1661 52.8696 490.247
32 52.4103 54.1663 497.917
32.8 54.113 55.4743 505.828
33.6 56.1825 56.8171 514.003
34.4 58.4141 58.2152 522.527
35.2 60.555 59.6803 531.517
36 62.385 61.2124 541.068
36.8 63.7885 62.7994 551.225
37.6 64.7929 64.4204 561.993
38.4 65.561 66.0516 573.393
39.2 66.3385 67.6726 585.521
40 67.3741 69.2706 598.589
40.8 68.8376 70.8427 612.897
41.6 70.7624 72.3947 628.736
42.4 73.0334 73.9374 646.264
43.2 75.4231 75.4817 665.439
44 77.6657 77.0347 686.088
44.8 79.545 78.5987 708.157
45.6 80.9671 80.1715 732.094
46.4 81.9926 81.7507 759.24
47.2 82.8192 83.3368 792.017
48 83.7171 84.9369 833.718
48.8 84.9406 86.5642 887.8
49.6 86.6432 88.2354 956.725
50.4 88.8258 89.9657 1040.62
51.2 91.336 91.7628 1136.12
52 93.9184 93.6239 1235.86
52.8 96.3009 95.5342 1328.82
53.6 98.287 97.4702 1401.83
54.4 99.8227 99.4048 1441.74
55.2 101.014 101.313 1438
56 102.09 103.176 1384.98
56.8 103.32 104.982 1283.34
57.6 104.915 106.731 1140.21
58.4 106.956 108.424 968.065
59.2 109.357 110.071 782.511
60 111.9 111.683 599.575
60.8 114.311 113.28 433.127
61.6 116.361 114.885 292.967
62.4 117.958 116.529 183.932
63.2 119.179 118.249 106.072
64 120.257 120.075 55.6839
64.8 121.495 122.033 26.8317
65.6 123.168 124.133 12.9115
66.4 125.417 126.365 7.92554
67.2 128.205 128.706 7.25903
68 131.321 131.12 7.93224
68.8 134.459 133.566 8.43267
69.6 137.323 136.01 8.30581
70.4 139.729 138.43 7.68601
71.2 141.673 140.818 6.90374
72 143.334 143.186 6.23717
72.8 145.006 145.563 5.81192
73.6 146.996 147.987 5.61047
74.4 149.52 150.5 5.53654
75.2 152.624 153.139 5.48611
76 156.171 155.929 5.39437
76.8 159.898 158.874 5.24913
77.6 163.509 161.961 5.07689
78.4 166.791 165.166 4.91649
79.2 169.692 168.463 4.7952
80 172.342 171.838 4.71745
80.8 175.01 175.295 4.66808
81.6 178.001 178.858 4.62524
82.4 181.551 182.561 4.57437
83.2 185.73 186.433 4.51532
84 190.428 190.492 4.45965
84.8 195.397 194.737 4.42072
85.6 200.359 199.161 4.40349
86.4 205.119 203.769 4.40073
87.2 209.66 208.592 4.39831
88 214.15 213.689 4.38605
88.8 218.884 219.133 4.36675
89.6 224.161 224.981 4.35637
90.4 230.168 231.243 4.37404
91.2 236.908 237.881 4.42749
92 244.233 244.835 4.50412
92.8 251.966 252.104 4.57565
93.6 260.072 259.832 4.61628
94.4 268.814 268.385 4.62417
95.2 278.794 278.351 4.63075
96 290.845 290.44 4.68741
96.8 305.77 305.291 4.83216
97.6 323.997 323.205 5.0552
98.4 345.272 343.901 5.28934
99.2 368.486 366.372 5.44233
100 391.74 388.915 5.46362
100.8 412.647 409.359 5.40859
101.6 428.803 425.458 5.44837
102.4 438.315 435.346 5.7886
103.2 440.207 437.945 6.50907
104 434.629 433.202 7.40343
104.8 422.776 422.094 7.95024
105.6 406.583 406.395 7.54852
106.4 388.277 388.282 6.07866
107.2 369.926 369.886 4.71213
108 353.091 352.907 6.73314
108.8 338.669 338.387 18.0192
109.6 326.914 326.677 46.8229
110.4 317.6 317.561 102.637
111.2 310.24 310.485 194.196
112 304.29 304.798 326.988
112.8 299.285 299.94 500.905
113.6 294.895 295.533 708.781
114.4 290.918 291.389 936.385
115.2 287.24 287.457 1164.13
116 283.794 283.743 1370.24
116.8 280.533 280.257 1534.72
117.6 277.415 276.983 1643.13
118.4 274.411 273.877 1689.19
119.2 271.498 270.894 1675.67
120 268.66 267.999 1613.26
120.8 265.889 265.178 1517.78
121.6 263.179 262.439 1406.7
122.4 260.532 259.797 1295.68
123.2 257.962 257.269 1196.1
124 255.5 254.868 1113.98
124.8 253.182 252.6 1050.42
125.6 251.039 250.472 1002.93
126.4 249.077 248.485 967.318
127.2 247.272 246.64 939.366
128 245.567 244.927 915.897
128.8 243.898 243.326 895.127
129.6 242.213 241.81 876.43
130.4 240.496 240.351 859.8
131.2 238.777 238.925 845.337
132 237.114 237.523 832.953
132.8 235.571 236.149 822.333
133.6 234.186 234.818 813.08
134.4 232.958 233.546 804.88
135.2 231.842 232.337 797.578
136 230.766 231.182 791.137
136.8 229.664 230.055 785.536
137.6 228.492 228.918 780.712
138.4 227.245 227.731 776.603
139.2 225.945 226.464 773.301
140 224.626 225.104 771.192
140.8 223.319 223.663 770.963
141.6 222.035 222.176 773.35
142.4 220.774 220.696 778.634
143.2 219.525 219.281 786.026
144 218.287 217.979 793.173
144.8 217.064 216.814 796.053
145.6 215.87 215.775 789.437
146.4 214.717 214.822 767.897
147.2 213.608 213.897 727.153
148 212.542 212.949 665.385
148.8 211.518 211.956 584.095
149.6 210.549 210.942 488.212
150.4 209.662 209.962 385.338
151.2 208.876 209.072 284.312
152 208.17 208.283 193.457
152.8 207.445 207.505 118.995
153.6 206.489 206.517 64.0335
154.4 204.985 204.981 28.3629
155.2 202.556 202.496 9.03304
156 198.849 198.691 1.47745
156.8 193.644 193.341 0.804632
157.6 186.941 186.457 2.88756
158.4 179.009 178.332 4.99733
159.2 170.369 169.521 5.90695
160 161.715 160.745 5.56608
160.8 153.779 152.765 4.55769
161.6 147.197 146.224 3.56683
162.4 142.391 141.541 3.02895
163.2 139.508 138.843 3.01867
164 138.429 137.977 3.33721
164.8 138.831 138.589 3.69465
165.6 140.287 140.221 3.87709
166.4 142.371 142.435 3.82791
167.2 144.738 144.887 3.63009
168 147.167 147.371 3.42525
168.8 149.555 149.811 3.32499
169.6 151.891 152.216 3.36003
170.4 154.209 154.632 3.48345
171.2 156.549 157.095 3.61375
172 158.936 159.609 3.68706
172.8 161.378 162.153 3.68928
173.6 163.878 164.701 3.65541
174.4 166.446 167.239 3.64246
175.2 169.102 169.785 3.69498
176 171.871 172.376 3.82275
176.8 174.771 175.057 4.00015
177.6 177.796 177.86 4.18413
178.4 180.919 180.793 4.3381
179.2 184.105 183.85 4.44816
180 187.335 187.025 4.52441
180.8 190.628 190.334 4.5891
181.6 194.051 193.828 4.66043
182.4 197.699 197.573 4.74149
183.2 201.659 201.627 4.81996
184 205.971 206.003 4.87712
184.8 210.605 210.655 4.89993
185.6 215.486 215.505 4.88884
186.4 220.562 220.508 4.85742
187.2 225.895 225.744 4.82481
188 231.751 231.497 4.80599
188.8 238.618 238.269 4.80535
189.6 247.137 246.709 4.81675
190.4 257.925 257.436 4.82905
191.2 271.336 270.797 4.83339
192 287.216 286.634 4.8277
192.8 304.75 304.137 4.81631
193.6 322.474 321.851 4.8053
194.4 338.464 337.871 4.79706
195.2 350.693 350.191 4.78736
196 357.46 357.126 4.76672
196.8 357.778 357.692 4.7252
197.6 351.608 351.838 4.65785
198.4 339.873 340.454 4.56752
199.2 324.234 325.164 4.46382
200 306.713 307.944 4.3588
200.8 289.245 290.693 4.2619
201.6 273.308 274.868 4.17678
202.4 259.708 261.272 4.10143
203.2 248.569 250.041 4.03098
204 239.501 240.813 3.96153
204.8 231.867 232.981 3.89242
205.6 225.05 225.958 3.82627
206.4 218.626 219.342 3.76673
207.2 212.398 212.951 3.7158
208 206.292 206.719 3.67219
208.8 200.185 200.522 3.63173
209.6 193.737 194.019 3.58937
210.4 186.328 186.582 3.54161
211.2 177.132 177.379 3.48786
212 165.337 165.589 3.43031
212.8 150.435 150.696 3.37246
213.6 132.498 132.762 3.31754
214.4 112.326 112.58 3.26762
215.2 91.4051 91.6353 3.22402
216 71.6771 71.8735 3.18839
216.8 55.1624 55.3254 3.16356
217.6 43.5579 43.7024 3.15346
218.4 37.9165 38.0731 3.16195
219.2 38.4932 38.7045 3.19106
220 44.7785 45.091 3.23979
220.8 55.6726 56.1257 3.30417
221.6 69.7182 70.3334 3.37855
222.4 85.3114 86.0846 3.45767
223.2 100.861 101.761 3.53848
224 114.931 115.91 3.62103
224.8 126.456 127.464 3.70837
225.6 135.106 136.116 3.80595
226.4 141.809 142.837 3.92128
227.2 149.314 150.437 4.0642
228 162.581 163.929 4.24739
228.8 188.681 190.422 4.48641
229.6 236.014 238.311 4.79798
230.4 312.777 315.738 5.19649
231.2 424.904 428.537 5.68892
232 573.945 578.133 6.26982
232.8 755.501 759.999 6.9182
233.6 958.764 963.239 7.59779
234.4 1167.52 1171.61 8.2611
235.2 1362.52 1365.91 8.85667
236 1524.8 1527.29 9.33749
236.8 1639.16 1640.69 9.66875
237.6 1696.87 1697.54 9.83285
238.4 1697.09 1697.12 9.83108
239.2 1646.56 1646.19 9.68164
240 1557.69 1557.16 9.4151
240.8 1445.76 1445.23 9.06849
241.6 1325.85 1325.39 8.67922
242.4 1210.34 1209.93 8.27995
243.2 1107.4 1106.98 7.89514
244 1020.76 1020.27 7.5395
244.8 950.375 949.774 7.21847
245.6 893.72 893.034 6.9301
246.4 847.164 846.451 6.66786
247.2 807.029 806.362 6.42352
248 770.209 769.64 6.18944
248.8 734.353 733.894 5.95985
249.6 697.802 697.42 5.7312
250.4 659.467 659.1 5.50185
251.2 618.796 618.385 5.27165
252 575.854 575.372 5.04176
252.8 531.43 530.895 4.81475
253.6 487.053 486.534 4.59472
254.4 444.827 444.421 4.3872
255.2 407.064 406.863 4.19834
256 375.786 375.849 4.03368
256.8 352.266 352.591 3.89679
257.6 336.728 337.251 3.78825
258.4 328.35 328.955 3.7056
259.2 325.541 326.089 3.64421
260 326.426 326.784 3.59873
260.8 329.356 329.426 3.56468
261.6 333.28 333.017 3.53932
262.4 337.849 337.261 3.52178
263.2 343.249 342.386 3.5123
264 349.839 348.775 3.51121
264.8 357.794 356.602 3.51811
265.6 366.918 365.654 3.53176
266.4 376.753 375.446 3.55076
267.2 386.965 385.616 3.57449
268 397.845 396.438 3.60407
268.8 410.675 409.185 3.64249
269.6 427.697 426.105 3.69378
270.4 451.556 449.854 3.76121
271.2 484.273 482.465 3.84495
272 526.028 524.127 3.94008
272.8 574.187 572.206 4.03541
273.6 622.982 620.932 4.11399
274.4 664.14 662.026 4.15532
275.2 688.421 686.248 4.13898
276 687.736 685.515 4.04905
276.8 657.267 655.031 3.87813
277.6 596.959 594.761 3.62988
278.4 511.883 509.799 3.31934
279.2 411.326 409.442 2.97061
280 306.826 305.22 2.61246
280.8 209.697 208.427 2.27288
281.6 128.753 127.837 1.97407
282.4 68.8078 68.2239 1.72908
283.2 30.3158 30.005 1.54084
284 10.1068 9.98882 1.40378
284.8 2.8731 2.8648 1.30696
285.6 2.87854 2.91025 1.23789
286.4 5.37323 5.39933 1.18561
287.2 7.37553 7.37664 1.14238
288 7.74304 7.72076 1.10389
288.8 6.6949 6.66215 1.06828
289.6 5.08837 5.05951 1.03483
290.4 3.76001 3.74382 1.00286
291.2 3.13773 3.13502 0.9713
292 3.17593 3.1813 0.93885
292.8 3.5295 3.53527 0.904426
293.6 3.81297 3.81323 0.867578
294.4 3.80134 3.79413 0.828608
295.2 3.49578 3.48307 0.788366
296 3.06018 3.0461 0.747893
296.8 2.69329 2.68181 0.708099
297.6 2.51552 2.50874 0.669629
298.4 2.52335 2.5211 0.632893
299.2 2.61866 2.61913 0.598189
300 2.68108 2.68208 0.565778
300.8 2.63677 2.63677 0.535867
301.6 2.48844 2.48706 0.508517
302.4 2.29865 2.29638 0.483576
303.2 2.14413 2.14175 0.460693
304 2.07093 2.06896 0.439444
304.8 2.07423 2.07272 0.419486
305.6 2.10935 2.10801 0.400672
306.4 2.12278 2.12135 0.383054
307.2 2.08308 2.08154 0.366766
308 1.99479 1.99339 0.351893
308.8 1.89042 1.88946 0.338366
309.6 1.80819 1.80774 0.32598
310.4 1.76987 1.76962 0.314488
311.2 1.7708 1.77015 0.303727
312 1.78603 1.78443 0.293675
312.8 1.78692 1.78418 0.284418
313.6 1.75751 1.75397 0.276045
314.4 1.70171 1.69816 0.268529
315.2 1.6385 1.63583 0.261693
316 1.58926 1.58811 0.255261
316.8 1.56544 1.5659 0.248978
317.6 1.56331 1.5649 0.242725
318.4 1.56799 1.56988 0.236553
319.2 1.56319 1.56458 0.230622
320 1.54068 1.54111 0.22508
320.8 1.50402 1.50346 0.219954
321.6 1.4651 1.46392 0.215128
322.4 1.43632 1.43504 0.210401
323.2 1.42336 1.4224 0.205608
324 1.42252 1.42206 0.200712
324.8 1.42383 1.42376 0.195813
325.6 1.41742 1.41749 0.191065
326.4 1.39928 1.3992 0.186546
327.2 1.37301 1.3726 0.182151
328 1.34705 1.34627 0.177578
328.8 1.32931 1.32825 0.172404
329.6 1.32261 1.32139 0.166229
330.4 1.32342 1.32217 0.158801
331.2 1.32447 1.32329 0.150074
332 1.31928 1.31825 0.140192
332.8 1.30593 1.30513 0.129409
333.6 1.2879 1.28734 0.118022
334.4 1.27167 1.27131 0.106343
335.2 1.26281 1.26252 0.0947165
336 1.26278 1.2624 0.0835434
336.8 1.2684 1.26776 0.0732745
337.6 1.27386 1.27288 0.0643437
338.4 1.27416 1.27291 0.0570611
339.2 1.26774 1.26643 0.0515168
340 1.25698 1.25585 0.0475491
340.8 1.24631 1.24559 0.0448026
341.6 1.23948 1.23924 0.0428572
342.4 1.2373 1.23745 0.0413685
343.2 1.23743 1.23775 0.0401589
344 1.23599 1.23621 0.0392233
344.8 1.22994 1.2299 0.0386599
345.6 1.21886 1.2185 0.0385749
346.4 1.205 1.20443 0.0390139
347.2 1.19185 1.19124 0.0399524
348 1.18201 1.18151 0.0413351
348.8 1.17581 1.17545 0.0431263
349.6 1.17126 1.17097 0.0453278
350.4 1.16545 1.16508 0.0479468
351.2 1.15634 1.15574 0.0509331
352 1.14394 1.14302 0.0541259
352.8 1.13016 1.1289 0.0572542
353.6 1.11756 1.11606 0.0599978
354.4 1.10785 1.1062 0.0620873
355.2 1.10085 1.09917 0.0633909
356 1.09477 1.09313 0.0639449
356.8 1.08734 1.08581 0.0639136
357.6 1.07724 1.07584 0.0635023
358.4 1.06479 1.06357 0.0628708
359.2 1.05177 1.05076 0.0620914
360 1.04025 1.03949 0.061167
360.8 1.03142 1.03093 0.0600885
361.6 1.0249 1.02466 0.058891
362.4 1.01908 1.01904 0.0576708
363.2 1.01208 1.0122 0.0565524
364 1.00292 1.00318 0.0556283
364.8 0.992012 0.992416 0.0549086
365.6 0.980858 0.981417 0.0543139
366.4 0.971123 0.971841 0.0537177
367.2 0.963646 0.9645 0.0530124
368 0.957998 0.958938 0.0521634
368.8 0.952797 0.953763 0.0512178
369.6 0.946564 0.947518 0.0502677
370.4 0.938593 0.939538 0.0493896
371.2 0.929317 0.930295 0.0485994
372 0.919985 0.921058 0.0478484
372.8 0.911885 0.913097 0.0470614
373.6 0.905583 0.906931 0.0461923
374.4 0.900622 0.902049 0.0452617
375.2 0.895845 0.897256 0.0443522
376 0.890097 0.891394 0.0435647
376.8 0.882887 0.884004 0.0429613
377.6 0.87462 0.87554 0.0425296
378.4 0.866274 0.867023 0.0421901
379.2 0.858765 0.859391 0.0418416
380 0.852381 0.852924 0.0414181
380.8 0.846628 0.847107 0.0409235
381.6 0.840566 0.840979 0.0404252
382.4 0.833403 0.833742 0.0400105
383.2 0.82499 0.825256 0.0397354
384 0.81592 0.816133 0.0395951
384.8 0.807177 0.807371 0.0395344
385.6 0.799572 0.799777 0.0394893
386.4 0.793284 0.793519 0.0394341
387.2 0.787797 0.788059 0.0394015
388 0.782231 0.782504 0.0394637
388.8 0.775867 0.776136 0.0396828
389.6 0.76855 0.768816 0.0400595
390.4 0.760738 0.761017 0.0405111
391.2 0.753185 0.753501 0.0408909
392 0.746471 0.746841 0.0410421
392.8 0.740666 0.741089 0.0408543
393.6 0.735317 0.735771 0.0402971
394.4 0.729765 0.730218 0.0394134
395.2 0.723576 0.723997 0.038283
396 0.716831 0.717205 0.0369795
396.8 0.710099 0.710426 0.0355473
397.6 0.704119 0.70441 0.0340072
398.4 0.699387 0.699651 0.0323843
399.2 0.695892 0.696131 0.0307333
400 0.693158 0.693365 0.0291422
