-0.998 -2.61547 3.09033
-0.996 -5.26745 1.69454
-0.994 -7.98064 0.0624095
-0.992 -10.3988 -1.5032
-0.99 -12.1862 -2.68726
-0.988 -13.0829 -3.22123
-0.986 -12.9519 -2.93957
-0.984 -11.8057 -1.82289
-0.982 -9.80822 -0.0177109
-0.98 -7.25025 2.17353
-0.978 -4.50209 4.33362
-0.976 -1.95195 5.99774
-0.974 0.0589175 6.73628
-0.972 1.29287 6.23903
-0.97 1.65422 4.38486
-0.968 1.20217 1.28309
-0.966 0.135752 -2.72342
-0.964 -1.24676 -7.09696
-0.962 -2.60675 -11.1815
-0.96 -3.63148 -14.3058
-0.958 -4.09518 -15.8978
-0.956 -3.9031 -15.588
-0.954 -3.11027 -13.286
-0.952 -1.91131 -9.21217
-0.95 -0.603236 -3.87738
-0.948 0.471605 1.98772
-0.946 0.991859 7.54471
-0.944 0.72062 11.9817
-0.942 -0.445565 14.6476
-0.94 -2.45094 15.1614
-0.938 -5.0827 13.4791
-0.936 -8.00083 9.90229
-0.934 -10.7906 5.02856
-0.932 -13.029 -0.34903
-0.93 -14.354 -5.37671
-0.928 -14.5256 -9.28483
-0.926 -13.4681 -11.5175
-0.924 -11.2874 -11.8242
-0.922 -8.26041 -10.297
-0.92 -4.79743 -7.34725
-0.918 -1.38387 -3.62511
-0.916 1.48978 0.102548
-0.914 3.39877 3.09433
-0.912 4.04499 4.77053
-0.91 3.299 4.81854
-0.908 1.21797 3.24825
-0.906 -1.96204 0.38756
-0.904 -5.85708 -3.18084
-0.902 -9.98494 -6.72917
-0.9 -13.8267 -9.52006
-0.898 -16.8927 -10.9425
-0.896 -18.7855 -10.6239
-0.894 -19.2522 -8.49735
-0.892 -18.218 -4.81415
-0.89 -15.7987 -0.0990632
-0.888 -12.2863 4.94181
-0.886 -8.1124 9.54336
-0.884 -3.79128 13.0119
-0.882 0.147866 14.8403
-0.88 3.23162 14.7885
-0.878 5.10589 12.9161
-0.876 5.58399 9.56206
-0.874 4.67234 5.27885
-0.872 2.56978 0.731665
-0.87 -0.3604 -3.41618
-0.868 -3.64267 -6.61197
-0.866 -6.75901 -8.49734
-0.864 -9.2261 -8.95363
-0.862 -10.6681 -8.10323
-0.86 -10.8741 -6.26943
-0.858 -9.8295 -3.90492
-0.856 -7.71819 -1.50387
-0.854 -4.892 0.485393
-0.852 -1.81383 1.73174
-0.85 1.01777 2.06541
-0.848 3.15037 1.48979
-0.846 4.25201 0.161912
-0.844 4.16569 -1.65129
-0.842 2.93407 -3.63043
-0.84 0.789737 -5.46258
-0.838 -1.88741 -6.89082
-0.836 -4.63838 -7.74639
-0.834 -7.00665 -7.96026
-0.832 -8.61866 -7.55506
-0.83 -9.24866 -6.62282
-0.828 -8.85624 -5.29535
-0.826 -7.58956 -3.71544
-0.824 -5.75383 -2.01479
-0.822 -3.75063 -0.302481
-0.82 -1.99956 1.33581
-0.818 -0.856751 2.83044
-0.816 -0.54606 4.11697
-0.814 -1.11572 5.12696
-0.812 -2.4289 5.78487
-0.81 -4.1897 6.01334
-0.808 -5.99982 5.74668
-0.806 -7.43503 4.94962
-0.804 -8.12753 3.63626
-0.802 -7.83901 1.88376
-0.8 -6.51079 -0.164457
-0.798 -4.28174 -2.30885
-0.796 -1.47045 -4.31695
-0.794 1.47551 -5.95631
-0.792 4.05434 -7.03115
-0.79 5.79549 -7.4154
-0.788 6.34065 -7.07537
-0.786 5.50607 -6.07688
-0.784 3.31544 -4.5751
-0.782 -0.00180409 -2.78829
-0.78 -4.04573 -0.960193
-0.778 -8.30775 0.68208
-0.776 -12.248 1.9666
-0.774 -15.3748 2.80403
-0.772 -17.3132 3.19834
-0.77 -17.853 3.23857
-0.768 -16.9685 3.07321
-0.766 -14.8104 2.87258
-0.764 -11.6725 2.78715
-0.762 -7.94199 2.91066
-0.76 -4.04162 3.25631
-0.758 -0.375461 3.75113
-0.756 2.71576 4.25054
-0.754 4.98474 4.57026
-0.752 6.29252 4.52946
-0.75 6.61 3.99593
-0.748 6.00948 2.92356
-0.746 4.64929 1.37364
-0.744 2.75419 -0.485741
-0.742 0.593544 -2.40298
-0.74 -1.542 -4.08535
-0.738 -3.36422 -5.25278
-0.736 -4.61111 -5.69293
-0.734 -5.07027 -5.30689
-0.732 -4.60134 -4.13632
-0.73 -3.1563 -2.36612
-0.728 -0.795443 -0.300726
-0.726 2.30448 1.68313
-0.724 5.85398 3.20004
-0.722 9.47005 3.92514
-0.72 12.7124 3.65662
-0.718 15.1347 2.35969
-0.716 16.345 0.182998
-0.714 16.0667 -2.55658
-0.712 14.1898 -5.41916
-0.71 10.8021 -7.91006
-0.708 6.19375 -9.56002
-0.706 0.832383 -10.0042
-0.704 -4.69074 -9.0468
-0.702 -9.7358 -6.70111
-0.7 -13.7007 -3.19676
-0.698 -16.1053 1.04681
-0.696 -16.6594 5.47805
-0.694 -15.3042 9.49348
-0.692 -12.219 12.528
-0.69 -7.79346 14.141
-0.688 -2.56882 14.0842
-0.686 2.8411 12.341
-0.684 7.83645 9.13033
-0.682 11.912 4.87562
-0.68 14.7194 0.14278
-0.678 16.1021 -4.4422
-0.676 16.099 -8.28423
-0.674 14.9187 -10.9048
-0.672 12.8904 -12.0095
-0.67 10.4021 -11.527
-0.668 7.83891 -9.614
-0.666 5.5311 -6.62494
-0.664 3.72014 -3.05163
-0.662 2.54491 0.556815
-0.66 2.04675 3.68066
-0.658 2.18821 5.90819
-0.656 2.87881 6.99347
-0.654 4.00087 6.88445
-0.652 5.42946 5.71757
-0.65 7.04286 3.78164
-0.648 8.72258 1.45813
-0.646 10.3454 -0.850525
-0.644 11.7727 -2.79196
-0.642 12.8443 -4.12169
-0.64 13.3823 -4.73796
-0.638 13.2088 -4.68786
-0.636 12.1763 -4.14399
-0.634 10.2041 -3.35639
-0.632 7.31256 -2.58917
-0.63 3.64525 -2.05454
-0.628 -0.527879 -1.85855
-0.626 -4.83067 -1.97046
-0.624 -8.82267 -2.22386
-0.622 -12.0572 -2.35045
-0.62 -14.1466 -2.04045
-0.618 -14.8233 -1.01731
-0.616 -13.9867 0.889098
-0.614 -11.7253 3.68656
-0.612 -8.31047 7.1946
-0.61 -4.15892 11.0551
-0.608 0.228737 14.7796
-0.606 4.34512 17.8257
-0.604 7.75475 19.6904
-0.602 10.1601 20.0045
-0.6 11.4428 18.6102
-0.598 11.6711 15.6067
-0.596 11.0733 11.3524
-0.594 9.98023 6.42099
-0.592 8.7502 1.51426
-0.59 7.69092 -2.65276
-0.588 6.99585 -5.4758
-0.586 6.7086 -6.57051
-0.584 6.72292 -5.84606
-0.582 6.81768 -3.52829
-0.58 6.7182 -0.127129
-0.578 6.1698 3.64677
-0.576 5.00729 7.00208
-0.574 3.20569 9.20291
-0.572 0.901307 9.69787
-0.57 -1.62162 8.21971
-0.568 -3.97741 4.83824
-0.566 -5.75113 -0.0436345
-0.564 -6.58378 -5.75095
-0.562 -6.25416 -11.4453
-0.56 -4.73985 -16.2622
-0.558 -2.24265 -19.4535
-0.556 0.830521 -20.5082
-0.554 3.93052 -19.2319
-0.552 6.46267 -15.7702
-0.55 7.89897 -10.5744
-0.548 7.88375 -4.31859
-0.546 6.31153 2.21628
-0.544 3.36147 8.26819
-0.542 -0.519458 13.2077
-0.54 -4.68249 16.6208
-0.538 -8.38207 18.3478
-0.536 -10.9023 18.4759
-0.534 -11.6834 17.2893
-0.532 -10.4254 15.1918
-0.53 -7.14943 12.6162
-0.528 -2.20561 9.94267
-0.526 3.77749 7.43843
-0.524 9.99149 5.22988
-0.522 15.5788 3.30947
-0.52 19.7717 1.57236
-0.518 22.016 -0.127585
-0.516 22.0588 -1.91624
-0.514 19.9845 -3.8467
-0.512 16.1962 -5.86811
-0.51 11.3431 -7.82324
-0.508 6.20855 -9.47563
-0.506 1.57725 -10.5599
-0.504 -1.89378 -10.8433
-0.502 -3.77828 -10.1826
-0.5 -3.93938 -8.56393
-0.498 -2.53546 -6.11522
-0.496 0.0249008 -3.0888
-0.494 3.16719 0.180493
-0.492 6.25712 3.33304
-0.49 8.70903 6.04522
-0.488 10.0787 8.08168
-0.486 10.1266 9.32923
-0.484 8.843 9.80668
-0.482 6.43219 9.64951
-0.48 3.2606 9.07332
-0.478 -0.220879 8.32458
-0.476 -3.56377 7.62997
-0.474 -6.40019 7.15597
-0.472 -8.49665 6.98721
-0.47 -9.77453 7.12712
-0.468 -10.2964 7.51807
-0.466 -10.2256 8.07318
-0.464 -9.77039 8.70946
-0.462 -9.12659 9.37208
-0.46 -8.429 10.0428
-0.458 -7.72058 10.7301
-0.456 -6.94447 11.4436
-0.454 -5.96074 12.1604
-0.452 -4.58591 12.7943
-0.45 -2.64798 13.1784
-0.448 -0.0451641 13.0712
-0.446 3.20615 12.1902
-0.444 6.94726 10.2694
-0.442 10.8841 7.13048
-0.44 14.625 2.75304
-0.438 17.7407 -2.67488
-0.436 19.8352 -8.73943
-0.434 20.6122 -14.8266
-0.432 19.9283 -20.1919
-0.43 17.8228 -24.0657
-0.428 14.521 -25.78
-0.426 10.4076 -24.8939
-0.424 5.97541 -21.2949
-0.422 1.75288 -15.2526
-0.42 -1.77501 -7.40973
-0.418 -4.24028 1.29404
-0.416 -5.44555 9.75822
-0.414 -5.38851 16.8949
-0.412 -4.25441 21.8093
-0.41 -2.37978 23.9546
-0.408 -0.195284 23.2294
-0.406 1.84314 20.0015
-0.404 3.32513 15.048
-0.402 3.94982 9.42443
-0.4 3.5741 4.28035
-0.398 2.23787 0.656448
-0.396 0.161 -0.703906
-0.394 -2.288 0.507043
-0.392 -4.6466 4.0995
-0.39 -6.42653 9.41394
-0.388 -7.18423 15.4353
-0.386 -6.58382 20.9737
-0.384 -4.44554 24.8784
-0.382 -0.776032 26.2449
-0.38 4.22174 24.578
-0.378 10.1601 19.88
-0.376 16.5003 12.6493
-0.374 22.6068 3.79226
-0.372 27.8165 -5.53561
-0.37 31.5152 -14.1276
-0.368 33.2107 -20.9266
-0.366 32.5926 -25.1918
-0.364 29.5732 -26.6024
-0.362 24.3046 -25.2814
-0.36 17.1713 -21.7389
-0.358 8.75838 -16.7487
-0.356 -0.204158 -11.1876
-0.354 -8.91668 -5.86777
-0.352 -16.5981 -1.39809
-0.35 -22.5758 1.9014
-0.348 -26.3635 4.01724
-0.346 -27.7156 5.19344
-0.344 -26.6495 5.82964
-0.342 -23.4346 6.3517
-0.34 -18.5502 7.08484
-0.338 -12.6203 8.15856
-0.336 -6.33289 9.46496
-0.334 -0.354229 10.6799
-0.332 4.75067 11.3418
-0.33 8.57947 10.9707
-0.328 10.9259 9.19845
-0.326 11.7795 5.88191
-0.324 11.2938 1.17117
-0.322 9.73254 -4.4839
-0.32 7.40761 -10.3931
-0.318 4.62342 -15.7421
-0.316 1.6377 -19.7445
-0.314 -1.35664 -21.7989
-0.312 -4.22926 -21.6206
-0.31 -6.89369 -19.318
-0.308 -9.27833 -15.3946
-0.306 -11.2949 -10.6729
-0.304 -12.8145 -6.15189
-0.302 -13.6604 -2.82298
-0.3 -13.6273 -1.48134
-0.298 -12.5259 -2.56907
-0.296 -10.2465 -6.0815
-0.294 -6.82569 -11.5551
-0.292 -2.49637 -18.1393
-0.29 2.29617 -24.7391
-0.288 6.92175 -30.2026
-0.286 10.6372 -33.5182
-0.284 12.694 -33.9895
-0.282 12.4683 -31.3535
-0.28 9.59122 -25.8243
-0.278 4.0599 -18.0532
-0.276 -3.69817 -9.01437
-0.274 -12.8275 0.163142
-0.272 -22.1266 8.3849
-0.27 -30.2065 14.7669
-0.268 -35.704 18.7659
-0.266 -37.5109 20.2429
-0.264 -34.9762 19.4491
-0.262 -28.0412 16.9434
-0.26 -17.2808 13.4586
-0.258 -3.84353 9.74519
-0.256 10.7003 6.42663
-0.254 24.5819 3.89189
-0.252 36.0954 2.24655
-0.25 43.8615 1.32728
-0.248 47.0495 0.771831
-0.246 45.5189 0.125573
-0.244 39.8489 -1.04058
-0.242 31.2427 -3.0255
-0.24 21.3207 -5.92631
-0.238 11.837 -9.61221
-0.236 4.37609 -13.7469
-0.234 0.0859242 -17.8543
-0.232 -0.503213 -21.4157
-0.23 2.45636 -23.9778
-0.228 8.18856 -25.2519
-0.226 15.4622 -25.1814
-0.224 22.8372 -23.9621
-0.222 28.9429 -22.0105
-0.22 32.7365 -19.8856
-0.218 33.6905 -18.1808
-0.216 31.8733 -17.4082
-0.214 27.9054 -17.8986
-0.212 22.8035 -19.7354
-0.21 17.7456 -22.7329
-0.208 13.8089 -26.462
-0.206 11.7344 -30.3171
-0.204 11.7644 -33.613
-0.202 13.5851 -35.6942
-0.2 16.3861 -36.0407
-0.198 19.0284 -34.352
-0.196 20.2928 -30.5985
-0.194 19.1629 -25.0326
-0.192 15.0834 -18.1618
-0.19 8.13686 -10.6878
-0.188 -0.909439 -3.42342
-0.186 -10.705 2.80408
-0.184 -19.5525 7.25102
-0.182 -25.7321 9.34681
-0.18 -27.8475 8.76548
-0.178 -25.1223 5.47123
-0.176 -17.5895 -0.26695
-0.174 -6.13573 -7.89302
-0.172 7.60728 -16.6114
-0.17 21.5101 -25.4592
-0.168 33.293 -33.3962
-0.166 40.9166 -39.4068
-0.164 42.9482 -42.6073
-0.162 38.8337 -42.35
-0.16 29.0196 -38.3151
-0.158 14.8951 -30.5761
-0.156 -1.43629 -19.6256
-0.154 -17.5149 -6.35075
-0.152 -30.9447 8.04625
-0.15 -39.7962 22.176
-0.148 -42.9246 34.6239
-0.146 -40.1465 44.124
-0.144 -32.2496 49.721
-0.142 -20.8325 50.896
-0.14 -8.00125 47.6389
-0.138 4.02264 40.4552
-0.136 13.3106 30.3049
-0.134 18.5708 18.4788
-0.132 19.3589 6.4265
-0.13 16.1136 -4.43867
-0.128 10.0153 -12.9309
-0.126 2.70593 -18.2476
-0.124 -4.06882 -20.0637
-0.122 -8.81768 -18.5516
-0.12 -10.5962 -14.323
-0.118 -9.18111 -8.3073
-0.116 -5.09794 -1.5882
-0.114 0.502937 4.77285
-0.112 6.1006 9.89831
-0.11 10.1413 13.2164
-0.108 11.3915 14.5249
-0.106 9.22944 13.988
-0.104 3.80845 12.0678
-0.102 -3.94661 9.40644
-0.1 -12.5101 6.68078
-0.098 -20.0552 4.46242
-0.096 -24.8198 3.10946
-0.094 -25.4656 2.71117
-0.092 -21.3656 3.09315
-0.09 -12.7675 3.8775
-0.088 -0.800937 4.58266
-0.086 12.6808 4.74091
-0.084 25.4067 4.0102
-0.082 35.0935 2.25779
-0.08 39.8771 -0.401121
-0.078 38.6803 -3.61897
-0.076 31.4376 -6.88327
-0.074 19.1272 -9.62208
-0.072 3.6041 -11.3245
-0.07 -12.7293 -11.6496
-0.068 -27.344 -10.5003
-0.066 -38.0195 -8.04936
-0.064 -43.218 -4.71462
-0.062 -42.3389 -1.09158
-0.06 -35.8159 2.14342
-0.058 -25.0398 4.34375
-0.056 -12.1139 5.00071
-0.054 0.52114 3.83329
-0.052 10.5309 0.843118
-0.05 16.1162 -3.67852
-0.048 16.3418 -9.19683
-0.046 11.299 -15.0255
-0.044 2.06984 -20.4448
-0.042 -9.49385 -24.8183
-0.04 -21.1293 -27.6849
-0.038 -30.5853 -28.8086
-0.036 -36.0298 -28.1862
-0.034 -36.3687 -26.0193
-0.032 -31.4222 -22.6604
-0.03 -21.932 -18.5457
-0.028 -9.3992 -14.1214
-0.026 4.21341 -9.77447
-0.024 16.856 -5.77574
-0.022 26.7703 -2.2497
-0.02 32.7992 0.823859
-0.018 34.5684 3.57594
-0.016 32.511 6.19258
-0.014 27.7344 8.85371
-0.012 21.7638 11.6823
-0.01 16.2115 14.7132
-0.008 12.4377 17.8828
-0.006 11.2692 21.0369
-0.004 12.8316 23.9511
-0.002 16.5341 26.3637
0 21.2128 28.0196
0.002 25.4054 28.7202
0.004 27.6978 28.3738
0.006 27.0624 27.0234
0.008 23.1131 24.8528
0.01 16.2193 22.1624
0.012 7.45547 19.3239
0.014 -1.60039 16.7282
0.016 -9.17588 14.7343
0.018 -13.6606 13.6268
0.02 -13.9407 13.5819
0.022 -9.6469 14.6414
0.024 -1.26602 16.6992
0.026 9.91009 19.5043
0.028 21.9958 22.6874
0.03 32.8468 25.8074
0.032 40.4561 28.4114
0.034 43.3359 30.0957
0.036 40.8112 30.5557
0.038 33.1683 29.6208
0.04 21.6273 27.2724
0.042 8.14299 23.6492
0.044 -4.93587 19.038
0.046 -15.2904 13.8484
0.048 -21.0634 8.56661
0.05 -21.2182 3.69136
0.052 -15.75 -0.340482
0.054 -5.70531 -3.22137
0.056 7.0023 -4.81742
0.058 19.9431 -5.1791
0.06 30.6181 -4.51814
0.062 36.9127 -3.15932
0.064 37.4735 -1.47948
0.066 31.9436 0.154554
0.068 21.0235 1.44111
0.07 6.35304 2.18572
0.072 -9.76492 2.32486
0.074 -24.7562 1.92655
0.076 -36.2219 1.16511
0.078 -42.3625 0.272555
0.08 -42.3001 -0.524095
0.082 -36.2318 -1.06542
0.084 -25.3774 -1.30609
0.086 -11.732 -1.33303
0.088 2.32318 -1.35005
0.09 14.4673 -1.63175
0.092 22.8536 -2.4561
0.094 26.4141 -4.02912
0.096 25.007 -6.41664
0.098 19.3916 -9.49759
0.1 11.0433 -12.9513
0.102 1.84365 -16.2864
0.104 -6.29755 -18.9107
0.106 -11.8206 -20.2343
0.108 -13.819 -19.7859
0.11 -12.2059 -17.321
0.112 -7.70358 -12.8975
0.114 -1.66269 -6.90442
0.116 4.25073 -0.034187
0.118 8.42723 6.79627
0.12 9.66623 12.5662
0.122 7.43777 16.2954
0.124 2.00573 17.1928
0.126 -5.60788 14.7867
0.128 -13.8113 9.01627
0.13 -20.752 0.2678
0.132 -24.6922 -10.6533
0.134 -24.3802 -22.6125
0.136 -19.3398 -34.2842
0.138 -10.0147 -44.3187
0.14 2.27099 -51.5107
0.142 15.5317 -54.9477
0.144 27.4766 -54.1189
0.146 35.9308 -48.9743
0.148 39.2392 -39.9268
0.15 36.5769 -27.8009
0.152 28.1126 -13.7336
0.154 14.9972 0.958585
0.156 -0.819058 14.9305
0.158 -16.9117 26.9569
0.16 -30.7939 36.0595
0.162 -40.3429 41.5996
0.164 -44.162 43.3254
0.166 -41.8111 41.3761
0.168 -33.8617 36.2464
0.17 -21.7702 28.7196
0.172 -7.59947 19.7789
0.174 6.35385 10.5043
0.176 17.9551 1.96277
0.178 25.5809 -4.90118
0.18 28.3643 -9.36269
0.182 26.2988 -10.992
0.184 20.187 -9.69728
0.186 11.4446 -5.72755
0.188 1.7983 0.364721
0.19 -7.06256 7.79823
0.192 -13.8102 15.6649
0.194 -17.7111 23.0473
0.196 -18.722 29.1361
0.198 -17.4354 33.3336
0.2 -14.8958 35.3275
0.202 -12.3346 35.1242
0.204 -10.8829 33.0347
0.206 -11.3224 29.6148
0.208 -13.9211 25.5673
0.21 -18.3808 21.6231
0.212 -23.9037 18.4202
0.214 -29.365 16.4014
0.216 -33.5566 15.747
0.218 -35.4535 16.3548
0.22 -34.4493 17.8701
0.222 -30.5083 19.7628
0.224 -24.2013 21.4356
0.226 -16.6167 22.345
0.228 -9.16345 22.1097
0.23 -3.30531 20.5836
0.232 -0.27924 17.8788
0.234 -0.849053 14.3334
0.236 -5.14082 10.4316
0.238 -12.5909 6.69568
0.24 -22.019 3.57158
0.242 -31.8176 1.33398
0.244 -40.224 0.0282988
0.246 -45.6277 -0.537648
0.248 -46.851 -0.750373
0.25 -43.3521 -1.10256
0.252 -35.3124 -2.07579
0.254 -23.5977 -4.01678
0.256 -9.60857 -7.03306
0.258 4.94883 -10.9325
0.26 18.3273 -15.2238
0.262 28.9978 -19.1834
0.264 35.8644 -21.979
0.266 38.4061 -22.8287
0.268 36.7256 -21.1638
0.27 31.4977 -16.7634
0.272 23.8279 -9.831
0.274 15.0489 -0.995627
0.276 6.49424 8.76593
0.278 -0.706096 18.2753
0.28 -5.77267 26.3415
0.282 -8.34542 31.9584
0.284 -8.47384 34.4757
0.286 -6.54337 33.7095
0.288 -3.1614 29.9733
0.29 0.971616 24.0239
0.292 5.18337 16.9288
0.294 8.92535 9.88273
0.296 11.8304 4.00256
0.298 13.7269 0.139152
0.3 14.612 -1.26062
0.302 14.5963 -0.216921
0.304 13.8375 2.80614
0.306 12.4831 7.00418
0.308 10.6356 11.3957
0.31 8.34827 15.0118
0.312 5.64566 17.0754
0.314 2.55974 17.1348
0.316 -0.831046 15.1282
0.318 -4.3713 11.3697
0.32 -7.81483 6.4642
0.322 -10.8325 1.17111
0.324 -13.0437 -3.7522
0.326 -14.0695 -7.69554
0.328 -13.5994 -10.3007
0.33 -11.4611 -11.5062
0.332 -7.67576 -11.5259
0.334 -2.48641 -10.767
0.336 3.65028 -9.70914
0.338 10.1083 -8.77106
0.34 16.1656 -8.19773
0.342 21.0945 -7.99305
0.344 24.2541 -7.91538
0.346 25.1737 -7.53768
0.348 23.6159 -6.35954
0.35 19.6114 -3.94622
0.352 13.4602 -0.0636413
0.354 5.69789 5.22211
0.356 -2.96831 11.5049
0.358 -11.7448 18.0709
0.36 -19.8437 24.0009
0.362 -26.5684 28.3252
0.364 -31.3822 30.2038
0.366 -33.9536 29.095
0.368 -34.1782 24.8798
0.37 -32.1761 17.9141
0.372 -28.27 8.99598
0.374 -22.9423 -0.750212
0.376 -16.7788 -10.0531
0.378 -10.4024 -17.7057
0.38 -4.40584 -22.7704
0.382 0.708121 -24.7389
0.384 4.57276 -23.6186
0.386 6.9856 -19.9255
0.388 7.91855 -14.5876
0.39 7.51089 -8.77291
0.392 6.04603 -3.67511
0.394 3.91289 -0.297194
0.396 1.55391 0.727735
0.398 -0.59584 -0.755319
0.4 -2.17051 -4.40419
0.402 -2.92631 -9.45106
0.404 -2.77612 -14.8488
0.406 -1.79994 -19.4639
0.408 -0.229946 -22.2798
0.41 1.58655 -22.575
0.412 3.24084 -20.0466
0.414 4.32601 -14.8568
0.416 4.50188 -7.5992
0.418 3.55297 0.809069
0.42 1.43015 9.28649
0.422 -1.73262 16.7679
0.424 -5.63131 22.3724
0.426 -9.8339 25.5295
0.428 -13.8447 26.043
0.43 -17.1787 24.0869
0.432 -19.433 20.1404
0.434 -20.3434 14.8794
0.436 -19.8182 9.04912
0.438 -17.9451 3.34166
0.44 -14.9716 -1.70074
0.442 -11.2609 -5.74239
0.444 -7.23074 -8.66593
0.446 -3.28469 -10.5425
0.448 0.250718 -11.5717
0.45 3.17027 -12.0081
0.452 5.40644 -12.0919
0.454 7.01529 -11.9991
0.456 8.13703 -11.8198
0.458 8.94269 -11.5658
0.46 9.58031 -11.2004
0.462 10.1326 -10.6789
0.464 10.5943 -9.98702
0.466 10.8718 -9.16572
0.468 10.8063 -8.3149
0.47 10.2139 -7.57509
0.472 8.93891 -7.0913
0.474 6.90745 -6.96877
0.476 4.17082 -7.23282
0.478 0.925569 -7.80506
0.48 -2.49795 -8.50411
0.482 -5.68014 -9.0733
0.484 -8.18308 -9.23011
0.486 -9.63387 -8.72672
0.488 -9.80318 -7.40774
0.49 -8.66233 -5.25206
0.492 -6.4065 -2.38913
0.494 -3.43834 0.914279
0.496 -0.312628 4.29498
0.498 2.35033 7.35472
0.5 3.96955 9.73048
0.502 4.10917 11.1599
0.504 2.5659 11.5278
0.506 -0.579543 10.8841
0.508 -4.95951 9.42572
0.51 -9.96821 7.44924
0.512 -14.8556 5.28111
0.514 -18.8503 3.20448
0.516 -21.2897 1.39876
0.518 -21.7346 -0.0930799
0.52 -20.0473 -1.36197
0.522 -16.4206 -2.59565
0.524 -11.3508 -4.01572
0.526 -5.55982 -5.80323
0.528 0.121725 -8.02982
0.53 4.89047 -10.6106
0.532 8.10184 -13.291
0.534 9.37373 -15.6732
0.536 8.64404 -17.2808
0.538 6.17241 -17.6491
0.54 2.48685 -16.4265
0.542 -1.71386 -13.4648
0.544 -5.6837 -8.87901
0.546 -8.75699 -3.06137
0.548 -10.4577 3.3559
0.55 -10.572 9.58677
0.552 -9.17313 14.8125
0.554 -6.59316 18.3172
0.556 -3.3503 19.6135
0.558 -0.0448638 18.5336
0.56 2.75448 15.268
0.562 4.61199 10.3418
0.564 5.29442 4.53213
0.566 4.79735 -1.26101
0.568 3.32614 -6.16599
0.57 1.23858 -9.48613
0.572 -1.03684 -10.8151
0.574 -3.08963 -10.1011
0.576 -4.60599 -7.64892
0.578 -5.42314 -4.06122
0.58 -5.55026 -0.1291
0.582 -5.15297 3.30806
0.584 -4.50517 5.50927
0.586 -3.91836 5.95965
0.588 -3.66343 4.45687
0.59 -3.90196 1.14121
0.592 -4.64246 -3.53519
0.594 -5.73169 -8.89337
0.596 -6.8833 -14.1498
0.598 -7.73757 -18.552
0.6 -7.93935 -21.5028
0.602 -7.21731 -22.6502
0.604 -5.448 -21.9308
0.606 -2.69192 -19.5592
0.608 0.805283 -15.9723
0.61 4.64623 -11.7386
0.612 8.34322 -7.45238
0.614 11.3958 -3.63154
0.616 13.3707 -0.637569
0.618 13.9689 1.37007
0.62 13.071 2.43797
0.622 10.7509 2.78304
0.624 7.26041 2.72575
0.626 2.98581 2.60726
0.628 -1.61309 2.70813
0.63 -6.0713 3.18548
0.632 -9.98243 4.04136
0.634 -13.0472 5.12771
0.636 -15.1001 6.18571
0.638 -16.1105 6.90992
0.64 -16.1627 7.02301
0.642 -15.4207 6.34528
0.644 -14.0877 4.8449
0.646 -12.3717 2.65892
0.648 -10.4611 0.0810321
0.65 -8.51629 -2.48208
0.652 -6.67145 -4.57822
0.654 -5.04465 -5.78924
0.656 -3.74699 -5.80884
0.658 -2.88651 -4.50481
0.66 -2.56275 -1.954
0.662 -2.85215 1.55694
0.664 -3.7865 5.56649
0.666 -5.32962 9.50408
0.668 -7.35875 12.7761
0.67 -9.65708 14.8579
0.672 -11.9231 15.3768
0.674 -13.7991 14.171
0.676 -14.9175 11.3174
0.678 -14.9584 7.12206
0.68 -13.7095 2.0771
0.682 -11.1156 -3.20976
0.684 -7.30924 -8.10162
0.686 -2.61159 -12.0223
0.688 2.49624 -14.5368
0.69 7.4308 -15.4099
0.692 11.5843 -14.6354
0.694 14.4112 -12.4309
0.696 15.5102 -9.19874
0.698 14.6866 -5.46086
0.7 11.9866 -1.77666
0.702 7.69423 1.34138
0.704 2.29482 3.50186
0.706 -3.59256 4.48666
0.708 -9.3004 4.27437
0.71 -14.2035 3.03236
0.712 -17.8006 1.08008
0.714 -19.7754 -1.16965
0.716 -20.0283 -3.28156
0.718 -18.6759 -4.86968
0.72 -16.0203 -5.65833
0.722 -12.4949 -5.52291
0.724 -8.59618 -4.50405
0.726 -4.81453 -2.79393
0.728 -1.57305 -0.697672
0.73 0.81683 1.42231
0.732 2.17975 3.20903
0.734 2.4809 4.36963
0.736 1.81402 4.72026
0.738 0.377461 4.21043
0.74 -1.55674 2.92351
0.742 -3.67659 1.05478
0.744 -5.66335 -1.12826
0.746 -7.22196 -3.33537
0.748 -8.10677 -5.30351
0.75 -8.14191 -6.8383
0.752 -7.23575 -7.83975
0.754 -5.3895 -8.30854
0.756 -2.70012 -8.3329
0.758 0.643192 -8.05976
0.76 4.36967 -7.65696
0.762 8.14631 -7.27439
0.764 11.6065 -7.01217
0.766 14.3875 -6.90193
0.768 16.1739 -6.90451
0.77 16.7415 -6.92389
0.772 15.9951 -6.83385
0.774 13.9922 -6.51094
0.776 10.9468 -5.86684
0.778 7.2095 -4.87292
0.78 3.22548 -3.57231
0.782 -0.525381 -2.07725
0.784 -3.5964 -0.552469
0.786 -5.63963 0.811956
0.788 -6.45772 1.83298
0.79 -6.03298 2.36608
0.792 -4.52798 2.32982
0.794 -2.25705 1.71903
0.796 0.367148 0.604155
0.798 2.90317 -0.882389
0.8 4.95481 -2.56945
0.802 6.23673 -4.27432
0.804 6.62004 -5.82811
0.806 6.14957 -7.09427
0.808 5.02972 -7.97799
0.81 3.58128 -8.42643
0.812 2.17737 -8.42248
0.814 1.17025 -7.97554
0.816 0.82262 -7.11317
0.818 1.25637 -5.87631
0.82 2.42841 -4.31906
0.822 4.13824 -2.51258
0.824 6.06586 -0.550572
0.826 7.83289 1.44666
0.828 9.07524 3.3333
0.83 9.51357 4.94694
0.832 9.00803 6.12628
0.834 7.58715 6.73628
0.836 5.44561 6.69648
0.838 2.91148 6.00654
0.84 0.389312 4.76192
0.842 -1.71077 3.15397
0.844 -3.0452 1.45117
0.846 -3.39768 -0.0379516
0.848 -2.71804 -1.01558
0.85 -1.13263 -1.25081
0.852 1.07545 -0.630917
0.854 3.51271 0.803045
0.856 5.74047 2.84523
0.858 7.34782 5.14385
0.86 8.02028 7.24988
0.862 7.59274 8.6896
0.864 6.0785 9.04973
0.866 3.66964 8.06011
0.868 0.709263 5.65782
0.87 -2.35962 2.01875
0.872 -5.06015 -2.45176
0.874 -6.95218 -7.17092
0.876 -7.69675 -11.4661
0.878 -7.10544 -14.6842
0.88 -5.16827 -16.3045
0.882 -2.057 -16.0332
0.884 1.89613 -13.8638
0.886 6.24105 -10.0894
0.888 10.4684 -5.26258
0.89 14.076 -0.110178
0.892 16.6354 4.58596
0.894 17.8482 8.12003
0.896 17.5854 9.98309
0.898 15.9046 9.95138
0.9 13.0423 8.12578
0.902 9.38312 4.91409
0.904 5.41041 0.958504
0.906 1.64389 -2.97955
0.908 -1.42731 -6.15682
0.91 -3.40861 -7.98292
0.912 -4.05267 -8.12782
0.914 -3.29384 -6.582
0.916 -1.25854 -3.65809
0.918 1.75088 0.0667117
0.92 5.29799 3.85689
0.922 8.87452 6.95432
0.924 11.9742 8.71828
0.926 14.1667 8.74459
0.928 15.1608 6.94204
0.93 14.8455 3.55281
0.932 13.3044 -0.886673
0.934 10.7986 -5.63713
0.936 7.72306 -9.88389
0.938 4.54183 -12.8778
0.94 1.71263 -14.0645
0.942 -0.386391 -13.1802
0.944 -1.51592 -10.296
0.946 -1.61058 -5.80449
0.948 -0.783769 -0.351411
0.95 0.698504 5.2744
0.952 2.47032 10.2728
0.954 4.13568 13.9622
0.956 5.343 15.8847
0.958 5.85054 15.8703
0.96 5.5709 14.0501
0.962 4.58608 10.8192
0.964 3.13056 6.75811
0.966 1.54572 2.52771
0.968 0.214352 -1.24278
0.97 -0.51246 -4.05566
0.972 -0.382443 -5.61582
0.974 0.708636 -5.86265
0.976 2.69433 -4.95971
0.978 5.34521 -3.24661
0.98 8.30541 -1.16441
0.982 11.1515 0.830234
0.984 13.4631 2.34593
0.986 14.8934 3.11841
0.988 15.2255 3.04414
0.99 14.406 2.18249
0.992 12.55 0.729437
0.994 9.91668 -1.02977
0.996 6.86336 -2.77825
0.998 3.78493 -4.22464
0.4 0.902755 0.60432
0.8 0.916014 0.622433
1.2 0.937056 0.651204
1.6 0.96439 0.688652
2 0.99611 0.732282
2.4 1.03005 0.779328
2.8 1.06398 0.827019
3.2 1.09575 0.872854
3.6 1.12353 0.914833
4 1.14588 0.951654
4.4 1.16192 0.982827
4.8 1.17134 1.00871
5.2 1.17445 1.03047
5.6 1.17209 1.04994
6 1.16559 1.06942
6.4 1.15659 1.09147
6.8 1.14694 1.11858
7.2 1.1385 1.15298
7.6 1.13296 1.19632
8 1.13178 1.24955
8.4 1.13598 1.31276
8.8 1.14614 1.38517
9.2 1.16231 1.46514
9.6 1.18408 1.55033
10 1.2106 1.63784
10.4 1.24067 1.72448
10.8 1.2729 1.80703
11.2 1.30577 1.88245
11.6 1.33783 1.94819
12 1.36777 2.00232
12.4 1.3946 2.04368
12.8 1.41762 2.07195
13.2 1.43657 2.08763
13.6 1.45157 2.09195
14 1.4631 2.0867
14.4 1.47198 2.07409
14.8 1.47926 2.05649
15.2 1.48612 2.03623
15.6 1.49378 2.01538
16 1.50339 1.9956
16.4 1.51595 1.97801
16.8 1.53221 1.96312
17.2 1.55264 1.95088
17.6 1.57739 1.94069
18 1.60629 1.93155
18.4 1.63888 1.92223
18.8 1.67443 1.91141
19.2 1.71202 1.89791
19.6 1.7506 1.88082
20 1.78907 1.85968
20.4 1.82636 1.83454
20.8 1.86148 1.80602
21.2 1.8936 1.77528
21.6 1.92208 1.74398
22 1.94651 1.71413
22.4 1.96671 1.68792
22.8 1.98273 1.66757
23.2 1.99481 1.6551
23.6 2.00337 1.65219
24 2.00893 1.65996
24.4 2.01206 1.6789
24.8 2.01334 1.70879
25.2 2.01326 1.74867
25.6 2.01221 1.7969
26 2.0104 1.85124
26.4 2.00785 1.90903
26.8 2.00434 1.96734
27.2 1.99947 2.02318
27.6 1.99264 2.0737
28 1.9831 2.11644
28.4 1.97004 2.14939
28.8 1.9526 2.17124
29.2 1.93003 2.18137
29.6 1.90169 2.17991
30 1.8672 2.16772
30.4 1.82646 2.14627
30.8 1.77975 2.11751
31.2 1.72767 2.08375
31.6 1.67126 2.0474
32 1.61188 2.01082
32.4 1.55117 1.97613
32.8 1.49103 1.94504
33.2 1.43343 1.91874
33.6 1.38038 1.89781
34 1.33376 1.88221
34.4 1.2952 1.87131
34.8 1.26603 1.86394
35.2 1.24714 1.85856
35.6 1.23896 1.85337
36 1.24141 1.84649
36.4 1.25394 1.83617
36.8 1.27555 1.82087
37.2 1.30488 1.79949
37.6 1.34026 1.77141
38 1.37988 1.73658
38.4 1.42183 1.69552
38.8 1.46427 1.64929
39.2 1.5055 1.59941
39.6 1.54403 1.54779
40 1.57864 1.49651
40.4 1.60842 1.44778
40.8 1.63278 1.40369
41.2 1.65139 1.36615
41.6 1.66419 1.3367
42 1.67131 1.31648
42.4 1.67303 1.30614
42.8 1.66972 1.3058
43.2 1.66177 1.31512
43.6 1.6496 1.33325
44 1.6336 1.35897
44.4 1.61415 1.39072
44.8 1.5916 1.42675
45.2 1.5663 1.46512
45.6 1.53863 1.50391
46 1.509 1.5412
46.4 1.4779 1.5752
46.8 1.44585 1.60431
47.2 1.41348 1.62716
47.6 1.38143 1.64263
48 1.35036 1.64993
48.4 1.32092 1.64856
48.8 1.29366 1.63835
49.2 1.26902 1.61949
49.6 1.24728 1.59246
50 1.2285 1.55807
50.4 1.21254 1.51744
50.8 1.19905 1.47191
51.2 1.18747 1.42305
51.6 1.17711 1.37258
52 1.16719 1.32228
52.4 1.15692 1.2739
52.8 1.14559 1.22911
53.2 1.13264 1.18937
53.6 1.11775 1.15585
54 1.10086 1.12937
54.4 1.08226 1.11034
54.8 1.06257 1.09873
55.2 1.04274 1.09406
55.6 1.02397 1.09547
56 1.00771 1.10176
56.4 0.995498 1.11148
56.8 0.988905 1.12306
57.2 0.989406 1.13494
57.6 0.99827 1.14569
58 1.01647 1.15413
58.4 1.04457 1.15944
58.8 1.0827 1.16123
59.2 1.1305 1.15956
59.6 1.18708 1.15498
60 1.25111 1.14842
60.4 1.32079 1.14116
60.8 1.39398 1.13469
61.2 1.46827 1.13059
61.6 1.54107 1.13037
62 1.60977 1.13534
62.4 1.67183 1.14648
62.8 1.72492 1.16433
63.2 1.76699 1.18896
63.6 1.79643 1.21991
64 1.81208 1.25623
64.4 1.81335 1.29655
64.8 1.80021 1.33913
65.2 1.7732 1.38205
65.6 1.73343 1.4233
66 1.68252 1.46092
66.4 1.6225 1.49319
66.8 1.55577 1.51867
67.2 1.48491 1.53634
67.6 1.41263 1.54564
68 1.34156 1.54648
68.4 1.27416 1.53923
68.8 1.21256 1.52466
69.2 1.15847 1.50384
69.6 1.11306 1.4781
70 1.07693 1.44883
70.4 1.05004 1.41744
70.8 1.03174 1.3852
71.2 1.02083 1.35321
71.6 1.01563 1.32227
72 1.01409 1.29288
72.4 1.01395 1.26523
72.8 1.01288 1.23919
73.2 1.00868 1.21438
73.6 0.99942 1.19023
74 0.983567 1.16602
74.4 0.960134 1.14102
74.8 0.928737 1.11452
75.2 0.889635 1.08597
75.6 0.843717 1.05497
76 0.792437 1.02141
76.4 0.737716 0.985408
76.8 0.681797 0.947382
77.2 0.627084 0.90801
77.6 0.575964 0.868193
78 0.530627 0.829003
78.4 0.492907 0.791612
78.8 0.464143 0.757213
79.2 0.445082 0.726936
79.6 0.435826 0.701765
80 0.435824 0.682468
80.4 0.443918 0.669532
80.8 0.45843 0.663123
81.2 0.477286 0.663065
81.6 0.498167 0.668839
82 0.518675 0.67961
82.4 0.5365 0.694274
82.8 0.54958 0.711521
83.2 0.556225 0.729923
83.6 0.555227 0.74802
84 0.54592 0.764414
84.4 0.5282 0.777856
84.8 0.502507 0.78733
85.2 0.469772 0.792108
85.6 0.431327 0.791796
86 0.388798 0.786344
86.4 0.343987 0.776037
86.8 0.298744 0.761464
87.2 0.254856 0.743455
87.6 0.213943 0.723009
88 0.177377 0.701207
88.4 0.146226 0.679127
88.8 0.121224 0.657754
89.2 0.102768 0.637906
89.6 0.0909264 0.620179
90 0.0854804 0.604909
90.4 0.0859653 0.592159
90.8 0.0917247 0.581738
91.2 0.101965 0.573234
91.6 0.115807 0.566069
92 0.132333 0.559576
92.4 0.150627 0.553071
92.8 0.169803 0.545938
93.2 0.189031 0.537693
93.6 0.207552 0.528048
94 0.22469 0.516949
94.4 0.239861 0.504588
94.8 0.252583 0.491399
95.2 0.262479 0.478028
95.6 0.269284 0.465275
96 0.272856 0.454033
96.4 0.273175 0.445206
96.8 0.27035 0.439626
97.2 0.264616 0.43798
97.6 0.256326 0.440736
98 0.245938 0.448098
98.4 0.233995 0.459971
98.8 0.221096 0.475954
99.2 0.207865 0.495361
99.6 0.194919 0.517256
100 0.182825 0.540519
100.4 0.172074 0.563915
100.8 0.163045 0.586184
101.2 0.155991 0.606129
101.6 0.151023 0.622699
102 0.14811 0.635063
102.4 0.147093 0.64267
102.8 0.147702 0.645285
103.2 0.149584 0.643008
103.6 0.152341 0.636256
104 0.155562 0.625738
104.4 0.15886 0.612395
104.8 0.161903 0.597331
105.2 0.164436 0.581725
105.6 0.166299 0.566748
106 0.167429 0.553471
106.4 0.167857 0.542789
106.8 0.167693 0.535354
107.2 0.167105 0.531534
107.6 0.166295 0.531385
108 0.165469 0.53466
108.4 0.164811 0.540834
108.8 0.164463 0.549153
109.2 0.164507 0.558704
109.6 0.164954 0.568497
110 0.165745 0.577549
110.4 0.16676 0.584973
110.8 0.167826 0.590051
111.2 0.168739 0.592301
111.6 0.169284 0.591513
112 0.169258 0.587767
112.4 0.16849 0.581422
112.8 0.166856 0.573081
113.2 0.164293 0.563535
113.6 0.160802 0.553681
114 0.156449 0.544441
114.4 0.151358 0.536668
114.8 0.1457 0.531064
115.2 0.139677 0.528104
115.6 0.133508 0.527981
116 0.127411 0.530581
116.4 0.121588 0.535477
116.8 0.116215 0.541959
117.2 0.111434 0.549079
117.6 0.107348 0.555734
118 0.104021 0.560746
118.4 0.101484 0.562968
118.8 0.099739 0.561375
119.2 0.0987701 0.555158
119.6 0.0985491 0.543796
120 0.0990442 0.527109
120.4 0.100225 0.505284
120.8 0.102068 0.478872
121.2 0.104552 0.448761
121.6 0.10766 0.416124
122 0.111373 0.382339
122.4 0.115664 0.348909
122.8 0.12049 0.317358
123.2 0.125786 0.289141
123.6 0.131462 0.265552
124 0.137398 0.247647
124.4 0.143447 0.236188
124.8 0.149437 0.231599
125.2 0.155182 0.233952
125.6 0.16049 0.242975
126 0.165174 0.258069
126.4 0.16907 0.278362
126.8 0.172047 0.302756
127.2 0.174019 0.329999
127.6 0.174952 0.358757
128 0.174873 0.387683
128.4 0.173868 0.415494
128.8 0.172075 0.441029
129.2 0.16968 0.463309
129.6 0.166899 0.481582
130 0.163964 0.495353
130.4 0.161106 0.504403
130.8 0.158534 0.508795
131.2 0.15642 0.508862
131.6 0.154884 0.505183
132 0.153984 0.498545
132.4 0.153711 0.489895
132.8 0.153989 0.48028
133.2 0.15468 0.470779
133.6 0.155598 0.462438
134 0.156519 0.456201
134.4 0.157199 0.452845
134.8 0.1574 0.452925
135.2 0.156899 0.456739
135.6 0.155511 0.464298
136 0.153105 0.475328
136.4 0.149609 0.489285
136.8 0.145023 0.505389
137.2 0.139415 0.522689
137.6 0.132921 0.540125
138 0.125738 0.556615
138.4 0.118115 0.571137
138.8 0.110338 0.582812
139.2 0.102718 0.590975
139.6 0.0955774 0.595233
140 0.0892339 0.595499
140.4 0.0839893 0.592006
140.8 0.0801165 0.585289
141.2 0.0778489 0.576151
141.6 0.0773709 0.5656
142 0.0788099 0.554775
142.4 0.0822294 0.544861
142.8 0.0876239 0.537
143.2 0.0949145 0.532208
143.6 0.103947 0.531304
144 0.114494 0.534857
144.4 0.126254 0.543153
144.8 0.138863 0.55619
145.2 0.151904 0.573689
145.6 0.16492 0.595131
146 0.177437 0.619808
146.4 0.188984 0.646887
146.8 0.199119 0.675473
147.2 0.207458 0.704672
147.6 0.213698 0.733649
148 0.217644 0.761665
148.4 0.219226 0.788105
148.8 0.218509 0.812482
149.2 0.215701 0.834433
149.6 0.211146 0.853693
150 0.205306 0.870064
150.4 0.198737 0.883379
150.8 0.192057 0.893466
151.2 0.185907 0.900118
151.6 0.180906 0.903075
152 0.177611 0.902015
152.4 0.176476 0.896566
152.8 0.177819 0.886324
153.2 0.181798 0.870891
153.6 0.188399 0.849913
154 0.197434 0.823127
154.4 0.208552 0.790408
154.8 0.221264 0.751804
155.2 0.234973 0.707565
155.6 0.249015 0.658157
156 0.262699 0.604262
156.4 0.275352 0.546759
156.8 0.286362 0.486689
157.2 0.295202 0.425213
157.6 0.301464 0.363558
158 0.304872 0.302955
158.4 0.305283 0.244583
158.8 0.302686 0.189513
159.2 0.297189 0.138662
159.6 0.288995 0.0927612
160 0.27838 0.0523282
160.4 0.265668 0.0176634
160.8 0.251208 -0.0111468
161.2 0.235347 -0.0342132
161.6 0.21842 -0.0518179
162 0.200733 -0.0643816
162.4 0.182562 -0.0724281
162.8 0.164153 -0.0765469
163.2 0.145721 -0.077359
163.6 0.127465 -0.0754857
164 0.109568 -0.071523
164.4 0.0922077 -0.0660223
164.8 0.0755637 -0.0594769
165.2 0.0598155 -0.0523143
165.6 0.0451434 -0.0448933
166 0.0317233 -0.0375052
166.4 0.0197181 -0.0303781
166.8 0.00926874 -0.023682
167.2 0.000482567 -0.017536
167.6 -0.00657616 -0.0120152
168 -0.0118946 -0.0071572
168.4 -0.0155165 -0.00296906
168.8 -0.017543 0.000566851
169.2 -0.0181304 0.00348693
169.6 -0.0174821 0.00584087
170 -0.0158386 0.00768632
170.4 -0.0134638 0.00908385
170.8 -0.0106293 0.0100922
171.2 -0.00759986 0.0107643
171.6 -0.00461782 0.0111436
172 -0.00189093 0.0112622
172.4 0.000417602 0.0111396
172.8 0.00219538 0.0107835
173.2 0.00338334 0.0101913
173.6 0.00397449 0.00935392
174 0.00400934 0.00825986
174.4 0.00356841 0.00690047
174.8 0.0027627 0.0052752
175.2 0.00172272 0.00339659
175.6 0.000587158 0.00129439
176 -0.000508386 -0.000981731
176.4 -0.00144166 -0.00336105
176.8 -0.00211264 -0.00575274
177.2 -0.00245058 -0.00804867
177.6 -0.00241888 -0.0101281
178 -0.00201768 -0.011864
178.4 -0.00128397 -0.0131303
178.8 -0.000289306 -0.0138102
179.2 0.000864852 -0.013804
179.6 0.00205397 -0.0130371
180 0.00313924 -0.0114662
180.4 0.00397786 -0.00908433
180.8 0.00443437 -0.00592454
181.2 0.0043924 -0.00206038
181.6 0.00376599 0.0023951
182 0.00250972 0.00729297
182.4 0.000626847 0.0124542
182.8 -0.00182556 0.0176773
183.2 -0.00473498 0.0227477
183.6 -0.00793599 0.0274484
184 -0.011217 0.0315711
184.4 -0.0143312 0.0349274
184.8 -0.0170115 0.0373602
185.2 -0.0189874 0.0387532
185.6 -0.0200046 0.0390392
186 -0.019844 0.0382057
186.4 -0.0183393 0.0362983
186.8 -0.0153914 0.0334203
187.2 -0.0109789 0.0297293
187.6 -0.00516248 0.0254303
188 0.00191762 0.0207657
188.4 0.0100496 0.0160021
188.8 0.0189651 0.0114156
189.2 0.0283589 0.00727528
189.6 0.0379126 0.00382659
190 0.0473198 0.00127598
190.4 0.0563109 -0.000222845
190.8 0.0646753 -0.000579289
191.2 0.072279 0.000227807
191.6 0.0790755 0.00214866
192 0.0851094 0.00506618
192.4 0.0905118 0.00880475
192.8 0.0954876 0.0131438
193.2 0.100296 0.0178351
193.6 0.105227 0.022623
194 0.11057 0.0272661
194.4 0.11659 0.0315577
194.8 0.123494 0.0353453
195.2 0.131417 0.0385451
195.6 0.140398 0.0411526
196 0.150378 0.0432459
196.4 0.161198 0.0449831
196.8 0.172609 0.0465919
197.2 0.184295 0.048354
197.6 0.195893 0.0505839
198 0.207024 0.0536035
198.4 0.217329 0.0577161
198.8 0.226491 0.0631804
199.2 0.234272 0.0701874
199.6 0.240523 0.0788419
200 0.245204 0.0891508
200.4 0.248381 0.101019
200.8 0.250221 0.114255
201.2 0.250973 0.128581
201.6 0.250943 0.143654
202 0.250468 0.15909
202.4 0.249876 0.174498
202.8 0.249456 0.189502
203.2 0.249431 0.203777
203.6 0.24993 0.217071
204 0.250976 0.229223
204.4 0.252484 0.240176
204.8 0.254262 0.249976
205.2 0.256031 0.258767
205.6 0.257453 0.26677
206 0.258158 0.274268
206.4 0.257787 0.281569
206.8 0.256023 0.28898
207.2 0.252629 0.296778
207.6 0.247473 0.305175
208 0.240548 0.314305
208.4 0.231983 0.324205
208.8 0.222035 0.334811
209.2 0.211081 0.345962
209.6 0.199585 0.357415
210 0.188076 0.368861
210.4 0.177104 0.379956
210.8 0.167204 0.390348
211.2 0.158861 0.399709
211.6 0.152475 0.40776
212 0.148341 0.414294
212.4 0.146634 0.419192
212.8 0.147405 0.422436
213.2 0.150588 0.424102
213.6 0.156016 0.424359
214 0.163443 0.423449
214.4 0.172571 0.421676
214.8 0.18308 0.419378
215.2 0.194648 0.416907
215.6 0.206975 0.414613
216 0.219797 0.41282
216.4 0.232889 0.411822
216.8 0.246061 0.411868
217.2 0.259149 0.413165
217.6 0.272 0.415876
218 0.284444 0.420126
218.4 0.296284 0.426005
218.8 0.307273 0.433571
219.2 0.317102 0.442856
219.6 0.325403 0.453857
220 0.33175 0.466535
220.4 0.335678 0.480806
220.8 0.336713 0.496523
221.2 0.3344 0.51347
221.6 0.328347 0.531343
222 0.318262 0.549746
222.4 0.303991 0.56818
222.8 0.28555 0.586055
223.2 0.263139 0.602694
223.6 0.237159 0.61736
224 0.208198 0.629282
224.4 0.177012 0.637695
224.8 0.144493 0.641883
225.2 0.111617 0.641223
225.6 0.0793968 0.63523
226 0.0488188 0.623595
226.4 0.0207881 0.606218
226.8 -0.0039245 0.583224
227.2 -0.0247256 0.554972
227.6 -0.0412305 0.522046
228 -0.0532796 0.48523
228.4 -0.0609392 0.445471
228.8 -0.0644873 0.403832
229.2 -0.0643851 0.361439
229.6 -0.0612382 0.319416
230 -0.0557491 0.278827
230.4 -0.0486661 0.240625
230.8 -0.0407327 0.205602
231.2 -0.0326401 0.174353
231.6 -0.0249876 0.14726
232 -0.0182525 0.124477
232.4 -0.0127711 0.105945
232.8 -0.00873158 0.0914117
233.2 -0.00617885 0.0804592
233.6 -0.0050287 0.0725496
234 -0.00509065 0.067068
234.4 -0.00609613 0.0633692
234.8 -0.00772962 0.0608223
235.2 -0.00965989 0.0588495
235.6 -0.011569 0.0569578
236 -0.0131767 0.0547609
236.4 -0.0142595 0.0519917
236.8 -0.0146625 0.0485042
237.2 -0.0143047 0.0442666
237.6 -0.0131778 0.039347
238 -0.011339 0.0338929
238.4 -0.00889999 0.0281072
238.8 -0.00601231 0.022224
239.2 -0.00285163 0.0164832
239.6 0.000398135 0.0111101
240 0.00355953 0.00629694
240.4 0.006474 0.00219096
240.8 0.00901148 -0.00111343
241.2 0.0110767 -0.00357663
241.6 0.012612 -0.00521128
242 0.0135974 -0.00607594
242.4 0.0140475 -0.00626578
242.8 0.0140066 -0.00590169
243.2 0.0135419 -0.0051188
243.6 0.0127368 -0.00405534
244 0.0116825 -0.00284287
244.4 0.0104718 -0.00159836
244.8 0.0091923 -0.000418477
245.2 0.00792159 0.00062374
245.6 0.00672352 0.00147989
246 0.00564604 0.00212528
246.4 0.00472042 0.00255628
246.8 0.00396178 0.00278662
247.2 0.00337075 0.00284298
247.6 0.00293586 0.00276035
248 0.00263657 0.00257762
248.4 0.00244649 0.00233372
248.8 0.00233662 0.00206449
249.2 0.00227827 0.00180039
249.6 0.00224549 0.00156513
250 0.00221702 0.00137518
250.4 0.00217734 0.00123988
250.8 0.00211722 0.00116227
251.2 0.00203349 0.00114014
251.6 0.00192824 0.00116741
252 0.00180772 0.00123544
252.4 0.00168083 0.00133434
252.8 0.00155763 0.00145397
253.2 0.00144789 0.00158483
253.6 0.00135987 0.00171854
254 0.00129943 0.00184814
254.4 0.0012695 0.00196817
254.8 0.00127004 0.00207457
255.2 0.00129827 0.00216447
255.6 0.00134926 0.00223597
256 0.00141674 0.00228793
256.4 0.00149396 0.00231978
256.8 0.00157455 0.00233146
257.2 0.00165325 0.00232338
257.6 0.0017264 0.00229641
258 0.0017922 0.002252
258.4 0.00185071 0.0021922
258.8 0.00190353 0.00211969
259.2 0.00195337 0.00203772
259.6 0.00200342 0.00195003
260 0.00205671 0.0018606
260.4 0.00211552 0.00177345
260.8 0.00218089 0.00169226
261.2 0.00225235 0.0016201
261.6 0.00232778 0.00155912
262 0.00240357 0.00151032
262.4 0.0024749 0.00147344
262.8 0.00253626 0.00144693
263.2 0.00258193 0.0014281
263.6 0.00260661 0.00141335
264 0.00260597 0.00139852
264.4 0.00257704 0.00137931
264.8 0.0025186 0.00135168
265.2 0.00243126 0.00131227
265.6 0.00231751 0.0012587
266 0.0021815 0.00118985
266.4 0.0020288 0.00110586
266.8 0.001866 0.00100817
267.2 0.00170025 0.000899317
267.6 0.00153886 0.000782643
268 0.00138882 0.00066199
268.4 0.00125648 0.000541325
268.8 0.00114719 0.000424405
269.2 0.00106507 0.0003145
269.6 0.00101286 0.000214208
270 0.000991844 0.000125363
270.4 0.00100181 4.90673e-05
270.8 0.00104113 -1.42033e-05
271.2 0.00110681 -6.44202e-05
271.6 0.00119473 -0.000101799
272 0.00129975 -0.000126606
272.4 0.00141602 -0.000139009
272.8 0.00153725 -0.000139002
273.2 0.00165695 -0.000126422
273.6 0.00176881 -0.000101057
274 0.00186699 -6.28193e-05
274.4 0.00194636 -1.19844e-05
274.8 0.0020028 5.05718e-05
275.2 0.00203336 0.000123161
275.6 0.00203635 0.00020314
276 0.00201139 0.000286883
276.4 0.00195933 0.000369868
276.8 0.00188208 0.000446911
277.2 0.00178244 0.000512511
277.6 0.00166383 0.000561302
278 0.00152999 0.00058855
278.4 0.00138476 0.00059065
278.8 0.00123186 0.000565578
279.2 0.00107469 0.000513221
279.6 0.000916274 0.000435564
280 0.000759248 0.000336694
280.4 0.00060589 0.000222604
280.8 0.000458233 0.000100817
281.2 0.000318189 -2.01521e-05
281.6 0.000187664 -0.000131441
282 6.86551e-05 -0.000224549
282.4 -3.67192e-05 -0.000292022
282.8 -0.000126248 -0.000328077
283.2 -0.000197731 -0.000329082
283.6 -0.000249148 -0.000293863
284 -0.000278874 -0.000223807
284.4 -0.000285908 -0.000122735
284.8 -0.000270096 3.4053e-06
285.2 -0.000232305 0.000147046
285.6 -0.000174521 0.00029961
286 -9.98504e-05 0.000452202
286.4 -1.2411e-05 0.000596306
286.8 8.28767e-05 0.000724415
287.2 0.000180595 0.000830564
287.6 0.000275195 0.000910703
288 0.000361393 0.000962888
288.4 0.000434557 0.000987285
288.8 0.000491043 0.000985999
289.2 0.000528444 0.000962736
289.6 0.00054574 0.000922361
290 0.000543314 0.000870382
290.4 0.000522859 0.000812416
290.8 0.000487162 0.000753695
291.2 0.000439818 0.000698651
291.6 0.000384886 0.000650607
292 0.000326529 0.000611615
292.4 0.00026868 0.000582431
292.8 0.000214765 0.000562624
293.2 0.000167499 0.000550802
293.6 0.000128779 0.000544917
294 9.96714e-05 0.000542613
294.4 8.0485e-05 0.000541583
294.8 7.09161e-05 0.000539875
295.2 7.02341e-05 0.000536139
295.6 7.74842e-05 0.000529775
296 9.16792e-05 0.000520967
296.4 0.000111955 0.000510618
296.8 0.000137674 0.000500183
297.2 0.000168463 0.000491434
297.6 0.000204191 0.000486181
298 0.000244889 0.000485989
298.4 0.000290628 0.000491929
298.8 0.000341376 0.000504384
299.2 0.000396856 0.000522951
299.6 0.000456419 0.000546435
300 0.000518961 0.00057295
300.4 0.000582888 0.000600116
300.8 0.00064614 0.000625317
301.2 0.000706276 0.000646004
301.6 0.000760608 0.000660006
302 0.000806378 0.0006658
302.4 0.000840959 0.000662718
302.8 0.000862062 0.000651062
303.2 0.000867936 0.000632104
303.6 0.000857531 0.000607973
304 0.000830622 0.000581439
304.4 0.000787876 0.000555607
304.8 0.000730856 0.000533565
305.2 0.000661963 0.000518016
305.6 0.000584313 0.000510936
306 0.000501568 0.0005133
306.4 0.000417721 0.000524908
306.8 0.000336852 0.000544334
307.2 0.000262878 0.000569002
307.6 0.000199308 0.000595395
308 0.000149019 0.000619368
308.4 0.000114076 0.000636539
308.8 9.56028e-05 0.000642727
309.2 9.37165e-05 0.000634371
309.6 0.000107529 0.000608917
310 0.000135217 0.000565103
310.4 0.000174161 0.000503138
310.8 0.000221133 0.000424742
311.2 0.00027253 0.000333041
311.6 0.000324626 0.000232344
312 0.000373834 0.000127799
312.4 0.000416947 2.49893e-05
312.8 0.00045134 -7.0516e-05
313.2 0.000475131 -0.000153598
313.6 0.000487266 -0.000219975
314 0.000487543 -0.000266516
314.4 0.000476564 -0.000291434
314.8 0.000455623 -0.000294372
315.2 0.000426548 -0.00027636
315.6 0.000391507 -0.000239664
316 0.000352803 -0.000187545
316.4 0.000312673 -0.000123957
316.8 0.000273116 -5.3211e-05
317.2 0.000235761 2.03499e-05
317.6 0.000201788 9.26537e-05
318 0.000171902 0.000160138
318.4 0.000146367 0.000219921
318.8 0.000125078 0.00026989
319.2 0.000107673 0.000308718
319.6 9.36587e-05 0.000335807
320 8.25322e-05 0.000351178
320.4 7.38925e-05 0.000355338
320.8 6.75146e-05 0.000349124
321.2 6.3387e-05 0.00033356
321.6 6.17044e-05 0.000309739
322 6.28197e-05 0.000278734
322.4 6.71622e-05 0.000241556
322.8 7.51344e-05 0.000199142
323.2 8.70031e-05 0.000152387
323.6 0.000102799 0.000102192
324 0.000122239 4.9518e-05
324.4 0.000144691 -4.55106e-06
324.8 0.000169169 -5.87744e-05
325.2 0.000194385 -0.00011174
325.6 0.000218835 -0.000161884
326 0.000240919 -0.000207546
326.4 0.000259081 -0.000247058
326.8 0.00027195 -0.000278851
327.2 0.000278475 -0.000301587
327.6 0.000278027 -0.000314286
328 0.000270468 -0.000316442
328.4 0.000256168 -0.000308119
328.8 0.000235982 -0.000290009
329.2 0.000211176 -0.000263441
329.6 0.000183311 -0.000230351
330 0.000154115 -0.000193195
330.4 0.000125326 -0.000154822
330.8 9.85522e-05 -0.00011831
331.2 7.51441e-05 -8.67728e-05
331.6 5.60971e-05 -6.31615e-05
332 4.19953e-05 -5.00679e-05
332.4 3.29984e-05 -4.95478e-05
332.8 2.8871e-05 -6.29777e-05
333.2 2.90511e-05 -9.09585e-05
333.6 3.27475e-05 -0.000133271
334 3.9054e-05 -0.000188891
334.4 4.70685e-05 -0.000256058
334.8 5.6001e-05 -0.000332401
335.2 6.52609e-05 -0.0004151
335.6 7.45124e-05 -0.000501079
336 8.36917e-05 -0.000587218
336.4 9.29864e-05 -0.000670547
336.8 0.000102777 -0.00074844
337.2 0.00011355 -0.000818757
337.6 0.000125787 -0.000879948
338 0.000139855 -0.000931105
338.4 0.000155891 -0.000971949
338.8 0.000173715 -0.00100277
339.2 0.000192769 -0.00102433
339.6 0.000212094 -0.0010377
340 0.000230357 -0.00104409
340.4 0.000245913 -0.00104471
340.8 0.000256915 -0.00104058
341.2 0.000261449 -0.00103241
341.6 0.000257698 -0.00102053
342 0.000244102 -0.00100482
342.4 0.000219516 -0.000984744
342.8 0.000183338 -0.000959409
343.2 0.000135605 -0.000927671
343.6 7.70399e-05 -0.000888283
344 9.04096e-06 -0.000840059
344.4 -6.63755e-05 -0.000782037
344.8 -0.000146688 -0.00071364
345.2 -0.000229021 -0.000634794
345.6 -0.000310329 -0.000546019
346 -0.000387588 -0.000448463
346.4 -0.000457993 -0.000343883
346.8 -0.000519126 -0.000234573
347.2 -0.000569104 -0.000123252
347.6 -0.000606672 -1.29009e-05
348 -0.000631252 9.34099e-05
348.4 -0.00064294 0.000192712
348.8 -0.000642452 0.000282321
349.2 -0.000631033 0.000359995
349.6 -0.000610328 0.000424066
350 -0.000582244 0.00047352
350.4 -0.000548808 0.000508035
350.8 -0.000512029 0.000527968
351.2 -0.000473785 0.000534291
351.6 -0.000435739 0.000528489
352 -0.000399285 0.000512425
352.4 -0.000365523 0.000488188
352.8 -0.000335267 0.00045793
353.2 -0.000309069 0.000423707
353.6 -0.000287258 0.000387347
354 -0.000269977 0.000350332
354.4 -0.000257227 0.000313727
354.8 -0.000248882 0.000278136
355.2 -0.000244709 0.000243713
355.6 -0.00024436 0.000210198
356 -0.000247363 0.000176998
356.4 -0.0002531 0.000143285
356.8 -0.000260794 0.000108118
357.2 -0.000269504 7.05693e-05
357.6 -0.000278135 2.98504e-05
358 -0.000285473 -1.45821e-05
358.4 -0.000290241 -6.29367e-05
358.8 -0.000291181 -0.00011503
359.2 -0.000287149 -0.000170263
359.6 -0.000277221 -0.000227632
360 -0.000260793 -0.000285774
360.4 -0.000237675 -0.000343045
360.8 -0.000208149 -0.00039762
361.2 -0.000173001 -0.000447608
361.6 -0.000133507 -0.000491176
362 -9.13775e-05 -0.000526668
362.4 -4.86612e-05 -0.000552711
362.8 -7.60996e-06 -0.000568297
363.2 2.94759e-05 -0.000572846
363.6 6.04152e-05 -0.000566226
364 8.33093e-05 -0.000548752
364.4 9.66855e-05 -0.000521144
364.8 9.96083e-05 -0.000484466
365.2 9.17488e-05 -0.000440042
365.6 7.3404e-05 -0.000389358
366 4.54669e-05 -0.000333968
366.4 9.34931e-06 -0.000275393
366.8 -3.31337e-05 -0.000215044
367.2 -7.99068e-05 -0.000154158
367.6 -0.000128792 -9.37516e-05
368 -0.000177664 -3.46117e-05
368.4 -0.000224592 2.27053e-05
368.8 -0.000267955 7.78452e-05
369.2 -0.000306523 0.000130616
369.6 -0.000339493 0.000180938
370 -0.000366494 0.00022879
370.4 -0.000387545 0.000274161
370.8 -0.000402988 0.000317006
371.2 -0.0004134 0.00035722
371.6 -0.000419493 0.000394619
372 -0.000422012 0.000428946
372.4 -0.000421653 0.000459882
372.8 -0.000418992 0.000487073
373.2 -0.000414441 0.000510166
373.6 -0.000408237 0.000528844
374 -0.000400448 0.000542867
374.4 -0.000391017 0.000552104
374.8 -0.00037981 0.000556557
375.2 -0.000366686 0.00055638
375.6 -0.000351562 0.000551882
376 -0.000334479 0.000543522
376.4 -0.000315649 0.000531891
376.8 -0.000295483 0.000517689
377.2 -0.000274605 0.00050169
377.6 -0.000253825 0.000484713
378 -0.000234109 0.000467576
378.4 -0.000216507 0.000451068
378.8 -0.000202084 0.000435907
379.2 -0.000191832 0.000422715
379.6 -0.000186583 0.00041199
380 -0.00018693 0.000404088
380.4 -0.000193166 0.000399207
380.8 -0.00020523 0.000397384
381.2 -0.000222696 0.000398494
381.6 -0.000244775 0.000402254
382 -0.000270353 0.000408244
382.4 -0.000298047 0.000415918
382.8 -0.000326293 0.000424636
383.2 -0.00035344 0.00043369
383.6 -0.000377857 0.00044234
384 -0.000398036 0.000449852
384.4 -0.000412693 0.00045553
384.8 -0.000420847 0.000458758
385.2 -0.00042188 0.000459029
385.6 -0.000415568 0.000455971
386 -0.000402083 0.000449376
386.4 -0.000381971 0.000439202
386.8 -0.0003561 0.000425586
387.2 -0.000325584 0.000408832
387.6 -0.000291696 0.0003894
388 -0.000255779 0.000367877
388.4 -0.000219143 0.000344948
388.8 -0.000182987 0.00032136
389.2 -0.00014833 0.000297877
389.6 -0.000115954 0.000275239
390 -8.63865e-05 0.000254123
390.4 -5.98938e-05 0.000235101
390.8 -3.65023e-05 0.000218612
391.2 -1.60375e-05 0.000204934
391.6 1.82315e-06 0.000194174
392 1.74904e-05 0.000186257
392.4 3.14016e-05 0.000180937
392.8 4.39642e-05 0.000177808
393.2 5.551e-05 0.000176337
393.6 6.62618e-05 0.000175892
394 7.63173e-05 0.000175786
394.4 8.56479e-05 0.000175324
394.8 9.41133e-05 0.000173845
395.2 0.000101487 0.000170768
395.6 0.000107491 0.000165634
396 0.000111832 0.000158136
396.4 0.000114242 0.000148138
396.8 0.00011451 0.000135691
397.2 0.000112506 0.000121021
397.6 0.000108202 0.000104518
398 0.000101673 8.67045e-05
398.4 9.30959e-05 6.81961e-05
398.8 8.27381e-05 4.96559e-05
399.2 7.0934e-05 3.17451e-05
399.6 5.8062e-05 1.50746e-05
400 4.45169e-05 1.61863e-07
