0.8 68.6176 68.9773 67.9474
1.6 110.014 110.388 109.451
2.4 181.163 181.525 180.777
3.2 284.17 284.451 284.029
4 420.095 420.179 420.26
4.8 587.779 587.525 588.306
5.6 783.13 782.398 784.07
6.4 999.076 997.77 1000.48
7.2 1226.23 1224.34 1228.15
8 1454.12 1451.73 1456.58
8.8 1672.59 1669.93 1675.65
9.6 1873.23 1870.58 1876.88
10.4 2050.23 2047.92 2054.45
11.2 2200.85 2199.15 2205.52
12 2325.14 2324.24 2330.12
12.8 2425.37 2425.31 2430.45
13.6 2505.13 2505.78 2510.08
14.4 2568.46 2569.57 2573.06
15.2 2619.15 2620.42 2623.27
16 2660.27 2661.42 2663.87
16.8 2694.06 2694.89 2697.22
17.6 2721.94 2722.35 2724.82
18.4 2744.69 2744.7 2747.52
19.2 2762.66 2762.38 2765.67
20 2775.98 2775.53 2779.35
20.8 2784.71 2784.16 2788.51
21.6 2788.88 2788.24 2793.09
22.4 2788.59 2787.76 2793.12
23.2 2784.02 2782.84 2788.74
24 2775.45 2773.72 2780.22
24.8 2763.3 2760.84 2768.03
25.6 2748.1 2744.79 2752.76
26.4 2730.52 2726.33 2735.13
27.2 2711.32 2706.35 2715.95
28 2691.33 2685.76 2696.06
28.8 2671.4 2665.5 2676.27
29.6 2652.33 2646.41 2657.35
30.4 2634.83 2629.18 2639.97
31.2 2619.44 2614.36 2624.65
32 2606.55 2602.25 2611.76
32.8 2596.37 2593 2601.51
33.6 2588.95 2586.53 2593.97
34.4 2584.23 2582.68 2589.05
35.2 2582.07 2581.2 2586.63
36 2582.32 2581.88 2586.53
36.8 2584.86 2584.53 2588.61
37.6 2589.61 2589.12 2592.82
38.4 2596.55 2595.66 2599.15
39.2 2605.67 2604.26 2607.66
40 2616.93 2615.03 2618.39
40.8 2630.29 2628.03 2631.38
41.6 2645.57 2643.23 2646.53
42.4 2662.59 2660.46 2663.69
43.2 2681.04 2679.45 2682.54
44 2700.62 2699.84 2702.73
44.8 2721.02 2721.23 2723.86
45.6 2741.98 2743.25 2745.56
46.4 2763.28 2765.6 2767.54
47.2 2784.82 2788.1 2789.6
48 2806.55 2810.68 2811.67
48.8 2828.5 2833.37 2833.78
49.6 2850.75 2856.28 2856.05
50.4 2873.42 2879.55 2878.61
51.2 2896.6 2903.29 2901.65
52 2920.4 2927.59 2925.28
52.8 2944.83 2952.44 2949.62
53.6 2969.89 2977.79 2974.68
54.4 2995.53 3003.54 3000.45
55.2 3021.65 3029.59 3026.88
56 3048.18 3055.87 3053.88
56.8 3075.08 3082.35 3081.39
57.6 3102.36 3109.12 3109.38
58.4 3130.14 3136.31 3137.87
59.2 3158.57 3164.12 3166.92
60 3187.85 3192.77 3196.67
60.8 3218.2 3222.47 3227.25
61.6 3249.76 3253.38 3258.79
62.4 3282.63 3285.59 3291.38
63.2 3316.8 3319.1 3325.07
64 3352.14 3353.85 3359.79
64.8 3388.44 3389.67 3395.42
65.6 3425.44 3426.36 3431.77
66.4 3462.82 3463.64 3468.61
67.2 3500.26 3501.22 3505.69
68 3537.44 3538.77 3542.73
68.8 3574.06 3575.94 3579.43
69.6 3609.81 3612.37 3615.45
70.4 3644.38 3647.66 3650.4
71.2 3677.4 3681.33 3683.8
72 3708.43 3712.86 3715.05
72.8 3736.91 3741.58 3743.46
73.6 3762.14 3766.74 3768.21
74.4 3783.3 3787.47 3788.4
75.2 3799.41 3802.83 3803.11
76 3809.42 3811.82 3811.38
76.8 3812.24 3813.44 3812.26
77.6 3806.73 3806.66 3804.81
78.4 3791.77 3790.46 3788.07
79.2 3766.26 3763.8 3761.03
80 3729.09 3725.57 3722.63
80.8 3679.17 3674.63 3671.73
81.6 3615.45 3609.83 3607.23
82.4 3537.09 3530.22 3528.16
83.2 3443.58 3435.2 3433.96
84 3334.96 3324.86 3324.67
84.8 3212.08 3200.13 3201.18
85.6 3076.74 3063.03 3065.36
86.4 2931.71 2916.55 2920.1
87.2 2780.59 2764.57 2769.06
88 2627.49 2611.38 2616.39
88.8 2476.61 2461.25 2466.25
89.6 2331.7 2317.88 2322.32
90.4 2195.67 2184 2187.4
91.2 2070.3 2061.11 2063.17
92 1956.19 1949.5 1950.15
92.8 1852.89 1848.46 1847.88
93.6 1759.31 1756.68 1755.23
94.4 1674.08 1672.71 1670.84
95.2 1595.97 1595.33 1593.52
96 1524.21 1523.84 1522.47
96.8 1458.56 1458.17 1457.44
97.6 1399.28 1398.7 1398.64
98.4 1346.88 1346.1 1346.55
99.2 1301.89 1301 1301.7
100 1264.58 1263.68 1264.32
100.8 1234.74 1233.93 1234.25
101.6 1211.65 1211.01 1210.79
102.4 1194.15 1193.68 1192.8
103.2 1180.79 1180.47 1178.89
104 1170.15 1169.92 1167.63
104.8 1161.05 1160.87 1157.91
105.6 1152.84 1152.65 1149.08
106.4 1145.41 1145.23 1141.11
107.2 1139.24 1139.12 1134.52
108 1135.2 1135.22 1130.25
108.8 1134.24 1134.53 1129.28
109.6 1137.11 1137.8 1132.37
110.4 1144.01 1145.22 1139.66
111.2 1154.41 1156.24 1150.59
112 1167.06 1169.54 1163.77
112.8 1180.03 1183.16 1177.24
113.6 1191.13 1194.82 1188.72
114.4 1198.2 1202.32 1196.05
115.2 1199.57 1203.92 1197.57
116 1194.3 1198.67 1192.38
116.8 1182.38 1186.55 1180.54
117.6 1164.69 1168.43 1162.92
118.4 1142.75 1145.91 1141.08
119.2 1118.45 1120.93 1116.88
120 1093.71 1095.47 1092.22
120.8 1070.12 1071.2 1068.68
121.6 1048.81 1049.31 1047.39
122.4 1030.38 1030.41 1028.95
123.2 1014.94 1014.64 1013.49
124 1002.3 1001.79 1000.87
124.8 992.123 991.526 990.756
125.6 984.081 983.502 982.842
126.4 977.931 977.467 976.87
127.2 973.519 973.253 972.655
128 970.724 970.719 970.038
128.8 969.401 969.688 968.831
129.6 969.351 969.912 968.8
130.4 970.332 971.099 969.687
131.2 972.127 972.981 971.279
132 974.609 975.399 973.477
132.8 977.776 978.342 976.324
133.6 981.724 981.918 979.966
134.4 986.558 986.263 984.559
135.2 992.304 991.433 990.161
136 998.886 997.372 996.705
136.8 1006.25 1004.04 1004.13
137.6 1014.67 1011.7 1012.72
138.4 1025.18 1021.41 1023.49
139.2 1040.01 1035.44 1038.72
140 1062.87 1057.59 1062.18
140.8 1098.86 1093.07 1099.06
141.6 1153.94 1147.99 1155.38
142.4 1233.95 1228.3 1236.99
143.2 1343.41 1338.55 1348.31
144 1484.21 1480.59 1491.07
144.8 1654.76 1652.64 1663.42
145.6 1849.62 1849.02 1859.62
146.4 2059.9 2060.51 2070.5
147.2 2274.28 2275.55 2284.57
148 2480.54 2481.72 2489.56
148.8 2667.13 2667.42 2674.01
149.6 2824.54 2823.26 2828.63
150.4 2946.23 2942.9 2947.11
151.2 3028.86 3023.31 3026.38
152 3072.01 3064.36 3066.2
152.8 3077.46 3068.14 3068.51
153.6 3048.34 3037.97 3036.5
154.4 2988.26 2977.58 2973.85
155.2 2900.69 2890.47 2884.12
156 2788.63 2779.61 2770.43
156.8 2654.56 2647.35 2635.38
157.6 2500.56 2495.61 2481.21
158.4 2328.69 2326.23 2310
159.2 2141.27 2141.29 2124.05
160 1941.24 1943.48 1926.1
160.8 1732.37 1736.39 1719.66
161.6 1519.35 1524.55 1509.09
162.4 1307.66 1313.39 1299.55
163.2 1103.24 1108.92 1096.75
164 911.962 917.156 906.511
164.8 739.073 743.565 734.145
165.6 588.57 592.367 583.846
166.4 462.766 466.068 458.178
167.2 362.095 365.217 357.801
168 285.211 288.494 281.509
168.8 229.376 233.096 226.573
169.6 191.026 195.334 189.319
170.4 166.407 171.299 165.795
171.2 152.114 157.446 152.384
172 145.464 150.985 146.24
172.8 144.631 150.039 145.472
173.6 148.581 153.576 149.103
174.4 156.873 161.193 156.837
175.2 169.415 172.855 168.766
176 186.248 188.656 185.087
176.8 207.413 208.678 205.915
177.6 232.912 232.94 231.217
178.4 262.731 261.448 260.859
179.2 296.914 294.282 294.736
180 335.64 331.699 332.918
180.8 379.286 374.214 375.775
181.6 428.456 422.63 424.047
182.4 483.982 478.013 478.817
183.2 546.869 541.59 541.413
184 618.208 614.596 613.222
184.8 699.022 698.072 695.472
185.6 790.091 792.644 788.993
186.4 891.758 898.342 894.016
187.2 1003.76 1014.47 1010.03
188 1125.15 1139.59 1135.76
188.8 1254.26 1271.63 1269.21
189.6 1388.85 1408.05 1407.84
190.4 1526.33 1546.13 1548.77
191.2 1663.96 1683.21 1689.05
192 1799.15 1816.88 1825.89
192.8 1929.58 1945.1 1956.78
193.6 2053.31 2066.17 2079.61
194.4 2168.7 2178.68 2192.62
195.2 2274.31 2281.3 2294.37
196 2368.69 2372.7 2383.58
196.8 2450.27 2451.36 2459.02
197.6 2517.24 2515.57 2519.36
198.4 2567.57 2563.45 2563.19
199.2 2599.18 2593.06 2588.99
200 2610.14 2602.61 2595.32
200.8 2598.98 2590.73 2581
201.6 2565.07 2556.77 2545.48
202.4 2508.9 2501.16 2489.13
203.2 2432.38 2425.62 2413.56
204 2338.93 2333.43 2321.84
204.8 2233.45 2229.34 2218.53
205.6 2122.06 2119.38 2109.46
206.4 2011.61 2010.39 2001.3
207.2 1909.1 1909.4 1900.97
208 1820.93 1822.84 1814.84
208.8 1752.24 1755.85 1748.07
209.6 1706.34 1711.67 1703.99
210.4 1684.45 1691.36 1683.78
211.2 1685.62 1693.82 1686.45
212 1707.07 1716.08 1709.12
212.8 1744.66 1753.88 1747.59
213.6 1793.56 1802.36 1796.95
214.4 1848.87 1856.67 1852.26
215.2 1906.13 1912.51 1909.1
216 1961.7 1966.43 1963.91
216.8 2012.86 2015.92 2014.09
217.6 2057.77 2059.32 2057.93
218.4 2095.28 2095.57 2094.38
219.2 2124.67 2123.99 2122.79
220 2145.47 2144.07 2142.66
220.8 2157.24 2155.25 2153.49
221.6 2159.55 2156.97 2154.73
222.4 2151.88 2148.61 2145.81
223.2 2133.71 2129.58 2126.19
224 2104.56 2099.41 2095.5
224.8 2064.03 2057.78 2053.54
225.6 2011.85 2004.55 2000.33
226.4 1947.94 1939.81 1936.05
227.2 1872.43 1863.8 1861.04
228 1785.67 1776.99 1775.71
228.8 1688.34 1680.05 1680.63
229.6 1581.44 1573.93 1576.53
230.4 1466.35 1459.88 1464.4
231.2 1344.84 1339.54 1345.61
232 1219.04 1214.94 1222
232.8 1091.38 1088.45 1095.84
233.6 964.484 962.68 969.758
234.4 841.026 840.346 846.6
235.2 723.564 724.036 729.156
236 614.361 616.018 619.922
236.8 515.231 518.055 520.865
237.6 427.416 431.289 433.262
238.4 351.517 356.191 357.641
239.2 287.496 292.605 293.822
240 234.739 239.847 241.042
240.8 192.178 196.855 198.135
241.6 158.447 162.348 163.724
242.4 132.054 134.979 136.393
243.2 111.53 113.447 114.81
244 95.5536 96.5768 97.8065
244.8 83.0157 83.3611 84.403
245.6 73.0483 72.9665 73.8028
246.4 65.0059 64.7245 65.3694
247.2 58.4262 58.1115 58.5985
248 52.9809 52.7253 53.094
248.8 48.4314 48.2637 48.5488
249.6 44.5961 44.5049 44.7313
250.4 41.3312 41.2902 41.4729
251.2 38.5223 38.5081 38.6551
252 36.0803 36.0804 36.1967
252.8 33.9391 33.9504 34.0409
253.6 32.0512 32.0746 32.1445
254.4 30.3819 30.4166 30.4717
255.2 28.9033 28.9446 28.99
256 27.59 27.6309 27.6701
256.8 26.4174 26.4516 26.4862
257.6 25.3625 25.3869 25.4173
258.4 24.4055 24.4213 24.4473
259.2 23.5313 23.5424 23.5636
260 22.7296 22.74 22.7567
260.8 21.9937 22.0053 22.0182
261.6 21.3184 21.3304 21.3404
262.4 20.6981 20.708 20.7162
263.2 20.1266 20.1316 20.1389
264 19.5967 19.5957 19.6026
264.8 19.1019 19.0956 19.1023
265.6 18.6367 18.6274 18.634
266.4 18.1977 18.1879 18.1941
267.2 17.783 17.774 17.7797
268 17.391 17.383 17.388
268.8 17.0201 17.0122 17.0166
269.6 16.6682 16.6594 16.6633
270.4 16.3326 16.3226 16.3264
271.2 16.0109 16.0003 16.0043
272 15.7012 15.6912 15.6958
272.8 15.4027 15.3944 15.3997
273.6 15.115 15.109 15.1147
274.4 14.838 14.8339 14.8397
275.2 14.5712 14.5679 14.5736
276 14.3135 14.3099 14.3153
276.8 14.0633 14.0586 14.0638
277.6 13.8189 13.813 13.8184
278.4 13.5791 13.572 13.5783
279.2 13.3429 13.3349 13.3425
280 13.1101 13.1012 13.1104
280.8 12.8804 12.8703 12.8811
281.6 12.6537 12.6417 12.6539
282.4 12.4295 12.4153 12.4284
283.2 12.2075 12.1911 12.2045
284 11.9875 11.9693 11.9827
284.8 11.7697 11.7506 11.7636
285.6 11.555 11.5358 11.5481
286.4 11.3445 11.3259 11.3376
287.2 11.1397 11.1218 11.1331
288 10.9418 10.9246 10.9357
288.8 10.7516 10.7354 10.7464
289.6 10.5701 10.555 10.5661
290.4 10.3982 10.3847 10.3955
291.2 10.2366 10.2251 10.2354
292 10.0866 10.0772 10.0862
292.8 9.94882 9.94152 9.94844
293.6 9.82402 9.81818 9.82232
294.4 9.71216 9.70701 9.70785
295.2 9.61266 9.60739 9.60477
296 9.52438 9.51841 9.5125
296.8 9.44591 9.43889 9.43018
297.6 9.37573 9.36748 9.35667
298.4 9.31232 9.30276 9.2906
299.2 9.25422 9.24324 9.2304
300 9.19991 9.18744 9.17437
300.8 9.14781 9.13384 9.12076
301.6 9.09622 9.08097 9.06788
302.4 9.04348 9.02742 9.01415
303.2 8.98803 8.97181 8.95811
304 8.92852 8.91283 8.89851
304.8 8.86384 8.84925 8.83418
305.6 8.79303 8.77982 8.76408
306.4 8.71523 8.70344 8.68723
307.2 8.62968 8.61914 8.6028
308 8.53579 8.52626 8.51013
308.8 8.4333 8.42457 8.40895
309.6 8.3224 8.31432 8.29937
310.4 8.20387 8.19633 8.18205
311.2 8.07897 8.07184 8.05806
312 7.94932 7.94242 7.92889
312.8 7.81667 7.8098 7.79624
313.6 7.68267 7.67569 7.66186
314.4 7.54884 7.54174 7.52751
315.2 7.41648 7.40943 7.39477
316 7.28679 7.28011 7.26513
316.8 7.1609 7.15497 7.13989
317.6 7.03996 7.0351 7.02021
318.4 6.92505 6.92144 6.90707
319.2 6.81715 6.81477 6.80127
320 6.71707 6.71574 6.70342
320.8 6.6254 6.62482 6.61391
321.6 6.54256 6.54236 6.53298
322.4 6.46879 6.46858 6.4607
323.2 6.40418 6.40359 6.39707
324 6.34871 6.34741 6.342
324.8 6.30222 6.29995 6.29539
325.6 6.26447 6.26108 6.25706
326.4 6.23511 6.23064 6.22684
327.2 6.21383 6.20849 6.20457
328 6.20038 6.19453 6.19011
328.8 6.19467 6.18877 6.18343
329.6 6.19675 6.19126 6.18458
330.4 6.20677 6.20213 6.19373
331.2 6.2249 6.2215 6.21113
332 6.2513 6.24949 6.23708
332.8 6.28607 6.28622 6.27191
333.6 6.32933 6.33184 6.31592
334.4 6.38123 6.3865 6.36939
335.2 6.44199 6.45039 6.43254
336 6.51193 6.52369 6.50551
336.8 6.59128 6.60648 6.58832
337.6 6.68015 6.69863 6.68081
338.4 6.77834 6.7998 6.78257
339.2 6.88526 6.90929 6.89289
340 6.99998 7.02611 7.01071
340.8 7.12116 7.14894 7.13463
341.6 7.24721 7.27616 7.26288
342.4 7.37621 7.40588 7.39337
343.2 7.50598 7.53587 7.52368
344 7.63397 7.66361 7.65112
344.8 7.75726 7.7862 7.77274
345.6 7.87256 7.90042 7.88539
346.4 7.97629 8.00278 7.98577
347.2 8.06467 8.08961 8.07052
348 8.13397 8.15726 8.13631
348.8 8.18068 8.20223 8.17998
349.6 8.20168 8.2214 8.19864
350.4 8.19448 8.21224 8.18989
351.2 8.15734 8.17298 8.15196
352 8.08944 8.10277 8.0839
352.8 7.99095 8.00177 7.98569
353.6 7.86309 7.87125 7.85833
354.4 7.70809 7.71349 7.70387
355.2 7.52908 7.53173 7.52526
356 7.32991 7.32993 7.32623
356.8 7.11491 7.11261 7.11105
357.6 6.88866 6.88454 6.88433
358.4 6.65581 6.65053 6.65077
359.2 6.42085 6.41518 6.41496
360 6.18801 6.18273 6.18121
360.8 5.96107 5.95687 5.95344
361.6 5.74332 5.74067 5.73499
362.4 5.53738 5.53652 5.52861
363.2 5.34522 5.34615 5.33632
364 5.16808 5.17063 5.15944
364.8 5.00654 5.01047 4.99857
365.6 4.86059 4.86563 4.85363
366.4 4.72967 4.73562 4.72396
367.2 4.6128 4.6195 4.6084
368 4.50858 4.51592 4.50539
368.8 4.41527 4.42314 4.41303
369.6 4.33083 4.3391 4.32923
370.4 4.25303 4.26152 4.25173
371.2 4.17948 4.18799 4.17826
372 4.10787 4.11612 4.10661
372.8 4.036 4.04368 4.03469
373.6 3.96191 3.96869 3.96061
374.4 3.88396 3.8895 3.88275
375.2 3.80084 3.80483 3.79977
376 3.71156 3.71376 3.71062
376.8 3.61546 3.61576 3.61461
377.6 3.51223 3.51065 3.51138
378.4 3.4019 3.39862 3.40097
379.2 3.28486 3.28017 3.28378
380 3.16183 3.15606 3.16055
380.8 3.03378 3.02733 3.03231
381.6 2.90192 2.89515 2.90029
382.4 2.76756 2.76082 2.76588
383.2 2.63206 2.62569 2.63047
384 2.49681 2.49112 2.49546
384.8 2.36316 2.35845 2.36223
385.6 2.23244 2.22895 2.23205
386.4 2.10589 2.1038 2.10612
387.2 1.98466 1.98405 1.98552
388 1.86972 1.87057 1.87116
388.8 1.76185 1.76404 1.7638
389.6 1.66157 1.66493 1.66394
390.4 1.56918 1.57349 1.57188
391.2 1.48475 1.48979 1.4877
392 1.40818 1.41373 1.41129
392.8 1.3392 1.34506 1.34237
393.6 1.27745 1.28343 1.28056
394.4 1.22247 1.22841 1.2254
395.2 1.17374 1.17949 1.17637
396 1.13071 1.13614 1.13293
396.8 1.0928 1.09782 1.09454
397.6 1.05947 1.06399 1.06068
398.4 1.03019 1.03413 1.03084
399.2 1.00448 1.00777 1.00452
400 0.981867 0.984437 0.981293
