-0.998 5.98855 -14.9455
-0.996 7.17828 -13.6938
-0.994 7.76754 -12.7127
-0.992 7.74616 -11.9154
-0.99 7.14026 -11.1974
-0.988 6.01717 -10.4692
-0.986 4.48743 -9.68269
-0.984 2.70236 -8.83787
-0.982 0.844093 -7.96987
-0.98 -0.893177 -7.12406
-0.978 -2.32753 -6.3356
-0.976 -3.31187 -5.62415
-0.974 -3.74803 -5.00302
-0.972 -3.59069 -4.4913
-0.97 -2.84417 -4.11678
-0.968 -1.55635 -3.90541
-0.966 0.188028 -3.86444
-0.964 2.27403 -3.97114
-0.962 4.56295 -4.17416
-0.96 6.90042 -4.40533
-0.958 9.12945 -4.59519
-0.956 11.11 -4.68766
-0.954 12.74 -4.6524
-0.952 13.9697 -4.49346
-0.95 14.8012 -4.25137
-0.948 15.2734 -3.99607
-0.946 15.4384 -3.81139
-0.944 15.3394 -3.77569
-0.942 14.9944 -3.94497
-0.94 14.3896 -4.34278
-0.938 13.4828 -4.95746
-0.936 12.2172 -5.7452
-0.934 10.5447 -6.63809
-0.932 8.45603 -7.55711
-0.93 6.00964 -8.42973
-0.928 3.34743 -9.20927
-0.926 0.686619 -9.88928
-0.924 -1.71574 -10.5058
-0.922 -3.61563 -11.1252
-0.92 -4.83303 -11.8206
-0.918 -5.28246 -12.6441
-0.916 -4.97705 -13.6001
-0.914 -4.01283 -14.6266
-0.912 -2.54627 -15.5914
-0.91 -0.77385 -16.3107
-0.908 1.08451 -16.5873
-0.906 2.80257 -16.2597
-0.904 4.17019 -15.2432
-0.902 5.02214 -13.5517
-0.9 5.26806 -11.2938
-0.898 4.91366 -8.65321
-0.896 4.06268 -5.86117
-0.894 2.89445 -3.1671
-0.892 1.62156 -0.808247
-0.89 0.44149 1.02141
-0.888 -0.501264 2.19905
-0.886 -1.13204 2.69262
-0.884 -1.4411 2.56987
-0.882 -1.46472 1.99786
-0.88 -1.26204 1.23304
-0.878 -0.895331 0.598148
-0.876 -0.41693 0.439494
-0.874 0.136016 1.06443
-0.872 0.739538 2.66993
-0.87 1.37551 5.28394
-0.868 2.02248 8.74134
-0.866 2.64856 12.7052
-0.864 3.2089 16.7275
-0.862 3.64848 20.3311
-0.86 3.90904 23.0939
-0.858 3.93822 24.7186
-0.856 3.69891 25.0797
-0.854 3.17744 24.2382
-0.852 2.39106 22.425
-0.85 1.39486 19.9948
-0.848 0.286806 17.3647
-0.846 -0.792718 14.949
-0.844 -1.67036 13.1014
-0.842 -2.15991 12.0705
-0.84 -2.09204 11.9656
-0.838 -1.34952 12.7366
-0.836 0.0995354 14.1747
-0.834 2.17979 15.9449
-0.832 4.70606 17.6476
-0.83 7.40296 18.8981
-0.828 9.94414 19.4052
-0.826 12.0039 19.0321
-0.824 13.3118 17.8298
-0.822 13.7001 16.0322
-0.82 13.1349 14.012
-0.818 11.7271 12.2017
-0.816 9.71932 11.0026
-0.814 7.45105 10.703
-0.812 5.30489 11.4235
-0.81 3.64147 13.0996
-0.808 2.73468 15.4997
-0.806 2.72206 18.2768
-0.804 3.58204 21.0365
-0.802 5.14091 23.4072
-0.8 7.10334 25.0944
-0.798 9.09728 25.9137
-0.796 10.7269 25.8046
-0.794 11.63 24.8292
-0.792 11.5356 23.1591
-0.79 10.3124 21.0479
-0.788 7.99709 18.7907
-0.786 4.79159 16.6761
-0.784 1.03035 14.9418
-0.782 -2.87373 13.7451
-0.78 -6.49068 13.1498
-0.778 -9.43288 13.1283
-0.776 -11.408 13.5722
-0.774 -12.2616 14.307
-0.772 -12.0016 15.1125
-0.77 -10.7986 15.7489
-0.768 -8.95595 15.9929
-0.766 -6.8531 15.6785
-0.764 -4.87302 14.732
-0.762 -3.32975 13.1862
-0.76 -2.41503 11.1705
-0.758 -2.17726 8.87885
-0.756 -2.53649 6.53013
-0.754 -3.32734 4.3319
-0.752 -4.35385 2.45327
-0.75 -5.43984 1.0072
-0.748 -6.46431 0.0414106
-0.746 -7.37824 -0.461698
-0.744 -8.20297 -0.574598
-0.742 -9.01265 -0.404257
-0.74 -9.90577 -0.0651098
-0.738 -10.9741 0.349377
-0.736 -12.2772 0.790099
-0.734 -13.8278 1.26289
-0.732 -15.5862 1.82018
-0.73 -17.4593 2.53525
-0.728 -19.3045 3.47049
-0.726 -20.9375 4.65496
-0.724 -22.1524 6.07985
-0.722 -22.7519 7.70755
-0.72 -22.5842 9.48194
-0.718 -21.5755 11.3307
-0.716 -19.7523 13.1616
-0.714 -17.2503 14.8621
-0.712 -14.3091 16.3074
-0.71 -11.2507 17.3767
-0.708 -8.44266 17.9709
-0.706 -6.24901 18.0274
-0.704 -4.97705 17.5292
-0.702 -4.82793 16.5088
-0.7 -5.85783 15.0447
-0.698 -7.95647 13.2537
-0.696 -10.8501 11.2792
-0.694 -14.1345 9.27577
-0.692 -17.3376 7.38897
-0.69 -19.9985 5.7306
-0.688 -21.7454 4.35568
-0.686 -22.3498 3.25082
-0.684 -21.7483 2.34091
-0.682 -20.0327 1.51242
-0.68 -17.4198 0.64439
-0.678 -14.2127 -0.363177
-0.676 -10.7583 -1.56959
-0.674 -7.40172 -2.98342
-0.672 -4.43828 -4.56051
-0.67 -2.06708 -6.20839
-0.668 -0.359014 -7.79737
-0.666 0.75081 -9.17859
-0.664 1.44022 -10.2076
-0.662 1.95065 -10.7685
-0.66 2.52298 -10.7925
-0.658 3.33513 -10.2648
-0.656 4.45806 -9.22144
-0.654 5.84113 -7.73986
-0.652 7.32701 -5.92914
-0.65 8.68597 -3.92276
-0.648 9.65558 -1.87349
-0.646 9.97602 0.0520005
-0.644 9.41909 1.68183
-0.642 7.81555 2.85383
-0.64 5.08593 3.43711
-0.638 1.27384 3.35737
-0.636 -3.42844 2.61994
-0.634 -8.67772 1.32364
-0.632 -14.0119 -0.342055
-0.63 -18.915 -2.1217
-0.628 -22.8994 -3.73846
-0.626 -25.586 -4.94705
-0.624 -26.7623 -5.57881
-0.622 -26.4088 -5.56728
-0.62 -24.691 -4.95128
-0.618 -21.9218 -3.86035
-0.616 -18.5045 -2.49043
-0.614 -14.8719 -1.07691
-0.612 -11.4307 0.131713
-0.61 -8.5159 0.900603
-0.608 -6.35581 1.03779
-0.606 -5.04955 0.425386
-0.604 -4.56212 -0.952771
-0.602 -4.74125 -2.99523
-0.6 -5.353 -5.48632
-0.598 -6.12603 -8.12343
-0.596 -6.79345 -10.568
-0.594 -7.12634 -12.5116
-0.592 -6.9604 -13.7376
-0.59 -6.21905 -14.1596
-0.588 -4.93152 -13.822
-0.586 -3.23707 -12.871
-0.584 -1.36556 -11.5126
-0.582 0.408123 -9.97726
-0.58 1.82592 -8.49485
-0.578 2.70552 -7.27922
-0.576 2.9781 -6.51209
-0.574 2.69536 -6.32366
-0.572 2.00754 -6.77102
-0.57 1.12216 -7.8209
-0.568 0.257635 -9.34446
-0.566 -0.394272 -11.1292
-0.564 -0.688163 -12.9088
-0.562 -0.527687 -14.4074
-0.56 0.139491 -15.3888
-0.558 1.32365 -15.6988
-0.556 2.98769 -15.2917
-0.554 5.03948 -14.2327
-0.552 7.33081 -12.6793
-0.55 9.66896 -10.8442
-0.548 11.8389 -8.95054
-0.546 13.6305 -7.18664
-0.544 14.8649 -5.67005
-0.542 15.4209 -4.4256
-0.54 15.2576 -3.38168
-0.538 14.4284 -2.38558
-0.536 13.0742 -1.23584
-0.534 11.3946 0.274204
-0.532 9.6025 2.30907
-0.53 7.88204 4.94733
-0.528 6.36434 8.14688
-0.526 5.12736 11.7247
-0.524 4.21118 15.3561
-0.522 3.6342 18.5989
-0.52 3.39922 20.9428
-0.518 3.48717 21.8814
-0.516 3.84395 20.9995
-0.514 4.36873 18.0616
-0.512 4.91096 13.0849
-0.51 5.28072 6.37428
-0.508 5.27458 -1.49753
-0.506 4.71427 -9.765
-0.504 3.48969 -17.5844
-0.502 1.59276 -24.1604
-0.5 -0.870067 -28.8588
-0.498 -3.69012 -31.2854
-0.496 -6.58811 -31.3258
-0.494 -9.25475 -29.1465
-0.492 -11.3927 -25.1641
-0.49 -12.7558 -19.9867
-0.488 -13.1851 -14.3333
-0.486 -12.638 -8.93858
-0.484 -11.2062 -4.45505
-0.482 -9.11664 -1.36668
-0.48 -6.71088 0.0724891
-0.478 -4.40301 -0.136151
-0.476 -2.61988 -1.75106
-0.474 -1.73124 -4.34458
-0.472 -1.98126 -7.38552
-0.47 -3.43583 -10.3339
-0.468 -5.96043 -12.7287
-0.466 -9.23911 -14.2526
-0.464 -12.8341 -14.765
-0.462 -16.2722 -14.3062
-0.46 -19.1345 -13.0796
-0.458 -21.1255 -11.4178
-0.456 -22.1075 -9.73074
-0.454 -22.0988 -8.43797
-0.452 -21.2452 -7.89073
-0.45 -19.7749 -8.30176
-0.448 -17.9456 -9.69981
-0.446 -15.991 -11.9201
-0.444 -14.0714 -14.6323
-0.442 -12.2398 -17.4014
-0.44 -10.4287 -19.7706
-0.438 -8.46442 -21.3534
-0.436 -6.10834 -21.9143
-0.434 -3.11887 -21.4211
-0.432 0.676644 -20.0583
-0.43 5.31687 -18.1997
-0.428 10.6645 -16.3442
-0.426 16.399 -15.0257
-0.424 22.0473 -14.7131
-0.422 27.0486 -15.7175
-0.42 30.8381 -18.1281
-0.418 32.936 -21.7873
-0.416 33.023 -26.3081
-0.414 30.991 -31.1304
-0.412 26.9664 -35.6025
-0.41 21.308 -39.0761
-0.408 14.5798 -41.0027
-0.406 7.49692 -41.019
-0.404 0.840721 -39.0097
-0.402 -4.65096 -35.1371
-0.4 -8.40146 -29.8262
-0.398 -10.0968 -23.707
-0.396 -9.74914 -17.5216
-0.394 -7.70764 -12.012
-0.392 -4.61254 -7.80915
-0.39 -1.2986 -5.34357
-0.388 1.33585 -4.79211
-0.386 2.471 -6.0704
-0.384 1.49208 -8.8672
-0.382 -1.92109 -12.7078
-0.38 -7.7534 -17.0296
-0.378 -15.6631 -21.2563
-0.376 -25.034 -24.8646
-0.374 -35.0615 -27.4407
-0.372 -44.8618 -28.7249
-0.37 -53.5924 -28.6378
-0.368 -60.5668 -27.2844
-0.366 -65.3486 -24.9298
-0.364 -67.8077 -21.9485
-0.362 -68.1291 -18.757
-0.36 -66.7703 -15.745
-0.358 -64.3703 -13.2235
-0.356 -61.6237 -11.4012
-0.354 -59.1401 -10.3892
-0.352 -57.3175 -10.223
-0.35 -56.2568 -10.8867
-0.348 -55.7439 -12.3282
-0.346 -55.3058 -14.4618
-0.344 -54.3308 -17.1647
-0.342 -52.2198 -20.2781
-0.34 -48.5304 -23.616
-0.338 -43.082 -26.9828
-0.336 -36.0009 -30.1905
-0.334 -27.7077 -33.0743
-0.332 -18.8572 -35.5027
-0.33 -10.2486 -37.3846
-0.328 -2.71947 -38.6755
-0.326 2.96575 -39.3837
-0.324 6.22399 -39.5796
-0.322 6.7431 -39.4062
-0.32 4.53658 -39.0846
-0.318 -0.0515658 -38.9058
-0.316 -6.39801 -39.1971
-0.314 -13.6994 -40.268
-0.312 -21.0989 -42.3456
-0.31 -27.8135 -45.5179
-0.308 -33.2379 -49.6973
-0.306 -37.01 -54.6111
-0.304 -39.0294 -59.8181
-0.302 -39.4265 -64.7507
-0.3 -38.4919 -68.7784
-0.298 -36.5809 -71.2841
-0.296 -34.0203 -71.7444
-0.294 -31.0389 -69.8007
-0.292 -27.7337 -65.3123
-0.29 -24.0724 -58.3873
-0.288 -19.9307 -49.3905
-0.286 -15.1595 -38.9218
-0.284 -9.67421 -27.7631
-0.282 -3.54937 -16.7915
-0.28 2.91046 -6.86799
-0.278 9.15248 1.28022
-0.276 14.4272 7.15978
-0.274 17.9073 10.5738
-0.272 18.8543 11.635
-0.27 16.7972 10.7304
-0.268 11.6853 8.44618
-0.266 3.97456 5.46635
-0.264 -5.37664 2.46078
-0.262 -15.01 -0.0234699
-0.26 -23.3556 -1.65126
-0.258 -28.8765 -2.35515
-0.256 -30.3312 -2.34767
-0.254 -27.009 -2.08628
-0.252 -18.8988 -2.19321
-0.25 -6.75541 -3.33679
-0.248 7.95834 -6.08768
-0.246 23.2557 -10.7726
-0.244 36.9161 -17.3571
-0.242 46.8377 -25.3896
-0.24 51.3929 -34.0272
-0.238 49.7255 -42.1397
-0.236 41.9349 -48.471
-0.234 29.1068 -51.8257
-0.232 13.1803 -51.2522
-0.23 -3.33334 -46.2002
-0.228 -17.735 -36.6308
-0.226 -27.5681 -23.0643
-0.224 -31.0265 -6.55743
-0.222 -27.2731 11.3944
-0.22 -16.6054 29.0211
-0.218 -0.432866 44.4934
-0.216 18.9363 56.1648
-0.214 38.6596 62.8044
-0.212 55.814 63.7837
-0.21 67.8619 59.181
-0.208 73.0512 49.7813
-0.206 70.6811 36.9659
-0.204 61.1868 22.5043
-0.202 46.0313 8.27978
-0.2 27.4272 -4.0025
-0.198 7.94622 -13.073
-0.196 -9.91102 -18.2715
-0.194 -24.107 -19.6107
-0.192 -33.3581 -17.7211
-0.19 -37.2793 -13.6953
-0.188 -36.364 -8.85901
-0.186 -31.8049 -4.51172
-0.184 -25.1929 -1.68485
-0.182 -18.1547 -0.958445
-0.18 -12.0032 -2.36602
-0.178 -7.47169 -5.39931
-0.176 -4.58555 -9.10839
-0.174 -2.69506 -12.2806
-0.172 -0.659773 -13.674
-0.17 2.85531 -12.2724
-0.168 9.03629 -7.51835
-0.166 18.6054 0.524058
-0.164 31.603 11.1202
-0.162 47.3141 22.9513
-0.16 64.3587 34.3285
-0.158 80.9347 43.4954
-0.156 95.1725 48.9618
-0.154 105.532 49.8026
-0.152 111.158 45.8658
-0.15 112.104 37.8499
-0.148 109.369 27.2406
-0.146 104.719 16.1154
-0.144 100.327 6.84899
-0.142 98.3027 1.75703
-0.14 100.199 2.72891
-0.138 106.614 10.8996
-0.136 116.967 26.4134
-0.134 129.49 48.3257
-0.132 141.469 74.6747
-0.13 149.692 102.731
-0.128 151.038 129.398
-0.126 143.107 151.69
-0.124 124.768 167.215
-0.122 96.5136 174.56
-0.12 60.5388 173.502
-0.118 20.5256 165.007
-0.116 -18.8507 151.018
-0.114 -52.6145 134.067
-0.112 -76.2789 116.817
-0.11 -86.602 101.629
-0.108 -82.1775 90.2207
-0.106 -63.7523 83.4736
-0.104 -34.2023 81.3826
-0.102 1.84267 83.1458
-0.1 38.6795 87.3629
-0.098 70.4163 92.3141
-0.096 91.9142 96.2784
-0.094 99.6216 97.8514
-0.092 92.1494 96.2186
-0.09 70.4825 91.3404
-0.088 37.7903 84.0104
-0.086 -1.12475 75.7521
-0.084 -40.641 68.5469
-0.082 -75.2436 64.4256
-0.08 -100.398 65.0069
-0.078 -113.222 71.0903
-0.076 -112.854 82.4087
-0.074 -100.476 97.6022
-0.072 -79.0233 114.418
-0.07 -52.6427 130.084
-0.068 -26.021 141.776
-0.066 -3.67269 147.074
-0.064 10.7182 144.339
-0.062 14.8404 132.98
-0.06 8.13205 113.583
-0.058 -8.05808 87.9182
-0.056 -30.5835 58.7825
-0.054 -54.9337 29.6852
-0.052 -75.9871 4.36037
-0.05 -88.9863 -13.8451
-0.048 -90.5292 -22.6068
-0.046 -79.3071 -21.1292
-0.044 -56.3569 -10.3695
-0.042 -24.7457 7.10505
-0.04 11.1979 27.5965
-0.038 46.8414 46.9549
-0.036 78.1033 61.2715
-0.034 102.006 67.444
-0.032 116.887 63.5564
-0.03 122.348 49.096
-0.028 119.09 25.0445
-0.026 108.727 -6.16061
-0.024 93.6017 -40.8413
-0.022 76.5582 -74.5201
-0.02 60.6154 -102.56
-0.018 48.5476 -120.879
-0.016 42.4465 -126.565
-0.014 43.3857 -118.199
-0.012 51.2987 -95.8321
-0.01 65.113 -60.6715
-0.008 83.0923 -14.6622
-0.006 103.268 39.7949
-0.004 123.821 99.85
-0.002 143.323 162.028
0 160.792 222.197
0.002 175.608 275.995
0.004 187.323 319.627
0.006 195.459 350.617
0.008 199.358 367.981
0.01 198.144 371.86
0.012 190.847 362.959
0.014 176.678 342.209
0.016 155.363 310.746
0.018 127.426 270.125
0.02 94.3068 222.536
0.022 58.2603 170.865
0.024 22.0733 118.516
0.026 -11.3095 69.0529
0.028 -39.143 25.7636
0.03 -59.162 -8.70931
0.032 -69.7859 -32.6292
0.034 -70.2958 -45.3148
0.036 -61.0213 -47.2291
0.038 -43.5101 -40.0201
0.04 -20.5797 -26.4708
0.042 3.88213 -10.2702
0.044 25.4525 4.44297
0.046 39.9988 13.7256
0.048 44.6026 14.5186
0.05 38.2965 5.19318
0.052 22.3576 -14.1992
0.054 0.0502474 -42.0218
0.056 -24.1006 -75.433
0.058 -45.2751 -110.921
0.06 -59.2987 -144.847
0.062 -63.3538 -173.914
0.064 -56.3728 -195.513
0.066 -39.1133 -207.966
0.068 -13.9749 -210.675
0.07 15.3815 -204.179
0.072 44.5539 -190.083
0.074 69.0143 -170.842
0.076 84.7634 -149.382
0.078 88.952 -128.634
0.08 80.3768 -111.045
0.082 59.7563 -98.2126
0.084 29.717 -90.7071
0.086 -5.5376 -88.1268
0.088 -40.8401 -89.3552
0.09 -70.8646 -92.933
0.092 -90.9949 -97.4405
0.094 -98.1061 -101.802
0.096 -91.119 -105.461
0.098 -71.2199 -108.424
0.1 -41.6936 -111.187
0.102 -7.39151 -114.573
0.104 26.0671 -119.514
0.106 53.2102 -126.806
0.108 69.5737 -136.867
0.11 72.3619 -149.548
0.112 60.8112 -164.028
0.114 36.2174 -178.847
0.116 1.64396 -192.07
0.118 -38.6262 -201.583
0.12 -79.797 -205.45
0.122 -117.303 -202.284
0.124 -147.473 -191.541
0.126 -168.007 -173.693
0.128 -178.209 -150.212
0.13 -178.932 -123.385
0.132 -172.279 -95.978
0.134 -161.11 -70.8277
0.136 -148.466 -50.4356
0.138 -137.009 -36.6174
0.14 -128.588 -30.2575
0.142 -123.982 -31.1952
0.144 -122.881 -38.2655
0.146 -124.077 -49.4938
0.148 -125.811 -62.4217
0.15 -126.212 -74.5047
0.152 -123.724 -83.5106
0.154 -117.432 -87.8452
0.156 -107.232 -86.7561
0.158 -93.8031 -80.3917
0.16 -78.419 -69.7148
0.162 -62.6421 -56.2941
0.164 -47.9806 -42.0134
0.166 -35.5815 -28.7462
0.168 -26.0263 -18.048
0.17 -19.2653 -10.9139
0.172 -14.6983 -7.64136
0.174 -11.3741 -7.82148
0.176 -8.25685 -10.4619
0.178 -4.50355 -14.2158
0.18 0.308359 -17.6696
0.182 6.05055 -19.6279
0.184 12.0418 -19.3396
0.186 17.1756 -16.6249
0.188 20.1506 -11.89
0.19 19.7551 -6.03631
0.192 15.1508 -0.287549
0.194 6.10228 4.03652
0.196 -6.89093 5.76294
0.198 -22.586 4.08983
0.2 -39.1197 -1.24284
0.202 -54.2498 -9.86665
0.204 -65.6842 -20.8034
0.206 -71.4535 -32.5937
0.208 -70.2696 -43.5172
0.21 -61.8012 -51.8683
0.212 -46.8022 -56.2353
0.214 -27.0519 -55.7317
0.216 -5.10561 -50.1373
0.218 16.1003 -39.9287
0.22 33.7144 -26.2013
0.222 45.4208 -10.5017
0.224 49.7968 5.40051
0.226 46.5199 19.7681
0.228 36.3935 31.1409
0.23 21.1942 38.5321
0.232 3.36905 41.5446
0.234 -14.3609 40.3912
0.236 -29.4214 35.8167
0.238 -39.7614 28.94
0.24 -44.128 21.0485
0.242 -42.2111 13.385
0.244 -34.6452 6.96483
0.246 -22.8746 2.44976
0.248 -8.90255 0.0856307
0.25 5.03912 -0.295198
0.252 16.8456 0.789576
0.254 24.8603 2.5891
0.256 28.1073 4.2727
0.258 26.3995 5.0926
0.26 20.3108 4.5254
0.262 11.027 2.36658
0.264 0.107562 -1.23565
0.266 -10.7924 -5.80814
0.268 -20.1873 -10.6334
0.27 -26.9678 -14.8681
0.272 -30.5218 -17.6801
0.274 -30.7623 -18.3844
0.276 -28.0666 -16.5552
0.278 -23.1476 -12.0969
0.28 -16.8841 -5.26023
0.282 -10.1456 3.39547
0.284 -3.64549 13.0854
0.286 2.14954 22.9093
0.288 7.04099 31.9718
0.29 11.0534 39.4998
0.292 14.342 44.9418
0.294 17.0853 48.0357
0.296 19.3929 48.8289
0.298 21.2542 47.6439
0.3 22.5355 45.0001
0.302 23.0202 41.5081
0.304 22.4762 37.7625
0.306 20.7339 34.2533
0.308 17.7591 31.3108
0.31 13.707 29.087
0.312 8.94605 27.5711
0.314 4.04051 26.6315
0.316 -0.310748 26.0722
0.318 -3.3756 25.6932
0.32 -4.51444 25.3419
0.322 -3.30556 24.9473
0.324 0.36117 24.5309
0.326 6.24979 24.1917
0.328 13.8152 24.0692
0.33 22.3033 24.2935
0.332 30.888 24.9384
0.334 38.8112 25.9898
0.336 45.4956 27.3393
0.338 50.6163 28.8008
0.34 54.1252 30.1454
0.342 56.2345 31.1452
0.344 57.3602 31.6193
0.346 58.0323 31.4711
0.348 58.7827 30.7129
0.35 60.0267 29.4706
0.352 61.9626 27.968
0.354 64.5148 26.4923
0.356 67.3357 25.3476
0.358 69.8715 24.803
0.36 71.4735 25.0426
0.362 71.5315 26.1251
0.364 69.5979 27.9598
0.366 65.4798 30.3052
0.368 59.2826 32.7943
0.37 51.3982 34.9866
0.372 42.4434 36.4439
0.374 33.1603 36.8143
0.376 24.3035 35.91
0.378 16.5343 33.7579
0.38 10.3396 30.6126
0.382 5.98165 26.9261
0.384 3.47711 23.2775
0.386 2.60686 20.275
0.388 2.95597 18.4501
0.39 3.98272 18.166
0.392 5.1075 19.5572
0.394 5.8065 22.5065
0.396 5.69329 26.6578
0.398 4.5733 31.4621
0.4 2.46025 36.2533
0.402 -0.44887 40.3443
0.404 -3.83333 43.1294
0.406 -7.32555 44.1725
0.408 -10.5837 43.2664
0.41 -13.3433 40.4549
0.412 -15.4402 36.0189
0.414 -16.8076 30.4278
0.416 -17.4554 24.2657
0.418 -17.4452 18.1412
0.42 -16.869 12.601
0.422 -15.8361 8.05931
0.424 -14.4631 4.75568
0.426 -12.8603 2.74074
0.428 -11.1149 1.89037
0.43 -9.27536 1.94487
0.432 -7.34577 2.56519
0.434 -5.29481 3.39364
0.436 -3.07797 4.10609
0.438 -0.666279 4.44922
0.44 1.92837 4.26374
0.442 4.63889 3.49569
0.444 7.34251 2.19593
0.446 9.87178 0.505884
0.448 12.0324 -1.37061
0.45 13.6235 -3.2069
0.452 14.4586 -4.79884
0.454 14.388 -6.00894
0.456 13.3232 -6.80161
0.458 11.261 -7.25924
0.46 8.30212 -7.56862
0.462 4.65325 -7.97379
0.464 0.607543 -8.70392
0.466 -3.4969 -9.89757
0.468 -7.32903 -11.5487
0.47 -10.6121 -13.4913
0.472 -13.1538 -15.4248
0.474 -14.8555 -16.9684
0.476 -15.7053 -17.729
0.478 -15.7626 -17.3698
0.48 -15.1436 -15.6699
0.482 -14.0073 -12.5662
0.484 -12.5441 -8.1719
0.486 -10.96 -2.7704
0.488 -9.45868 3.2117
0.49 -8.2164 9.24695
0.492 -7.35494 14.7639
0.494 -6.91637 19.217
0.496 -6.85142 22.1634
0.498 -7.03196 23.331
0.5 -7.29057 22.6617
0.502 -7.47555 20.3197
0.504 -7.49985 16.6622
0.506 -7.36428 12.1786
0.508 -7.14718 7.41108
0.51 -6.96717 2.873
0.512 -6.93478 -1.01666
0.514 -7.11055 -3.97372
0.516 -7.48219 -5.86051
0.518 -7.96523 -6.67382
0.52 -8.42434 -6.51838
0.522 -8.70752 -5.57447
0.524 -8.68206 -4.06511
0.526 -8.26136 -2.22431
0.528 -7.41551 -0.266756
0.53 -6.16584 1.63889
0.532 -4.57049 3.38723
0.534 -2.71127 4.93627
0.536 -0.688753 6.2873
0.538 1.37418 7.45216
0.54 3.32744 8.42408
0.542 4.99754 9.16644
0.544 6.20756 9.62293
0.546 6.81218 9.74137
0.548 6.73708 9.49997
0.55 6.00552 8.92798
0.552 4.7383 8.11588
0.554 3.12482 7.21172
0.556 1.37625 6.40172
0.558 -0.32243 5.877
0.56 -1.84679 5.79413
0.562 -3.14696 6.24036
0.564 -4.24237 7.21258
0.566 -5.2034 8.61403
0.568 -6.12757 10.268
0.57 -7.11602 11.9441
0.572 -8.25281 13.3908
0.574 -9.58683 14.3704
0.576 -11.1166 14.689
0.578 -12.7811 14.2208
0.58 -14.4601 12.9222
0.582 -15.9896 10.8378
0.584 -17.1892 8.09985
0.586 -17.9 4.92134
0.588 -18.0188 1.57798
0.59 -17.5222 -1.62807
0.592 -16.4714 -4.42315
0.594 -14.9976 -6.62306
0.596 -13.2753 -8.17701
0.598 -11.489 -9.17437
0.6 -9.80276 -9.80975
0.602 -8.33768 -10.321
0.604 -7.15985 -10.923
0.606 -6.27797 -11.7575
0.608 -5.64613 -12.8666
0.61 -5.16858 -14.1916
0.612 -4.70847 -15.593
0.614 -4.10603 -16.8867
0.616 -3.21077 -17.8852
0.618 -1.92431 -18.4343
0.62 -0.242289 -18.4363
0.622 1.72072 -17.8577
0.624 3.7359 -16.7271
0.626 5.49741 -15.1304
0.628 6.6843 -13.2046
0.63 7.03069 -11.1252
0.632 6.3852 -9.07893
0.634 4.74503 -7.22268
0.636 2.25913 -5.63574
0.638 -0.796329 -4.28314
0.64 -4.06096 -3.00613
0.642 -7.14206 -1.54866
0.644 -9.66751 0.383209
0.646 -11.3331 3.04305
0.648 -11.9378 6.5667
0.65 -11.4014 10.9165
0.652 -9.76603 15.8635
0.654 -7.18546 21.0119
0.656 -3.90931 25.8598
0.658 -0.261965 29.8771
0.66 3.38584 32.5844
0.662 6.6558 33.6199
0.664 9.2099 32.7875
0.666 10.8013 30.0818
0.668 11.3172 25.6888
0.67 10.8007 19.9652
0.672 9.44191 13.3982
0.674 7.5369 6.55321
0.676 5.42524 0.0121403
0.678 3.42341 -5.69118
0.68 1.77131 -10.1309
0.682 0.601362 -13.0363
0.684 -0.0704955 -14.3198
0.686 -0.338336 -14.0824
0.688 -0.388621 -12.5976
0.69 -0.470659 -10.2745
0.692 -0.8531 -7.60303
0.694 -1.76904 -5.08833
0.696 -3.35927 -3.18453
0.698 -5.62754 -2.23836
0.7 -8.42041 -2.45253
0.702 -11.4395 -3.87272
0.704 -14.286 -6.39694
0.706 -16.5289 -9.80214
0.708 -17.7843 -13.7827
0.71 -17.7885 -17.995
0.712 -16.451 -22.102
0.714 -13.8773 -25.8083
0.716 -10.3564 -28.8807
0.718 -6.31688 -31.1547
0.72 -2.25969 -32.5328
0.722 1.32046 -32.9823
0.724 4.0134 -32.5372
0.726 5.55772 -31.3026
0.728 5.87857 -29.4586
0.73 5.09092 -27.2557
0.732 3.46825 -24.9941
0.734 1.38616 -22.9848
0.736 -0.744625 -21.4982
0.738 -2.54174 -20.7174
0.74 -3.7018 -20.7102
0.742 -4.03451 -21.4284
0.744 -3.47941 -22.7278
0.746 -2.10487 -24.3999
0.748 -0.0896287 -26.2016
0.75 2.3098 -27.884
0.752 4.80021 -29.2216
0.754 7.09443 -30.0437
0.756 8.94978 -30.2623
0.758 10.1982 -29.8881
0.76 10.7647 -29.0278
0.762 10.6695 -27.8617
0.764 10.0126 -26.6066
0.766 8.94259 -25.473
0.768 7.61665 -24.6255
0.77 6.16307 -24.1557
0.772 4.65848 -24.0689
0.774 3.12505 -24.2857
0.776 1.54632 -24.6572
0.778 -0.107099 -24.9905
0.78 -1.85169 -25.0784
0.782 -3.67104 -24.7301
0.784 -5.50179 -23.7988
0.786 -7.22493 -22.2074
0.788 -8.66576 -19.9665
0.79 -9.61076 -17.1813
0.792 -9.84678 -14.0379
0.794 -9.21729 -10.7705
0.796 -7.67742 -7.61854
0.798 -5.3257 -4.78841
0.8 -2.39932 -2.43117
0.802 0.764796 -0.635418
0.804 3.78782 0.570419
0.806 6.30779 1.21347
0.808 8.02702 1.37078
0.81 8.74489 1.15928
0.812 8.37819 0.717726
0.814 6.97188 0.181172
0.816 4.69981 -0.344734
0.818 1.85236 -0.800278
0.82 -1.19218 -1.17476
0.822 -4.01358 -1.49775
0.824 -6.21007 -1.82322
0.826 -7.46408 -2.21043
0.828 -7.59869 -2.70519
0.83 -6.60999 -3.32425
0.832 -4.66646 -4.0463
0.834 -2.07493 -4.81243
0.836 0.77964 -5.53752
0.838 3.50701 -6.13073
0.84 5.77853 -6.51792
0.842 7.3706 -6.65716
0.844 8.17665 -6.542
0.846 8.19372 -6.1952
0.848 7.49647 -5.66036
0.85 6.20938 -4.99689
0.852 4.48042 -4.27766
0.854 2.45464 -3.58409
0.856 0.248227 -2.99534
0.858 -2.07132 -2.57395
0.86 -4.49138 -2.35507
0.862 -7.04159 -2.34531
0.864 -9.76426 -2.53112
0.866 -12.6768 -2.89002
0.868 -15.7379 -3.39804
0.87 -18.8278 -4.03085
0.872 -21.7475 -4.76176
0.874 -24.2372 -5.55947
0.876 -26.0119 -6.38668
0.878 -26.8099 -7.19855
0.88 -26.4439 -7.94184
0.882 -24.8464 -8.55808
0.884 -22.0941 -8.99372
0.886 -18.408 -9.21619
0.888 -14.1258 -9.22919
0.89 -9.65491 -9.07925
0.892 -5.4147 -8.84965
0.894 -1.78176 -8.64353
0.896 0.950077 -8.56253
0.898 2.59037 -8.68756
0.9 3.0591 -9.06642
0.902 2.38888 -9.71012
0.904 0.725601 -10.5962
0.906 -1.67812 -11.6756
0.908 -4.48423 -12.8782
0.91 -7.30762 -14.1155
0.912 -9.76605 -15.2801
0.914 -11.5313 -16.2468
0.916 -12.3722 -16.8817
0.918 -12.1834 -17.0628
0.92 -10.9967 -16.7082
0.922 -8.97492 -15.802
0.924 -6.38661 -14.4069
0.926 -3.56703 -12.6561
0.928 -0.868419 -10.7283
0.93 1.39364 -8.81204
0.932 2.98947 -7.07152
0.934 3.81018 -5.6238
0.936 3.87907 -4.53298
0.938 3.33461 -3.81801
0.94 2.38805 -3.4654
0.942 1.26757 -3.43847
0.944 0.167022 -3.68033
0.946 -0.785499 -4.11449
0.948 -1.53395 -4.64883
0.95 -2.08158 -5.18589
0.952 -2.47026 -5.63871
0.954 -2.76094 -5.94651
0.956 -3.01844 -6.08358
0.958 -3.29957 -6.05673
0.96 -3.6426 -5.89223
0.962 -4.05907 -5.61701
0.964 -4.53035 -5.24018
0.966 -5.01104 -4.74129
0.968 -5.43768 -4.07098
0.97 -5.7395 -3.16688
0.972 -5.84974 -1.98155
0.974 -5.71846 -0.512419
0.976 -5.32832 1.17936
0.978 -4.71071 2.96956
0.98 -3.95618 4.69178
0.982 -3.21182 6.17075
0.984 -2.66279 7.25666
0.986 -2.50054 7.84944
0.988 -2.88504 7.90855
0.99 -3.91011 7.45027
0.992 -5.5789 6.53885
0.994 -7.79392 5.2759
0.996 -10.3633 3.78785
0.998 -13.0236 2.21028
0.4 4.50243 2.70501
0.8 4.66715 2.853
1.2 4.9319 3.0932
1.6 5.28266 3.41632
2 5.70113 3.81021
2.4 6.16591 4.26056
2.8 6.65392 4.75178
3.2 7.14182 5.26789
3.6 7.60752 5.79342
4 8.03154 6.31423
4.4 8.39809 6.81817
4.8 8.69602 7.29565
5.2 8.91926 7.73991
5.6 9.06706 8.14716
6 9.14379 8.51652
6.4 9.15838 8.84977
6.8 9.12354 9.15093
7.2 9.05471 9.42574
7.6 8.9689 9.68114
8 8.88343 9.92461
8.4 8.81479 10.1636
8.8 8.77752 10.4051
9.2 8.78335 10.655
9.6 8.84049 10.9179
10 8.95333 11.1968
10.4 9.12228 11.493
10.8 9.34397 11.8062
11.2 9.6117 12.1343
11.6 9.91605 12.4743
12 10.2457 12.8217
12.4 10.5883 13.1717
12.8 10.9314 13.5188
13.2 11.2633 13.858
13.6 11.5737 14.1845
14 11.8544 14.4944
14.4 12.1 14.7849
14.8 12.3075 15.0543
15.2 12.4769 15.3021
15.6 12.6106 15.5291
16 12.7132 15.7368
16.4 12.791 15.9276
16.8 12.8512 16.1042
17.2 12.9014 16.2689
17.6 12.9489 16.4237
18 12.9998 16.5698
18.4 13.059 16.707
18.8 13.1294 16.834
19.2 13.2117 16.9481
19.6 13.3048 17.0456
20 13.4055 17.1218
20.4 13.5089 17.172
20.8 13.6093 17.1915
21.2 13.7002 17.1766
21.6 13.7753 17.1253
22 13.829 17.0372
22.4 13.8572 16.9146
22.8 13.8574 16.7623
23.2 13.8293 16.5874
23.6 13.7751 16.3992
24 13.699 16.2087
24.4 13.6074 16.0276
24.8 13.5082 15.8675
25.2 13.4103 15.7391
25.6 13.323 15.6512
26 13.2552 15.6099
26.4 13.2144 15.6183
26.8 13.2066 15.6759
27.2 13.2353 15.7787
27.6 13.3016 15.9197
28 13.4035 16.0897
28.4 13.5365 16.2774
28.8 13.6936 16.4714
29.2 13.8659 16.6604
29.6 14.0433 16.8346
30 14.2151 16.9862
30.4 14.3708 17.1101
30.8 14.5008 17.204
31.2 14.5972 17.2684
31.6 14.6537 17.3056
32 14.6665 17.3198
32.4 14.6341 17.3152
32.8 14.5569 17.2959
33.2 14.4373 17.2642
33.6 14.2788 17.2203
34 14.086 17.1616
34.4 13.8635 17.0826
34.8 13.616 16.975
35.2 13.3473 16.8285
35.6 13.0604 16.6318
36 12.7578 16.3737
36.4 12.4408 16.0449
36.8 12.1106 15.6387
37.2 11.7682 15.1532
37.6 11.4153 14.5913
38 11.0543 13.9619
38.4 10.6893 13.28
38.8 10.3259 12.5657
39.2 9.97163 11.8438
39.6 9.63566 11.1423
40 9.32856 10.4902
40.4 9.06171 9.91628
40.8 8.84652 9.44634
41.2 8.69366 9.10188
41.6 8.61206 8.89826
42 8.60809 8.84363
42.4 8.68482 8.93825
42.8 8.84144 9.17444
43.2 9.07302 9.5371
43.6 9.3705 10.0047
44 9.72107 10.5509
44.4 10.1088 11.146
44.8 10.5155 11.7594
45.2 10.922 12.3612
45.6 11.3091 12.9241
46 11.659 13.4249
46.4 11.9565 13.8459
46.8 12.1896 14.1752
47.2 12.351 14.4076
47.6 12.4377 14.5435
48 12.4517 14.589
48.4 12.3996 14.5548
48.8 12.292 14.4547
49.2 12.1429 14.3045
49.6 11.9685 14.1208
50 11.7864 13.9196
50.4 11.614 13.7152
50.8 11.4677 13.5196
51.2 11.3619 13.3417
51.6 11.3079 13.1874
52 11.3134 13.0591
52.4 11.3823 12.9566
52.8 11.5141 12.8769
53.2 11.7044 12.8153
53.6 11.9452 12.7657
54 12.225 12.7216
54.4 12.5299 12.6763
54.8 12.8441 12.6239
55.2 13.151 12.5593
55.6 13.4336 12.479
56 13.6759 12.3809
56.4 13.8633 12.2645
56.8 13.9832 12.1309
57.2 14.0261 11.9824
57.6 13.9855 11.8225
58 13.8586 11.6555
58.4 13.6464 11.4861
58.8 13.3534 11.3191
59.2 12.9878 11.1591
59.6 12.5608 11.0099
60 12.0862 10.8748
60.4 11.5799 10.7559
60.8 11.0588 10.6541
61.2 10.5401 10.5693
61.6 10.0404 10.5003
62 9.57497 10.4446
62.4 9.15682 10.3994
62.8 8.79608 10.3609
63.2 8.49954 10.3255
63.6 8.27042 10.2892
64 8.10825 10.2489
64.4 8.00917 10.2017
64.8 7.96624 10.1456
65.2 7.97014 10.0798
65.6 8.00989 10.0042
66 8.07368 9.91979
66.4 8.14977 9.82829
66.8 8.2273 9.73205
67.2 8.29701 9.63374
67.6 8.35183 9.5361
68 8.38718 9.44164
68.4 8.40112 9.35237
68.8 8.39428 9.26962
69.2 8.3695 9.19392
69.6 8.3314 9.12491
70 8.28568 9.06139
70.4 8.23851 9.00144
70.8 8.19582 8.94259
71.2 8.16261 8.88202
71.6 8.14253 8.81685
72 8.13743 8.74428
72.4 8.14724 8.6619
72.8 8.16995 8.56777
73.2 8.20184 8.46055
73.6 8.23782 8.33954
74 8.27193 8.20466
74.4 8.29785 8.05636
74.8 8.30955 7.89558
75.2 8.30173 7.72359
75.6 8.27032 7.54189
76 8.21279 7.35219
76.4 8.12831 7.1563
76.8 8.01781 6.95619
77.2 7.88377 6.75398
77.6 7.73 6.55203
78 7.56126 6.353
78.4 7.3828 6.15992
78.8 7.19988 5.97623
79.2 7.01738 5.80572
79.6 6.83937 5.65248
80 6.66885 5.52075
80.4 6.50757 5.41465
80.8 6.35598 5.3379
81.2 6.21331 5.29356
81.6 6.07777 5.28364
82 5.94683 5.30881
82.4 5.81751 5.36821
82.8 5.68682 5.45924
83.2 5.55202 5.5776
83.6 5.41099 5.71737
84 5.26243 5.87127
84.4 5.10603 6.03103
84.8 4.94251 6.18788
85.2 4.77354 6.3331
85.6 4.60163 6.45859
86 4.42988 6.55744
86.4 4.26169 6.6244
86.8 4.10047 6.65631
87.2 3.94933 6.65227
87.6 3.81075 6.61373
88 3.68641 6.54442
88.4 3.57699 6.45002
88.8 3.48208 6.33774
89.2 3.40022 6.2158
89.6 3.32895 6.09282
90 3.26503 5.97717
90.4 3.20461 5.87634
90.8 3.14357 5.79646
91.2 3.07776 5.74181
91.6 3.00332 5.7146
92 2.91694 5.71479
92.4 2.81609 5.74017
92.8 2.69918 5.78651
93.2 2.56565 5.84791
93.6 2.41604 5.91722
94 2.2519 5.98651
94.4 2.07572 6.04761
94.8 1.89076 6.09264
95.2 1.70087 6.11444
95.6 1.51026 6.10705
96 1.32326 6.06595
96.4 1.14414 5.98836
96.8 0.976842 5.87331
97.2 0.824874 5.72169
97.6 0.691117 5.53615
98 0.577751 5.32095
98.4 0.486191 5.08172
98.8 0.417069 4.82522
99.2 0.370258 4.55897
99.6 0.34492 4.29096
100 0.339593 4.02927
100.4 0.352289 3.78175
100.8 0.380614 3.55569
101.2 0.4219 3.35751
101.6 0.47333 3.19249
102 0.532076 3.0646
102.4 0.595418 2.97625
102.8 0.660857 2.92828
103.2 0.726216 2.91987
103.6 0.789711 2.94861
104 0.850004 3.01062
104.4 0.906236 3.10076
104.8 0.958024 3.21288
105.2 1.00544 3.34014
105.6 1.04894 3.47543
106 1.08934 3.6117
106.4 1.12768 3.74235
106.8 1.16517 3.86163
107.2 1.20303 3.96492
107.6 1.24246 4.04895
108 1.28453 4.112
108.4 1.33007 4.15386
108.8 1.37967 4.17583
109.2 1.43359 4.18052
109.6 1.49179 4.17162
110 1.5539 4.15353
110.4 1.61921 4.13102
110.8 1.68677 4.10883
111.2 1.75532 4.09129
111.6 1.82339 4.08198
112 1.88932 4.08348
112.4 1.95129 4.09719
112.8 2.00736 4.12329
113.2 2.05553 4.16074
113.6 2.09378 4.20745
114 2.12015 4.26052
114.4 2.13285 4.31656
114.8 2.13033 4.372
115.2 2.11141 4.42346
115.6 2.07541 4.46812
116 2.02222 4.50396
116.4 1.95248 4.53001
116.8 1.86758 4.54642
117.2 1.76969 4.55449
117.6 1.66177 4.55653
118 1.54744 4.55571
118.4 1.43082 4.55571
118.8 1.3163 4.56038
119.2 1.20828 4.57337
119.6 1.11085 4.59776
120 1.02745 4.63571
120.4 0.960614 4.68816
120.8 0.91171 4.75472
121.2 0.880755 4.83357
121.6 0.86637 4.92154
122 0.865827 5.0143
122.4 0.875223 5.10665
122.8 0.88977 5.1929
123.2 0.904181 5.26734
123.6 0.913124 5.32468
124 0.911694 5.36047
124.4 0.895884 5.37155
124.8 0.862985 5.35628
125.2 0.811888 5.31478
125.6 0.743257 5.24892
126 0.65954 5.16221
126.4 0.56483 5.05962
126.8 0.464564 4.94717
127.2 0.365104 4.83147
127.6 0.27322 4.71926
128 0.195533 4.61684
128.4 0.137965 4.5296
128.8 0.105251 4.46165
129.2 0.100546 4.41543
129.6 0.125183 4.39162
130 0.178583 4.38911
130.4 0.258337 4.40511
130.8 0.360438 4.43546
131.2 0.479644 4.47504
131.6 0.609927 4.51824
132 0.744966 4.55949
132.4 0.878626 4.59379
132.8 1.00539 4.61717
133.2 1.1207 4.62707
133.6 1.22115 4.6226
134 1.30458 4.60465
134.4 1.37002 4.57579
134.8 1.41748 4.54015
135.2 1.44778 4.503
135.6 1.46217 4.47032
136 1.46206 4.44834
136.4 1.44874 4.44293
136.8 1.42323 4.45912
137.2 1.38609 4.50067
137.6 1.33752 4.56967
138 1.2774 4.66635
138.4 1.20551 4.78898
138.8 1.12177 4.93397
139.2 1.02648 5.09601
139.6 0.92062 5.26846
140 0.805981 5.44373
140.4 0.685295 5.61377
140.8 0.562217 5.77054
141.2 0.441197 5.90655
141.6 0.327245 6.01523
142 0.225605 6.09133
142.4 0.141372 6.13116
142.8 0.0790819 6.13276
143.2 0.0423327 6.09596
143.6 0.0334587 6.02228
144 0.0533045 5.91477
144.4 0.101116 5.77781
144.8 0.174563 5.61678
145.2 0.269888 5.43769
145.6 0.382167 5.2469
146 0.505661 5.05069
146.4 0.634209 4.85496
146.8 0.761642 4.66495
147.2 0.882171 4.48497
147.6 0.990709 4.31825
148 1.08312 4.16678
148.4 1.15635 4.03131
148.8 1.20849 3.91134
149.2 1.23873 3.80526
149.6 1.24717 3.71042
150 1.23475 3.62342
150.4 1.20294 3.54034
150.8 1.1536 3.45698
151.2 1.08881 3.36923
151.6 1.01071 3.27332
152 0.921446 3.1661
152.4 0.823162 3.04531
152.8 0.717995 2.90974
153.2 0.608148 2.75934
153.6 0.49595 2.5953
154 0.383908 2.41995
154.4 0.274736 2.23666
154.8 0.171329 2.0496
155.2 0.0767035 1.86348
155.6 -0.00612955 1.68322
156 -0.074321 1.51361
156.4 -0.125372 1.35895
156.8 -0.157327 1.22276
157.2 -0.168952 1.10749
157.6 -0.159869 1.01437
158 -0.130641 0.943327
158.4 -0.0827792 0.89295
158.8 -0.0186814 0.860656
159.2 0.0585093 0.842865
159.6 0.145101 0.83528
160 0.237097 0.833222
160.4 0.33046 0.831973
160.8 0.421368 0.82713
161.2 0.506455 0.81491
161.6 0.582986 0.792408
162 0.648986 0.757769
162.4 0.703281 0.710275
162.8 0.745489 0.650329
163.2 0.775923 0.579361
163.6 0.795469 0.499642
164 0.805414 0.414053
164.4 0.807279 0.325805
164.8 0.802645 0.238155
165.2 0.793024 0.15414
165.6 0.779751 0.0763373
166 0.763935 0.00669204
166.4 0.74645 -0.0535955
166.8 0.727961 -0.104105
167.2 0.708986 -0.145159
167.6 0.689968 -0.177723
168 0.671346 -0.203253
168.4 0.653619 -0.223505
168.8 0.637373 -0.240333
169.2 0.623285 -0.255485
169.6 0.612093 -0.270421
170 0.604532 -0.286166
170.4 0.601252 -0.303206
170.8 0.602727 -0.321442
171.2 0.609162 -0.340184
171.6 0.620428 -0.358213
172 0.636009 -0.373873
172.4 0.655002 -0.385203
172.8 0.676142 -0.390094
173.2 0.697873 -0.386457
173.6 0.718448 -0.372389
174 0.736047 -0.346331
174.4 0.74891 -0.307197
174.8 0.755464 -0.254484
175.2 0.754425 -0.188339
175.6 0.744887 -0.109588
176 0.726366 -0.0197253
176.4 0.698813 0.0791394
176.8 0.662591 0.184374
177.2 0.618425 0.292947
177.6 0.567331 0.401585
178 0.510536 0.506943
178.4 0.449399 0.605788
178.8 0.385342 0.695183
179.2 0.319797 0.772653
179.6 0.254168 0.836335
180 0.189821 0.885078
180.4 0.128076 0.918515
180.8 0.0702138 0.937066
181.2 0.0174787 0.941896
181.6 -0.0289267 0.934813
182 -0.0678641 0.918117
182.4 -0.0983018 0.894409
182.8 -0.119377 0.866373
183.2 -0.130474 0.836555
183.6 -0.13131 0.807144
184 -0.122022 0.779795
184.4 -0.103229 0.755493
184.8 -0.0760741 0.734495
185.2 -0.0422197 0.716333
185.6 -0.00379353 0.699909
186 0.0367162 0.683654
186.4 0.0766183 0.665765
186.8 0.113217 0.644468
187.2 0.144038 0.618318
187.6 0.167064 0.586475
188 0.180953 0.548953
188.4 0.185224 0.506794
188.8 0.180379 0.462152
189.2 0.167949 0.41827
189.6 0.150458 0.379339
190 0.131282 0.350246
190.4 0.114436 0.336226
190.8 0.10427 0.342435
191.2 0.105122 0.373488
191.6 0.120941 0.432995
192 0.154912 0.523135
192.4 0.209113 0.644321
192.8 0.284252 0.794969
193.2 0.379478 0.971433
193.6 0.492317 1.16808
194 0.618725 1.37754
194.4 0.753268 1.59112
194.8 0.889413 1.7993
195.2 1.01992 1.99241
195.6 1.13728 2.16119
196 1.23427 2.29756
196.4 1.30438 2.3951
196.8 1.34233 2.44959
197.2 1.34447 2.45932
197.6 1.30905 2.42524
198 1.23642 2.35089
198.4 1.12909 2.2422
198.8 0.991643 2.10708
199.2 0.830479 1.95482
199.6 0.653499 1.79549
200 0.46965 1.63923
200.4 0.288413 1.49555
200.8 0.11925 1.37269
201.2 -0.0289503 1.27715
201.6 -0.148395 1.21327
202 -0.232843 1.18303
202.4 -0.277963 1.18605
202.8 -0.281581 1.21973
203.2 -0.243791 1.27958
203.6 -0.166926 1.35962
204 -0.0553967 1.45295
204.4 0.0846043 1.55224
204.8 0.245495 1.65035
205.2 0.418784 1.74082
205.6 0.595601 1.81821
206 0.767234 1.87852
206.4 0.925658 1.91924
206.8 1.064 1.93946
207.2 1.1769 1.93976
207.6 1.26082 1.92203
208 1.31415 1.88915
208.4 1.33721 1.84474
208.8 1.33215 1.79275
209.2 1.30264 1.73721
209.6 1.25357 1.68189
210 1.19057 1.6301
210.4 1.11956 1.58455
210.8 1.04628 1.54724
211.2 0.975801 1.51949
211.6 0.912214 1.50195
212 0.858307 1.49472
212.4 0.815426 1.49741
212.8 0.783436 1.50933
213.2 0.760822 1.5295
213.6 0.744907 1.55682
214 0.732159 1.59005
214.4 0.718576 1.62788
214.8 0.700097 1.6689
215.2 0.673016 1.71158
215.6 0.634352 1.75428
216 0.582151 1.7952
216.4 0.515691 1.83237
216.8 0.435571 1.86376
217.2 0.343687 1.88724
217.6 0.243089 1.90075
218 0.137737 1.90243
218.4 0.0321887 1.8907
218.8 -0.0687698 1.86446
219.2 -0.160501 1.8232
219.6 -0.238876 1.7671
220 -0.300584 1.69709
220.4 -0.343372 1.61486
220.8 -0.366185 1.5228
221.2 -0.36921 1.42387
221.6 -0.353823 1.32145
222 -0.322444 1.21911
222.4 -0.278313 1.12037
222.8 -0.225223 1.02847
223.2 -0.167228 0.946142
223.6 -0.108346 0.875407
224 -0.0522936 0.817444
224.4 -0.00226709 0.772519
224.8 0.0392211 0.739992
225.2 0.0704322 0.718391
225.6 0.0904238 0.705558
226 0.0990083 0.698846
226.4 0.0966586 0.695355
226.8 0.0843763 0.692182
227.2 0.0635379 0.686666
227.6 0.035738 0.676602
228 0.00264371 0.660415
228.4 -0.0341279 0.637267
228.8 -0.0730996 0.607106
229.2 -0.112988 0.570635
229.6 -0.152725 0.529222
230 -0.191441 0.48476
230.4 -0.228438 0.439479
230.8 -0.263135 0.395743
231.2 -0.295019 0.355841
231.6 -0.323598 0.321793
232 -0.348366 0.295194
232.4 -0.368787 0.277093
232.8 -0.384296 0.267931
233.2 -0.394321 0.26753
233.6 -0.39832 0.275135
234 -0.395828 0.289499
234.4 -0.386505 0.309005
234.8 -0.370185 0.331807
235.2 -0.346918 0.355982
235.6 -0.316986 0.37967
236 -0.280921 0.401202
236.4 -0.239487 0.419199
236.8 -0.193655 0.432637
237.2 -0.144562 0.440881
237.6 -0.0934567 0.443677
238 -0.041642 0.441123
238.4 0.00958653 0.433614
238.8 0.0589958 0.421767
239.2 0.105464 0.406346
239.6 0.14802 0.388185
240 0.185868 0.368116
240.4 0.218406 0.346915
240.8 0.245227 0.325264
241.2 0.266114 0.303727
241.6 0.281028 0.282742
242 0.290088 0.262631
242.4 0.293556 0.243615
242.8 0.291806 0.225837
243.2 0.285314 0.209386
243.6 0.274629 0.194318
244 0.26036 0.180672
244.4 0.243154 0.168485
244.8 0.223684 0.157788
245.2 0.202627 0.148607
245.6 0.180649 0.140959
246 0.15839 0.134837
246.4 0.136441 0.130203
246.8 0.115331 0.126982
247.2 0.0955085 0.125056
247.6 0.0773302 0.124266
248 0.0610498 0.12442
248.4 0.0468126 0.125301
248.8 0.0346563 0.126681
249.2 0.0245159 0.12834
249.6 0.0162358 0.130073
250 0.00958572 0.131711
250.4 0.0042813 0.133122
250.8 7.49996e-06 0.13422
251.2 -0.00355722 0.134957
251.6 -0.00671712 0.135324
252 -0.00973778 0.135333
252.4 -0.0128283 0.135008
252.8 -0.0161285 0.13437
253.2 -0.0197017 0.133423
253.6 -0.0235338 0.132144
254 -0.0275377 0.130478
254.4 -0.0315637 0.128337
254.8 -0.0354138 0.125605
255.2 -0.0388599 0.122147
255.6 -0.0416635 0.117823
256 -0.0435962 0.112507
256.4 -0.0444584 0.106099
256.8 -0.0440971 0.0985473
257.2 -0.0424185 0.0898591
257.6 -0.0393975 0.0801097
258 -0.0350809 0.0694465
258.4 -0.0295861 0.0580872
258.8 -0.0230943 0.0463105
259.2 -0.0158381 0.034443
259.6 -0.00808644 0.0228407
260 -0.000125795 0.0118678
260.4 0.00775979 0.00187469
260.8 0.0153084 -0.00682396
261.2 0.0222981 -0.0139683
261.6 0.028562 -0.0193692
262 0.0339978 -0.0229186
262.4 0.0385731 -0.0245955
262.8 0.0423233 -0.0244652
263.2 0.0453446 -0.0226738
263.6 0.0477811 -0.019438
264 0.049807 -0.0150313
264.4 0.0516073 -0.00976718
264.8 0.053356 -0.00398161
265.2 0.0551963 0.00198459
265.6 0.0572229 0.00780238
266 0.0594705 0.013169
266.4 0.0619065 0.0178199
266.8 0.064432 0.0215377
267.2 0.0668893 0.0241577
267.6 0.0690763 0.0255712
268 0.0707654 0.0257254
268.4 0.0717272 0.0246218
268.8 0.0717547 0.0223127
269.2 0.0706871 0.0188962
269.6 0.0684302 0.0145113
270 0.064972 0.00933178
270.4 0.0603905 0.00356027
270.8 0.0548552 -0.00257836
271.2 0.0486191 -0.00884352
271.6 0.0420043 -0.0149859
272 0.0353802 -0.0207554
272.4 0.0291383 -0.0259088
272.8 0.0236636 -0.0302191
273.2 0.0193066 -0.0334846
273.6 0.0163573 -0.0355383
274 0.0150244 -0.0362574
274.4 0.0154195 -0.0355708
274.8 0.0175496 -0.0334667
275.2 0.0213172 -0.0299963
275.6 0.0265276 -0.0252755
276 0.0329036 -0.0194831
276.4 0.0401048 -0.0128546
276.8 0.0477517 -0.00567318
277.2 0.0554505 0.00174422
277.6 0.0628187 0.00906249
278 0.0695085 0.0159468
278.4 0.0752262 0.0220817
278.8 0.0797477 0.0271897
279.2 0.082928 0.0310485
279.6 0.0847053 0.0335042
280 0.0850997 0.0344809
280.4 0.0842062 0.0339847
280.8 0.0821843 0.0321021
281.2 0.0792433 0.0289928
281.6 0.0756264 0.0248771
282 0.0715931 0.0200191
282.4 0.0674019 0.0147066
282.8 0.0632942 0.00923026
283.2 0.0594799 0.00386266
283.6 0.0561258 -0.0011604
284 0.0533468 -0.00565474
284.4 0.0512017 -0.00949778
284.8 0.0496912 -0.0126327
285.2 0.0487612 -0.0150664
285.6 0.0483082 -0.0168619
286 0.0481889 -0.0181255
286.4 0.048232 -0.0189902
286.8 0.0482514 -0.0195974
287.2 0.0480616 -0.0200779
287.6 0.0474916 -0.020535
288 0.046399 -0.02103
288.4 0.0446813 -0.0215735
288.8 0.0422851 -0.0221215
289.2 0.0392104 -0.0225774
289.6 0.0355123 -0.0228006
290 0.0312968 -0.022619
290.4 0.0267138 -0.0218464
290.8 0.0219452 -0.0203014
291.2 0.0171915 -0.0178269
291.6 0.0126552 -0.0143084
292 0.00852542 -0.00968904
292.4 0.00496231 -0.00397983
292.8 0.00208441 0.00273516
293.2 -4.05123e-05 0.0103001
293.6 -0.00140028 0.0184945
294 -0.00203817 0.0270457
294.4 -0.00204787 0.0356464
294.8 -0.00156389 0.0439739
295.2 -0.000748251 0.0517122
295.6 0.000225187 0.0585726
296 0.00118748 0.0643127
296.4 0.00199074 0.0687522
296.8 0.0025222 0.0717832
297.2 0.0027148 0.073376
297.6 0.00255333 0.0735787
298 0.00207554 0.0725115
298.4 0.00136799 0.0703557
298.8 0.0005572 0.06734
299.2 -0.000203172 0.063722
299.6 -0.000747891 0.0597709
300 -0.000916948 0.0557478
300.4 -0.000572019 0.0518898
300.8 0.000388966 0.0483946
301.2 0.00202049 0.0454108
301.6 0.00432242 0.0430305
302 0.00723786 0.0412873
302.4 0.0106561 0.0401592
302.8 0.0144205 0.0395739
303.2 0.0183398 0.039419
303.6 0.0222034 0.0395538
304 0.025797 0.0398224
304.4 0.0289193 0.0400676
304.8 0.0313972 0.0401432
305.2 0.033098 0.039926
305.6 0.0339385 0.0393234
306 0.0338899 0.0382797
306.4 0.0329781 0.0367779
306.8 0.0312797 0.0348384
307.2 0.0289146 0.0325154
307.6 0.0260352 0.0298892
308 0.022814 0.0270575
308.4 0.0194308 0.024126
308.8 0.0160595 0.0211974
309.2 0.0128572 0.0183626
309.6 0.00995525 0.0156921
310 0.00745282 0.0132308
310.4 0.00541416 0.0109945
310.8 0.00386856 0.00896964
311.2 0.00281331 0.00711626
311.6 0.00221869 0.00537287
312 0.00203472 0.0036639
312.4 0.00219844 0.00190841
312.8 0.00264136 2.92951e-05
313.2 0.003296 -0.00203774
313.6 0.00410119 -0.00433637
314 0.0050056 -0.00688371
314.4 0.00596938 -0.00966681
314.8 0.00696393 -0.0126419
315.2 0.00796998 -0.0157365
315.6 0.00897449 -0.0188543
316 0.0099667 -0.0218822
316.4 0.0109341 -0.0246989
316.8 0.0118585 -0.0271848
317.2 0.0127135 -0.0292318
317.6 0.0134628 -0.0307518
318 0.0140601 -0.0316847
318.4 0.0144503 -0.0320034
318.8 0.0145735 -0.0317168
319.2 0.0143685 -0.0308696
319.6 0.013778 -0.0295403
320 0.012755 -0.0278353
320.4 0.0112673 -0.0258827
320.8 0.0093026 -0.0238233
321.2 0.00687212 -0.0218015
321.6 0.00401223 -0.0199564
322 0.000784556 -0.018413
322.4 -0.00272606 -0.0172748
322.8 -0.0064155 -0.0166182
323.2 -0.010166 -0.0164886
323.6 -0.0138531 -0.0168986
324 -0.0173532 -0.0178282
324.4 -0.0205515 -0.0192272
324.8 -0.0233493 -0.0210188
325.2 -0.0256704 -0.0231045
325.6 -0.0274653 -0.02537
326 -0.0287143 -0.0276921
326.4 -0.0294274 -0.0299448
326.8 -0.0296425 -0.0320063
327.2 -0.029421 -0.0337647
327.6 -0.0288423 -0.035124
328 -0.027996 -0.0360083
328.4 -0.0269745 -0.0363658
328.8 -0.0258645 -0.0361716
329.2 -0.0247405 -0.035429
329.6 -0.0236587 -0.0341697
330 -0.0226533 -0.0324528
330.4 -0.0217347 -0.0303624
330.8 -0.0208905 -0.0280038
331.2 -0.0200884 -0.0254984
331.6 -0.0192809 -0.0229777
332 -0.0184124 -0.0205763
332.4 -0.017426 -0.0184242
332.8 -0.0162708 -0.0166395
333.2 -0.0149092 -0.0153207
333.6 -0.0133219 -0.0145405
334 -0.0115116 -0.0143404
334.4 -0.00950436 -0.0147275
334.8 -0.00734859 -0.0156728
335.2 -0.00511158 -0.0171125
335.6 -0.0028741 -0.0189513
336 -0.000723543 -0.0210681
336.4 0.00125393 -0.0233237
336.8 0.00298126 -0.0255701
337.2 0.00439774 -0.0276605
337.6 0.00546493 -0.0294592
338 0.00617065 -0.0308518
338.4 0.00653064 -0.0317533
338.8 0.00658774 -0.0321137
339.2 0.00640861 -0.0319225
339.6 0.00607827 -0.0312088
340 0.00569301 -0.030039
340.4 0.00535215 -0.0285122
340.8 0.00514953 -0.0267516
341.2 0.0051654 -0.0248959
341.6 0.00545931 -0.0230875
342 0.00606476 -0.0214625
342.4 0.00698599 -0.0201393
342.8 0.00819701 -0.0192099
343.2 0.00964316 -0.0187329
343.6 0.0112448 -0.0187289
344 0.0129031 -0.019179
344.4 0.0145069 -0.0200269
344.8 0.0159409 -0.0211826
345.2 0.0170936 -0.0225296
345.6 0.0178653 -0.0239336
346 0.0181753 -0.0252521
346.4 0.0179668 -0.0263449
346.8 0.0172118 -0.0270834
347.2 0.0159124 -0.0273595
347.6 0.0141011 -0.0270922
348 0.0118397 -0.0262325
348.4 0.0092149 -0.0247658
348.8 0.00633452 -0.0227118
349.2 0.00332105 -0.0201225
349.6 0.000305356 -0.017078
350 -0.00258023 -0.0136814
350.4 -0.00520876 -0.0100521
350.8 -0.0074651 -0.00631916
351.2 -0.00925174 -0.00261455
351.6 -0.0104936 0.000933151
352 -0.0111419 0.00420437
352.4 -0.0111762 0.00709322
352.8 -0.010606 0.00951115
353.2 -0.00946994 0.0113898
353.6 -0.00783414 0.0126826
354 -0.00578906 0.0133663
354.4 -0.00344517 0.013441
354.8 -0.000927549 0.0129301
355.2 0.00163021 0.01188
355.6 0.00409266 0.0103585
356 0.00632925 0.0084534
356.4 0.00822099 0.0062699
356.8 0.00966647 0.0039276
357.2 0.0105872 0.00155644
357.6 0.0109314 -0.000708188
358 0.0106772 -0.0027311
358.4 0.00983335 -0.00438364
358.8 0.00843888 -0.00555038
359.2 0.00656109 -0.00613589
359.6 0.00429193 -0.00607105
360 0.00174315 -0.00531847
360.4 -0.00095962 -0.00387651
360.8 -0.00368345 -0.00178153
361.2 -0.00629501 0.000892128
361.6 -0.00866748 0.00403438
362 -0.010687 0.00750412
362.4 -0.0122583 0.011136
362.8 -0.0133093 0.0147493
363.2 -0.0137945 0.0181578
363.6 -0.0136971 0.0211803
364 -0.0130288 0.0236514
364.4 -0.011829 0.0254311
364.8 -0.0101623 0.0264132
365.2 -0.00811457 0.0265309
365.6 -0.00578784 0.0257606
366 -0.00329491 0.0241229
366.4 -0.000753106 0.02168
366.8 0.00172198 0.0185318
367.2 0.00402251 0.0148087
367.6 0.00605386 0.0106635
368 0.00773931 0.00626223
368.4 0.00902353 0.00177437
368.8 0.00987486 -0.00263607
369.2 0.0102861 -0.00681879
369.6 0.0102739 -0.0106438
370 0.00987658 -0.0140062
370.4 0.00915119 -0.0168295
370.8 0.0081688 -0.019066
371.2 0.00700962 -0.0206967
371.6 0.00575755 -0.0217287
372 0.00449464 -0.0221918
372.4 0.00329598 -0.0221344
372.8 0.00222526 -0.0216189
373.2 0.00133131 -0.0207173
373.6 0.000645849 -0.0195065
374 0.000182506 -0.0180647
374.4 -6.27789e-05 -0.0164675
374.8 -0.000110146 -0.0147859
375.2 6.86026e-06 -0.0130832
375.6 0.000244757 -0.0114143
376 0.000554072 -0.00982377
376.4 0.000883429 -0.00834571
376.8 0.00118344 -0.0070032
377.2 0.00141013 -0.00580849
377.6 0.00152758 -0.00476341
378 0.00150977 -0.00386023
378.4 0.0013414 -0.00308287
378.8 0.00101781 -0.00240853
379.2 0.000544121 -0.00180968
379.6 -6.63642e-05 -0.00125636
380 -0.000794098 -0.000718691
380.4 -0.00161548 -0.000169391
380.8 -0.00250499 0.00041375
381.2 -0.00343712 0.00104578
381.6 -0.0043879 0.00173298
382 -0.00533597 0.00247197
382.4 -0.00626314 0.00324959
382.8 -0.00715453 0.00404373
383.2 -0.00799823 0.00482491
383.6 -0.00878483 0.00555871
384 -0.00950673 0.00620869
384.4 -0.0101574 0.00673975
384.8 -0.010731 0.00712141
385.2 -0.0112217 0.00733089
385.6 -0.0116238 0.00735563
386 -0.0119316 0.00719496
386.4 -0.0121398 0.00686086
386.8 -0.012244 0.00637751
387.2 -0.0122406 0.00577992
387.6 -0.012128 0.00511149
388 -0.0119061 0.00442086
388.4 -0.011577 0.00375824
388.8 -0.0111448 0.00317162
389.2 -0.0106156 0.00270309
389.6 -0.00999687 0.0023857
390 -0.00929733 0.00224105
390.4 -0.00852664 0.00227787
390.8 -0.00769505 0.00249162
391.2 -0.00681323 0.00286525
391.6 -0.00589224 0.00337091
392 -0.00494364 0.00397253
392.4 -0.00397972 0.004629
392.8 -0.0030137 0.00529766
393.2 -0.00206002 0.00593776
393.6 -0.00113443 0.00651375
394 -0.000253956 0.0069979
394.4 0.000563427 0.0073723
394.8 0.00129931 0.00762993
395.2 0.00193569 0.00777478
395.6 0.002456 0.00782116
396 0.00284624 0.00779214
396.4 0.00309613 0.0077174
396.8 0.00320022 0.00763056
397.2 0.00315863 0.00756642
397.6 0.00297753 0.00755811
398 0.00266913 0.0076345
398.4 0.00225121 0.00781801
398.8 0.00174611 0.008123
399.2 0.00117936 0.0085547
399.6 0.000577914 0.00910894
400 -3.16981e-05 0.00977242
