-0.998 -8.2597 -3.99141
-0.996 -7.30831 -3.91544
-0.994 -6.56299 -4.53931
-0.992 -6.20311 -5.81763
-0.99 -6.34807 -7.61024
-0.988 -7.03301 -9.69967
-0.986 -8.19461 -11.8232
-0.984 -9.67072 -13.7138
-0.982 -11.2167 -15.1414
-0.98 -12.5387 -15.9444
-0.978 -13.3402 -16.0443
-0.976 -13.3741 -15.4463
-0.974 -12.4916 -14.2271
-0.972 -10.6786 -12.5188
-0.97 -8.07162 -10.4912
-0.968 -4.95119 -8.3346
-0.966 -1.70997 -6.2429
-0.964 1.1985 -4.39676
-0.962 3.32363 -2.94846
-0.96 4.28369 -2.00975
-0.958 3.82308 -1.64416
-0.956 1.85195 -1.86488
-0.954 -1.5372 -2.63828
-0.952 -6.07707 -3.89256
-0.95 -11.3542 -5.52964
-0.948 -16.8536 -7.4371
-0.946 -22.0141 -9.49687
-0.944 -26.2895 -11.589
-0.942 -29.2113 -13.5916
-0.94 -30.4457 -15.379
-0.938 -29.8382 -16.8237
-0.936 -27.4359 -17.8015
-0.934 -23.4842 -18.2016
-0.932 -18.3982 -17.9388
-0.93 -12.7122 -16.9652
-0.928 -7.01885 -15.2803
-0.926 -1.90365 -12.9384
-0.924 2.11732 -10.0539
-0.922 4.65234 -6.80159
-0.92 5.47821 -3.40986
-0.918 4.56946 -0.144186
-0.916 2.10702 2.72003
-0.914 -1.53808 4.93244
-0.912 -5.84677 6.3047
-0.91 -10.2152 6.74191
-0.908 -14.0299 6.2608
-0.906 -16.7439 4.98981
-0.904 -17.9423 3.14981
-0.902 -17.3905 1.01891
-0.9 -15.0585 -1.11193
-0.898 -11.1221 -2.98379
-0.896 -5.94035 -4.40682
-0.894 -0.0151385 -5.28305
-0.892 6.06435 -5.61232
-0.89 11.6861 -5.48168
-0.888 16.2827 -5.04183
-0.886 19.3959 -4.47532
-0.884 20.7299 -3.96184
-0.882 20.1887 -3.64624
-0.88 17.8891 -3.61388
-0.878 14.1474 -3.87686
-0.876 9.43821 -4.37263
-0.874 4.33055 -4.97484
-0.872 -0.588916 -5.51492
-0.87 -4.79293 -5.81201
-0.868 -7.8778 -5.70746
-0.866 -9.60541 -5.09802
-0.864 -9.9193 -3.96054
-0.862 -8.9366 -2.36225
-0.86 -6.92053 -0.454202
-0.858 -4.23956 1.55057
-0.856 -1.31848 3.40972
-0.854 1.41411 4.8892
-0.852 3.57712 5.79965
-0.85 4.88195 6.02601
-0.848 5.16515 5.54576
-0.846 4.4033 4.43336
-0.844 2.70711 2.85096
-0.842 0.294982 1.0276
-0.84 -2.54862 -0.769557
-0.838 -5.52193 -2.26839
-0.836 -8.35212 -3.22578
-0.834 -10.831 -3.4592
-0.832 -12.8349 -2.87222
-0.83 -14.3251 -1.47037
-0.828 -15.3322 0.635291
-0.826 -15.9268 3.23791
-0.824 -16.1866 6.05714
-0.822 -16.1686 8.77213
-0.82 -15.8945 11.0618
-0.818 -15.3509 12.6478
-0.816 -14.5038 13.3336
-0.814 -13.3196 13.0342
-0.812 -11.7853 11.7912
-0.81 -9.92399 9.76981
-0.808 -7.80144 7.23758
-0.806 -5.52706 4.52874
-0.804 -3.248 1.99897
-0.802 -1.13771 -0.0209976
-0.8 0.621706 -1.26681
-0.798 1.8623 -1.57217
-0.796 2.4553 -0.888185
-0.794 2.33298 0.71117
-0.792 1.50233 3.03816
-0.79 0.0468761 5.81387
-0.788 -1.88333 8.70167
-0.786 -4.09053 11.3478
-0.784 -6.35238 13.4252
-0.782 -8.44465 14.6757
-0.78 -10.1609 14.9455
-0.778 -11.328 14.2095
-0.776 -11.8168 12.5777
-0.774 -11.5497 10.2833
-0.772 -10.5038 7.65145
-0.77 -8.71035 5.0544
-0.768 -6.25217 2.8581
-0.766 -3.25909 1.36812
-0.764 0.0956638 0.783915
-0.762 3.5981 1.16922
-0.76 6.99694 2.44448
-0.758 10.0118 4.40261
-0.756 12.3503 6.74466
-0.754 13.7368 9.12835
-0.752 13.9485 11.2208
-0.75 12.8536 12.7478
-0.748 10.4408 13.5331
-0.746 6.83635 13.5232
-0.744 2.30373 12.7921
-0.742 -2.77169 11.5265
-0.74 -7.91166 9.99156
-0.738 -12.5869 8.48307
-0.736 -16.2702 7.27524
-0.734 -18.4976 6.57192
-0.732 -18.9291 6.47012
-0.73 -17.4011 6.94222
-0.728 -13.9599 7.84061
-0.726 -8.87108 8.92483
-0.724 -2.60242 9.90644
-0.722 4.21923 10.5033
-0.72 10.8724 10.4934
-0.718 16.621 9.75901
-0.716 20.7999 8.31346
-0.714 22.8977 6.3069
-0.712 22.6241 4.00954
-0.71 19.9532 1.77388
-0.708 15.1357 -0.0194794
-0.706 8.67527 -1.02502
-0.704 1.27254 -0.994189
-0.702 -6.25748 0.175657
-0.7 -13.0825 2.41489
-0.698 -18.4505 5.48317
-0.696 -21.7756 8.99871
-0.694 -22.7003 12.4905
-0.692 -21.1299 15.4665
-0.69 -17.2371 17.4876
-0.688 -11.4385 18.2388
-0.686 -4.34691 17.5833
-0.684 3.2944 15.5909
-0.682 10.6911 12.5325
-0.68 17.0816 8.84013
-0.678 21.8175 5.03945
-0.676 24.4303 1.66755
-0.674 24.678 -0.809123
-0.672 22.5645 -2.06365
-0.67 18.3319 -1.95496
-0.668 12.4285 -0.546884
-0.666 5.45636 1.9016
-0.664 -1.89361 4.97372
-0.662 -8.9136 8.15627
-0.66 -14.95 10.9189
-0.658 -19.4666 12.8013
-0.656 -22.0932 13.4953
-0.654 -22.6557 12.9042
-0.652 -21.1844 11.1671
-0.65 -17.9028 8.63881
-0.648 -13.1969 5.82864
-0.646 -7.57022 3.30917
-0.644 -1.58981 1.61311
-0.642 4.17223 1.1373
-0.64 9.19406 2.07056
-0.638 13.0511 4.35714
-0.636 15.4502 7.70098
-0.634 16.249 11.6094
-0.632 15.4599 15.4685
-0.63 13.2405 18.6385
-0.628 9.87004 20.5533
-0.626 5.71559 20.8075
-0.624 1.19149 19.2181
-0.622 -3.2829 15.8508
-0.62 -7.32136 11.0071
-0.618 -10.6005 5.17649
-0.616 -12.8796 -1.04041
-0.614 -14.0109 -7.02344
-0.612 -13.9419 -12.2253
-0.61 -12.7113 -16.2489
-0.608 -10.4399 -18.8971
-0.606 -7.319 -20.1881
-0.604 -3.59625 -20.3342
-0.602 0.438253 -19.688
-0.6 4.46653 -18.6662
-0.598 8.15713 -17.6624
-0.596 11.1803 -16.9668
-0.594 13.2249 -16.7083
-0.592 14.0202 -16.8315
-0.59 13.3627 -17.1128
-0.588 11.1477 -17.2135
-0.586 7.4002 -16.7584
-0.584 2.29728 -15.4239
-0.582 -3.82675 -13.0191
-0.58 -10.4974 -9.54305
-0.578 -17.1404 -5.20627
-0.576 -23.1417 -0.411039
-0.574 -27.9168 4.30781
-0.572 -30.9803 8.37153
-0.57 -32.0063 11.2604
-0.568 -30.8705 12.6122
-0.566 -27.6701 12.2976
-0.564 -22.7167 10.456
-0.562 -16.503 7.48301
-0.56 -9.64489 3.96909
-0.558 -2.80631 0.6011
-0.556 3.38279 -1.9571
-0.554 8.40286 -3.18226
-0.552 11.9042 -2.78651
-0.55 13.7404 -0.771708
-0.548 13.9703 2.56667
-0.546 12.8306 6.68707
-0.544 10.6834 10.8922
-0.542 7.951 14.4452
-0.54 5.04826 16.6914
-0.538 2.32577 17.1638
-0.536 0.0313626 15.6575
-0.534 -1.70489 12.2597
-0.532 -2.8619 7.33346
-0.53 -3.49848 1.45569
-0.528 -3.71117 -4.67844
-0.526 -3.58926 -10.3703
-0.524 -3.17829 -15.0318
-0.522 -2.46168 -18.2798
-0.52 -1.36594 -19.9933
-0.518 0.211008 -20.3243
-0.516 2.355 -19.6567
-0.514 5.08534 -18.5227
-0.512 8.31232 -17.4899
-0.51 11.8144 -17.043
-0.508 15.243 -17.4832
-0.506 18.1559 -18.8675
-0.504 20.0764 -20.9975
-0.502 20.5673 -23.46
-0.5 19.3106 -25.7096
-0.498 16.1807 -27.1766
-0.496 11.2989 -27.3796
-0.494 5.0586 -26.0222
-0.492 -1.88871 -23.0553
-0.49 -8.69142 -18.6952
-0.488 -14.397 -13.3919
-0.486 -18.0815 -7.75387
-0.484 -18.9918 -2.44177
-0.482 -16.6771 1.94993
-0.48 -11.0885 5.001
-0.478 -2.62366 6.5419
-0.476 7.89302 6.68245
-0.474 19.2998 5.78637
-0.472 30.2458 4.39587
-0.47 39.377 3.1212
-0.468 45.532 2.51617
-0.466 47.9145 2.96333
-0.464 46.2161 4.59054
-0.462 40.6683 7.23545
-0.46 32.0155 10.466
-0.458 21.4111 13.6545
-0.456 10.2537 16.0919
-0.454 -0.0120464 17.1213
-0.452 -8.0974 16.266
-0.45 -13.0484 13.3293
-0.448 -14.3772 8.44643
-0.446 -12.1316 2.07937
-0.444 -6.89194 -5.04575
-0.442 0.308696 -12.0509
-0.44 8.13646 -18.0489
-0.438 15.1619 -22.2946
-0.436 20.0878 -24.3163
-0.434 21.9606 -24.0056
-0.432 20.3278 -21.6446
-0.43 15.3145 -17.8649
-0.428 7.60487 -13.5404
-0.426 -1.66535 -9.63008
-0.424 -11.0879 -6.99691
-0.422 -19.2019 -6.23519
-0.42 -24.719 -7.5388
-0.418 -26.7218 -10.6378
-0.416 -24.8042 -14.8194
-0.414 -19.1348 -19.0338
-0.412 -10.4339 -22.0705
-0.41 0.133457 -22.7759
-0.408 11.1316 -20.2724
-0.406 21.0723 -14.1407
-0.404 28.6434 -4.52849
-0.402 32.9155 7.83472
-0.4 33.4942 21.722
-0.398 30.5933 35.5785
-0.396 25.0157 47.7478
-0.394 18.0417 56.7196
-0.392 11.2376 61.3596
-0.39 6.21371 61.0878
-0.388 4.36674 55.9786
-0.386 6.64861 46.767
-0.384 13.3982 34.7564
-0.382 24.2633 21.6401
-0.38 38.2232 9.26079
-0.378 53.7088 -0.654723
-0.376 68.8015 -6.74389
-0.374 81.4852 -8.19837
-0.372 89.9198 -4.86633
-0.37 92.7013 2.7468
-0.368 89.073 13.5743
-0.366 79.0558 26.1602
-0.364 63.4731 38.8771
-0.362 43.8626 50.1525
-0.36 22.2848 58.6708
-0.358 1.0553 63.5236
-0.356 -17.5581 64.2911
-0.354 -31.6291 61.052
-0.352 -39.8135 54.3282
-0.35 -41.5068 44.9757
-0.348 -36.8959 34.0441
-0.346 -26.9049 22.6227
-0.344 -13.0422 11.6997
-0.342 2.82235 2.0532
-0.34 18.7167 -5.81022
-0.338 32.8218 -11.6637
-0.336 43.6862 -15.5216
-0.334 50.3726 -17.5695
-0.332 52.5221 -18.0839
-0.33 50.3312 -17.3612
-0.328 44.4544 -15.6721
-0.326 35.8499 -13.2446
-0.324 25.5985 -10.2724
-0.322 14.7272 -6.93811
-0.32 4.07048 -3.43808
-0.318 -5.80767 0.000298177
-0.316 -14.6186 3.11435
-0.314 -22.2876 5.61799
-0.312 -28.8472 7.22872
-0.31 -34.319 7.70632
-0.308 -38.6171 6.89608
-0.306 -41.502 4.76749
-0.304 -42.5984 1.43857
-0.302 -41.4758 -2.82217
-0.3 -37.7759 -7.621
-0.298 -31.3569 -12.49
-0.296 -22.4232 -16.9543
-0.294 -11.6072 -20.6008
-0.292 0.0204953 -23.1327
-0.29 11.0289 -24.3985
-0.288 19.7907 -24.3945
-0.286 24.7179 -23.2454
-0.284 24.5379 -21.1705
-0.282 18.5622 -18.444
-0.28 6.8974 -15.3545
-0.278 -9.45168 -12.1687
-0.276 -28.6212 -9.10243
-0.274 -48.079 -6.3049
-0.272 -64.9492 -3.85864
-0.27 -76.4254 -1.79491
-0.268 -80.2089 -0.118746
-0.266 -74.8972 1.16562
-0.264 -60.254 2.03846
-0.262 -37.3123 2.46402
-0.26 -8.28759 2.40732
-0.258 23.6844 1.86395
-0.256 54.9492 0.893603
-0.254 81.816 -0.354616
-0.252 101.054 -1.63658
-0.25 110.336 -2.63469
-0.248 108.559 -3.00653
-0.246 95.998 -2.45201
-0.244 74.2575 -0.784414
-0.242 46.0291 2.01037
-0.24 14.6863 5.73845
-0.238 -16.2094 9.99294
-0.236 -43.4089 14.1813
-0.234 -64.3927 17.5844
-0.232 -77.64 19.4455
-0.23 -82.7145 19.081
-0.228 -80.1752 16.0004
-0.226 -71.3471 10.0148
-0.224 -58.0156 1.30872
-0.222 -42.105 -9.54189
-0.22 -25.4012 -21.6163
-0.218 -9.35884 -33.7537
-0.216 4.98604 -44.6994
-0.214 16.994 -53.2641
-0.212 26.3108 -58.4705
-0.21 32.7029 -59.6654
-0.208 35.8906 -56.5866
-0.206 35.4352 -49.3839
-0.204 30.7263 -38.599
-0.202 21.0916 -25.1096
-0.2 6.01341 -10.048
-0.198 -14.5921 5.29829
-0.196 -40.1067 19.5898
-0.194 -69.0284 31.5342
-0.192 -98.9411 39.9724
-0.19 -126.675 43.9519
-0.188 -148.66 42.7881
-0.186 -161.429 36.1185
-0.184 -162.206 23.9529
-0.182 -149.464 6.71859
-0.18 -123.359 -14.7086
-0.178 -85.9211 -38.9994
-0.176 -40.9505 -64.4101
-0.174 6.39716 -88.8787
-0.172 50.2919 -110.184
-0.17 85.0734 -126.163
-0.168 106.121 -134.959
-0.166 110.604 -135.277
-0.164 97.9834 -126.597
-0.162 70.1815 -109.312
-0.16 31.3708 -84.7686
-0.158 -12.587 -55.1862
-0.156 -54.9854 -23.4617
-0.154 -89.2766 7.12971
-0.152 -110.084 33.3148
-0.15 -114.056 52.2421
-0.148 -100.411 61.8877
-0.146 -71.0678 61.3831
-0.144 -30.3343 51.2013
-0.142 15.8166 33.1535
-0.14 60.7392 10.1805
-0.138 98.2095 -14.0393
-0.136 123.421 -35.6056
-0.134 133.708 -50.9557
-0.132 128.872 -57.3777
-0.13 111.076 -53.3989
-0.128 84.3189 -38.9977
-0.126 53.6227 -15.609
-0.124 24.0726 14.0705
-0.122 -0.096446 46.4475
-0.12 -16.1997 77.5174
-0.118 -23.4688 103.403
-0.116 -23.0314 120.873
-0.114 -17.5279 127.772
-0.112 -10.4551 123.288
-0.11 -5.36748 108.037
-0.108 -5.0864 83.9235
-0.106 -11.0598 53.835
-0.104 -22.9924 21.1991
-0.102 -38.8219 -10.5027
-0.1 -55.0613 -38.1938
-0.098 -67.4619 -59.5632
-0.096 -71.8883 -73.2826
-0.094 -65.2494 -79.0586
-0.092 -46.3043 -77.5236
-0.09 -16.1651 -69.998
-0.088 21.6391 -58.1806
-0.086 61.6002 -43.8416
-0.084 97.1284 -28.5856
-0.082 121.756 -13.7282
-0.08 130.399 -0.283317
-0.078 120.409 10.9745
-0.076 92.1609 19.427
-0.074 49.0712 24.5511
-0.072 -2.96349 25.8969
-0.07 -56.5496 23.1006
-0.068 -103.995 15.9176
-0.066 -138.489 4.26268
-0.064 -155.1 -11.7406
-0.062 -151.453 -31.6947
-0.06 -128.075 -54.8453
-0.058 -88.3611 -79.9985
-0.056 -38.1679 -105.482
-0.054 14.9724 -129.211
-0.052 62.979 -148.886
-0.05 98.56 -162.344
-0.048 116.526 -167.954
-0.046 114.767 -164.984
-0.044 94.6302 -153.798
-0.042 60.5503 -135.854
-0.04 19.0624 -113.5
-0.038 -22.5372 -89.6605
-0.036 -57.5095 -67.4844
-0.034 -80.6855 -50.0023
-0.032 -89.0481 -39.7881
-0.03 -81.9066 -38.6242
-0.028 -60.7573 -47.1906
-0.026 -28.9062 -64.8439
-0.024 9.10667 -89.5682
-0.022 48.2523 -118.157
-0.02 83.8471 -146.617
-0.018 112.329 -170.722
-0.016 131.788 -186.585
-0.014 142.088 -191.124
-0.012 144.553 -182.34
-0.01 141.298 -159.418
-0.008 134.476 -122.722
-0.006 125.684 -73.7652
-0.004 115.729 -15.2065
-0.002 104.745 49.2155
0 92.4962 114.931
0.002 78.6593 177.054
0.004 63.0291 231.072
0.006 45.6996 273.484
0.008 27.3122 302.156
0.01 9.2964 316.34
0.012 -6.08941 316.474
0.014 -16.0727 303.929
0.016 -18.0243 280.822
0.018 -10.264 249.888
0.02 7.26722 214.347
0.022 32.7017 177.693
0.024 62.4076 143.372
0.026 91.565 114.403
0.028 114.989 93.033
0.03 128.003 80.4931
0.032 127.213 76.9386
0.034 111.094 81.5403
0.036 80.3671 92.6838
0.038 38.1331 108.2
0.04 -10.3161 125.586
0.042 -58.0951 142.211
0.044 -97.7551 155.552
0.046 -122.622 163.455
0.048 -128.154 164.407
0.05 -112.954 157.739
0.052 -79.1468 143.686
0.054 -32.0091 123.278
0.056 21.017 98.0986
0.058 71.658 70.0005
0.06 112.177 40.8675
0.062 136.535 12.4638
0.064 141.203 -13.6269
0.066 125.591 -36.0214
0.068 92.0835 -53.5579
0.07 45.6889 -65.3458
0.072 -6.67518 -70.8334
0.074 -57.2083 -69.8702
0.076 -98.449 -62.7357
0.078 -124.503 -50.1257
0.08 -132.047 -33.1081
0.082 -120.882 -13.0687
0.084 -93.9044 8.33732
0.086 -56.4746 29.2314
0.088 -15.3288 47.5788
0.09 22.7339 61.3075
0.092 52.0967 68.4976
0.094 69.2522 67.6318
0.096 73.2496 57.8655
0.098 65.6145 39.2558
0.1 49.8061 12.8902
0.102 30.3533 -19.1257
0.104 11.8612 -53.835
0.106 -1.92057 -87.737
0.108 -8.79827 -117.201
0.11 -8.49095 -138.931
0.112 -2.59794 -150.414
0.114 5.79998 -150.286
0.116 12.824 -138.543
0.118 14.64 -116.579
0.12 8.31001 -87.025
0.122 -7.50449 -53.4238
0.124 -32.1269 -19.7788
0.126 -62.8313 9.95822
0.128 -95.2196 32.3959
0.13 -123.955 45.143
0.132 -143.724 47.1203
0.134 -150.249 38.6981
0.136 -141.153 21.6382
0.138 -116.499 -1.15852
0.14 -78.9114 -26.0605
0.142 -33.2301 -49.2135
0.144 14.2323 -67.0691
0.146 56.7126 -76.8573
0.148 88.1121 -76.9331
0.15 104.008 -66.9514
0.152 102.384 -47.8541
0.154 83.9493 -21.6841
0.156 52.005 8.73228
0.158 11.8894 40.1741
0.16 -29.8907 69.4269
0.162 -66.6854 93.6415
0.164 -92.7133 110.616
0.166 -103.901 118.978
0.168 -98.4292 118.262
0.17 -76.9203 108.889
0.172 -42.2483 92.0462
0.174 0.978133 69.5172
0.176 47.1687 43.4625
0.178 90.6142 16.1968
0.18 126.315 -10.0239
0.182 150.643 -33.1839
0.184 161.744 -51.6489
0.186 159.622 -64.2614
0.188 145.933 -70.3886
0.19 123.537 -69.9278
0.192 95.9249 -63.2759
0.194 66.6219 -51.2723
0.196 38.6823 -35.1215
0.198 14.3515 -16.2991
0.2 -5.07021 3.55599
0.202 -19.1669 22.7643
0.204 -28.194 39.7376
0.206 -32.7848 53.1124
0.208 -33.6555 61.8739
0.21 -31.3817 65.4533
0.212 -26.2939 63.7854
0.214 -18.5045 57.314
0.216 -8.04221 46.9372
0.218 4.95531 33.8983
0.22 20.0494 19.6322
0.222 36.3643 5.59223
0.224 52.5458 -6.92103
0.226 66.8373 -16.9023
0.228 77.2723 -23.7374
0.23 81.9608 -27.2399
0.232 79.4277 -27.627
0.234 68.9395 -25.4404
0.236 50.7521 -21.4284
0.238 26.2176 -16.4134
0.24 -2.29204 -11.1687
0.242 -31.646 -6.32557
0.244 -58.3682 -2.31922
0.246 -79.1338 0.624237
0.248 -91.2647 2.46886
0.25 -93.1354 3.32609
0.252 -84.4234 3.39838
0.254 -66.1641 2.91906
0.256 -40.6061 2.09936
0.258 -10.8906 1.09358
0.26 19.3922 -0.0100682
0.262 46.7048 -1.17173
0.264 68.0447 -2.36293
0.266 81.3386 -3.52482
0.268 85.6861 -4.53812
0.27 81.4227 -5.21701
0.272 69.9938 -5.33074
0.274 53.6691 -4.64775
0.276 35.1516 -2.99121
0.278 17.1521 -0.292249
0.28 2.00274 3.37166
0.282 -8.62994 7.76305
0.284 -13.8983 12.5005
0.286 -13.7837 17.1033
0.288 -8.98356 21.0574
0.29 -0.708465 23.8927
0.292 9.5637 25.2568
0.294 20.335 24.9743
0.296 30.2978 23.0796
0.298 38.4815 19.816
0.3 44.3211 15.6016
0.302 47.6469 10.9664
0.304 48.6067 6.47429
0.306 47.5463 2.64275
0.308 44.8752 -0.123201
0.31 40.9504 -1.57435
0.312 36.0021 -1.63228
0.314 30.1166 -0.377804
0.316 23.2758 1.98066
0.318 15.4426 5.1496
0.32 6.66625 8.79477
0.322 -2.81921 12.5796
0.324 -12.5324 16.1923
0.326 -21.7386 19.3581
0.328 -29.5103 21.8368
0.33 -34.8507 23.4087
0.332 -36.8588 23.8569
0.334 -34.9081 22.9581
0.336 -28.8018 20.4914
0.338 -18.8755 16.2697
0.34 -6.02271 10.1908
0.342 8.36499 2.29653
0.344 22.5438 -7.17473
0.346 34.6317 -17.7599
0.348 42.8618 -28.7782
0.35 45.8378 -39.3801
0.352 42.7487 -48.6321
0.354 33.5069 -55.629
0.356 18.7868 -59.6187
0.358 -0.0448815 -60.12
0.36 -21.0973 -57.0197
0.362 -42.1973 -50.6276
0.364 -61.1698 -41.6801
0.366 -76.115 -31.2813
0.368 -85.644 -20.7843
0.37 -89.0407 -11.6205
0.372 -86.3325 -5.09871
0.374 -78.2621 -2.20376
0.376 -66.1698 -3.43036
0.378 -51.802 -8.68553
0.38 -37.0719 -17.2821
0.382 -23.8025 -28.0278
0.384 -13.4853 -39.3968
0.386 -7.08619 -49.7538
0.388 -4.92696 -57.5932
0.39 -6.66009 -61.7548
0.392 -11.3432 -61.5827
0.394 -17.6026 -57.0052
0.396 -23.8606 -48.5277
0.398 -28.5895 -37.143
0.4 -30.5524 -24.1757
0.402 -28.9921 -11.0839
0.404 -23.7417 0.75114
0.406 -15.2422 10.2172
0.408 -4.46617 16.6169
0.41 7.23544 19.7434
0.412 18.3403 19.8762
0.414 27.3812 17.6982
0.416 33.1609 14.1503
0.418 34.925 10.2496
0.42 32.4711 6.90314
0.422 26.1811 4.7511
0.424 16.9699 4.06799
0.426 6.15683 4.73732
0.428 -4.72646 6.30157
0.43 -14.1651 8.07355
0.432 -20.8931 9.28643
0.434 -24.0898 9.25429
0.436 -23.5072 7.51488
0.438 -19.5047 3.92877
0.44 -12.9858 -1.28383
0.442 -5.24723 -7.57616
0.444 2.23117 -14.1705
0.446 8.01984 -20.1969
0.448 10.9582 -24.8466
0.45 10.3251 -27.5129
0.452 5.93892 -27.8943
0.454 -1.82177 -26.0442
0.456 -12.0765 -22.3577
0.458 -23.5686 -17.4996
0.46 -34.8415 -12.2839
0.462 -44.4423 -7.52707
0.464 -51.1258 -3.90344
0.466 -54.0303 -1.82758
0.468 -52.7982 -1.38638
0.47 -47.6213 -2.33162
0.472 -39.2041 -4.13381
0.474 -28.65 -6.08731
0.476 -17.2913 -7.447
0.478 -6.49494 -7.57094
0.48 2.52519 -6.04113
0.482 8.85884 -2.73902
0.484 11.996 2.13826
0.486 11.8609 8.12206
0.488 8.78619 14.5653
0.49 3.43506 20.7641
0.492 -3.31258 26.083
0.494 -10.493 30.0589
0.496 -17.1905 32.4658
0.498 -22.6516 33.3316
0.5 -26.3647 32.9058
0.502 -28.0988 31.5877
0.504 -27.8986 29.8312
0.506 -26.0408 28.045
0.508 -22.9636 26.5085
0.51 -19.1816 25.3203
0.512 -15.1997 24.3851
0.514 -11.4405 23.442
0.516 -8.19434 22.1255
0.518 -5.60011 20.0483
0.52 -3.65866 16.8936
0.522 -2.27352 12.498
0.524 -1.30768 6.91169
0.526 -0.640401 0.421566
0.528 -0.208444 -6.47022
0.53 -0.0217366 -13.1129
0.532 -0.151428 -18.8091
0.534 -0.695824 -22.9338
0.536 -1.73452 -25.0464
0.538 -3.28264 -24.9726
0.54 -5.25619 -22.8412
0.542 -7.45671 -19.0687
0.544 -9.5803 -14.2947
0.546 -11.2516 -9.281
0.548 -12.0789 -4.78943
0.55 -11.7207 -1.46233
0.552 -9.95199 0.275008
0.554 -6.71584 0.273571
0.556 -2.15035 -1.32714
0.558 3.41569 -4.13434
0.56 9.49743 -7.57714
0.562 15.513 -11.0069
0.564 20.8568 -13.8038
0.566 24.9762 -15.4696
0.568 27.4413 -15.6916
0.57 27.9992 -14.3709
0.572 26.6046 -11.6145
0.574 23.4222 -7.69917
0.576 18.7993 -3.01526
0.578 13.2115 1.9981
0.58 7.1932 6.91807
0.582 1.2661 11.3936
0.584 -4.12093 15.1836
0.586 -8.63087 18.172
0.588 -12.0544 20.3575
0.59 -14.3051 21.8216
0.592 -15.4009 22.6813
0.594 -15.436 23.0406
0.596 -14.5529 22.9516
0.598 -12.9172 22.397
0.6 -10.701 21.2979
0.602 -8.07513 19.5442
0.604 -5.21049 17.0395
0.606 -2.28575 13.7482
0.608 0.502893 9.73506
0.61 2.93568 5.18339
0.612 4.773 0.388438
0.614 5.77302 -4.27501
0.616 5.72335 -8.40301
0.618 4.48228 -11.6207
0.62 2.02141 -13.6376
0.622 -1.54077 -14.2922
0.624 -5.92423 -13.5777
0.626 -10.699 -11.6474
0.628 -15.3249 -8.79613
0.63 -19.2158 -5.42152
0.632 -21.8166 -1.96941
0.634 -22.6814 1.12791
0.636 -21.5382 3.51172
0.638 -18.3314 4.94579
0.64 -13.2374 5.34647
0.642 -6.65184 4.78829
0.644 0.847886 3.48365
0.646 8.56048 1.73943
0.648 15.7335 -0.102001
0.65 21.6443 -1.72608
0.652 25.6808 -2.90062
0.654 27.4146 -3.51021
0.656 26.654 -3.56451
0.658 23.4704 -3.1818
0.66 18.1918 -2.55443
0.662 11.3661 -1.90552
0.664 3.69965 -1.44549
0.666 -4.0178 -1.33608
0.668 -10.9963 -1.66689
0.67 -16.5276 -2.44746
0.672 -20.0599 -3.61437
0.674 -21.2566 -5.05099
0.676 -20.0301 -6.61525
0.678 -16.5475 -8.16952
0.68 -11.2059 -9.60598
0.682 -4.58553 -10.862
0.684 2.6112 -11.9228
0.686 9.6283 -12.8134
0.688 15.7262 -13.5822
0.69 20.2516 -14.2826
0.692 22.7026 -14.9545
0.694 22.7844 -15.6104
0.696 20.4457 -16.2261
0.698 15.8894 -16.7403
0.7 9.55243 -17.0628
0.702 2.05808 -17.0941
0.704 -5.85357 -16.7512
0.706 -13.4055 -15.9928
0.708 -19.8648 -14.8369
0.71 -24.6158 -13.3641
0.712 -27.2211 -11.7079
0.714 -27.4639 -10.0345
0.716 -25.3692 -8.51987
0.718 -21.2003 -7.32482
0.72 -15.4274 -6.57417
0.722 -8.67198 -6.33984
0.724 -1.63182 -6.63038
0.726 5.00256 -7.38886
0.728 10.6267 -8.50091
0.73 14.7853 -9.81333
0.732 17.211 -11.1604
0.734 17.8362 -12.3916
0.736 16.7794 -13.3929
0.738 14.3107 -14.0964
0.74 10.8057 -14.4784
0.742 6.69332 -14.5502
0.744 2.40811 -14.3476
0.746 -1.65156 -13.9213
0.748 -5.15428 -13.3289
0.75 -7.85552 -12.6279
0.752 -9.6061 -11.8691
0.754 -10.3499 -11.0923
0.756 -10.1131 -10.3265
0.758 -8.98809 -9.59574
0.76 -7.11633 -8.92955
0.762 -4.67379 -8.37384
0.764 -1.85926 -7.99626
0.766 1.11456 -7.88176
0.768 4.02964 -8.1178
0.77 6.67306 -8.77286
0.772 8.85058 -9.87493
0.774 10.403 -11.3963
0.776 11.2233 -13.2483
0.778 11.2695 -15.2856
0.78 10.5713 -17.3206
0.782 9.22588 -19.1418
0.784 7.38609 -20.5374
0.786 5.24213 -21.3204
0.788 3.00051 -21.3542
0.79 0.862308 -20.5758
0.792 -0.99746 -19.0112
0.794 -2.44712 -16.7793
0.796 -3.40939 -14.0805
0.798 -3.86346 -11.1723
0.8 -3.83767 -8.3351
0.802 -3.39529 -5.83577
0.804 -2.61798 -3.89246
0.806 -1.59145 -2.64474
0.808 -0.395818 -2.13178
0.81 0.899455 -2.28257
0.812 2.23659 -2.92269
0.814 3.56728 -3.80034
0.816 4.84749 -4.62911
0.818 6.02978 -5.13945
0.82 7.05473 -5.12791
0.822 7.84353 -4.49406
0.824 8.29437 -3.2586
0.826 8.286 -1.55991
0.828 7.69122 0.369567
0.83 6.4015 2.24323
0.832 4.35957 3.76961
0.834 1.59279 4.70269
0.836 -1.76312 4.88445
0.838 -5.45925 4.27212
0.84 -9.15217 2.94606
0.842 -12.4446 1.09756
0.844 -14.9411 -1.00019
0.846 -16.3083 -3.03262
0.848 -16.3297 -4.6896
0.85 -14.9456 -5.71021
0.852 -12.2708 -5.92116
0.854 -8.58852 -5.26361
0.856 -4.32031 -3.80395
0.858 0.0231034 -1.72539
0.86 3.90263 0.69974
0.862 6.81637 3.15328
0.864 8.36195 5.3226
0.866 8.28838 6.95098
0.868 6.53085 7.87821
0.87 3.22396 8.0644
0.872 -1.30906 7.59252
0.874 -6.59044 6.64924
0.876 -12.0425 5.48744
0.878 -17.0565 4.37805
0.88 -21.0684 3.56062
0.882 -23.6291 3.20255
0.884 -24.4589 3.37426
0.886 -23.4779 4.0436
0.888 -20.8079 5.08799
0.89 -16.7492 6.31976
0.892 -11.7415 7.51898
0.894 -6.31432 8.46824
0.896 -1.03507 8.98503
0.898 3.5441 8.94767
0.9 6.93876 8.31183
0.902 8.78157 7.11598
0.904 8.86395 5.476
0.906 7.16414 3.57036
0.908 3.8559 1.61823
0.91 -0.705673 -0.14704
0.912 -6.02099 -1.5064
0.914 -11.5013 -2.28224
0.916 -16.5351 -2.36098
0.918 -20.5564 -1.70843
0.92 -23.1069 -0.375962
0.922 -23.8846 1.5033
0.924 -22.7766 3.72849
0.926 -19.8722 6.05397
0.928 -15.457 8.21883
0.93 -9.98637 9.97837
0.932 -4.03915 11.1325
0.934 1.74582 11.5462
0.936 6.74366 11.16
0.938 10.4188 9.99047
0.94 12.3909 8.12331
0.942 12.4833 5.70081
0.944 10.7439 2.90581
0.946 7.4375 -0.0565963
0.948 3.00808 -2.97747
0.95 -1.98311 -5.66045
0.952 -6.93339 -7.93485
0.954 -11.2779 -9.66568
0.956 -14.5609 -10.7614
0.958 -16.49 -11.1797
0.96 -16.9665 -10.9311
0.962 -16.0885 -10.0794
0.964 -14.1278 -8.73683
0.966 -11.4828 -7.05531
0.968 -8.61593 -5.21234
0.97 -5.98191 -3.39369
0.972 -3.96088 -1.77341
0.974 -2.80603 -0.493058
0.976 -2.61577 0.357008
0.978 -3.33357 0.750992
0.98 -4.77229 0.731728
0.982 -6.65606 0.403456
0.984 -8.67098 -0.0859325
0.986 -10.5174 -0.569231
0.988 -11.9571 -0.885465
0.99 -12.8482 -0.902164
0.992 -13.1627 -0.532064
0.994 -12.9825 0.256453
0.996 -12.4754 1.43566
0.998 -11.8552 2.92232
0.4 7.25002 1.33435
0.8 7.26989 1.40057
1.2 7.29919 1.50842
1.6 7.33262 1.65431
2 7.36347 1.83352
2.4 7.3843 2.0405
2.8 7.38767 2.26921
3.2 7.36682 2.51342
3.6 7.31632 2.76714
4 7.23258 3.0248
4.4 7.11414 3.2816
4.8 6.9618 3.5336
5.2 6.77857 3.7779
5.6 6.56935 4.01258
6 6.34058 4.23668
6.4 6.0997 4.45008
6.8 5.85464 4.65335
7.2 5.61328 4.84753
7.6 5.38306 5.03395
8 5.17059 5.21401
8.4 4.98149 5.38911
8.8 4.82029 5.56042
9.2 4.6905 5.72891
9.6 4.59472 5.89526
10 4.53484 6.05993
10.4 4.5122 6.22321
10.8 4.52781 6.38534
11.2 4.58238 6.54658
11.6 4.6764 6.70732
12 4.81003 6.86821
12.4 4.98298 7.03017
12.8 5.19429 7.19441
13.2 5.44211 7.36242
13.6 5.7235 7.53587
14 6.03427 7.7165
14.4 6.36893 7.9059
14.8 6.72071 8.10541
15.2 7.08178 8.31583
15.6 7.44348 8.53728
16 7.79679 8.76902
16.4 8.13272 9.00931
16.8 8.44289 9.2554
17.2 8.71992 9.5035
17.6 8.95793 9.74888
18 9.15279 9.98607
18.4 9.30238 10.2091
18.8 9.40657 10.4118
19.2 9.46715 10.5882
19.6 9.48758 10.7328
20 9.47263 10.8411
20.4 9.42797 10.9096
20.8 9.35972 10.9366
21.2 9.27397 10.9217
21.6 9.1764 10.8666
22 9.07195 10.7742
22.4 8.9646 10.6493
22.8 8.85729 10.4975
23.2 8.75189 10.3256
23.6 8.64933 10.1404
24 8.54974 9.94912
24.4 8.45274 9.75807
24.8 8.35764 9.5729
25.2 8.26371 9.39798
25.6 8.17036 9.23631
26 8.07732 9.08938
26.4 7.98471 8.95727
26.8 7.89308 8.83878
27.2 7.80337 8.73174
27.6 7.71677 8.63337
28 7.63468 8.54068
28.4 7.55845 8.45091
28.8 7.48934 8.36184
29.2 7.42827 8.27218
29.6 7.3758 8.18172
30 7.33199 8.09145
30.4 7.29639 8.00347
30.8 7.26804 7.92085
31.2 7.24552 7.84737
31.6 7.22705 7.78711
32 7.21057 7.74407
32.4 7.19387 7.72174
32.8 7.17477 7.72273
33.2 7.15118 7.7484
33.6 7.12133 7.79868
34 7.08382 7.87193
34.4 7.03771 7.96493
34.8 6.98265 8.07305
35.2 6.91886 8.19048
35.6 6.84715 8.31055
36 6.76891 8.42612
36.4 6.68603 8.53005
36.8 6.6008 8.61557
37.2 6.51578 8.67672
37.6 6.43368 8.70865
38 6.35719 8.70788
38.4 6.28881 8.6725
38.8 6.23071 8.6022
39.2 6.1846 8.49828
39.6 6.15162 8.36354
40 6.13228 8.2021
40.4 6.12639 8.01918
40.8 6.13313 7.82085
41.2 6.15104 7.61373
41.6 6.17814 7.40467
42 6.212 7.20052
42.4 6.24989 7.00782
42.8 6.28889 6.83255
43.2 6.32601 6.67993
43.6 6.35829 6.55421
44 6.38294 6.45854
44.4 6.39738 6.39484
44.8 6.39932 6.36374
45.2 6.38681 6.3646
45.6 6.35831 6.39546
46 6.3127 6.45321
46.4 6.24938 6.53364
46.8 6.16828 6.63171
47.2 6.06997 6.74168
47.6 5.95567 6.85744
48 5.82734 6.97279
48.4 5.68769 7.08168
48.8 5.54018 7.17854
49.2 5.38897 7.25856
49.6 5.23878 7.31786
50 5.09478 7.35371
50.4 4.9623 7.36461
50.8 4.84657 7.35034
51.2 4.75242 7.31192
51.6 4.68391 7.25149
52 4.64402 7.17216
52.4 4.63437 7.07778
52.8 4.655 6.97263
53.2 4.70426 6.86123
53.6 4.77883 6.74799
54 4.8738 6.63696
54.4 4.98295 6.53162
54.8 5.09914 6.43468
55.2 5.21472 6.34795
55.6 5.32205 6.27229
56 5.41403 6.20761
56.4 5.48463 6.15289
56.8 5.52926 6.10634
57.2 5.54511 6.06556
57.6 5.53135 6.02767
58 5.48914 5.98959
58.4 5.42153 5.94822
58.8 5.33315 5.90064
59.2 5.22986 5.84431
59.6 5.11824 5.77721
60 5.0051 5.69791
60.4 4.89693 5.60567
60.8 4.79945 5.5004
61.2 4.71721 5.38265
61.6 4.65331 5.25345
62 4.60929 5.11421
62.4 4.58514 4.9666
62.8 4.57939 4.81229
63.2 4.58942 4.65288
63.6 4.61176 4.4897
64 4.64249 4.32375
64.4 4.67765 4.15562
64.8 4.71359 3.98553
65.2 4.74731 3.81338
65.6 4.77662 3.63888
66 4.80036 3.46171
66.4 4.81836 3.28175
66.8 4.83137 3.0993
67.2 4.84092 2.91521
67.6 4.84907 2.73114
68 4.85818 2.5496
68.4 4.87059 2.37401
68.8 4.88842 2.20859
69.2 4.9133 2.05824
69.6 4.94626 1.92828
70 4.98754 1.82409
70.4 5.03666 1.75075
70.8 5.09236 1.7126
71.2 5.15273 1.71288
71.6 5.21531 1.75329
72 5.27723 1.83381
72.4 5.33541 1.95243
72.8 5.38666 2.10518
73.2 5.42789 2.2862
73.6 5.4562 2.48799
74 5.46902 2.70176
74.4 5.46417 2.91796
74.8 5.43996 3.12679
75.2 5.39518 3.31878
75.6 5.32918 3.48539
76 5.24187 3.61949
76.4 5.13371 3.7158
76.8 5.0057 3.77116
77.2 4.85934 3.78469
77.6 4.69662 3.75778
78 4.51994 3.6939
78.4 4.33203 3.59833
78.8 4.13585 3.47774
79.2 3.9345 3.33972
79.6 3.73109 3.19225
80 3.52859 3.0432
80.4 3.32974 2.89987
80.8 3.13693 2.76862
81.2 2.95211 2.65452
81.6 2.77671 2.56125
82 2.61167 2.49099
82.4 2.45741 2.44445
82.8 2.3139 2.42107
83.2 2.18077 2.41918
83.6 2.05738 2.43626
84 1.94301 2.46922
84.4 1.83692 2.51468
84.8 1.73853 2.56917
85.2 1.64748 2.62937
85.6 1.5637 2.69222
86 1.48741 2.75504
86.4 1.41913 2.81553
86.8 1.35957 2.8718
87.2 1.30955 2.92232
87.6 1.26987 2.96588
88 1.24115 3.00154
88.4 1.22372 3.02856
88.8 1.2175 3.04638
89.2 1.2219 3.05464
89.6 1.23581 3.0531
90 1.25757 3.04176
90.4 1.28505 3.02081
90.8 1.31579 2.99068
91.2 1.34708 2.95206
91.6 1.37619 2.90587
92 1.40053 2.85329
92.4 1.41783 2.79563
92.8 1.4263 2.73436
93.2 1.42476 2.67093
93.6 1.41272 2.60673
94 1.3904 2.54298
94.4 1.35872 2.48063
94.8 1.3192 2.42032
95.2 1.27385 2.36231
95.6 1.22501 2.30649
96 1.1752 2.25245
96.4 1.1269 2.19947
96.8 1.08238 2.14669
97.2 1.04358 2.0932
97.6 1.01198 2.03815
98 0.988498 1.98093
98.4 0.97348 1.92121
98.8 0.966708 1.85906
99.2 0.967449 1.79503
99.6 0.974544 1.73008
100 0.986517 1.66561
100.4 1.0017 1.60335
100.8 1.01839 1.54524
101.2 1.03492 1.49329
101.6 1.04982 1.44946
102 1.06188 1.41544
102.4 1.07021 1.39253
102.8 1.07425 1.38153
103.2 1.07379 1.38262
103.6 1.06893 1.39535
104 1.06002 1.41861
104.4 1.04757 1.45068
104.8 1.03223 1.48934
105.2 1.01465 1.53198
105.6 0.995413 1.57577
106 0.975021 1.61784
106.4 0.953805 1.65541
106.8 0.931927 1.68604
107.2 0.909379 1.70771
107.6 0.886009 1.71895
108 0.861559 1.71896
108.4 0.835729 1.7076
108.8 0.808236 1.68543
109.2 0.77888 1.65364
109.6 0.747605 1.61397
110 0.714542 1.56862
110.4 0.680035 1.5201
110.8 0.644647 1.4711
111.2 0.609143 1.42434
111.6 0.574442 1.38245
112 0.541557 1.34785
112.4 0.511515 1.32264
112.8 0.48527 1.30852
113.2 0.463617 1.30678
113.6 0.44711 1.31827
114 0.436001 1.34339
114.4 0.430198 1.38212
114.8 0.429254 1.43407
115.2 0.432387 1.49854
115.6 0.438526 1.57454
116 0.446394 1.66086
116.4 0.454601 1.75612
116.8 0.46176 1.8588
117.2 0.466602 1.96726
117.6 0.468088 2.07978
118 0.465503 2.19456
118.4 0.458523 2.30975
118.8 0.447255 2.42345
119.2 0.432235 2.53373
119.6 0.414395 2.63869
120 0.394987 2.73644
120.4 0.375487 2.82518
120.8 0.357472 2.90325
121.2 0.342488 2.96918
121.6 0.331914 3.02172
122 0.326846 3.05994
122.4 0.327993 3.0832
122.8 0.335608 3.09124
123.2 0.349458 3.08412
123.6 0.368823 3.06223
124 0.392548 3.02627
124.4 0.419117 2.97713
124.8 0.446761 2.91589
125.2 0.473592 2.84368
125.6 0.497739 2.76166
126 0.517487 2.67093
126.4 0.531403 2.5725
126.8 0.538446 2.46726
127.2 0.538043 2.35604
127.6 0.530132 2.23958
128 0.515168 2.11868
128.4 0.494091 1.99424
128.8 0.468259 1.86735
129.2 0.43935 1.73943
129.6 0.40924 1.61226
130 0.379869 1.48803
130.4 0.353095 1.36934
130.8 0.330566 1.25913
131.2 0.31359 1.16059
131.6 0.303041 1.07696
132 0.299291 1.01136
132.4 0.302173 0.966525
132.8 0.310988 0.944561
133.2 0.324551 0.946731
133.6 0.341264 0.973245
134 0.359228 1.02313
134.4 0.376379 1.09418
134.8 0.390631 1.18298
135.2 0.400029 1.28506
135.6 0.402895 1.39513
136 0.397958 1.50736
136.4 0.38445 1.61582
136.8 0.362181 1.71485
137.2 0.331561 1.7995
137.6 0.293594 1.86591
138 0.24982 1.91166
138.4 0.202226 1.93597
138.8 0.153132 1.93981
139.2 0.105048 1.92589
139.6 0.0605276 1.89852
140 0.0220257 1.86328
140.4 -0.00823676 1.82664
140.8 -0.0283793 1.79551
141.2 -0.0369408 1.77668
141.6 -0.032923 1.7763
142 -0.015799 1.79944
142.4 0.0145126 1.84961
142.8 0.0576994 1.92852
143.2 0.113128 2.03585
143.6 0.179927 2.16929
144 0.257066 2.32461
144.4 0.343431 2.49595
144.8 0.43788 2.67617
145.2 0.539271 2.85733
145.6 0.646473 3.03116
146 0.758349 3.18964
146.4 0.873722 3.32541
146.8 0.991325 3.43224
147.2 1.10976 3.50536
147.6 1.22744 3.54167
148 1.34258 3.53985
148.4 1.4532 3.50034
148.8 1.55714 3.42521
149.2 1.6521 3.31794
149.6 1.73579 3.18313
150 1.80599 3.02617
150.4 1.86067 2.85289
150.8 1.89816 2.66921
151.2 1.91725 2.48086
151.6 1.91726 2.29311
152 1.89816 2.11058
152.4 1.86054 1.93712
152.8 1.80565 1.77573
153.2 1.73526 1.62861
153.6 1.65165 1.49713
154 1.5574 1.38197
154.4 1.45526 1.28318
154.8 1.34802 1.20032
155.2 1.23831 1.13253
155.6 1.1285 1.07862
156 1.02056 1.03718
156.4 0.916035 1.00659
156.8 0.816012 0.985119
157.2 0.721122 0.970889
157.6 0.631611 0.96195
158 0.547421 0.956285
158.4 0.468294 0.951839
158.8 0.393879 0.946568
159.2 0.323833 0.938481
159.6 0.257908 0.925704
160 0.196004 0.906556
160.4 0.1382 0.879616
160.8 0.084747 0.843803
161.2 0.0360311 0.798441
161.6 -0.00748324 0.743308
162 -0.0453304 0.678671
162.4 -0.0771236 0.605294
162.8 -0.102631 0.524412
163.2 -0.121838 0.437694
163.6 -0.134983 0.347158
164 -0.142572 0.255086
164.4 -0.145359 0.163906
164.8 -0.144301 0.0760717
165.2 -0.14049 -0.00606131
165.6 -0.135068 -0.0803522
166 -0.129139 -0.144981
166.4 -0.123677 -0.198534
166.8 -0.119456 -0.240064
167.2 -0.116994 -0.269124
167.6 -0.116524 -0.28577
168 -0.117991 -0.290539
168.4 -0.121082 -0.284395
168.8 -0.125274 -0.26866
169.2 -0.129908 -0.244918
169.6 -0.134261 -0.214923
170 -0.137634 -0.180487
170.4 -0.139419 -0.143385
170.8 -0.139161 -0.105259
171.2 -0.136594 -0.0675444
171.6 -0.131652 -0.031408
172 -0.124461 0.00228473
172.4 -0.115295 0.0329843
172.8 -0.104533 0.0604479
173.2 -0.0925864 0.0847086
173.6 -0.0798348 0.106029
174 -0.0665626 0.12484
174.4 -0.0529095 0.141676
174.8 -0.0388396 0.157104
175.2 -0.024135 0.171656
175.6 -0.00841453 0.185779
176 0.00882368 0.199782
176.4 0.0281387 0.213814
176.8 0.050069 0.227848
177.2 0.0750484 0.241686
177.6 0.103324 0.254982
178 0.134885 0.267271
178.4 0.169411 0.278013
178.8 0.206248 0.286647
179.2 0.244409 0.292637
179.6 0.282614 0.29553
180 0.319354 0.294994
180.4 0.352984 0.290869
180.8 0.381837 0.283191
181.2 0.404346 0.272216
181.6 0.419167 0.258437
182 0.425299 0.242582
182.4 0.422177 0.22561
182.8 0.409744 0.208693
183.2 0.388486 0.193189
183.6 0.359428 0.180605
184 0.324097 0.17255
184.4 0.284439 0.170675
184.8 0.242715 0.176605
185.2 0.20136 0.191856
185.6 0.162837 0.217752
186 0.129478 0.255324
186.4 0.103339 0.305223
186.8 0.086061 0.367627
187.2 0.0787676 0.442164
187.6 0.081988 0.52786
188 0.0956227 0.623105
188.4 0.118948 0.725672
188.8 0.150664 0.832757
189.2 0.188972 0.941082
189.6 0.231695 1.04703
190 0.276414 1.14683
190.4 0.320616 1.23675
190.8 0.361855 1.31337
191.2 0.397897 1.37375
191.6 0.426862 1.41572
192 0.447324 1.438
192.4 0.458401 1.4404
192.8 0.459796 1.42382
193.2 0.451804 1.3903
193.6 0.435289 1.3429
194 0.411621 1.28551
194.4 0.382587 1.22265
194.8 0.350278 1.1591
195.2 0.31696 1.09964
195.6 0.284945 1.04862
196 0.256451 1.00969
196.4 0.23348 0.985487
196.8 0.217708 0.977437
197.2 0.210398 0.985628
197.6 0.212335 1.00881
198 0.223792 1.0445
198.4 0.244525 1.08918
198.8 0.273798 1.13863
199.2 0.31043 1.18825
199.6 0.352869 1.23352
200 0.399285 1.2704
200.4 0.447676 1.29568
200.8 0.495976 1.30733
201.2 0.542172 1.3047
201.6 0.584412 1.28863
202 0.6211 1.26141
202.4 0.650976 1.22663
202.8 0.673179 1.18888
203.2 0.687278 1.15339
203.6 0.693281 1.1256
204 0.691621 1.11063
204.4 0.683108 1.11291
204.8 0.668869 1.13567
205.2 0.650259 1.18069
205.6 0.628765 1.24804
206 0.605904 1.33606
206.4 0.583119 1.44137
206.8 0.561685 1.55911
207.2 0.542625 1.68325
207.6 0.526653 1.80707
208 0.514135 1.92356
208.4 0.505082 2.026
208.8 0.499168 2.10844
209.2 0.495775 2.1661
209.6 0.494061 2.19574
210 0.493049 2.1959
210.4 0.491713 2.16693
210.8 0.489086 2.11099
211.2 0.484343 2.03187
211.6 0.476883 1.93464
212 0.466387 1.82531
212.4 0.452846 1.71034
212.8 0.436569 1.59622
213.2 0.418158 1.48896
213.6 0.398452 1.39371
214 0.378462 1.31444
214.4 0.359274 1.25369
214.8 0.341956 1.21249
215.2 0.327463 1.19033
215.6 0.316544 1.18528
216 0.309675 1.19423
216.4 0.30701 1.21317
216.8 0.308355 1.23752
217.2 0.313179 1.26253
217.6 0.320644 1.2836
218 0.329666 1.29666
218.4 0.338992 1.2984
218.8 0.34729 1.28648
219.2 0.353244 1.25968
219.6 0.355647 1.21789
220 0.353487 1.1621
220.4 0.346008 1.0942
220.8 0.332757 1.0169
221.2 0.313609 0.933389
221.6 0.288763 0.847146
222 0.258718 0.761661
222.4 0.22423 0.6802
222.8 0.186257 0.60559
223.2 0.145891 0.540064
223.6 0.104287 0.485144
224 0.0625992 0.4416
224.4 0.0219206 0.409446
224.8 -0.0167699 0.388008
225.2 -0.052642 0.376022
225.6 -0.0850387 0.371768
226 -0.113487 0.373228
226.4 -0.137696 0.378247
226.8 -0.157547 0.384691
227.2 -0.173078 0.390588
227.6 -0.184459 0.394244
228 -0.191971 0.394327
228.4 -0.195984 0.38992
228.8 -0.196931 0.38054
229.2 -0.195294 0.366118
229.6 -0.191582 0.346959
230 -0.186315 0.32368
230.4 -0.180009 0.297129
230.8 -0.173163 0.268305
231.2 -0.166236 0.238272
231.6 -0.15964 0.208079
232 -0.153717 0.178704
232.4 -0.148727 0.150993
232.8 -0.144832 0.125636
233.2 -0.14209 0.103145
233.6 -0.140448 0.0838515
234 -0.139746 0.0679228
234.4 -0.139722 0.0553784
234.8 -0.140033 0.0461182
235.2 -0.140277 0.0399511
235.6 -0.140019 0.0366234
236 -0.13883 0.0358434
236.4 -0.136316 0.0373015
236.8 -0.132153 0.0406845
237.2 -0.126118 0.0456845
237.6 -0.118105 0.0520021
238 -0.108147 0.0593473
238.4 -0.0964093 0.0674368
238.8 -0.0831897 0.0759918
239.2 -0.0688959 0.0847362
239.6 -0.0540207 0.0933962
240 -0.0391082 0.101703
240.4 -0.0247163 0.109398
240.8 -0.0113787 0.116237
241.2 0.00043098 0.122005
241.6 0.0103305 0.126516
242 0.0180525 0.12963
242.4 0.0234586 0.131253
242.8 0.0265448 0.131345
243.2 0.027436 0.129919
243.6 0.0263716 0.127044
244 0.0236849 0.122834
244.4 0.0197754 0.117447
244.8 0.0150794 0.111074
245.2 0.0100396 0.103928
245.6 0.00507646 0.0962388
246 0.000563475 0.0882416
246.4 -0.00319236 0.0801685
246.8 -0.0059638 0.0722431
247.2 -0.00761002 0.0646745
247.6 -0.00807676 0.057654
248 -0.00739069 0.0513512
248.4 -0.00564898 0.0459118
248.8 -0.00300539 0.0414551
249.2 0.000345875 0.0380713
249.6 0.00418704 0.0358192
250 0.00829322 0.0347229
250.4 0.0124474 0.03477
250.8 0.016453 0.035909
251.2 0.0201441 0.0380492
251.6 0.023392 0.0410609
252 0.026109 0.0447791
252.4 0.0282492 0.0490078
252.8 0.0298069 0.0535286
253.2 0.0308126 0.0581095
253.6 0.031327 0.0625166
254 0.0314347 0.0665264
254.4 0.0312364 0.0699372
254.8 0.0308414 0.0725808
255.2 0.0303605 0.0743313
255.6 0.0298988 0.0751112
256 0.029551 0.0748949
256.4 0.0293965 0.0737075
256.8 0.0294968 0.0716212
257.2 0.0298944 0.0687478
257.6 0.0306128 0.065229
258 0.0316583 0.0612253
258.4 0.0330224 0.0569043
258.8 0.0346853 0.0524299
259.2 0.0366196 0.047952
259.6 0.0387942 0.0435999
260 0.0411773 0.039477
260.4 0.0437392 0.0356591
260.8 0.0464536 0.0321953
261.2 0.0492977 0.029111
261.6 0.0522517 0.0264124
262 0.0552965 0.0240923
262.4 0.0584111 0.0221355
262.8 0.0615697 0.0205234
263.2 0.0647386 0.0192382
263.6 0.0678737 0.0182647
264 0.0709189 0.0175906
264.4 0.0738059 0.0172056
264.8 0.0764554 0.0170988
265.2 0.07878 0.0172559
265.6 0.0806878 0.0176561
266 0.0820883 0.0182694
266.4 0.0828976 0.0190553
266.8 0.0830448 0.0199623
267.2 0.0824775 0.0209294
267.6 0.0811663 0.021889
268 0.079108 0.022771
268.4 0.0763268 0.0235076
268.8 0.0728742 0.0240383
269.2 0.0688258 0.0243148
269.6 0.0642774 0.0243051
270 0.0593391 0.0239958
270.4 0.0541292 0.0233932
270.8 0.048767 0.0225222
271.2 0.0433662 0.0214241
271.6 0.0380295 0.0201526
272 0.0328444 0.0187691
272.4 0.0278799 0.0173371
272.8 0.0231864 0.0159175
273.2 0.0187958 0.0145644
273.6 0.0147244 0.0133214
274 0.0109763 0.0122204
274.4 0.00754747 0.0112811
274.8 0.00443058 0.0105125
275.2 0.00161885 0.0099153
275.6 -0.000890482 0.00948555
276 -0.00309396 0.00921829
276.4 -0.00498107 0.00911125
276.8 -0.00653484 0.0091678
277.2 -0.00773374 0.00939886
277.6 -0.00855465 0.00982352
278 -0.00897659 0.0104681
278.4 -0.00898469 0.0113637
278.8 -0.00857392 0.012543
279.2 -0.00775223 0.0140354
279.6 -0.0065426 0.0158629
280 -0.00498382 0.0180347
280.4 -0.0031297 0.0205438
280.8 -0.00104696 0.0233636
281.2 0.00118833 0.0264464
281.6 0.00349522 0.0297233
282 0.00579305 0.0331061
282.4 0.00800682 0.0364903
282.8 0.0100722 0.0397595
283.2 0.0119397 0.0427915
283.6 0.013578 0.0454637
284 0.0149754 0.0476601
284.4 0.01614 0.0492772
284.8 0.0170978 0.0502292
285.2 0.0178899 0.0504528
285.6 0.0185678 0.0499101
286 0.0191882 0.0485909
286.4 0.0198069 0.0465132
286.8 0.0204734 0.0437223
287.2 0.0212253 0.0402892
287.6 0.0220842 0.0363071
288 0.0230524 0.0318886
288.4 0.0241116 0.0271602
288.8 0.0252234 0.0222583
289.2 0.0263311 0.0173242
289.6 0.0273635 0.0124983
290 0.0282395 0.00791623
290.4 0.0288743 0.00370319
290.8 0.0291855 -2.96787e-05
291.2 0.0290994 -0.00318935
291.6 0.0285571 -0.00570397
292 0.027519 -0.00752522
292.4 0.0259689 -0.00862991
292.8 0.0239159 -0.00902047
293.2 0.0213949 -0.00872463
293.6 0.0184651 -0.00779394
294 0.0152076 -0.00630143
294.4 0.0117209 -0.00433828
294.8 0.00811578 -0.0020098
295.2 0.00450947 0.000569202
295.6 0.00101946 0.0032794
296 -0.00224234 0.006002
296.4 -0.00517492 0.00862362
296.8 -0.00769266 0.0110408
297.2 -0.0097286 0.013164
297.6 -0.0112365 0.0149201
298 -0.0121914 0.0162555
298.4 -0.0125894 0.0171361
298.8 -0.0124459 0.0175484
299.2 -0.0117929 0.0174985
299.6 -0.0106761 0.0170102
300 -0.00915155 0.0161235
300.4 -0.00728185 0.0148918
300.8 -0.00513312 0.0133787
301.2 -0.00277204 0.0116551
301.6 -0.000263506 0.00979644
302 0.00233105 0.00787903
302.4 0.00495475 0.00597755
302.8 0.00755573 0.00416209
303.2 0.0100872 0.0024957
303.6 0.0125072 0.00103209
304 0.0147778 -0.000186362
304.4 0.016865 -0.00113022
304.8 0.018738 -0.00178413
305.2 0.0203687 -0.00214748
305.6 0.0217323 -0.00223438
306 0.0228071 -0.00207303
306.4 0.0235751 -0.00170421
306.8 0.0240224 -0.00117915
307.2 0.0241407 -0.000556542
307.6 0.0239271 0.000100937
308 0.0233856 0.000730597
308.4 0.0225267 0.00127387
308.8 0.0213683 0.00168035
309.2 0.0199351 0.00191142
309.6 0.0182581 0.00194322
310 0.0163738 0.00176853
310.4 0.0143228 0.0013976
310.8 0.0121491 0.000857558
311.2 0.00989765 0.000190644
311.6 0.00761364 -0.000548874
312 0.00534055 -0.00129868
312.4 0.003119 -0.0019931
312.8 0.000985609 -0.00256804
313.2 -0.00102787 -0.00296583
313.6 -0.00289507 -0.00313956
314 -0.00459525 -0.00305642
314.4 -0.00611331 -0.00270002
314.8 -0.00743943 -0.00207128
315.2 -0.00856866 -0.00118798
315.6 -0.00950024 -8.29983e-05
316 -0.0102369 0.00119847
316.4 -0.0107842 0.00260255
316.8 -0.0111498 0.00407071
317.2 -0.0113427 0.00554385
317.6 -0.0113729 0.00696604
318 -0.0112513 0.00828765
318.4 -0.010989 0.00946763
318.8 -0.0105975 0.0104748
319.2 -0.0100889 0.0112883
319.6 -0.00947571 0.0118967
320 -0.00877158 0.0122972
320.4 -0.0079911 0.0124938
320.8 -0.00715023 0.0124953
321.2 -0.00626635 0.0123141
321.6 -0.00535824 0.011964
322 -0.00444595 0.0114603
322.4 -0.00355035 0.0108187
322.8 -0.00269264 0.0100559
323.2 -0.00189358 0.00919004
323.6 -0.00117261 0.00824165
324 -0.000546892 0.00723447
324.4 -3.03069e-05 0.00619613
324.8 0.000367432 0.0051583
325.2 0.000641556 0.00415636
325.6 0.00079276 0.00322833
326 0.000827419 0.00241314
326.4 0.000757438 0.0017483
326.8 0.00059972 0.00126728
327.2 0.000375254 0.000996629
327.6 0.000107874 0.000953353
328 -0.00017725 0.00114264
328.4 -0.000455266 0.00155637
328.8 -0.000703338 0.00217251
329.2 -0.00090222 0.00295552
329.6 -0.0010376 0.0038579
330 -0.00110109 0.00482268
330.4 -0.00109075 0.00578673
330.8 -0.00101108 0.00668467
331.2 -0.000872559 0.00745299
331.6 -0.000690593 0.00803421
332 -0.000484127 0.00838048
332.4 -0.000273912 0.00845665
332.8 -8.06311e-05 0.00824236
333.2 7.69707e-05 0.00773306
333.6 0.000183788 0.00694003
334 0.000229739 0.00588924
334.4 0.000210708 0.00461941
334.8 0.000128961 0.00317924
335.2 -6.99921e-06 0.00162427
335.6 -0.000183131 1.34594e-05
336 -0.000381046 -0.00159412
336.4 -0.000579594 -0.00314236
336.8 -0.000756698 -0.00458065
337.2 -0.000891298 -0.00586594
337.6 -0.000965233 -0.00696399
338 -0.000964904 -0.00785014
338.4 -0.000882597 -0.00850932
338.8 -0.000717351 -0.00893569
339.2 -0.000475311 -0.00913185
339.6 -0.000169542 -0.00910778
340 0.000180669 -0.00887975
340.4 0.000550983 -0.00846906
340.8 0.000913539 -0.007901
341.2 0.00123876 -0.0072038
341.6 0.00149726 -0.00640772
342 0.0016618 -0.00554425
342.4 0.00170909 -0.00464534
342.8 0.00162134 -0.00374267
343.2 0.00138755 -0.00286691
343.6 0.00100434 -0.00204691
344 0.000476363 -0.00130884
344.4 -0.000183733 -0.000675332
344.8 -0.00095578 -0.000164552
345.2 -0.00181301 0.000210596
345.6 -0.00272331 0.00044318
346 -0.0036508 0.000532715
346.4 -0.00455765 0.000485361
346.8 -0.0054059 0.00031378
347.2 -0.00615951 3.66125e-05
347.6 -0.00678611 -0.000322427
348 -0.00725875 -0.000735807
348.4 -0.00755732 -0.00117373
348.8 -0.00766958 -0.00160586
349.2 -0.00759184 -0.0020032
349.6 -0.00732917 -0.00233984
350 -0.00689509 -0.00259455
350.4 -0.00631087 -0.00275219
350.8 -0.00560428 -0.00280453
351.2 -0.00480812 -0.00275078
351.6 -0.00395829 -0.00259749
352 -0.00309185 -0.00235802
352.4 -0.00224491 -0.00205154
352.8 -0.00145072 -0.00170157
353.2 -0.000737836 -0.00133436
353.6 -0.000128719 -0.000977022
354 0.000361288 -0.000655683
354.4 0.000724505 -0.00039374
354.8 0.00096093 -0.000210368
355.2 0.00107776 -0.000119349
355.6 0.00108842 -0.000128321
356 0.00101126 -0.000238475
356.4 0.000867883 -0.000444702
356.8 0.000681415 -0.000736164
357.2 0.000474661 -0.00109723
357.6 0.000268428 -0.00150871
358 8.00605e-05 -0.00194924
358.4 -7.76889e-05 -0.00239675
358.8 -0.000197375 -0.00282996
359.2 -0.000277128 -0.00322966
359.6 -0.000320463 -0.00357984
360 -0.000335666 -0.00386853
360.4 -0.00033481 -0.00408832
360.8 -0.000332502 -0.00423657
361.2 -0.000344451 -0.00431525
361.6 -0.000385986 -0.00433056
362 -0.000470639 -0.00429221
362.4 -0.000608892 -0.00421256
362.8 -0.000807195 -0.00410564
363.2 -0.00106731 -0.0039861
363.6 -0.00138605 -0.00386816
364 -0.00175536 -0.00376467
364.4 -0.00216283 -0.00368633
364.8 -0.00259249 -0.00364104
365.2 -0.00302589 -0.00363353
365.6 -0.00344333 -0.0036652
366 -0.00382521 -0.00373422
366.4 -0.0041533 -0.00383586
366.8 -0.00441198 -0.00396299
367.2 -0.00458922 -0.00410683
367.6 -0.00467729 -0.00425767
368 -0.00467324 -0.00440579
368.4 -0.00457899 -0.00454225
368.8 -0.00440105 -0.00465967
369.2 -0.00415008 -0.00475284
369.6 -0.00384007 -0.00481915
370 -0.00348737 -0.00485879
370.4 -0.00310961 -0.00487475
370.8 -0.00272462 -0.0048725
371.2 -0.00234933 -0.00485954
371.6 -0.00199885 -0.00484466
372 -0.00168563 -0.00483716
372.4 -0.00141899 -0.00484595
372.8 -0.00120472 -0.00487867
373.2 -0.00104509 -0.00494091
373.6 -0.00093895 -0.00503555
374 -0.000882168 -0.00516233
374.4 -0.000868137 -0.00531764
374.8 -0.000888451 -0.00549463
375.2 -0.000933615 -0.00568355
375.6 -0.000993773 -0.00587231
376 -0.00105939 -0.00604728
376.4 -0.00112183 -0.00619423
376.8 -0.00117386 -0.00629927
377.2 -0.00120996 -0.00634982
377.6 -0.00122654 -0.00633553
378 -0.00122198 -0.00624896
378.4 -0.00119656 -0.00608611
378.8 -0.00115229 -0.00584667
379.2 -0.00109261 -0.00553406
379.6 -0.00102209 -0.00515518
380 -0.00094609 -0.00471993
380.4 -0.000870355 -0.0042406
380.8 -0.000800717 -0.00373104
381.2 -0.000742759 -0.00320585
381.6 -0.000701558 -0.0026795
382 -0.000681468 -0.00216551
382.4 -0.000685965 -0.00167576
382.8 -0.000717546 -0.00121988
383.2 -0.000777678 -0.0008049
383.6 -0.000866798 -0.000434955
384 -0.000984345 -0.000111303
384.4 -0.00112883 0.000167565
384.8 -0.00129792 0.000405628
385.2 -0.00148853 0.000608909
385.6 -0.00169695 0.000784957
386 -0.0019189 0.000942257
386.4 -0.00214966 0.00108961
386.8 -0.00238414 0.00123551
387.2 -0.00261694 0.00138759
387.6 -0.0028424 0.00155205
388 -0.00305471 0.00173331
388.4 -0.00324793 0.00193362
388.8 -0.00341608 0.00215293
389.2 -0.00355329 0.00238883
389.6 -0.00365387 0.00263664
390 -0.00371254 0.00288968
390.4 -0.00372462 0.0031396
390.8 -0.00368627 0.00337689
391.2 -0.00359476 0.00359142
391.6 -0.00344871 0.00377304
392 -0.00324838 0.00391217
392.4 -0.0029958 0.00400046
392.8 -0.00269495 0.00403119
393.2 -0.00235178 0.00399976
393.6 -0.00197412 0.00390394
394 -0.00157148 0.00374398
394.4 -0.00115473 0.00352259
394.8 -0.000735624 0.00324478
395.2 -0.000326285 0.00291753
395.6 6.1446e-05 0.00254934
396 0.000416638 0.0021498
396.4 0.000729907 0.00172899
396.8 0.000993983 0.00129703
397.2 0.00120417 0.000863533
397.6 0.00135866 0.000437249
398 0.00145866 2.57323e-05
398.4 0.00150836 -0.00036485
398.8 0.00151463 -0.000729813
399.2 0.00148663 -0.00106594
399.6 0.00143518 -0.00137138
400 0.00137207 -0.0016455
