0.8 70.6747 71.7569 73.3921
1.6 112.083 113.242 114.745
2.4 183.221 184.445 185.769
3.2 286.152 287.362 288.518
4 421.886 422.938 424.01
4.8 589.216 589.945 591.079
5.6 784.021 784.284 785.675
6.4 999.229 998.962 1000.81
7.2 1225.5 1224.75 1227.2
8 1452.42 1451.38 1454.48
8.8 1669.98 1668.92 1672.6
9.6 1869.87 1869.11 1873.15
10.4 2046.42 2046.24 2050.33
11.2 2196.92 2197.52 2201.29
12 2321.46 2322.86 2326
12.8 2422.23 2424.3 2426.59
13.6 2502.71 2505.19 2506.57
14.4 2566.8 2569.37 2569.92
15.2 2618.16 2620.53 2620.46
16 2659.83 2661.78 2661.36
16.8 2694.04 2695.49 2694.98
17.6 2722.27 2723.26 2722.9
18.4 2745.42 2746.07 2746
19.2 2763.94 2764.4 2764.72
20 2778 2778.38 2779.15
20.8 2787.63 2787.94 2789.23
21.6 2792.74 2792.89 2794.8
22.4 2793.28 2793.07 2795.75
23.2 2789.24 2788.4 2792.07
24 2780.77 2779.01 2783.9
24.8 2768.19 2765.3 2771.62
25.6 2752.08 2747.92 2755.79
26.4 2733.21 2727.75 2737.21
27.2 2712.5 2705.87 2716.81
28 2690.97 2683.4 2695.59
28.8 2669.61 2661.45 2674.51
29.6 2649.34 2641 2654.47
30.4 2630.92 2622.82 2636.2
31.2 2614.93 2607.46 2620.26
32 2601.74 2595.21 2607.02
32.8 2591.54 2586.14 2596.64
33.6 2584.37 2580.15 2589.16
34.4 2580.11 2577 2584.49
35.2 2578.61 2576.4 2582.49
36 2579.65 2578.1 2582.97
36.8 2583.03 2581.85 2585.77
37.6 2588.58 2587.52 2590.75
38.4 2596.16 2595.05 2597.83
39.2 2605.68 2604.42 2606.95
40 2617.05 2615.67 2618.08
40.8 2630.23 2628.8 2631.18
41.6 2645.11 2643.8 2646.19
42.4 2661.57 2660.57 2663
43.2 2679.47 2678.97 2681.44
44 2698.61 2698.78 2701.3
44.8 2718.77 2719.75 2722.3
45.6 2739.74 2741.61 2744.14
46.4 2761.31 2764.09 2766.51
47.2 2783.29 2786.94 2789.14
48 2805.56 2810.01 2811.8
48.8 2828.04 2833.17 2834.36
49.6 2850.73 2856.4 2856.82
50.4 2873.66 2879.75 2879.26
51.2 2896.92 2903.32 2901.89
52 2920.61 2927.22 2924.95
52.8 2944.83 2951.56 2948.69
53.6 2969.61 2976.41 2973.3
54.4 2994.98 3001.8 2998.86
55.2 3020.89 3027.69 3025.36
56 3047.31 3054.04 3052.7
56.8 3074.2 3080.81 3080.7
57.6 3101.56 3107.99 3109.23
58.4 3129.44 3135.63 3138.19
59.2 3157.96 3163.8 3167.56
60 3187.26 3192.65 3197.42
60.8 3217.49 3222.33 3227.9
61.6 3248.8 3252.96 3259.15
62.4 3281.26 3284.67 3291.31
63.2 3314.89 3317.51 3324.44
64 3349.63 3351.5 3358.55
64.8 3385.35 3386.6 3393.59
65.6 3421.89 3422.71 3429.42
66.4 3459.03 3459.68 3465.89
67.2 3496.56 3497.33 3502.82
68 3534.19 3535.37 3539.97
68.8 3571.65 3573.47 3577.07
69.6 3608.58 3611.19 3613.74
70.4 3644.56 3648.01 3649.54
71.2 3679.07 3683.3 3683.85
72 3711.49 3716.31 3715.99
72.8 3741.1 3746.25 3745.12
73.6 3767.05 3772.21 3770.37
74.4 3788.45 3793.29 3790.82
75.2 3804.34 3808.55 3805.55
76 3813.75 3817.1 3813.66
76.8 3815.74 3818.06 3814.29
77.6 3809.36 3810.58 3806.58
78.4 3793.66 3793.76 3789.63
79.2 3767.65 3766.64 3762.47
80 3730.26 3728.12 3724.02
80.8 3680.34 3677 3673.09
81.6 3616.72 3612.04 3608.49
82.4 3538.38 3532.16 3529.19
83.2 3444.65 3436.68 3434.53
84 3335.51 3325.61 3324.55
84.8 3211.78 3199.92 3200.15
85.6 3075.35 3061.7 3063.3
86.4 2929.12 2914.09 2917
87.2 2776.89 2761.08 2765.05
88 2622.91 2607.09 2611.71
88.8 2471.48 2456.45 2461.22
89.6 2326.37 2312.87 2317.26
90.4 2190.44 2179.03 2182.6
91.2 2065.38 2056.34 2058.82
92 1951.67 1945.02 1946.33
92.8 1848.81 1844.3 1844.57
93.6 1755.63 1752.85 1752.37
94.4 1670.8 1669.23 1668.38
95.2 1593.13 1592.28 1591.43
96 1521.89 1521.35 1520.79
96.8 1456.87 1456.38 1456.25
97.6 1398.33 1397.74 1398.06
98.4 1346.74 1346.03 1346.68
99.2 1302.54 1301.77 1302.56
100 1265.89 1265.15 1265.84
100.8 1236.51 1235.87 1236.27
101.6 1213.62 1213.13 1213.07
102.4 1196.05 1195.7 1195.09
103.2 1182.41 1182.17 1180.95
104 1171.37 1171.17 1169.31
104.8 1161.87 1161.65 1159.15
105.6 1153.34 1153.07 1149.93
106.4 1145.77 1145.44 1141.7
107.2 1139.66 1139.31 1135.01
108 1135.84 1135.56 1130.78
108.8 1135.19 1135.11 1129.94
109.6 1138.34 1138.61 1133.12
110.4 1145.41 1146.14 1140.39
111.2 1155.78 1157.08 1151.08
112 1168.15 1170.07 1163.8
112.8 1180.64 1183.16 1176.58
113.6 1191.09 1194.15 1187.24
114.4 1197.45 1200.92 1193.73
115.2 1198.13 1201.84 1194.48
116 1192.29 1196.02 1188.72
116.8 1179.96 1183.52 1176.54
117.6 1162.03 1165.24 1158.86
118.4 1140.03 1142.75 1137.21
119.2 1115.85 1117.99 1113.44
120 1091.38 1092.91 1089.39
120.8 1068.22 1069.19 1066.61
121.6 1047.48 1047.99 1046.19
122.4 1029.73 1029.88 1028.66
123.2 1015.01 1014.95 1014.1
124 1003.06 1002.9 1002.25
124.8 993.449 993.296 992.7
125.6 985.76 985.687 985.065
126.4 979.706 979.758 979.052
127.2 975.139 975.338 974.506
128 972.006 972.348 971.356
128.8 970.268 970.731 969.55
129.6 969.842 970.385 968.996
130.4 970.584 971.147 969.554
131.2 972.321 972.831 971.066
132 974.91 975.287 973.419
132.8 978.285 978.447 976.583
133.6 982.45 982.321 980.596
134.4 987.424 986.933 985.508
135.2 993.177 992.251 991.301
136 999.621 998.176 997.882
136.8 1006.73 1004.67 1005.21
137.6 1014.83 1012.05 1013.58
138.4 1025.01 1021.43 1024.08
139.2 1039.56 1035.16 1039
140 1062.2 1057.06 1062.15
140.8 1098.05 1092.4 1098.69
141.6 1153.08 1147.28 1154.67
142.4 1233.15 1227.66 1235.98
143.2 1342.75 1338.07 1347.06
144 1483.81 1480.35 1489.71
144.8 1654.7 1652.7 1662.11
145.6 1849.96 1849.39 1858.53
146.4 2060.64 2061.19 2069.78
147.2 2275.38 2276.51 2284.33
148 2481.88 2482.91 2489.82
148.8 2668.58 2668.79 2674.73
149.6 2825.98 2824.77 2829.71
150.4 2947.57 2944.53 2948.46
151.2 3030.06 3025.04 3027.9
152 3073.08 3066.19 3067.84
152.8 3078.47 3070.03 3070.26
153.6 3049.35 3039.87 3038.36
154.4 2989.31 2979.41 2975.83
155.2 2901.8 2892.14 2886.2
156 2789.78 2781.01 2772.54
156.8 2655.7 2648.41 2637.45
157.6 2501.66 2496.32 2483.14
158.4 2329.72 2326.61 2311.7
159.2 2142.23 2141.39 2125.44
160 1942.15 1943.39 1927.16
160.8 1733.27 1736.19 1720.41
161.6 1520.29 1524.3 1509.55
162.4 1308.65 1313.14 1299.78
163.2 1104.28 1108.69 1096.82
164 913.019 916.96 906.473
164.8 740.098 743.413 734.057
165.6 589.504 592.273 583.762
166.4 463.557 466.047 458.153
167.2 362.712 365.281 357.89
168 285.651 288.645 281.761
168.8 229.667 233.323 227.025
169.6 191.225 195.614 189.982
170.4 166.585 171.604 166.648
171.2 152.348 157.745 153.376
172 145.82 151.254 147.291
172.8 145.153 150.26 146.49
173.6 149.284 153.736 149.997
174.4 157.746 161.281 157.537
175.2 170.424 172.855 169.232
176 187.344 188.55 185.314
176.8 208.545 208.444 205.926
177.6 234.029 232.559 231.051
178.4 263.787 260.905 260.562
179.2 297.868 293.569 294.344
180 336.451 330.822 332.455
180.8 379.915 373.19 375.256
181.6 428.866 421.491 423.484
182.4 484.138 476.798 478.228
183.2 546.744 540.345 540.821
184 617.777 613.366 612.659
184.8 698.269 696.891 694.961
185.6 789.007 791.53 788.539
186.4 890.343 897.286 893.595
187.2 1002.04 1013.44 1009.6
188 1123.17 1138.56 1135.26
188.8 1252.12 1270.57 1268.6
189.6 1386.73 1406.97 1407.12
190.4 1524.42 1545.09 1548.03
191.2 1662.49 1682.33 1688.45
192 1798.32 1816.33 1825.6
192.8 1929.51 1945.02 1956.98
193.6 2053.99 2066.7 2080.43
194.4 2169.97 2179.83 2194.09
195.2 2275.87 2283 2296.39
196 2370.18 2374.73 2385.93
196.8 2451.31 2453.44 2461.4
197.6 2517.54 2517.41 2521.47
198.4 2567.02 2564.79 2564.79
199.2 2597.86 2593.76 2589.95
200 2608.32 2602.67 2595.64
200.8 2597.06 2590.3 2580.81
201.6 2563.45 2556.09 2544.97
202.4 2507.94 2500.48 2488.51
203.2 2432.27 2425.18 2413
204 2339.68 2333.34 2321.43
204.8 2234.91 2229.6 2218.26
205.6 2123.96 2119.87 2109.28
206.4 2013.64 2010.95 2001.14
207.2 1910.99 1909.85 1900.79
208 1822.5 1823.05 1814.67
208.8 1753.42 1755.74 1747.98
209.6 1707.16 1711.26 1704.1
210.4 1684.97 1690.72 1684.19
211.2 1685.95 1693.01 1687.21
212 1707.28 1715.16 1710.24
212.8 1744.8 1752.89 1748.97
213.6 1793.65 1801.3 1798.46
214.4 1848.91 1855.55 1853.78
215.2 1906.19 1911.36 1910.57
216 1961.87 1965.33 1965.34
216.8 2013.29 2015.03 2015.58
217.6 2058.62 2058.81 2059.64
218.4 2096.69 2095.63 2096.49
219.2 2126.73 2124.76 2125.43
220 2148.15 2145.56 2145.86
220.8 2160.41 2157.41 2157.19
221.6 2162.99 2159.61 2158.76
222.4 2155.32 2151.5 2149.93
223.2 2136.92 2132.49 2130.16
224 2107.36 2102.15 2099.14
224.8 2066.36 2060.25 2056.73
225.6 2013.75 2006.75 2003.06
226.4 1949.53 1941.82 1938.4
227.2 1873.83 1865.75 1863.11
228 1787.01 1779 1777.63
228.8 1689.65 1682.2 1682.48
229.6 1582.68 1576.21 1578.35
230.4 1467.42 1462.22 1466.17
231.2 1345.6 1341.84 1347.29
232 1219.39 1217.06 1223.53
232.8 1091.27 1090.28 1097.17
233.6 963.967 964.154 970.874
234.4 840.222 841.45 847.498
235.2 722.638 724.803 729.857
236 613.479 616.51 620.451
236.8 514.52 518.345 521.243
237.6 426.937 431.442 433.501
238.4 351.267 356.257 357.745
239.2 287.42 292.616 293.796
240 234.759 239.821 240.896
240.8 192.222 196.804 197.893
241.6 158.471 162.284 163.421
242.4 132.043 134.913 136.068
243.2 111.498 113.389 114.505
244 95.5242 96.5353 97.5504
244.8 83.0121 83.3383 84.212
245.6 73.081 72.9592 73.6777
246.4 65.071 64.7259 65.2996
247.2 58.5095 58.1133 58.5674
248 53.0652 52.7211 53.0848
248.8 48.5033 48.2504 48.5487
249.6 44.6501 44.4832 44.7332
250.4 41.3693 41.2628 41.4745
251.2 38.5507 38.4787 38.6572
252 36.1057 36.0518 36.2007
252.8 33.9657 33.9241 34.0473
253.6 32.0796 32.0509 32.1529
254.4 30.41 30.3951 30.4806
255.2 28.9284 28.925 28.9979
256 27.6103 27.613 27.6759
256.8 26.4327 26.4354 26.4899
257.6 25.374 25.3725 25.4196
258.4 24.4147 24.4087 24.4488
259.2 23.5395 23.5311 23.5653
260 22.7372 22.7295 22.759
260.8 22.0003 21.9954 22.0215
261.6 21.3235 21.3208 21.3448
262.4 20.7017 20.6989 20.7217
263.2 20.1289 20.123 20.1454
264 19.5983 19.5876 19.6098
264.8 19.1032 19.0879 19.1101
265.6 18.6381 18.6201 18.642
266.4 18.199 18.1809 18.2023
267.2 17.7838 17.7676 17.7879
268 17.3911 17.3778 17.3965
268.8 17.0197 17.0089 17.0256
269.6 16.6678 16.6585 16.6731
270.4 16.3329 16.3242 16.3372
271.2 16.0124 16.0042 16.016
272 15.7043 15.697 15.7082
272.8 15.4072 15.4014 15.4123
273.6 15.1204 15.1165 15.1271
274.4 14.8436 14.8413 14.8514
275.2 14.5763 14.5749 14.5842
276 14.3174 14.3158 14.3245
276.8 14.0654 14.0631 14.0713
277.6 13.8188 13.8154 13.8238
278.4 13.5763 13.5721 13.5814
279.2 13.3375 13.3326 13.3433
280 13.1023 13.0967 13.1092
280.8 12.8709 12.8641 12.8784
281.6 12.6432 12.6346 12.6504
282.4 12.419 12.4078 12.425
283.2 12.1976 12.1836 12.2018
284 11.9786 11.9619 11.981
284.8 11.7618 11.7432 11.7632
285.6 11.5477 11.5282 11.5492
286.4 11.3376 11.318 11.3399
287.2 11.1326 11.1139 11.1365
288 10.9344 10.917 10.9402
288.8 10.744 10.7285 10.7519
289.6 10.5626 10.5493 10.5723
290.4 10.3911 10.3804 10.4022
291.2 10.2303 10.2226 10.2421
292 10.0813 10.0764 10.0924
292.8 9.94494 9.94237 9.9538
293.6 9.82159 9.82058 9.82653
294.4 9.71117 9.71068 9.71081
295.2 9.61292 9.61188 9.60655
296 9.52556 9.52308 9.51334
296.8 9.44753 9.443 9.4304
297.6 9.37723 9.37033 9.35663
298.4 9.31318 9.30384 9.29061
299.2 9.25406 9.24235 9.23073
300 9.19856 9.18469 9.17522
300.8 9.14527 9.12964 9.12224
301.6 9.09267 9.07586 9.06999
302.4 9.03913 9.02192 9.0168
303.2 8.98307 8.96634 8.96112
304 8.92306 8.90765 8.90162
304.8 8.85791 8.84445 8.83714
305.6 8.78662 8.77546 8.76667
306.4 8.70833 8.6995 8.68932
307.2 8.6223 8.6156 8.60435
308 8.52796 8.52308 8.51124
308.8 8.42503 8.42163 8.40975
309.6 8.31373 8.31143 8.30004
310.4 8.19481 8.19322 8.18272
311.2 8.06955 8.06819 8.05882
312 7.93962 7.93796 7.92975
312.8 7.80682 7.80432 7.79717
313.6 7.67288 7.66916 7.66286
314.4 7.53934 7.53429 7.5286
315.2 7.40751 7.4014 7.39608
316 7.27857 7.27198 7.26684
316.8 7.15365 7.14733 7.14225
317.6 7.03383 7.02851 7.02343
318.4 6.92016 6.91635 6.91127
319.2 6.81355 6.81145 6.80642
320 6.71473 6.71418 6.70931
320.8 6.62419 6.62478 6.62019
321.6 6.54227 6.54341 6.53922
322.4 6.46911 6.47022 6.46652
323.2 6.40482 6.40537 6.40224
324 6.3494 6.34903 6.34652
324.8 6.3028 6.30128 6.29945
325.6 6.26484 6.26215 6.26105
326.4 6.23529 6.23155 6.23121
327.2 6.21382 6.2093 6.2097
328 6.20018 6.19522 6.19622
328.8 6.19422 6.1892 6.19048
329.6 6.19591 6.19122 6.19228
330.4 6.20539 6.20136 6.2016
331.2 6.22284 6.21982 6.21859
332 6.24849 6.24681 6.24358
332.8 6.2825 6.28261 6.27702
333.6 6.32508 6.32745 6.31945
334.4 6.37643 6.3816 6.37139
335.2 6.4368 6.44527 6.43331
336 6.5065 6.51863 6.50551
336.8 6.58576 6.6017 6.58809
337.6 6.67467 6.69429 6.68084
338.4 6.77299 6.79597 6.78323
339.2 6.88015 6.90597 6.89434
340 6.99517 7.02325 7.01292
340.8 7.11672 7.14646 7.13736
341.6 7.24318 7.27399 7.26579
342.4 7.37266 7.40394 7.39605
343.2 7.50294 7.53413 7.52576
344 7.6315 7.66203 7.65233
344.8 7.75542 7.78474 7.77295
345.6 7.87141 7.89903 7.88462
346.4 7.97586 8.00139 7.98421
347.2 8.06503 8.08814 8.06844
348 8.13514 8.15562 8.13407
348.8 8.18267 8.20035 8.17792
349.6 8.20449 8.21924 8.19708
350.4 8.19806 8.20977 8.18907
351.2 8.1616 8.17019 8.15202
352 8.09424 8.09968 8.0849
352.8 7.99611 7.99847 7.98762
353.6 7.86844 7.86787 7.86119
354.4 7.71348 7.71025 7.70761
355.2 7.53444 7.52886 7.52987
356 7.33523 7.32768 7.3317
356.8 7.12023 7.11114 7.11739
357.6 6.89407 6.88389 6.89152
358.4 6.66133 6.65059 6.65874
359.2 6.42646 6.41572 6.4236
360 6.19359 6.18343 6.19036
360.8 5.96643 5.95744 5.96288
361.6 5.74822 5.74089 5.7445
362.4 5.54162 5.53633 5.53795
363.2 5.34862 5.34561 5.34528
364 5.17058 5.16992 5.1678
364.8 5.00815 5.00981 5.00618
365.6 4.86141 4.86523 4.8604
366.4 4.72986 4.73565 4.72993
367.2 4.61256 4.62009 4.61372
368 4.50812 4.51714 4.51031
368.8 4.41483 4.42507 4.41788
369.6 4.33061 4.34179 4.33434
370.4 4.25319 4.26498 4.25739
371.2 4.18014 4.19221 4.18462
372 4.10905 4.12101 4.11367
372.8 4.03765 4.0491 4.04229
373.6 3.96392 3.97445 3.96853
374.4 3.88619 3.89537 3.89071
375.2 3.80313 3.81059 3.80755
376 3.71377 3.71923 3.71811
376.8 3.61748 3.6208 3.62179
377.6 3.51397 3.51517 3.51831
378.4 3.40331 3.40256 3.40774
379.2 3.28587 3.28352 3.29044
380 3.16239 3.15886 3.16708
380.8 3.03385 3.02961 3.0386
381.6 2.90147 2.89696 2.90618
382.4 2.7666 2.76219 2.77114
383.2 2.63067 2.62665 2.63494
384 2.49509 2.49168 2.49905
384.8 2.36127 2.35861 2.36492
385.6 2.23053 2.22874 2.23394
386.4 2.1041 2.10326 2.10735
387.2 1.98308 1.98325 1.98628
388 1.8684 1.86962 1.87163
388.8 1.76078 1.76304 1.76409
389.6 1.66072 1.66397 1.66414
390.4 1.56849 1.57263 1.57201
391.2 1.48418 1.48908 1.48774
392 1.40772 1.41318 1.41122
392.8 1.33887 1.34467 1.34217
393.6 1.27728 1.2832 1.28022
394.4 1.22251 1.22833 1.22492
395.2 1.17401 1.17953 1.17578
396 1.1312 1.13627 1.13225
396.8 1.09347 1.09797 1.09381
397.6 1.06023 1.06408 1.05994
398.4 1.03096 1.0341 1.03012
399.2 1.00517 1.00757 1.00389
400 0.982427 0.984051 0.980775
