-0.998 -6.6562 -14.6045
-0.996 -7.22674 -15.3954
-0.994 -7.98847 -15.501
-0.992 -8.95242 -14.9066
-0.99 -10.0943 -13.6857
-0.988 -11.351 -11.9868
-0.986 -12.6244 -10.011
-0.984 -13.7933 -7.98253
-0.982 -14.7337 -6.11449
-0.98 -15.3406 -4.57488
-0.978 -15.5452 -3.46035
-0.976 -15.3236 -2.78246
-0.974 -14.6946 -2.4697
-0.972 -13.7122 -2.38487
-0.97 -12.4551 -2.35516
-0.968 -11.0186 -2.21072
-0.966 -9.50632 -1.82625
-0.964 -8.02442 -1.15713
-0.962 -6.67447 -0.259194
-0.96 -5.54579 0.716071
-0.958 -4.70671 1.55138
-0.956 -4.19534 2.01028
-0.954 -4.01233 1.88738
-0.952 -4.11932 1.04984
-0.95 -4.44559 -0.538184
-0.948 -4.90058 -2.80973
-0.946 -5.38642 -5.60539
-0.944 -5.80517 -8.6953
-0.942 -6.05976 -11.8088
-0.94 -6.05326 -14.6688
-0.938 -5.6938 -17.0258
-0.936 -4.91044 -18.6901
-0.934 -3.67765 -19.5554
-0.932 -2.03933 -19.6142
-0.93 -0.120354 -18.9601
-0.928 1.88294 -17.7753
-0.926 3.73396 -16.3039
-0.924 5.2011 -14.813
-0.922 6.10329 -13.5486
-0.92 6.34255 -12.6928
-0.918 5.91657 -12.3317
-0.916 4.91245 -12.4413
-0.914 3.48921 -12.8947
-0.912 1.85656 -13.4876
-0.91 0.25336 -13.9797
-0.908 -1.07608 -14.1405
-0.906 -1.91137 -13.7944
-0.904 -2.09102 -12.8547
-0.902 -1.54533 -11.3394
-0.9 -0.316223 -9.36474
-0.898 1.44499 -7.11685
-0.896 3.50257 -4.8089
-0.894 5.57775 -2.63726
-0.892 7.39639 -0.747224
-0.89 8.73282 0.786247
-0.888 9.44257 1.96305
-0.886 9.48005 2.85019
-0.884 8.89997 3.56338
-0.882 7.84494 4.23969
-0.88 6.52338 5.00477
-0.878 5.18157 5.94068
-0.876 4.07114 7.06139
-0.874 3.4122 8.30172
-0.872 3.3539 9.52325
-0.87 3.93882 10.5369
-0.868 5.08081 11.1389
-0.866 6.56643 11.1542
-0.864 8.08464 10.4773
-0.862 9.28168 9.10309
-0.86 9.82937 7.13928
-0.858 9.49152 4.79571
-0.856 8.17394 2.35057
-0.854 5.94933 0.0975647
-0.852 3.05403 -1.71306
-0.85 -0.141569 -2.92288
-0.848 -3.18482 -3.48908
-0.846 -5.60828 -3.4796
-0.844 -7.00281 -3.04549
-0.842 -7.08441 -2.38184
-0.84 -5.7438 -1.6884
-0.838 -3.07212 -1.13763
-0.836 0.640583 -0.853344
-0.834 4.93566 -0.89971
-0.832 9.24393 -1.27776
-0.83 12.9663 -1.92667
-0.828 15.5654 -2.72893
-0.826 16.6505 -3.52189
-0.824 16.0411 -4.11914
-0.822 13.7949 -4.34237
-0.82 10.199 -4.05843
-0.818 5.72314 -3.21264
-0.816 0.94684 -1.84897
-0.814 -3.52981 -0.111227
-0.812 -7.17565 1.77614
-0.81 -9.60391 3.54309
-0.808 -10.621 4.91703
-0.806 -10.2412 5.66608
-0.804 -8.66631 5.63653
-0.802 -6.23959 4.77945
-0.8 -3.38553 3.16046
-0.798 -0.549643 0.948637
-0.796 1.85515 -1.61566
-0.794 3.4941 -4.26875
-0.792 4.14838 -6.77738
-0.79 3.74201 -8.98488
-0.788 2.35148 -10.8354
-0.786 0.192533 -12.3683
-0.784 -2.4161 -13.6846
-0.782 -5.10615 -14.9007
-0.78 -7.52068 -16.104
-0.778 -9.37167 -17.3238
-0.776 -10.4833 -18.5186
-0.774 -10.8129 -19.5798
-0.772 -10.4453 -20.3487
-0.77 -9.5649 -20.6438
-0.768 -8.41125 -20.2949
-0.766 -7.22907 -19.1797
-0.764 -6.22032 -17.2551
-0.762 -5.50796 -14.5786
-0.76 -5.11829 -11.3153
-0.758 -4.98569 -7.729
-0.756 -4.97753 -4.15587
-0.754 -4.9325 -0.966579
-0.752 -4.70294 1.47971
-0.75 -4.192 2.88369
-0.748 -3.37842 3.05129
-0.746 -2.32466 1.9288
-0.744 -1.16834 -0.379421
-0.742 -0.100666 -3.61593
-0.74 0.662116 -7.3982
-0.738 0.909257 -11.2654
-0.736 0.466253 -14.7361
-0.734 -0.774065 -17.3684
-0.732 -2.82235 -18.8146
-0.73 -5.57296 -18.8638
-0.728 -8.80347 -17.4704
-0.726 -12.1986 -14.7631
-0.724 -15.395 -11.0324
-0.722 -18.0351 -6.69398
-0.72 -19.8178 -2.23269
-0.718 -20.5356 1.86628
-0.716 -20.0957 5.18342
-0.714 -18.5275 7.41603
-0.712 -15.9801 8.40633
-0.71 -12.7132 8.14637
-0.708 -9.07673 6.76412
-0.706 -5.47339 4.49537
-0.704 -2.3046 1.64533
-0.702 0.091408 -1.45555
-0.7 1.49303 -4.49529
-0.698 1.8266 -7.21697
-0.696 1.17016 -9.44432
-0.694 -0.267111 -11.0956
-0.692 -2.18238 -12.1858
-0.69 -4.22633 -12.8156
-0.688 -6.05418 -13.1482
-0.686 -7.37506 -13.3723
-0.684 -7.99313 -13.6606
-0.682 -7.83283 -14.1298
-0.68 -6.94328 -14.8143
-0.678 -5.48298 -15.6577
-0.676 -3.69077 -16.5229
-0.674 -1.85025 -17.2182
-0.672 -0.252114 -17.5349
-0.67 0.843725 -17.2918
-0.668 1.24449 -16.3771
-0.666 0.855825 -14.7782
-0.664 -0.297548 -12.5925
-0.662 -2.06837 -10.0133
-0.66 -4.20558 -7.29632
-0.658 -6.39438 -4.7128
-0.656 -8.30916 -2.50389
-0.654 -9.66644 -0.84615
-0.652 -10.266 0.167003
-0.65 -10.0129 0.530622
-0.648 -8.92023 0.325518
-0.646 -7.09422 -0.289374
-0.644 -4.71086 -1.09041
-0.642 -1.9896 -1.81207
-0.64 0.828907 -2.18213
-0.638 3.49899 -1.96668
-0.636 5.78132 -1.01609
-0.634 7.45345 0.701045
-0.632 8.32311 3.08669
-0.63 8.24594 5.9282
-0.628 7.14507 8.93519
-0.626 5.02751 11.7905
-0.624 1.99068 14.2053
-0.622 -1.78447 15.9692
-0.62 -6.05254 16.9845
-0.618 -10.5293 17.2785
-0.616 -14.9173 16.9915
-0.614 -18.9257 16.3437
-0.612 -22.2848 15.5879
-0.61 -24.7571 14.957
-0.608 -26.1511 14.617
-0.606 -26.3382 14.6344
-0.604 -25.2712 14.9659
-0.602 -22.9963 15.4713
-0.6 -19.6537 15.9463
-0.598 -15.4662 16.1676
-0.596 -10.7199 15.9396
-0.594 -5.74072 15.1353
-0.592 -0.871502 13.7243
-0.59 3.54959 11.7858
-0.588 7.21175 9.50272
-0.586 9.85645 7.13574
-0.584 11.3042 4.98107
-0.582 11.4797 3.3177
-0.58 10.4293 2.35648
-0.578 8.32606 2.20199
-0.576 5.45836 2.83414
-0.574 2.20333 4.10983
-0.572 -1.01188 5.78156
-0.57 -3.75407 7.5296
-0.568 -5.62713 9.00726
-0.566 -6.31018 9.89827
-0.564 -5.58857 9.98012
-0.562 -3.3768 9.17985
-0.56 0.26724 7.60544
-0.558 5.13829 5.53965
-0.556 10.8923 3.39226
-0.554 17.0693 1.61814
-0.552 23.131 0.618879
-0.55 28.5095 0.651681
-0.548 32.6607 1.76809
-0.546 35.1187 3.79624
-0.544 35.5455 6.36762
-0.542 33.7719 8.97826
-0.54 29.8264 11.07
-0.538 23.9441 12.1181
-0.536 16.5565 11.7135
-0.534 8.26013 9.62831
-0.532 -0.229298 5.85314
-0.53 -8.136 0.599754
-0.528 -14.6923 -5.73062
-0.526 -19.2137 -12.6064
-0.524 -21.1755 -19.4424
-0.522 -20.28 -25.6839
-0.52 -16.5023 -30.8865
-0.518 -10.1038 -34.7789
-0.516 -1.61128 -37.2966
-0.514 8.23414 -38.5791
-0.512 18.5492 -38.9284
-0.51 28.3934 -38.7369
-0.508 36.8601 -38.3974
-0.506 43.1646 -38.2144
-0.504 46.7254 -38.3339
-0.502 47.2269 -38.705
-0.5 44.6577 -39.0826
-0.498 39.3167 -39.0706
-0.496 31.7823 -38.2003
-0.494 22.8486 -36.0295
-0.492 13.4359 -32.2464
-0.49 4.49116 -26.7586
-0.488 -3.10921 -19.7527
-0.486 -8.63958 -11.7118
-0.484 -11.5849 -3.38405
-0.482 -11.6806 4.29956
-0.48 -8.93595 10.3499
-0.478 -3.64076 13.8712
-0.476 3.65089 14.2167
-0.474 12.1678 11.1202
-0.472 20.9993 4.78069
-0.47 29.1933 -4.12187
-0.468 35.855 -14.4846
-0.466 40.2271 -24.9086
-0.464 41.7401 -33.8774
-0.462 40.034 -39.9609
-0.46 34.9611 -42.0178
-0.458 26.585 -39.3673
-0.456 15.1837 -31.9052
-0.454 1.25841 -20.1485
-0.452 -14.4593 -5.19906
-0.45 -31.0162 11.3711
-0.448 -47.2737 27.6991
-0.446 -61.9817 41.8568
-0.444 -73.8871 52.093
-0.442 -81.8676 57.0594
-0.44 -85.07 55.9886
-0.438 -83.0336 48.7984
-0.436 -75.7753 36.1096
-0.434 -63.8265 19.1759
-0.432 -48.2129 -0.264048
-0.43 -30.3757 -20.1953
-0.428 -12.0395 -38.5697
-0.426 4.96646 -53.5542
-0.424 18.9138 -63.7471
-0.422 28.3805 -68.3315
-0.42 32.4253 -67.1411
-0.418 30.7037 -60.6338
-0.416 23.5084 -49.7827
-0.414 11.7289 -35.9112
-0.412 -3.26471 -20.5006
-0.41 -19.794 -5.00305
-0.408 -36.078 9.31275
-0.406 -50.4414 21.4669
-0.404 -61.4954 30.8189
-0.402 -68.2647 37.0705
-0.4 -70.2492 40.2313
-0.398 -67.4184 40.5613
-0.396 -60.15 38.5018
-0.394 -49.1342 34.6028
-0.392 -35.2601 29.4596
-0.39 -19.5066 23.663
-0.388 -2.84958 17.7692
-0.386 13.7991 12.2847
-0.384 29.6202 7.66401
-0.382 43.8848 4.31074
-0.38 55.9346 2.57698
-0.378 65.1611 2.74989
-0.376 70.9997 5.02009
-0.374 72.9514 9.4328
-0.372 70.6359 15.8313
-0.37 63.8743 23.8091
-0.368 52.7857 32.6875
-0.366 37.8781 41.5338
-0.364 20.1062 49.2255
-0.362 0.875054 54.5592
-0.36 -18.0305 56.3933
-0.358 -34.5971 53.8087
-0.356 -46.8085 46.2697
-0.354 -52.9204 33.7583
-0.352 -51.7464 16.8585
-0.35 -42.9049 -3.23603
-0.348 -26.9755 -24.8033
-0.346 -5.52615 -45.7619
-0.344 19.0131 -63.907
-0.342 43.6221 -77.1773
-0.34 65.0773 -83.9147
-0.338 80.3997 -83.0767
-0.336 87.2957 -74.3749
-0.334 84.5225 -58.3194
-0.332 72.112 -36.1658
-0.33 51.4117 -9.77379
-0.328 24.9308 18.6044
-0.326 -3.98826 46.5754
-0.324 -31.6203 71.8638
-0.322 -54.3639 92.5444
-0.32 -69.2282 107.222
-0.318 -74.232 115.138
-0.316 -68.6596 116.2
-0.314 -53.1387 110.92
-0.312 -29.5261 100.285
-0.31 -0.618116 85.584
-0.308 30.2725 68.2095
-0.306 59.806 49.4961
-0.304 85.0895 30.5996
-0.302 104.056 12.4418
-0.3 115.686 -4.28711
-0.298 120.031 -19.0818
-0.296 118.057 -31.55
-0.294 111.323 -41.3396
-0.292 101.592 -48.085
-0.29 90.4314 -51.3921
-0.288 78.9126 -50.8727
-0.286 67.4555 -46.2309
-0.284 55.8509 -37.3867
-0.282 43.4492 -24.6137
-0.28 29.4635 -8.65215
-0.278 13.3154 9.23749
-0.276 -5.05808 27.3101
-0.274 -25.008 43.4766
-0.272 -45.1362 55.5435
-0.27 -63.4363 61.5221
-0.268 -77.5995 59.9617
-0.266 -85.438 50.2512
-0.264 -85.354 32.832
-0.262 -76.7604 9.27807
-0.26 -60.3645 -17.7846
-0.258 -38.2377 -44.9268
-0.256 -13.6376 -68.3133
-0.254 9.41043 -84.2048
-0.252 26.7157 -89.5003
-0.25 34.6166 -82.2398
-0.248 30.6508 -61.9874
-0.246 14.0786 -30.0268
-0.244 -13.8429 10.6757
-0.242 -49.9069 55.7504
-0.24 -89.3378 99.9277
-0.238 -126.465 137.707
-0.236 -155.586 164.107
-0.234 -171.872 175.378
-0.232 -172.166 169.573
-0.23 -155.524 146.865
-0.228 -123.412 109.572
-0.226 -79.5289 61.8669
-0.224 -29.2712 9.22494
-0.222 21.0631 -42.318
-0.22 65.2114 -86.976
-0.218 97.8704 -119.978
-0.216 115.462 -138.181
-0.214 116.62 -140.441
-0.212 102.311 -127.706
-0.21 75.5775 -102.8
-0.208 40.9418 -69.9468
-0.206 3.57537 -34.0889
-0.204 -31.6 -0.126196
-0.202 -60.7157 27.8101
-0.2 -81.5147 46.9263
-0.198 -93.5728 56.0934
-0.196 -98.1582 55.8864
-0.194 -97.7737 48.3378
-0.192 -95.4799 36.4572
-0.19 -94.1368 23.6051
-0.188 -95.7143 12.8359
-0.186 -100.817 6.33153
-0.184 -108.523 5.02345
-0.182 -116.579 8.4697
-0.18 -121.914 15
-0.178 -121.36 22.0965
-0.176 -112.441 26.9363
-0.174 -94.0596 26.999
-0.172 -66.9413 20.6296
-0.17 -33.7237 7.45887
-0.168 1.33427 -11.403
-0.166 32.9957 -33.4433
-0.164 55.9348 -55.0962
-0.162 65.7163 -72.3089
-0.16 59.6866 -81.2318
-0.158 37.6067 -78.9142
-0.156 1.90041 -63.8864
-0.154 -42.5512 -36.5251
-0.152 -89.0563 0.867797
-0.15 -130.113 44.303
-0.148 -158.61 88.6294
-0.146 -169.02 128.269
-0.144 -158.396 158.043
-0.142 -126.961 173.943
-0.14 -78.2013 173.74
-0.138 -18.4021 157.312
-0.136 44.2899 126.666
-0.134 101.134 85.6491
-0.132 144.173 39.3964
-0.13 167.48 -6.39104
-0.128 168.064 -46.2417
-0.126 146.288 -75.6614
-0.124 105.721 -91.7284
-0.122 52.4736 -93.4483
-0.12 -5.8539 -81.8179
-0.118 -61.4229 -59.5914
-0.116 -107.381 -30.7885
-0.114 -138.865 -0.0365396
-0.112 -153.622 28.1336
-0.11 -152.191 49.912
-0.108 -137.607 62.6569
-0.106 -114.718 65.1134
-0.104 -89.2218 57.4047
-0.102 -66.5995 40.8366
-0.1 -51.1382 17.5777
-0.098 -45.2045 -9.7156
-0.096 -48.8925 -38.2714
-0.094 -60.0961 -65.5307
-0.092 -74.9825 -89.4071
-0.09 -88.7845 -108.459
-0.088 -96.771 -121.96
-0.086 -95.2239 -129.863
-0.084 -82.2333 -132.657
-0.082 -58.1482 -131.16
-0.08 -25.5826 -126.285
-0.078 11.0307 -118.837
-0.076 46.248 -109.409
-0.074 74.6183 -98.3865
-0.072 91.6813 -86.0656
-0.07 94.776 -72.8209
-0.068 83.5221 -59.2592
-0.066 59.9115 -46.2883
-0.064 28.0183 -35.0625
-0.062 -6.59985 -26.8118
-0.06 -37.7016 -22.6024
-0.058 -59.2436 -23.0977
-0.056 -66.2405 -28.386
-0.054 -55.514 -37.9131
-0.052 -26.2452 -50.5197
-0.05 19.7659 -64.5583
-0.048 78.2253 -78.0579
-0.046 142.898 -88.9265
-0.044 206.531 -95.1916
-0.042 261.961 -95.274
-0.04 303.161 -88.2592
-0.038 325.987 -74.1002
-0.036 328.491 -53.6775
-0.034 310.851 -28.6711
-0.032 275.03 -1.26374
-0.03 224.372 26.2438
-0.028 163.247 51.7959
-0.026 96.7474 73.8437
-0.024 30.3647 91.4807
-0.022 -30.4446 104.476
-0.02 -80.8249 113.243
-0.018 -117.113 118.771
-0.016 -137.272 122.487
-0.014 -141 126.041
-0.012 -129.451 131.003
-0.01 -104.686 138.498
-0.008 -69.0915 148.9
-0.006 -25.0345 161.652
-0.004 25.1266 175.289
-0.002 78.7882 187.662
0 132.927 196.318
0.002 184.281 198.946
0.004 229.842 193.812
0.006 267.314 180.119
0.008 295.183 158.212
0.01 312.372 129.605
0.012 317.813 96.8133
0.014 310.259 63.0112
0.016 288.5 31.5574
0.018 251.869 5.49832
0.02 200.788 -12.8543
0.022 137.105 -22.1849
0.024 64.089 -22.2494
0.026 -13.8797 -13.7946
0.028 -91.7846 1.61666
0.03 -164.454 21.8206
0.032 -226.95 44.2843
0.034 -274.877 66.3599
0.036 -304.7 85.5698
0.038 -314.136 99.9011
0.04 -302.607 108.051
0.042 -271.623 109.559
0.044 -224.92 104.782
0.046 -168.196 94.7474
0.048 -108.43 80.9187
0.05 -52.8881 64.962
0.052 -8.02908 48.5373
0.054 21.4312 33.1373
0.056 33.1405 19.9638
0.058 27.3345 9.84295
0.06 6.68392 3.18996
0.062 -24.167 0.0397212
0.064 -59.2973 0.149748
0.066 -92.3636 3.1533
0.068 -117.521 8.7166
0.07 -130.295 16.6438
0.072 -128.267 26.8845
0.074 -111.442 39.4293
0.076 -82.2258 54.1182
0.078 -44.969 70.4267
0.08 -5.17629 87.3093
0.082 31.5004 103.172
0.084 60.285 116.004
0.086 78.1209 123.65
0.088 84.1736 124.177
0.09 79.8988 116.244
0.092 68.6678 99.4217
0.094 55.0305 74.387
0.096 43.759 42.9593
0.098 38.856 7.96825
0.1 42.7123 -27.0364
0.102 55.5741 -58.1995
0.104 75.4231 -81.8518
0.106 98.297 -95.0204
0.108 118.994 -95.8938
0.11 132.036 -84.1751
0.112 132.708 -61.2605
0.114 117.999 -30.1899
0.116 87.2864 4.65186
0.118 42.6293 38.0713
0.12 -11.3638 64.7765
0.122 -68.1152 80.1609
0.124 -120.029 81.0286
0.126 -159.674 66.1312
0.128 -181.013 36.4171
0.13 -180.445 -5.05269
0.132 -157.474 -53.5075
0.134 -114.873 -103.124
0.136 -58.309 -147.838
0.138 4.51665 -182.184
0.14 65.0605 -202.05
0.142 115.263 -205.231
0.144 148.786 -191.708
0.146 161.953 -163.613
0.148 154.243 -124.89
0.15 128.268 -80.6911
0.152 89.2352 -36.6092
0.154 44.0124 2.13756
0.156 -0.0398587 31.4444
0.158 -36.2531 48.8583
0.16 -59.655 53.8308
0.162 -67.6325 47.6514
0.164 -60.1667 33.0857
0.166 -39.6298 13.7938
0.168 -10.2023 -6.3562
0.17 22.9688 -23.9581
0.172 54.7183 -36.6082
0.174 80.7486 -43.2321
0.176 98.301 -44.1559
0.178 106.498 -40.92
0.18 106.3 -35.8739
0.182 100.103 -31.6268
0.184 91.0578 -30.4537
0.186 82.2712 -33.7674
0.188 76.0588 -41.7644
0.19 73.415 -53.3176
0.192 73.8079 -66.1418
0.194 75.3345 -77.2011
0.196 75.1924 -83.2797
0.198 70.3603 -81.6086
0.2 58.3458 -70.4369
0.202 37.8506 -49.4467
0.204 9.22452 -19.9421
0.206 -25.3841 15.2248
0.208 -62.2216 51.9804
0.21 -96.446 85.564
0.212 -122.891 111.192
0.214 -136.949 124.758
0.216 -135.416 123.48
0.218 -117.14 106.382
0.22 -83.3374 74.5478
0.222 -37.5191 31.076
0.224 14.9778 -19.2638
0.226 67.769 -70.6404
0.228 114.379 -116.944
0.23 149.217 -152.629
0.232 168.404 -173.474
0.234 170.33 -177.152
0.236 155.834 -163.522
0.238 128.011 -134.594
0.24 91.663 -94.2026
0.242 52.5067 -47.4451
0.244 16.2738 0.0337691
0.246 -12.1537 42.7922
0.248 -29.4283 76.2824
0.25 -34.1414 97.3874
0.252 -26.8952 104.738
0.254 -10.0522 98.7746
0.256 12.774 81.5616
0.258 37.3842 56.3879
0.26 59.6906 27.2333
0.262 76.3312 -1.81718
0.264 85.1063 -27.1175
0.266 85.1839 -45.8899
0.268 77.0591 -56.4905
0.27 62.2966 -58.4926
0.272 43.1215 -52.5964
0.274 21.9425 -40.3962
0.276 0.904347 -24.0522
0.278 -18.4474 -5.92511
0.28 -35.3325 11.7649
0.282 -49.7114 27.2006
0.284 -62.0934 39.1192
0.286 -73.2331 46.8453
0.288 -83.7921 50.2248
0.29 -94.0456 49.4934
0.292 -103.699 45.116
0.294 -111.855 37.6329
0.296 -117.146 27.5417
0.298 -118.001 15.2359
0.3 -112.994 1.00962
0.302 -101.216 -14.8775
0.304 -82.581 -32.0947
0.306 -58.0032 -50.1274
0.308 -29.4026 -68.1905
0.31 0.480447 -85.1998
0.312 28.4349 -99.8173
0.314 51.2357 -110.575
0.316 66.1293 -116.065
0.318 71.2661 -115.157
0.32 66.0054 -107.219
0.322 51.0444 -92.2801
0.324 28.3472 -71.1127
0.326 0.88377 -45.2188
0.328 -27.7802 -16.7072
0.33 -53.9795 11.9194
0.332 -74.4546 38.0451
0.334 -86.79 59.2522
0.336 -89.719 73.617
0.338 -83.249 79.9458
0.34 -68.5985 77.9148
0.342 -47.9639 68.0965
0.344 -24.1698 51.8715
0.346 -0.26055 31.2404
0.348 20.9015 8.56384
0.35 36.9819 -13.7339
0.352 46.4224 -33.4542
0.354 48.5669 -48.8693
0.356 43.6574 -58.8915
0.358 32.7094 -63.1492
0.36 17.2978 -61.9631
0.362 -0.704564 -56.2332
0.364 -19.3869 -47.2569
0.366 -37.019 -36.5134
0.368 -52.2025 -25.4477
0.37 -63.9454 -15.2882
0.372 -71.6671 -6.92452
0.374 -75.1486 -0.859133
0.376 -74.4509 2.76948
0.378 -69.826 4.1104
0.38 -61.644 3.4965
0.382 -50.351 1.34022
0.384 -36.4608 -1.9498
0.386 -20.5753 -6.01744
0.388 -3.41646 -10.5685
0.39 14.1484 -15.3451
0.392 31.1061 -20.0793
0.394 46.3348 -24.4428
0.396 58.6846 -28.013
0.398 67.0963 -30.2712
0.4 70.7413 -30.644
0.402 69.1581 -28.5875
0.404 62.3587 -23.6993
0.406 50.8829 -15.8335
0.408 35.7874 -5.19075
0.41 18.5641 7.63594
0.412 0.992802 21.6743
0.414 -15.0516 35.646
0.416 -27.8149 48.0959
0.418 -35.8716 57.5619
0.42 -38.2993 62.7649
0.422 -34.7966 62.7939
0.424 -25.7259 57.2589
0.426 -12.0712 46.387
0.428 4.68736 31.0398
0.43 22.7637 12.6414
0.432 40.2908 -6.97722
0.434 55.5435 -25.7995
0.436 67.1243 -41.8741
0.438 74.0906 -53.5584
0.44 76.0129 -59.7181
0.442 72.9705 -59.8607
0.444 65.4939 -54.19
0.446 54.4666 -43.5791
0.448 41.0015 -29.4637
0.45 26.3055 -13.6624
0.452 11.5511 1.85606
0.454 -2.23031 15.2284
0.456 -14.2246 24.9378
0.458 -23.8754 30.0017
0.46 -30.8914 30.0768
0.462 -35.226 25.4705
0.464 -37.0355 17.0625
0.466 -36.6272 6.15413
0.468 -34.4043 -5.72774
0.47 -30.8204 -17.046
0.472 -26.3471 -26.4573
0.474 -21.4567 -32.9786
0.476 -16.6136 -36.0918
0.478 -12.2674 -35.7752
0.48 -8.83905 -32.4582
0.482 -6.69982 -26.9132
0.484 -6.14298 -20.1038
0.486 -7.35204 -13.0178
0.488 -10.3688 -6.51027
0.49 -15.0656 -1.17999
0.492 -21.1285 2.70376
0.494 -28.0593 5.2126
0.496 -35.2027 6.70652
0.498 -41.8014 7.72682
0.5 -47.0742 8.85764
0.502 -50.3081 10.5865
0.504 -50.9518 13.1937
0.506 -48.696 16.6916
0.508 -43.5289 20.8224
0.51 -35.7559 25.1093
0.512 -25.9813 28.948
0.514 -15.0501 31.7176
0.516 -3.9569 32.8926
0.518 6.26791 32.1384
0.52 14.6774 29.3764
0.522 20.5164 24.8047
0.524 23.3047 18.8733
0.526 22.8859 12.216
0.528 19.4402 5.55345
0.53 13.4617 -0.413588
0.532 5.70168 -5.10631
0.534 -2.91504 -8.14957
0.536 -11.3936 -9.4226
0.538 -18.7817 -9.06972
0.54 -24.2786 -7.46804
0.542 -27.3282 -5.15816
0.544 -27.6826 -2.75117
0.546 -25.4247 -0.828761
0.548 -20.9447 0.148207
0.55 -14.8738 -0.0908785
0.552 -7.98725 -1.58961
0.554 -1.09358 -4.166
0.556 5.07301 -7.45
0.558 9.94121 -10.9483
0.56 13.159 -14.1246
0.562 14.6107 -16.4838
0.564 14.3973 -17.6485
0.566 12.7908 -17.4159
0.568 10.1785 -15.7862
0.57 7.00564 -12.9577
0.572 3.72179 -9.28728
0.574 0.731168 -5.22857
0.576 -1.65182 -1.25923
0.578 -3.23663 2.18641
0.58 -3.97319 4.77051
0.582 -3.94544 6.28626
0.584 -3.34096 6.67359
0.586 -2.40246 6.01739
0.588 -1.3716 4.52958
0.59 -0.437628 2.51595
0.592 0.298725 0.329956
0.594 0.83749 -1.6819
0.596 1.26349 -3.23475
0.598 1.7055 -4.14917
0.6 2.2834 -4.37488
0.602 3.06153 -3.99039
0.604 4.02259 -3.18078
0.606 5.06626 -2.1998
0.608 6.02768 -1.32397
0.61 6.70678 -0.805384
0.612 6.90147 -0.829705
0.614 6.44124 -1.48525
0.616 5.21969 -2.74835
0.618 3.22326 -4.48763
0.62 0.550202 -6.48643
0.622 -2.58785 -8.47899
0.624 -5.88639 -10.1927
0.626 -8.9889 -11.3877
0.628 -11.5393 -11.8875
0.63 -13.2349 -11.5997
0.632 -13.8696 -10.5305
0.634 -13.3618 -8.79409
0.636 -11.7652 -6.61295
0.638 -9.26451 -4.30316
0.64 -6.15667 -2.23652
0.642 -2.81956 -0.781794
0.644 0.333665 -0.236649
0.646 2.91077 -0.768033
0.648 4.59837 -2.37744
0.65 5.20899 -4.89957
0.652 4.70609 -8.03283
0.654 3.20244 -11.3917
0.656 0.934099 -14.5665
0.658 -1.78111 -17.1766
0.66 -4.59079 -18.9111
0.662 -7.15309 -19.5548
0.664 -9.17597 -19.0051
0.666 -10.4483 -17.2785
0.668 -10.8604 -14.508
0.67 -10.4114 -10.9304
0.672 -9.20298 -6.86619
0.674 -7.42221 -2.69259
0.676 -5.31517 1.19231
0.678 -3.15458 4.41328
0.68 -1.20339 6.66561
0.682 0.322179 7.75681
0.684 1.28465 7.63219
0.686 1.64737 6.37705
0.688 1.48205 4.19339
0.69 0.958244 1.35753
0.692 0.313641 -1.82779
0.694 -0.191081 -5.07303
0.696 -0.323379 -8.12599
0.698 0.0769206 -10.7821
0.7 1.07085 -12.8861
0.702 2.61469 -14.3317
0.704 4.5722 -15.0597
0.706 6.73772 -15.0572
0.708 8.86315 -14.3545
0.71 10.6848 -13.02
0.712 11.9501 -11.1521
0.714 12.4459 -8.87152
0.716 12.0297 -6.31512
0.718 10.6598 -3.62943
0.72 8.4153 -0.963745
0.722 5.49736 1.53832
0.724 2.20483 3.74834
0.726 -1.11294 5.56331
0.728 -4.11624 6.91659
0.73 -6.53153 7.787
0.732 -8.18902 8.20163
0.734 -9.03355 8.22826
0.736 -9.11128 7.95818
0.738 -8.542 7.48562
0.74 -7.48881 6.89131
0.742 -6.13335 6.23475
0.744 -4.65866 5.55427
0.746 -3.23693 4.8704
0.748 -2.0177 4.18895
0.75 -1.11377 3.50199
0.752 -0.586231 2.78733
0.754 -0.43384 2.0075
0.756 -0.593148 1.11016
0.758 -0.953251 0.033673
0.76 -1.38343 -1.28016
0.762 -1.76642 -2.86766
0.764 -2.02711 -4.72579
0.766 -2.14768 -6.80338
0.768 -2.16533 -9.00627
0.77 -2.15427 -11.2153
0.772 -2.1988 -13.311
0.774 -2.3655 -15.1943
0.776 -2.68164 -16.7996
0.778 -3.12391 -18.0951
0.78 -3.61758 -19.0776
0.782 -4.04472 -19.7624
0.784 -4.26049 -20.1722
0.786 -4.11721 -20.3263
0.788 -3.4947 -20.2334
0.79 -2.33153 -19.8901
0.792 -0.649102 -19.2877
0.794 1.43903 -18.422
0.796 3.73647 -17.3013
0.798 5.99044 -15.95
0.8 7.92972 -14.4081
0.802 9.30627 -12.7309
0.804 9.93299 -10.9903
0.806 9.71117 -9.27383
0.808 8.64349 -7.67917
0.81 6.83145 -6.30214
0.812 4.45911 -5.21996
0.814 1.76696 -4.47591
0.816 -0.980095 -4.07048
0.818 -3.52684 -3.9608
0.82 -5.66088 -4.06636
0.822 -7.24132 -4.27747
0.824 -8.21862 -4.46382
0.826 -8.64004 -4.48251
0.828 -8.63651 -4.18765
0.83 -8.39168 -3.44517
0.832 -8.09967 -2.15508
0.834 -7.92201 -0.2789
0.836 -7.9541 2.13568
0.838 -8.20881 4.94318
0.84 -8.62071 7.90982
0.842 -9.06961 10.7463
0.844 -9.41689 13.1569
0.846 -9.54376 14.8917
0.848 -9.38002 15.7864
0.85 -8.91626 15.7789
0.852 -8.19873 14.9019
0.854 -7.31229 13.2593
0.856 -6.35813 10.9999
0.858 -5.43239 8.29922
0.86 -4.60862 5.35136
0.862 -3.92506 2.36553
0.864 -3.37704 -0.442
0.866 -2.91572 -2.86517
0.868 -2.45532 -4.73299
0.87 -1.89036 -5.93497
0.872 -1.12165 -6.43908
0.874 -0.0853208 -6.29682
0.876 1.22478 -5.63397
0.878 2.7504 -4.62927
0.88 4.38157 -3.48503
0.882 5.98415 -2.39481
0.884 7.43152 -1.51356
0.886 8.62888 -0.936249
0.888 9.52341 -0.688746
0.89 10.1011 -0.731698
0.892 10.3773 -0.974408
0.894 10.3883 -1.2942
0.896 10.1869 -1.55761
0.898 9.8374 -1.64172
0.9 9.4066 -1.45419
0.902 8.95008 -0.949346
0.904 8.49791 -0.136305
0.906 8.04489 0.924422
0.908 7.54811 2.13612
0.91 6.93296 3.38832
0.912 6.10868 4.57878
0.914 4.99251 5.62786
0.916 3.53795 6.48325
0.918 1.75851 7.11793
0.92 -0.261114 7.52648
0.922 -2.37043 7.72254
0.924 -4.37441 7.73803
0.926 -6.06581 7.62198
0.928 -7.26109 7.4372
0.93 -7.83257 7.25366
0.932 -7.73078 7.13938
0.934 -6.99412 7.15084
0.936 -5.74517 7.32463
0.938 -4.17457 7.67046
0.94 -2.51435 8.16563
0.942 -1.00433 8.75145
0.944 0.143369 9.33402
0.946 0.776336 9.79152
0.948 0.82543 9.98937
0.95 0.315549 9.8026
0.952 -0.63969 9.14342
0.954 -1.85959 7.98989
0.956 -3.1302 6.4083
0.958 -4.24241 4.55943
0.96 -5.02567 2.68024
0.962 -5.37174 1.04082
0.964 -5.24803 -0.113342
0.966 -4.70196 -0.616127
0.968 -3.85613 -0.415968
0.97 -2.89109 0.416663
0.972 -2.01383 1.70667
0.974 -1.41571 3.20762
0.976 -1.2309 4.64199
0.978 -1.50786 5.74335
0.98 -2.20158 6.29806
0.982 -3.18631 6.18312
0.984 -4.28204 5.39395
0.986 -5.28762 4.05423
0.988 -6.01553 2.40264
0.99 -6.3243 0.757423
0.992 -6.1428 -0.534671
0.994 -5.4795 -1.15552
0.996 -4.41398 -0.869871
0.998 -3.07473 0.430796
0.4 2.72762 3.74635
0.8 2.84347 3.92339
1.2 3.03099 4.20797
1.6 3.28221 4.58514
2 3.58668 5.03554
2.4 3.93215 5.53678
2.8 4.30532 6.065
3.2 4.69265 6.59658
3.6 5.08119 7.10969
4 5.4593 7.58569
4.4 5.81732 8.01027
4.8 6.14803 8.37412
5.2 6.44694 8.67331
5.6 6.71241 8.90913
6 6.9455 9.08758
6.4 7.14967 9.21853
6.8 7.3303 9.31457
7.2 7.49409 9.38979
7.6 7.64838 9.45845
8 7.80044 9.53379
8.4 7.95681 9.62695
8.8 8.12271 9.74627
9.2 8.30162 9.89675
9.6 8.49494 10.08
10 8.70197 10.2944
10.4 8.91996 10.5356
10.8 9.14445 10.7975
11.2 9.36963 11.0727
11.6 9.58898 11.3537
12 9.79586 11.6339
12.4 9.98413 11.9082
12.8 10.1488 12.1734
13.2 10.2864 12.429
13.6 10.3955 12.6768
14 10.4767 12.9205
14.4 10.533 13.1656
14.8 10.5688 13.4185
15.2 10.5906 13.6856
15.6 10.6054 13.9721
16 10.6209 14.2818
16.4 10.6445 14.6159
16.8 10.6826 14.9725
17.2 10.74 15.3465
17.6 10.8197 15.7293
18 10.9223 16.1098
18.4 11.0463 16.4743
18.8 11.1875 16.8075
19.2 11.3401 17.0942
19.6 11.4965 17.3193
20 11.6481 17.4699
20.4 11.7861 17.5358
20.8 11.9017 17.5105
21.2 11.9873 17.392
21.6 12.0366 17.1827
22 12.0451 16.8898
22.4 12.0107 16.5249
22.8 11.9332 16.1031
23.2 11.8149 15.6425
23.6 11.66 15.1629
24 11.4743 14.6845
24.4 11.265 14.2269
24.8 11.0399 13.8082
25.2 10.8072 13.4432
25.6 10.5751 13.1435
26 10.3511 12.9163
26.4 10.1422 12.7646
26.8 9.95411 12.6869
27.2 9.79146 12.6775
27.6 9.65775 12.7275
28 9.55525 12.8249
28.4 9.48511 12.9558
28.8 9.44743 13.1052
29.2 9.44134 13.2576
29.6 9.4651 13.3985
30 9.51616 13.5142
30.4 9.59124 13.5932
30.8 9.68635 13.6258
31.2 9.79692 13.6049
31.6 9.91783 13.5261
32 10.0435 13.3873
32.4 10.1683 13.1889
32.8 10.2863 12.9336
33.2 10.3918 12.6261
33.6 10.4799 12.2731
34 10.546 11.8828
34.4 10.5871 11.4652
34.8 10.601 11.0312
35.2 10.5875 10.5931
35.6 10.5478 10.1638
36 10.4848 9.75666
36.4 10.4029 9.38519
36.8 10.3081 9.06244
37.2 10.2072 8.80049
37.6 10.1078 8.60988
38 10.0176 8.49899
38.4 9.94406 8.47344
38.8 9.89388 8.53561
39.2 9.87257 8.68426
39.6 9.88404 8.91434
40 9.93042 9.21704
40.4 10.0118 9.58007
40.8 10.1265 9.98818
41.2 10.2705 10.4239
41.6 10.4385 10.8687
42 10.6235 11.3036
42.4 10.8177 11.7109
42.8 11.0123 12.0749
43.2 11.1985 12.3828
43.6 11.3677 12.6259
44 11.5119 12.7995
44.4 11.6239 12.9038
44.8 11.6979 12.9427
45.2 11.7297 12.9243
45.6 11.7166 12.8593
46 11.6577 12.7607
46.4 11.5541 12.6417
46.8 11.4087 12.5153
47.2 11.2258 12.3928
47.6 11.0116 12.2831
48 10.7732 12.1915
48.4 10.5189 12.1199
48.8 10.2572 12.0666
49.2 9.99698 12.0267
49.6 9.74671 11.9926
50 9.51405 11.955
50.4 9.30547 11.9041
50.8 9.12584 11.8307
51.2 8.97816 11.7272
51.6 8.86336 11.5884
52 8.78024 11.4123
52.4 8.72553 11.2007
52.8 8.69413 10.9585
53.2 8.67941 10.6942
53.6 8.67369 10.4185
54 8.66879 10.1438
54.4 8.65653 9.88301
54.8 8.62938 9.6484
55.2 8.58091 9.4505
55.6 8.50628 9.29721
56 8.40252 9.19301
56.4 8.2687 9.1386
56.8 8.10597 9.1308
57.2 7.91738 9.16282
57.6 7.7076 9.22479
58 7.48259 9.30462
58.4 7.24905 9.38898
58.8 7.01401 9.46437
59.2 6.78432 9.51825
59.6 6.56625 9.53997
60 6.36512 9.52159
60.4 6.18512 9.45846
60.8 6.02917 9.34944
61.2 5.89897 9.19697
61.6 5.79503 9.00669
62 5.71692 8.78698
62.4 5.66346 8.54819
62.8 5.63295 8.30181
63.2 5.62339 8.05963
63.6 5.63264 7.83279
64 5.65853 7.63111
64.4 5.69891 7.46242
64.8 5.75163 7.33214
65.2 5.81444 7.24305
65.6 5.88493 7.19529
66 5.96044 7.18647
66.4 6.03797 7.21205
66.8 6.11419 7.26577
67.2 6.18547 7.34016
67.6 6.24804 7.4271
68 6.29815 7.51837
68.4 6.33235 7.60611
68.8 6.34778 7.68327
69.2 6.34244 7.7439
69.6 6.31546 7.78339
70 6.26728 7.79852
70.4 6.19975 7.78755
70.8 6.11613 7.75009
71.2 6.02091 7.68699
71.6 5.91959 7.60017
72 5.81826 7.49242
72.4 5.72323 7.3672
72.8 5.64049 7.22841
73.2 5.57522 7.08026
73.6 5.53143 6.92704
74 5.51155 6.77303
74.4 5.51622 6.62237
74.8 5.54421 6.47891
75.2 5.59249 6.34618
75.6 5.65641 6.22728
76 5.73008 6.1248
76.4 5.80676 6.04074
76.8 5.87936 5.97642
77.2 5.94093 5.93246
77.6 5.98518 5.90864
78 6.00683 5.90388
78.4 6.00196 5.91619
78.8 5.96818 5.94268
79.2 5.9047 5.97954
79.6 5.81227 6.02211
80 5.69302 6.06504
80.4 5.55015 6.10238
80.8 5.38767 6.12786
81.2 5.21003 6.13508
81.6 5.02178 6.1179
82 4.82727 6.07068
82.4 4.63045 5.98868
82.8 4.43462 5.86838
83.2 4.24244 5.70774
83.6 4.05582 5.50652
84 3.87601 5.26637
84.4 3.70371 4.99096
84.8 3.53915 4.68594
85.2 3.38224 4.35874
85.6 3.23269 4.01838
86 3.0901 3.67504
86.4 2.95407 3.33957
86.8 2.82418 3.02304
87.2 2.70005 2.73606
87.6 2.58132 2.48829
88 2.46761 2.2879
88.4 2.35852 2.14105
88.8 2.25364 2.05165
89.2 2.15253 2.02104
89.6 2.05477 2.04804
90 1.96003 2.12895
90.4 1.86811 2.25791
90.8 1.77906 2.42718
91.2 1.69318 2.6277
91.6 1.61116 2.84966
92 1.534 3.08301
92.4 1.46305 3.31813
92.8 1.39989 3.54627
93.2 1.34621 3.75998
93.6 1.30368 3.95344
94 1.27372 4.1226
94.4 1.25732 4.26516
94.8 1.25487 4.38051
95.2 1.26597 4.46947
95.6 1.2894 4.53395
96 1.32302 4.5766
96.4 1.36392 4.60045
96.8 1.40846 4.6085
97.2 1.45259 4.60344
97.6 1.49204 4.58746
98 1.52272 4.56212
98.4 1.54102 4.5283
98.8 1.54414 4.48637
99.2 1.53034 4.43629
99.6 1.49921 4.37787
100 1.45169 4.31105
100.4 1.39014 4.23609
100.8 1.31816 4.15385
101.2 1.24042 4.06584
101.6 1.16228 3.97438
102 1.08944 3.88246
102.4 1.02746 3.79363
102.8 0.98137 3.71178
103.2 0.95522 3.64079
103.6 0.951759 3.58426
104 0.972172 3.54508
104.4 1.01595 3.52519
104.8 1.0809 3.52531
105.2 1.16322 3.54479
105.6 1.2578 3.58159
106 1.35853 3.63234
106.4 1.45873 3.69263
106.8 1.55161 3.75726
107.2 1.63075 3.8207
107.6 1.69054 3.87755
108 1.72654 3.92298
108.4 1.7358 3.95317
108.8 1.71704 3.9657
109.2 1.67071 3.95975
109.6 1.59892 3.93624
110 1.50529 3.8978
110.4 1.39467 3.84853
110.8 1.2728 3.7937
111.2 1.14593 3.73932
111.6 1.02038 3.69158
112 0.902189 3.65633
112.4 0.79671 3.63852
112.8 0.70836 3.64175
113.2 0.640386 3.66792
113.6 0.594757 3.71699
114 0.572135 3.78692
114.4 0.571943 3.87383
114.8 0.592515 3.97225
115.2 0.631301 4.07556
115.6 0.685122 4.17651
116 0.750446 4.26781
116.4 0.82366 4.34276
116.8 0.901319 4.39576
117.2 0.980357 4.42281
117.6 1.05825 4.42184
118 1.1331 4.39284
118.4 1.20368 4.33794
118.8 1.26938 4.26114
119.2 1.33016 4.16802
119.6 1.38638 4.0653
120 1.43868 3.96021
120.4 1.48778 3.85999
120.8 1.53434 3.77127
121.2 1.57882 3.69958
121.6 1.62135 3.64895
122 1.66165 3.62162
122.4 1.69906 3.61801
122.8 1.7325 3.63671
123.2 1.76057 3.67472
123.6 1.78169 3.72782
124 1.79414 3.79095
124.4 1.79633 3.85876
124.8 1.78686 3.92603
125.2 1.76471 3.98818
125.6 1.72935 4.04161
126 1.68084 4.08394
126.4 1.61987 4.11418
126.8 1.54777 4.13271
127.2 1.46647 4.14111
127.6 1.37844 4.14197
128 1.28655 4.13854
128.4 1.19393 4.13437
128.8 1.10382 4.13294
129.2 1.01942 4.13729
129.6 0.943646 4.14977
130 0.879066 4.17184
130.4 0.827715 4.20395
130.8 0.791007 4.24557
131.2 0.769676 4.29528
131.6 0.763746 4.35097
132 0.772544 4.41008
132.4 0.794751 4.46987
132.8 0.828487 4.52769
133.2 0.87142 4.58124
133.6 0.920895 4.62872
134 0.974072 4.66899
134.4 1.02807 4.70161
134.8 1.0801 4.72678
135.2 1.12758 4.74523
135.6 1.16825 4.75811
136 1.20022 4.76674
136.4 1.22205 4.77245
136.8 1.23273 4.77637
137.2 1.2317 4.7793
137.6 1.21881 4.78159
138 1.19427 4.78312
138.4 1.15861 4.78331
138.8 1.11259 4.78122
139.2 1.05717 4.7757
139.6 0.993455 4.76553
140 0.922642 4.74961
140.4 0.846037 4.72714
140.8 0.765027 4.69774
141.2 0.681101 4.66158
141.6 0.595867 4.61939
142 0.511074 4.57243
142.4 0.428625 4.52244
142.8 0.350576 4.47145
143.2 0.279116 4.42165
143.6 0.216518 4.37515
144 0.165062 4.3338
144.4 0.126927 4.299
144.8 0.10406 4.27156
145.2 0.0980277 4.25162
145.6 0.109863 4.23859
146 0.139924 4.23125
146.4 0.187767 4.22779
146.8 0.252068 4.22604
147.2 0.330589 4.22358
147.6 0.420212 4.21805
148 0.517026 4.20727
148.4 0.616499 4.18952
148.8 0.713696 4.16358
149.2 0.803553 4.12893
149.6 0.881179 4.08565
150 0.942173 4.03448
150.4 0.982919 3.97661
150.8 1.00085 3.91358
151.2 0.994672 3.84701
151.6 0.964446 3.77843
152 0.911663 3.70901
152.4 0.839163 3.63943
152.8 0.750978 3.56969
153.2 0.652081 3.49907
153.6 0.548078 3.42611
154 0.444834 3.34874
154.4 0.348094 3.26438
154.8 0.263103 3.17021
155.2 0.194265 3.06339
155.6 0.144865 2.94138
156 0.116871 2.8022
156.4 0.110836 2.64466
156.8 0.125896 2.46861
157.2 0.159881 2.27497
157.6 0.209502 2.06585
158 0.270619 1.84445
158.4 0.338564 1.61492
158.8 0.408478 1.38212
159.2 0.475654 1.15139
159.6 0.535851 0.928172
160 0.585553 0.717699
160.4 0.622164 0.524682
160.8 0.644122 0.353024
161.2 0.650928 0.205602
161.6 0.643097 0.0841231
162 0.622035 -0.0109312
162.4 0.589862 -0.0802721
162.8 0.549195 -0.125691
163.2 0.50291 -0.149876
163.6 0.453917 -0.156174
164 0.404944 -0.14832
164.4 0.358366 -0.130161
164.8 0.316076 -0.105387
165.2 0.279417 -0.0772974
165.6 0.24916 -0.0486179
166 0.225531 -0.021373
166.4 0.20829 0.00317068
166.8 0.196822 0.0244968
167.2 0.190258 0.0427692
167.6 0.187593 0.0587107
168 0.187793 0.0734424
168.4 0.189883 0.0883002
168.8 0.193017 0.104642
169.2 0.196502 0.123668
169.6 0.199815 0.146255
170 0.202581 0.172835
170.4 0.204539 0.203311
170.8 0.205503 0.237024
171.2 0.205317 0.272769
171.6 0.203824 0.308865
172 0.200847 0.343266
172.4 0.196191 0.373711
172.8 0.189661 0.397904
173.2 0.181102 0.413708
173.6 0.170446 0.419344
174 0.157767 0.41358
174.4 0.143328 0.395891
174.8 0.12762 0.366591
175.2 0.111373 0.326908
175.6 0.0955417 0.279001
176 0.0812659 0.225914
176.4 0.0697949 0.17146
176.8 0.0623935 0.120042
177.2 0.0602292 0.076409
177.6 0.0642563 0.045369
178 0.0751084 0.0314686
178.4 0.0930119 0.0386622
178.8 0.117733 0.0699938
179.2 0.148568 0.127316
179.6 0.18438 0.211068
180 0.223685 0.320142
180.4 0.264778 0.45184
180.8 0.305897 0.601948
181.2 0.345398 0.764917
181.6 0.381938 0.934158
182 0.414634 1.10241
182.4 0.443185 1.26221
182.8 0.467948 1.40635
183.2 0.489939 1.52839
183.6 0.510775 1.62309
184 0.532545 1.68684
184.4 0.557616 1.71787
184.8 0.588404 1.71647
185.2 0.627113 1.68499
185.6 0.675483 1.62769
186 0.734556 1.55047
186.4 0.804496 1.46048
186.8 0.884475 1.36564
187.2 0.972648 1.27407
187.6 1.06621 1.19353
188 1.16156 1.13087
188.4 1.25451 1.09158
188.8 1.34058 1.0794
189.2 1.41532 1.09605
189.6 1.47467 1.14119
190 1.5152 1.21242
190.4 1.53446 1.30555
190.8 1.53109 1.41485
191.2 1.50499 1.53358
191.6 1.45728 1.65441
192 1.39024 1.77003
192.4 1.30715 1.87361
192.8 1.21205 1.9593
193.2 1.10945 2.02265
193.6 1.00405 2.06083
194 0.900465 2.07284
194.4 0.802946 2.05952
194.8 0.715205 2.02342
195.2 0.640261 1.96861
195.6 0.580378 1.90034
196 0.537058 1.82464
196.4 0.511093 1.74791
196.8 0.502659 1.67643
197.2 0.511424 1.61602
197.6 0.536668 1.57156
198 0.577382 1.54678
198.4 0.632342 1.54399
198.8 0.700144 1.56401
199.2 0.779209 1.60615
199.6 0.867748 1.66828
200 0.963716 1.74706
200.4 1.06476 1.83817
200.8 1.16816 1.93664
201.2 1.27088 2.03717
201.6 1.36951 2.13449
202 1.46044 2.22372
202.4 1.53997 2.30065
202.8 1.60451 2.36193
203.2 1.6508 2.40533
203.6 1.67618 2.42974
204 1.67883 2.4352
204.4 1.65796 2.42285
204.8 1.614 2.3947
205.2 1.54861 2.35351
205.6 1.46474 2.30244
206 1.36643 2.24486
206.4 1.25864 2.18403
206.8 1.14694 2.12285
207.2 1.03714 2.0637
207.6 0.934874 2.00823
208 0.845251 1.95732
208.4 0.772446 1.91109
208.8 0.719423 1.86892
209.2 0.687719 1.82962
209.6 0.677356 1.7916
210 0.686852 1.75307
210.4 0.713363 1.71229
210.8 0.75292 1.66776
211.2 0.800753 1.61842
211.6 0.851661 1.5638
212 0.900408 1.50408
212.4 0.942107 1.44014
212.8 0.972553 1.37346
213.2 0.988489 1.30607
213.6 0.987787 1.24036
214 0.969527 1.17887
214.4 0.933974 1.12412
214.8 0.882473 1.07836
215.2 0.817264 1.04344
215.6 0.741246 1.02061
216 0.657718 1.01043
216.4 0.570114 1.01278
216.8 0.481757 1.02678
217.2 0.39566 1.05096
217.6 0.314374 1.08328
218 0.239897 1.12135
218.4 0.173641 1.16254
218.8 0.116453 1.20417
219.2 0.0686788 1.24365
219.6 0.0302485 1.27863
220 0.000782863 1.3071
220.4 -0.0203069 1.32745
220.8 -0.0337307 1.3385
221.2 -0.0402526 1.33951
221.6 -0.0406487 1.33014
222 -0.0356903 1.31045
222.4 -0.0261478 1.28076
222.8 -0.0128075 1.24168
223.2 0.00350478 1.19399
223.6 0.021905 1.13863
224 0.0414426 1.07666
224.4 0.0611088 1.0092
224.8 0.0798644 0.937484
225.2 0.0966851 0.862768
225.6 0.110622 0.78637
226 0.120869 0.709633
226.4 0.12683 0.633903
226.8 0.128179 0.560496
227.2 0.124897 0.490649
227.6 0.117295 0.425476
228 0.105999 0.36591
228.4 0.091913 0.312655
228.8 0.0761539 0.266138
229.2 0.0599667 0.226487
229.6 0.0446265 0.193517
230 0.0313367 0.166741
230.4 0.0211346 0.145413
230.8 0.0148113 0.128577
231.2 0.012856 0.115143
231.6 0.0154267 0.103977
232 0.0223521 0.0939872
232.4 0.033162 0.0842096
232.8 0.0471426 0.0738854
233.2 0.0634106 0.0625153
233.6 0.0809981 0.0498923
234 0.0989388 0.0361079
234.4 0.116348 0.0215318
234.8 0.132489 0.00676756
235.2 0.146819 -0.00741174
235.6 0.159012 -0.0201407
236 0.168959 -0.0305453
236.4 0.176747 -0.0378241
236.8 0.182619 -0.0413217
237.2 0.186923 -0.0405861
237.6 0.190053 -0.0354074
238 0.192396 -0.025835
238.4 0.19428 -0.0121728
238.8 0.195937 0.00504585
239.2 0.19748 0.0250988
239.6 0.198898 0.0471285
240 0.200064 0.0702018
240.4 0.200755 0.09337
240.8 0.200691 0.115726
241.2 0.199568 0.136455
241.6 0.197101 0.154867
242 0.193059 0.170429
242.4 0.187293 0.182775
242.8 0.179759 0.191706
243.2 0.170527 0.197182
243.6 0.159774 0.199304
244 0.147777 0.198293
244.4 0.134887 0.194467
244.8 0.121507 0.18821
245.2 0.108061 0.179953
245.6 0.0949638 0.170151
246 0.082596 0.159267
246.4 0.0712825 0.14775
246.8 0.0612769 0.136031
247.2 0.0527535 0.124508
247.6 0.0458042 0.113542
248 0.0404433 0.103447
248.4 0.0366144 0.0944859
248.8 0.0342028 0.0868678
249.2 0.0330471 0.0807427
249.6 0.0329526 0.0761998
250 0.0337033 0.0732667
250.4 0.0350722 0.0719101
250.8 0.0368294 0.0720386
251.2 0.038749 0.0735075
251.6 0.0406133 0.0761262
252 0.0422171 0.0796663
252.4 0.0433704 0.083872
252.8 0.0439014 0.0884706
253.2 0.0436604 0.0931843
253.6 0.0425236 0.0977405
254 0.0403977 0.101882
254.4 0.0372253 0.105375
254.8 0.0329895 0.108017
255.2 0.0277181 0.109645
255.6 0.0214866 0.110132
256 0.0144186 0.109398
256.4 0.00668439 0.107406
256.8 -0.00150412 0.104163
257.2 -0.00990082 0.0997194
257.6 -0.018236 0.0941659
258 -0.0262291 0.087632
258.4 -0.0336032 0.0802811
258.8 -0.0401002 0.0723066
259.2 -0.0454956 0.0639259
259.6 -0.0496119 0.0553736
260 -0.0523293 0.0468945
260.4 -0.0535939 0.038735
260.8 -0.05342 0.031134
261.2 -0.0518901 0.0243143
261.6 -0.0491489 0.018473
262 -0.0453934 0.0137739
262.4 -0.04086 0.0103401
262.8 -0.0358084 0.00824899
263.2 -0.0305041 0.00752874
263.6 -0.0252012 0.00815775
264 -0.0201264 0.0100662
264.4 -0.0154651 0.0131403
264.8 -0.0113513 0.0172286
265.2 -0.00786238 0.0221501
265.6 -0.00501762 0.027704
266 -0.00278217 0.0336797
266.4 -0.00107504 0.0398672
266.8 0.000219489 0.0460665
267.2 0.00123812 0.0520961
267.6 0.0021238 0.0577996
268 0.00301146 0.0630501
268.4 0.00401552 0.0677526
268.8 0.00522032 0.071844
269.2 0.00667443 0.0752911
269.6 0.00838904 0.0780865
270 0.0103408 0.0802442
270.4 0.0124784 0.0817936
270.8 0.0147319 0.0827733
271.2 0.0170246 0.0832266
271.6 0.0192844 0.0831967
272 0.0214556 0.0827237
272.4 0.023507 0.0818435
272.8 0.0254384 0.080588
273.2 0.0272822 0.078987
273.6 0.0291011 0.0770709
274 0.0309819 0.0748745
274.4 0.0330259 0.0724408
274.8 0.035337 0.0698239
275.2 0.0380085 0.0670914
275.6 0.0411104 0.0643245
276 0.0446779 0.0616169
276.4 0.0487033 0.0590713
276.8 0.0531312 0.0567935
277.2 0.0578584 0.054886
277.6 0.0627377 0.0534399
278 0.0675866 0.0525265
278.4 0.0721985 0.0521906
278.8 0.0763571 0.0524439
279.2 0.0798513 0.0532615
279.6 0.0824903 0.0545814
280 0.0841169 0.0563065
280.4 0.0846189 0.05831
280.8 0.0839359 0.0604439
281.2 0.0820635 0.0625489
281.6 0.079053 0.0644663
282 0.0750069 0.0660494
282.4 0.0700722 0.067174
282.8 0.0644308 0.0677476
283.2 0.0582881 0.0677145
283.6 0.0518619 0.0670586
284 0.0453712 0.0658017
284.4 0.0390263 0.0639986
284.8 0.0330207 0.0617294
285.2 0.0275252 0.0590895
285.6 0.0226836 0.0561786
286 0.0186106 0.0530902
286.4 0.015392 0.0499023
286.8 0.0130853 0.0466702
287.2 0.0117211 0.0434231
287.6 0.011306 0.0401635
288 0.0118237 0.03687
288.4 0.0132378 0.0335038
288.8 0.0154925 0.0300164
289.2 0.0185148 0.0263593
289.6 0.0222148 0.0224926
290 0.0264871 0.0183939
290.4 0.0312125 0.0140641
290.8 0.0362596 0.00953045
291.2 0.0414872 0.00484707
291.6 0.0467481 9.18267e-05
292 0.0518926 -0.00463919
292.4 0.0567732 -0.00923917
292.8 0.0612495 -0.0135991
293.2 0.0651933 -0.017616
293.6 0.0684929 -0.0212005
294 0.0710575 -0.0242819
294.4 0.0728204 -0.0268111
294.8 0.0737411 -0.028761
295.2 0.0738059 -0.0301234
295.6 0.0730282 -0.0309053
296 0.0714464 -0.0311223
296.4 0.0691219 -0.0307933
296.8 0.0661352 -0.0299341
297.2 0.0625825 -0.0285543
297.6 0.0585713 -0.0266554
298 0.054216 -0.0242318
298.4 0.0496338 -0.0212746
298.8 0.0449412 -0.017778
299.2 0.0402499 -0.0137466
299.6 0.0356646 -0.00920378
300 0.0312797 -0.00419937
300.4 0.0271779 0.00118433
300.8 0.0234281 0.00682949
301.2 0.0200846 0.0125831
301.6 0.0171858 0.0182613
302 0.0147542 0.0236578
302.4 0.0127964 0.0285556
302.8 0.0113034 0.0327414
303.2 0.0102514 0.0360213
303.6 0.00960371 0.0382364
304 0.00931252 0.039277
304.4 0.00932122 0.0390932
304.8 0.00956736 0.0377024
305.2 0.00998566 0.0351902
305.6 0.0105112 0.0317076
306 0.0110825 0.0274614
306.4 0.0116444 0.0227011
306.8 0.0121501 0.0177016
307.2 0.0125632 0.0127438
307.6 0.0128586 0.00809484
308 0.0130224 0.00398948
308.4 0.013052 0.000613764
308.8 0.0129542 -0.00190682
309.2 0.012744 -0.00351445
309.6 0.0124425 -0.00422043
310 0.0120745 -0.00410113
310.4 0.0116669 -0.00328884
310.8 0.0112462 -0.00195831
311.2 0.0108379 -0.000310414
311.6 0.0104648 0.00144579
312 0.010147 0.00311094
312.4 0.00990153 0.00451162
312.8 0.00974273 0.00551371
313.2 0.00968233 0.0060318
313.6 0.00972993 0.00603382
314 0.00989301 0.00554084
314.4 0.0101768 0.00462208
314.8 0.0105836 0.00338578
315.2 0.0111122 0.00196686
315.6 0.0117562 0.00051259
316 0.0125034 -0.00083244
316.4 0.0133338 -0.00194061
316.8 0.0142195 -0.00271363
317.2 0.0151237 -0.00309184
317.6 0.0160014 -0.0030598
318 0.0168009 -0.0026476
318.4 0.0174652 -0.00192806
318.8 0.0179362 -0.00101
319.2 0.0181575 -2.8437e-05
319.6 0.0180796 0.000867497
320 0.0176635 0.0015277
320.4 0.0168861 0.00181417
320.8 0.0157428 0.00161278
321.2 0.0142507 0.000842915
321.6 0.0124498 -0.000535967
322 0.0104026 -0.00252116
322.4 0.00819249 -0.0050672
322.8 0.00591967 -0.00808971
323.2 0.00369654 -0.0114722
323.6 0.00164127 -0.0150753
324 -0.000129078 -0.0187469
324.4 -0.00150577 -0.0223329
324.8 -0.00239533 -0.0256878
325.2 -0.00272569 -0.0286833
325.6 -0.00245112 -0.0312156
326 -0.00155552 -0.0332093
326.4 -5.39267e-05 -0.0346202
326.8 0.00200801 -0.0354343
327.2 0.00455634 -0.0356654
327.6 0.00749296 -0.0353509
328 0.010701 -0.0345467
328.4 0.0140515 -0.0333209
328.8 0.0174101 -0.0317489
329.2 0.0206445 -0.029908
329.6 0.023631 -0.0278732
330 0.0262603 -0.0257148
330.4 0.0284426 -0.0234962
330.8 0.0301107 -0.0212732
331.2 0.0312221 -0.019094
331.6 0.0317597 -0.0169994
332 0.0317303 -0.0150236
332.4 0.0311629 -0.0131944
332.8 0.030105 -0.0115333
333.2 0.0286191 -0.0100552
333.6 0.0267776 -0.00876744
334 0.0246588 -0.00766949
334.4 0.0223416 -0.00675156
334.8 0.0199018 -0.00599434
335.2 0.017408 -0.00536897
335.6 0.0149189 -0.00483792
336 0.0124809 -0.00435673
336.4 0.0101271 -0.00387669
336.8 0.00787662 -0.0033483
337.2 0.00573553 -0.00272528
337.6 0.00369826 -0.00196867
338 0.00174987 -0.00105079
338.4 -0.00013112 4.16246e-05
338.8 -0.00196931 0.00130527
339.2 -0.00378888 0.00271956
339.6 -0.00561 0.00424749
340 -0.00744549 0.00583799
340.4 -0.00929798 0.00742979
340.8 -0.0111578 0.00895622
341.2 -0.0130017 0.0103508
341.6 -0.014793 0.0115528
342 -0.0164821 0.0125126
342.4 -0.0180094 0.0131954
342.8 -0.0193077 0.0135847
343.2 -0.0203072 0.013683
343.6 -0.0209395 0.0135113
344 -0.0211434 0.0131066
344.4 -0.0208695 0.0125183
344.8 -0.0200851 0.0118027
345.2 -0.0187779 0.0110182
345.6 -0.016959 0.0102191
346 -0.014664 0.00945099
346.4 -0.0119525 0.00874655
346.8 -0.00890683 0.00812297
347.2 -0.00562814 0.00758105
347.6 -0.00223167 0.00710591
348 0.00115922 0.0066693
348.4 0.00441969 0.00623333
348.8 0.00743039 0.00575501
349.2 0.0100842 0.0051913
349.6 0.0122923 0.00450419
350 0.0139892 0.0036651
350.4 0.0151361 0.00265849
350.8 0.0157229 0.00148409
351.2 0.0157681 0.00015777
351.6 0.0153169 -0.00128915
352 0.0144378 -0.00281191
352.4 0.0132177 -0.00435555
352.8 0.0117555 -0.00585893
353.2 0.0101561 -0.00725928
353.6 0.00852288 -0.0084968
354 0.00695178 -0.00951899
354.4 0.00552522 -0.0102843
354.8 0.00430764 -0.0107648
355.2 0.00334229 -0.010948
355.6 0.00264971 -0.0108375
356 0.00222781 -0.0104522
356.4 0.00205352 -0.00982495
356.8 0.00208593 -0.00900004
357.2 0.00227043 -0.00803036
357.6 0.00254366 -0.00697387
358 0.00283879 -0.00589019
358.4 0.00309073 -0.00483708
358.8 0.00324085 -0.00386727
359.2 0.00324094 -0.00302568
359.6 0.00305602 -0.00234719
360 0.00266602 -0.0018549
360.4 0.00206606 -0.00155916
360.8 0.00126558 -0.00145714
361.2 0.000286319 -0.00153309
361.6 -0.000840516 -0.00175917
362 -0.00207764 -0.00209686
362.4 -0.00338532 -0.00249893
362.8 -0.00472482 -0.00291179
363.2 -0.00606149 -0.00327831
363.6 -0.00736713 -0.00354088
364 -0.00862144 -0.00364464
364.4 -0.00981262 -0.00354076
364.8 -0.0109368 -0.00318955
365.2 -0.011997 -0.00256334
365.6 -0.0130008 -0.00164871
366 -0.013958 -0.000448233
366.4 -0.0148781 0.0010188
366.8 -0.0157676 0.0027165
367.2 -0.016628 0.00459361
367.6 -0.0174542 0.00658569
368 -0.0182335 0.00861839
368.4 -0.0189463 0.0106114
368.8 -0.0195664 0.0124832
369.2 -0.0200633 0.0141557
369.6 -0.0204047 0.0155596
370 -0.0205589 0.0166385
370.4 -0.0204981 0.0173528
370.8 -0.0202018 0.0176828
371.2 -0.0196585 0.0176296
371.6 -0.0188683 0.0172157
372 -0.0178441 0.0164833
372.4 -0.0166111 0.0154916
372.8 -0.015207 0.0143125
373.2 -0.0136799 0.0130259
373.6 -0.0120854 0.0117139
374 -0.0104845 0.0104551
374.4 -0.00893917 0.00931956
374.8 -0.00750892 0.00836356
375.2 -0.00624742 0.00762642
375.6 -0.00519909 0.00712816
376 -0.00439654 0.00686887
376.4 -0.0038587 0.00682955
376.8 -0.00358988 0.00697453
377.2 -0.00357976 0.00725503
377.6 -0.00380427 0.00761369
378 -0.0042274 0.00798961
378.4 -0.00480366 0.00832339
378.8 -0.00548104 0.00856195
379.2 -0.00620434 0.00866249
379.6 -0.00691856 0.00859544
380 -0.00757209 0.00834617
380.4 -0.00811958 0.0079153
380.8 -0.00852424 0.00731777
381.2 -0.0087595 0.00658074
381.6 -0.00880986 0.00574058
382 -0.00867103 0.00483933
382.4 -0.00834925 0.00392098
382.8 -0.00786004 0.00302783
383.2 -0.00722639 0.00219742
383.6 -0.00647661 0.00146015
384 -0.005642 0.000837875
384.4 -0.0047546 0.000343358
384.8 -0.0038451 -1.92064e-05
385.2 -0.00294111 -0.00025295
385.6 -0.00206593 -0.000366463
386 -0.0012378 -0.000371597
386.4 -0.000469781 -0.000281204
386.8 0.000229935 -0.00010709
387.2 0.000857247 0.00014159
387.6 0.00141107 0.000459343
388 0.00189211 0.00084465
388.4 0.00230161 0.00129959
388.8 0.0026403 0.00182885
389.2 0.00290756 0.00243827
389.6 0.00310098 0.00313312
390 0.00321636 0.00391638
390.4 0.00324807 0.0047871
390.8 0.00318987 0.00573926
391.2 0.0030359 0.00676111
391.6 0.00278193 0.00783511
392 0.00242652 0.00893858
392.4 0.00197212 0.0100448
392.8 0.00142582 0.0111249
393.2 0.000799751 0.0121494
393.6 0.000111017 0.0130907
394 -0.000618892 0.0139245
394.4 -0.00136511 0.0146319
394.8 -0.00210082 0.0152003
395.2 -0.00279888 0.0156238
395.6 -0.00343365 0.0159037
396 -0.00398274 0.0160473
396.4 -0.00442847 0.016067
396.8 -0.0047591 0.0159791
397.2 -0.00496955 0.0158014
397.6 -0.00506154 0.0155525
398 -0.00504332 0.0152491
398.4 -0.00492873 0.0149057
398.8 -0.00473602 0.0145335
399.2 -0.00448626 0.0141397
399.6 -0.00420159 0.0137283
400 -0.00390359 0.0133
