-0.998 -9.07615 -24.3306
-0.996 -7.44059 -27.6751
-0.994 -5.88243 -30.4595
-0.992 -4.65588 -32.4565
-0.99 -3.97854 -33.5215
-0.988 -4.00186 -33.5908
-0.986 -4.78505 -32.669
-0.984 -6.27527 -30.8171
-0.982 -8.3012 -28.1502
-0.98 -10.5867 -24.8386
-0.978 -12.7869 -21.1037
-0.976 -14.5414 -17.2004
-0.974 -15.5355 -13.3841
-0.972 -15.5532 -9.87362
-0.97 -14.5107 -6.8215
-0.968 -12.4652 -4.30498
-0.966 -9.60331 -2.33556
-0.964 -6.21208 -0.87932
-0.962 -2.6393 0.122123
-0.96 0.754834 0.734339
-0.958 3.64859 1.01492
-0.956 5.80323 0.999699
-0.954 7.09129 0.694519
-0.952 7.5032 0.0791915
-0.95 7.13548 -0.874576
-0.948 6.16878 -2.17805
-0.946 4.84192 -3.80502
-0.944 3.42261 -5.68428
-0.942 2.17241 -7.70489
-0.94 1.30649 -9.7292
-0.938 0.95367 -11.6096
-0.936 1.12821 -13.2067
-0.934 1.72621 -14.404
-0.932 2.55415 -15.116
-0.93 3.38426 -15.2882
-0.928 4.01831 -14.8941
-0.926 4.33902 -13.9354
-0.924 4.33595 -12.4463
-0.922 4.10428 -10.4991
-0.92 3.82027 -8.20408
-0.918 3.69909 -5.70524
-0.916 3.94431 -3.17225
-0.914 4.70342 -0.791487
-0.912 6.04232 1.2465
-0.91 7.94189 2.76566
-0.908 10.3077 3.62963
-0.906 12.9814 3.77042
-0.904 15.749 3.21322
-0.902 18.3484 2.08593
-0.9 20.4871 0.602808
-0.898 21.8726 -0.97989
-0.896 22.2571 -2.42497
-0.894 21.4874 -3.57053
-0.892 19.5487 -4.36066
-0.89 16.5862 -4.84277
-0.888 12.8909 -5.13997
-0.886 8.8447 -5.41518
-0.884 4.84287 -5.83928
-0.882 1.22056 -6.56482
-0.88 -1.79112 -7.70035
-0.878 -4.0734 -9.28368
-0.876 -5.60299 -11.2604
-0.874 -6.42748 -13.4782
-0.872 -6.64572 -15.7042
-0.87 -6.39523 -17.6605
-0.868 -5.84147 -19.0679
-0.866 -5.16219 -19.6872
-0.864 -4.52502 -19.3489
-0.862 -4.06179 -17.9743
-0.86 -3.84629 -15.588
-0.858 -3.88219 -12.3245
-0.856 -4.10529 -8.42399
-0.854 -4.40015 -4.21161
-0.852 -4.6281 -0.0585087
-0.85 -4.66133 3.67156
-0.848 -4.41623 6.67711
-0.846 -3.87806 8.76153
-0.844 -3.11064 9.85279
-0.842 -2.24878 9.99716
-0.84 -1.47502 9.33364
-0.838 -0.984249 8.06147
-0.836 -0.940843 6.41108
-0.834 -1.43546 4.62035
-0.832 -2.45185 2.91228
-0.83 -3.85594 1.47042
-0.828 -5.41518 0.413602
-0.826 -6.84588 -0.223735
-0.824 -7.87285 -0.497109
-0.822 -8.27974 -0.536568
-0.82 -7.93507 -0.50979
-0.818 -6.79436 -0.573688
-0.816 -4.89103 -0.832329
-0.814 -2.32888 -1.31639
-0.812 0.719356 -1.98725
-0.81 4.01228 -2.75791
-0.808 7.24746 -3.51956
-0.806 10.0835 -4.16605
-0.804 12.1789 -4.61224
-0.802 13.2439 -4.80637
-0.8 13.0936 -4.73826
-0.798 11.6878 -4.44403
-0.796 9.14358 -4.00519
-0.794 5.71699 -3.53779
-0.792 1.76022 -3.17026
-0.79 -2.33372 -3.01467
-0.788 -6.18392 -3.14087
-0.786 -9.46271 -3.56187
-0.784 -11.9213 -4.23237
-0.782 -13.4016 -5.05528
-0.78 -13.836 -5.89048
-0.778 -13.24 -6.56616
-0.776 -11.7017 -6.89862
-0.774 -9.37281 -6.7246
-0.772 -6.459 -5.94074
-0.77 -3.20365 -4.53655
-0.768 0.137032 -2.60715
-0.766 3.32352 -0.338911
-0.764 6.15947 2.0285
-0.762 8.50764 4.25095
-0.76 10.2919 6.12276
-0.758 11.4869 7.50039
-0.756 12.1027 8.30249
-0.754 12.1722 8.49352
-0.752 11.7482 8.0658
-0.75 10.9109 7.03343
-0.748 9.77669 5.44169
-0.746 8.49695 3.38227
-0.744 7.24027 1.00054
-0.742 6.16439 -1.51212
-0.74 5.38955 -3.93852
-0.738 4.98484 -6.06312
-0.736 4.971 -7.70372
-0.734 5.33542 -8.74171
-0.732 6.04968 -9.14175
-0.73 7.07916 -8.95214
-0.728 8.37792 -8.28457
-0.726 9.87015 -7.27962
-0.724 11.4275 -6.06986
-0.722 12.856 -4.75248
-0.72 13.904 -3.37912
-0.718 14.2937 -1.96248
-0.716 13.7715 -0.493263
-0.714 12.1618 1.04009
-0.712 9.40858 2.63469
-0.71 5.59055 4.26198
-0.708 0.90676 5.86248
-0.706 -4.35654 7.3471
-0.704 -9.86507 8.60732
-0.702 -15.2731 9.53467
-0.7 -20.2561 10.0441
-0.698 -24.5413 10.0923
-0.696 -27.9338 9.68404
-0.694 -30.3354 8.86865
-0.692 -31.7467 7.7301
-0.69 -32.2496 6.37359
-0.688 -31.974 4.90798
-0.686 -31.0623 3.42425
-0.684 -29.6487 1.97439
-0.682 -27.8571 0.557323
-0.68 -25.8129 -0.882904
-0.678 -23.6495 -2.44527
-0.676 -21.5026 -4.24798
-0.674 -19.4938 -6.39542
-0.672 -17.7132 -8.93994
-0.67 -16.2134 -11.8465
-0.668 -15.0166 -14.9721
-0.666 -14.1317 -18.0689
-0.664 -13.5694 -20.8133
-0.662 -13.3474 -22.8517
-0.66 -13.476 -23.8543
-0.658 -13.9344 -23.5692
-0.656 -14.6489 -21.8701
-0.654 -15.4895 -18.7882
-0.652 -16.2847 -14.5177
-0.65 -16.8471 -9.39039
-0.648 -16.9969 -3.8252
-0.646 -16.5805 1.73257
-0.644 -15.4863 6.86977
-0.642 -13.6667 11.2533
-0.64 -11.1632 14.665
-0.638 -8.12831 17.0216
-0.636 -4.83054 18.3782
-0.634 -1.63402 18.9097
-0.632 1.04805 18.8733
-0.63 2.81757 18.558
-0.628 3.359 18.2316
-0.626 2.49428 18.0959
-0.624 0.213661 18.253
-0.622 -3.32238 18.6849
-0.62 -7.80861 19.2517
-0.618 -12.8422 19.7173
-0.616 -17.9817 19.8034
-0.614 -22.8054 19.2609
-0.612 -26.96 17.9373
-0.61 -30.1945 15.8196
-0.608 -32.3814 13.0434
-0.606 -33.5245 9.87174
-0.604 -33.7518 6.64857
-0.602 -33.2907 3.73684
-0.6 -32.4247 1.45273
-0.598 -31.4386 0.0108877
-0.596 -30.5681 -0.509107
-0.594 -29.969 -0.172545
-0.592 -29.7079 0.820934
-0.59 -29.7681 2.16398
-0.588 -30.0616 3.48192
-0.586 -30.4441 4.38511
-0.584 -30.7374 4.52869
-0.582 -30.76 3.67059
-0.58 -30.3637 1.71561
-0.578 -29.4707 -1.2657
-0.576 -28.102 -5.04815
-0.574 -26.3869 -9.28935
-0.572 -24.5453 -13.583
-0.57 -22.8431 -17.5159
-0.568 -21.5287 -20.7207
-0.566 -20.7722 -22.9195
-0.564 -20.6223 -23.9565
-0.562 -20.9918 -23.8197
-0.56 -21.6693 -22.6454
-0.558 -22.3528 -20.7041
-0.556 -22.6988 -18.362
-0.554 -22.3807 -16.02
-0.552 -21.1513 -14.0441
-0.55 -18.8955 -12.7072
-0.548 -15.6641 -12.1618
-0.546 -11.6786 -12.4497
-0.544 -7.30806 -13.533
-0.542 -3.02331 -15.3286
-0.54 0.66276 -17.7233
-0.538 3.25965 -20.5675
-0.536 4.362 -23.6617
-0.534 3.70552 -26.7571
-0.532 1.21115 -29.5835
-0.53 -2.98885 -31.8956
-0.528 -8.54957 -33.5171
-0.526 -14.9403 -34.3654
-0.524 -21.4969 -34.4529
-0.522 -27.4931 -33.873
-0.52 -32.2218 -32.7794
-0.518 -35.0798 -31.3641
-0.516 -35.647 -29.8369
-0.514 -33.7489 -28.4043
-0.512 -29.4911 -27.2486
-0.51 -23.2542 -26.509
-0.508 -15.6487 -26.2639
-0.506 -7.43537 -26.5176
-0.504 0.573371 -27.1972
-0.502 7.6164 -28.1637
-0.5 13.0748 -29.2398
-0.498 16.5362 -30.2419
-0.496 17.8228 -31.0063
-0.494 16.9803 -31.3995
-0.492 14.2391 -31.3167
-0.49 9.96157 -30.6752
-0.488 4.59115 -29.4139
-0.486 -1.38938 -27.4983
-0.484 -7.48762 -24.9293
-0.482 -13.2257 -21.7502
-0.48 -18.1663 -18.0503
-0.478 -21.9433 -13.9673
-0.476 -24.293 -9.69498
-0.474 -25.0788 -5.49182
-0.472 -24.301 -1.68522
-0.47 -22.0935 1.34143
-0.468 -18.7094 3.18506
-0.466 -14.5013 3.4808
-0.464 -9.89653 1.96943
-0.462 -5.36616 -1.44251
-0.46 -1.38663 -6.64475
-0.458 1.60177 -13.3139
-0.456 3.23639 -20.9317
-0.454 3.27059 -28.8269
-0.452 1.60598 -36.2393
-0.45 -1.68804 -42.4022
-0.448 -6.37551 -46.6344
-0.446 -12.0793 -48.4236
-0.444 -18.3252 -47.4846
-0.442 -24.5933 -43.7834
-0.44 -30.3648 -37.5322
-0.438 -35.1592 -29.1599
-0.436 -38.5614 -19.2659
-0.434 -40.2439 -8.55815
-0.432 -39.9849 2.21799
-0.43 -37.6853 12.3526
-0.428 -33.3793 21.2389
-0.426 -27.2388 28.4289
-0.424 -19.5684 33.6699
-0.422 -10.7933 36.9142
-0.42 -1.43808 38.2963
-0.418 7.90294 38.0815
-0.416 16.604 36.6001
-0.414 24.0526 34.1815
-0.412 29.6986 31.1032
-0.41 33.1051 27.5625
-0.408 34.0004 23.6747
-0.406 32.3263 19.4977
-0.404 28.2698 15.0795
-0.402 22.2641 10.5164
-0.4 14.9544 6.00028
-0.398 7.1344 1.83004
-0.396 -0.333388 -1.62276
-0.394 -6.60139 -3.98362
-0.392 -10.922 -4.95597
-0.39 -12.7316 -4.39084
-0.388 -11.726 -2.3345
-0.386 -7.91217 0.949747
-0.384 -1.62063 4.98935
-0.382 6.52757 9.14535
-0.38 15.6916 12.6922
-0.378 24.9016 14.9283
-0.376 33.154 15.3031
-0.374 39.5007 13.5371
-0.372 43.131 9.71208
-0.37 43.4482 4.3114
-0.368 40.1385 -1.80113
-0.366 33.2235 -7.46607
-0.364 23.0835 -11.3724
-0.362 10.4419 -12.2474
-0.36 -3.68905 -9.06749
-0.358 -18.0954 -1.25418
-0.356 -31.4702 11.1823
-0.354 -42.5299 27.5799
-0.352 -50.1271 46.6534
-0.35 -53.3546 66.6138
-0.348 -51.638 85.364
-0.346 -44.8113 100.749
-0.344 -33.1627 110.825
-0.342 -17.4334 114.124
-0.34 1.23719 109.854
-0.338 21.4191 98.0297
-0.336 41.5352 79.4929
-0.334 60.0163 55.8172
-0.332 75.4471 29.1209
-0.33 86.6843 1.81394
-0.328 92.9448 -23.6805
-0.326 93.8671 -45.1936
-0.324 89.5436 -61.04
-0.322 80.5189 -70.182
-0.32 67.7436 -72.3078
-0.318 52.4813 -67.8138
-0.316 36.1828 -57.7024
-0.314 20.3497 -43.4159
-0.312 6.40412 -26.6399
-0.31 -4.42371 -9.10908
-0.308 -11.1894 7.55751
-0.306 -13.3073 21.9745
-0.304 -10.5924 33.0574
-0.302 -3.25986 40.0495
-0.3 8.12177 42.5235
-0.298 22.7114 40.3734
-0.296 39.486 33.8023
-0.294 57.3186 23.3066
-0.292 75.0362 9.65041
-0.29 91.4655 -6.17133
-0.288 105.481 -22.9848
-0.286 116.071 -39.5003
-0.284 122.413 -54.3855
-0.282 123.96 -66.3466
-0.28 120.501 -74.2199
-0.278 112.198 -77.0757
-0.276 99.575 -74.3359
-0.274 83.4865 -65.8972
-0.272 65.06 -52.2345
-0.27 45.6314 -34.4464
-0.268 26.6687 -14.2127
-0.266 9.68111 6.35341
-0.264 -3.89237 24.9434
-0.262 -12.8175 39.3505
-0.26 -16.212 47.7809
-0.258 -13.6868 49.1352
-0.256 -5.45406 43.2147
-0.254 7.62032 30.8148
-0.252 24.0405 13.6783
-0.25 41.7865 -5.69774
-0.248 58.4979 -24.3842
-0.246 71.7197 -39.4288
-0.244 79.1882 -48.2909
-0.242 79.1252 -49.2353
-0.24 70.4978 -41.6196
-0.238 53.1965 -26.0257
-0.236 28.0932 -4.20572
-0.234 -3.02952 21.1554
-0.232 -37.6636 46.8296
-0.23 -72.8393 69.5302
-0.228 -105.435 86.4141
-0.226 -132.498 95.5183
-0.224 -151.545 96.055
-0.222 -160.821 88.5093
-0.22 -159.476 74.5162
-0.218 -147.653 56.5413
-0.216 -126.468 37.4272
-0.214 -97.8793 19.8935
-0.212 -64.4773 6.08365
-0.21 -29.2016 -2.76799
-0.208 4.95817 -6.50103
-0.206 35.2489 -6.00487
-0.204 59.3914 -3.00616
-0.202 75.7458 0.305743
-0.2 83.4011 1.75653
-0.198 82.1895 -0.321388
-0.196 72.6392 -6.68411
-0.194 55.8813 -16.9466
-0.192 33.5322 -29.5804
-0.19 7.57085 -42.1422
-0.188 -19.7809 -51.695
-0.186 -46.1701 -55.351
-0.184 -69.2217 -50.8544
-0.182 -86.6508 -37.103
-0.18 -96.3883 -14.513
-0.178 -96.7324 14.8568
-0.176 -86.5276 47.4635
-0.174 -65.354 78.7134
-0.172 -33.6948 103.615
-0.17 6.96294 117.552
-0.168 54.1301 117.074
-0.166 104.444 100.556
-0.164 153.923 68.6334
-0.162 198.336 24.3026
-0.16 233.637 -27.3552
-0.158 256.424 -79.7937
-0.156 264.347 -125.88
-0.154 256.421 -158.898
-0.152 233.186 -173.511
-0.15 196.703 -166.551
-0.148 150.377 -137.498
-0.146 98.6188 -88.5853
-0.144 46.3959 -24.5378
-0.142 -1.2926 48.0276
-0.14 -39.9637 121.444
-0.138 -66.1655 187.966
-0.136 -77.8925 240.744
-0.134 -74.8364 274.67
-0.132 -58.4197 286.967
-0.13 -31.6007 277.452
-0.128 1.52505 248.436
-0.126 36.264 204.281
-0.124 67.9224 150.708
-0.122 92.3775 93.9577
-0.12 106.549 39.942
-0.118 108.721 -6.47736
-0.116 98.6684 -41.9814
-0.114 77.5873 -65.0033
-0.112 47.84 -75.6643
-0.11 12.5742 -75.4922
-0.108 -24.7102 -67.0048
-0.106 -60.5746 -53.2443
-0.104 -91.9881 -37.3343
-0.102 -116.574 -22.1172
-0.1 -132.746 -9.90776
-0.098 -139.729 -2.3805
-0.096 -137.484 -0.583396
-0.094 -126.551 -5.04189
-0.092 -107.861 -15.8944
-0.09 -82.5498 -32.9983
-0.088 -51.8321 -55.9669
-0.086 -16.9568 -84.1272
-0.084 20.7373 -116.422
-0.082 59.7001 -151.301
-0.08 98.0414 -186.656
-0.078 133.46 -219.855
-0.076 163.283 -247.894
-0.074 184.638 -267.672
-0.072 194.739 -276.33
-0.07 191.25 -271.611
-0.068 172.671 -252.19
-0.066 138.673 -217.959
-0.064 90.3474 -170.224
-0.062 30.324 -111.811
-0.06 -37.2841 -46.9929
-0.058 -107.135 18.7977
-0.056 -173.14 79.5199
-0.054 -229.162 129.294
-0.052 -269.836 163.288
-0.05 -291.382 178.53
-0.048 -292.235 174.449
-0.046 -273.327 152.969
-0.044 -237.955 118.132
-0.042 -191.24 75.3543
-0.04 -139.318 30.5128
-0.038 -88.4546 -10.9137
-0.036 -44.2449 -44.5063
-0.034 -11.0285 -67.3136
-0.032 8.47437 -78.0238
-0.03 13.3217 -76.9352
-0.028 4.3457 -65.7413
-0.026 -15.9926 -47.1366
-0.024 -43.889 -24.2745
-0.022 -74.6322 -0.15455
-0.02 -103.178 22.9467
-0.018 -124.796 43.8779
-0.016 -135.676 62.7485
-0.014 -133.351 80.7488
-0.012 -116.828 99.6706
-0.01 -86.4599 121.227
-0.008 -43.6356 146.357
-0.006 9.48499 174.74
-0.004 70.0871 204.725
-0.002 134.689 233.689
0 199.216 258.647
0.002 259.368 276.811
0.004 311.247 285.955
0.006 351.929 284.731
0.008 379.659 273.011
0.01 393.666 252.185
0.012 393.857 225.157
0.014 380.633 195.913
0.016 354.931 168.723
0.018 318.4 147.217
0.02 273.567 133.598
0.022 223.845 128.166
0.024 173.324 129.271
0.026 126.393 133.654
0.028 87.2627 137.116
0.03 59.486 135.336
0.032 45.549 124.692
0.034 46.547 102.912
0.036 61.9636 69.4924
0.038 89.5676 25.8482
0.04 125.477 -24.7842
0.042 164.446 -77.6676
0.044 200.422 -127.105
0.046 227.327 -167.19
0.048 239.967 -192.696
0.05 234.856 -199.958
0.052 210.78 -187.549
0.054 168.961 -156.564
0.056 112.803 -110.438
0.058 47.3178 -54.3506
0.06 -21.6165 5.62921
0.062 -88.0285 63.4575
0.064 -146.527 113.912
0.066 -192.822 153.152
0.068 -224.05 179.002
0.07 -238.904 190.97
0.072 -237.582 190.052
0.074 -221.564 178.391
0.076 -193.295 158.845
0.078 -155.801 134.526
0.08 -112.332 108.376
0.082 -66.0485 82.8372
0.084 -19.8108 59.6627
0.086 23.938 39.8838
0.088 63.1959 23.9152
0.09 96.363 11.7492
0.092 122.173 3.17275
0.094 139.632 -2.05298
0.096 148 -4.09686
0.098 146.834 -3.06374
0.1 136.079 0.903728
0.102 116.194 7.45449
0.104 88.2659 15.8335
0.106 54.064 24.7196
0.108 16.0201 32.1646
0.11 -22.8943 35.6965
0.112 -59.3829 32.614
0.114 -90.1235 20.443
0.116 -112.129 -2.53
0.118 -123.13 -36.7688
0.12 -121.932 -81.158
0.122 -108.659 -132.914
0.124 -84.8558 -187.764
0.126 -53.4025 -240.362
0.128 -18.2483 -284.891
0.13 16.0092 -315.792
0.132 44.6604 -328.514
0.134 63.47 -320.223
0.136 69.2325 -290.342
0.138 60.2125 -240.823
0.14 36.4037 -176.081
0.142 -0.432123 -102.547
0.144 -46.9489 -27.8879
0.146 -98.5968 39.9903
0.148 -150.148 94.0141
0.15 -196.303 128.892
0.152 -232.303 141.804
0.154 -254.47 132.731
0.156 -260.612 104.386
0.158 -250.227 61.7602
0.16 -224.505 11.3731
0.162 -186.121 -39.6691
0.164 -138.866 -84.6525
0.166 -87.1756 -118.138
0.168 -35.6215 -136.629
0.17 11.5669 -138.94
0.172 50.8933 -126.218
0.174 79.8612 -101.62
0.176 97.0998 -69.7068
0.178 102.355 -35.6534
0.18 96.3772 -4.4153
0.182 80.7309 20.0102
0.184 57.5818 35.1062
0.186 29.4733 40.0725
0.188 -0.880103 35.765
0.19 -30.7775 24.3743
0.192 -57.6929 8.91727
0.194 -79.4118 -7.36184
0.196 -94.1454 -21.5748
0.198 -100.626 -31.6596
0.2 -98.1844 -36.666
0.202 -86.8093 -36.8276
0.204 -67.1658 -33.4234
0.206 -40.5724 -28.4638
0.208 -8.92491 -24.2529
0.21 25.4295 -22.903
0.212 59.8627 -25.8919
0.214 91.6712 -33.7496
0.216 118.299 -45.9337
0.218 137.563 -60.91
0.22 147.852 -76.416
0.222 148.293 -89.8539
0.224 138.861 -98.7467
0.226 120.413 -101.18
0.228 94.6329 -96.1573
0.23 63.8861 -83.8059
0.232 30.9853 -65.3952
0.234 -1.10472 -43.1679
0.236 -29.5867 -20.0138
0.238 -52.1308 0.956798
0.24 -67.1183 16.8785
0.242 -73.798 25.5645
0.244 -72.342 25.8408
0.246 -63.7913 17.7246
0.248 -49.9002 2.41614
0.25 -32.8984 -17.8874
0.252 -15.2052 -40.3195
0.254 0.861113 -61.7506
0.256 13.3405 -79.2122
0.258 20.8202 -90.2809
0.26 22.54 -93.3798
0.262 18.4089 -87.9632
0.264 8.94398 -74.5654
0.266 -4.8494 -54.7041
0.268 -21.6318 -30.6533
0.27 -39.8909 -5.12094
0.272 -58.0913 19.1158
0.274 -74.802 39.5647
0.276 -88.7972 54.3124
0.278 -99.1277 62.2211
0.28 -105.159 63.0104
0.282 -106.583 57.2215
0.284 -103.403 46.0814
0.286 -95.9207 31.294
0.288 -84.7074 14.7961
0.29 -70.5781 -1.48578
0.292 -54.5452 -15.8424
0.294 -37.7599 -26.9308
0.296 -21.4415 -33.8548
0.298 -6.80098 -36.1836
0.3 5.03647 -33.9268
0.302 13.1081 -27.4856
0.304 16.6917 -17.592
0.306 15.381 -5.23993
0.308 9.14793 8.39614
0.31 -1.62689 22.0543
0.312 -16.1668 34.4846
0.314 -33.3555 44.5453
0.316 -51.8238 51.2842
0.318 -70.0542 54.0007
0.32 -86.4957 52.2878
0.322 -99.6879 46.0607
0.324 -108.391 35.5729
0.326 -111.71 21.4145
0.328 -109.195 4.48258
0.33 -100.897 -14.0817
0.332 -87.3632 -32.9873
0.334 -69.5838 -50.9067
0.336 -48.8932 -66.5911
0.338 -26.849 -78.9707
0.34 -5.09765 -87.2328
0.342 14.7687 -90.8779
0.344 31.3558 -89.7553
0.346 43.5939 -84.0734
0.348 50.8263 -74.3801
0.35 52.8445 -61.513
0.352 49.8739 -46.5245
0.354 42.5199 -30.5882
0.356 31.6925 -14.8949
0.358 18.5185 -0.54823
0.36 4.24792 11.5319
0.362 -9.84351 20.6842
0.364 -22.5524 26.5521
0.366 -32.8403 29.0929
0.368 -39.915 28.5554
0.37 -43.295 25.4326
0.372 -42.8524 20.3971
0.374 -38.827 14.2222
0.376 -31.8042 7.69382
0.378 -22.6502 1.52449
0.38 -12.4098 -3.71762
0.382 -2.18151 -7.65439
0.384 7.00608 -10.1157
0.386 14.2961 -11.1305
0.388 19.0749 -10.8927
0.39 21.0132 -9.71048
0.392 20.0807 -7.94744
0.394 16.5339 -5.97122
0.396 10.88 -4.11702
0.398 3.82 -2.66856
0.4 -3.82145 -1.85162
0.402 -11.1724 -1.83062
0.404 -17.3937 -2.70048
0.406 -21.7578 -4.47387
0.408 -23.7213 -7.07185
0.41 -22.9816 -10.3263
0.412 -19.5087 -13.9949
0.414 -13.545 -17.785
0.416 -5.56856 -21.3809
0.418 3.77162 -24.4744
0.42 13.7345 -26.795
0.422 23.564 -28.1356
0.424 32.5565 -28.3669
0.426 40.117 -27.4417
0.428 45.8041 -25.3904
0.43 49.3595 -22.3144
0.432 50.7151 -18.3786
0.434 49.9714 -13.7998
0.436 47.3523 -8.83087
0.438 43.1517 -3.73797
0.44 37.6914 1.22429
0.442 31.2999 5.83699
0.444 24.3134 9.93402
0.446 17.0874 13.4083
0.448 10.0035 16.2053
0.45 3.46281 18.3074
0.452 -2.14295 19.7198
0.454 -6.47375 20.4627
0.456 -9.28715 20.57
0.458 -10.4722 20.0869
0.46 -10.0641 19.0641
0.462 -8.23953 17.5556
0.464 -5.2987 15.6251
0.466 -1.64001 13.361
0.468 2.2699 10.8937
0.47 5.93027 8.40436
0.472 8.84679 6.11834
0.474 10.5803 4.28316
0.476 10.8007 3.13226
0.478 9.33773 2.84377
0.48 6.21192 3.5051
0.482 1.63515 5.09513
0.484 -4.02224 7.49023
0.486 -10.2834 10.491
0.488 -16.6155 13.858
0.49 -22.4631 17.3439
0.492 -27.269 20.7152
0.494 -30.4971 23.7646
0.496 -31.6775 26.3186
0.498 -30.4717 28.2455
0.5 -26.7413 29.464
0.502 -20.5951 29.9506
0.504 -12.4007 29.7402
0.506 -2.75699 28.9184
0.508 7.5684 27.605
0.51 17.726 25.9347
0.512 26.884 24.0361
0.514 34.3241 22.0127
0.516 39.5167 19.9275
0.518 42.1682 17.8002
0.52 42.2361 15.6198
0.522 39.9192 13.3723
0.524 35.6275 11.0674
0.526 29.9341 8.7514
0.528 23.5121 6.49815
0.53 17.0578 4.38572
0.532 11.2072 2.47258
0.534 6.45836 0.788057
0.536 3.11273 -0.656571
0.538 1.24649 -1.84376
0.54 0.721116 -2.72986
0.542 1.23184 -3.24681
0.544 2.38377 -3.32994
0.546 3.77649 -2.96111
0.548 5.07811 -2.20556
0.55 6.07598 -1.22174
0.552 6.69846 -0.235611
0.554 7.00684 0.511622
0.556 7.15972 0.822428
0.558 7.35725 0.589522
0.56 7.77859 -0.180773
0.562 8.52791 -1.3695
0.564 9.60103 -2.76478
0.566 10.8787 -4.09276
0.568 12.1467 -5.05498
0.57 13.1376 -5.37052
0.572 13.5853 -4.82103
0.574 13.2821 -3.29175
0.576 12.1257 -0.797822
0.578 10.1515 2.51203
0.58 7.54278 6.37515
0.582 4.61414 10.4527
0.584 1.76535 14.3784
0.586 -0.585416 17.8117
0.588 -2.07242 20.4831
0.59 -2.4384 22.2241
0.592 -1.56634 22.9735
0.594 0.510379 22.7646
0.596 3.61185 21.7004
0.598 7.42505 19.9271
0.6 11.5296 17.6121
0.602 15.4409 14.9291
0.604 18.671 12.0498
0.606 20.7975 9.13804
0.608 21.5277 6.34413
0.61 20.7423 3.79493
0.612 18.5116 1.58177
0.614 15.0796 -0.248991
0.616 10.8215 -1.69681
0.618 6.18426 -2.79731
0.62 1.62507 -3.60609
0.622 -2.43979 -4.18229
0.624 -5.67387 -4.57621
0.626 -7.8483 -4.821
0.628 -8.85991 -4.92691
0.63 -8.73728 -4.87909
0.632 -7.63129 -4.64299
0.634 -5.78977 -4.17799
0.636 -3.51934 -3.45494
0.638 -1.14082 -2.47038
0.64 1.05259 -1.25379
0.642 2.82536 0.132174
0.644 4.01305 1.59757
0.646 4.52189 3.03583
0.648 4.32364 4.3354
0.65 3.45334 5.38676
0.652 2.00934 6.08321
0.654 0.1467 6.32055
0.656 -1.94338 6.00457
0.658 -4.06545 5.07072
0.66 -6.05006 3.50927
0.662 -7.76833 1.38307
0.664 -9.12568 -1.17103
0.666 -10.0417 -3.9581
0.668 -10.4323 -6.75118
0.67 -10.2081 -9.31866
0.672 -9.29494 -11.4474
0.674 -7.66712 -12.9604
0.676 -5.37728 -13.731
0.678 -2.57152 -13.6923
0.68 0.51553 -12.8415
0.682 3.58302 -11.2394
0.684 6.29789 -9.00503
0.686 8.33474 -6.3065
0.688 9.41755 -3.34542
0.69 9.35842 -0.33322
0.692 8.0868 2.53714
0.694 5.66373 5.11787
0.696 2.2796 7.32357
0.698 -1.7636 9.13404
0.7 -6.08507 10.5825
0.702 -10.2718 11.7337
0.704 -13.9334 12.6597
0.706 -16.7549 13.4176
0.708 -18.5371 14.0352
0.71 -19.2194 14.5014
0.712 -18.883 14.7676
0.714 -17.7339 14.7594
0.716 -16.0659 14.3995
0.718 -14.2074 13.6349
0.72 -12.4628 12.4573
0.722 -11.0611 10.909
0.724 -10.1244 9.0743
0.726 -9.6633 7.06068
0.728 -9.5954 4.97771
0.73 -9.77961 2.92211
0.732 -10.0549 0.97378
0.734 -10.2777 -0.798387
0.736 -10.3529 -2.32915
0.738 -10.2509 -3.55712
0.74 -10.0048 -4.43417
0.742 -9.6859 -4.93739
0.744 -9.36765 -5.07504
0.746 -9.09325 -4.88355
0.748 -8.86066 -4.41893
0.75 -8.62784 -3.74943
0.752 -8.32849 -2.95415
0.754 -7.88565 -2.12741
0.756 -7.21684 -1.3821
0.758 -6.23587 -0.842666
0.76 -4.86196 -0.624035
0.762 -3.04224 -0.80231
0.764 -0.783731 -1.39042
0.766 1.81803 -2.32978
0.768 4.56957 -3.50035
0.77 7.20004 -4.74308
0.772 9.40988 -5.88669
0.774 10.9328 -6.77396
0.776 11.5912 -7.28445
0.778 11.3288 -7.34956
0.78 10.2168 -6.95822
0.782 8.43712 -6.15559
0.784 6.24997 -5.03864
0.786 3.94994 -3.74829
0.788 1.81716 -2.45362
0.79 0.0718136 -1.32411
0.792 -1.15899 -0.492221
0.794 -1.85536 -0.017767
0.796 -2.09655 0.129849
0.798 -2.03088 0.0613103
0.8 -1.83203 -0.0682036
0.802 -1.65708 -0.106019
0.804 -1.62066 0.0562557
0.806 -1.78768 0.458434
0.808 -2.17664 1.07044
0.81 -2.76395 1.81236
0.812 -3.48718 2.58633
0.814 -4.25225 3.30661
0.816 -4.95042 3.91692
0.818 -5.48462 4.39279
0.82 -5.79753 4.7347
0.822 -5.89135 4.95992
0.824 -5.83234 5.09632
0.826 -5.7401 5.17601
0.828 -5.7661 5.22684
0.83 -6.06653 5.26462
0.832 -6.7729 5.29188
0.834 -7.96295 5.3033
0.836 -9.63667 5.28951
0.838 -11.706 5.23237
0.84 -14.0067 5.09451
0.842 -16.3323 4.81494
0.844 -18.4781 4.32002
0.846 -20.279 3.54784
0.848 -21.625 2.47377
0.85 -22.4562 1.12371
0.852 -22.7479 -0.43113
0.854 -22.5011 -2.09449
0.856 -21.7475 -3.7703
0.858 -20.5637 -5.38194
0.86 -19.0819 -6.87838
0.862 -17.4878 -8.22756
0.864 -15.9978 -9.40348
0.866 -14.8219 -10.3743
0.868 -14.122 -11.095
0.87 -13.9775 -11.5069
0.872 -14.3691 -11.5463
0.874 -15.1837 -11.1618
0.876 -16.2368 -10.3341
0.878 -17.3057 -9.08765
0.88 -18.1653 -7.48727
0.882 -18.6185 -5.62066
0.884 -18.5199 -3.57372
0.886 -17.7955 -1.40983
0.888 -16.4586 0.839711
0.89 -14.617 3.17288
0.892 -12.4632 5.60499
0.894 -10.2443 8.15069
0.896 -8.21379 10.8019
0.898 -6.58277 13.5065
0.9 -5.48285 16.1571
0.902 -4.95197 18.5983
0.904 -4.9416 20.6511
0.906 -5.33807 22.1481
0.908 -5.98817 22.9653
0.91 -6.72294 23.0397
0.912 -7.37873 22.3687
0.914 -7.81808 20.9943
0.916 -7.95153 18.9859
0.918 -7.75753 16.4359
0.92 -7.29494 13.4697
0.922 -6.70227 10.2618
0.924 -6.17912 7.03732
0.926 -5.94856 4.04754
0.928 -6.2045 1.52104
0.93 -7.05664 -0.387173
0.932 -8.49007 -1.62465
0.934 -10.3526 -2.23712
0.936 -12.3731 -2.34021
0.938 -14.2052 -2.08604
0.94 -15.485 -1.63697
0.942 -15.8924 -1.14704
0.944 -15.2058 -0.746904
0.946 -13.3413 -0.531914
0.948 -10.3712 -0.556657
0.95 -6.52123 -0.837728
0.952 -2.14651 -1.36272
0.954 2.31066 -2.10167
0.956 6.37902 -3.01766
0.958 9.62921 -4.07418
0.96 11.7478 -5.23987
0.962 12.5985 -6.49237
0.964 12.2508 -7.82329
0.966 10.9642 -9.24285
0.968 9.12949 -10.7803
0.97 7.18256 -12.4752
0.972 5.51464 -14.3602
0.974 4.40229 -16.4382
0.976 3.97386 -18.6658
0.978 4.21609 -20.9464
0.98 5.00819 -23.1347
0.982 6.16071 -25.0496
0.984 7.44227 -26.4932
0.986 8.59384 -27.2764
0.988 9.34518 -27.2479
0.99 9.44762 -26.3239
0.992 8.72198 -24.5099
0.994 7.10506 -21.9117
0.996 4.67432 -18.7318
0.998 1.64034 -15.2536
0.4 9.16964 2.43585
0.8 9.34415 2.56034
1.2 9.62145 2.76503
1.6 9.98229 3.04584
2 10.4017 3.39733
2.4 10.8511 3.81293
2.8 11.2998 4.28521
3.2 11.7179 4.80612
3.6 12.0781 5.36735
4 12.3575 5.9605
4.4 12.5391 6.57736
4.8 12.6134 7.21006
5.2 12.578 7.85123
5.6 12.4385 8.49409
6 12.2072 9.13253
6.4 11.9023 9.76117
6.8 11.5467 10.3754
7.2 11.1659 10.9714
7.6 10.7866 11.5462
8 10.4347 12.0977
8.4 10.1337 12.6249
8.8 9.90338 13.1276
9.2 9.75879 13.6067
9.6 9.70947 14.0643
10 9.75921 14.5031
10.4 9.90614 14.927
10.8 10.1432 15.3404
11.2 10.4587 15.7481
11.6 10.8376 16.1551
12 11.2621 16.5661
12.4 11.713 16.9852
12.8 12.171 17.4153
13.2 12.6172 17.8582
13.6 13.0345 18.3136
14 13.4081 18.7795
14.4 13.7263 19.2518
14.8 13.9806 19.7241
15.2 14.1661 20.1884
15.6 14.2814 20.6348
16 14.3289 21.0525
16.4 14.314 21.4296
16.8 14.245 21.7547
17.2 14.1325 22.0164
17.6 13.9888 22.205
18 13.8271 22.3125
18.4 13.6611 22.3333
18.8 13.5038 22.2647
19.2 13.3671 22.1071
19.6 13.261 21.8642
20 13.1931 21.543
20.4 13.1679 21.1533
20.8 13.1873 20.7079
21.2 13.2495 20.2215
21.6 13.3501 19.7105
22 13.4819 19.192
22.4 13.6356 18.6836
22.8 13.8009 18.2021
23.2 13.9665 17.7631
23.6 14.122 17.3804
24 14.2578 17.0653
24.4 14.3666 16.8266
24.8 14.4432 16.6698
25.2 14.4859 16.5973
25.6 14.4956 16.6083
26 14.476 16.6992
26.4 14.4337 16.8633
26.8 14.3766 17.0917
27.2 14.3138 17.3734
27.6 14.2546 17.6962
28 14.2072 18.0466
28.4 14.1784 18.4111
28.8 14.1725 18.7761
29.2 14.1908 19.1287
29.6 14.2321 19.4575
30 14.2917 19.7521
30.4 14.3629 20.0045
30.8 14.4369 20.2084
31.2 14.5039 20.36
31.6 14.5543 20.4578
32 14.5791 20.5025
32.4 14.5714 20.497
32.8 14.5269 20.446
33.2 14.4442 20.356
33.6 14.3255 20.2344
34 14.1762 20.0896
34.4 14.0047 19.9302
34.8 13.8215 19.7647
35.2 13.6387 19.6008
35.6 13.4689 19.4452
36 13.324 19.303
36.4 13.2146 19.1775
36.8 13.1488 19.0699
37.2 13.1321 18.9796
37.6 13.1668 18.9036
38 13.2519 18.8373
38.4 13.3835 18.7743
38.8 13.5556 18.7071
39.2 13.7601 18.6277
39.6 13.9883 18.5278
40 14.2313 18.3995
40.4 14.4808 18.2363
40.8 14.73 18.0329
41.2 14.9739 17.7862
41.6 15.2091 17.4957
42 15.4345 17.1631
42.4 15.6502 16.7931
42.8 15.8574 16.393
43.2 16.0581 15.9721
43.6 16.2535 15.5422
44 16.4443 15.1162
44.4 16.6295 14.708
44.8 16.8063 14.3315
45.2 16.9698 14.0002
45.6 17.113 13.7261
46 17.2274 13.5196
46.4 17.3033 13.388
46.8 17.3307 13.3357
47.2 17.2999 13.3635
47.6 17.2025 13.4686
48 17.0326 13.6442
48.4 16.7866 13.88
48.8 16.4648 14.1624
49.2 16.0709 14.4751
49.6 15.6124 14.8
50 15.1002 15.1175
50.4 14.5482 15.4085
50.8 13.9726 15.6545
51.2 13.3909 15.8392
51.6 12.8213 15.9495
52 12.2814 15.9762
52.4 11.7872 15.9149
52.8 11.3529 15.7662
53.2 10.9895 15.536
53.6 10.7048 15.2355
54 10.5031 14.8801
54.4 10.3851 14.4894
54.8 10.3478 14.0851
55.2 10.3852 13.6907
55.6 10.4884 13.3292
56 10.6465 13.0218
56.4 10.8468 12.7867
56.8 11.0755 12.6378
57.2 11.3185 12.5831
57.6 11.5619 12.6252
58 11.7925 12.7599
58.4 11.9984 12.9772
58.8 12.1694 13.2616
59.2 12.2972 13.5934
59.6 12.376 13.9496
60 12.4028 14.3057
60.4 12.3772 14.6377
60.8 12.3014 14.9228
61.2 12.1806 15.1418
61.6 12.0224 15.2797
62 11.8365 15.3268
62.4 11.6343 15.2788
62.8 11.4283 15.1372
63.2 11.2314 14.909
63.6 11.0563 14.6052
64 10.9144 14.2406
64.4 10.8154 13.832
64.8 10.7663 13.3974
65.2 10.7713 12.9541
65.6 10.8311 12.5181
66 10.9429 12.103
66.4 11.1004 11.719
66.8 11.2943 11.3734
67.2 11.5126 11.0697
67.6 11.7416 10.8081
68 11.9666 10.5863
68.4 12.1727 10.3998
68.8 12.3464 10.2425
69.2 12.4755 10.108
69.6 12.5507 9.98941
70 12.5657 9.88078
70.4 12.5175 9.77698
70.8 12.4068 9.67415
71.2 12.2375 9.56975
71.6 12.0163 9.46257
72 11.7523 9.35252
72.4 11.456 9.24046
72.8 11.1389 9.12789
73.2 10.8122 9.01676
73.6 10.4866 8.90915
74 10.1711 8.80719
74.4 9.87326 8.71284
74.8 9.59833 8.62788
75.2 9.34955 8.55381
75.6 9.12813 8.49181
76 8.93353 8.44278
76.4 8.76384 8.4072
76.8 8.6162 8.38514
77.2 8.48723 8.37611
77.6 8.37345 8.379
78 8.27158 8.39197
78.4 8.17883 8.41238
78.8 8.09293 8.43679
79.2 8.01226 8.46102
79.6 7.93568 8.48026
80 7.86241 8.48937
80.4 7.79189 8.48317
80.8 7.72351 8.45682
81.2 7.6565 8.40626
81.6 7.58977 8.32862
82 7.52189 8.22252
82.4 7.45103 8.08837
82.8 7.3751 7.92843
83.2 7.29184 7.74676
83.6 7.199 7.549
84 7.09452 7.34188
84.4 6.97668 7.13276
84.8 6.84424 6.92892
85.2 6.69653 6.7369
85.6 6.5335 6.56188
86 6.35566 6.40708
86.4 6.16402 6.27346
86.8 5.95997 6.15946
87.2 5.74514 6.06118
87.6 5.52126 5.97257
88 5.29001 5.88609
88.4 5.05295 5.7933
88.8 4.81145 5.68578
89.2 4.56665 5.55587
89.6 4.31954 5.39759
90 4.07099 5.20719
90.4 3.82182 4.98369
90.8 3.57294 4.72902
91.2 3.32539 4.44802
91.6 3.08041 4.14806
92 2.83948 3.83848
92.4 2.60431 3.5298
92.8 2.37676 3.23288
93.2 2.15877 2.958
93.6 1.95228 2.71402
94 1.75907 2.50774
94.4 1.58067 2.34339
94.8 1.41827 2.22245
95.2 1.27264 2.1437
95.6 1.14416 2.1036
96 1.03277 2.09679
96.4 0.938094 2.11688
96.8 0.859464 2.15722
97.2 0.796074 2.21172
97.6 0.747063 2.27562
98 0.711625 2.346
98.4 0.689079 2.42215
98.8 0.678921 2.50566
99.2 0.680828 2.60026
99.6 0.694638 2.71138
100 0.720283 2.84553
100.4 0.757718 3.00956
100.8 0.806821 3.20982
101.2 0.867311 3.45137
101.6 0.938665 3.73723
102 1.02007 4.06786
102.4 1.11041 4.44081
102.8 1.20824 4.8506
103.2 1.31189 5.28889
103.6 1.41948 5.74482
104 1.52899 6.2056
104.4 1.63842 6.65722
104.8 1.74578 7.08524
105.2 1.84921 7.47562
105.6 1.94701 7.81548
106 2.03763 8.0938
106.4 2.11973 8.30199
106.8 2.1921 8.43426
107.2 2.25365 8.48787
107.6 2.30339 8.46313
108 2.34039 8.36335
108.4 2.3638 8.19456
108.8 2.37287 7.96516
109.2 2.36698 7.68547
109.6 2.34574 7.36727
110 2.30904 7.02323
110.4 2.25718 6.6664
110.8 2.19092 6.30972
111.2 2.11157 5.96549
111.6 2.02099 5.64494
112 1.92164 5.35783
112.4 1.81642 5.11212
112.8 1.70867 4.91371
113.2 1.60196 4.76623
113.6 1.49991 4.671
114 1.40601 4.62706
114.4 1.32345 4.63127
114.8 1.25486 4.67859
115.2 1.20224 4.76245
115.6 1.16681 4.87511
116 1.14897 5.00827
116.4 1.14832 5.1535
116.8 1.1637 5.30284
117.2 1.19329 5.44921
117.6 1.23481 5.58686
118 1.2856 5.71161
118.4 1.34287 5.82098
118.8 1.40382 5.91418
119.2 1.46582 5.9919
119.6 1.52649 6.05603
120 1.58381 6.10921
120.4 1.63618 6.15435
120.8 1.68244 6.19413
121.2 1.72184 6.23055
121.6 1.75408 6.26453
122 1.77921 6.29569
122.4 1.79768 6.32227
122.8 1.81024 6.34119
123.2 1.81793 6.34837
123.6 1.82206 6.33904
124 1.82413 6.30837
124.4 1.82581 6.25196
124.8 1.82886 6.16644
125.2 1.83503 6.05002
125.6 1.84595 5.90282
126 1.86299 5.72723
126.4 1.88713 5.52785
126.8 1.91878 5.31145
127.2 1.9577 5.08659
127.6 2.00283 4.86312
128 2.05226 4.65159
128.4 2.10326 4.46251
128.8 2.15229 4.30562
129.2 2.1952 4.18927
129.6 2.22742 4.11978
130 2.24428 4.101
130.4 2.24131 4.1341
130.8 2.21462 4.21742
131.2 2.16124 4.34662
131.6 2.07945 4.51494
132 1.96903 4.71367
132.4 1.8314 4.93263
132.8 1.66971 5.16078
133.2 1.48876 5.38683
133.6 1.29478 5.59981
134 1.09516 5.78958
134.4 0.898037 5.94725
134.8 0.711831 6.0655
135.2 0.544747 6.13877
135.6 0.404291 6.16334
136 0.296812 6.13736
136.4 0.227131 6.06073
136.8 0.198274 5.93502
137.2 0.211316 5.76326
137.6 0.265366 5.54976
138 0.357676 5.29997
138.4 0.483864 5.02025
138.8 0.638235 4.71777
139.2 0.814169 4.40031
139.6 1.00454 4.07614
140 1.20213 3.75385
140.4 1.40006 3.44221
140.8 1.59206 3.14993
141.2 1.77279 2.8855
141.6 1.938 2.65686
142 2.08458 2.47119
142.4 2.2106 2.33456
142.8 2.31517 2.25167
143.2 2.39836 2.22551
143.6 2.46096 2.25717
144 2.50434 2.34561
144.4 2.53022 2.48756
144.8 2.54049 2.67746
145.2 2.53714 2.90761
145.6 2.52209 3.16833
146 2.49717 3.44826
146.4 2.46414 3.73483
146.8 2.42464 4.01472
147.2 2.3803 4.27443
147.6 2.33272 4.50094
148 2.28355 4.68226
148.4 2.23445 4.80803
148.8 2.18711 4.87007
149.2 2.14319 4.86272
149.6 2.1042 4.78322
150 2.07143 4.63181
150.4 2.04577 4.4117
150.8 2.02765 4.12899
151.2 2.01682 3.7923
151.6 2.01236 3.41232
152 2.01256 3.00133
152.4 2.01497 2.57254
152.8 2.01646 2.13948
153.2 2.01337 1.71533
153.6 2.00168 1.31236
154 1.97733 0.9414
154.4 1.93642 0.611432
154.8 1.8756 0.329316
155.2 1.79229 0.0996406
155.6 1.68499 -0.0752986
156 1.55346 -0.195381
156.4 1.39887 -0.26245
156.8 1.22381 -0.280011
157.2 1.03226 -0.252885
157.6 0.829429 -0.186832
158 0.62147 -0.0881826
158.4 0.415178 0.0364975
158.8 0.217587 0.180701
159.2 0.0355494 0.338206
159.6 -0.124691 0.503236
160 -0.257892 0.670566
160.4 -0.360152 0.835554
160.8 -0.429164 0.994153
161.2 -0.464367 1.14287
161.6 -0.466978 1.27875
162 -0.439908 1.39929
162.4 -0.387561 1.50245
162.8 -0.315531 1.58665
163.2 -0.230224 1.65073
163.6 -0.138418 1.694
164 -0.0468141 1.71629
164.4 0.0384075 1.71795
164.8 0.111985 1.69988
165.2 0.169901 1.66354
165.6 0.209609 1.61087
166 0.230153 1.54428
166.4 0.23217 1.46651
166.8 0.217768 1.3805
167.2 0.190316 1.28926
167.6 0.15413 1.19565
168 0.114115 1.1023
168.4 0.0753658 1.01141
168.8 0.0427739 0.924628
169.2 0.0206621 0.843053
169.6 0.0124799 0.767149
170 0.0205772 0.696806
170.4 0.0460742 0.631415
170.8 0.0888331 0.569984
171.2 0.14753 0.511291
171.6 0.219817 0.454044
172 0.302559 0.397051
172.4 0.39212 0.33937
172.8 0.484673 0.280439
173.2 0.576511 0.220167
173.6 0.664326 0.158985
174 0.745435 0.0978555
174.4 0.817939 0.0382356
174.8 0.880803 -0.0179931
175.2 0.933848 -0.0686273
175.6 0.977673 -0.111265
176 1.0135 -0.143444
176.4 1.04299 -0.162775
176.8 1.06799 -0.167083
177.2 1.09034 -0.154523
177.6 1.11165 -0.123691
178 1.1331 -0.0737112
178.4 1.15539 -0.00429621
178.8 1.17864 0.0842059
179.2 1.20241 0.190794
179.6 1.22581 0.313818
180 1.24759 0.451008
180.4 1.26636 0.599526
180.8 1.28071 0.756041
181.2 1.28942 0.916835
181.6 1.29162 1.07792
182 1.28686 1.23519
182.4 1.27521 1.38457
182.8 1.25722 1.52219
183.2 1.23386 1.64457
183.6 1.20645 1.74874
184 1.17646 1.83241
184.4 1.1454 1.89409
184.8 1.1146 1.93314
185.2 1.08512 1.94979
185.6 1.0576 1.94514
186 1.03225 1.92106
186.4 1.00881 1.88008
186.8 0.986617 1.82523
187.2 0.96471 1.75984
187.6 0.941974 1.68736
188 0.917289 1.61115
188.4 0.889689 1.53433
188.8 0.858505 1.45963
189.2 0.823465 1.38929
189.6 0.784751 1.32506
190 0.743 1.26819
190.4 0.699246 1.2195
190.8 0.654826 1.17948
191.2 0.611235 1.14848
191.6 0.569971 1.12676
192 0.532381 1.11472
192.4 0.499518 1.11293
192.8 0.472041 1.12226
193.2 0.450157 1.14388
193.6 0.433623 1.1792
194 0.421792 1.22983
194.4 0.413719 1.29743
194.8 0.408289 1.38355
195.2 0.404371 1.48942
195.6 0.400963 1.61582
196 0.397327 1.7629
196.4 0.393074 1.93002
196.8 0.388219 2.11576
197.2 0.383163 2.31782
197.6 0.378643 2.53312
198 0.375625 2.75787
198.4 0.375175 2.98771
198.8 0.378311 3.21792
199.2 0.385868 3.44356
199.6 0.398386 3.65971
200 0.416035 3.86163
200.4 0.438597 4.04486
200.8 0.465493 4.2054
201.2 0.495869 4.33973
201.6 0.528711 4.44481
202 0.562993 4.51814
202.4 0.597823 4.55767
202.8 0.632573 4.5618
203.2 0.666977 4.52933
203.6 0.701174 4.45945
204 0.735696 4.35174
204.4 0.77139 4.20625
204.8 0.809292 4.02352
205.2 0.850459 3.80472
205.6 0.895775 3.55174
206 0.945766 3.26728
206.4 1.00044 2.95497
206.8 1.05919 2.61937
207.2 1.1207 2.26598
207.6 1.18305 1.9012
208 1.24377 1.5321
208.4 1.30003 1.1663
208.8 1.34888 0.81163
209.2 1.38756 0.475828
209.6 1.41368 0.166203
210 1.42558 -0.110715
210.4 1.42245 -0.349499
210.8 1.40449 -0.546089
211.2 1.37296 -0.697989
211.6 1.3301 -0.804374
212 1.27897 -0.866095
212.4 1.22327 -0.885587
212.8 1.16698 -0.866686
213.2 1.1141 -0.814357
213.6 1.06827 -0.734376
214 1.03253 -0.632968
214.4 1.00901 -0.516445
214.8 0.998821 -0.390857
215.2 1.00195 -0.261696
215.6 1.0173 -0.133654
216 1.04282 -0.0104672
216.4 1.07564 0.105166
216.8 1.11243 0.211573
217.2 1.1496 0.308033
217.6 1.18365 0.394627
218 1.21143 0.472058
218.4 1.23038 0.541432
218.8 1.2387 0.604049
219.2 1.23544 0.661192
219.6 1.22054 0.713965
220 1.19476 0.763156
220.4 1.15952 0.809158
220.8 1.11681 0.851944
221.2 1.0689 0.891078
221.6 1.01818 0.925785
222 0.966936 0.955036
222.4 0.917171 0.977666
222.8 0.870478 0.992499
223.2 0.827948 0.998462
223.6 0.790132 0.994699
224 0.757063 0.980652
224.4 0.728309 0.956126
224.8 0.703073 0.921322
225.2 0.680308 0.876842
225.6 0.658845 0.823668
226 0.637515 0.763118
226.4 0.615267 0.696789
226.8 0.591256 0.626486
227.2 0.564907 0.554138
227.6 0.535955 0.481723
228 0.504448 0.411186
228.4 0.470727 0.344368
228.8 0.43539 0.282937
229.2 0.399224 0.228333
229.6 0.363147 0.181718
230 0.328126 0.143942
230.4 0.295112 0.115519
230.8 0.264969 0.0966092
231.2 0.238426 0.0870222
231.6 0.216029 0.0862257
232 0.198116 0.0933703
232.4 0.184806 0.107326
232.8 0.175998 0.12673
233.2 0.171394 0.150046
233.6 0.17052 0.175634
234 0.17277 0.201822
234.4 0.177444 0.226988
234.8 0.1838 0.249633
235.2 0.191098 0.268458
235.6 0.198645 0.282425
236 0.205831 0.290812
236.4 0.212157 0.293242
236.8 0.217255 0.289707
237.2 0.220892 0.280556
237.6 0.222965 0.266475
238 0.223487 0.248439
238.4 0.222564 0.227651
238.8 0.220366 0.205466
239.2 0.217095 0.183303
239.6 0.212955 0.162559
240 0.20813 0.144518
240.4 0.202764 0.130274
240.8 0.196952 0.120663
241.2 0.190741 0.11621
241.6 0.184137 0.117105
242 0.177127 0.12319
242.4 0.169697 0.133982
242.8 0.161858 0.148704
243.2 0.153666 0.166345
243.6 0.145239 0.185733
244 0.136767 0.205614
244.4 0.128508 0.224739
244.8 0.120781 0.241948
245.2 0.113939 0.256244
245.6 0.108341 0.266859
246 0.10432 0.273296
246.4 0.102144 0.275353
246.8 0.101982 0.273131
247.2 0.103879 0.267009
247.6 0.107736 0.257611
248 0.113309 0.245748
248.4 0.120214 0.232353
248.8 0.127946 0.218408
249.2 0.135918 0.20487
249.6 0.143495 0.192603
250 0.150046 0.182316
250.4 0.154986 0.174524
250.8 0.157826 0.169513
251.2 0.1582 0.167336
251.6 0.155903 0.167817
252 0.150895 0.170582
252.4 0.14331 0.175091
252.8 0.133443 0.180692
253.2 0.121724 0.186676
253.6 0.108695 0.192329
254 0.0949684 0.196982
254.4 0.0811918 0.200062
254.8 0.0680089 0.201117
255.2 0.0560265 0.199842
255.6 0.0457854 0.196083
256 0.037739 0.189834
256.4 0.0322387 0.181219
256.8 0.0295266 0.170466
257.2 0.0297345 0.15788
257.6 0.0328877 0.14381
258 0.0389128 0.128616
258.4 0.0476475 0.112645
258.8 0.058852 0.0962114
259.2 0.0722201 0.0795829
259.6 0.0873906 0.0629791
260 0.103958 0.0465747
260.4 0.121484 0.0305109
260.8 0.139506 0.0149102
261.2 0.157553 -0.000106042
261.6 0.175154 -0.0144008
262 0.191854 -0.0278078
262.4 0.207226 -0.0401233
262.8 0.220888 -0.0511038
263.2 0.232517 -0.0604721
263.6 0.241862 -0.0679303
264 0.248753 -0.0731787
264.4 0.253111 -0.0759407
264.8 0.254953 -0.0759888
265.2 0.254385 -0.0731717
265.6 0.251603 -0.0674378
266 0.246879 -0.058854
266.4 0.240547 -0.047616
266.8 0.232982 -0.0340505
267.2 0.224585 -0.0186067
267.6 0.215758 -0.00183864
268 0.206886 0.0156222
268.4 0.198319 0.0331005
268.8 0.190351 0.0499159
269.2 0.183218 0.0654238
269.6 0.177082 0.0790538
270 0.172035 0.090345
270.4 0.168095 0.0989731
270.8 0.165217 0.104769
271.2 0.163302 0.107724
271.6 0.162204 0.107989
272 0.161749 0.105856
272.4 0.161746 0.101736
272.8 0.162 0.0961245
273.2 0.162323 0.0895626
273.6 0.16255 0.0825998
274 0.162537 0.0757536
274.4 0.162174 0.0694754
274.8 0.16138 0.0641218
275.2 0.160109 0.0599358
275.6 0.15834 0.0570363
276 0.156073 0.0554184
276.4 0.153327 0.0549633
276.8 0.150126 0.0554557
277.2 0.146497 0.0566081
277.6 0.14246 0.0580889
278 0.138028 0.0595517
278.4 0.1332 0.0606638
278.8 0.127964 0.0611317
279.2 0.122297 0.0607207
279.6 0.116172 0.0592696
280 0.109563 0.0566972
280.4 0.102453 0.0530034
280.8 0.0948407 0.0482631
281.2 0.0867512 0.042616
281.6 0.078239 0.036252
282 0.0693931 0.0293953
282.4 0.0603383 0.0222873
282.8 0.0512326 0.0151713
283.2 0.0422624 0.0082782
283.6 0.033633 0.0018159
284 0.0255585 -0.00403876
284.4 0.0182486 -0.00914454
284.8 0.0118949 -0.0133974
285.2 0.00665853 -0.0167295
285.6 0.00265791 -0.0191068
286 -3.95991e-05 -0.0205249
286.4 -0.00142339 -0.0210049
286.8 -0.00154105 -0.0205884
287.2 -0.000495772 -0.0193341
287.6 0.00156035 -0.0173134
288 0.00443643 -0.0146082
288.4 0.00791563 -0.0113077
288.8 0.0117697 -0.00750708
289.2 0.0157738 -0.00330553
289.6 0.0197213 0.00119538
290 0.0234358 0.00589318
290.4 0.0267815 0.010686
290.8 0.0296692 0.0154743
291.2 0.0320595 0.020162
291.6 0.033961 0.0246583
292 0.0354259 0.0288783
292.4 0.0365416 0.0327442
292.8 0.0374203 0.0361856
293.2 0.038187 0.0391399
293.6 0.0389665 0.0415523
294 0.0398713 0.0433759
294.4 0.0409903 0.0445721
294.8 0.0423803 0.0451107
295.2 0.0440591 0.0449714
295.6 0.0460026 0.0441442
296 0.0481455 0.0426312
296.4 0.0503842 0.0404481
296.8 0.0525841 0.0376254
297.2 0.0545889 0.0342089
297.6 0.0562323 0.0302603
298 0.0573506 0.0258562
298.4 0.0577964 0.0210856
298.8 0.0574512 0.0160476
299.2 0.0562371 0.0108463
299.6 0.0541259 0.00558694
300 0.0511453 0.000369684
300.4 0.0473814 -0.00471484
300.8 0.0429773 -0.00959031
301.2 0.0381273 -0.0141981
301.6 0.0330673 -0.0184989
302 0.0280623 -0.0224734
302.4 0.0233901 -0.0261201
302.8 0.0193241 -0.0294523
303.2 0.016116 -0.0324932
303.6 0.0139777 -0.0352708
304 0.0130676 -0.037812
304.4 0.013478 -0.0401374
304.8 0.0152277 -0.0422571
305.2 0.0182599 -0.0441681
305.6 0.0224443 -0.0458537
306 0.0275846 -0.0472848
306.4 0.0334312 -0.0484232
306.8 0.039696 -0.0492263
307.2 0.0460715 -0.0496537
307.6 0.0522492 -0.0496728
308 0.0579389 -0.0492652
308.4 0.0628855 -0.0484319
308.8 0.0668825 -0.0471964
309.2 0.0697821 -0.045606
309.6 0.0715001 -0.0437308
310 0.0720162 -0.0416606
310.4 0.0713692 -0.0394992
310.8 0.0696495 -0.0373581
311.2 0.0669871 -0.0353483
311.6 0.0635386 -0.0335727
312 0.0594735 -0.032119
312.4 0.0549613 -0.0310536
312.8 0.05016 -0.0304172
313.2 0.0452079 -0.0302235
313.6 0.0402176 -0.030459
314 0.0352741 -0.0310853
314.4 0.0304359 -0.032044
314.8 0.0257383 -0.0332615
315.2 0.0211988 -0.0346561
315.6 0.0168237 -0.0361435
316 0.0126147 -0.0376435
316.4 0.00857395 -0.0390845
316.8 0.00470885 -0.0404068
317.2 0.00103397 -0.0415646
317.6 -0.00242879 -0.0425266
318 -0.00565198 -0.0432745
318.4 -0.00860608 -0.0438012
318.8 -0.0112639 -0.0441076
319.2 -0.0136053 -0.0442002
319.6 -0.0156212 -0.044088
320 -0.0173171 -0.0437803
320.4 -0.0187139 -0.0432856
320.8 -0.0198475 -0.042611
321.2 -0.020766 -0.0417632
321.6 -0.0215251 -0.0407495
322 -0.0221824 -0.0395796
322.4 -0.0227904 -0.0382678
322.8 -0.0233899 -0.0368347
323.2 -0.0240048 -0.035308
323.6 -0.0246375 -0.0337234
324 -0.0252672 -0.0321235
324.4 -0.0258508 -0.0305564
324.8 -0.026326 -0.0290732
325.2 -0.026617 -0.0277244
325.6 -0.0266422 -0.0265564
326 -0.0263228 -0.0256079
326.4 -0.0255923 -0.024906
326.8 -0.0244041 -0.024464
327.2 -0.0227392 -0.0242792
327.6 -0.0206097 -0.0243322
328 -0.0180615 -0.0245872
328.4 -0.0151716 -0.024994
328.8 -0.0120446 -0.0254901
329.2 -0.00880476 -0.026004
329.6 -0.00558708 -0.0264591
330 -0.00252689 -0.0267774
330.4 0.000250679 -0.0268833
330.8 0.00264031 -0.026707
331.2 0.00456434 -0.026187
331.6 0.00597801 -0.0252731
332 0.00687184 -0.0239274
332.4 0.00727064 -0.0221254
332.8 0.00722967 -0.0198571
333.2 0.00682805 -0.0171272
333.6 0.00616045 -0.013955
334 0.00532771 -0.0103748
334.4 0.00442748 -0.00643544
334.8 0.0035457 -0.00220028
335.2 0.00274995 0.00225343
335.6 0.00208495 0.00683549
336 0.00157086 0.0114444
336.4 0.00120423 0.0159694
336.8 0.000961449 0.020294
337.2 0.00080409 0.0242996
337.6 0.000685563 0.0278704
338 0.000558175 0.0308989
338.4 0.000379816 0.033291
338.8 0.000119512 0.0349722
339.2 -0.000238749 0.0358919
339.6 -0.000694282 0.0360277
340 -0.00123017 0.0353876
340.4 -0.00181581 0.0340108
340.8 -0.00241107 0.0319662
341.2 -0.00297164 0.0293492
341.6 -0.00345475 0.0262763
342 -0.00382458 0.0228788
342.4 -0.0040568 0.0192942
342.8 -0.00414161 0.015659
343.2 -0.00408496 0.0120998
343.6 -0.00390789 0.00872661
344 -0.00364405 0.00562739
344.4 -0.00333577 0.0028639
344.8 -0.0030291 0.000470443
345.2 -0.00276854 -0.00154557
345.6 -0.00259191 -0.0032008
346 -0.00252616 -0.0045315
346.4 -0.00258436 -0.0055878
346.8 -0.00276434 -0.00642742
347.2 -0.00304909 -0.00710942
347.6 -0.0034087 -0.00768862
348 -0.00380371 -0.00821119
348.4 -0.0041894 -0.00871185
348.8 -0.00452048 -0.00921268
349.2 -0.00475568 -0.00972368
349.6 -0.00486176 -0.0102446
350 -0.0048164 -0.0107683
350.4 -0.0046099 -0.0112836
350.8 -0.00424538 -0.0117796
351.2 -0.00373767 -0.0122482
351.6 -0.00311102 -0.0126864
352 -0.00239603 -0.0130972
352.4 -0.00162619 -0.013489
352.8 -0.000834454 -0.0138742
353.2 -5.02126e-05 -0.0142661
353.6 0.000702882 -0.0146763
354 0.00140817 -0.0151106
354.4 0.00205613 -0.0155666
354.8 0.0026436 -0.0160314
355.2 0.00317204 -0.0164812
355.6 0.0036454 -0.0168817
356 0.0040677 -0.0171906
356.4 0.00444075 -0.0173613
356.8 0.00476232 -0.0173478
357.2 0.00502513 -0.0171101
357.6 0.00521649 -0.0166192
358 0.00531905 -0.0158626
358.4 0.00531221 -0.0148469
358.8 0.00517431 -0.0136007
359.2 0.00488507 -0.0121736
359.6 0.00442827 -0.0106348
360 0.00379408 -0.00906835
360.4 0.00298102 -0.00756774
360.8 0.00199708 -0.00622857
361.2 0.00086008 -0.00514107
361.6 -0.000402958 -0.00438254
362 -0.00175727 -0.00401068
362.4 -0.00316256 -0.00405823
362.8 -0.00457573 -0.00452966
363.2 -0.00595385 -0.00539995
363.6 -0.00725723 -0.00661578
364 -0.00845211 -0.00809892
364.4 -0.00951292 -0.00975159
364.8 -0.0104238 -0.0114632
365.2 -0.0111796 -0.0131181
365.6 -0.0117853 -0.0146035
366 -0.0122556 -0.0158166
366.4 -0.0126132 -0.0166717
366.8 -0.0128863 -0.0171047
367.2 -0.0131064 -0.0170766
367.6 -0.0133053 -0.0165745
368 -0.0135125 -0.0156112
368.4 -0.0137526 -0.0142224
368.8 -0.014043 -0.0124632
369.2 -0.014393 -0.0104028
369.6 -0.0148025 -0.00811915
370 -0.0152617 -0.00569344
370.4 -0.0157523 -0.00320479
370.8 -0.0162485 -0.0007258
371.2 -0.0167189 0.00168099
371.6 -0.0171291 0.00396539
372 -0.017444 0.00609068
372.4 -0.0176311 0.00803365
372.8 -0.0176628 0.00978361
373.2 -0.0175191 0.0113407
373.6 -0.0171889 0.0127136
374 -0.0166717 0.0139175
374.4 -0.015978 0.0149714
374.8 -0.0151285 0.0158962
375.2 -0.014153 0.0167132
375.6 -0.013089 0.0174431
376 -0.0119783 0.018105
376.4 -0.010865 0.0187171
376.8 -0.00979181 0.0192961
377.2 -0.00879764 0.0198584
377.6 -0.00791494 0.0204203
378 -0.00716784 0.0209988
378.4 -0.00657107 0.0216114
378.8 -0.0061297 0.0222765
379.2 -0.00583968 0.0230125
379.6 -0.00568928 0.0238373
380 -0.00566102 0.0247663
380.4 -0.00573408 0.0258116
380.8 -0.00588676 0.0269798
381.2 -0.00609884 0.0282706
381.6 -0.00635347 0.029675
382 -0.00663851 0.0311743
382.4 -0.006947 0.0327398
382.8 -0.00727688 0.0343323
383.2 -0.00762991 0.0359033
383.6 -0.00801 0.0373964
384 -0.00842104 0.0387493
384.4 -0.00886468 0.0398969
384.8 -0.00933824 0.0407744
385.2 -0.00983302 0.0413211
385.6 -0.0103334 0.0414835
386 -0.0108168 0.0412192
386.4 -0.0112543 0.0404994
386.8 -0.0116127 0.0393118
387.2 -0.0118568 0.0376616
387.6 -0.0119526 0.0355721
388 -0.0118705 0.0330847
388.4 -0.0115884 0.0302565
388.8 -0.0110944 0.027159
389.2 -0.010389 0.0238737
389.6 -0.00948575 0.020489
390 -0.00841104 0.0170953
390.4 -0.00720308 0.0137809
390.8 -0.0059093 0.0106276
391.2 -0.00458326 0.00770677
391.6 -0.00328083 0.00507614
392 -0.00205629 0.00277733
392.4 -0.000958542 0.000834523
392.8 -2.78169e-05 -0.000745957
393.2 0.00070675 -0.00197492
393.6 0.00122858 -0.0028787
394 0.00153398 -0.00349664
394.4 0.00163138 -0.00387801
394.8 0.00153961 -0.00407849
395.2 0.00128538 -0.00415649
395.6 0.00090037 -0.0041696
396 0.000418102 -0.00417136
396.4 -0.000128981 -0.0042085
396.8 -0.000711978 -0.00431889
397.2 -0.00130732 -0.00453021
397.6 -0.00189773 -0.00485938
398 -0.00247238 -0.00531269
398.4 -0.00302623 -0.00588667
398.8 -0.00355872 -0.00656931
399.2 -0.00407205 -0.00734178
399.6 -0.00456931 -0.00818025
400 -0.00505266 -0.00905784
