-0.998 -0.0548239 0.922232
-0.996 -0.664285 1.03924
-0.994 -1.26966 1.07405
-0.992 -1.77767 1.02402
-0.99 -2.10092 0.8963
-0.988 -2.17241 0.706494
-0.986 -1.95785 0.476274
-0.984 -1.46371 0.230309
-0.982 -0.739225 -0.00697115
-0.98 0.128309 -0.214297
-0.978 1.02473 -0.375754
-0.976 1.82511 -0.481981
-0.974 2.4124 -0.530318
-0.972 2.69575 -0.523997
-0.97 2.62541 -0.470685
-0.968 2.20168 -0.380728
-0.966 1.47632 -0.265499
-0.964 0.546017 -0.13615
-0.962 -0.461318 -0.00293945
-0.96 -1.40526 0.124892
-0.958 -2.15375 0.238844
-0.956 -2.60288 0.330767
-0.954 -2.69243 0.392643
-0.952 -2.41479 0.416777
-0.95 -1.8158 0.396506
-0.948 -0.987488 0.327386
-0.946 -0.0539065 0.208641
-0.944 0.847697 0.0445434
-0.942 1.58734 -0.154674
-0.94 2.06128 -0.372753
-0.938 2.20665 -0.588425
-0.936 2.0096 -0.777556
-0.934 1.50599 -0.916203
-0.932 0.774643 -0.984132
-0.93 -0.075444 -0.968222
-0.928 -0.921969 -0.86511
-0.926 -1.64742 -0.682547
-0.924 -2.15571 -0.439144
-0.922 -2.38499 -0.162441
-0.92 -2.31481 0.114459
-0.918 -1.9669 0.357184
-0.916 -1.39992 0.534676
-0.914 -0.699007 0.623301
-0.912 0.0378088 0.60988
-0.91 0.714294 0.493181
-0.908 1.24954 0.283719
-0.906 1.58838 0.00200242
-0.904 1.70741 -0.324374
-0.902 1.61581 -0.664238
-0.9 1.35138 -0.986368
-0.898 0.972464 -1.26253
-0.896 0.547468 -1.46968
-0.894 0.143516 -1.59131
-0.892 -0.183759 -1.6179
-0.89 -0.39786 -1.54692
-0.888 -0.485393 -1.38249
-0.886 -0.455949 -1.13516
-0.884 -0.338138 -0.821701
-0.882 -0.172667 -0.464933
-0.88 -0.00377652 -0.0932637
-0.878 0.129394 0.260427
-0.876 0.2 0.560849
-0.874 0.198017 0.773463
-0.872 0.131369 0.868596
-0.87 0.0235228 0.826057
-0.868 -0.0919636 0.639498
-0.866 -0.178895 0.319639
-0.864 -0.206496 -0.104566
-0.862 -0.156525 -0.587498
-0.86 -0.0280512 -1.07143
-0.858 0.161097 -1.49377
-0.856 0.376613 -1.79615
-0.854 0.573405 -1.93384
-0.852 0.703775 -1.88398
-0.85 0.726618 -1.65088
-0.848 0.61599 -1.26713
-0.846 0.367408 -0.789962
-0.844 0.000641228 -0.293024
-0.842 -0.441686 0.145168
-0.84 -0.899629 0.4544
-0.838 -1.30479 0.585136
-0.836 -1.59112 0.517831
-0.834 -1.70587 0.267276
-0.832 -1.61878 -0.11909
-0.83 -1.32802 -0.568866
-0.828 -0.861656 -0.99719
-0.826 -0.27443 -1.32192
-0.824 0.359737 -1.4787
-0.822 0.958362 -1.43316
-0.82 1.44243 -1.18765
-0.818 1.74791 -0.781297
-0.816 1.83495 -0.283014
-0.814 1.69329 0.221315
-0.812 1.34315 0.645127
-0.81 0.831539 0.917879
-0.808 0.224829 0.998861
-0.806 -0.401261 0.885355
-0.804 -0.97245 0.613381
-0.802 -1.42581 0.250731
-0.8 -1.71738 -0.116519
-0.798 -1.82639 -0.401467
-0.796 -1.75586 -0.53443
-0.794 -1.52967 -0.477965
-0.792 -1.1869 -0.235781
-0.79 -0.774796 0.146447
-0.788 -0.341307 0.588764
-0.786 0.0712388 0.99187
-0.784 0.430653 1.25654
-0.782 0.717022 1.30385
-0.78 0.922487 1.09215
-0.778 1.04907 0.627528
-0.776 1.10525 -0.0347694
-0.774 1.10219 -0.798186
-0.772 1.05033 -1.54097
-0.77 0.957139 -2.13757
-0.768 0.82623 -2.48143
-0.766 0.658052 -2.50492
-0.764 0.451751 -2.19255
-0.762 0.207734 -1.58499
-0.76 -0.0697223 -0.772954
-0.758 -0.370497 0.117984
-0.756 -0.677802 0.948897
-0.754 -0.968825 1.59138
-0.752 -1.21687 1.94946
-0.75 -1.39474 1.9755
-0.748 -1.47891 1.67736
-0.746 -1.45375 1.11558
-0.744 -1.3152 0.391265
-0.742 -1.07309 -0.372779
-0.74 -0.751612 -1.05424
-0.738 -0.387613 -1.55251
-0.736 -0.0267184 -1.80522
-0.734 0.282352 -1.79707
-0.732 0.494607 -1.55978
-0.73 0.575788 -1.16352
-0.728 0.508444 -0.701715
-0.726 0.296028 -0.272417
-0.724 -0.0358866 0.0401323
-0.722 -0.441738 0.180321
-0.72 -0.861461 0.129769
-0.718 -1.22875 -0.0915642
-0.716 -1.48102 -0.431584
-0.714 -1.56957 -0.817972
-0.712 -1.46833 -1.17321
-0.71 -1.17962 -1.42968
-0.708 -0.735725 -1.54186
-0.706 -0.195732 -1.49361
-0.704 0.362195 -1.29934
-0.702 0.852131 -0.999332
-0.7 1.1936 -0.65052
-0.698 1.32453 -0.314811
-0.696 1.21186 -0.0473915
-0.694 0.857678 0.112779
-0.692 0.299876 0.148653
-0.69 -0.393055 0.0662271
-0.688 -1.13238 -0.10868
-0.686 -1.82287 -0.336943
-0.684 -2.37766 -0.57437
-0.682 -2.7316 -0.779904
-0.68 -2.85078 -0.922237
-0.678 -2.73651 -0.9838
-0.676 -2.4232 -0.961747
-0.674 -1.97064 -0.866225
-0.672 -1.45222 -0.716725
-0.67 -0.941466 -0.537583
-0.668 -0.499523 -0.353675
-0.666 -0.166039 -0.187105
-0.664 0.0449946 -0.0552605
-0.662 0.143764 0.0298069
-0.66 0.158153 0.0611063
-0.658 0.123929 0.0361063
-0.656 0.0739702 -0.0436349
-0.654 0.0291363 -0.172295
-0.652 -0.00704389 -0.339104
-0.65 -0.0485417 -0.527528
-0.648 -0.121765 -0.714955
-0.646 -0.256432 -0.873524
-0.644 -0.47459 -0.972577
-0.642 -0.780538 -0.982808
-0.64 -1.15435 -0.881665
-0.638 -1.55097 -0.659131
-0.636 -1.90572 -0.322623
-0.634 -2.14548 0.100278
-0.632 -2.20354 0.56234
-0.63 -2.03504 1.00098
-0.628 -1.62958 1.34618
-0.626 -1.01784 1.53102
-0.624 -0.270285 1.50326
-0.622 0.512507 1.23583
-0.62 1.21647 0.734171
-0.618 1.73465 0.0388992
-0.616 1.98768 -0.7774
-0.614 1.93999 -1.61892
-0.612 1.60796 -2.37989
-0.61 1.0582 -2.96033
-0.608 0.395519 -3.28164
-0.606 -0.257037 -3.29935
-0.604 -0.782504 -3.01081
-0.602 -1.09359 -2.45625
-0.6 -1.15062 -1.71299
-0.598 -0.969816 -0.883715
-0.596 -0.619805 -0.0806774
-0.594 -0.206677 0.591365
-0.592 0.149572 1.05069
-0.59 0.342462 1.25003
-0.588 0.304478 1.18213
-0.586 0.024914 0.878645
-0.584 -0.444169 0.40304
-0.582 -0.995766 -0.161224
-0.58 -1.48861 -0.724814
-0.578 -1.77695 -1.2065
-0.576 -1.74353 -1.54467
-0.574 -1.32884 -1.70452
-0.572 -0.550229 -1.68026
-0.57 0.494041 -1.49231
-0.568 1.63742 -1.18059
-0.566 2.67301 -0.795511
-0.564 3.39193 -0.388693
-0.562 3.62489 -0.00497019
-0.56 3.27884 0.322921
-0.558 2.36094 0.576464
-0.556 0.984506 0.750434
-0.554 -0.645307 0.849673
-0.552 -2.26406 0.884721
-0.55 -3.59356 0.867509
-0.548 -4.39194 0.808151
-0.546 -4.4991 0.713437
-0.544 -3.86851 0.587129
-0.542 -2.57918 0.43165
-0.54 -0.824982 0.250439
-0.538 1.11729 0.0500699
-0.536 2.93528 -0.158604
-0.534 4.33552 -0.36075
-0.532 5.09486 -0.539319
-0.53 5.09938 -0.677881
-0.528 4.36362 -0.763849
-0.526 3.02666 -0.791265
-0.524 1.3259 -0.762411
-0.522 -0.446243 -0.687813
-0.52 -1.99468 -0.584541
-0.518 -3.07294 -0.473181
-0.516 -3.5242 -0.374141
-0.514 -3.30456 -0.30412
-0.512 -2.48507 -0.273532
-0.51 -1.23277 -0.28541
-0.508 0.224781 -0.335943
-0.506 1.644 -0.416374
-0.504 2.80998 -0.515671
-0.502 3.5728 -0.623177
-0.5 3.86888 -0.730507
-0.498 3.72403 -0.832184
-0.496 3.23881 -0.924871
-0.494 2.56007 -1.0055
-0.492 1.84555 -1.06896
-0.49 1.2292 -1.10617
-0.488 0.794552 -1.10347
-0.486 0.561278 -1.0437
-0.484 0.487286 -0.909366
-0.482 0.484963 -0.687179
-0.48 0.447455 -0.373196
-0.478 0.278671 0.0227369
-0.476 -0.0798564 0.474532
-0.474 -0.631309 0.940428
-0.472 -1.31903 1.36704
-0.47 -2.03604 1.69665
-0.468 -2.64653 1.87671
-0.466 -3.01455 1.8699
-0.464 -3.03376 1.66282
-0.462 -2.65171 1.27126
-0.46 -1.88357 0.740786
-0.458 -0.812289 0.141855
-0.456 0.42468 -0.439911
-0.454 1.65948 -0.916965
-0.452 2.72371 -1.21424
-0.45 3.478 -1.28215
-0.448 3.83549 -1.10566
-0.446 3.7748 -0.707645
-0.444 3.34021 -0.145658
-0.442 2.62984 0.497399
-0.44 1.77452 1.12721
-0.438 0.91235 1.65406
-0.436 0.164069 2.00793
-0.434 -0.385792 2.14993
-0.432 -0.698705 2.07786
-0.43 -0.781743 1.82479
-0.428 -0.678079 1.45123
-0.426 -0.451409 1.03216
-0.424 -0.168442 0.641933
-0.422 0.116277 0.339787
-0.42 0.369797 0.159095
-0.418 0.582707 0.102313
-0.416 0.763788 0.142598
-0.414 0.929522 0.231584
-0.412 1.09183 0.311576
-0.41 1.24783 0.329471
-0.408 1.37491 0.249406
-0.406 1.43274 0.061398
-0.404 1.37239 -0.215903
-0.402 1.15024 -0.538948
-0.4 0.743482 -0.848721
-0.398 0.162994 -1.08383
-0.396 -0.540125 -1.19443
-0.394 -1.27685 -1.15379
-0.392 -1.9319 -0.965098
-0.39 -2.38309 -0.661588
-0.388 -2.52494 -0.300071
-0.386 -2.29157 0.0510631
-0.384 -1.67405 0.326791
-0.382 -0.727959 0.480149
-0.38 0.431092 0.493433
-0.378 1.64381 0.383311
-0.376 2.73281 0.198536
-0.374 3.53281 0.0104771
-0.372 3.91963 -0.101766
-0.37 3.83243 -0.0686791
-0.368 3.28463 0.153484
-0.366 2.3615 0.571106
-0.364 1.20474 1.14881
-0.362 -0.0128766 1.81347
-0.36 -1.11783 2.4662
-0.358 -1.96524 3.00014
-0.356 -2.46174 3.32075
-0.354 -2.57764 3.36455
-0.352 -2.34659 3.11266
-0.35 -1.8533 2.59611
-0.348 -1.21259 1.89182
-0.346 -0.544471 1.10979
-0.344 0.0492754 0.37385
-0.342 0.502166 -0.200378
-0.34 0.790518 -0.526059
-0.338 0.930437 -0.56031
-0.336 0.9658 -0.311039
-0.334 0.950756 0.165791
-0.332 0.931454 0.777895
-0.33 0.931683 1.415
-0.328 0.946029 1.97017
-0.326 0.94222 2.3599
-0.324 0.871963 2.53906
-0.322 0.687486 2.50784
-0.32 0.359433 2.30944
-0.318 -0.108659 2.01917
-0.316 -0.67343 1.72723
-0.314 -1.25477 1.51892
-0.312 -1.74899 1.45632
-0.31 -2.04974 1.56514
-0.308 -2.07223 1.82955
-0.306 -1.77529 2.19587
-0.304 -1.17575 2.58436
-0.302 -0.35141 2.90665
-0.3 0.569266 3.08514
-0.298 1.4292 3.07031
-0.296 2.07259 2.85231
-0.294 2.3765 2.46445
-0.292 2.27763 1.97763
-0.29 1.78804 1.48684
-0.288 0.996008 1.0923
-0.286 0.0510333 0.879003
-0.284 -0.864558 0.898813
-0.282 -1.57202 1.15858
-0.28 -1.93322 1.61686
-0.278 -1.88041 2.18999
-0.276 -1.43223 2.76647
-0.274 -0.69194 3.2271
-0.272 0.172388 3.467
-0.27 0.962145 3.41556
-0.268 1.49023 3.05036
-0.266 1.62224 2.40264
-0.264 1.30807 1.55317
-0.262 0.596869 0.619317
-0.26 -0.368617 -0.264283
-0.258 -1.37784 -0.968057
-0.256 -2.19397 -1.3888
-0.254 -2.60316 -1.46633
-0.252 -2.46149 -1.19284
-0.25 -1.72983 -0.613346
-0.248 -0.488904 0.182268
-0.246 1.06956 1.07429
-0.244 2.67462 1.9323
-0.242 4.02552 2.63523
-0.24 4.84938 3.08893
-0.238 4.95616 3.23868
-0.236 4.27967 3.07494
-0.234 2.8963 2.63201
-0.232 1.01688 1.98038
-0.23 -1.0476 1.21455
-0.228 -2.94053 0.438556
-0.226 -4.32446 -0.248406
-0.224 -4.94409 -0.764166
-0.222 -4.67523 -1.0522
-0.22 -3.55022 -1.08599
-0.218 -1.75464 -0.869111
-0.216 0.404513 -0.431944
-0.214 2.55344 0.174143
-0.212 4.31881 0.88381
-0.21 5.39531 1.62498
-0.208 5.60067 2.32554
-0.206 4.908 2.91914
-0.204 3.44954 3.34987
-0.202 1.49106 3.57605
-0.2 -0.617747 3.57294
-0.198 -2.50773 3.33458
-0.196 -3.85709 2.87453
-0.194 -4.44821 2.22522
-0.192 -4.20403 1.43579
-0.19 -3.19765 0.568175
-0.188 -1.63397 -0.308519
-0.186 0.192436 -1.12485
-0.184 1.95466 -1.81847
-0.182 3.35474 -2.34123
-0.18 4.17715 -2.66472
-0.178 4.32471 -2.7835
-0.176 3.8305 -2.71515
-0.174 2.8445 -2.49714
-0.172 1.59836 -2.1807
-0.17 0.356095 -1.82279
-0.168 -0.639408 -1.47734
-0.166 -1.21316 -1.18728
-0.164 -1.28947 -0.978703
-0.162 -0.902253 -0.858229
-0.16 -0.183127 -0.813907
-0.158 0.669447 -0.819456
-0.156 1.4332 -0.840918
-0.154 1.90823 -0.84437
-0.152 1.95696 -0.803155
-0.15 1.53037 -0.703221
-0.148 0.675598 -0.545565
-0.146 -0.475792 -0.345416
-0.144 -1.73583 -0.128433
-0.142 -2.8983 0.0751944
-0.14 -3.779 0.237415
-0.138 -4.25003 0.338311
-0.136 -4.2615 0.370088
-0.134 -3.84683 0.338187
-0.132 -3.11149 0.259257
-0.13 -2.20804 0.156457
-0.128 -1.30358 0.0531192
-0.126 -0.546239 -0.033749
-0.124 -0.0379463 -0.0986429
-0.122 0.181506 -0.150166
-0.12 0.136422 -0.210371
-0.118 -0.0963978 -0.310831
-0.116 -0.409566 -0.486116
-0.114 -0.692088 -0.765915
-0.112 -0.855347 -1.16736
-0.11 -0.852503 -1.68917
-0.108 -0.687344 -2.30879
-0.106 -0.411051 -2.98349
-0.104 -0.108027 -3.65519
-0.102 0.125713 -4.2585
-0.1 0.206542 -4.73045
-0.098 0.0841424 -5.02042
-0.096 -0.245323 -5.09818
-0.094 -0.736666 -4.95896
-0.092 -1.30426 -4.6244
-0.09 -1.83981 -4.13936
-0.088 -2.23533 -3.56528
-0.086 -2.40643 -2.97101
-0.084 -2.31082 -2.42307
-0.082 -1.95811 -1.97659
-0.08 -1.40898 -1.66872
-0.078 -0.763813 -1.51515
-0.076 -0.143335 -1.51037
-0.074 0.334743 -1.63109
-0.072 0.578304 -1.84205
-0.07 0.538044 -2.10304
-0.068 0.216035 -2.3756
-0.066 -0.335873 -2.62847
-0.064 -1.02718 -2.84082
-0.062 -1.74682 -3.00313
-0.06 -2.38445 -3.11586
-0.058 -2.85039 -3.18654
-0.056 -3.09055 -3.22616
-0.054 -3.09346 -3.24576
-0.052 -2.88864 -3.25403
-0.05 -2.53706 -3.25627
-0.048 -2.11626 -3.25493
-0.046 -1.70356 -3.25124
-0.044 -1.36101 -3.24736
-0.042 -1.12498 -3.2484
-0.04 -1.00243 -3.26342
-0.038 -0.973797 -3.30519
-0.036 -1.00158 -3.38839
-0.034 -1.04186 -3.52668
-0.032 -1.0561 -3.72903
-0.03 -1.02026 -3.9961
-0.028 -0.929246 -4.31747
-0.026 -0.796042 -4.67029
-0.024 -0.645951 -5.01992
-0.022 -0.507757 -5.32257
-0.02 -0.404196 -5.52962
-0.018 -0.344278 -5.59323
-0.016 -0.319456 -5.47214
-0.014 -0.304654 -5.13701
-0.012 -0.263956 -4.57437
-0.01 -0.15957 -3.78866
-0.008 0.0381366 -2.80225
-0.006 0.342017 -1.65334
-0.004 0.743137 -0.392321
-0.002 1.2107 0.923031
0 1.69711 2.23272
0.002 2.14729 3.47938
0.004 2.50905 4.61295
0.006 2.74454 5.59337
0.008 2.83762 6.39244
0.01 2.79676 6.99424
0.012 2.65252 7.39452
0.014 2.45011 7.59929
0.016 2.23893 7.62309
0.018 2.06137 7.487
0.02 1.94364 7.21679
0.022 1.8908 6.84118
0.024 1.88717 6.39032
0.026 1.90196 5.89437
0.028 1.89894 5.38236
0.03 1.84745 4.88107
0.032 1.73237 4.4141
0.034 1.56008 4.00103
0.036 1.35892 3.65654
0.038 1.17364 3.38982
0.04 1.05492 3.20403
0.042 1.04609 3.09606
0.044 1.1704 3.0567
0.046 1.42184 3.07111
0.048 1.76208 3.11977
0.05 2.12487 3.17989
0.052 2.42749 3.22714
0.054 2.58709 3.23781
0.056 2.53887 3.19129
0.058 2.2519 3.07252
0.06 1.73912 2.87441
0.062 1.05888 2.59968
0.064 0.30705 2.26187
0.066 -0.399074 1.88509
0.068 -0.942292 1.50257
0.07 -1.22815 1.15357
0.072 -1.20413 0.879298
0.074 -0.871292 0.717863
0.076 -0.285739 0.699075
0.078 0.4508 0.839718
0.08 1.20953 1.14007
0.082 1.85878 1.58234
0.084 2.28904 2.13144
0.086 2.43365 2.73815
0.088 2.281 3.34451
0.09 1.87553 3.89058
0.092 1.3075 4.32179
0.094 0.693333 4.59563
0.096 0.151015 4.68685
0.098 -0.224491 4.5902
0.1 -0.380368 4.32032
0.102 -0.315545 3.90888
0.104 -0.0786337 3.39929
0.106 0.245318 2.84001
0.108 0.556338 2.27751
0.11 0.764464 1.75017
0.112 0.812462 1.28405
0.114 0.69104 0.89114
0.116 0.442887 0.570338
0.118 0.154275 0.310696
0.12 -0.064281 0.0961261
0.122 -0.104311 -0.089436
0.124 0.113093 -0.257513
0.126 0.614723 -0.412125
0.128 1.36308 -0.54895
0.13 2.25793 -0.656729
0.132 3.15204 -0.720552
0.134 3.87863 -0.726251
0.136 4.28499 -0.664859
0.138 4.26562 -0.536075
0.14 3.78743 -0.349843
0.142 2.90127 -0.125602
0.144 1.73663 0.110735
0.146 0.479658 0.331497
0.148 -0.661483 0.512697
0.15 -1.49748 0.639044
0.152 -1.8965 0.707444
0.154 -1.81261 0.728169
0.156 -1.2976 0.723335
0.158 -0.493149 0.722863
0.16 0.395812 0.758578
0.162 1.14186 0.857535
0.164 1.54205 1.03582
0.166 1.4617 1.29403
0.168 0.865874 1.61542
0.17 -0.168471 1.96698
0.172 -1.4629 2.3035
0.174 -2.76934 2.57383
0.176 -3.81765 2.72825
0.178 -4.36992 2.72586
0.18 -4.27075 2.54055
0.182 -3.48316 2.165
0.184 -2.10242 1.6119
0.186 -0.344204 0.912591
0.188 1.49152 0.113457
0.19 3.07454 -0.72923
0.192 4.10632 -1.55509
0.194 4.3781 -2.3053
0.196 3.81359 -2.92749
0.198 2.48769 -3.37958
0.2 0.616991 -3.63244
0.202 -1.47671 -3.67163
0.204 -3.42365 -3.49822
0.206 -4.87335 -3.12914
0.208 -5.55945 -2.59681
0.21 -5.34967 -1.94806
0.212 -4.27142 -1.242
0.214 -2.5079 -0.54638
0.216 -0.365453 0.0675352
0.218 1.78197 0.531831
0.22 3.56079 0.78984
0.222 4.66536 0.804277
0.224 4.9127 0.564311
0.226 4.27409 0.0901395
0.228 2.87784 -0.566212
0.23 0.983251 -1.32472
0.232 -1.06924 -2.08594
0.234 -2.92168 -2.74363
0.236 -4.2639 -3.19979
0.238 -4.88824 -3.38002
0.24 -4.72353 -3.24644
0.242 -3.84263 -2.80596
0.244 -2.44277 -2.11193
0.246 -0.803398 -1.25832
0.248 0.769758 -0.366979
0.25 2.0033 0.430424
0.252 2.70602 1.01288
0.254 2.8007 1.2896
0.256 2.33251 1.21521
0.258 1.45308 0.797797
0.26 0.384535 0.0982082
0.262 -0.628747 -0.779585
0.264 -1.3704 -1.7055
0.266 -1.69439 -2.54495
0.268 -1.55123 -3.18131
0.27 -0.993435 -3.53523
0.272 -0.160066 -3.57728
0.274 0.755727 -3.33179
0.276 1.54893 -2.87089
0.278 2.0457 -2.30023
0.28 2.13846 -1.73878
0.282 1.80618 -1.29672
0.284 1.11621 -1.05549
0.286 0.208011 -1.05373
0.288 -0.73718 -1.28162
0.29 -1.53417 -1.68465
0.292 -2.03092 -2.17586
0.294 -2.13755 -2.65405
0.296 -1.84165 -3.02429
0.298 -1.20738 -3.21664
0.3 -0.35937 -3.19946
0.302 0.544541 -2.98461
0.304 1.34564 -2.62364
0.306 1.91484 -2.19595
0.308 2.17516 -1.7913
0.31 2.1121 -1.49045
0.312 1.77061 -1.34783
0.314 1.23999 -1.37993
0.316 0.63121 -1.56174
0.318 0.0517591 -1.83211
0.32 -0.416016 -2.10683
0.322 -0.728641 -2.29677
0.324 -0.884788 -2.32753
0.326 -0.918154 -2.15623
0.328 -0.882404 -1.78218
0.33 -0.832392 -1.24903
0.332 -0.806605 -0.637735
0.334 -0.8153 -0.051908
0.336 -0.837345 0.401952
0.338 -0.826573 0.635197
0.34 -0.726076 0.594777
0.342 -0.486855 0.274407
0.344 -0.0860658 -0.283063
0.346 0.45995 -0.992629
0.348 1.09154 -1.74212
0.35 1.71224 -2.41231
0.352 2.20504 -2.89833
0.354 2.45544 -3.12809
0.356 2.37636 -3.0744
0.358 1.92952 -2.75842
0.36 1.13847 -2.24394
0.362 0.0898794 -1.62397
0.364 -1.07766 -1.0022
0.366 -2.19563 -0.473323
0.368 -3.09441 -0.105909
0.37 -3.63325 0.0688416
0.372 -3.72575 0.0605131
0.374 -3.35563 -0.0853028
0.376 -2.57982 -0.298703
0.378 -1.51818 -0.501472
0.38 -0.33207 -0.623987
0.382 0.80411 -0.619544
0.384 1.73275 -0.473269
0.386 2.33854 -0.203951
0.388 2.56498 0.141332
0.39 2.41923 0.4984
0.392 1.96507 0.800427
0.394 1.30607 0.992447
0.396 0.563105 1.04281
0.398 -0.148932 0.949217
0.4 -0.740465 0.73813
0.402 -1.15903 0.457947
0.404 -1.39186 0.167494
0.406 -1.45982 -0.0775047
0.408 -1.40494 -0.236979
0.41 -1.27532 -0.295338
0.412 -1.1114 -0.264645
0.414 -0.936954 -0.181471
0.416 -0.756884 -0.0981079
0.418 -0.561838 -0.0700529
0.42 -0.338 -0.142477
0.422 -0.0788648 -0.338621
0.424 0.204708 -0.652678
0.426 0.479475 -1.04879
0.428 0.691876 -1.46656
0.43 0.777393 -1.83199
0.432 0.675431 -2.07185
0.434 0.34637 -2.12851
0.436 -0.213414 -1.9722
0.438 -0.962617 -1.60834
0.44 -1.81509 -1.07828
0.442 -2.64997 -0.453292
0.444 -3.33064 0.17701
0.446 -3.72922 0.719784
0.448 -3.75171 1.09462
0.45 -3.35851 1.247
0.452 -2.57572 1.15701
0.454 -1.49421 0.842081
0.456 -0.256161 0.353168
0.458 0.96884 -0.234516
0.46 2.01358 -0.834436
0.462 2.74303 -1.36287
0.464 3.07806 -1.75166
0.466 3.00834 -1.95745
0.468 2.59147 -1.96601
0.47 1.93861 -1.79135
0.472 1.18962 -1.47026
0.474 0.482836 -1.05371
0.476 -0.0738419 -0.597168
0.478 -0.424448 -0.151484
0.48 -0.574248 0.24381
0.482 -0.584779 0.564102
0.484 -0.555681 0.79992
0.486 -0.597304 0.954366
0.488 -0.800242 1.03879
0.49 -1.20873 1.06801
0.492 -1.80424 1.05616
0.494 -2.50346 1.01424
0.496 -3.1719 0.949351
0.498 -3.65086 0.865766
0.5 -3.79246 0.766919
0.502 -3.49538 0.657627
0.504 -2.73347 0.545625
0.506 -1.57052 0.44185
0.508 -0.157052 0.359284
0.51 1.29121 0.310579
0.512 2.53001 0.305081
0.514 3.33157 0.346043
0.516 3.52936 0.428849
0.518 3.05367 0.540802
0.52 1.95047 0.662693
0.522 0.379209 0.771894
0.524 -1.41096 0.846351
0.526 -3.12264 0.868595
0.528 -4.46202 0.82887
0.53 -5.1915 0.726693
0.532 -5.17326 0.570524
0.534 -4.39536 0.375671
0.536 -2.97535 0.16099
0.538 -1.14052 -0.0547893
0.54 0.811713 -0.256213
0.542 2.56586 -0.432968
0.544 3.84339 -0.580061
0.546 4.45049 -0.696363
0.548 4.31004 -0.782043
0.55 3.47209 -0.83573
0.552 2.1014 -0.852378
0.554 0.444926 -0.822674
0.556 -1.21435 -0.734434
0.558 -2.60827 -0.575918
0.56 -3.52949 -0.340416
0.562 -3.86436 -0.0310181
0.564 -3.60718 0.335728
0.566 -2.85386 0.728517
0.568 -1.77745 1.10316
0.57 -0.590828 1.40784
0.572 0.495547 1.59121
0.574 1.31248 1.61193
0.576 1.76024 1.44808
0.578 1.82119 1.1042
0.58 1.55549 0.614376
0.582 1.08151 0.0402827
0.584 0.546144 -0.536078
0.586 0.0913336 -1.02403
0.588 -0.175965 -1.33849
0.59 -0.204517 -1.4145
0.592 -0.00644122 -1.21934
0.594 0.349155 -0.759924
0.596 0.754532 -0.0839664
0.598 1.08928 0.725662
0.6 1.24809 1.56261
0.602 1.16451 2.31293
0.604 0.825657 2.87262
0.606 0.275294 3.16368
0.608 -0.395133 3.1461
0.61 -1.06522 2.82372
0.612 -1.60996 2.24293
0.614 -1.92452 1.48474
0.616 -1.9445 0.651511
0.618 -1.65763 -0.149103
0.62 -1.10504 -0.820308
0.622 -0.372149 -1.28972
0.624 0.428588 -1.5182
0.626 1.17912 -1.50286
0.628 1.77716 -1.27414
0.63 2.1532 -0.887946
0.632 2.28008 -0.414641
0.634 2.17376 0.0729874
0.636 1.88573 0.510603
0.638 1.48929 0.850378
0.64 1.06302 1.06524
0.642 0.67493 1.14915
0.644 0.370764 1.11401
0.646 0.168409 0.984386
0.648 0.0592185 0.79137
0.65 0.0153264 0.566945
0.652 0.000804226 0.339775
0.654 -0.0162247 0.13284
0.656 -0.0535025 -0.0371696
0.658 -0.108972 -0.159245
0.66 -0.160814 -0.226971
0.662 -0.173103 -0.237665
0.664 -0.105694 -0.192178
0.666 0.0740166 -0.0954238
0.668 0.380255 0.0427086
0.67 0.801543 0.206663
0.672 1.29874 0.375411
0.674 1.80913 0.524054
0.676 2.25604 0.626953
0.678 2.5621 0.662082
0.68 2.6637 0.615801
0.682 2.52377 0.486992
0.684 2.1403 0.289393
0.686 1.54877 0.0512554
0.688 0.81809 -0.188087
0.69 0.0404471 -0.384471
0.692 -0.68301 -0.496999
0.694 -1.25818 -0.49646
0.696 -1.6129 -0.372304
0.698 -1.70811 -0.136507
0.7 -1.54344 0.176825
0.702 -1.15645 0.51644
0.704 -0.615733 0.822898
0.706 -0.00919916 1.03995
0.708 0.570179 1.12619
0.71 1.03889 1.06449
0.712 1.33517 0.867101
0.714 1.4273 0.575096
0.716 1.31663 0.251655
0.718 1.03541 -0.02964
0.72 0.639853 -0.199534
0.722 0.200034 -0.207963
0.724 -0.211678 -0.0359872
0.726 -0.531707 0.297839
0.728 -0.71421 0.738323
0.73 -0.736645 1.202
0.732 -0.601392 1.59175
0.734 -0.333522 1.81519
0.736 0.0246156 1.8033
0.738 0.420858 1.52573
0.74 0.801426 0.999474
0.742 1.11853 0.289088
0.744 1.33631 -0.502259
0.746 1.43441 -1.24939
0.748 1.40887 -1.82667
0.75 1.27053 -2.13049
0.752 1.04153 -2.09873
0.754 0.750557 -1.7231
0.756 0.427858 -1.05232
0.758 0.100815 -0.184979
0.76 -0.209268 0.746564
0.762 -0.488694 1.59853
0.764 -0.731155 2.24021
0.766 -0.935975 2.5762
0.768 -1.10532 2.56228
0.77 -1.24109 2.21202
0.772 -1.3422 1.59315
0.774 -1.40298 0.814259
0.776 -1.41311 0.00460333
0.778 -1.35922 -0.709238
0.78 -1.22795 -1.22547
0.782 -1.00995 -1.48391
0.784 -0.703957 -1.47453
0.786 -0.320142 -1.23637
0.788 0.118138 -0.847373
0.79 0.574821 -0.407245
0.792 1.0041 -0.0169188
0.794 1.3557 0.241335
0.796 1.58177 0.31935
0.798 1.6445 0.211189
0.8 1.52309 -0.0474055
0.802 1.21877 -0.38785
0.804 0.757003 -0.723876
0.806 0.185986 -0.969851
0.808 -0.428424 -1.05857
0.81 -1.01091 -0.954993
0.812 -1.48687 -0.663395
0.814 -1.79311 -0.226499
0.816 -1.88729 0.282937
0.818 -1.75464 0.776404
0.82 -1.41075 1.16686
0.822 -0.899828 1.38551
0.824 -0.288605 1.39495
0.826 0.343186 1.19621
0.828 0.914344 0.828464
0.83 1.3539 0.361685
0.832 1.61117 -0.116306
0.834 1.66254 -0.515824
0.836 1.51402 -0.761348
0.838 1.19919 -0.804668
0.84 0.772932 -0.632853
0.842 0.302165 -0.269815
0.844 -0.144992 0.22859
0.846 -0.509676 0.784769
0.848 -0.750762 1.31288
0.85 -0.850005 1.73307
0.852 -0.813164 1.98403
0.854 -0.66709 2.03179
0.856 -0.453469 1.87347
0.858 -0.220428 1.5359
0.86 -0.0135664 1.06953
0.862 0.132002 0.539297
0.864 0.19724 0.0140173
0.866 0.181501 -0.44363
0.868 0.101288 -0.785069
0.87 -0.0141894 -0.980701
0.872 -0.129735 -1.02134
0.874 -0.211859 -0.916553
0.876 -0.236002 -0.690621
0.878 -0.191949 -0.37731
0.88 -0.0864372 -0.0144182
0.882 0.0575518 0.360929
0.884 0.204745 0.715682
0.886 0.31414 1.02281
0.888 0.347068 1.26193
0.89 0.275355 1.41908
0.892 0.0880872 1.48618
0.894 -0.204284 1.46047
0.896 -0.569419 1.34443
0.898 -0.956449 1.14598
0.9 -1.30289 0.878784
0.902 -1.54421 0.562353
0.904 -1.62454 0.221526
0.906 -1.50696 -0.114973
0.908 -1.18147 -0.41692
0.91 -0.669248 -0.655766
0.912 -0.0222883 -0.808177
0.914 0.682047 -0.859356
0.916 1.35086 -0.80552
0.918 1.88878 -0.655001
0.92 2.21236 -0.427653
0.922 2.26363 -0.15255
0.924 2.02062 0.135732
0.926 1.50301 0.401685
0.928 0.771705 0.613578
0.93 -0.0780481 0.74757
0.932 -0.929128 0.790583
0.934 -1.65913 0.741531
0.936 -2.15857 0.610769
0.938 -2.34795 0.417949
0.94 -2.19095 0.188706
0.942 -1.70144 -0.0491848
0.944 -0.943094 -0.269548
0.946 -0.0212527 -0.450834
0.948 0.931793 -0.578076
0.95 1.77612 -0.64361
0.952 2.38509 -0.646686
0.954 2.66469 -0.592236
0.956 2.56815 -0.489201
0.958 2.10352 -0.3488
0.96 1.33288 -0.18309
0.962 0.363233 -0.00398689
0.964 -0.669456 0.177167
0.966 -1.62068 0.34963
0.968 -2.35895 0.50307
0.97 -2.78513 0.627448
0.972 -2.84657 0.713189
0.974 -2.54388 0.751789
0.976 -1.9294 0.736844
0.978 -1.09785 0.665319
0.98 -0.170751 0.538798
0.982 0.722499 0.364371
0.984 1.46408 0.154876
0.986 1.96438 -0.0717143
0.988 2.17349 -0.293808
0.99 2.08597 -0.488492
0.992 1.73854 -0.634338
0.994 1.20155 -0.714314
0.996 0.566009 -0.718361
0.998 -0.0715637 -0.645198
0.4 0.11046 0.0542476
0.8 0.11134 0.0563769
1.2 0.112689 0.0597756
1.6 0.114337 0.0642312
2 0.116073 0.0694713
2.4 0.11766 0.0751853
2.8 0.118858 0.0810494
3.2 0.119448 0.0867523
3.6 0.119249 0.0920187
4 0.118141 0.0966299
4.4 0.116073 0.100439
4.8 0.113069 0.103379
5.2 0.109228 0.105464
5.6 0.10472 0.106787
6 0.0997664 0.107504
6.4 0.0946272 0.107822
6.8 0.089579 0.107975
7.2 0.0848933 0.108207
7.6 0.0808153 0.108748
8 0.0775458 0.109796
8.4 0.0752271 0.111503
8.8 0.0739339 0.113961
9.2 0.0736705 0.117201
9.6 0.0743732 0.12119
10 0.0759194 0.125836
10.4 0.0781402 0.131
10.8 0.0808367 0.136507
11.2 0.0837983 0.14216
11.6 0.0868204 0.147757
12 0.0897217 0.153106
12.4 0.0923573 0.158035
12.8 0.0946291 0.162406
13.2 0.0964906 0.166121
13.6 0.0979474 0.169123
14 0.0990526 0.171403
14.4 0.0998984 0.172988
14.8 0.100604 0.173942
15.2 0.101302 0.174358
15.6 0.102126 0.174345
16 0.103191 0.174024
16.4 0.10459 0.173513
16.8 0.106377 0.172925
17.2 0.108566 0.172354
17.6 0.111128 0.171877
18 0.113995 0.171542
18.4 0.117063 0.171372
18.8 0.120203 0.171363
19.2 0.12327 0.171487
19.6 0.12612 0.171692
20 0.128617 0.171912
20.4 0.130648 0.172067
20.8 0.132128 0.172076
21.2 0.133012 0.171858
21.6 0.133297 0.171343
22 0.133019 0.170474
22.4 0.132253 0.169219
22.8 0.131106 0.167569
23.2 0.129709 0.165541
23.6 0.128206 0.163184
24 0.126742 0.160571
24.4 0.125455 0.157801
24.8 0.124462 0.154988
25.2 0.123854 0.152263
25.6 0.123688 0.149757
26 0.123985 0.147598
26.4 0.124726 0.145904
26.8 0.125859 0.144772
27.2 0.127303 0.144272
27.6 0.128952 0.144444
28 0.130687 0.145298
28.4 0.132384 0.146807
28.8 0.133923 0.148917
29.2 0.135199 0.151545
29.6 0.136126 0.154591
30 0.136647 0.157938
30.4 0.136735 0.161468
30.8 0.136395 0.165065
31.2 0.135662 0.168622
31.6 0.134601 0.17205
32 0.133299 0.175277
32.4 0.13186 0.178258
32.8 0.130398 0.180966
33.2 0.129029 0.183399
33.6 0.127864 0.185568
34 0.127004 0.187499
34.4 0.12653 0.189224
34.8 0.126505 0.190774
35.2 0.126964 0.192178
35.6 0.127919 0.193452
36 0.129355 0.194601
36.4 0.131234 0.195615
36.8 0.133495 0.196466
37.2 0.136061 0.197114
37.6 0.13884 0.197507
38 0.14173 0.197586
38.4 0.144626 0.197289
38.8 0.147423 0.196558
39.2 0.150021 0.195344
39.6 0.15233 0.193611
40 0.154273 0.191343
40.4 0.155789 0.188546
40.8 0.156837 0.185251
41.2 0.157397 0.181511
41.6 0.157471 0.177407
42 0.157083 0.173038
42.4 0.156278 0.168519
42.8 0.155119 0.163979
43.2 0.153686 0.159549
43.6 0.15207 0.155357
44 0.150367 0.151521
44.4 0.148676 0.148142
44.8 0.147088 0.145293
45.2 0.145687 0.143021
45.6 0.144538 0.141336
46 0.143685 0.140216
46.4 0.143148 0.139602
46.8 0.14292 0.139405
47.2 0.142965 0.139511
47.6 0.143224 0.139786
48 0.143614 0.14009
48.4 0.144035 0.140284
48.8 0.144375 0.140239
49.2 0.144519 0.139852
49.6 0.144357 0.139051
50 0.14379 0.137799
50.4 0.142738 0.136104
50.8 0.141151 0.134015
51.2 0.139004 0.131622
51.6 0.136311 0.129048
52 0.133114 0.12644
52.4 0.129492 0.123959
52.8 0.125548 0.121765
53.2 0.121407 0.120004
53.6 0.117208 0.118797
54 0.113096 0.118224
54.4 0.10921 0.11832
54.8 0.105677 0.11907
55.2 0.102602 0.120402
55.6 0.100063 0.122197
56 0.0981079 0.12429
56.4 0.0967467 0.126487
56.8 0.0959573 0.128571
57.2 0.095685 0.130323
57.6 0.095848 0.131536
58 0.0963438 0.132027
58.4 0.0970565 0.131654
58.8 0.0978657 0.130328
59.2 0.0986544 0.128015
59.6 0.0993174 0.124741
60 0.0997679 0.120593
60.4 0.0999423 0.115713
60.8 0.0998035 0.110284
61.2 0.0993418 0.104525
61.6 0.0985737 0.0986738
62 0.0975383 0.092972
62.4 0.0962928 0.0876503
62.8 0.0949058 0.0829155
63.2 0.0934509 0.0789383
63.6 0.0919997 0.0758445
64 0.0906151 0.0737094
64.4 0.0893466 0.0725557
64.8 0.0882259 0.072354
65.2 0.0872653 0.0730283
65.6 0.0864574 0.0744619
66 0.0857771 0.0765076
66.4 0.0851848 0.0789975
66.8 0.0846313 0.0817549
67.2 0.0840632 0.0846047
67.6 0.083429 0.0873838
68 0.0826839 0.08995
68.4 0.0817951 0.0921882
68.8 0.0807449 0.0940152
69.2 0.0795319 0.0953816
69.6 0.0781719 0.0962714
70 0.0766951 0.0966991
70.4 0.0751435 0.0967056
70.8 0.073566 0.0963517
71.2 0.0720132 0.0957112
71.6 0.0705321 0.0948633
72 0.0691611 0.0938855
72.4 0.0679258 0.0928465
72.8 0.0668363 0.091801
73.2 0.0658864 0.0907851
73.6 0.0650543 0.0898145
74 0.0643049 0.0888835
74.4 0.0635944 0.0879667
74.8 0.0628748 0.087022
75.2 0.0621003 0.0859948
75.6 0.061233 0.0848238
76 0.0602476 0.0834469
76.4 0.0591363 0.0818075
76.8 0.0579102 0.0798601
77.2 0.0566005 0.0775756
77.6 0.0552564 0.0749445
78 0.0539419 0.0719793
78.4 0.05273 0.068715
78.8 0.0516961 0.0652081
79.2 0.0509111 0.0615334
79.6 0.0504335 0.05778
80 0.0503029 0.0540461
80.4 0.0505345 0.0504328
80.8 0.0511158 0.0470384
81.2 0.0520045 0.0439522
81.6 0.0531303 0.0412489
82 0.0543977 0.0389847
82.4 0.0556917 0.0371939
82.8 0.0568854 0.0358873
83.2 0.0578479 0.0350518
83.6 0.0584537 0.034652
84 0.0585915 0.0346324
84.4 0.0581718 0.0349212
84.8 0.0571336 0.0354345
85.2 0.0554488 0.036082
85.6 0.0531242 0.0367715
86 0.0502014 0.0374142
86.4 0.0467538 0.0379297
86.8 0.0428824 0.0382495
87.2 0.0387089 0.0383208
87.6 0.0343682 0.0381083
88 0.03 0.0375956
88.4 0.0257407 0.036785
88.8 0.0217159 0.0356973
89.2 0.0180336 0.0343691
89.6 0.0147792 0.032851
90 0.0120123 0.031204
90.4 0.00976534 0.0294958
90.8 0.00804373 0.0277975
91.2 0.00682826 0.0261789
91.6 0.00607832 0.0247059
92 0.00573648 0.0234364
92.4 0.00573359 0.022418
92.8 0.00599406 0.0216859
93.2 0.00644108 0.0212617
93.6 0.00700119 0.0211529
94 0.00760818 0.021353
94.4 0.00820594 0.0218431
94.8 0.00875035 0.022593
95.2 0.00921001 0.0235641
95.6 0.00956607 0.0247112
96 0.00981116 0.0259861
96.4 0.00994771 0.0273395
96.8 0.00998581 0.0287244
97.2 0.00994085 0.0300979
97.6 0.00983113 0.0314229
98 0.00967573 0.0326697
98.4 0.0094926 0.0338167
98.8 0.00929719 0.0348505
99.2 0.00910149 0.0357655
99.6 0.00891364 0.0365635
100 0.00873796 0.0372522
100.4 0.00857546 0.037844
100.8 0.00842456 0.0383548
101.2 0.00828208 0.0388022
101.6 0.00814433 0.0392044
102 0.00800803 0.0395788
102.4 0.00787128 0.0399409
102.8 0.00773411 0.0403034
103.2 0.00759889 0.040676
103.6 0.00747033 0.0410645
104 0.00735526 0.0414711
104.4 0.00726203 0.0418941
104.8 0.00719981 0.0423283
105.2 0.00717761 0.0427657
105.6 0.00720339 0.0431956
106 0.00728313 0.0436057
106.4 0.00742001 0.0439827
106.8 0.00761391 0.0443135
107.2 0.00786104 0.044586
107.6 0.00815398 0.0447899
108 0.00848195 0.0449178
108.4 0.00883139 0.0449663
108.8 0.00918675 0.0449359
109.2 0.0095315 0.0448319
109.6 0.00984912 0.0446643
110 0.0101242 0.0444478
110.4 0.0103432 0.0442008
110.8 0.0104955 0.043945
111.2 0.0105738 0.0437039
111.6 0.0105744 0.0435017
112 0.0104973 0.0433621
112.4 0.0103459 0.0433064
112.8 0.0101268 0.0433524
113.2 0.00984883 0.0435135
113.6 0.00952294 0.0437975
114 0.00916107 0.0442064
114.4 0.00877571 0.0447358
114.8 0.00837931 0.0453757
115.2 0.00798385 0.0461106
115.6 0.00760055 0.0469203
116 0.00723969 0.0477812
116.4 0.00691058 0.0486668
116.8 0.00662155 0.0495495
117.2 0.00638008 0.050401
117.6 0.00619287 0.0511936
118 0.00606588 0.0519007
118.4 0.00600439 0.0524979
118.8 0.00601295 0.0529632
119.2 0.00609529 0.0532774
119.6 0.00625418 0.0534246
120 0.00649127 0.0533926
120.4 0.00680694 0.0531732
120.8 0.00720012 0.0527625
121.2 0.00766824 0.0521613
121.6 0.00820711 0.0513755
122 0.00881098 0.0504161
122.4 0.00947252 0.0492993
122.8 0.0101829 0.0480465
123.2 0.0109318 0.0466832
123.6 0.0117077 0.0452387
124 0.0124976 0.0437446
124.4 0.0132875 0.042233
124.8 0.0140619 0.0407352
125.2 0.0148044 0.0392793
125.6 0.0154978 0.0378889
126 0.0161239 0.0365813
126.4 0.0166645 0.035366
126.8 0.0171014 0.0342449
127.2 0.0174179 0.033212
127.6 0.0175988 0.0322542
128 0.017632 0.0313536
128.4 0.0175097 0.0304892
128.8 0.0172289 0.0296401
129.2 0.0167926 0.0287886
129.6 0.0162107 0.0279228
130 0.0154996 0.0270397
130.4 0.0146825 0.0261467
130.8 0.0137883 0.0252626
131.2 0.0128508 0.0244174
131.6 0.0119064 0.0236505
132 0.0109925 0.0230081
132.4 0.0101449 0.022539
132.8 0.00939531 0.0222901
133.2 0.00876948 0.0223012
133.6 0.00828495 0.0225997
134 0.00794985 0.0231962
134.4 0.00776218 0.024081
134.8 0.00770989 0.0252216
135.2 0.00777176 0.0265632
135.6 0.00791893 0.0280296
136 0.00811714 0.0295277
136.4 0.00832936 0.0309522
136.8 0.00851864 0.0321932
137.2 0.00865095 0.0331437
137.6 0.00869779 0.0337079
138 0.00863829 0.0338091
138.4 0.00846087 0.0333959
138.8 0.008164 0.0324478
139.2 0.00775646 0.0309771
139.6 0.0072568 0.0290296
140 0.00669229 0.0266818
140.4 0.00609751 0.0240359
140.8 0.00551259 0.0212122
141.2 0.00498151 0.0183406
141.6 0.0045503 0.0155504
142 0.00426558 0.012961
142.4 0.00417313 0.0106725
142.8 0.0043168 0.0087584
143.2 0.00473747 0.00726068
143.6 0.00547208 0.00618736
144 0.00655259 0.00551312
144.4 0.00800478 0.00518298
144.8 0.00984677 0.00511841
145.2 0.0120873 0.00522567
145.6 0.0147239 0.00540533
146 0.0177407 0.00556222
146.4 0.0211067 0.00561497
146.8 0.0247743 0.005504
147.2 0.028678 0.00519751
147.6 0.0327351 0.00469468
148 0.0368463 0.00402588
148.4 0.0408984 0.00324991
148.8 0.0447681 0.00244842
149.2 0.048327 0.0017181
149.6 0.0514477 0.00116146
150 0.0540108 0.000876825
150.4 0.0559118 0.000948795
150.8 0.0570676 0.00143977
151.2 0.0574228 0.00238347
151.6 0.0569542 0.00378108
152 0.0556731 0.00560014
152.4 0.0536263 0.0077765
152.8 0.0508938 0.010219
153.2 0.0475855 0.0128164
153.6 0.0438341 0.015446
154 0.0397881 0.0179831
154.4 0.0356025 0.0203101
154.8 0.0314298 0.0223256
155.2 0.0274105 0.0239509
155.6 0.0236655 0.0251349
156 0.0202897 0.0258567
156.4 0.0173472 0.026125
156.8 0.0148697 0.0259759
157.2 0.012857 0.0254676
157.6 0.0112794 0.0246743
158 0.0100835 0.0236791
158.4 0.00919758 0.0225663
158.8 0.00853981 0.0214143
159.2 0.00802556 0.0202903
159.6 0.00757483 0.019245
160 0.0071185 0.0183108
160.4 0.00660329 0.0175007
160.8 0.00599474 0.0168099
161.2 0.00527838 0.0162181
161.6 0.00445894 0.0156938
162 0.00355785 0.015199
162.4 0.00260946 0.014694
162.8 0.0016563 0.0141423
163.2 0.000744004 0.0135139
163.6 -8.36484e-05 0.012789
164 -0.000789074 0.0119592
164.4 -0.0013443 0.0110277
164.8 -0.00173314 0.0100093
165.2 -0.00195209 0.00892747
165.6 -0.00200986 0.00781253
166 -0.00192582 0.00669821
166.4 -0.00172755 0.00561858
166.8 -0.00144782 0.00460509
167.2 -0.00112131 0.00368409
167.6 -0.000781495 0.00287505
168 -0.00045794 0.00218955
168.4 -0.000174231 0.00163104
168.8 5.33047e-05 0.00119545
169.2 0.000216044 0.000872272
169.6 0.000312727 0.000646199
170 0.000348449 0.000498935
170.4 0.000333167 0.00041106
170.8 0.000279924 0.000363748
171.2 0.000203019 0.000340185
171.6 0.000116312 0.000326598
172 3.18341e-05 0.000312848
172.4 -4.11938e-05 0.000292586
172.8 -9.68834e-05 0.000263018
173.2 -0.000132741 0.000224376
173.6 -0.000149331 0.000179174
174 -0.000149639 0.000131379
174.4 -0.000138241 8.55783e-05
174.8 -0.000120418 4.62438e-05
175.2 -0.000101316 1.71499e-05
175.6 -8.52614e-05 9.75109e-07
176 -7.5279e-05 -8.98931e-07
176.4 -7.28524e-05 1.15888e-05
176.8 -7.79198e-05 3.73e-05
177.2 -8.90684e-05 7.41177e-05
177.6 -0.000103876 0.000119219
178 -0.000119334 0.000169352
178.4 -0.000132275 0.00022109
178.8 -0.000139764 0.000271028
179.2 -0.000139386 0.000315924
179.6 -0.000129421 0.000352781
180 -0.000108891 0.000378888
180.4 -7.74983e-05 0.000391844
180.8 -3.54769e-05 0.000389582
181.2 1.6601e-05 0.000370413
181.6 7.80294e-05 0.000333106
182 0.000148147 0.000277013
182.4 0.000226464 0.000202213
182.8 0.00031272 0.000109677
183.2 0.000406882 1.42059e-06
183.6 0.000509075 -0.000119395
184 0.000619487 -0.000248429
184.4 0.000738248 -0.00038024
184.8 0.000865331 -0.000508473
185.2 0.00100048 -0.000626184
185.6 0.00114316 -0.000726282
186 0.00129262 -0.000802052
186.4 0.00144789 -0.000847748
186.8 0.00160787 -0.000859173
187.2 0.0017714 -0.000834213
187.6 0.00193733 -0.00077325
188 0.00210446 -0.000679403
188.4 0.0022715 -0.000558563
188.8 0.00243696 -0.000419183
189.2 0.00259897 -0.000271826
189.6 0.00275504 -0.00012849
190 0.00290195 -1.75714e-06
190.4 0.00303553 9.61781e-05
190.8 0.0031507 0.000154511
191.2 0.00324153 0.000164775
191.6 0.00330152 0.000121639
192 0.00332406 2.34838e-05
192.4 0.00330299 -0.000127325
192.8 0.00323341 -0.000324486
193.2 0.00311247 -0.000558166
193.6 0.00294021 -0.000815708
194 0.00272031 -0.00108262
194.4 0.00246065 -0.00134371
194.8 0.00217366 -0.00158435
195.2 0.00187633 -0.00179162
195.6 0.00158977 -0.00195536
196 0.0013385 -0.00206892
196.4 0.00114925 -0.00212957
196.8 0.00104951 -0.00213855
197.2 0.00106582 -0.00210066
197.6 0.00122191 -0.00202355
198 0.00153691 -0.00191667
198.4 0.00202369 -0.00179003
198.8 0.00268751 -0.00165288
199.2 0.00352512 -0.0015125
199.6 0.00452434 -0.00137313
200 0.00566431 -0.00123521
200.4 0.00691621 -0.00109502
200.8 0.00824471 -0.000944721
201.2 0.00960972 -0.000772834
201.6 0.0109687 -0.000565069
202 0.0122788 -0.000305443
202.4 0.0134996 2.24366e-05
202.8 0.0145953 0.000434064
203.2 0.0155363 0.000942824
203.6 0.0163009 0.00155901
204 0.0168762 0.00228917
204.4 0.0172582 0.00313583
204.8 0.017451 0.00409758
205.2 0.0174663 0.00516959
205.6 0.0173214 0.00634432
206 0.0170373 0.00761251
206.4 0.0166364 0.00896416
206.8 0.0161409 0.0103895
207.2 0.01557 0.0118795
207.6 0.0149392 0.0134269
208 0.0142588 0.0150257
208.4 0.0135337 0.0166713
208.8 0.0127636 0.0183601
209.2 0.011944 0.0200884
209.6 0.0110679 0.0218518
210 0.0101277 0.0236443
210.4 0.00911736 0.0254575
210.8 0.0080351 0.0272802
211.2 0.00688515 0.029098
211.6 0.00567973 0.0308938
212 0.00444011 0.032648
212.4 0.003197 0.0343398
212.8 0.00199009 0.0359479
213.2 0.000866586 0.037452
213.6 -0.000120979 0.038834
214 -0.000917769 0.040079
214.4 -0.00147017 0.0411763
214.8 -0.00172962 0.0421197
215.2 -0.0016565 0.0429077
215.6 -0.00122365 0.043543
216 -0.000419393 0.0440324
216.4 0.00075038 0.0443852
216.8 0.00226113 0.0446129
217.2 0.00406987 0.0447276
217.6 0.00611658 0.0447416
218 0.00832694 0.0446666
218.4 0.0106161 0.0445131
218.8 0.0128932 0.0442908
219.2 0.015067 0.0440089
219.6 0.0170507 0.043676
220 0.0187679 0.0433016
220.4 0.0201567 0.0428961
220.8 0.021174 0.0424714
221.2 0.0217976 0.0420411
221.6 0.0220279 0.0416203
222 0.021887 0.0412247
222.4 0.0214172 0.0408698
222.8 0.0206774 0.0405694
223.2 0.0197391 0.0403339
223.6 0.0186806 0.0401685
224 0.0175818 0.0400719
224.4 0.0165182 0.040035
224.8 0.0155555 0.0400403
225.2 0.0147455 0.0400619
225.6 0.0141225 0.0400664
226 0.0137016 0.0400147
226.4 0.0134783 0.0398639
226.8 0.0134297 0.0395703
227.2 0.0135168 0.0390928
227.6 0.0136888 0.0383958
228 0.0138873 0.0374522
228.4 0.0140517 0.0362463
228.8 0.0141239 0.0347751
229.2 0.0140536 0.0330493
229.6 0.013802 0.0310931
230 0.0133449 0.0289432
230.4 0.012674 0.0266464
230.8 0.0117978 0.0242568
231.2 0.0107403 0.0218325
231.6 0.00953874 0.0194317
232 0.00824035 0.0171094
232.4 0.00689859 0.0149139
232.8 0.00556886 0.0128843
233.2 0.00430432 0.0110488
233.6 0.00315206 0.00942335
234 0.00214998 0.00801242
234.4 0.00132458 0.00680936
234.8 0.000689696 0.00579837
235.2 0.00024643 0.00495668
235.6 -1.60055e-05 0.00425721
236 -0.00011852 0.00367118
236.4 -8.97216e-05 0.00317064
236.8 3.6918e-05 0.00273056
237.2 0.000226041 0.00233048
237.6 0.000443261 0.00195542
238 0.000657668 0.00159621
238.4 0.000843791 0.00124925
238.8 0.000982911 0.00091564
239.2 0.00106366 0.000600044
239.6 0.00108195 0.00030929
240 0.00104026 5.09297e-05
240.4 0.000946449 -0.000168079
240.8 0.000812294 -0.000342456
241.2 0.000651813 -0.000469358
241.6 0.000479645 -0.00054875
242 0.000309589 -0.000583425
242.4 0.000153434 -0.000578668
242.8 2.01374e-05 -0.000541683
243.2 -8.4597e-05 -0.00048084
243.6 -0.000158365 -0.000404871
244 -0.000201781 -0.000322095
244.4 -0.000217936 -0.000239769
244.8 -0.000211693 -0.000163615
245.2 -0.000188923 -9.75631e-05
245.6 -0.00015575 -4.3708e-05
246 -0.000117905 -2.46586e-06
246.4 -8.02322e-05 2.71186e-05
246.8 -4.637e-05 4.69644e-05
247.2 -1.86271e-05 5.95095e-05
247.6 1.97448e-06 6.72853e-05
248 1.55184e-05 7.25585e-05
248.4 2.29205e-05 7.70754e-05
248.8 2.56111e-05 8.19231e-05
249.2 2.52199e-05 8.75099e-05
249.6 2.33012e-05 9.36479e-05
250 2.11284e-05 9.97112e-05
250.4 1.95702e-05 0.000104837
250.8 1.90521e-05 0.000108133
251.2 1.95913e-05 0.000108866
251.6 2.08888e-05 0.000106594
252 2.24534e-05 0.000101244
252.4 2.37354e-05 9.31193e-05
252.8 2.42468e-05 8.28477e-05
253.2 2.3653e-05 7.12822e-05
253.6 2.18241e-05 5.93761e-05
254 1.88451e-05 4.80516e-05
254.4 1.49876e-05 3.80824e-05
254.8 1.06536e-05 3.00071e-05
255.2 6.30229e-06 2.4083e-05
255.6 2.3748e-06 2.02823e-05
256 -7.71491e-07 1.83301e-05
256.4 -2.9095e-06 1.7772e-05
256.8 -3.96423e-06 1.8061e-05
257.2 -4.00885e-06 1.86485e-05
257.6 -3.238e-06 1.90651e-05
258 -1.92474e-06 1.89815e-05
258.4 -3.69321e-07 1.82411e-05
258.8 1.15127e-06 1.68631e-05
259.2 2.42526e-06 1.50174e-05
259.6 3.33339e-06 1.29785e-05
260 3.85866e-06 1.10662e-05
260.4 4.07818e-06 9.58508e-06
260.8 4.13996e-06 8.7702e-06
261.2 4.22948e-06 8.7489e-06
261.6 4.5321e-06 9.52225e-06
262 5.19766e-06 1.09683e-05
262.4 6.31286e-06 1.28651e-05
262.8 7.88544e-06 1.49283e-05
263.2 9.84191e-06 1.68572e-05
263.6 1.20386e-05 1.83814e-05
264 1.42835e-05 1.92998e-05
264.4 1.63652e-05 1.95084e-05
264.8 1.80836e-05 1.90109e-05
265.2 1.92781e-05 1.79136e-05
265.6 1.98489e-05 1.64041e-05
266 1.97681e-05 1.47197e-05
266.4 1.90803e-05 1.31093e-05
266.8 1.78921e-05 1.17964e-05
267.2 1.63535e-05 1.09473e-05
267.6 1.46343e-05 1.06501e-05
268 1.28986e-05 1.09063e-05
268.4 1.12827e-05 1.16364e-05
268.8 9.87802e-06 1.26969e-05
269.2 8.72244e-06 1.39064e-05
269.6 7.80048e-06 1.5076e-05
270 7.05159e-06 1.60389e-05
270.4 6.38513e-06 1.66751e-05
270.8 5.69912e-06 1.69276e-05
271.2 4.8997e-06 1.68079e-05
271.6 3.91822e-06 1.63906e-05
272 2.72348e-06 1.57987e-05
272.4 1.32732e-06 1.51814e-05
272.8 -2.1692e-07 1.46891e-05
273.2 -1.82255e-06 1.44498e-05
273.6 -3.38272e-06 1.45485e-05
274 -4.78652e-06 1.50148e-05
274.4 -5.9352e-06 1.58196e-05
274.8 -6.75629e-06 1.68796e-05
275.2 -7.2133e-06 1.80714e-05
275.6 -7.30988e-06 1.92494e-05
276 -7.08798e-06 2.0268e-05
276.4 -6.62048e-06 2.10015e-05
276.8 -5.99971e-06 2.13616e-05
277.2 -5.32365e-06 2.13084e-05
277.6 -4.68199e-06 2.08533e-05
278 -4.14418e-06 2.00558e-05
278.4 -3.75103e-06 1.90127e-05
278.8 -3.51094e-06 1.78428e-05
279.2 -3.40122e-06 1.66697e-05
279.6 -3.37385e-06 1.56048e-05
280 -3.36474e-06 1.47333e-05
280.4 -3.30485e-06 1.4105e-05
280.8 -3.1315e-06 1.37308e-05
281.2 -2.79815e-06 1.35852e-05
281.6 -2.28129e-06 1.36142e-05
282 -1.58363e-06 1.37467e-05
282.4 -7.33328e-07 1.39072e-05
282.8 2.20431e-07 1.40286e-05
283.2 1.21455e-06 1.40621e-05
283.6 2.18063e-06 1.39839e-05
284 3.0538e-06 1.37962e-05
284.4 3.78024e-06 1.35251e-05
284.8 4.32269e-06 1.3213e-05
285.2 4.66299e-06 1.291e-05
285.6 4.8018e-06 1.26635e-05
286 4.75562e-06 1.25084e-05
286.4 4.55196e-06 1.24606e-05
286.8 4.22355e-06 1.2513e-05
287.2 3.80263e-06 1.26358e-05
287.6 3.31636e-06 1.27808e-05
288 2.78393e-06 1.28882e-05
288.4 2.21575e-06 1.28956e-05
288.8 1.61478e-06 1.27476e-05
289.2 9.79474e-07 1.24037e-05
289.6 3.07731e-07 1.18448e-05
290 -3.98959e-07 1.10757e-05
290.4 -1.13206e-06 1.01248e-05
290.8 -1.8739e-06 9.03993e-06
291.2 -2.59736e-06 7.88236e-06
291.6 -3.26756e-06 6.71836e-06
292 -3.8452e-06 5.61116e-06
292.4 -4.29119e-06 4.61363e-06
292.8 -4.5717e-06 3.76295e-06
293.2 -4.663e-06 3.07793e-06
293.6 -4.5551e-06 2.55923e-06
294 -4.25379e-06 2.19224e-06
294.4 -3.78065e-06 1.95196e-06
294.8 -3.17097e-06 1.80904e-06
295.2 -2.46993e-06 1.73576e-06
295.6 -1.72755e-06 1.71118e-06
296 -9.93169e-07 1.72449e-06
296.4 -3.10118e-07 1.77609e-06
296.8 2.88461e-07 1.8764e-06
297.2 7.82331e-07 2.04262e-06
297.6 1.16496e-06 2.29412e-06
298 1.44244e-06 2.64723e-06
298.4 1.63077e-06 3.11048e-06
298.8 1.75208e-06 3.6809e-06
299.2 1.83029e-06 4.34237e-06
299.6 1.88703e-06 5.06591e-06
300 1.93848e-06 5.81226e-06
300.4 1.99335e-06 6.53616e-06
300.8 2.05254e-06 7.19169e-06
301.2 2.11021e-06 7.73793e-06
301.6 2.15612e-06 8.14405e-06
302 2.17876e-06 8.393e-06
302.4 2.16853e-06 8.48333e-06
302.8 2.12066e-06 8.42883e-06
303.2 2.03713e-06 8.25617e-06
303.6 1.92725e-06 8.00072e-06
304 1.80693e-06 7.70146e-06
304.4 1.69661e-06 7.39552e-06
304.8 1.61821e-06 7.11331e-06
305.2 1.59164e-06 6.87484e-06
305.6 1.63131e-06 6.68785e-06
306 1.74343e-06 6.54778e-06
306.4 1.92435e-06 6.43975e-06
306.8 2.1603e-06 6.34195e-06
307.2 2.42868e-06 6.23005e-06
307.6 2.70063e-06 6.08176e-06
308 2.94456e-06 5.88102e-06
308.4 3.13017e-06 5.62097e-06
308.8 3.23232e-06 5.30543e-06
309.2 3.23417e-06 4.94865e-06
309.6 3.12925e-06 4.57339e-06
310 2.92204e-06 4.20766e-06
310.4 2.62705e-06 3.88064e-06
310.8 2.26656e-06 3.61844e-06
311.2 1.86735e-06 3.44032e-06
311.6 1.45693e-06 3.35582e-06
312 1.05979e-06 3.36338e-06
312.4 6.94262e-07 3.45045e-06
312.8 3.70388e-07 3.5951e-06
313.2 8.90895e-08 3.76886e-06
313.6 -1.57259e-07 3.9403e-06
314 -3.83007e-07 4.0789e-06
314.4 -6.06454e-07 4.15855e-06
314.8 -8.46564e-07 4.16035e-06
315.2 -1.11968e-06 4.07429e-06
315.6 -1.43674e-06 3.89968e-06
316 -1.80134e-06 3.6444e-06
316.4 -2.20899e-06 3.32316e-06
316.8 -2.64763e-06 2.95507e-06
317.2 -3.09917e-06 2.56101e-06
317.6 -3.54197e-06 2.16114e-06
318 -3.95374e-06 1.77287e-06
318.4 -4.31447e-06 1.40964e-06
318.8 -4.60894e-06 1.08035e-06
319.2 -4.82839e-06 7.8969e-07
319.6 -4.97131e-06 5.38933e-07
320 -5.043e-06 3.27034e-07
320.4 -5.05428e-06 1.51776e-07
320.8 -5.01943e-06 1.06443e-08
321.2 -4.95369e-06 -9.87117e-08
321.6 -4.87083e-06 -1.78525e-07
322 -4.78108e-06 -2.31407e-07
322.4 -4.68974e-06 -2.61149e-07
322.8 -4.59669e-06 -2.7359e-07
323.2 -4.49684e-06 -2.773e-07
323.6 -4.38138e-06 -2.83825e-07
324 -4.23969e-06 -3.07336e-07
324.4 -4.06152e-06 -3.63591e-07
324.8 -3.83913e-06 -4.68297e-07
325.2 -3.56913e-06 -6.35026e-07
325.6 -3.25352e-06 -8.72989e-07
326 -2.90012e-06 -1.18499e-06
326.4 -2.522e-06 -1.56591e-06
326.8 -2.13624e-06 -2.00205e-06
327.2 -1.76211e-06 -2.47143e-06
327.6 -1.41899e-06 -2.94523e-06
328 -1.12425e-06 -3.39021e-06
328.4 -8.91535e-07 -3.77179e-06
328.8 -7.29493e-07 -4.05761e-06
329.2 -6.41227e-07 -4.221e-06
329.6 -6.24441e-07 -4.24394e-06
330 -6.72228e-07 -4.11925e-06
330.4 -7.74319e-07 -3.85148e-06
330.8 -9.18593e-07 -3.45668e-06
331.2 -1.09259e-06 -2.96082e-06
331.6 -1.28484e-06 -2.39718e-06
332 -1.48576e-06 -1.80299e-06
332.4 -1.68814e-06 -1.21579e-06
332.8 -1.88711e-06 -6.69836e-07
333.2 -2.07973e-06 -1.9311e-07
333.6 -2.26432e-06 1.94859e-07
334 -2.43966e-06 4.84093e-07
334.4 -2.60436e-06 6.74136e-07
334.8 -2.75646e-06 7.73003e-07
335.2 -2.8933e-06 7.95304e-07
335.6 -3.01186e-06 7.59879e-07
336 -3.10934e-06 6.87262e-07
336.4 -3.18399e-06 5.9734e-07
336.8 -3.23588e-06 5.07476e-07
337.2 -3.26766e-06 4.31279e-07
337.6 -3.28489e-06 3.78099e-07
338 -3.29602e-06 3.53194e-07
338.4 -3.31193e-06 3.5843e-07
338.8 -3.34495e-06 3.93292e-07
339.2 -3.40757e-06 4.55964e-07
339.6 -3.51109e-06 5.44258e-07
340 -3.6641e-06 6.562e-07
340.4 -3.87136e-06 7.90184e-07
340.8 -4.13298e-06 9.44694e-07
341.2 -4.44415e-06 1.11767e-06
341.6 -4.79544e-06 1.30571e-06
342 -5.17362e-06 1.50321e-06
342.4 -5.56285e-06 1.70184e-06
342.8 -5.9462e-06 1.89031e-06
343.2 -6.30709e-06 2.05467e-06
343.6 -6.63067e-06 2.17917e-06
344 -6.90478e-06 2.24758e-06
344.4 -7.12051e-06 2.24478e-06
344.8 -7.27223e-06 2.15857e-06
345.2 -7.3572e-06 1.98122e-06
345.6 -7.37481e-06 1.71081e-06
346 -7.32568e-06 1.35187e-06
346.4 -7.21074e-06 9.15475e-07
346.8 -7.03057e-06 4.18532e-07
347.2 -6.78505e-06 -1.17489e-07
347.6 -6.47348e-06 -6.68369e-07
348 -6.09511e-06 -1.20921e-06
348.4 -5.65012e-06 -1.71652e-06
348.8 -5.14074e-06 -2.17012e-06
349.2 -4.57248e-06 -2.55458e-06
349.6 -3.95516e-06 -2.86004e-06
350 -3.30352e-06 -3.0825e-06
350.4 -2.63732e-06 -3.22336e-06
350.8 -1.98083e-06 -3.28846e-06
351.2 -1.36162e-06 -3.28677e-06
351.6 -8.08831e-07 -3.22893e-06
352 -3.51069e-07 -3.12574e-06
352.4 -1.41037e-08 -2.98695e-06
352.8 1.81321e-07 -2.82035e-06
353.2 2.21348e-07 -2.6313e-06
353.6 1.00309e-07 -2.42271e-06
354 -1.78665e-07 -2.19533e-06
354.4 -6.03794e-07 -1.94837e-06
354.8 -1.15554e-06 -1.68027e-06
355.2 -1.80814e-06 -1.38941e-06
355.6 -2.53152e-06 -1.07477e-06
356 -3.29352e-06 -7.36394e-07
356.4 -4.06208e-06 -3.75594e-07
356.8 -4.80714e-06 5.02077e-09
357.2 -5.50231e-06 4.01717e-07
357.6 -6.12584e-06 8.09897e-07
358 -6.66126e-06 1.22438e-06
358.4 -7.09738e-06 1.63965e-06
358.8 -7.42797e-06 2.04996e-06
359.2 -7.65115e-06 2.44939e-06
359.6 -7.76863e-06 2.83176e-06
360 -7.78501e-06 3.19053e-06
360.4 -7.70711e-06 3.51871e-06
360.8 -7.54356e-06 3.80889e-06
361.2 -7.30449e-06 4.05341e-06
361.6 -7.00143e-06 4.24473e-06
362 -6.64721e-06 4.37595e-06
362.4 -6.25592e-06 4.44156e-06
362.8 -5.84272e-06 4.43809e-06
363.2 -5.42348e-06 4.36486e-06
363.6 -5.0142e-06 4.22447e-06
364 -4.6303e-06 4.02304e-06
364.4 -4.2857e-06 3.77011e-06
364.8 -3.99188e-06 3.47814e-06
365.2 -3.75701e-06 3.1617e-06
365.6 -3.58527e-06 2.83635e-06
366 -3.47646e-06 2.51734e-06
366.4 -3.42598e-06 2.21842e-06
366.8 -3.42524e-06 1.95066e-06
367.2 -3.46241e-06 1.72167e-06
367.6 -3.52351e-06 1.53518e-06
368 -3.59371e-06 1.3911e-06
368.4 -3.65871e-06 1.28604e-06
368.8 -3.70598e-06 1.21416e-06
369.2 -3.72584e-06 1.16834e-06
369.6 -3.71219e-06 1.14136e-06
370 -3.66288e-06 1.1271e-06
370.4 -3.57962e-06 1.12136e-06
370.8 -3.46757e-06 1.12246e-06
371.2 -3.33461e-06 1.13123e-06
371.6 -3.19039e-06 1.15069e-06
372 -3.04534e-06 1.18526e-06
372.4 -2.90968e-06 1.23972e-06
372.8 -2.7926e-06 1.31803e-06
373.2 -2.70161e-06 1.42221e-06
373.6 -2.64214e-06 1.55152e-06
374 -2.61734e-06 1.70187e-06
374.4 -2.62816e-06 1.86581e-06
374.8 -2.67354e-06 2.0329e-06
375.2 -2.75065e-06 2.19054e-06
375.6 -2.85526e-06 2.32516e-06
376 -2.98202e-06 2.42349e-06
376.4 -3.1248e-06 2.47396e-06
376.8 -3.27691e-06 2.46785e-06
377.2 -3.43136e-06 2.40016e-06
377.6 -3.58109e-06 2.27011e-06
378 -3.71928e-06 2.08114e-06
378.4 -3.83962e-06 1.84056e-06
378.8 -3.93673e-06 1.55873e-06
379.2 -4.00655e-06 1.2481e-06
379.6 -4.04675e-06 9.22102e-07
380 -4.05704e-06 5.9403e-07
380.4 -4.03944e-06 2.76168e-07
380.8 -3.99828e-06 -2.09152e-08
381.2 -3.93999e-06 -2.88738e-07
381.6 -3.87268e-06 -5.20998e-07
382 -3.80544e-06 -7.13416e-07
382.4 -3.74749e-06 -8.63406e-07
382.8 -3.70719e-06 -9.6967e-07
383.2 -3.69109e-06 -1.03181e-06
383.6 -3.70307e-06 -1.05004e-06
384 -3.74379e-06 -1.02504e-06
384.4 -3.81035e-06 -9.57957e-07
384.8 -3.89647e-06 -8.50604e-07
385.2 -3.993e-06 -7.05661e-07
385.6 -4.08875e-06 -5.26962e-07
386 -4.1717e-06 -3.19688e-07
386.4 -4.2302e-06 -9.04299e-08
386.8 -4.25434e-06 1.5292e-07
387.2 -4.23698e-06 4.01482e-07
387.6 -4.1746e-06 6.45882e-07
388 -4.0677e-06 8.76865e-07
388.4 -3.92075e-06 1.08597e-06
388.8 -3.74172e-06 1.26617e-06
389.2 -3.54119e-06 1.41236e-06
389.6 -3.33118e-06 1.52172e-06
390 -3.12387e-06 1.59374e-06
390.4 -2.93034e-06 1.63009e-06
390.8 -2.75945e-06 1.63418e-06
391.2 -2.61711e-06 1.61065e-06
391.6 -2.50581e-06 1.56468e-06
392 -2.42469e-06 1.50138e-06
392.4 -2.36995e-06 1.42527e-06
392.8 -2.3356e-06 1.3399e-06
393.2 -2.31436e-06 1.2477e-06
393.6 -2.29877e-06 1.15005e-06
394 -2.28208e-06 1.04755e-06
394.4 -2.25906e-06 9.40402e-07
394.8 -2.22648e-06 8.28839e-07
395.2 -2.18331e-06 7.13553e-07
395.6 -2.13055e-06 5.95986e-07
396 -2.07083e-06 4.78457e-07
396.4 -2.0078e-06 3.64102e-07
396.8 -1.94541e-06 2.56608e-07
397.2 -1.88724e-06 1.59816e-07
397.6 -1.83599e-06 7.72331e-08
398 -1.7931e-06 1.15462e-08
398.4 -1.75865e-06 -3.57673e-08
398.8 -1.73152e-06 -6.46713e-08
399.2 -1.70974e-06 -7.65876e-08
399.6 -1.69095e-06 -7.4184e-08
400 -1.67295e-06 -6.09546e-08
