-0.998 10.0821 -0.564379
-0.996 9.29662 0.295698
-0.994 8.03697 0.612756
-0.992 6.40182 0.41843
-0.99 4.50372 -0.159218
-0.988 2.47074 -0.929489
-0.986 0.449622 -1.68109
-0.984 -1.39347 -2.2241
-0.982 -2.87844 -2.42438
-0.98 -3.82531 -2.22499
-0.978 -4.07701 -1.65205
-0.976 -3.52783 -0.805297
-0.974 -2.15262 0.163719
-0.972 -0.0299127 1.0812
-0.97 2.64779 1.78277
-0.968 5.58193 2.14188
-0.966 8.39638 2.09057
-0.964 10.6851 1.62977
-0.962 12.0729 0.828291
-0.96 12.2805 -0.188438
-0.958 11.1808 -1.25738
-0.956 8.83615 -2.20131
-0.954 5.50658 -2.85314
-0.952 1.62418 -3.07806
-0.95 -2.26399 -2.79121
-0.948 -5.5774 -1.96959
-0.946 -7.79489 -0.657221
-0.944 -8.54309 1.03673
-0.942 -7.66449 2.94692
-0.94 -5.25198 4.86764
-0.938 -1.64225 6.57441
-0.936 2.6326 7.84971
-0.934 6.92821 8.51011
-0.932 10.5923 8.43171
-0.93 13.0725 7.5701
-0.928 14.0085 5.97182
-0.926 13.2928 3.77473
-0.924 11.0872 1.19628
-0.922 7.79419 -1.48969
-0.92 3.98552 -3.98529
-0.918 0.30141 -6.00607
-0.916 -2.66165 -7.31858
-0.914 -4.45471 -7.77254
-0.912 -4.85263 -7.32249
-0.91 -3.88895 -6.03525
-0.908 -1.84284 -4.08144
-0.906 0.818909 -1.71164
-0.904 3.53357 0.779471
-0.902 5.75027 3.09562
-0.9 7.03316 4.98129
-0.898 7.14094 6.25688
-0.896 6.06803 6.84064
-0.894 4.04048 6.75398
-0.892 1.4679 6.10954
-0.89 -1.13902 5.08501
-0.888 -3.26983 3.8879
-0.886 -4.51508 2.71821
-0.884 -4.64757 1.73592
-0.882 -3.66836 1.03869
-0.88 -1.80852 0.653448
-0.878 0.514221 0.542327
-0.876 2.77587 0.62098
-0.874 4.44867 0.784917
-0.872 5.10594 0.938031
-0.87 4.50942 1.01712
-0.868 2.66199 1.00705
-0.866 -0.18449 0.943313
-0.864 -3.56808 0.901372
-0.862 -6.8957 0.975233
-0.86 -9.54776 1.25017
-0.858 -10.9898 1.77584
-0.856 -10.8708 2.54599
-0.854 -9.09145 3.48983
-0.852 -5.82896 4.4773
-0.85 -1.51556 5.33794
-0.848 3.22759 5.89004
-0.846 7.68934 5.97454
-0.844 11.1843 5.48739
-0.842 13.1658 4.40385
-0.84 13.3168 2.78988
-0.838 11.6025 0.798185
-0.836 8.27658 -1.351
-0.834 3.83815 -3.40123
-0.832 -1.05023 -5.09791
-0.83 -5.67075 -6.22682
-0.828 -9.36462 -6.64621
-0.826 -11.6335 -6.30749
-0.824 -12.2118 -5.26111
-0.822 -11.0994 -3.64742
-0.82 -8.5507 -1.67466
-0.818 -5.0245 0.411579
-0.816 -1.1031 2.36194
-0.814 2.60468 3.9547
-0.812 5.56072 5.0205
-0.81 7.37907 5.45782
-0.808 7.87874 5.23812
-0.806 7.09979 4.40164
-0.804 5.28145 3.04585
-0.802 2.80773 1.30943
-0.8 0.131648 -0.645083
-0.798 -2.30727 -2.64744
-0.796 -4.1569 -4.533
-0.794 -5.20496 -6.15258
-0.792 -5.40204 -7.37957
-0.79 -4.85287 -8.11531
-0.788 -3.78005 -8.29405
-0.786 -2.4692 -7.88809
-0.784 -1.20723 -6.9127
-0.782 -0.226181 -5.4296
-0.78 0.337099 -3.54732
-0.778 0.458581 -1.41676
-0.776 0.220103 0.778962
-0.774 -0.219465 2.84036
-0.772 -0.667971 4.57167
-0.77 -0.948917 5.80287
-0.768 -0.944837 6.41054
-0.766 -0.625428 6.3343
-0.764 -0.0539022 5.58608
-0.762 0.630293 4.2504
-0.76 1.2488 2.47531
-0.758 1.6332 0.455039
-0.756 1.6736 -1.59292
-0.754 1.35487 -3.45298
-0.752 0.770644 -4.93491
-0.75 0.110328 -5.89251
-0.748 -0.379405 -6.23508
-0.746 -0.451281 -5.93135
-0.744 0.0796574 -5.00656
-0.742 1.28061 -3.53483
-0.74 3.06591 -1.62934
-0.738 5.19168 0.567527
-0.736 7.28402 2.89284
-0.734 8.89854 5.1705
-0.732 9.60197 7.21853
-0.73 9.06203 8.85787
-0.728 7.12793 9.9242
-0.726 3.88456 10.2836
-0.724 -0.333422 9.85088
-0.722 -4.97448 8.60922
-0.72 -9.34788 6.62572
-0.718 -12.7349 4.0601
-0.716 -14.5147 1.16127
-0.714 -14.2812 -1.75075
-0.712 -11.9288 -4.31778
-0.71 -7.68914 -6.18894
-0.708 -2.10927 -7.07262
-0.706 4.02669 -6.78678
-0.704 9.82062 -5.29822
-0.702 14.4079 -2.74226
-0.7 17.1035 0.583481
-0.698 17.5217 4.25286
-0.696 15.6457 7.76964
-0.694 11.8353 10.6423
-0.692 6.7677 12.4632
-0.69 1.32158 12.9785
-0.688 -3.57664 12.1346
-0.686 -7.11634 10.093
-0.684 -8.74656 7.20693
-0.682 -8.27299 3.9641
-0.68 -5.89004 0.903275
-0.678 -2.14145 -1.48014
-0.676 2.18309 -2.82249
-0.674 6.19621 -2.95736
-0.672 9.07797 -1.94489
-0.67 10.2273 -0.0585035
-0.668 9.3714 2.26945
-0.666 6.61359 4.5334
-0.664 2.41071 6.25529
-0.662 -2.51442 7.08066
-0.66 -7.30901 6.85072
-0.658 -11.1487 5.63545
-0.656 -13.3888 3.72009
-0.654 -13.6803 1.54684
-0.652 -12.029 -0.377596
-0.65 -8.78775 -1.59018
-0.648 -4.58312 -1.77367
-0.646 -0.192295 -0.831125
-0.644 3.60661 1.08385
-0.642 6.18106 3.58893
-0.64 7.15933 6.14459
-0.638 6.49251 8.16239
-0.636 4.45257 9.12906
-0.634 1.56802 8.72122
-0.632 -1.48839 6.8868
-0.63 -4.03685 3.87471
-0.628 -5.525 0.204532
-0.626 -5.63348 -3.42059
-0.624 -4.33254 -6.2429
-0.622 -1.87992 -7.59713
-0.62 1.2381 -7.04757
-0.618 4.40966 -4.48773
-0.616 7.02271 -0.181809
-0.614 8.58785 5.2629
-0.612 8.83435 10.9899
-0.61 7.76095 16.0389
-0.608 5.63266 19.5159
-0.606 2.92496 20.758
-0.604 0.227415 19.46
-0.602 -1.87384 15.7385
-0.6 -2.9117 10.1204
-0.598 -2.62932 3.45595
-0.596 -1.02958 -3.22736
-0.594 1.62627 -8.90454
-0.592 4.86973 -12.7323
-0.59 8.11545 -14.1957
-0.588 10.7724 -13.1949
-0.586 12.3539 -10.0565
-0.584 12.5653 -5.46832
-0.582 11.3534 -0.349054
-0.58 8.9089 4.3219
-0.578 5.62497 7.68277
-0.576 2.02025 9.14278
-0.574 -1.35628 8.48221
-0.572 -4.02091 5.88159
-0.57 -5.63386 1.87605
-0.568 -6.04822 -2.75468
-0.566 -5.32256 -7.13786
-0.564 -3.69767 -10.4713
-0.562 -1.54381 -12.1671
-0.56 0.710003 -11.9495
-0.558 2.6513 -9.88925
-0.556 3.95046 -6.3703
-0.554 4.4074 -1.99847
-0.552 3.97233 2.5283
-0.55 2.73939 6.56024
-0.548 0.917225 9.61811
-0.546 -1.21587 11.4735
-0.544 -3.36247 12.1726
-0.542 -5.25272 12.0002
-0.54 -6.67963 11.3946
-0.538 -7.51894 10.8331
-0.536 -7.73294 10.7119
-0.534 -7.36118 11.2486
-0.532 -6.50272 12.426
-0.53 -5.29512 13.9908
-0.528 -3.89427 15.507
-0.526 -2.45734 16.4521
-0.524 -1.12947 16.3378
-0.522 -0.0332923 14.8279
-0.52 0.73934 11.8271
-0.518 1.13416 7.52421
-0.516 1.13917 2.37594
-0.514 0.78633 -2.96407
-0.512 0.148722 -7.75896
-0.51 -0.667459 -11.3227
-0.508 -1.53634 -13.1483
-0.506 -2.33014 -13.0056
-0.504 -2.939 -10.9882
-0.502 -3.28983 -7.50178
-0.5 -3.36018 -3.1936
-0.498 -3.18373 1.16115
-0.496 -2.8446 4.79654
-0.494 -2.46027 7.08949
-0.492 -2.15501 7.66542
-0.49 -2.02901 6.45678
-0.488 -2.12976 3.70487
-0.486 -2.433 -0.0933394
-0.484 -2.83926 -4.28173
-0.482 -3.189 -8.16531
-0.48 -3.29546 -11.1309
-0.478 -2.99018 -12.7463
-0.476 -2.17242 -12.82
-0.474 -0.851503 -11.4137
-0.472 0.82881 -8.80759
-0.47 2.59245 -5.4298
-0.468 4.06342 -1.76513
-0.466 4.82601 1.73549
-0.464 4.50379 4.72771
-0.462 2.84314 7.01534
-0.46 -0.215526 8.55556
-0.458 -4.4951 9.43055
-0.456 -9.57921 9.79555
-0.454 -14.8544 9.81749
-0.452 -19.5933 9.61997
-0.45 -23.0663 9.24739
-0.448 -24.6633 8.65666
-0.446 -24.005 7.73772
-0.444 -21.0205 6.35696
-0.442 -15.9774 4.41215
-0.44 -9.45509 1.88419
-0.438 -2.26342 -1.12843
-0.436 4.68024 -4.40257
-0.434 10.4946 -7.61451
-0.432 14.4735 -10.3914
-0.43 16.1944 -12.3794
-0.428 15.5781 -13.3149
-0.426 12.8883 -13.0813
-0.424 8.67255 -11.7412
-0.422 3.65628 -9.5333
-0.42 -1.38869 -6.83496
-0.418 -5.77683 -4.09661
-0.416 -9.01702 -1.7599
-0.414 -10.8765 -0.176073
-0.412 -11.3896 0.459027
-0.41 -10.8125 0.140206
-0.408 -9.53537 -0.949013
-0.406 -7.97478 -2.47523
-0.404 -6.46995 -4.0231
-0.402 -5.20809 -5.17858
-0.4 -4.19494 -5.61083
-0.398 -3.2767 -5.13638
-0.396 -2.20711 -3.75307
-0.394 -0.742991 -1.63756
-0.392 1.25543 0.892224
-0.39 3.74479 3.44131
-0.388 6.46118 5.61467
-0.386 8.93785 7.09093
-0.384 10.5794 7.6778
-0.382 10.7809 7.33881
-0.38 9.06863 6.18706
-0.378 5.23352 4.44901
-0.376 -0.573635 2.40754
-0.374 -7.81058 0.337207
-0.372 -15.5887 -1.55398
-0.37 -22.7932 -3.16391
-0.368 -28.2607 -4.50899
-0.366 -30.9828 -5.70777
-0.364 -30.298 -6.94007
-0.362 -26.0329 -8.39116
-0.36 -18.5626 -10.1938
-0.358 -8.7747 -12.3814
-0.356 2.06018 -14.8629
-0.354 12.4902 -17.4246
-0.352 21.1208 -19.7593
-0.35 26.8464 -21.5163
-0.348 29.0316 -22.3612
-0.346 27.609 -22.0355
-0.344 23.0742 -20.4032
-0.342 16.3811 -17.4768
-0.34 8.75581 -13.419
-0.338 1.46708 -8.52014
-0.336 -4.40371 -3.1584
-0.334 -8.14795 2.25145
-0.332 -9.53513 7.30888
-0.33 -8.81837 11.6704
-0.328 -6.64076 15.0776
-0.326 -3.8636 17.3691
-0.324 -1.35415 18.4766
-0.322 0.2205 18.412
-0.32 0.548023 17.2508
-0.318 -0.260918 15.1184
-0.316 -1.70679 12.1817
-0.314 -3.0312 8.64738
-0.312 -3.41487 4.76221
-0.31 -2.20019 0.810122
-0.308 0.911826 -2.89841
-0.306 5.73594 -6.0486
-0.304 11.5808 -8.35483
-0.302 17.3421 -9.6014
-0.3 21.698 -9.68357
-0.298 23.3729 -8.63999
-0.296 21.4177 -6.66764
-0.294 15.4501 -4.11228
-0.292 5.80067 -1.43129
-0.29 -6.47002 0.869075
-0.288 -19.6982 2.31389
-0.286 -31.8699 2.54427
-0.284 -40.9597 1.39018
-0.282 -45.2924 -1.08437
-0.28 -43.8625 -4.57578
-0.278 -36.5459 -8.57927
-0.276 -24.1637 -12.4672
-0.274 -8.37885 -15.5949
-0.272 8.55812 -17.4146
-0.27 24.1725 -17.5774
-0.268 36.1744 -16.0027
-0.266 42.8396 -12.9008
-0.264 43.2953 -8.74246
-0.262 37.6566 -4.17982
-0.26 26.9927 0.0696545
-0.258 13.1263 3.35326
-0.256 -1.69171 5.20317
-0.254 -15.1746 5.42237
-0.252 -25.3844 4.11893
-0.25 -31.0411 1.68091
-0.248 -31.7021 -1.30372
-0.246 -27.7839 -4.16675
-0.244 -20.4289 -6.29575
-0.242 -11.2472 -7.25942
-0.24 -1.98784 -6.89685
-0.238 5.79489 -5.35221
-0.236 11.0156 -3.0463
-0.234 13.2202 -0.589491
-0.232 12.6111 1.34762
-0.23 9.93534 2.18009
-0.228 6.26879 1.54114
-0.226 2.74593 -0.626728
-0.224 0.296353 -4.04186
-0.222 -0.556247 -8.12276
-0.22 0.207696 -12.0904
-0.218 2.1249 -15.1144
-0.216 4.38128 -16.4758
-0.214 6.02308 -15.7142
-0.212 6.19948 -12.7296
-0.21 4.3829 -7.81954
-0.208 0.518173 -1.6408
-0.206 -4.93359 4.89805
-0.204 -11.0681 10.7945
-0.202 -16.7141 15.132
-0.2 -20.6769 17.2475
-0.198 -21.9962 16.8557
-0.196 -20.1638 14.106
-0.194 -15.2525 9.56004
-0.192 -7.92865 4.09434
-0.19 0.657637 -1.25448
-0.188 9.08097 -5.47332
-0.186 15.9079 -7.75099
-0.184 19.9679 -7.61902
-0.182 20.5742 -5.02972
-0.18 17.6496 -0.35885
-0.178 11.733 5.66576
-0.176 3.86654 12.0947
-0.174 -4.61146 17.9221
-0.172 -12.3248 22.2545
-0.17 -18.1142 24.4548
-0.168 -21.2378 24.2368
-0.166 -21.4779 21.695
-0.164 -19.1365 17.2687
-0.162 -14.9252 11.6481
-0.16 -9.77834 5.64354
-0.158 -4.63132 0.0430746
-0.156 -0.215692 -4.5146
-0.154 3.0849 -7.62984
-0.152 5.28649 -9.18079
-0.15 6.75457 -9.30852
-0.148 8.06583 -8.35627
-0.146 9.81639 -6.7785
-0.144 12.4238 -5.03977
-0.142 15.9725 -3.52352
-0.14 20.1429 -2.46759
-0.138 24.2442 -1.93666
-0.136 27.3501 -1.83427
-0.134 28.5091 -1.94857
-0.132 26.985 -2.01974
-0.13 22.4739 -1.81278
-0.128 15.245 -1.17968
-0.126 6.16813 -0.0976598
-0.124 -3.38788 1.32331
-0.122 -11.7744 2.86419
-0.12 -17.3608 4.24553
-0.118 -18.8552 5.19024
-0.116 -15.5812 5.48746
-0.114 -7.65362 5.04459
-0.112 3.98963 3.91711
-0.11 17.7114 2.31048
-0.108 31.4372 0.553207
-0.106 43.0093 -0.954122
-0.104 50.5663 -1.80476
-0.102 52.8772 -1.65517
-0.1 49.5637 -0.285886
-0.098 41.1681 2.35624
-0.096 29.0525 6.14099
-0.094 15.1486 10.7654
-0.092 1.60611 15.7902
-0.09 -9.59457 20.6967
-0.088 -16.9902 24.9553
-0.086 -19.8797 28.0965
-0.084 -18.4204 29.7723
-0.082 -13.5586 29.8017
-0.08 -6.81067 28.1918
-0.078 0.0607466 25.1343
-0.076 5.40889 20.9779
-0.074 8.02879 16.1818
-0.072 7.38056 11.2576
-0.07 3.66636 6.70553
-0.068 -2.25024 2.95401
-0.066 -9.05966 0.308825
-0.064 -15.3063 -1.08153
-0.062 -19.7079 -1.23916
-0.06 -21.4273 -0.346052
-0.058 -20.2446 1.28973
-0.056 -16.596 3.2862
-0.054 -11.4738 5.2492
-0.052 -6.20804 6.83345
-0.05 -2.17405 7.79279
-0.048 -0.485226 8.01201
-0.046 -1.73823 7.51661
-0.044 -5.86728 6.45991
-0.042 -12.1426 5.09078
-0.04 -19.3152 3.70689
-0.038 -25.8757 2.6008
-0.036 -30.3686 2.00741
-0.034 -31.6915 2.062
-0.032 -29.317 2.77729
-0.03 -23.3916 4.04507
-0.028 -14.6999 5.6625
-0.026 -4.50292 7.37779
-0.024 5.71018 8.94461
-0.022 14.5102 10.1731
-0.02 20.7968 10.9662
-0.018 23.9965 11.3348
-0.016 24.1485 11.3893
-0.014 21.8605 11.3108
-0.012 18.1451 11.3082
-0.01 14.1721 11.5688
-0.008 10.9958 12.2124
-0.006 9.31953 13.2569
-0.004 9.35028 14.6032
-0.002 10.7754 16.0452
0 12.8629 17.3036
0.002 14.6588 18.0799
0.004 15.2409 18.1176
0.006 13.9609 17.2589
0.008 10.6309 15.4818
0.01 5.60381 12.9106
0.012 -0.27305 9.79755
0.014 -5.82372 6.47994
0.016 -9.79583 3.32257
0.018 -11.142 0.655852
0.02 -9.26669 -1.27913
0.022 -4.18109 -2.36975
0.024 3.46803 -2.64853
0.026 12.5034 -2.28425
0.028 21.4333 -1.54811
0.03 28.7357 -0.760496
0.032 33.1537 -0.228103
0.034 33.945 -0.184039
0.036 31.0352 -0.743542
0.038 25.0414 -1.8845
0.04 17.1557 -3.45613
0.042 8.90758 -5.21282
0.044 1.85086 -6.86483
0.046 -2.75848 -8.13554
0.048 -4.22194 -8.81457
0.05 -2.53697 -8.79858
0.052 1.61675 -8.11377
0.054 7.0388 -6.91703
0.056 12.2793 -5.47546
0.058 15.9595 -4.12686
0.06 17.0728 -3.22694
0.062 15.2047 -3.09161
0.064 10.6272 -3.94413
0.066 4.24846 -5.87625
0.068 -2.57431 -8.82953
0.07 -8.32274 -12.5993
0.072 -11.6503 -16.8592
0.074 -11.6912 -21.2016
0.076 -8.27843 -25.1879
0.078 -2.02001 -28.4007
0.08 5.78849 -30.4945
0.082 13.4019 -31.237
0.084 18.9674 -30.5381
0.086 20.9015 -28.4627
0.088 18.2238 -25.2242
0.09 10.7808 -21.1595
0.092 -0.687149 -16.688
0.094 -14.6502 -12.2592
0.096 -29.0462 -8.29606
0.098 -41.6436 -5.14185
0.1 -50.4415 -3.01822
0.102 -54.0325 -1.99958
0.104 -51.8584 -2.00835
0.106 -44.3108 -2.83196
0.108 -32.6581 -4.15985
0.11 -18.813 -5.6351
0.112 -4.98774 -6.91299
0.114 6.69728 -7.71651
0.116 14.5762 -7.87932
0.118 17.7044 -7.36819
0.12 15.9823 -6.28072
0.122 10.1185 -4.81864
0.124 1.44748 -3.24138
0.126 -8.35739 -1.80909
0.128 -17.6123 -0.725937
0.13 -24.9276 -0.0958575
0.132 -29.4294 0.0998158
0.134 -30.8609 -0.0032791
0.136 -29.5501 -0.186254
0.138 -26.2633 -0.202894
0.14 -21.9806 0.153535
0.142 -17.6492 0.987153
0.144 -13.9685 2.25477
0.146 -11.2544 3.75137
0.148 -9.40732 5.13195
0.15 -7.9884 5.96827
0.152 -6.38039 5.83224
0.154 -3.99219 4.39062
0.156 -0.455831 1.49247
0.158 4.23268 -2.76987
0.16 9.66392 -8.04209
0.162 15.071 -13.7396
0.164 19.4802 -19.1281
0.166 21.9239 -23.4413
0.168 21.6692 -26.0144
0.17 18.4107 -26.4097
0.172 12.3822 -24.5084
0.174 4.35981 -20.5501
0.176 -4.4502 -15.1097
0.178 -12.6192 -9.01355
0.18 -18.76 -3.20707
0.182 -21.7934 1.40421
0.184 -21.1614 4.11225
0.186 -16.9431 4.53425
0.188 -9.8473 2.68572
0.19 -1.08181 -1.01605
0.192 7.87401 -5.82097
0.194 15.5488 -10.7765
0.196 20.7541 -14.896
0.198 22.7989 -17.3345
0.2 21.6017 -17.5398
0.202 17.6777 -15.3495
0.204 12.0063 -11.0183
0.206 5.80824 -5.16915
0.208 0.280715 1.3219
0.21 -3.65105 7.48412
0.212 -5.5143 12.4253
0.214 -5.36321 15.4869
0.216 -3.73366 16.3522
0.218 -1.49053 15.0898
0.22 0.397684 12.1242
0.222 1.10674 8.14189
0.224 0.171869 3.95264
0.226 -2.3782 0.332381
0.228 -6.00072 -2.12078
0.23 -9.7408 -3.09052
0.232 -12.4379 -2.5871
0.234 -12.996 -0.925938
0.236 -10.6594 1.35384
0.238 -5.23333 3.61291
0.24 2.8037 5.25114
0.242 12.327 5.83424
0.244 21.7338 5.18262
0.246 29.2254 3.40549
0.248 33.1496 0.874943
0.25 32.3382 -1.85339
0.252 26.3713 -4.15607
0.254 15.7124 -5.4704
0.256 1.68553 -5.41006
0.258 -13.711 -3.84507
0.26 -28.1224 -0.930817
0.262 -39.2331 2.91895
0.264 -45.1685 7.10882
0.266 -44.8295 10.9723
0.268 -38.0957 13.8941
0.27 -25.8607 15.4203
0.272 -9.89095 15.3365
0.274 7.4669 13.7001
0.276 23.6762 10.8234
0.278 36.4286 7.21105
0.28 44.0164 3.46691
0.282 45.5925 0.186963
0.284 41.2764 -2.14116
0.286 32.09 -3.21423
0.288 19.7409 -2.95301
0.29 6.29713 -1.50074
0.292 -6.18295 0.815867
0.294 -15.9962 3.55231
0.296 -22.0536 6.22442
0.298 -24.0099 8.38384
0.3 -22.2473 9.67855
0.302 -17.727 9.89097
0.304 -11.7451 8.95111
0.306 -5.64751 6.92741
0.308 -0.561807 4.00099
0.31 2.80178 0.430988
0.312 4.24552 -3.48136
0.314 4.06238 -7.42363
0.316 2.90916 -11.0947
0.318 1.60702 -14.2187
0.32 0.916316 -16.5525
0.322 1.33623 -17.8918
0.324 2.9736 -18.0801
0.326 5.50887 -17.0218
0.328 8.26584 -14.6995
0.33 10.3686 -11.1918
0.332 10.9508 -6.68421
0.334 9.37016 -1.46804
0.336 5.38221 4.0769
0.338 -0.765684 9.51707
0.34 -8.34103 14.4135
0.342 -16.2343 18.3765
0.344 -23.1481 21.1179
0.346 -27.8316 22.4906
0.348 -29.3148 22.507
0.35 -27.0968 21.3335
0.352 -21.2526 19.2588
0.354 -12.437 16.642
0.356 -1.78446 13.8501
0.358 9.27657 11.1952
0.36 19.2597 8.88533
0.362 26.864 6.99728
0.364 31.1795 5.479
0.366 31.8196 4.17929
0.368 28.9583 2.89902
0.37 23.2695 1.45218
0.372 15.7841 -0.2769
0.374 7.69589 -2.29334
0.376 0.153852 -4.4777
0.378 -5.91896 -6.60218
0.38 -9.94954 -8.37414
0.382 -11.7633 -9.49833
0.384 -11.5549 -9.74476
0.386 -9.79404 -9.00703
0.388 -7.09292 -7.33796
0.39 -4.06381 -4.95308
0.392 -1.19862 -2.19964
0.394 1.20782 0.503691
0.396 3.07834 2.74485
0.398 4.519 4.1982
0.4 5.74233 4.68943
0.402 6.96954 4.23186
0.404 8.33705 3.02599
0.406 9.83078 1.42173
0.408 11.2648 -0.14969
0.41 12.3107 -1.26102
0.412 12.5712 -1.57456
0.414 11.6822 -0.910903
0.416 9.41817 0.713153
0.418 5.77699 3.08524
0.42 1.02196 5.8366
0.422 -4.32992 8.51173
0.424 -9.57451 10.6541
0.426 -13.9304 11.8906
0.428 -16.6719 11.9976
0.43 -17.2605 10.9366
0.432 -15.4493 8.85237
0.434 -11.3396 6.03632
0.436 -5.379 2.86331
0.438 1.70055 -0.283426
0.44 8.9945 -3.08318
0.442 15.5669 -5.32937
0.444 20.5962 -6.95139
0.446 23.4993 -8.00336
0.448 24.0134 -8.62423
0.45 22.2219 -8.98003
0.452 18.523 -9.20388
0.454 13.5495 -9.34892
0.456 8.05506 -9.36672
0.458 2.79029 -9.11699
0.46 -1.61156 -8.40706
0.462 -4.71924 -7.05209
0.464 -6.3469 -4.9417
0.466 -6.55227 -2.09651
0.468 -5.59393 1.30063
0.47 -3.85967 4.90911
0.472 -1.78185 8.27341
0.474 0.243095 10.8987
0.476 1.91666 12.3454
0.478 3.07251 12.3235
0.48 3.68044 10.7669
0.482 3.82362 7.8682
0.484 3.65761 4.06616
0.486 3.36185 -0.0173539
0.488 3.09471 -3.68019
0.49 2.96058 -6.26487
0.492 2.99421 -7.28198
0.494 3.16324 -6.50799
0.496 3.38581 -4.03724
0.498 3.55744 -0.276291
0.5 3.58006 4.1203
0.502 3.38661 8.36223
0.504 2.95642 11.6635
0.506 2.31949 13.3839
0.508 1.55036 13.1451
0.51 0.754134 10.8989
0.512 0.0484712 6.93426
0.514 -0.454925 1.82139
0.516 -0.666373 -3.69521
0.518 -0.52989 -8.83511
0.52 -0.0296827 -12.9238
0.522 0.808404 -15.5109
0.524 1.91955 -16.4411
0.526 3.20552 -15.8654
0.528 4.54199 -14.191
0.53 5.78719 -11.9807
0.532 6.79233 -9.8241
0.534 7.41446 -8.2079
0.536 7.53258 -7.41228
0.538 7.06659 -7.45518
0.54 5.99671 -8.09606
0.542 4.37954 -8.89806
0.544 2.35564 -9.33526
0.546 0.144111 -8.92209
0.548 -1.97853 -7.33712
0.55 -3.71461 -4.51405
0.552 -4.79233 -0.679063
0.554 -5.01602 3.6753
0.556 -4.31002 7.87647
0.558 -2.74641 11.2021
0.56 -0.549226 13.0285
0.562 1.92886 12.9667
0.564 4.25573 10.9567
0.566 5.98852 7.30041
0.568 6.75051 2.62237
0.57 6.30274 -2.23543
0.572 4.59643 -6.36641
0.574 1.79489 -8.97139
0.576 -1.74139 -9.51628
0.578 -5.50663 -7.84424
0.58 -8.93144 -4.21887
0.582 -11.481 0.711676
0.584 -12.7523 6.02484
0.586 -12.5517 10.6883
0.588 -10.9367 13.7488
0.59 -8.21212 14.5103
0.592 -4.87902 12.6666
0.594 -1.54463 8.36543
0.596 1.19013 2.18948
0.598 2.84421 -4.94174
0.6 3.14849 -11.9314
0.602 2.09781 -17.6977
0.604 -0.0478489 -21.3631
0.606 -2.81401 -22.4061
0.608 -5.60481 -20.7472
0.61 -7.82071 -16.7544
0.612 -8.97807 -11.1685
0.614 -8.80686 -4.96228
0.616 -7.30689 0.836095
0.618 -4.75066 5.32535
0.62 -1.63126 7.8827
0.622 1.43528 8.25946
0.624 3.83434 6.60458
0.626 5.0795 3.4148
0.628 4.91591 -0.576605
0.63 3.37903 -4.54915
0.632 0.795752 -7.75308
0.634 -2.27387 -9.64565
0.636 -5.14397 -9.98078
0.638 -7.13907 -8.83679
0.64 -7.73253 -6.57967
0.642 -6.65931 -3.7719
0.644 -3.97971 -1.04702
0.646 -0.0798433 1.02343
0.648 4.39269 2.04399
0.65 8.64678 1.86806
0.652 11.8969 0.61657
0.654 13.5149 -1.35931
0.656 13.1536 -3.5616
0.658 10.8203 -5.4567
0.66 6.88215 -6.59067
0.662 2.00423 -6.6852
0.664 -2.96951 -5.69531
0.666 -7.17093 -3.81812
0.668 -9.86876 -1.45189
0.67 -10.6059 0.885465
0.672 -9.28754 2.66164
0.674 -6.20199 3.43777
0.676 -1.97111 2.95763
0.678 2.56246 1.20115
0.68 6.49005 -1.60773
0.682 9.00544 -5.03956
0.684 9.55555 -8.53615
0.686 7.94528 -11.5104
0.688 4.37672 -13.4501
0.69 -0.584381 -14.0065
0.692 -6.10858 -13.0529
0.694 -11.25 -10.702
0.696 -15.1138 -7.28354
0.698 -17.0124 -3.28494
0.7 -16.5836 0.730844
0.702 -13.8501 4.21604
0.704 -9.21058 6.72113
0.706 -3.36799 7.95686
0.708 2.79333 7.82648
0.71 8.35688 6.42519
0.712 12.5244 4.01001
0.714 14.741 0.947982
0.716 14.7745 -2.34627
0.718 12.737 -5.47227
0.72 9.04717 -8.09464
0.722 4.34218 -9.97697
0.724 -0.641228 -10.9959
0.726 -5.19483 -11.1366
0.728 -8.75183 -10.4749
0.73 -10.9655 -9.15032
0.732 -11.7423 -7.33821
0.734 -11.2275 -5.22475
0.736 -9.74995 -2.98897
0.738 -7.74097 -0.79249
0.74 -5.64356 1.22386
0.742 -3.83036 2.93947
0.744 -2.54435 4.25247
0.746 -1.87111 5.08035
0.748 -1.74513 5.36417
0.75 -1.98587 5.07605
0.752 -2.35404 4.22814
0.754 -2.61474 2.88011
0.756 -2.59383 1.14213
0.758 -2.21531 -0.828861
0.76 -1.51262 -2.84045
0.762 -0.612564 -4.68274
0.764 0.303015 -6.15089
0.766 1.0476 -7.06896
0.768 1.47995 -7.31159
0.77 1.54167 -6.82044
0.772 1.27375 -5.61287
0.774 0.808596 -3.78158
0.776 0.339628 -1.48537
0.778 0.0753017 1.06792
0.78 0.187625 3.64377
0.782 0.766359 6.00572
0.784 1.78899 7.93929
0.786 3.11363 9.27242
0.788 4.49765 9.89031
0.79 5.6398 9.74406
0.792 6.23881 8.8529
0.794 6.05748 7.3011
0.796 4.97964 5.23024
0.798 3.04781 2.82765
0.8 0.472469 0.311577
0.802 -2.39106 -2.08676
0.804 -5.09586 -4.14352
0.806 -7.17844 -5.66384
0.808 -8.24247 -6.50279
0.81 -8.03577 -6.58306
0.812 -6.50563 -5.90685
0.814 -3.82131 -4.55944
0.816 -0.358154 -2.70316
0.818 3.35524 -0.561246
0.82 6.7187 1.60712
0.822 9.15779 3.53813
0.824 10.2207 4.99713
0.826 9.65821 5.81013
0.828 7.4737 5.88812
0.83 3.93239 5.23985
0.832 -0.471966 3.97034
0.834 -5.0899 2.26488
0.836 -9.21768 0.360506
0.838 -12.2109 -1.4904
0.84 -13.5912 -3.05831
0.842 -13.127 -4.17026
0.844 -10.8736 -4.73316
0.846 -7.165 -4.74316
0.848 -2.55954 -4.27961
0.85 2.25298 -3.48503
0.852 6.56465 -2.53533
0.854 9.76476 -1.60577
0.856 11.4373 -0.839159
0.858 11.4242 -0.322452
0.86 9.84467 -0.0759168
0.862 7.06673 -0.0567669
0.864 3.63711 -0.176106
0.866 0.181527 -0.32523
0.868 -2.70707 -0.405346
0.87 -4.57221 -0.353999
0.872 -5.1711 -0.162221
0.874 -4.5115 0.121515
0.876 -2.84179 0.401533
0.878 -0.596469 0.5572
0.88 1.69228 0.472407
0.882 3.49999 0.0659155
0.884 4.41217 -0.683975
0.886 4.20394 -1.72586
0.888 2.88198 -2.93605
0.89 0.68127 -4.1343
0.892 -1.98245 -5.1122
0.894 -4.59493 -5.66936
0.896 -6.6446 -5.65098
0.898 -7.72337 -4.97985
0.9 -7.608 -3.67636
0.902 -6.30679 -1.86249
0.904 -4.0624 0.251784
0.906 -1.31 2.39753
0.908 1.4021 4.2866
0.91 3.51477 5.65508
0.912 4.56436 6.30304
0.914 4.27293 6.12396
0.916 2.60501 5.11928
0.918 -0.22007 3.39637
0.92 -3.76295 1.15115
0.922 -7.43973 -1.36086
0.924 -10.6244 -3.86015
0.926 -12.7591 -6.07949
0.928 -13.453 -7.79598
0.93 -12.5512 -8.8548
0.932 -10.1625 -9.18236
0.934 -6.64159 -8.78848
0.936 -2.52891 -7.75836
0.938 1.54011 -6.23675
0.94 4.94062 -4.4072
0.942 7.15987 -2.46971
0.944 7.87774 -0.619482
0.946 7.01286 0.971123
0.948 4.72803 2.16648
0.95 1.39533 2.87734
0.952 -2.471 3.06663
0.954 -6.30139 2.7516
0.956 -9.56152 2.00236
0.958 -11.8315 0.936011
0.96 -12.8611 -0.294116
0.962 -12.5938 -1.51455
0.964 -11.1583 -2.55214
0.966 -8.83217 -3.25686
0.968 -5.98626 -3.52373
0.97 -3.02203 -3.31016
0.972 -0.312073 -2.64499
0.974 1.84635 -1.62688
0.976 3.2595 -0.410934
0.978 3.8455 0.815126
0.98 3.62512 1.86216
0.982 2.70001 2.57313
0.984 1.22491 2.85297
0.986 -0.619932 2.68883
0.988 -2.65104 2.15588
0.99 -4.69615 1.40625
0.992 -6.60079 0.641679
0.994 -8.22915 0.074206
0.996 -9.46298 -0.118491
0.998 -10.202 0.165825
0.4 0.531818 0.131284
0.8 0.535205 0.138733
1.2 0.540541 0.151045
1.6 0.547387 0.168068
2 0.555191 0.189595
2.4 0.563327 0.21537
2.8 0.571159 0.245095
3.2 0.578092 0.278436
3.6 0.583624 0.315032
4 0.587395 0.354499
4.4 0.589211 0.396444
4.8 0.589061 0.440461
5.2 0.587119 0.486145
5.6 0.583724 0.533086
6 0.579352 0.580878
6.4 0.574571 0.629116
6.8 0.569999 0.677392
7.2 0.566246 0.7253
7.6 0.563875 0.772428
8 0.563351 0.818361
8.4 0.565016 0.86268
8.8 0.569071 0.904967
9.2 0.575562 0.944807
9.6 0.584397 0.981802
10 0.595361 1.01558
10.4 0.608146 1.04582
10.8 0.622383 1.07224
11.2 0.637686 1.09468
11.6 0.653683 1.11304
12 0.670052 1.12738
12.4 0.686542 1.13786
12.8 0.702991 1.14483
13.2 0.719328 1.14875
13.6 0.735572 1.15025
14 0.751812 1.15008
14.4 0.768187 1.14908
14.8 0.78486 1.14819
15.2 0.801988 1.14833
15.6 0.819693 1.15042
16 0.838039 1.15531
16.4 0.857013 1.16369
16.8 0.876515 1.17608
17.2 0.896354 1.19279
17.6 0.916256 1.21387
18 0.93588 1.23911
18.4 0.954835 1.26802
18.8 0.972706 1.29989
19.2 0.989088 1.33377
19.6 1.00361 1.36855
20 1.01595 1.403
20.4 1.02588 1.43586
20.8 1.03326 1.46587
21.2 1.03807 1.49188
21.6 1.04038 1.51288
22 1.04038 1.52806
22.4 1.03834 1.53684
22.8 1.03459 1.5389
23.2 1.02955 1.53418
23.6 1.02365 1.52287
24 1.0173 1.50541
24.4 1.01095 1.4824
24.8 1.00496 1.45461
25.2 0.999677 1.42293
25.6 0.995368 1.38829
26 0.992241 1.35168
26.4 0.99043 1.31405
26.8 0.990007 1.27634
27.2 0.990984 1.23942
27.6 0.993325 1.2041
28 0.996954 1.17111
28.4 1.00177 1.14111
28.8 1.00764 1.11469
29.2 1.01444 1.09233
29.6 1.02203 1.07446
30 1.03026 1.06138
30.4 1.03899 1.0533
30.8 1.04807 1.0503
31.2 1.05734 1.05231
31.6 1.06662 1.05912
32 1.07572 1.07033
32.4 1.0844 1.08539
32.8 1.09242 1.1036
33.2 1.0995 1.12408
33.6 1.10534 1.14585
34 1.10962 1.16788
34.4 1.11201 1.18907
34.8 1.11221 1.20838
35.2 1.10992 1.22485
35.6 1.10492 1.23766
36 1.09702 1.24617
36.4 1.08614 1.24997
36.8 1.07229 1.2489
37.2 1.05558 1.24306
37.6 1.03625 1.23277
38 1.01465 1.21859
38.4 0.991253 1.20123
38.8 0.966614 1.18152
39.2 0.941371 1.16035
39.6 0.916212 1.13862
40 0.891849 1.11716
40.4 0.868977 1.09667
40.8 0.848249 1.07774
41.2 0.830235 1.06075
41.6 0.815393 1.04591
42 0.80405 1.03325
42.4 0.796374 1.02263
42.8 0.792372 1.01378
43.2 0.791887 1.00632
43.6 0.794608 0.99982
44 0.800087 0.993821
44.4 0.807771 0.987884
44.8 0.817033 0.981616
45.2 0.827213 0.974705
45.6 0.837659 0.966933
46 0.84777 0.958189
46.4 0.85703 0.948475
46.8 0.865044 0.937908
47.2 0.871556 0.926707
47.6 0.876464 0.91519
48 0.879818 0.903758
48.4 0.881812 0.892881
48.8 0.882758 0.88308
49.2 0.883058 0.874904
49.6 0.88316 0.868914
50 0.883523 0.86565
50.4 0.884566 0.865611
50.8 0.886638 0.869218
51.2 0.889975 0.876787
51.6 0.894687 0.8885
52 0.900742 0.904373
52.4 0.90797 0.924239
52.8 0.916076 0.947732
53.2 0.924673 0.97428
53.6 0.933314 1.00312
54 0.941537 1.03331
54.4 0.948914 1.06377
54.8 0.955089 1.09334
55.2 0.959822 1.12081
55.6 0.963012 1.145
56 0.964713 1.16484
56.4 0.96513 1.17938
56.8 0.964605 1.18792
57.2 0.963582 1.18998
57.6 0.962562 1.18539
58 0.962049 1.17423
58.4 0.962492 1.1569
58.8 0.964225 1.13402
59.2 0.967421 1.10642
59.6 0.972048 1.0751
60 0.977848 1.04112
60.4 0.984339 1.00558
60.8 0.990826 0.969523
61.2 0.996445 0.933908
61.6 1.00022 0.899546
62 1.00114 0.867077
62.4 0.998238 0.836962
62.8 0.990661 0.80948
63.2 0.977781 0.784743
63.6 0.959239 0.762724
64 0.935009 0.743289
64.4 0.905419 0.726227
64.8 0.87116 0.711287
65.2 0.833255 0.698206
65.6 0.793009 0.686729
66 0.751935 0.676621
66.4 0.711659 0.667673
66.8 0.673819 0.659698
67.2 0.639951 0.652525
67.6 0.611394 0.645986
68 0.589196 0.63991
68.4 0.574048 0.634117
68.8 0.566237 0.628415
69.2 0.56564 0.622607
69.6 0.571731 0.616506
70 0.583633 0.609951
70.4 0.600186 0.602828
70.8 0.620035 0.595093
71.2 0.641731 0.586792
71.6 0.66383 0.578073
72 0.684999 0.569192
72.4 0.704089 0.560506
72.8 0.72021 0.552452
73.2 0.73276 0.545526
73.6 0.741448 0.540234
74 0.746269 0.537059
74.4 0.747474 0.536404
74.8 0.745507 0.538552
75.2 0.740933 0.543629
75.6 0.734363 0.55157
76 0.726376 0.562113
76.4 0.717457 0.574798
76.8 0.70794 0.588985
77.2 0.697986 0.603888
77.6 0.68757 0.618628
78 0.676499 0.632283
78.4 0.66445 0.643957
78.8 0.651019 0.652834
79.2 0.635789 0.658242
79.6 0.618392 0.659693
80 0.598573 0.656921
80.4 0.576242 0.649892
80.8 0.551509 0.638811
81.2 0.524697 0.624099
81.6 0.496337 0.606363
82 0.467134 0.586354
82.4 0.437918 0.564915
82.8 0.409582 0.542922
83.2 0.383009 0.52124
83.6 0.358992 0.500664
84 0.338172 0.481885
84.4 0.320978 0.465458
84.8 0.307589 0.451781
85.2 0.297918 0.441095
85.6 0.291621 0.433482
86 0.288121 0.428883
86.4 0.286664 0.427118
86.8 0.286382 0.427909
87.2 0.286364 0.43091
87.6 0.285738 0.435731
88 0.283738 0.441961
88.4 0.279768 0.449188
88.8 0.273444 0.457012
89.2 0.264617 0.465055
89.6 0.253376 0.472965
90 0.240031 0.480421
90.4 0.225071 0.487125
90.8 0.209112 0.492806
91.2 0.19284 0.497218
91.6 0.176938 0.500136
92 0.162034 0.501364
92.4 0.148639 0.500731
92.8 0.137113 0.498104
93.2 0.127638 0.493396
93.6 0.120218 0.486568
94 0.114682 0.477645
94.4 0.110719 0.466719
94.8 0.107913 0.453957
95.2 0.105789 0.439597
95.6 0.103862 0.423952
96 0.101687 0.407396
96.4 0.0988946 0.390357
96.8 0.0952246 0.373296
97.2 0.0905435 0.35669
97.6 0.0848495 0.341006
98 0.078265 0.326678
98.4 0.0710183 0.314084
98.8 0.0634162 0.303519
99.2 0.0558118 0.295183
99.6 0.04857 0.28916
100 0.0420347 0.285416
100.4 0.0365 0.283797
100.8 0.0321885 0.284038
101.2 0.0292375 0.285775
101.6 0.0276931 0.288571
102 0.0275135 0.291941
102.4 0.0285781 0.295385
102.8 0.0307029 0.298421
103.2 0.0336588 0.300617
103.6 0.0371913 0.301621
104 0.0410397 0.301185
104.4 0.0449541 0.29918
104.8 0.048709 0.295608
105.2 0.0521136 0.290593
105.6 0.0550171 0.284377
106 0.0573115 0.277297
106.4 0.0589303 0.269755
106.8 0.0598459 0.262193
107.2 0.0600647 0.255054
107.6 0.0596225 0.248751
108 0.0585794 0.243638
108.4 0.0570152 0.239986
108.8 0.0550257 0.237965
109.2 0.0527188 0.237641
109.6 0.0502115 0.238973
110 0.047627 0.241827
110.4 0.0450908 0.245991
110.8 0.0427271 0.251196
111.2 0.0406539 0.257141
111.6 0.0389787 0.263519
112 0.0377931 0.270036
112.4 0.0371681 0.276428
112.8 0.0371507 0.282475
113.2 0.0377611 0.288008
113.6 0.0389918 0.292905
114 0.0408096 0.297091
114.4 0.0431584 0.300526
114.8 0.045965 0.303201
115.2 0.0491453 0.305125
115.6 0.0526126 0.306321
116 0.0562848 0.306822
116.4 0.0600913 0.306674
116.8 0.0639784 0.305939
117.2 0.0679122 0.304701
117.6 0.071879 0.30308
118 0.0758829 0.301233
118.4 0.0799408 0.299365
118.8 0.0840751 0.297725
119.2 0.0883055 0.296604
119.6 0.0926397 0.296318
120 0.0970661 0.29719
120.4 0.101547 0.299526
120.8 0.106014 0.303583
121.2 0.110369 0.309542
121.6 0.114488 0.317476
122 0.118226 0.327332
122.4 0.121426 0.338912
122.8 0.123937 0.351875
123.2 0.125621 0.365744
123.6 0.126369 0.379923
124 0.126115 0.393737
124.4 0.124842 0.406469
124.8 0.12259 0.417407
125.2 0.119456 0.425896
125.6 0.115589 0.431382
126 0.111184 0.433453
126.4 0.106464 0.431868
126.8 0.101666 0.426575
127.2 0.0970244 0.417712
127.6 0.0927476 0.405595
128 0.0890034 0.390698
128.4 0.0859035 0.37361
128.8 0.0834939 0.354999
129.2 0.0817502 0.335568
129.6 0.0805797 0.316006
130 0.0798298 0.296953
130.4 0.0793021 0.27897
130.8 0.0787708 0.262517
131.2 0.0780053 0.247948
131.6 0.0767933 0.235504
132 0.074963 0.225335
132.4 0.072403 0.217508
132.8 0.0690764 0.212033
133.2 0.0650296 0.208886
133.6 0.0603923 0.208022
134 0.0553711 0.209394
134.4 0.0502343 0.212961
134.8 0.0452913 0.218682
135.2 0.0408668 0.226514
135.6 0.0372724 0.236394
136 0.0347779 0.248228
136.4 0.0335854 0.261866
136.8 0.0338079 0.277092
137.2 0.035455 0.293609
137.6 0.0384266 0.311035
138 0.0425157 0.328909
138.4 0.047421 0.346699
138.8 0.0527664 0.363829
139.2 0.0581279 0.379705
139.6 0.0630647 0.393747
140 0.0671524 0.405428
140.4 0.0700144 0.414309
140.8 0.0713505 0.42007
141.2 0.0709593 0.422541
141.6 0.0687526 0.421716
142 0.0647616 0.417762
142.4 0.0591342 0.411018
142.8 0.0521229 0.40198
143.2 0.0440676 0.391278
143.6 0.0353711 0.379647
144 0.0264738 0.367882
144.4 0.0178268 0.356799
144.8 0.00986765 0.347189
145.2 0.00299923 0.339769
145.6 -0.00242507 0.335144
146 -0.0061109 0.333767
146.4 -0.00782619 0.335905
146.8 -0.00739927 0.341623
147.2 -0.00471299 0.35077
147.6 0.000303322 0.362976
148 0.00768211 0.377667
148.4 0.0174243 0.394082
148.8 0.029503 0.411314
149.2 0.0438625 0.428347
149.6 0.0604138 0.444114
150 0.0790249 0.457548
150.4 0.0995085 0.46765
150.8 0.121609 0.473541
151.2 0.144989 0.474526
151.6 0.16922 0.470136
152 0.193777 0.460164
152.4 0.218045 0.444694
152.8 0.241325 0.424094
153.2 0.26286 0.399014
153.6 0.281859 0.370347
154 0.297537 0.339186
154.4 0.309154 0.306755
154.8 0.316062 0.274346
155.2 0.317744 0.243231
155.6 0.31385 0.21459
156 0.304234 0.189439
156.4 0.288968 0.168564
156.8 0.268351 0.152477
157.2 0.2429 0.141389
157.6 0.213336 0.135206
158 0.180544 0.133539
158.4 0.145535 0.135743
158.8 0.109393 0.140969
159.2 0.0732226 0.148229
159.6 0.0380941 0.156466
160 0.00499057 0.164634
160.4 -0.025235 0.171763
160.8 -0.0518949 0.177024
161.2 -0.0744902 0.179777
161.6 -0.0927218 0.1796
162 -0.106489 0.176303
162.4 -0.115878 0.169924
162.8 -0.121137 0.160705
163.2 -0.122648 0.149059
163.6 -0.120893 0.135523
164 -0.116415 0.120707
164.4 -0.109785 0.105246
164.8 -0.101567 0.089747
165.2 -0.0922937 0.0747537
165.6 -0.0824407 0.060712
166 -0.0724158 0.0479532
166.4 -0.0625501 0.0366855
166.8 -0.0530962 0.0269991
167.2 -0.0442332 0.0188788
167.6 -0.0360742 0.0122248
168 -0.0286772 0.00687744
168.4 -0.0220574 0.00264303
168.8 -0.0161989 -0.000681668
169.2 -0.0110661 -0.00328855
169.6 -0.00661292 -0.00534254
170 -0.00278976 -0.00697203
170.4 0.000451504 -0.00826552
170.8 0.00315493 -0.00927369
171.2 0.0053597 -0.010016
171.6 0.00710072 -0.0104902
172 0.00841009 -0.0106831
172.4 0.00931904 -0.0105809
172.8 0.00985974 -0.0101785
173.2 0.0100669 -0.00948534
173.6 0.00997861 -0.0085289
174 0.00963696 -0.00735453
174.4 0.00908751 -0.00602271
174.8 0.00837859 -0.00460393
175.2 0.00756014 -0.00317249
175.6 0.00668221 -0.00179982
176 0.00579348 -0.00054846
176.4 0.00493973 0.00053256
176.8 0.00416246 0.00141058
177.2 0.00349767 0.00207002
177.6 0.00297487 0.00251122
178 0.00261624 0.0027475
178.4 0.00243601 0.00280131
178.8 0.00244003 0.00269984
179.2 0.00262558 0.00247092
179.6 0.00298141 0.00213979
180 0.00348804 0.00172712
180.4 0.00411839 0.00124862
180.8 0.00483883 0.000716134
181.2 0.00561057 0.000140074
181.6 0.00639143 -0.000467242
182 0.00713799 -0.00108793
182.4 0.00780796 -0.00169515
182.8 0.00836269 -0.00225059
183.2 0.00876963 -0.00270341
183.6 0.00900456 -0.00299079
184 0.00905345 -0.00304056
184.4 0.00891369 -0.00277546
184.8 0.00859464 -0.00211902
185.2 0.00811736 -0.00100233
185.6 0.00751354 0.000628842
186 0.00682367 0.00280745
186.4 0.00609454 0.00553969
186.8 0.00537635 0.0088015
187.2 0.00471951 0.0125375
187.6 0.00417161 0.0166625
188 0.00377456 0.0210662
188.4 0.00356245 0.02562
188.8 0.00356004 0.0301861
189.2 0.00378223 0.0346284
189.6 0.00423449 0.0388229
190 0.00491418 0.0426683
190.4 0.00581279 0.0460952
190.8 0.00691864 0.049072
191.2 0.00822017 0.0516084
191.6 0.00970906 0.0537549
192 0.0113833 0.0555986
192.4 0.0132493 0.0572554
192.8 0.0153239 0.0588594
193.2 0.0176343 0.0605501
193.6 0.0202174 0.0624587
194 0.0231179 0.0646949
194.4 0.026385 0.0673353
194.8 0.0300679 0.0704146
195.2 0.0342111 0.0739209
195.6 0.0388492 0.0777952
196 0.0440009 0.0819354
196.4 0.049665 0.0862053
196.8 0.0558159 0.0904465
197.2 0.0624011 0.0944929
197.6 0.0693401 0.0981863
198 0.0765254 0.101391
198.4 0.0838247 0.104008
198.8 0.0910859 0.105979
199.2 0.0981427 0.107297
199.6 0.104822 0.107998
200 0.110954 0.108159
200.4 0.116377 0.107881
200.8 0.120951 0.107278
201.2 0.12456 0.106455
201.6 0.127124 0.105492
202 0.128598 0.104429
202.4 0.128982 0.103255
202.8 0.128313 0.1019
203.2 0.126671 0.10024
203.6 0.124168 0.0981076
204 0.120948 0.0953075
204.4 0.117174 0.0916405
204.8 0.113026 0.0869307
205.2 0.108682 0.081054
205.6 0.10432 0.0739652
206 0.100101 0.0657194
206.4 0.0961636 0.056486
206.8 0.0926208 0.0465523
207.2 0.0895529 0.036316
207.6 0.0870071 0.0262653
208 0.0849971 0.0169484
208.4 0.0835057 0.0089338
208.8 0.0824889 0.00276521
209.2 0.0818818 -0.00108598
209.6 0.0816053 -0.0022651
210 0.0815744 -0.000571977
210.4 0.0817055 0.00401237
210.8 0.0819243 0.0113133
211.2 0.0821727 0.0209662
211.6 0.0824146 0.0324373
212 0.0826393 0.0450599
212.4 0.0828645 0.0580838
212.8 0.0831357 0.0707354
213.2 0.0835242 0.08228
213.6 0.0841234 0.0920858
214 0.0850422 0.0996786
214.4 0.0863977 0.104786
214.8 0.0883063 0.107367
215.2 0.0908747 0.107616
215.6 0.0941905 0.105957
216 0.0983136 0.103005
216.4 0.103269 0.0995228
216.8 0.109041 0.0963543
217.2 0.115571 0.0943534
217.6 0.122756 0.0943109
218 0.130452 0.0968842
218.4 0.13848 0.102537
218.8 0.14663 0.111495
219.2 0.154678 0.12372
219.6 0.162391 0.138903
220 0.169542 0.156483
220.4 0.175924 0.175683
220.8 0.181359 0.195564
221.2 0.185706 0.215088
221.6 0.188873 0.233196
222 0.190815 0.248877
222.4 0.191541 0.261241
222.8 0.191103 0.269573
223.2 0.189596 0.273381
223.6 0.187149 0.272426
224 0.183909 0.266724
224.4 0.180036 0.25654
224.8 0.175684 0.242364
225.2 0.170994 0.224867
225.6 0.166085 0.204852
226 0.161044 0.183201
226.4 0.155925 0.160814
226.8 0.150744 0.13856
227.2 0.145487 0.117226
227.6 0.140113 0.097483
228 0.13456 0.0798581
228.4 0.128758 0.0647195
228.8 0.122635 0.0522743
229.2 0.116133 0.0425755
229.6 0.109209 0.0355373
230 0.101848 0.0309573
230.4 0.0940668 0.0285422
230.8 0.0859112 0.0279348
231.2 0.0774595 0.0287409
231.6 0.0688168 0.0305536
232 0.0601091 0.0329751
232.4 0.0514752 0.0356341
232.8 0.0430586 0.0381989
233.2 0.0349984 0.0403871
233.6 0.027421 0.0419714
234 0.0204335 0.0427826
234.4 0.0141182 0.0427097
234.8 0.00852969 0.0416985
235.2 0.00369378 0.0397487
235.6 -0.000391333 0.0369092
236 -0.00375211 0.0332728
236.4 -0.00643533 0.0289695
236.8 -0.00850286 0.0241592
237.2 -0.0100261 0.0190227
237.6 -0.0110803 0.013753
238 -0.0117402 0.00854534
238.4 -0.0120753 0.00358734
238.8 -0.0121479 -0.000950565
239.2 -0.0120109 -0.00492359
239.6 -0.0117073 -0.00821978
240 -0.0112712 -0.0107651
240.4 -0.0107286 -0.012526
240.8 -0.0100994 -0.0135099
241.2 -0.00939917 -0.0137624
241.6 -0.00864084 -0.0133621
242 -0.00783651 -0.0124143
242.4 -0.00699827 -0.0110416
242.8 -0.0061389 -0.00937586
243.2 -0.00527192 -0.00754811
243.6 -0.00441128 -0.00568075
244 -0.00357076 -0.00388032
244.4 -0.00276321 -0.00223247
244.8 -0.00199984 -0.000798891
245.2 -0.00128961 0.000383457
245.6 -0.000638784 0.00130111
246 -5.09021e-05 0.00196114
246.4 0.000473108 0.00238696
246.8 0.0009345 0.0026134
247.2 0.00133613 0.0026816
247.6 0.0016818 0.00263432
248 0.00197561 0.00251191
248.4 0.00222136 0.00234935
248.8 0.00242224 0.00217446
249.2 0.00258059 0.00200722
249.6 0.00269793 0.00186008
250 0.00277516 0.00173903
250.4 0.00281294 0.00164519
250.8 0.00281205 0.00157649
251.2 0.00277383 0.00152931
251.6 0.0027005 0.00149982
252 0.0025954 0.00148485
252.4 0.00246299 0.00148229
252.8 0.00230883 0.00149109
253.2 0.00213925 0.00151088
253.6 0.00196098 0.00154139
254 0.00178075 0.00158191
254.4 0.00160481 0.0016307
254.8 0.00143853 0.0016848
255.2 0.00128609 0.00173995
255.6 0.00115034 0.00179089
256 0.00103271 0.00183185
256.4 0.000933383 0.00185721
256.8 0.000851463 0.00186219
257.2 0.000785309 0.00184348
257.6 0.000732868 0.00179969
258 0.000692011 0.00173154
258.4 0.000660806 0.00164182
258.8 0.000637723 0.00153509
259.2 0.000621733 0.00141707
259.6 0.000612298 0.00129404
260 0.000609283 0.00117212
260.4 0.000612789 0.00105662
260.8 0.000622956 0.000951528
261.2 0.000639764 0.000859301
261.6 0.000662864 0.00078076
262 0.000691467 0.0007153
262.4 0.000724305 0.000661259
262.8 0.000759676 0.000616408
263.2 0.000795553 0.00057847
263.6 0.000829752 0.000545604
264 0.000860131 0.00051676
264.4 0.000884786 0.000491863
264.8 0.000902235 0.000471812
265.2 0.000911543 0.000458288
265.6 0.000912387 0.00045341
266 0.000905062 0.000459311
266.4 0.000890405 0.000477684
266.8 0.000869679 0.000509382
267.2 0.000844412 0.000554137
267.6 0.000816225 0.000610426
268 0.000786663 0.000675535
268.4 0.000757064 0.000745774
268.8 0.000728463 0.000816845
269.2 0.000701548 0.000884301
269.6 0.00067667 0.000944026
270 0.000653902 0.000992677
270.4 0.000633125 0.00102804
270.8 0.000614136 0.00104921
271.2 0.000596756 0.00105669
271.6 0.000580918 0.0010522
272 0.000566735 0.00103848
272.4 0.000554522 0.00101888
272.8 0.000544779 0.000996984
273.2 0.000538151 0.000976173
273.6 0.000535341 0.000959288
274 0.000537023 0.000948378
274.4 0.00054374 0.000944561
274.8 0.000555825 0.000948027
275.2 0.000573328 0.000958148
275.6 0.000595985 0.000973683
276 0.000623206 0.000993032
276.4 0.000654107 0.0010145
276.8 0.000687556 0.00103653
277.2 0.000722245 0.00105787
277.6 0.000756765 0.00107771
278 0.000789689 0.0010956
278.4 0.000819643 0.00111146
278.8 0.000845357 0.0011254
279.2 0.000865713 0.00113758
279.6 0.000879763 0.00114801
280 0.000886744 0.00115647
280.4 0.000886076 0.00116239
280.8 0.00087736 0.00116483
281.2 0.000860374 0.0011626
281.6 0.000835082 0.0011543
282 0.000801637 0.00113855
282.4 0.000760405 0.00111415
282.8 0.000711982 0.00108023
283.2 0.000657216 0.00103645
283.6 0.00059722 0.000983051
284 0.000533378 0.000920894
284.4 0.000467324 0.000851436
284.8 0.000400908 0.000776626
285.2 0.000336133 0.000698763
285.6 0.000275075 0.000620332
286 0.000219784 0.000543825
286.4 0.000172172 0.000471586
286.8 0.000133906 0.000405673
287.2 0.000106301 0.000347766
287.6 9.02318e-05 0.000299112
288 8.60746e-05 0.00026051
288.4 9.36709e-05 0.000232323
288.8 0.000112332 0.000214506
289.2 0.000140875 0.000206649
289.6 0.000177694 0.000208007
290 0.000220853 0.000217531
290.4 0.000268206 0.000233886
290.8 0.000317522 0.000255462
291.2 0.000366613 0.000280395
291.6 0.00041346 0.000306594
292 0.000456312 0.000331796
292.4 0.000493781 0.000353643
292.8 0.000524889 0.000369801
293.2 0.000549107 0.000378098
293.6 0.000566346 0.000376689
294 0.000576934 0.000364219
294.4 0.00058156 0.000339975
294.8 0.000581199 0.000304009
295.2 0.000577025 0.0002572
295.6 0.000570312 0.000201253
296 0.000562331 0.000138632
296.4 0.000554259 7.24054e-05
296.8 0.000547089 6.04105e-06
297.2 0.000541558 -5.68531e-05
297.6 0.000538103 -0.000112809
298 0.000536826 -0.000158775
298.4 0.000537495 -0.000192362
298.8 0.000539568 -0.000212032
299.2 0.000542236 -0.000217217
299.6 0.000544495 -0.000208343
300 0.000545224 -0.000186779
300.4 0.000543282 -0.000154698
300.8 0.000537598 -0.000114876
301.2 0.000527263 -7.04487e-05
301.6 0.000511606 -2.46498e-05
302 0.000490254 1.94396e-05
302.4 0.000463161 5.91135e-05
302.8 0.000430618 9.22129e-05
303.2 0.000393233 0.000117236
303.6 0.00035188 0.000133383
304 0.000307636 0.00014054
304.4 0.000261693 0.000139202
304.8 0.000215269 0.000130367
305.2 0.000169519 0.000115396
305.6 0.000125451 9.5862e-05
306 8.3866e-05 7.34172e-05
306.4 4.5312e-05 4.96621e-05
306.8 1.00708e-05 2.6048e-05
307.2 -2.18337e-05 3.80344e-06
307.6 -5.05999e-05 -1.61113e-05
308 -7.65942e-05 -3.30253e-05
308.4 -0.000100282 -4.65581e-05
308.8 -0.000122152 -5.66061e-05
309.2 -0.000142645 -6.33177e-05
309.6 -0.000162087 -6.70614e-05
310 -0.000180639 -6.83874e-05
310.4 -0.000198275 -6.79846e-05
310.8 -0.00021477 -6.66311e-05
311.2 -0.000229721 -6.514e-05
311.6 -0.000242582 -6.42986e-05
312 -0.00025272 -6.48059e-05
312.4 -0.000259476 -6.72091e-05
312.8 -0.00026224 -7.18461e-05
313.2 -0.000260508 -7.88002e-05
313.6 -0.000253947 -8.78721e-05
314 -0.000242429 -9.85774e-05
314.4 -0.000226066 -0.000110171
314.8 -0.000205209 -0.0001217
315.2 -0.000180435 -0.000132088
315.6 -0.000152524 -0.000140234
316 -0.000122403 -0.000145129
316.4 -9.1099e-05 -0.000145967
316.8 -5.96761e-05 -0.000142252
317.2 -2.91719e-05 -0.000133874
317.6 -5.41643e-07 -0.00012115
318 2.53934e-05 -0.00010483
318.4 4.79853e-05 -8.60477e-05
318.8 6.67867e-05 -6.62429e-05
319.2 8.15652e-05 -4.70378e-05
319.6 9.23031e-05 -3.00962e-05
320 9.91852e-05 -1.69736e-05
320.4 0.000102575 -8.97278e-06
320.8 0.000102985 -7.02271e-06
321.2 0.000101033 -1.15919e-05
321.6 9.74067e-05 -2.26458e-05
322 9.28161e-05 -3.96519e-05
322.4 8.7955e-05 -6.16321e-05
322.8 8.34641e-05 -8.72562e-05
323.2 7.98999e-05 -0.000114966
323.6 7.77132e-05 -0.000143116
324 7.72337e-05 -0.000170117
324.4 7.86654e-05 -0.000194572
324.8 8.20894e-05 -0.00021538
325.2 8.74742e-05 -0.000231812
325.6 9.46922e-05 -0.00024355
326 0.00010354 -0.000250679
326.4 0.00011376 -0.000253648
326.8 0.000125063 -0.0002532
327.2 0.000137147 -0.000250279
327.6 0.000149714 -0.000245926
328 0.000162477 -0.000241181
328.4 0.00017517 -0.000236981
328.8 0.000187544 -0.000234095
329.2 0.000199366 -0.00023306
329.6 0.00021041 -0.000234157
330 0.000220454 -0.000237406
330.4 0.000229267 -0.000242583
330.8 0.000236613 -0.000249255
331.2 0.000242249 -0.000256833
331.6 0.00024593 -0.000264627
332 0.00024742 -0.000271906
332.4 0.000246509 -0.000277962
332.8 0.000243027 -0.000282162
333.2 0.000236863 -0.000283989
333.6 0.000227979 -0.000283086
334 0.000216422 -0.000279272
334.4 0.000202333 -0.000272559
334.8 0.000185941 -0.000263146
335.2 0.000167559 -0.000251412
335.6 0.000147566 -0.000237888
336 0.000126387 -0.000223226
336.4 0.000104472 -0.000208161
336.8 8.22659e-05 -0.000193459
337.2 6.01909e-05 -0.000179877
337.6 3.86227e-05 -0.000168114
338 1.78794e-05 -0.000158771
338.4 -1.78564e-06 -0.000152313
338.8 -2.01831e-05 -0.000149051
339.2 -3.71806e-05 -0.000149126
339.6 -5.26903e-05 -0.00015251
340 -6.66548e-05 -0.000159018
340.4 -7.90315e-05 -0.000168329
340.8 -8.97798e-05 -0.000180012
341.2 -9.88522e-05 -0.000193557
341.6 -0.000106191 -0.000208406
342 -0.000111729 -0.000223978
342.4 -0.000115401 -0.000239691
342.8 -0.000117153 -0.00025497
343.2 -0.000116956 -0.000269257
343.6 -0.000114822 -0.000282005
344 -0.000110812 -0.000292682
344.4 -0.000105046 -0.00030076
344.8 -9.76973e-05 -0.00030572
345.2 -8.89893e-05 -0.000307063
345.6 -7.91785e-05 -0.000304322
346 -6.85357e-05 -0.000297096
346.4 -5.73232e-05 -0.000285081
346.8 -4.57724e-05 -0.000268115
347.2 -3.40643e-05 -0.000246218
347.6 -2.23159e-05 -0.000219626
348 -1.05754e-05 -0.000188818
348.4 1.17281e-06 -0.000154519
348.8 1.29939e-05 -0.00011769
349.2 2.49784e-05 -7.94878e-05
349.6 3.72123e-05 -4.12068e-05
350 4.97436e-05 -4.20151e-06
350.4 6.25489e-05 3.02031e-05
350.8 7.55062e-05 6.0806e-05
351.2 8.83746e-05 8.66191e-05
351.6 0.000100787 0.000106943
352 0.000112255 0.000121419
352.4 0.000122192 0.000130056
352.8 0.000129942 0.000133224
353.2 0.000134829 0.000131615
353.6 0.000136204 0.000126182
354 0.000133505 0.000118047
354.4 0.000126307 0.000108406
354.8 0.000114366 9.84242e-05
355.2 9.76582e-05 8.91402e-05
355.6 7.63979e-05 8.13887e-05
356 5.10419e-05 7.57422e-05
356.4 2.22764e-05 7.24843e-05
356.8 -9.01223e-06 7.16096e-05
357.2 -4.1781e-05 7.28523e-05
357.6 -7.48844e-05 7.57369e-05
358 -0.000107136 7.96457e-05
358.4 -0.000137369 8.38936e-05
358.8 -0.0001645 8.78034e-05
359.2 -0.000187582 9.07731e-05
359.6 -0.000205851 9.23297e-05
360 -0.000218757 9.21656e-05
360.4 -0.000225984 9.01543e-05
360.8 -0.000227462 8.63489e-05
361.2 -0.000223354 8.09625e-05
361.6 -0.000214045 7.43377e-05
362 -0.00020011 6.69069e-05
362.4 -0.000182284 5.91516e-05
362.8 -0.000161421 5.15613e-05
363.2 -0.000138452 4.4599e-05
363.6 -0.000114346 3.8673e-05
364 -9.00637e-05 3.41166e-05
364.4 -6.65233e-05 3.11761e-05
364.8 -4.45623e-05 3.00044e-05
365.2 -2.49079e-05 3.06605e-05
365.6 -8.15113e-06 3.31113e-05
366 5.27267e-06 3.7236e-05
366.4 1.50975e-05 4.28312e-05
366.8 2.1233e-05 4.96169e-05
367.2 2.37637e-05 5.72439e-05
367.6 2.29407e-05 6.53031e-05
368 1.91662e-05 7.33382e-05
368.4 1.297e-05 8.08624e-05
368.8 4.98055e-06 8.73783e-05
369.2 -4.11003e-06 9.24031e-05
369.6 -1.35841e-05 9.54952e-05
370 -2.27387e-05 9.6282e-05
370.4 -3.0925e-05 9.44864e-05
370.8 -3.75849e-05 8.99486e-05
371.2 -4.22816e-05 8.26413e-05
371.6 -4.47235e-05 7.26763e-05
372 -4.47777e-05 6.03006e-05
372.4 -4.24734e-05 4.58831e-05
372.8 -3.79948e-05 2.98916e-05
373.2 -3.16627e-05 1.28622e-05
373.6 -2.39075e-05 -4.63462e-06
374 -1.52351e-05 -2.20305e-05
374.4 -6.18764e-06 -3.87924e-05
374.8 2.6966e-06 -5.44514e-05
375.2 1.09219e-05 -6.86238e-05
375.6 1.8069e-05 -8.10232e-05
376 2.38219e-05 -9.14636e-05
376.4 2.79848e-05 -9.98545e-05
376.8 3.04894e-05 -0.000106189
377.2 3.13901e-05 -0.000110529
377.6 3.08508e-05 -0.000112985
378 2.9122e-05 -0.000113701
378.4 2.65123e-05 -0.000112844
378.8 2.33566e-05 -0.000110587
379.2 1.99843e-05 -0.000107113
379.6 1.66893e-05 -0.000102606
380 1.37068e-05 -9.72639e-05
380.4 1.11962e-05 -9.12935e-05
380.8 9.23329e-06 -8.49211e-05
381.2 7.81164e-06 -7.83924e-05
381.6 6.85162e-06 -7.19716e-05
382 6.2172e-06 -6.59354e-05
382.4 5.73736e-06 -6.05631e-05
382.8 5.23015e-06 -5.61222e-05
383.2 4.52652e-06 -5.2852e-05
383.6 3.49151e-06 -5.09467e-05
384 2.04067e-06 -5.05387e-05
384.4 1.50062e-07 -5.16869e-05
384.8 -2.14087e-06 -5.43686e-05
385.2 -4.73356e-06 -5.84783e-05
385.6 -7.481e-06 -6.38327e-05
386 -1.02033e-05 -7.01816e-05
386.4 -1.27061e-05 -7.72246e-05
386.8 -1.48003e-05 -8.46314e-05
387.2 -1.632e-05 -9.2063e-05
387.6 -1.71373e-05 -9.91939e-05
388 -1.71727e-05 -0.000105731
388.4 -1.64002e-05 -0.000111429
388.8 -1.48465e-05 -0.000116102
389.2 -1.25851e-05 -0.000119627
389.6 -9.727e-06 -0.000121945
390 -6.40857e-06 -0.000123051
390.4 -2.77848e-06 -0.000122992
390.8 1.0142e-06 -0.000121843
391.2 4.82983e-06 -0.000119703
391.6 8.54475e-06 -0.000116674
392 1.20542e-05 -0.000112847
392.4 1.5272e-05 -0.000108294
392.8 1.81265e-05 -0.00010306
393.2 2.0556e-05 -9.71576e-05
393.6 2.25026e-05 -9.05693e-05
394 2.39076e-05 -8.32524e-05
394.4 2.47089e-05 -7.51485e-05
394.8 2.4841e-05 -6.61968e-05
395.2 2.42386e-05 -5.63491e-05
395.6 2.28438e-05 -4.55865e-05
396 2.06148e-05 -3.39358e-05
396.4 1.75364e-05 -2.14832e-05
396.8 1.36302e-05 -8.38529e-06
397.2 8.9628e-06 5.12574e-06
397.6 3.65025e-06 1.87433e-05
398 -2.14161e-06 3.2095e-05
398.4 -8.20248e-06 4.47579e-05
398.8 -1.42882e-05 5.62823e-05
399.2 -2.01363e-05 6.62199e-05
399.6 -2.54846e-05 7.41562e-05
400 -3.00925e-05 7.97445e-05
