    1.5069405389e+02    1.4361281930e+03   -7.7277783998e+05   -1.4608159890e-02   -4.7177833595e-03   -1.0919776258e-02   -8.2875237875e-03   -5.6985265056e-03   -2.4312047627e-02    1.0385964000e+02    1.0385964000e+02    1.0385964000e+02
    1.4928219577e+02    1.4226730552e+03   -7.7276622571e+05    1.2992882109e-02   -3.6884567574e-02    6.6432336947e-03   -1.8999966174e-02    1.3217084346e-02   -3.2519783559e-02    1.0385964000e+02    1.0385964000e+02    1.0385964000e+02
    1.5032842133e+02    1.4326436811e+03   -7.7277395702e+05   -3.1421266338e-02   -6.9999623803e-03   -3.9253633541e-02   -9.8028833747e-03   -8.3354910270e-03   -2.8655927128e-02    1.0385964000e+02    1.0385964000e+02    1.0385964000e+02
    1.5012790848e+02    1.4307327752e+03   -7.7276943356e+05    2.0184810624e-02    2.0851297522e-02    1.1106613518e-04   -1.1048055109e-02   -1.9554274005e-02   -3.0492846823e-02    1.0385964000e+02    1.0385964000e+02    1.0385964000e+02
    1.4972093504e+02    1.4268542809e+03   -7.7277245070e+05    7.4796190535e-04   -2.0235374349e-02   -5.6962972511e-03   -4.4802696494e-04   -1.2970149796e-03    1.3234152301e-02    1.0385964000e+02    1.0385964000e+02    1.0385964000e+02
    1.5004203903e+02    1.4299144314e+03   -7.7276532228e+05    3.8310201739e-04   -1.5985671303e-03   -5.5209128474e-03   -2.8107222011e-02   -4.5442201644e-04   -4.2506799453e-02    1.0385964000e+02    1.0385964000e+02    1.0385964000e+02
    1.4972529398e+02    1.4268958220e+03   -7.7277358701e+05    1.7965503797e-03   -2.1919453890e-02   -1.9822010656e-02   -2.4602137348e-02    5.5554132797e-03    1.6214943895e-02    1.0385964000e+02    1.0385964000e+02    1.0385964000e+02
    1.5025817880e+02    1.4319742633e+03   -7.7278146738e+05   -1.1424731512e-02    2.2402098350e-02   -9.7910550609e-03    7.6968374158e-04   -1.9177730057e-04   -1.5141448912e-02    1.0385964000e+02    1.0385964000e+02    1.0385964000e+02
    1.4990655351e+02    1.4286232419e+03   -7.7278132594e+05    5.6561967156e-02    2.3332130759e-02   -9.6694882718e-03   -1.0670659471e-02   -2.6825510165e-02   -2.8447218390e-03    1.0385964000e+02    1.0385964000e+02    1.0385964000e+02
    1.5002917841e+02    1.4297918685e+03   -7.7277037865e+05   -2.7446125369e-02   -3.0618574217e-02   -6.8960600896e-03   -1.8643645885e-02    5.3908163246e-03   -9.6076527969e-03    1.0385964000e+02    1.0385964000e+02    1.0385964000e+02
    1.5000049464e+02    1.4295185095e+03   -7.7277772695e+05    2.9575466405e-02   -6.1552988696e-03   -2.5345460612e-02   -3.0237666549e-02    1.3396587631e-02   -1.4797537114e-02    1.0385964000e+02    1.0385964000e+02    1.0385964000e+02
    1.4994642650e+02    1.4290032352e+03   -7.7276977531e+05   -7.3511966327e-03   -3.5515779410e-02   -6.6159026339e-03   -6.6490864156e-03   -7.7118475322e-03   -2.6414931469e-02    1.0385964000e+02    1.0385964000e+02    1.0385964000e+02
    1.5014692525e+02    1.4309140067e+03   -7.7276914863e+05   -1.1755583391e-02    2.2523827817e-02   -3.9180057333e-02   -1.9727837564e-02    2.3244113584e-02   -1.7750228572e-02    1.0385964000e+02    1.0385964000e+02    1.0385964000e+02
    1.4993313581e+02    1.4288765737e+03   -7.7277391279e+05   -2.9179200243e-02   -4.0733993479e-03   -9.7918230811e-03   -3.2847446688e-02   -2.4469192802e-02   -1.9980913121e-02    1.0385964000e+02    1.0385964000e+02    1.0385964000e+02
    1.4949380306e+02    1.4246896922e+03   -7.7277033708e+05    4.2725983248e-02    2.4810653477e-02    2.1641652566e-02   -2.1080695255e-02   -1.7686752873e-02   -4.0040507333e-03    1.0385964000e+02    1.0385964000e+02    1.0385964000e+02
    1.5006709500e+02    1.4301532171e+03   -7.7277806938e+05   -8.0931421160e-03   -2.1805627822e-02   -8.1950598234e-03   -1.5860488362e-02    2.8584495934e-03   -1.8012214130e-02    1.0385964000e+02    1.0385964000e+02    1.0385964000e+02
    1.4975793047e+02    1.4272068507e+03   -7.7277512171e+05    5.6142339203e-02   -1.3089121839e-02   -1.0625384739e-02   -2.6760218093e-02   -1.9428728264e-02   -4.1047301101e-03    1.0385964000e+02    1.0385964000e+02    1.0385964000e+02
    1.5081424383e+02    1.4372736142e+03   -7.7277783890e+05    2.2678321663e-02   -2.6181682501e-03    3.0218718299e-02   -1.3121756323e-02   -6.4990601766e-03    7.2978182282e-03    1.0385964000e+02    1.0385964000e+02    1.0385964000e+02
    1.5001680334e+02    1.4296739330e+03   -7.7276870069e+05    3.4911078102e-02    5.0906204893e-03    2.6508121436e-02   -1.3801538422e-02   -1.4659340931e-02   -1.9561052159e-02    1.0385964000e+02    1.0385964000e+02    1.0385964000e+02
    1.4993071709e+02    1.4288535231e+03   -7.7276864283e+05    5.6765114238e-03   -1.2083595590e-02    6.5570968795e-03    1.1393121141e-03   -4.6081752243e-03   -1.4758391308e-02    1.0385964000e+02    1.0385964000e+02    1.0385964000e+02
