-0.998 -4.39624 6.76499
-0.996 -3.63501 8.31427
-0.994 -2.40181 9.27734
-0.992 -0.796186 9.59523
-0.99 1.00608 9.27701
-0.988 2.77731 8.39809
-0.986 4.27385 7.09427
-0.984 5.27746 5.5486
-0.982 5.63534 3.96849
-0.98 5.29205 2.55447
-0.978 4.30717 1.46761
-0.976 2.85436 0.805159
-0.974 1.20011 0.591084
-0.972 -0.335462 0.782237
-0.97 -1.4296 1.28556
-0.968 -1.8109 1.97965
-0.966 -1.30643 2.73544
-0.964 0.126411 3.43314
-0.962 2.38933 3.97526
-0.96 5.25658 4.29576
-0.958 8.41058 4.36498
-0.956 11.4937 4.18926
-0.954 14.1661 3.80486
-0.952 16.1592 3.26738
-0.95 17.3148 2.63899
-0.948 17.6045 1.97557
-0.946 17.1251 1.31635
-0.944 16.0747 0.678108
-0.942 14.7117 0.0554546
-0.94 13.3082 -0.572537
-0.938 12.1054 -1.23058
-0.936 11.2795 -1.93271
-0.934 10.9214 -2.66877
-0.932 11.0323 -3.39654
-0.93 11.5341 -4.04335
-0.928 12.2923 -4.51767
-0.926 13.1449 -4.72718
-0.924 13.9306 -4.59712
-0.922 14.5093 -4.08478
-0.92 14.7734 -3.18843
-0.918 14.6517 -1.95111
-0.916 14.1105 -0.459162
-0.914 13.1531 1.16535
-0.912 11.8206 2.77839
-0.91 10.1891 4.23327
-0.908 8.36314 5.40322
-0.906 6.46136 6.2031
-0.904 4.59816 6.60428
-0.902 2.86654 6.63731
-0.9 1.32927 6.38061
-0.898 0.0204674 5.93856
-0.896 -1.04526 5.41545
-0.894 -1.86289 4.89191
-0.892 -2.43165 4.40772
-0.89 -2.75578 3.95326
-0.888 -2.84904 3.47094
-0.886 -2.73838 2.86743
-0.884 -2.46397 2.03555
-0.882 -2.0748 0.881355
-0.88 -1.62146 -0.650148
-0.878 -1.14825 -2.55732
-0.876 -0.687296 -4.77598
-0.874 -0.256335 -7.18543
-0.872 0.13914 -9.62328
-0.87 0.500443 -11.9049
-0.868 0.829152 -13.8434
-0.866 1.12186 -15.2694
-0.864 1.36811 -16.0497
-0.862 1.55219 -16.1063
-0.86 1.65808 -15.4313
-0.858 1.67543 -14.0939
-0.856 1.60376 -12.2329
-0.854 1.45253 -10.0346
-0.852 1.23667 -7.70185
-0.85 0.969878 -5.42185
-0.848 0.660103 -3.34092
-0.846 0.310474 -1.54875
-0.844 -0.0743895 -0.0740956
-0.842 -0.480719 1.10814
-0.84 -0.881729 2.06049
-0.838 -1.24067 2.86165
-0.836 -1.52014 3.58625
-0.834 -1.69376 4.29005
-0.832 -1.75535 5.00248
-0.83 -1.72173 5.72598
-0.828 -1.62763 6.44108
-0.826 -1.51398 7.11494
-0.824 -1.4125 7.71141
-0.822 -1.33084 8.19983
-0.82 -1.24154 8.5607
-0.818 -1.0775 8.78765
-0.816 -0.735582 8.88671
-0.814 -0.0897665 8.87391
-0.812 0.986768 8.77122
-0.81 2.59429 8.60005
-0.808 4.78048 8.37223
-0.806 7.52214 8.08034
-0.804 10.7173 7.69112
-0.802 14.1862 7.14598
-0.8 17.6796 6.37128
-0.798 20.8943 5.29754
-0.796 23.501 3.88223
-0.794 25.1844 2.12817
-0.792 25.6954 0.0916126
-0.79 24.9029 -2.12107
-0.788 22.8328 -4.36402
-0.786 19.6811 -6.46449
-0.784 15.7944 -8.23497
-0.782 11.6223 -9.48634
-0.78 7.65045 -10.0448
-0.778 4.32747 -9.77258
-0.776 1.99831 -8.58882
-0.774 0.852863 -6.48707
-0.772 0.897953 -3.5456
-0.77 1.95707 0.0708901
-0.768 3.69885 4.11983
-0.766 5.69081 8.30037
-0.764 7.47026 12.2831
-0.762 8.62043 15.746
-0.76 8.8382 18.4091
-0.758 7.9813 20.062
-0.756 6.08746 20.5786
-0.754 3.36402 19.9216
-0.752 0.152373 18.1405
-0.75 -3.12541 15.3673
-0.748 -6.02944 11.8121
-0.746 -8.1663 7.75536
-0.744 -9.24704 3.53262
-0.742 -9.13114 -0.490609
-0.74 -7.84906 -3.95474
-0.738 -5.59812 -6.54908
-0.736 -2.71001 -8.05616
-0.734 0.405518 -8.38941
-0.732 3.32981 -7.61647
-0.73 5.70281 -5.96102
-0.728 7.27515 -3.77929
-0.726 7.93646 -1.51188
-0.724 7.71811 0.382125
-0.722 6.77467 1.49647
-0.72 5.35089 1.54081
-0.718 3.74069 0.384892
-0.716 2.24304 -1.92177
-0.714 1.11854 -5.15505
-0.712 0.551728 -8.94401
-0.71 0.624711 -12.8175
-0.708 1.30726 -16.2643
-0.706 2.46533 -18.8007
-0.704 3.88571 -20.0365
-0.702 5.31167 -19.7297
-0.7 6.48293 -17.8225
-0.698 7.17314 -14.4502
-0.696 7.21882 -9.92219
-0.694 6.53581 -4.67675
-0.692 5.12252 0.782095
-0.69 3.0531 5.95443
-0.688 0.465039 10.4102
-0.686 -2.45479 13.8408
-0.684 -5.48405 16.0889
-0.682 -8.37944 17.1527
-0.68 -10.8933 17.1655
-0.678 -12.7927 16.357
-0.676 -13.8815 15.0044
-0.674 -14.0204 13.3827
-0.672 -13.1459 11.7232
-0.67 -11.2832 10.184
-0.668 -8.55218 8.83705
-0.666 -5.16555 7.66995
-0.664 -1.41838 6.60187
-0.662 2.33166 5.51105
-0.66 5.69233 4.26988
-0.658 8.27281 2.78147
-0.656 9.72721 1.00962
-0.654 9.80306 -1.00497
-0.652 8.38892 -3.14621
-0.65 5.55071 -5.24123
-0.648 1.54492 -7.09074
-0.646 -3.19991 -8.50328
-0.644 -8.1347 -9.32562
-0.642 -12.6664 -9.4636
-0.64 -16.2451 -8.89177
-0.638 -18.445 -7.65297
-0.636 -19.0278 -5.85097
-0.634 -17.9796 -3.63888
-0.632 -15.5197 -1.20491
-0.63 -12.0773 1.2446
-0.628 -8.23869 3.50478
-0.626 -4.67053 5.39328
-0.624 -2.02731 6.7695
-0.622 -0.85583 7.54754
-0.62 -1.50798 7.69984
-0.618 -4.07583 7.25265
-0.616 -8.36299 6.27818
-0.614 -13.9027 4.88856
-0.612 -20.0235 3.23321
-0.61 -25.9499 1.49656
-0.608 -30.9202 -0.10947
-0.606 -34.2959 -1.36289
-0.604 -35.6494 -2.05999
-0.602 -34.815 -2.05099
-0.6 -31.9016 -1.2756
-0.598 -27.2662 0.209689
-0.596 -21.4538 2.21859
-0.594 -15.1138 4.44001
-0.592 -8.90553 6.46201
-0.59 -3.40869 7.81467
-0.588 0.947737 8.03005
-0.586 3.92575 6.71431
-0.584 5.48313 3.6233
-0.582 5.74532 -1.27107
-0.58 4.9543 -7.73672
-0.578 3.40881 -15.2708
-0.576 1.41009 -23.1298
-0.574 -0.777012 -30.404
-0.572 -2.9448 -36.1297
-0.57 -4.94787 -39.4287
-0.568 -6.69754 -39.6514
-0.566 -8.14948 -36.4966
-0.564 -9.28819 -30.0859
-0.562 -10.1123 -20.9755
-0.56 -10.6257 -10.103
-0.558 -10.8377 1.32635
-0.556 -10.774 11.9978
-0.554 -10.4922 20.6674
-0.552 -10.0967 26.3377
-0.55 -9.74314 28.4012
-0.548 -9.62616 26.7289
-0.546 -9.95066 21.6915
-0.544 -10.8918 14.1101
-0.542 -12.555 5.14356
-0.54 -14.9451 -3.87202
-0.538 -17.9522 -11.6104
-0.536 -21.3543 -16.9444
-0.534 -24.8371 -19.1093
-0.532 -28.0292 -17.8155
-0.53 -30.5529 -13.2896
-0.528 -32.0871 -6.23526
-0.526 -32.4351 2.28051
-0.524 -31.5828 10.9952
-0.522 -29.7274 18.6442
-0.52 -27.2648 24.145
-0.518 -24.7301 26.7462
-0.516 -22.7026 26.1186
-0.514 -21.6954 22.3817
-0.512 -22.054 16.0628
-0.51 -23.8842 7.99621
-0.508 -27.0235 -0.819759
-0.506 -31.0603 -9.3847
-0.504 -35.3942 -16.8465
-0.502 -39.3286 -22.6147
-0.5 -42.1795 -26.4192
-0.498 -43.3857 -28.3088
-0.496 -42.6033 -28.5945
-0.494 -39.7679 -27.7523
-0.492 -35.1134 -26.3079
-0.49 -29.1404 -24.7262
-0.488 -22.5377 -23.3287
-0.486 -16.0694 -22.2507
-0.484 -10.4461 -21.4443
-0.482 -6.20612 -20.7195
-0.48 -3.62813 -19.8101
-0.478 -2.69413 -18.4503
-0.476 -3.10841 -16.4448
-0.474 -4.36879 -13.7222
-0.472 -5.87412 -10.3626
-0.47 -7.04394 -6.59441
-0.468 -7.42398 -2.7611
-0.466 -6.75624 0.737344
-0.464 -5.00285 3.5163
-0.462 -2.32419 5.27794
-0.46 0.979103 5.86752
-0.458 4.54585 5.30333
-0.456 8.0392 3.77442
-0.454 11.2194 1.60724
-0.452 13.9888 -0.790461
-0.45 16.399 -2.99682
-0.448 18.6166 -4.6427
-0.446 20.8575 -5.46958
-0.444 23.3013 -5.37095
-0.442 26.0089 -4.40992
-0.44 28.8609 -2.8079
-0.438 31.5357 -0.904467
-0.436 33.5384 0.904562
-0.434 34.279 2.23909
-0.432 33.1866 2.80309
-0.43 29.8362 2.43673
-0.428 24.0591 1.14308
-0.426 16.0163 -0.915119
-0.424 6.21789 -3.44659
-0.422 -4.5156 -6.08264
-0.42 -15.1515 -8.43703
-0.418 -24.5917 -10.1625
-0.416 -31.8469 -10.9945
-0.414 -36.2092 -10.7776
-0.412 -37.3856 -9.47274
-0.41 -35.5623 -7.15051
-0.408 -31.3839 -3.97387
-0.406 -25.8481 -0.176802
-0.404 -20.1359 3.9574
-0.402 -15.4069 8.11671
-0.4 -12.5974 11.9791
-0.398 -12.2555 15.2293
-0.396 -14.442 17.5737
-0.394 -18.7162 18.7546
-0.392 -24.2121 18.5658
-0.39 -29.794 16.8712
-0.388 -34.2656 13.6243
-0.386 -36.5969 8.88762
-0.384 -36.1264 2.848
-0.382 -32.6987 -4.17554
-0.38 -26.7083 -11.7365
-0.378 -19.0368 -19.284
-0.376 -10.8921 -26.2077
-0.374 -3.57864 -31.9029
-0.372 1.75454 -35.8491
-0.37 4.33979 -37.6855
-0.368 3.9424 -37.2697
-0.366 0.907246 -34.7034
-0.364 -3.90925 -30.3216
-0.362 -9.30829 -24.6488
-0.36 -13.9865 -18.3313
-0.358 -16.7988 -12.0569
-0.356 -16.9975 -6.4716
-0.354 -14.4054 -2.10179
-0.352 -9.485 0.709405
-0.35 -3.28777 1.84127
-0.348 2.71482 1.4021
-0.346 6.89116 -0.299868
-0.344 7.75449 -2.81608
-0.342 4.25645 -5.63508
-0.34 -3.98609 -8.26207
-0.338 -16.5746 -10.2864
-0.336 -32.3466 -11.4273
-0.334 -49.5286 -11.5538
-0.332 -66.0002 -10.6824
-0.33 -79.6243 -8.9565
-0.328 -88.5874 -6.61721
-0.326 -91.6903 -3.96935
-0.324 -88.5385 -1.34895
-0.322 -79.6032 0.905376
-0.32 -66.1457 2.47554
-0.318 -50.0189 3.08285
-0.316 -33.3834 2.50511
-0.314 -18.3828 0.594195
-0.312 -6.83104 -2.70592
-0.31 0.0393942 -7.34134
-0.308 1.72932 -13.1327
-0.306 -1.49779 -19.765
-0.304 -8.70805 -26.7875
-0.302 -18.4879 -33.6302
-0.3 -29.1919 -39.6397
-0.298 -39.1961 -44.1365
-0.296 -47.111 -46.4904
-0.294 -51.9198 -46.2035
-0.292 -53.0313 -42.9917
-0.29 -50.2569 -36.8464
-0.288 -43.7368 -28.0664
-0.286 -33.8449 -17.2504
-0.284 -21.1019 -5.24847
-0.282 -6.11654 6.92493
-0.28 10.4343 18.2094
-0.278 27.7867 27.6352
-0.276 45.0479 34.4566
-0.274 61.1548 38.2598
-0.272 74.8658 39.0213
-0.27 84.8133 37.1055
-0.268 89.6328 33.1968
-0.266 88.1616 28.1781
-0.264 79.6765 22.9783
-0.262 64.1232 18.4201
-0.26 42.2812 15.0972
-0.258 15.8186 13.3059
-0.256 -12.7928 13.0408
-0.254 -40.5039 14.0492
-0.252 -64.0358 15.93
-0.25 -80.306 18.2488
-0.248 -86.8751 20.6464
-0.246 -82.3494 22.9188
-0.244 -66.6687 25.0568
-0.242 -41.2212 27.2378
-0.24 -8.74716 29.7685
-0.238 26.9762 32.986
-0.236 61.6361 37.1342
-0.234 91.0035 42.2437
-0.232 111.572 48.0484
-0.23 121.106 53.9687
-0.228 118.998 59.1789
-0.226 106.369 62.7561
-0.224 85.8844 63.8872
-0.222 61.314 62.0933
-0.22 36.9032 57.4187
-0.218 16.6616 50.5369
-0.216 3.68916 42.738
-0.214 -0.337816 35.7868
-0.212 4.57147 31.665
-0.21 16.7649 32.23
-0.208 33.2905 38.8446
-0.206 50.4798 52.0374
-0.204 64.6668 71.2617
-0.202 72.9073 94.8087
-0.2 73.5627 119.914
-0.198 66.6361 143.061
-0.196 53.7922 160.454
-0.194 38.0541 168.6
-0.192 23.2289 164.904
-0.19 13.1676 148.184
-0.188 10.9953 119.006
-0.186 18.457 79.7633
-0.184 35.5044 34.4692
-0.182 60.2055 -11.7248
-0.18 88.9997 -53.2202
-0.178 117.258 -84.7681
-0.176 140.051 -102.242
-0.174 153.003 -103.267
-0.172 153.074 -87.5927
-0.17 139.159 -57.1655
-0.168 112.379 -15.8725
-0.166 76.0186 30.9938
-0.164 35.0891 77.4724
-0.162 -4.41203 117.764
-0.16 -36.446 147.027
-0.158 -55.9174 162.027
-0.156 -59.5259 161.532
-0.154 -46.3264 146.4
-0.152 -17.8904 119.355
-0.15 21.9638 84.4796
-0.148 67.8146 46.5308
-0.146 113.528 10.2059
-0.144 153.223 -20.5195
-0.142 182.136 -42.8635
-0.14 197.245 -55.4597
-0.138 197.558 -58.3213
-0.136 184.073 -52.5941
-0.134 159.42 -40.1784
-0.132 127.314 -23.3132
-0.13 91.8964 -4.20099
-0.128 57.0885 15.2715
-0.126 26.0543 33.6895
-0.124 0.840498 50.1383
-0.122 -17.7582 64.1159
-0.12 -30.0951 75.3551
-0.118 -37.3545 83.5965
-0.116 -41.0848 88.3711
-0.114 -42.6813 88.8584
-0.112 -42.9404 83.8814
-0.11 -41.8001 72.0698
-0.108 -38.3462 52.1758
-0.106 -31.0983 23.482
-0.104 -18.5185 -13.7987
-0.102 0.382332 -58.2384
-0.1 25.4964 -107.115
-0.098 55.2803 -156.583
-0.096 86.7332 -202.09
-0.094 115.725 -238.983
-0.092 137.626 -263.196
-0.09 148.118 -271.914
-0.088 144.023 -264.079
-0.086 123.978 -240.635
-0.084 88.8353 -204.471
-0.082 41.7046 -160.061
-0.08 -12.3737 -112.869
-0.078 -67.0691 -68.6183
-0.076 -115.625 -32.5484
-0.074 -151.821 -8.75158
-0.072 -170.88 0.31841
-0.07 -170.201 -5.88205
-0.068 -149.809 -25.9614
-0.066 -112.46 -56.813
-0.064 -63.3953 -94.054
-0.062 -9.75087 -132.628
-0.06 40.3322 -167.489
-0.058 78.8131 -194.262
-0.056 98.952 -209.781
-0.054 96.4216 -212.429
-0.052 70.1101 -202.227
-0.05 22.4141 -180.695
-0.048 -41.088 -150.508
-0.046 -112.534 -115.047
-0.044 -183.038 -77.9308
-0.042 -244.019 -42.6443
-0.04 -288.303 -12.3022
-0.038 -310.847 10.4388
-0.036 -309.07 23.3913
-0.034 -282.872 24.8536
-0.032 -234.483 13.6987
-0.03 -168.171 -10.4453
-0.028 -89.8227 -46.9589
-0.026 -6.33435 -94.0179
-0.024 75.1788 -148.5
-0.022 148.266 -206.09
-0.02 207.962 -261.597
-0.018 251.343 -309.434
-0.016 277.693 -344.137
-0.014 288.194 -360.82
-0.012 285.261 -355.539
-0.01 271.692 -325.598
-0.008 249.941 -269.912
-0.006 221.744 -189.462
-0.004 188.189 -87.7832
-0.002 150.102 28.7958
0 108.451 151.497
0.002 64.5101 270.216
0.004 19.7612 375.167
0.006 -24.2341 458.526
0.008 -65.7662 515.425
0.01 -102.706 544.114
0.012 -132.266 545.515
0.014 -151.067 522.528
0.016 -155.617 479.379
0.018 -143.092 421.122
0.02 -112.188 353.244
0.022 -63.7464 281.298
0.024 -0.981753 210.517
0.026 70.7742 145.447
0.028 144.73 89.6476
0.03 213.532 45.5419
0.032 270.193 14.4416
0.034 308.897 -3.29976
0.036 325.575 -8.07696
0.038 318.284 -0.854179
0.04 287.433 16.9251
0.042 235.877 43.3284
0.044 168.85 75.8675
0.046 93.5994 111.457
0.048 18.655 146.484
0.05 -47.2715 177.046
0.052 -96.5848 199.35
0.054 -124.021 210.205
0.056 -127.482 207.531
0.058 -108.306 190.781
0.06 -70.9178 161.184
0.062 -22.0072 121.752
0.064 30.5749 77.0062
0.066 78.9758 32.452
0.068 116.385 -6.14139
0.07 137.846 -33.535
0.072 140.777 -45.7623
0.074 125.168 -40.705
0.076 93.4439 -18.4212
0.078 50.0309 18.8117
0.08 0.673565 66.7463
0.082 -48.3986 119.676
0.084 -91.3421 171.153
0.086 -123.483 214.822
0.088 -141.905 245.269
0.09 -145.749 258.742
0.092 -136.188 253.645
0.094 -116.071 230.695
0.096 -89.3094 192.722
0.098 -60.1239 144.146
0.1 -32.2989 90.2394
0.102 -8.60873 36.3152
0.104 9.48119 -13.0104
0.106 21.7882 -54.3485
0.108 29.0986 -85.7919
0.11 32.6661 -106.882
0.112 33.6653 -118.336
0.114 32.7465 -121.631
0.116 29.8012 -118.548
0.118 23.9899 -110.788
0.12 14.0089 -99.7144
0.122 -1.47935 -86.2627
0.124 -23.3653 -71.0037
0.126 -51.6738 -54.3199
0.128 -85.2987 -36.6359
0.13 -121.947 -18.6408
0.132 -158.306 -1.44019
0.134 -190.421 13.4066
0.136 -214.225 23.99
0.138 -226.162 28.2969
0.14 -223.817 24.5725
0.142 -206.427 11.7377
0.144 -175.193 -10.223
0.146 -133.295 -40.0027
0.148 -85.5675 -74.925
0.15 -37.8744 -111.156
0.152 3.74647 -144.163
0.154 34.0108 -169.358
0.156 49.2301 -182.816
0.158 47.9051 -181.936
0.16 30.959 -165.933
0.162 1.5631 -136.07
0.164 -35.4092 -95.5678
0.166 -74.1969 -49.2166
0.168 -109.083 -2.74133
0.17 -135.279 37.9881
0.172 -149.619 67.7761
0.174 -150.952 82.8297
0.176 -140.206 81.2841
0.178 -120.111 63.4491
0.18 -94.651 31.7375
0.182 -68.3352 -9.71004
0.184 -45.4144 -55.6455
0.186 -29.1677 -100.482
0.188 -21.3875 -139.091
0.19 -22.1478 -167.496
0.192 -29.8913 -183.36
0.194 -41.8109 -186.191
0.196 -54.4517 -177.252
0.198 -64.4191 -159.209
0.2 -69.0606 -135.608
0.202 -66.9931 -110.276
0.204 -58.3736 -86.7478
0.206 -44.8625 -67.8077
0.208 -29.2868 -55.1895
0.21 -15.0735 -49.4644
0.212 -5.56327 -50.1076
0.214 -3.33805 -55.7198
0.216 -9.68827 -64.3544
0.218 -24.3185 -73.8952
0.22 -45.3428 -82.4172
0.222 -69.5693 -88.4728
0.224 -93.0195 -91.258
0.226 -111.589 -90.6401
0.228 -121.731 -87.0572
0.23 -121.051 -81.325
0.232 -108.701 -74.4022
0.234 -85.5334 -67.1703
0.236 -53.9707 -60.2749
0.238 -17.6408 -54.055
0.24 19.1699 -48.5618
0.242 52.1456 -43.6486
0.244 77.5477 -39.097
0.246 92.7073 -34.7431
0.248 96.3325 -30.57
0.25 88.5987 -26.7465
0.252 71.0278 -23.6043
0.254 46.1931 -21.5648
0.256 17.3094 -21.0353
0.258 -12.2263 -22.298
0.26 -39.2742 -25.4142
0.262 -61.3135 -30.1624
0.264 -76.6764 -36.0219
0.266 -84.632 -42.2105
0.268 -85.3212 -47.7734
0.27 -79.576 -51.7108
0.272 -68.6744 -53.1244
0.274 -54.0899 -51.3558
0.276 -37.2838 -46.0964
0.278 -19.5727 -37.4469
0.28 -2.07545 -25.9189
0.282 14.2767 -12.3746
0.284 28.6974 2.08395
0.286 40.5049 16.2552
0.288 49.1114 28.9869
0.29 54.0537 39.3069
0.292 55.0608 46.5211
0.294 52.1405 50.2645
0.296 45.6586 50.5069
0.298 36.3825 47.5181
0.3 25.4693 41.8068
0.302 14.386 34.0482
0.304 4.76164 25.008
0.306 -1.81542 15.473
0.308 -4.03029 6.19075
0.31 -1.06584 -2.17753
0.312 7.22306 -9.09088
0.314 20.2243 -14.1501
0.316 36.5981 -17.1097
0.318 54.427 -17.8815
0.32 71.4703 -16.5344
0.322 85.4857 -13.2888
0.324 94.5664 -8.50726
0.326 97.438 -2.67933
0.328 93.6616 3.60601
0.33 83.7084 9.70223
0.332 68.8888 14.9645
0.334 51.1501 18.8227
0.336 32.7748 20.859
0.338 16.0304 20.8745
0.34 2.82767 18.9317
0.342 -5.55712 15.361
0.344 -8.65213 10.7297
0.346 -6.82489 5.77753
0.348 -1.17779 1.32787
0.35 6.67595 -1.81638
0.352 14.9144 -2.98056
0.354 21.8316 -1.71721
0.356 26.1273 2.11869
0.358 27.11 8.33289
0.36 24.7803 16.4037
0.362 19.7831 25.5443
0.364 13.2442 34.8076
0.366 6.52632 43.2142
0.368 0.957945 49.8824
0.37 -2.41563 54.1372
0.372 -3.01435 55.5841
0.374 -0.811917 54.1416
0.376 3.68028 50.034
0.378 9.52795 43.7505
0.38 15.5663 35.9767
0.382 20.6345 27.5051
0.384 23.8066 19.1351
0.386 24.5722 11.5763
0.388 22.9299 5.37155
0.39 19.376 0.851465
0.392 14.7942 -1.87355
0.394 10.2738 -2.88788
0.396 6.8919 -2.42127
0.398 5.50283 -0.788549
0.4 6.56907 1.66802
0.402 10.0632 4.62281
0.404 15.4573 7.79125
0.406 21.8038 10.9354
0.408 27.8945 13.8572
0.41 32.4719 16.388
0.412 34.4506 18.3826
0.414 33.1109 19.719
0.416 28.2237 20.3056
0.418 20.0897 20.0882
0.42 9.48533 19.054
0.422 -2.46751 17.2318
0.424 -14.4823 14.6897
0.426 -25.3033 11.5345
0.428 -33.8836 7.91141
0.43 -39.5187 4.00297
0.432 -41.9186 0.0219992
0.434 -41.2142 -3.8036
0.436 -37.8998 -7.25382
0.438 -32.7269 -10.1433
0.44 -26.5711 -12.3459
0.442 -20.2941 -13.8099
0.444 -14.6256 -14.5612
0.446 -10.0795 -14.6915
0.448 -6.91539 -14.3387
0.45 -5.14549 -13.6631
0.452 -4.58121 -12.8256
0.454 -4.90661 -11.9697
0.456 -5.76166 -11.2079
0.458 -6.8171 -10.6123
0.46 -7.82605 -10.2104
0.462 -8.64464 -9.98547
0.464 -9.22295 -9.88256
0.466 -9.57457 -9.81596
0.468 -9.73597 -9.67829
0.47 -9.72782 -9.35074
0.472 -9.52768 -8.71409
0.474 -9.06061 -7.6598
0.476 -8.20888 -6.10019
0.478 -6.83746 -3.97752
0.48 -4.82897 -1.27226
0.482 -2.12087 1.98898
0.484 1.26224 5.72554
0.486 5.18846 9.79523
0.488 9.41713 13.9897
0.49 13.6209 18.0369
0.492 17.4308 21.6151
0.494 20.4957 24.3807
0.496 22.544 26.0076
0.498 23.4326 26.232
0.5 23.1744 24.8963
0.502 21.9404 21.9837
0.504 20.039 17.6401
0.506 17.8759 12.1763
0.508 15.8994 6.05089
0.51 14.5382 -0.16975
0.512 14.1382 -5.86896
0.514 14.9098 -10.4506
0.516 16.8925 -13.4145
0.518 19.948 -14.4272
0.52 23.7815 -13.3782
0.522 27.9885 -10.4117
0.524 32.1172 -5.92412
0.526 35.7335 -0.5228
0.528 38.4766 5.05228
0.53 40.096 10.0329
0.532 40.4674 13.7356
0.534 39.5902 15.6647
0.536 37.5729 15.5878
0.538 34.611 13.5739
0.54 30.9616 9.98852
0.542 26.9153 5.44731
0.544 22.7688 0.73121
0.546 18.7987 -3.32428
0.548 15.2401 -5.95188
0.55 12.2684 -6.56926
0.552 9.984 -4.87244
0.554 8.3996 -0.889963
0.556 7.43239 5.01347
0.558 6.90593 12.1864
0.56 6.56646 19.7846
0.562 6.1165 26.8913
0.564 5.26327 32.6408
0.566 3.77352 36.3266
0.568 1.52211 37.4819
0.57 -1.47698 35.9257
0.572 -5.06308 31.7746
0.574 -8.94333 25.421
0.576 -12.7241 17.4813
0.578 -15.9538 8.72119
0.58 -18.1754 -0.035899
0.582 -18.9851 -8.00489
0.584 -18.093 -14.5294
0.586 -15.3759 -19.1541
0.588 -10.9115 -21.6698
0.59 -4.9853 -22.125
0.592 1.93392 -20.8046
0.594 9.24367 -18.1786
0.596 16.2756 -14.8302
0.598 22.3705 -11.3719
0.6 26.9541 -8.36402
0.602 29.6071 -6.24559
0.604 30.1229 -5.2882
0.606 28.5434 -5.57574
0.608 25.1619 -7.0097
0.61 20.4885 -9.33588
0.612 15.1797 -12.1866
0.614 9.94517 -15.1328
0.616 5.446 -17.7401
0.618 2.20286 -19.6246
0.62 0.527303 -20.5003
0.622 0.487526 -20.2134
0.624 1.91247 -18.7565
0.626 4.43055 -16.2625
0.628 7.53315 -12.9819
0.63 10.6508 -9.24786
0.632 13.2317 -5.43705
0.634 14.8139 -1.9287
0.636 15.0847 0.934355
0.638 13.92 2.8817
0.64 11.3977 3.74581
0.642 7.7832 3.48374
0.644 3.48771 2.18511
0.646 -0.994442 0.0626104
0.648 -5.15944 -2.57658
0.65 -8.56452 -5.37567
0.652 -10.882 -7.98274
0.654 -11.9286 -10.1054
0.656 -11.669 -11.5563
0.658 -10.2012 -12.2799
0.66 -7.73133 -12.3573
0.662 -4.54453 -11.9852
0.664 -0.971896 -11.4358
0.666 2.64543 -11.0023
0.668 5.99328 -10.9431
0.67 8.81689 -11.4313
0.672 10.9415 -12.5182
0.674 12.2769 -14.1161
0.676 12.8065 -16.0047
0.678 12.5672 -17.8626
0.68 11.6291 -19.3177
0.682 10.0818 -20.0093
0.684 8.03073 -19.6487
0.686 5.60082 -18.069
0.688 2.93973 -15.2581
0.69 0.214972 -11.3704
0.692 -2.39856 -6.71517
0.694 -4.73849 -1.72234
0.696 -6.67684 3.11192
0.698 -8.13804 7.29279
0.7 -9.10908 10.3984
0.702 -9.641 12.1445
0.704 -9.84284 12.4308
0.706 -9.86945 11.3591
0.708 -9.90305 9.21783
0.71 -10.1283 6.43615
0.712 -10.7018 3.5158
0.714 -11.7202 0.954474
0.716 -13.1921 -0.827769
0.718 -15.0198 -1.54877
0.72 -16.9996 -1.1036
0.722 -18.8434 0.422651
0.724 -20.2234 2.77075
0.726 -20.8328 5.54933
0.728 -20.4487 8.29566
0.73 -18.9807 10.5446
0.732 -16.4933 11.8954
0.734 -13.197 12.0677
0.736 -9.41446 10.9404
0.738 -5.52873 8.56849
0.74 -1.92773 5.17423
0.742 1.04891 1.11265
0.744 3.15339 -3.18389
0.746 4.26063 -7.27176
0.748 4.38417 -10.7591
0.75 3.67496 -13.3542
0.752 2.40089 -14.8913
0.754 0.906184 -15.3333
0.756 -0.446394 -14.7557
0.758 -1.34212 -13.3181
0.76 -1.57666 -11.2321
0.762 -1.09939 -8.73202
0.764 -0.0260381 -6.05245
0.766 1.38311 -3.41251
0.768 2.77433 -1.00543
0.77 3.76859 1.00912
0.772 4.03227 2.51205
0.774 3.33785 3.43145
0.776 1.60606 3.74709
0.778 -1.07539 3.49114
0.78 -4.45874 2.74493
0.782 -8.16851 1.63241
0.784 -11.7557 0.311878
0.786 -14.767 -1.03348
0.788 -16.8169 -2.20729
0.79 -17.6517 -3.0156
0.792 -17.1891 -3.28695
0.794 -15.527 -2.89472
0.796 -12.9203 -1.77744
0.798 -9.73016 0.0470176
0.8 -6.36131 2.47504
0.802 -3.19898 5.31911
0.804 -0.557805 8.31873
0.806 1.35088 11.1622
0.808 2.43265 13.5199
0.81 2.70755 15.086
0.812 2.29567 15.6224
0.814 1.39321 14.9986
0.816 0.240276 13.2202
0.818 -0.918114 10.44
0.82 -1.87323 6.94995
0.822 -2.48916 3.15058
0.824 -2.72607 -0.499318
0.826 -2.64299 -3.54696
0.828 -2.37779 -5.61262
0.83 -2.10923 -6.44621
0.832 -2.01155 -5.96268
0.834 -2.21386 -4.25178
0.836 -2.77358 -1.56294
0.838 -3.66844 1.73009
0.84 -4.80648 5.1792
0.842 -6.04975 8.31936
0.844 -7.245 10.7267
0.846 -8.25468 12.0708
0.848 -8.98297 12.155
0.85 -9.39327 10.9401
0.852 -9.51397 8.54646
0.854 -9.4304 5.23284
0.856 -9.26253 1.35519
0.858 -9.13227 -2.68882
0.86 -9.12866 -6.51911
0.862 -9.28216 -9.82505
0.864 -9.5575 -12.4006
0.866 -9.86755 -14.1579
0.868 -10.1023 -15.1203
0.87 -10.1612 -15.3994
0.872 -9.97845 -15.1628
0.874 -9.53397 -14.5966
0.876 -8.85144 -13.8678
0.878 -7.98839 -13.0908
0.88 -7.02447 -12.3043
0.882 -6.0509 -11.4637
0.884 -5.16066 -10.454
0.886 -4.43816 -9.1216
0.888 -3.94847 -7.32072
0.89 -3.72819 -4.96198
0.892 -3.78021 -2.05187
0.894 -4.07294 1.28771
0.896 -4.54379 4.82425
0.898 -5.10688 8.2433
0.9 -5.66519 11.1953
0.902 -6.12681 13.3531
0.904 -6.42246 14.4695
0.906 -6.51975 14.4257
0.908 -6.42969 13.2607
0.91 -6.20419 11.1747
0.912 -5.92623 8.50447
0.914 -5.69535 5.67518
0.916 -5.61065 3.13491
0.918 -5.75281 1.28544
0.92 -6.16696 0.420288
0.922 -6.84992 0.680268
0.924 -7.74636 2.03288
0.926 -8.75702 4.27735
0.928 -9.75774 7.07393
0.93 -10.624 9.9937
0.932 -11.2533 12.5825
0.934 -11.5789 14.4294
0.936 -11.5732 15.227
0.938 -11.2423 14.8146
0.94 -10.6161 13.1954
0.942 -9.73792 10.529
0.944 -8.65879 7.1028
0.946 -7.43689 3.28722
0.948 -6.13937 -0.518602
0.95 -4.84302 -3.94273
0.952 -3.63065 -6.69081
0.954 -2.58385 -8.58294
0.956 -1.77389 -9.57061
0.958 -1.25332 -9.73028
0.96 -1.04986 -9.2349
0.962 -1.16398 -8.31009
0.964 -1.57067 -7.18554
0.966 -2.22402 -6.05228
0.968 -3.06194 -5.0344
0.97 -4.00894 -4.17956
0.972 -4.97724 -3.46841
0.974 -5.86924 -2.83866
0.976 -6.58504 -2.21624
0.978 -7.0362 -1.54464
0.98 -7.16289 -0.805176
0.982 -6.94862 -0.0240928
0.984 -6.4258 0.733607
0.986 -5.66882 1.38075
0.988 -4.77664 1.83066
0.99 -3.85083 2.02096
0.992 -2.97688 1.93304
0.994 -2.21392 1.60215
0.996 -1.59464 1.11449
0.998 -1.13344 0.592016
0.4 3.53496 1.0513
0.8 3.61949 1.12853
1.2 3.75575 1.25485
1.6 3.93707 1.42683
2 4.15471 1.6399
2.4 4.39835 1.88855
2.8 4.65671 2.16668
3.2 4.91816 2.46785
3.6 5.17144 2.78565
4 5.40621 3.11402
4.4 5.61361 3.4476
4.8 5.78666 3.78196
5.2 5.92057 4.1139
5.6 6.01291 4.4416
6 6.06357 4.76467
6.4 6.07466 5.08419
6.8 6.05028 5.40254
7.2 5.99619 5.72329
7.6 5.91935 6.05081
8 5.82756 6.38999
8.4 5.72898 6.74576
8.8 5.63172 7.12271
9.2 5.54345 7.52458
9.6 5.47112 7.95392
10 5.42065 8.41172
10.4 5.39683 8.89712
10.8 5.40319 9.40732
11.2 5.44194 9.93749
11.6 5.51408 10.4809
12 5.61942 11.0294
12.4 5.75671 11.5731
12.8 5.92382 12.1017
13.2 6.11787 12.6044
13.6 6.33542 13.0707
14 6.57264 13.4908
14.4 6.82545 13.8565
14.8 7.08972 14.1611
15.2 7.36137 14.4002
15.6 7.63651 14.5718
16 7.91152 14.6761
16.4 8.18315 14.7159
16.8 8.44851 14.6959
17.2 8.70515 14.6228
17.6 8.95099 14.5043
18 9.1843 14.3492
18.4 9.40366 14.1663
18.8 9.60781 13.964
19.2 9.79566 13.7502
19.6 9.96609 13.5311
20 10.118 13.3115
20.4 10.2501 13.0947
20.8 10.3612 12.8818
21.2 10.4498 12.6729
21.6 10.5145 12.4662
22 10.5542 12.2596
22.4 10.5677 12.0501
22.8 10.5547 11.8352
23.2 10.5151 11.613
23.6 10.4497 11.3825
24 10.3603 11.1444
24.4 10.2496 10.9011
24.8 10.121 10.6568
25.2 9.97908 10.4175
25.6 9.82879 10.1906
26 9.67562 9.9846
26.4 9.52514 9.80846
26.8 9.38264 9.67101
27.2 9.25281 9.5803
27.6 9.13941 9.54288
28 9.04497 9.56324
28.4 8.9706 9.64333
28.8 8.91596 9.78223
29.2 8.87923 9.97603
29.6 8.8573 10.2179
30 8.84607 10.4982
30.4 8.84074 10.8054
30.8 8.83628 11.126
31.2 8.82783 11.4456
31.6 8.81113 11.7499
32 8.78286 12.0248
32.4 8.74091 12.2577
32.8 8.68447 12.4378
33.2 8.61409 12.5567
33.6 8.53148 12.6086
34 8.43933 12.5906
34.4 8.34093 12.5026
34.8 8.2398 12.3471
35.2 8.1393 12.1291
35.6 8.04224 11.8557
36 7.95067 11.5356
36.4 7.86562 11.1786
36.8 7.78712 10.7958
37.2 7.71426 10.3983
37.6 7.64542 9.99747
38 7.57857 9.60473
38.4 7.51162 9.23091
38.8 7.44284 8.88631
39.2 7.3712 8.58038
39.6 7.29661 8.32155
40 7.22014 8.11702
40.4 7.14397 7.97247
40.8 7.07131 7.89186
41.2 7.00607 7.87715
41.6 6.9525 7.92808
42 6.91465 8.04201
42.4 6.89594 8.21377
42.8 6.8986 8.43575
43.2 6.92329 8.69794
43.6 6.96884 8.98831
44 7.03212 9.29319
44.4 7.10813 9.59786
44.8 7.19032 9.88723
45.2 7.27097 10.1466
45.6 7.34189 10.3624
46 7.395 10.523
46.4 7.42314 10.6193
46.8 7.4207 10.6452
47.2 7.38421 10.598
47.6 7.31276 10.4786
48 7.20819 10.291
48.4 7.0751 10.0425
48.8 6.92059 9.74264
49.2 6.75378 9.40306
49.6 6.58519 9.03636
50 6.42595 8.6555
50.4 6.28698 8.27306
50.8 6.17815 7.90057
51.2 6.10754 7.54799
51.6 6.0808 7.22344
52 6.10074 6.93296
52.4 6.16712 6.68056
52.8 6.27665 6.46841
53.2 6.4232 6.29704
53.6 6.59829 6.16572
54 6.79165 6.07282
54.4 6.99192 6.01609
54.8 7.18743 5.993
55.2 7.36689 6.00083
55.6 7.52014 6.0368
56 7.63866 6.09806
56.4 7.71606 6.18157
56.8 7.74831 6.28401
57.2 7.73382 6.40164
57.6 7.67346 6.53022
58 7.57026 6.66496
58.4 7.42916 6.80061
58.8 7.2566 6.93161
59.2 7.06004 7.05237
59.6 6.84757 7.1576
60 6.62747 7.24267
60.4 6.40779 7.30404
60.8 6.1961 7.33953
61.2 5.9992 7.34862
61.6 5.823 7.3325
62 5.67238 7.29406
62.4 5.55119 7.23768
62.8 5.46224 7.16886
63.2 5.40734 7.09372
63.6 5.38736 7.01843
64 5.4023 6.94864
64.4 5.45131 6.88891
64.8 5.53275 6.84223
65.2 5.64423 6.80974
65.6 5.78262 6.79057
66 5.94404 6.78192
66.4 6.12396 6.77935
66.8 6.31713 6.77723
67.2 6.51772 6.7693
67.6 6.71939 6.74936
68 6.91539 6.7119
68.4 7.09874 6.65274
68.8 7.26243 6.56947
69.2 7.39966 6.46177
69.6 7.50406 6.33149
70 7.57001 6.18248
70.4 7.59288 6.02031
70.8 7.56928 5.85171
71.2 7.49729 5.68397
71.6 7.37662 5.52422
72 7.20871 5.37878
72.4 6.99681 5.2526
72.8 6.74583 5.14879
73.2 6.4623 5.06839
73.6 6.15405 5.01033
74 5.82996 4.97164
74.4 5.49956 4.94775
74.8 5.17256 4.93308
75.2 4.85847 4.9216
75.6 4.56607 4.90745
76 4.303 4.88557
76.4 4.07535 4.85215
76.8 3.88739 4.80496
77.2 3.74128 4.74354
77.6 3.63704 4.66912
78 3.57249 4.5844
78.4 3.54346 4.49321
78.8 3.54397 4.4
79.2 3.56665 4.30934
79.6 3.60313 4.22539
80 3.64458 4.15145
80.4 3.68216 4.08965
80.8 3.70761 4.04075
81.2 3.71364 4.00415
81.6 3.6944 3.97798
82 3.64575 3.95945
82.4 3.56546 3.94519
82.8 3.45331 3.93171
83.2 3.31099 3.91586
83.6 3.14201 3.89516
84 2.95137 3.86818
84.4 2.74525 3.83468
84.8 2.53057 3.79562
85.2 2.31456 3.75304
85.6 2.10432 3.70984
86 1.90642 3.6694
86.4 1.7265 3.63519
86.8 1.56901 3.61028
87.2 1.437 3.59705
87.6 1.33201 3.59679
88 1.25405 3.60953
88.4 1.20171 3.634
88.8 1.1723 3.66767
89.2 1.16209 3.707
89.6 1.1666 3.74773
90 1.18092 3.78529
90.4 1.20003 3.81524
90.8 1.21908 3.83372
91.2 1.23373 3.83776
91.6 1.24032 3.82563
92 1.23608 3.79699
92.4 1.21924 3.75292
92.8 1.18905 3.69585
93.2 1.14577 3.62935
93.6 1.09062 3.55779
94 1.02556 3.48602
94.4 0.953192 3.41893
94.8 0.87652 3.36107
95.2 0.798738 3.31629
95.6 0.723021 3.28744
96 0.652327 3.27618
96.4 0.58923 3.28292
96.8 0.53579 3.30678
97.2 0.493463 3.3457
97.6 0.463066 3.39666
98 0.444784 3.45591
98.4 0.438217 3.51921
98.8 0.442473 3.5822
99.2 0.456277 3.64061
99.6 0.478107 3.69057
100 0.506325 3.72879
100.4 0.539309 3.75272
100.8 0.575569 3.76071
101.2 0.613823 3.75198
101.6 0.653065 3.72668
102 0.692573 3.68586
102.4 0.731903 3.63134
102.8 0.770839 3.56566
103.2 0.809327 3.49191
103.6 0.847387 3.41359
104 0.885028 3.33449
104.4 0.922159 3.25847
104.8 0.958529 3.18929
105.2 0.993679 3.13046
105.6 1.02694 3.08504
106 1.05743 3.05551
106.4 1.08417 3.04357
106.8 1.10611 3.05009
107.2 1.12225 3.07499
107.6 1.13178 3.11724
108 1.1342 3.17485
108.4 1.12938 3.24499
108.8 1.11768 3.32409
109.2 1.09995 3.40803
109.6 1.07757 3.49241
110 1.05233 3.57272
110.4 1.02639 3.64467
110.8 1.00209 3.70441
111.2 0.981829 3.74876
111.6 0.96782 3.77538
112 0.961944 3.78289
112.4 0.965568 3.77095
112.8 0.979409 3.74022
113.2 1.00345 3.69231
113.6 1.03691 3.62961
114 1.07829 3.55517
114.4 1.12544 3.47247
114.8 1.17577 3.38519
115.2 1.22639 3.29707
115.6 1.27437 3.2117
116 1.31698 3.13237
116.4 1.35191 3.062
116.8 1.37745 3.00304
117.2 1.39265 2.95746
117.6 1.3974 2.92674
118 1.39243 2.91186
118.4 1.37924 2.91335
118.8 1.35999 2.9313
119.2 1.33728 2.96533
119.6 1.31395 3.01463
120 1.29283 3.0779
120.4 1.27644 3.15338
120.8 1.26686 3.23883
121.2 1.26544 3.3315
121.6 1.27278 3.42824
122 1.2886 3.52554
122.4 1.31179 3.61967
122.8 1.34052 3.70685
123.2 1.37233 3.78345
123.6 1.40436 3.84622
124 1.43361 3.89252
124.4 1.45708 3.92056
124.8 1.47206 3.92953
125.2 1.47632 3.91973
125.6 1.4682 3.8926
126 1.44677 3.85063
126.4 1.41182 3.79724
126.8 1.36386 3.73651
127.2 1.30403 3.67287
127.6 1.23402 3.61073
128 1.1559 3.55414
128.4 1.07199 3.50642
128.8 0.984706 3.46988
129.2 0.896421 3.4456
129.6 0.809373 3.43333
130 0.725579 3.43152
130.4 0.646794 3.43744
130.8 0.574501 3.44741
131.2 0.509921 3.45715
131.6 0.454045 3.46209
132 0.407677 3.45782
132.4 0.371465 3.4404
132.8 0.345937 3.40669
133.2 0.331507 3.35454
133.6 0.328469 3.28291
134 0.336973 3.19189
134.4 0.356974 3.08256
134.8 0.388178 2.95684
135.2 0.429981 2.81722
135.6 0.481406 2.6665
136 0.541068 2.50754
136.4 0.607146 2.34305
136.8 0.67739 2.17543
137.2 0.749166 2.00675
137.6 0.819526 1.83875
138 0.885316 1.673
138.4 0.943311 1.51106
138.8 0.990373 1.35469
139.2 1.02361 1.20611
139.6 1.04056 1.06811
140 1.03932 0.944181
140.4 1.01869 0.838495
140.8 0.978317 0.755788
141.2 0.918682 0.701098
141.6 0.841182 0.679423
142 0.748079 0.695277
142.4 0.642432 0.752219
142.8 0.52798 0.852383
143.2 0.408991 0.99607
143.6 0.290083 1.18144
144 0.176022 1.40434
144.4 0.0715172 1.65833
144.8 -0.0189831 1.93486
145.2 -0.0914801 2.22367
145.6 -0.142588 2.51329
146 -0.169667 2.7917
146.4 -0.170913 3.04704
146.8 -0.145409 3.26835
147.2 -0.0931349 3.44622
147.6 -0.0149287 3.57338
148 0.087579 3.6451
148.4 0.212066 3.65941
148.8 0.355637 3.61716
149.2 0.514958 3.52183
149.6 0.686387 3.37914
150 0.866101 3.19664
150.4 1.05022 2.98303
150.8 1.23487 2.74757
151.2 1.41632 2.49946
151.6 1.59098 2.24724
152 1.75545 1.99834
152.4 1.90656 1.75879
152.8 2.04139 1.53299
153.2 2.15727 1.32374
153.6 2.25181 1.13236
154 2.32293 0.958894
154.4 2.36891 0.802438
154.8 2.38845 0.661506
155.2 2.38073 0.534372
155.6 2.34551 0.419383
156 2.28314 0.31521
156.4 2.19469 0.221002
156.8 2.08191 0.136458
157.2 1.9473 0.0617841
157.6 1.79399 -0.00240721
158 1.62575 -0.0552765
158.4 1.44678 -0.0959607
158.8 1.26163 -0.123785
159.2 1.07493 -0.138454
159.6 0.891239 -0.140194
160 0.714825 -0.129841
160.4 0.549448 -0.108848
160.8 0.398203 -0.0792328
161.2 0.263398 -0.0434502
161.6 0.146468 -0.00422528
162 0.0479732 0.0356483
162.4 -0.0323678 0.0735167
162.8 -0.095572 0.107059
163.2 -0.14325 0.134447
163.6 -0.177428 0.154456
164 -0.200354 0.166513
164.4 -0.214308 0.170685
164.8 -0.22143 0.167612
165.2 -0.223575 0.158382
165.6 -0.22222 0.144375
166 -0.218417 0.127095
166.4 -0.212796 0.107995
166.8 -0.205612 0.0883217
167.2 -0.196837 0.0690006
167.6 -0.186266 0.0505604
168 -0.173641 0.033112
168.4 -0.158764 0.0163784
168.8 -0.141599 -0.000227899
169.2 -0.122331 -0.0174895
169.6 -0.101401 -0.0362459
170 -0.0794886 -0.0572459
170.4 -0.0574673 -0.081009
170.8 -0.0363176 -0.107711
171.2 -0.0170239 -0.137103
171.6 -0.000459995 -0.168482
172 0.0127221 -0.200703
172.4 0.022186 -0.232251
172.8 0.0279778 -0.261341
173.2 0.0305561 -0.286068
173.6 0.0307829 -0.304563
174 0.0298735 -0.315161
174.4 0.0293101 -0.316551
174.8 0.0307274 -0.3079
175.2 0.0357784 -0.288936
175.6 0.0459954 -0.259988
176 0.0626558 -0.221959
176.4 0.0866656 -0.176264
176.8 0.118471 -0.124708
177.2 0.158004 -0.0693406
177.6 0.204667 -0.0122803
178 0.257355 0.0444565
178.4 0.314519 0.0991199
178.8 0.374253 0.15036
179.2 0.434412 0.19732
179.6 0.492741 0.239682
180 0.547006 0.277654
180.4 0.595127 0.311916
180.8 0.635293 0.343511
181.2 0.666056 0.373715
181.6 0.686404 0.403881
182 0.695801 0.435285
182.4 0.694202 0.468992
182.8 0.682031 0.505745
183.2 0.660142 0.5459
183.6 0.629752 0.589407
184 0.59236 0.635835
184.4 0.549651 0.684451
184.8 0.5034 0.73432
185.2 0.455372 0.784435
185.6 0.407235 0.833846
186 0.360484 0.881784
186.4 0.316376 0.927749
186.8 0.275894 0.97157
187.2 0.239725 1.01341
187.6 0.208268 1.05374
188 0.181654 1.09323
188.4 0.159787 1.13268
188.8 0.142398 1.17284
189.2 0.129109 1.2143
189.6 0.119489 1.25735
190 0.11312 1.30189
190.4 0.109639 1.34738
190.8 0.108771 1.39282
191.2 0.110343 1.43682
191.6 0.114279 1.4777
192 0.120573 1.51361
192.4 0.129249 1.54272
192.8 0.140309 1.56338
193.2 0.153673 1.57433
193.6 0.169124 1.57478
194 0.186263 1.5646
194.4 0.204474 1.54429
194.8 0.22292 1.51502
195.2 0.240555 1.47858
195.6 0.256166 1.43722
196 0.26844 1.39357
196.4 0.276044 1.35042
196.8 0.277732 1.31055
197.2 0.272443 1.27657
197.6 0.259406 1.25079
198 0.238229 1.23508
198.4 0.208968 1.23082
198.8 0.172171 1.23888
199.2 0.12889 1.25959
199.6 0.080659 1.29283
200 0.0294426 1.33801
200.4 -0.0224452 1.39422
200.8 -0.0724453 1.46019
201.2 -0.117875 1.53438
201.6 -0.156055 1.615
202 -0.184442 1.70002
202.4 -0.20075 1.78712
202.8 -0.20306 1.87372
203.2 -0.189911 1.95699
203.6 -0.160376 2.03381
204 -0.114104 2.10087
204.4 -0.0513482 2.15475
204.8 0.027032 2.19204
205.2 0.119591 2.20952
205.6 0.224335 2.20436
206 0.338779 2.17437
206.4 0.460022 2.11819
206.8 0.584837 2.03551
207.2 0.709768 1.92724
207.6 0.831257 1.79554
208 0.945758 1.64391
208.4 1.04988 1.47701
208.8 1.14052 1.30055
209.2 1.215 1.12099
209.6 1.27118 0.94517
210 1.30759 0.779979
210.4 1.32352 0.631893
210.8 1.31906 0.506597
211.2 1.29511 0.40863
211.6 1.2534 0.3411
212 1.19642 0.305499
212.4 1.12728 0.301626
212.8 1.04959 0.32763
213.2 0.967311 0.380156
213.6 0.884512 0.454597
214 0.80519 0.545413
214.4 0.733061 0.646505
214.8 0.671369 0.751601
215.2 0.622728 0.854633
215.6 0.588995 0.950068
216 0.571197 1.03318
216.4 0.5695 1.10024
216.8 0.583237 1.14862
217.2 0.610971 1.17683
217.6 0.650612 1.18444
218 0.699553 1.17197
218.4 0.754832 1.14074
218.8 0.813303 1.09267
219.2 0.871803 1.03011
219.6 0.927302 0.955632
220 0.977037 0.871931
220.4 1.01862 0.781665
220.8 1.0501 0.687398
221.2 1.07004 0.591548
221.6 1.07749 0.496368
222 1.07202 0.403947
222.4 1.05365 0.316206
222.8 1.02286 0.234909
223.2 0.980496 0.161647
223.6 0.927748 0.097815
224 0.866067 0.0445717
224.4 0.797121 0.00278843
224.8 0.722739 -0.0270111
225.2 0.644854 -0.0447067
225.6 0.565449 -0.0506259
226 0.486505 -0.0455674
226.4 0.409938 -0.0307954
226.8 0.337543 -0.0080008
227.2 0.270938 0.0207709
227.6 0.211501 0.0532238
228 0.160323 0.0869396
228.4 0.11816 0.11952
228.8 0.0854004 0.148734
229.2 0.0620461 0.172651
229.6 0.0477146 0.189757
230 0.041658 0.199041
230.4 0.0428028 0.200036
230.8 0.0498094 0.192823
231.2 0.0611468 0.177995
231.6 0.0751787 0.156586
232 0.0902558 0.129963
232.4 0.104808 0.0997094
232.8 0.11743 0.0674953
233.2 0.126954 0.0349545
233.6 0.132508 0.00357518
234 0.133549 -0.0253876
234.4 0.129877 -0.0509699
234.8 0.121625 -0.072528
235.2 0.109229 -0.0897368
235.6 0.0933811 -0.102564
236 0.0749641 -0.111221
236.4 0.0549847 -0.116105
236.8 0.0344994 -0.117735
237.2 0.0145442 -0.116683
237.6 -0.00392894 -0.113523
238 -0.0201049 -0.108783
238.4 -0.0333445 -0.102919
238.8 -0.043209 -0.0962982
239.2 -0.04947 -0.0891975
239.6 -0.0521048 -0.0818148
240 -0.0512799 -0.0742849
240.4 -0.0473251 -0.0667001
240.8 -0.0407003 -0.0591298
241.2 -0.0319586 -0.0516373
241.6 -0.0217088 -0.0442911
242 -0.0105778 -0.0371697
242.4 0.000822082 -0.0303609
242.8 0.0119224 -0.0239558
243.2 0.0222215 -0.0180403
243.6 0.0313025 -0.0126851
244 0.0388436 -0.00793681
244.4 0.0446247 -0.00381243
244.8 0.0485276 -0.000296629
245.2 0.0505321 0.00265602
245.6 0.0507088 0.00511533
246 0.0492081 0.00716673
246.4 0.0462482 0.00890106
246.8 0.0420995 0.0104042
247.2 0.0370702 0.011748
247.6 0.0314895 0.0129846
248 0.0256922 0.0141428
248.4 0.0200029 0.0152293
248.8 0.0147219 0.0162323
249.2 0.0101122 0.0171282
249.6 0.00638922 0.017889
250 0.00371247 0.0184906
250.4 0.00217996 0.0189192
250.8 0.00182606 0.0191761
251.2 0.00262224 0.01928
251.6 0.00448105 0.0192659
252 0.00726297 0.0191819
252.4 0.0107859 0.019084
252.8 0.0148367 0.0190294
253.2 0.0191843 0.0190706
253.6 0.023593 0.0192496
254 0.0278368 0.019594
254.4 0.0317117 0.0201161
254.8 0.0350467 0.0208132
255.2 0.037713 0.0216709
255.6 0.0396293 0.0226673
256 0.0407649 0.0237788
256.4 0.0411379 0.024985
256.8 0.0408114 0.0262735
257.2 0.0398859 0.027642
257.6 0.038489 0.0290995
258 0.0367636 0.0306649
258.4 0.0348553 0.0323635
258.8 0.0328996 0.0342224
259.2 0.0310107 0.0362654
259.6 0.0292722 0.0385072
260 0.0277303 0.0409499
260.4 0.0263916 0.04358
260.8 0.0252237 0.0463682
261.2 0.0241597 0.0492706
261.6 0.0231065 0.0522329
262 0.0219552 0.0551954
262.4 0.0205935 0.0580989
262.8 0.0189185 0.0608908
263.2 0.0168487 0.0635306
263.6 0.0143344 0.0659931
264 0.011365 0.0682698
264.4 0.00797337 0.0703686
264.8 0.0042352 0.0723099
265.2 0.000265262 0.0741218
265.6 -0.00379034 0.0758334
266 -0.00776482 0.0774681
266.4 -0.0114832 0.0790364
266.8 -0.0147758 0.0805309
267.2 -0.0174906 0.0819226
267.6 -0.0195051 0.0831601
268 -0.020734 0.084171
268.4 -0.0211354 0.0848668
268.8 -0.0207116 0.0851491
269.2 -0.0195073 0.0849181
269.6 -0.0176042 0.0840819
270 -0.0151129 0.0825654
270.4 -0.0121635 0.0803187
270.8 -0.00889508 0.0773237
271.2 -0.00544606 0.0735982
271.6 -0.00194537 0.0691974
272 0.00149398 0.0642126
272.4 0.00477906 0.0587673
272.8 0.00783864 0.0530106
273.2 0.0106223 0.0471091
273.6 0.0130979 0.0412373
274 0.0152475 0.0355676
274.4 0.0170626 0.030261
274.8 0.0185405 0.0254577
275.2 0.0196805 0.0212702
275.6 0.0204818 0.0177773
276 0.0209435 0.0150207
276.4 0.0210657 0.0130035
276.8 0.0208518 0.0116911
277.2 0.0203123 0.0110135
277.6 0.0194684 0.0108704
278 0.0183553 0.0111365
278.4 0.0170244 0.0116691
278.8 0.0155442 0.0123155
279.2 0.0139991 0.0129214
279.6 0.0124859 0.013339
280 0.0111093 0.0134347
280.4 0.00997502 0.0130965
280.8 0.00918253 0.0122396
281.2 0.00881743 0.0108115
281.6 0.00894439 0.00879485
282 0.00960141 0.00620866
282.4 0.0107958 0.00310801
282.8 0.0125028 -0.000418515
283.2 0.0146659 -0.00425309
283.6 0.0172006 -0.00825451
284 0.0199993 -0.0122654
284.4 0.0229389 -0.0161207
284.8 0.0258881 -0.0196557
285.2 0.0287166 -0.0227158
285.6 0.0313022 -0.0251642
286 0.0335386 -0.0268896
286.4 0.0353404 -0.0278121
286.8 0.0366471 -0.0278878
287.2 0.0374245 -0.0271109
287.6 0.0376649 -0.0255143
288 0.0373852 -0.0231674
288.4 0.0366234 -0.0201726
288.8 0.0354352 -0.0166598
289.2 0.0338893 -0.0127791
289.6 0.032063 -0.00869347
290 0.0300382 -0.00456988
290.4 0.0278984 -0.000571253
290.8 0.0257255 0.00315156
291.2 0.0235983 0.00646678
291.6 0.021591 0.00926748
292 0.0197726 0.0114757
292.4 0.0182058 0.0130453
292.8 0.0169465 0.0139622
293.2 0.016043 0.0142438
293.6 0.0155344 0.0139365
294 0.0154492 0.0131116
294.4 0.0158031 0.0118601
294.8 0.0165976 0.0102874
295.2 0.0178175 0.00850708
295.6 0.01943 0.00663447
296 0.0213842 0.00478104
296.4 0.0236114 0.00304901
296.8 0.0260267 0.00152691
297.2 0.0285326 0.000285982
297.6 0.0310223 -0.000622221
298 0.033386 -0.00116727
298.4 0.0355161 -0.00134019
298.8 0.0373137 -0.00115288
299.2 0.0386949 -0.000636597
299.6 0.0395958 0.000160118
300 0.039977 0.00117421
300.4 0.0398259 0.00233123
300.8 0.0391576 0.00354877
301.2 0.0380134 0.00474007
301.6 0.0364577 0.00581774
302 0.0345733 0.0066975
302.4 0.0324546 0.0073018
302.8 0.0302009 0.00756329
303.2 0.0279087 0.00742811
303.6 0.025665 0.00685863
304 0.0235411 0.00583587
304.4 0.0215879 0.00436113
304.8 0.0198334 0.00245686
305.2 0.0182818 0.000166611
305.6 0.0169152 -0.00244606
306 0.0156963 -0.00529976
306.4 0.0145737 -0.0082985
306.8 0.0134878 -0.0113359
307.2 0.0123772 -0.0143
307.6 0.0111847 -0.0170794
308 0.00986387 -0.0195681
308.4 0.0083829 -0.0216719
308.8 0.00672806 -0.023313
309.2 0.00490492 -0.0244345
309.6 0.00293785 -0.0250032
310 0.000867952 -0.0250113
310.4 -0.00125053 -0.024476
310.8 -0.00335469 -0.0234384
311.2 -0.00537807 -0.0219601
311.6 -0.00725563 -0.0201188
312 -0.00892842 -0.0180034
312.4 -0.0103473 -0.015708
312.8 -0.0114757 -0.0133262
313.2 -0.0122907 -0.0109458
313.6 -0.0127834 -0.00864421
314 -0.0129574 -0.00648488
314.4 -0.0128274 -0.00451508
314.8 -0.012416 -0.0027651
315.2 -0.0117511 -0.00124884
315.6 -0.0108632 3.45203e-05
316 -0.00978308 0.00109779
316.4 -0.00853989 0.00196241
316.8 -0.00716046 0.00265485
317.2 -0.00566895 0.00320301
317.6 -0.00408743 0.00363302
318 -0.00243679 0.00396665
318.4 -0.000737983 0.00421957
318.8 0.000986766 0.00440045
319.2 0.00271301 0.00451099
319.6 0.0044136 0.00454671
320 0.00605877 0.00449841
320.4 0.00761688 0.00435405
320.8 0.0090557 0.00410085
321.2 0.0103442 0.00372739
321.6 0.0114546 0.00322544
322 0.0123641 0.00259146
322.4 0.013057 0.00182754
322.8 0.013526 0.000941829
323.2 0.0137725 -5.16807e-05
323.6 0.0138069 -0.00113386
324 0.0136477 -0.00228162
324.4 0.01332 -0.00346942
324.8 0.0128536 -0.004671
325.2 0.0122808 -0.00586112
325.6 0.0116336 -0.00701728
326 0.0109422 -0.00812119
326.4 0.0102324 -0.00915991
326.8 0.00952495 -0.0101266
327.2 0.00883427 -0.0110209
327.6 0.00816885 -0.0118484
328 0.00753159 -0.0126203
328.4 0.00692084 -0.013352
328.8 0.00633172 -0.0140617
329.2 0.00575757 -0.0147686
329.6 0.00519134 -0.015491
330 0.00462677 -0.0162442
330.4 0.00405924 -0.0170391
330.8 0.0034862 -0.0178807
331.2 0.00290727 -0.0187668
331.6 0.00232398 -0.0196883
332 0.00173922 -0.0206288
332.4 0.0011567 -0.0215663
332.8 0.000580275 -0.0224737
333.2 1.3503e-05 -0.0233218
333.6 -0.00054062 -0.0240809
334 -0.00107968 -0.024724
334.4 -0.0016016 -0.0252283
334.8 -0.00210423 -0.0255782
335.2 -0.00258482 -0.0257662
335.6 -0.00303949 -0.0257938
336 -0.0034629 -0.0256719
336.4 -0.00384806 -0.0254193
336.8 -0.00418653 -0.0250615
337.2 -0.00446892 -0.0246282
337.6 -0.00468569 -0.0241499
338 -0.00482824 -0.0236556
338.4 -0.00489006 -0.0231692
338.8 -0.00486786 -0.0227069
339.2 -0.00476254 -0.0222754
339.6 -0.0045798 -0.0218706
340 -0.00433026 -0.0214774
340.4 -0.00402914 -0.0210712
340.8 -0.00369528 -0.0206195
341.2 -0.00334977 -0.0200851
341.6 -0.00301422 -0.0194294
342 -0.00270879 -0.0186169
342.4 -0.00245024 -0.0176184
342.8 -0.00225026 -0.0164152
343.2 -0.00211415 -0.0150013
343.6 -0.00204015 -0.0133857
344 -0.00201943 -0.0115925
344.4 -0.00203681 -0.00966091
344.8 -0.00207215 -0.00764264
345.2 -0.0021023 -0.00559939
345.6 -0.00210345 -0.00359883
346 -0.0020536 -0.00171019
346.4 -0.00193488 2.30696e-07
346.8 -0.00173562 0.00147349
347.2 -0.00145177 0.00266178
347.6 -0.00108765 0.00353138
348 -0.000655893 0.00406453
348.4 -0.000176577 0.0042601
348.8 0.000324346 0.00413302
349.2 0.000817181 0.00371259
349.6 0.00127097 0.00303983
350 0.00165606 0.00216418
350.4 0.00194655 0.00113973
350.8 0.00212224 2.1489e-05
351.2 0.00217017 -0.00113816
351.6 0.00208524 -0.00229244
352 0.00187023 -0.00340246
352.4 0.00153503 -0.00443854
352.8 0.00109521 -0.00538075
353.2 0.000570173 -0.00621844
353.6 -1.88506e-05 -0.00694912
354 -0.000650935 -0.00757679
354.4 -0.00130725 -0.00810983
354.8 -0.00197247 -0.00855895
355.2 -0.00263557 -0.00893519
355.6 -0.00328995 -0.00924826
356 -0.00393298 -0.00950543
356.4 -0.00456489 -0.00971096
356.8 -0.00518723 -0.00986611
357.2 -0.00580116 -0.00996972
357.6 -0.00640565 -0.0100192
358 -0.00699596 -0.0100115
358.4 -0.00756252 -0.00994501
358.8 -0.00809039 -0.00982006
359.2 -0.00855947 -0.00964028
359.6 -0.00894534 -0.00941296
360 -0.00922084 -0.00914911
360.4 -0.00935819 -0.00886295
360.8 -0.00933143 -0.00857103
361.2 -0.00911899 -0.00829089
361.6 -0.00870617 -0.00803962
362 -0.00808725 -0.00783224
362.4 -0.00726696 -0.00768034
362.8 -0.00626123 -0.00759093
363.2 -0.00509712 -0.00756573
363.6 -0.00381181 -0.00760102
364 -0.00245079 -0.00768799
364.4 -0.0010654 -0.00781359
364.8 0.000290262 -0.00796188
365.2 0.00156257 -0.00811554
365.6 0.00270171 -0.00825768
366 0.00366477 -0.00837342
366.4 0.00441834 -0.00845138
366.8 0.0049405 -0.00848472
367.2 0.00522196 -0.00847167
367.6 0.00526641 -0.00841561
368 0.00508992 -0.00832447
368.4 0.00471959 -0.00820979
368.8 0.00419153 -0.00808524
369.2 0.00354828 -0.00796506
369.6 0.00283595 -0.00786232
370 0.00210121 -0.00778733
370.4 0.00138845 -0.00774634
370.8 0.000737154 -0.00774063
371.2 0.00017977 -0.00776604
371.6 -0.000259898 -0.00781309
372 -0.000567628 -0.00786759
372.4 -0.000739078 -0.00791171
372.8 -0.000779424 -0.00792536
373.2 -0.000702424 -0.00788787
373.6 -0.000528976 -0.00777964
374 -0.000285296 -0.0075838
374.4 -8.4306e-07 -0.00728767
374.8 0.000293866 -0.00688383
375.2 0.000569418 -0.00637089
375.6 0.00079951 -0.00575385
376 0.000962683 -0.00504396
376.4 0.00104368 -0.00425832
376.8 0.00103435 -0.00341901
377.2 0.00093408 -0.00255213
377.6 0.000749701 -0.00168652
378 0.000494863 -0.000852491
378.4 0.000188988 -8.04372e-05
378.8 -0.000144201 0.000600426
379.2 -0.000478436 0.00116332
379.6 -0.000786851 0.00158501
380 -0.00104396 0.00184682
380.4 -0.00122757 0.00193548
380.8 -0.00132042 0.00184383
381.2 -0.00131153 0.00157134
381.6 -0.00119697 0.00112445
382 -0.000980259 0.00051671
382.4 -0.000672004 -0.000231381
382.8 -0.000289129 -0.00109274
383.2 0.000146488 -0.00203443
383.6 0.000609754 -0.00301861
384 0.00107438 -0.00400387
384.4 0.00151502 -0.00494684
384.8 0.00190927 -0.00580392
385.2 0.00223952 -0.00653327
385.6 0.00249431 -0.00709681
386 0.00266914 -0.0074621
386.4 0.0027667 -0.00760416
386.8 0.00279638 -0.00750685
387.2 0.00277318 -0.0071639
387.6 0.00271602 -0.00657944
388 0.00264577 -0.00576797
388.4 0.00258288 -0.00475374
388.8 0.00254515 -0.00356959
389.2 0.00254566 -0.00225532
389.6 0.00259105 -0.000855616
390 0.00268051 0.000582202
390.4 0.00280537 0.00201063
390.8 0.00294948 0.00338434
391.2 0.0030904 0.00466235
391.6 0.00320123 0.00580991
392 0.0032529 0.00679986
392.4 0.00321693 0.00761361
392.8 0.00306817 0.00824143
393.2 0.00278742 0.00868229
393.6 0.00236366 0.0089432
394 0.00179567 0.00903807
394.4 0.0010929 0.00898627
394.8 0.000275395 0.00881104
395.2 -0.000627014 0.00853775
395.6 -0.00157649 0.00819226
396 -0.00252955 0.00779942
396.4 -0.00344003 0.00738181
396.8 -0.00426222 0.00695886
397.2 -0.00495405 0.00654619
397.6 -0.00548007 0.00615544
398 -0.00581387 0.00579435
398.4 -0.0059399 0.00546713
398.8 -0.00585439 0.00517507
399.2 -0.00556553 0.00491729
399.6 -0.00509265 0.00469151
400 -0.00446472 0.00449488
