-0.998 0.955532 -2.42283
-0.996 3.05985 -1.77167
-0.994 5.06481 -1.02965
-0.992 6.67225 -0.115136
-0.99 7.60728 0.99163
-0.988 7.66974 2.22247
-0.986 6.77753 3.41412
-0.984 4.99199 4.32418
-0.982 2.5188 4.66947
-0.98 -0.317763 4.18111
-0.978 -3.12358 2.66605
-0.976 -5.49852 0.0627316
-0.974 -7.10405 -3.52178
-0.972 -7.72278 -7.8025
-0.97 -7.29901 -12.3398
-0.968 -5.9529 -16.5938
-0.966 -3.96462 -20.0014
-0.964 -1.73043 -22.0651
-0.962 0.303282 -22.4371
-0.96 1.71706 -20.9844
-0.958 2.19351 -17.8222
-0.956 1.57661 -13.3081
-0.954 -0.096516 -7.99777
-0.952 -2.59828 -2.56493
-0.95 -5.54828 2.29864
-0.948 -8.47952 5.9895
-0.946 -10.9206 8.08632
-0.944 -12.4784 8.41522
-0.942 -12.905 7.07514
-0.94 -12.1364 4.41821
-0.938 -10.2975 0.988051
-0.936 -7.67197 -2.57339
-0.934 -4.64532 -5.6345
-0.932 -1.63255 -7.67898
-0.93 0.995218 -8.38912
-0.928 2.97148 -7.69319
-0.926 4.17168 -5.76972
-0.924 4.62098 -3.00897
-0.922 4.47223 0.0606084
-0.92 3.95921 2.86773
-0.918 3.33515 4.89859
-0.916 2.80954 5.78504
-0.914 2.49704 5.36561
-0.912 2.39028 3.70904
-0.91 2.36378 1.09641
-0.908 2.20927 -2.03434
-0.906 1.69536 -5.17128
-0.904 0.637874 -7.82259
-0.902 -1.03622 -9.60428
-0.9 -3.24794 -10.3049
-0.898 -5.7601 -9.91601
-0.896 -8.20955 -8.62304
-0.894 -10.1724 -6.76158
-0.892 -11.2496 -4.7473
-0.89 -11.1545 -2.99474
-0.888 -9.78466 -1.8397
-0.886 -7.26219 -1.47904
-0.884 -3.93262 -1.93779
-0.882 -0.320393 -3.06852
-0.88 2.95342 -4.58272
-0.878 5.27834 -6.10862
-0.876 6.16818 -7.26516
-0.874 5.36045 -7.73887
-0.872 2.88114 -7.34905
-0.87 -0.940154 -6.0885
-0.868 -5.51138 -4.13105
-0.866 -10.0712 -1.80367
-0.864 -13.8194 0.472125
-0.862 -16.06 2.2585
-0.86 -16.3315 3.18419
-0.858 -14.4972 3.01624
-0.856 -10.7778 1.70727
-0.854 -5.72035 -0.59022
-0.852 -0.106727 -3.54482
-0.85 5.17975 -6.69872
-0.848 9.3066 -9.54269
-0.846 11.635 -11.6008
-0.844 11.8275 -12.5109
-0.842 9.90239 -12.0863
-0.84 6.22466 -10.3502
-0.838 1.43724 -7.53426
-0.836 -3.6547 -4.0437
-0.834 -8.22429 -0.39406
-0.832 -11.5627 2.87028
-0.83 -13.1932 5.26203
-0.828 -12.9387 6.42743
-0.826 -10.9335 6.20086
-0.824 -7.57786 4.62869
-0.822 -3.44705 1.95862
-0.82 0.825719 -1.40309
-0.818 4.66828 -4.95869
-0.816 7.66665 -8.19807
-0.814 9.62206 -10.6761
-0.812 10.5587 -12.0754
-0.81 10.6837 -12.2452
-0.808 10.3116 -11.2119
-0.806 9.77125 -9.16125
-0.804 9.31869 -6.39784
-0.802 9.07417 -3.28963
-0.8 8.99866 -0.206969
-0.798 8.91368 2.53341
-0.796 8.55917 4.71074
-0.794 7.67486 6.2223
-0.792 6.08552 7.08255
-0.79 3.76905 7.40066
-0.788 0.890539 7.34237
-0.786 -2.20731 7.08503
-0.784 -5.05747 6.77591
-0.782 -7.15596 6.50307
-0.78 -8.06612 6.28441
-0.778 -7.51816 6.07637
-0.776 -5.4825 5.79876
-0.774 -2.19966 5.36909
-0.772 1.84248 4.73758
-0.77 5.98246 3.9147
-0.768 9.49824 2.98433
-0.766 11.7383 2.09882
-0.764 12.2448 1.45565
-0.762 10.8447 1.25914
-0.76 7.68783 1.6741
-0.758 3.22545 2.78021
-0.756 -1.86814 4.5371
-0.754 -6.81531 6.76834
-0.752 -10.8724 9.17008
-0.75 -13.4586 11.3455
-0.748 -14.2508 12.8618
-0.746 -13.2296 13.321
-0.744 -10.6656 12.4342
-0.742 -7.05286 10.0846
-0.74 -3.00304 6.36907
-0.738 0.878353 1.60675
-0.736 4.10675 -3.6872
-0.734 6.4016 -8.86278
-0.732 7.72125 -13.2222
-0.73 8.2435 -16.12
-0.728 8.29836 -17.0608
-0.726 8.26916 -15.7787
-0.724 8.48567 -12.2857
-0.722 9.13374 -6.88199
-0.72 10.2026 -0.126137
-0.718 11.4822 7.23185
-0.716 12.6112 14.3443
-0.714 13.1666 20.3747
-0.712 12.7744 24.607
-0.71 11.2162 26.5389
-0.708 8.50863 25.9478
-0.706 4.93421 22.9174
-0.704 1.01549 17.8245
-0.702 -2.56654 11.2862
-0.7 -5.09531 4.07814
-0.698 -5.96009 -2.96351
-0.696 -4.78823 -9.043
-0.694 -1.54148 -13.4948
-0.692 3.44463 -15.8531
-0.69 9.48884 -15.8955
-0.688 15.6581 -13.6581
-0.686 20.9128 -9.42246
-0.684 24.2792 -3.67903
-0.682 25.0183 2.93002
-0.68 22.7598 9.68105
-0.678 17.5779 15.8455
-0.676 9.99332 20.7646
-0.674 0.901343 23.9151
-0.672 -8.56108 24.961
-0.67 -17.1858 23.7856
-0.668 -23.8717 20.5039
-0.666 -27.7817 15.4525
-0.664 -28.4533 9.15952
-0.662 -25.848 2.2934
-0.66 -20.3365 -4.40417
-0.658 -12.6263 -10.1973
-0.656 -3.64658 -14.4391
-0.654 5.58572 -16.6505
-0.652 14.1 -16.5826
-0.65 21.085 -14.2562
-0.648 25.9668 -9.96713
-0.646 28.4471 -4.25651
-0.644 28.4998 2.1547
-0.642 26.3353 8.45962
-0.64 22.3427 13.8759
-0.638 17.0247 17.7564
-0.636 10.9363 19.683
-0.634 4.63515 19.5274
-0.632 -1.35317 17.4681
-0.63 -6.55927 13.9588
-0.628 -10.5881 9.65388
-0.626 -13.1378 5.30044
-0.624 -14.0212 1.6153
-0.622 -13.19 -0.833066
-0.62 -10.7542 -1.71756
-0.618 -6.98972 -1.00409
-0.616 -2.32746 1.0479
-0.614 2.68163 3.93724
-0.612 7.42372 7.01681
-0.61 11.2971 9.61654
-0.608 13.7954 11.1714
-0.606 14.5859 11.3306
-0.604 13.5706 10.0258
-0.602 10.9151 7.48617
-0.6 7.03686 4.19414
-0.598 2.54837 0.790806
-0.596 -1.83844 -2.05251
-0.594 -5.43336 -3.77138
-0.592 -7.69215 -4.02733
-0.59 -8.3192 -2.78442
-0.588 -7.32645 -0.327193
-0.586 -5.03442 2.78524
-0.584 -2.01296 5.82196
-0.582 1.02817 8.0214
-0.58 3.37819 8.74522
-0.578 4.46708 7.61562
-0.576 3.9827 4.60937
-0.574 1.94056 0.0883621
-0.572 -1.30805 -5.24203
-0.57 -5.13265 -10.443
-0.568 -8.73662 -14.5033
-0.566 -11.3077 -16.5232
-0.564 -12.1801 -15.8881
-0.562 -10.9766 -12.3987
-0.56 -7.70456 -6.33159
-0.558 -2.7814 1.58226
-0.556 3.01665 10.2611
-0.554 8.67859 18.4401
-0.552 13.134 24.8766
-0.55 15.4484 28.5561
-0.548 15.0026 28.8652
-0.546 11.6222 25.7005
-0.544 5.63263 19.4934
-0.542 -2.17217 11.1467
-0.54 -10.6421 1.89252
-0.538 -18.4477 -6.90485
-0.536 -24.2918 -13.9663
-0.534 -27.1201 -18.2989
-0.532 -26.2967 -19.3459
-0.53 -21.7144 -17.0619
-0.528 -13.8214 -11.9026
-0.526 -3.56167 -4.73452
-0.524 7.76227 3.31619
-0.522 18.6792 11.0478
-0.52 27.7619 17.3678
-0.518 33.8297 21.4484
-0.516 36.1111 22.8304
-0.514 34.3453 21.4623
-0.512 28.809 17.6741
-0.51 20.2693 12.0955
-0.508 9.86898 5.53522
-0.506 -1.03551 -1.15302
-0.504 -11.0602 -7.19741
-0.502 -18.9758 -12.0057
-0.5 -23.8596 -15.2216
-0.498 -25.1988 -16.7359
-0.496 -22.9323 -16.657
-0.494 -17.4321 -15.2535
-0.492 -9.43055 -12.885
-0.49 0.0905782 -9.93714
-0.488 10.0333 -6.7718
-0.486 19.3196 -3.69875
-0.484 27.0153 -0.96733
-0.482 32.4275 1.22809
-0.48 35.1659 2.73742
-0.478 35.1636 3.44733
-0.476 32.6573 3.28226
-0.474 28.1298 2.21516
-0.472 22.2251 0.285005
-0.47 15.6472 -2.38517
-0.468 9.05624 -5.57745
-0.466 2.97862 -8.98248
-0.464 -2.25604 -12.2219
-0.462 -6.53983 -14.8902
-0.46 -9.96929 -16.6119
-0.458 -12.7894 -17.1053
-0.456 -15.3099 -16.239
-0.454 -17.8106 -14.0704
-0.452 -20.4546 -10.8532
-0.45 -23.2265 -7.00841
-0.448 -25.9092 -3.06094
-0.446 -28.1044 0.448907
-0.444 -29.2969 3.06388
-0.442 -28.9548 4.49793
-0.44 -26.6494 4.69546
-0.438 -22.1762 3.84779
-0.436 -15.6506 2.36093
-0.434 -7.55661 0.779162
-0.432 1.26893 -0.3223
-0.43 9.72498 -0.455198
-0.428 16.5985 0.676306
-0.426 20.7595 3.10394
-0.424 21.3649 6.57304
-0.422 18.0363 10.5762
-0.42 10.9732 14.439
-0.418 0.980739 17.4436
-0.416 -10.602 18.9674
-0.414 -22.0664 18.6109
-0.412 -31.5712 16.2884
-0.41 -37.4176 12.2633
-0.408 -38.3208 7.11814
-0.406 -33.6334 1.66364
-0.404 -23.4819 -3.19747
-0.402 -8.79023 -6.62832
-0.4 8.81862 -8.00791
-0.398 27.2304 -7.04611
-0.396 44.1267 -3.84225
-0.394 57.3059 1.12379
-0.392 64.9915 7.06693
-0.39 66.0776 13.0255
-0.388 60.2793 18.0204
-0.386 48.1657 21.2164
-0.384 31.0744 22.0575
-0.382 10.9221 20.3523
-0.38 -10.0575 16.2972
-0.378 -29.6099 10.436
-0.376 -45.7444 3.5654
-0.374 -56.9669 -3.3928
-0.372 -62.4291 -9.53087
-0.37 -61.9771 -14.0813
-0.368 -56.1018 -16.5124
-0.366 -45.8095 -16.5813
-0.364 -32.4449 -14.3414
-0.362 -17.5003 -10.1081
-0.36 -2.44308 -4.39361
-0.358 11.418 2.17513
-0.356 23.0207 8.94008
-0.354 31.5949 15.2833
-0.352 36.6739 20.6773
-0.35 38.0853 24.7119
-0.348 35.9285 27.1017
-0.346 30.5467 27.6808
-0.344 22.4946 26.3963
-0.342 12.5048 23.3059
-0.34 1.45059 18.5822
-0.338 -9.69597 12.5215
-0.336 -19.9155 5.54951
-0.334 -28.2066 -1.7866
-0.332 -33.6663 -8.84623
-0.33 -35.585 -14.9477
-0.328 -33.5434 -19.4421
-0.326 -27.4978 -21.7989
-0.324 -17.8327 -21.6898
-0.322 -5.36419 -19.0538
-0.32 8.71403 -14.1293
-0.318 22.9421 -7.44179
-0.316 35.7487 0.253899
-0.314 45.6281 8.07094
-0.312 51.3148 15.1138
-0.31 51.9314 20.6068
-0.308 47.0917 24.0064
-0.306 36.9483 25.0774
-0.304 22.1813 23.9175
-0.302 3.93506 20.9268
-0.3 -16.2903 16.7239
-0.298 -36.7779 12.0258
-0.296 -55.751 7.51159
-0.294 -71.5329 3.69788
-0.292 -82.6964 0.850822
-0.29 -88.1899 -1.04592
-0.288 -87.4313 -2.25935
-0.286 -80.3623 -3.21747
-0.284 -67.462 -4.38129
-0.282 -49.7205 -6.10733
-0.28 -28.5742 -8.53227
-0.278 -5.80685 -11.5075
-0.276 16.582 -14.6004
-0.274 36.5369 -17.1651
-0.272 52.1281 -18.4704
-0.27 61.7424 -17.8609
-0.268 64.2655 -14.9178
-0.266 59.2304 -9.58757
-0.264 46.9088 -2.24908
-0.262 28.3249 6.29822
-0.26 5.18203 14.9285
-0.258 -20.2962 22.3551
-0.256 -45.5935 27.3408
-0.254 -68.1714 28.9187
-0.252 -85.7507 26.5809
-0.25 -96.5663 20.4003
-0.248 -99.5657 11.0579
-0.246 -94.5226 -0.233756
-0.244 -82.0528 -11.9017
-0.242 -63.5286 -22.2509
-0.24 -40.9036 -29.7302
-0.238 -16.4735 -33.1794
-0.236 7.39534 -32.0166
-0.234 28.5282 -26.3311
-0.232 45.1622 -16.869
-0.23 56.0969 -4.91187
-0.228 60.7634 7.92655
-0.226 59.2154 19.9515
-0.224 52.057 29.64
-0.222 40.3302 35.8548
-0.22 25.3856 37.9828
-0.218 8.75325 35.9836
-0.216 -7.97327 30.344
-0.214 -23.238 21.9578
-0.212 -35.6104 11.9552
-0.21 -43.8648 1.51698
-0.208 -47.0576 -8.29674
-0.206 -44.6033 -16.6768
-0.204 -36.3465 -23.1369
-0.202 -22.6234 -27.5216
-0.2 -4.29812 -29.954
-0.198 17.2432 -30.7405
-0.196 40.155 -30.2559
-0.194 62.2643 -28.8382
-0.192 81.2706 -26.7162
-0.19 95.001 -23.9862
-0.188 101.691 -20.6388
-0.186 100.252 -16.6235
-0.184 90.4798 -11.9303
-0.182 73.1562 -6.66279
-0.18 50.024 -1.08162
-0.178 23.6128 4.39474
-0.176 -3.06215 9.2351
-0.174 -26.8917 12.879
-0.172 -45.0963 14.8431
-0.17 -55.6144 14.8283
-0.168 -57.3889 12.8062
-0.166 -50.5058 9.06228
-0.164 -36.1585 4.18494
-0.162 -16.4467 -1.00405
-0.16 5.95622 -5.56745
-0.158 28.2087 -8.59975
-0.156 47.713 -9.37824
-0.154 62.4656 -7.49141
-0.152 71.2908 -2.92217
-0.15 73.9276 3.92956
-0.148 70.9601 12.2901
-0.146 63.6165 21.1164
-0.144 53.4791 29.2452
-0.142 42.1657 35.5645
-0.14 31.0466 39.1776
-0.138 21.05 39.5334
-0.136 12.5899 36.5001
-0.134 5.62147 30.372
-0.132 -0.198069 21.8101
-0.13 -5.29217 11.7289
-0.128 -9.94752 1.15202
-0.126 -14.1539 -8.9391
-0.124 -17.5423 -17.7376
-0.122 -19.4372 -24.704
-0.12 -19.0143 -29.6066
-0.118 -15.5249 -32.5076
-0.116 -8.53872 -33.7015
-0.114 1.85685 -33.6232
-0.112 14.9495 -32.7448
-0.11 29.4219 -31.4829
-0.108 43.5048 -30.1309
-0.106 55.2417 -28.8276
-0.104 62.8178 -27.5633
-0.102 64.888 -26.2197
-0.1 60.8413 -24.6346
-0.098 50.9465 -22.6772
-0.096 36.35 -20.3201
-0.094 18.9222 -17.689
-0.092 0.977493 -15.0784
-0.09 -15.0862 -12.9212
-0.088 -27.1685 -11.7137
-0.086 -33.8042 -11.9054
-0.084 -34.3961 -13.7775
-0.082 -29.3019 -17.3393
-0.08 -19.7525 -22.2722
-0.078 -7.61726 -27.9402
-0.076 4.93891 -33.4706
-0.074 15.8361 -37.89
-0.072 23.4201 -40.2897
-0.07 26.6973 -39.9881
-0.068 25.4274 -36.6638
-0.066 20.0721 -30.4388
-0.064 11.6279 -21.9037
-0.062 1.39389 -12.0777
-0.06 -9.27357 -2.30513
-0.058 -19.172 5.90867
-0.056 -27.3996 11.1101
-0.054 -33.4226 12.1311
-0.052 -37.0632 8.30515
-0.05 -38.4209 -0.382641
-0.048 -37.7517 -13.2496
-0.046 -35.338 -28.9924
-0.044 -31.3869 -45.8752
-0.042 -25.99 -61.9891
-0.04 -19.1598 -75.5318
-0.038 -10.9337 -85.0569
-0.036 -1.51034 -89.6575
-0.034 8.63247 -89.0634
-0.032 18.6879 -83.6475
-0.03 27.5691 -74.3433
-0.028 34.0573 -62.4833
-0.026 37.0223 -49.5781
-0.024 35.6671 -37.0699
-0.022 29.743 -26.1012
-0.02 19.6892 -17.3434
-0.018 6.66167 -10.9194
-0.016 -7.56361 -6.43404
-0.014 -20.8092 -3.10328
-0.012 -30.8113 0.04642
-0.01 -35.5877 3.94991
-0.008 -33.797 9.29055
-0.006 -25.0225 16.3428
-0.004 -9.91673 24.9
-0.002 9.83757 34.303
0 31.7605 43.5677
0.002 52.9687 51.5891
0.004 70.656 57.3793
0.006 82.5611 60.2907
0.008 87.3265 60.1717
0.01 84.6783 57.4237
0.012 75.4063 52.9479
0.014 61.1632 47.9943
0.016 44.138 43.9399
0.018 26.6748 42.0367
0.02 10.9071 43.1732
0.022 -1.53302 47.6933
0.024 -9.69161 55.3077
0.026 -13.3406 65.1178
0.028 -12.901 75.7497
0.03 -9.26678 85.5726
0.032 -3.56971 92.9614
0.034 3.06552 96.5533
0.036 9.72278 95.4564
0.038 15.81 89.3837
0.04 21.067 78.697
0.042 25.4751 64.3632
0.044 29.1058 47.8261
0.046 31.9644 30.8093
0.048 33.8831 15.0708
0.05 34.4989 2.14538
0.052 33.3236 -6.8787
0.054 29.8847 -11.5049
0.056 23.8966 -11.8643
0.058 15.4171 -8.63924
0.06 4.94747 -2.89862
0.062 -6.55082 4.11149
0.064 -17.7381 11.1749
0.066 -27.0726 17.2741
0.068 -33.061 21.7006
0.07 -34.5436 24.1055
0.072 -30.9615 24.4934
0.074 -22.5449 23.1723
0.076 -10.3709 20.6673
0.078 3.7418 17.6103
0.08 17.4953 14.6213
0.082 28.4905 12.2007
0.084 34.6495 10.6529
0.086 34.5941 10.0575
0.088 27.9064 10.2936
0.09 15.2178 11.1076
0.092 -1.8852 12.2055
0.094 -21.119 13.3427
0.096 -39.8734 14.3877
0.098 -55.6296 15.3452
0.1 -66.3538 16.3357
0.102 -70.8012 17.5416
0.104 -68.6816 19.1344
0.106 -60.6599 21.2027
0.108 -48.1963 23.6962
0.11 -33.2586 26.3967
0.112 -17.9647 28.923
0.114 -4.22437 30.7692
0.116 6.55004 31.3718
0.118 13.6117 30.199
0.12 16.9018 26.8473
0.122 16.9323 21.1324
0.124 14.5658 13.1554
0.126 10.7487 3.33073
0.128 6.26044 -7.63378
0.13 1.53833 -18.8073
0.132 -3.3852 -29.1476
0.134 -8.81965 -37.6383
0.136 -15.2466 -43.4313
0.138 -23.087 -45.9704
0.14 -32.4656 -45.0772
0.142 -43.0345 -40.9822
0.144 -53.9053 -34.297
0.146 -63.7157 -25.9288
0.148 -70.825 -16.9522
0.15 -73.6048 -8.45735
0.152 -70.7708 -1.40033
0.154 -61.687 3.52177
0.156 -46.5826 5.95221
0.158 -26.6309 5.9018
0.16 -3.86792 3.72038
0.162 19.0452 0.0198557
0.164 39.1827 -4.43698
0.166 53.7826 -8.86204
0.168 60.6703 -12.5607
0.17 58.6087 -15.0234
0.172 47.51 -15.9762
0.174 28.4747 -15.3848
0.176 3.64873 -13.4152
0.178 -24.0771 -10.3653
0.18 -51.4715 -6.58362
0.182 -75.4051 -2.3941
0.184 -93.2591 1.95585
0.186 -103.239 6.31464
0.188 -104.552 10.6095
0.19 -97.4389 14.799
0.192 -83.0592 18.8096
0.194 -63.2737 22.4749
0.196 -40.3614 25.4993
0.198 -16.7219 27.4616
0.2 5.39483 27.8666
0.202 24.0983 26.2362
0.204 37.9934 22.2246
0.206 46.2409 15.7315
0.208 48.5549 6.98553
0.21 45.1543 -3.42092
0.212 36.6896 -14.561
0.214 24.1591 -25.2657
0.216 8.82508 -34.2702
0.218 -7.86713 -40.3942
0.22 -24.3682 -42.7296
0.222 -39.1086 -40.8041
0.224 -50.5936 -34.6895
0.226 -57.5114 -25.0319
0.228 -58.8553 -12.9899
0.23 -54.0474 -0.0864295
0.232 -43.0487 12.0069
0.234 -26.4316 21.7178
0.236 -5.39186 27.8117
0.238 18.3157 29.5805
0.24 42.5234 26.9479
0.242 64.8669 20.4739
0.244 83.0467 11.2574
0.246 95.0989 0.754281
0.248 99.6378 -9.45702
0.25 96.0355 -17.9235
0.252 84.5122 -23.5359
0.254 66.1266 -25.6816
0.256 42.6645 -24.309
0.258 16.443 -19.8943
0.26 -9.94835 -13.3236
0.262 -33.9335 -5.71447
0.264 -53.2294 1.78685
0.266 -66.0822 8.19531
0.268 -71.4333 12.8311
0.27 -68.9972 15.3959
0.272 -59.2484 15.9727
0.274 -43.3283 14.9549
0.276 -22.8911 12.9237
0.278 0.0830571 10.5001
0.28 23.4853 8.2031
0.282 45.2646 6.34333
0.284 63.592 4.97174
0.286 76.9949 3.89355
0.288 84.4587 2.74146
0.29 85.4928 1.09031
0.292 80.1581 -1.41425
0.294 69.0539 -4.94267
0.296 53.262 -9.41001
0.298 34.2507 -14.4617
0.3 13.7435 -19.5196
0.302 -6.43545 -23.8776
0.304 -24.5279 -26.8274
0.306 -39.0044 -27.789
0.308 -48.709 -26.4216
0.31 -52.9696 -22.6938
0.312 -51.6627 -16.9023
0.314 -45.2216 -9.63575
0.316 -34.5846 -1.69122
0.318 -21.0852 6.04128
0.32 -6.29599 12.7055
0.322 8.15325 17.5947
0.324 20.7611 20.2379
0.326 30.315 20.4438
0.328 36.0063 18.3003
0.33 37.4847 14.1342
0.332 34.8511 8.44533
0.334 28.5979 1.82762
0.336 19.5157 -5.10444
0.338 8.58508 -11.7753
0.34 -3.12579 -17.6868
0.342 -14.5498 -22.436
0.344 -24.69 -25.718
0.346 -32.6727 -27.3211
0.348 -37.7883 -27.1235
0.35 -39.5239 -25.0991
0.352 -37.592 -21.3316
0.354 -31.955 -16.0357
0.356 -22.8465 -9.57505
0.358 -10.7867 -2.46454
0.36 3.41336 4.65113
0.362 18.6673 11.0496
0.364 33.6592 16.0103
0.366 46.9301 18.9122
0.368 57.0085 19.3324
0.37 62.5783 17.1289
0.372 62.6648 12.4884
0.374 56.8076 5.92829
0.376 45.1879 -1.75429
0.378 28.6765 -9.58185
0.38 8.78614 -16.5333
0.382 -12.4765 -21.6975
0.384 -32.8419 -24.4179
0.386 -50.0623 -24.4035
0.388 -62.2074 -21.7824
0.39 -67.929 -17.0865
0.392 -66.6523 -11.1659
0.394 -58.6647 -5.04833
0.396 -45.0862 0.234782
0.398 -27.721 3.82123
0.4 -8.81136 5.16105
0.402 9.27227 4.10324
0.404 24.3586 0.911661
0.406 34.7697 -3.7915
0.408 39.5378 -9.1436
0.41 38.5111 -14.1987
0.412 32.3361 -18.0953
0.414 22.3226 -20.2047
0.416 10.2185 -20.2325
0.418 -2.0683 -18.2571
0.42 -12.7524 -14.6977
0.422 -20.4179 -10.2213
0.424 -24.1912 -5.60632
0.426 -23.8207 -1.59157
0.428 -19.6549 1.26091
0.43 -12.5308 2.66276
0.432 -3.5969 2.6391
0.434 5.89472 1.50614
0.436 14.789 -0.206184
0.438 22.1872 -1.86911
0.44 27.5426 -2.88369
0.442 30.6828 -2.79839
0.444 31.766 -1.39393
0.446 31.1871 1.27906
0.448 29.4587 4.91453
0.45 27.0897 9.01272
0.452 24.4838 12.9755
0.454 21.8725 16.2158
0.456 19.2913 18.2594
0.458 16.6016 18.8205
0.46 13.5497 17.8391
0.462 9.85344 15.4749
0.464 5.29588 12.0648
0.466 -0.192454 8.05551
0.468 -6.47944 3.92651
0.47 -13.2172 0.120267
0.472 -19.8706 -3.01017
0.474 -25.7825 -5.22951
0.476 -30.265 -6.42465
0.478 -32.7011 -6.59015
0.48 -32.6422 -5.80234
0.482 -29.8874 -4.19132
0.484 -24.5353 -1.9186
0.486 -16.9993 0.833979
0.488 -7.98351 3.86298
0.49 1.58037 6.93345
0.492 10.6312 9.76847
0.494 18.1017 12.0483
0.496 23.0525 13.428
0.498 24.8014 13.5783
0.5 23.0286 12.2441
0.502 17.8411 9.31272
0.504 9.78538 4.87282
0.506 -0.201174 -0.751725
0.508 -10.8946 -7.00663
0.51 -20.9357 -13.1569
0.512 -29.0078 -18.3787
0.514 -34.0164 -21.8802
0.516 -35.2458 -23.0353
0.518 -32.467 -21.504
0.52 -25.9799 -17.3198
0.522 -16.5821 -10.9225
0.524 -5.46422 -3.12641
0.526 5.9539 4.9785
0.528 16.2237 12.1811
0.53 24.0756 17.336
0.532 28.6011 19.5534
0.534 29.381 18.3575
0.536 26.5381 13.7831
0.538 20.7062 6.39113
0.54 12.9205 -2.80424
0.542 4.44618 -12.4865
0.544 -3.42458 -21.2423
0.546 -9.57615 -27.7864
0.548 -13.2381 -31.1681
0.55 -14.0922 -30.9229
0.552 -12.2997 -27.1437
0.554 -8.44692 -20.4592
0.556 -3.41855 -11.9246
0.558 1.77446 -2.84264
0.56 6.18122 5.45342
0.562 9.07596 11.8168
0.564 10.0725 15.4679
0.566 9.16971 16.1079
0.568 6.72412 13.9463
0.57 3.35861 9.6394
0.572 -0.171398 4.15334
0.574 -3.1282 -1.42293
0.576 -4.93068 -6.07797
0.578 -5.25795 -9.05506
0.58 -4.10078 -9.97426
0.582 -1.75327 -8.87899
0.584 1.25211 -6.20171
0.586 4.2534 -2.65883
0.588 6.59052 0.902548
0.59 7.7337 3.67541
0.592 7.38392 5.04873
0.594 5.52623 4.71996
0.596 2.42703 2.74439
0.598 -1.42169 -0.486222
0.6 -5.3973 -4.32995
0.602 -8.85969 -8.02839
0.604 -11.2598 -10.8611
0.606 -12.224 -12.291
0.608 -11.6031 -12.0718
0.61 -9.47998 -10.2978
0.612 -6.14332 -7.3862
0.614 -2.03351 -3.99602
0.616 2.32496 -0.899831
0.618 6.39384 1.16608
0.62 9.68379 1.64476
0.622 11.8023 0.268032
0.624 12.4837 -2.88743
0.626 11.6008 -7.40625
0.628 9.16201 -12.6005
0.63 5.30029 -17.6231
0.632 0.258264 -21.6079
0.634 -5.62485 -23.8132
0.636 -11.9246 -23.7445
0.638 -18.1439 -21.2376
0.64 -23.7333 -16.4893
0.642 -28.1245 -10.0302
0.644 -30.7809 -2.6475
0.646 -31.2639 4.73165
0.648 -29.305 11.1745
0.65 -24.8733 15.8741
0.652 -18.2213 18.2575
0.654 -9.8946 18.0544
0.656 -0.698071 15.3211
0.658 8.38363 10.4168
0.66 16.3043 3.94403
0.662 22.0966 -3.33854
0.664 25.0151 -10.6129
0.666 24.656 -17.0968
0.668 21.0337 -22.1257
0.67 14.5979 -25.2149
0.672 6.18303 -26.0974
0.674 -3.10436 -24.7389
0.676 -12.045 -21.3301
0.678 -19.4884 -16.259
0.68 -24.5269 -10.0691
0.682 -26.6311 -3.40535
0.684 -25.7243 3.04703
0.686 -22.1811 8.6253
0.688 -16.7515 12.7505
0.69 -10.4238 14.9819
0.692 -4.25201 15.062
0.694 0.820048 12.9467
0.696 4.10764 8.81939
0.698 5.28035 3.08357
0.7 4.38945 -3.66694
0.702 1.82564 -10.7022
0.704 -1.78152 -17.2316
0.706 -5.70029 -22.4943
0.708 -9.2418 -25.853
0.71 -11.8848 -26.8793
0.712 -13.3569 -25.4144
0.714 -13.6588 -21.597
0.716 -13.0301 -15.8512
0.718 -11.8667 -8.83514
0.72 -10.6103 -1.35811
0.722 -9.63537 5.72324
0.724 -9.15805 11.6154
0.726 -9.18689 15.6898
0.728 -9.52603 17.5623
0.73 -9.82929 17.1388
0.732 -9.69274 14.6207
0.734 -8.76445 10.4678
0.736 -6.84611 5.32557
0.738 -3.96253 -0.0743974
0.74 -0.382296 -5.02276
0.742 3.41663 -8.93337
0.744 6.83014 -11.4199
0.746 9.2432 -12.3363
0.748 10.1536 -11.7773
0.75 9.27826 -10.0398
0.752 6.62127 -7.55594
0.754 2.48786 -4.81167
0.756 -2.55833 -2.26369
0.758 -7.78825 -0.270709
0.76 -12.4337 0.952133
0.762 -15.8229 1.34972
0.764 -17.4995 1.01406
0.766 -17.3012 0.146592
0.768 -15.3825 -0.995472
0.77 -12.1784 -2.15767
0.772 -8.31566 -3.13984
0.774 -4.49259 -3.83083
0.776 -1.35027 -4.22006
0.778 0.637737 -4.38464
0.78 1.23735 -4.45633
0.782 0.47574 -4.57627
0.784 -1.38841 -4.84855
0.786 -3.93698 -5.30341
0.788 -6.68989 -5.87883
0.79 -9.20684 -6.42535
0.792 -11.1718 -6.7342
0.794 -12.4435 -6.58334
0.796 -13.0619 -5.79225
0.798 -13.212 -4.2735
0.8 -13.1539 -2.06952
0.802 -13.1384 0.634375
0.804 -13.3265 3.52516
0.806 -13.7351 6.20425
0.808 -14.2206 8.25009
0.81 -14.506 9.29068
0.812 -14.2462 9.07319
0.814 -13.1174 7.51806
0.816 -10.9103 4.74711
0.818 -7.60625 1.07905
0.82 -3.4157 -3.00869
0.822 1.2309 -6.94729
0.824 5.74299 -10.1631
0.826 9.4703 -12.1691
0.828 11.825 -12.6453
0.83 12.4007 -11.4941
0.832 11.0638 -8.85981
0.834 7.997 -5.10802
0.836 3.68466 -0.769008
0.838 -1.15913 3.54628
0.84 -5.70741 7.24277
0.842 -9.16159 9.83417
0.844 -10.8914 11.0167
0.846 -10.5481 10.7119
0.848 -8.12928 9.07172
0.85 -3.98383 6.44639
0.852 1.24623 3.32039
0.854 6.73622 0.228276
0.856 11.6224 -2.3356
0.858 15.1527 -3.99789
0.86 16.8159 -4.56375
0.862 16.4272 -4.04122
0.864 14.1522 -2.62824
0.866 10.4675 -0.665008
0.868 6.06604 1.43896
0.87 1.72514 3.2887
0.872 -1.83456 4.58205
0.874 -4.07412 5.16672
0.876 -4.72175 5.06532
0.878 -3.80508 4.46394
0.88 -1.62721 3.66731
0.882 1.30544 3.03005
0.884 4.38758 2.87752
0.886 7.03051 3.43193
0.888 8.76704 4.75781
0.89 9.32729 6.73789
0.892 8.67306 9.08476
0.894 6.98647 11.3874
0.896 4.61759 13.1847
0.898 2.00292 14.0536
0.9 -0.427469 13.694
0.902 -2.33517 11.9954
0.904 -3.53355 9.0701
0.906 -4.0113 5.24686
0.908 -3.91576 1.02384
0.91 -3.50146 -3.01074
0.912 -3.0568 -6.27668
0.914 -2.82651 -8.30108
0.916 -2.94809 -8.80107
0.918 -3.41658 -7.73489
0.92 -4.08503 -5.31203
0.922 -4.69978 -1.96008
0.924 -4.96155 1.74608
0.926 -4.59836 5.18075
0.928 -3.43404 7.77292
0.93 -1.43797 9.10261
0.932 1.25432 8.97157
0.934 4.35369 7.43626
0.936 7.46131 4.79751
0.938 10.1359 1.54878
0.94 11.9724 -1.70811
0.942 12.6774 -4.36515
0.944 12.1275 -5.91041
0.946 10.3974 -6.01283
0.948 7.75284 -4.57506
0.95 4.60636 -1.746
0.952 1.44498 2.10795
0.954 -1.25749 6.46648
0.956 -3.12538 10.7414
0.958 -3.94672 14.37
0.96 -3.70681 16.8992
0.962 -2.58425 18.0478
0.964 -0.911827 17.7374
0.966 0.88879 16.089
0.968 2.3854 13.3879
0.97 3.21223 10.0251
0.972 3.13248 6.42661
0.974 2.07657 2.98454
0.976 0.150676 0.00135794
0.978 -2.38489 -2.34279
0.98 -5.16307 -3.99666
0.982 -7.77453 -5.01962
0.984 -9.83755 -5.54492
0.986 -11.0609 -5.7341
0.988 -11.2885 -5.73293
0.99 -10.519 -5.63818
0.992 -8.89726 -5.48127
0.994 -6.68125 -5.23102
0.996 -4.19231 -4.81353
0.998 -1.75838 -4.14337
0.4 1.68432 0.759613
0.8 1.70604 0.786499
1.2 1.74027 0.830216
1.6 1.78427 0.889195
2 1.83455 0.961388
2.4 1.88723 1.04439
2.8 1.9384 1.1356
3.2 1.98446 1.23234
3.6 2.0225 1.33205
4 2.05053 1.43238
4.4 2.06771 1.53132
4.8 2.07437 1.62727
5.2 2.07206 1.71905
5.6 2.06331 1.80596
6 2.05146 1.88769
6.4 2.04031 1.96431
6.8 2.03377 2.03621
7.2 2.03549 2.10396
7.6 2.0485 2.16829
8 2.0749 2.22996
8.4 2.11569 2.28976
8.8 2.17059 2.34838
9.2 2.23806 2.40645
9.6 2.3154 2.46449
10 2.39893 2.52289
10.4 2.4843 2.58195
10.8 2.56678 2.64188
11.2 2.64169 2.7028
11.6 2.70469 2.76476
12 2.75215 2.82773
12.4 2.78141 2.89161
12.8 2.79096 2.95618
13.2 2.78054 3.02113
13.6 2.75113 3.086
14 2.70484 3.15019
14.4 2.64476 3.21296
14.8 2.57466 3.2734
15.2 2.49875 3.33051
15.6 2.42133 3.38321
16 2.34652 3.43041
16.4 2.27797 3.47107
16.8 2.21869 3.5043
17.2 2.17083 3.52941
17.6 2.13568 3.54599
18 2.11363 3.554
18.4 2.10426 3.55373
18.8 2.10647 3.54586
19.2 2.11866 3.53143
19.6 2.13892 3.51173
20 2.16522 3.4883
20.4 2.19564 3.46273
20.8 2.22847 3.43663
21.2 2.26237 3.41144
21.6 2.29642 3.38838
22 2.3301 3.36831
22.4 2.3633 3.35172
22.8 2.39619 3.33866
23.2 2.42916 3.32879
23.6 2.46263 3.3214
24 2.497 3.31553
24.4 2.53249 3.31004
24.8 2.56909 3.30378
25.2 2.60648 3.29567
25.6 2.64407 3.28486
26 2.68101 3.27079
26.4 2.71628 3.25326
26.8 2.74878 3.23247
27.2 2.77748 3.20897
27.6 2.80149 3.18363
28 2.82023 3.15752
28.4 2.83345 3.13182
28.8 2.84135 3.10765
29.2 2.84451 3.08598
29.6 2.84393 3.06751
30 2.84087 3.05255
30.4 2.83681 3.04101
30.8 2.83325 3.03241
31.2 2.83159 3.02586
31.6 2.83298 3.02022
32 2.83816 3.01416
32.4 2.84744 3.00635
32.8 2.86057 2.99559
33.2 2.87679 2.98095
33.6 2.89484 2.96191
34 2.9131 2.93841
34.4 2.9297 2.91094
34.8 2.94269 2.88048
35.2 2.95018 2.84846
35.6 2.95057 2.81665
36 2.94262 2.78699
36.4 2.92561 2.76142
36.8 2.89936 2.74172
37.2 2.86428 2.72932
37.6 2.82128 2.72518
38 2.77171 2.72964
38.4 2.7172 2.74243
38.8 2.65952 2.76263
39.2 2.6004 2.78877
39.6 2.54139 2.81889
40 2.4837 2.85079
40.4 2.42815 2.8821
40.8 2.37505 2.91055
41.2 2.32427 2.93412
41.6 2.27529 2.95119
42 2.22727 2.96066
42.4 2.17923 2.96203
42.8 2.13017 2.95537
43.2 2.0793 2.94133
43.6 2.02612 2.921
44 1.97059 2.89581
44.4 1.91319 2.86736
44.8 1.85495 2.83729
45.2 1.79739 2.80709
45.6 1.74248 2.77802
46 1.69245 2.75096
46.4 1.64964 2.72642
46.8 1.6163 2.70451
47.2 1.59437 2.68499
47.6 1.58533 2.66731
48 1.59 2.65079
48.4 1.60848 2.63466
48.8 1.64008 2.61823
49.2 1.68334 2.60095
49.6 1.73611 2.58251
50 1.79569 2.56287
50.4 1.85901 2.54226
50.8 1.92284 2.52114
51.2 1.98399 2.50015
51.6 2.03955 2.47996
52 2.08708 2.46121
52.4 2.12473 2.44439
52.8 2.15134 2.42973
53.2 2.16652 2.41714
53.6 2.17056 2.40615
54 2.16441 2.39593
54.4 2.14951 2.38536
54.8 2.12765 2.37306
55.2 2.1008 2.35752
55.6 2.07089 2.33725
56 2.03969 2.31091
56.4 2.00864 2.27742
56.8 1.97874 2.23611
57.2 1.95054 2.18679
57.6 1.92408 2.12979
58 1.89896 2.06596
58.4 1.8744 1.99665
58.8 1.84938 1.92361
59.2 1.82277 1.84887
59.6 1.79343 1.77462
60 1.76037 1.70307
60.4 1.72288 1.6363
60.8 1.68058 1.57611
61.2 1.63348 1.52396
61.6 1.58203 1.4809
62 1.52704 1.44749
62.4 1.46966 1.42387
62.8 1.41132 1.40976
63.2 1.35357 1.40455
63.6 1.29801 1.40738
64 1.24621 1.41725
64.4 1.19952 1.43308
64.8 1.15907 1.45386
65.2 1.12569 1.47864
65.6 1.09982 1.50664
66 1.08155 1.53721
66.4 1.07063 1.56987
66.8 1.06646 1.60421
67.2 1.06817 1.63989
67.6 1.0747 1.67657
68 1.08482 1.71381
68.4 1.09724 1.75106
68.8 1.11069 1.78758
69.2 1.12396 1.82245
69.6 1.13598 1.85457
70 1.14586 1.88265
70.4 1.15295 1.90535
70.8 1.15686 1.92127
71.2 1.15747 1.92908
71.6 1.15494 1.92762
72 1.14971 1.91599
72.4 1.14248 1.89362
72.8 1.13414 1.86036
73.2 1.12577 1.81648
73.6 1.11858 1.76275
74 1.11378 1.70034
74.4 1.11258 1.63085
74.8 1.11607 1.55621
75.2 1.12515 1.47858
75.6 1.14046 1.40026
76 1.16233 1.32356
76.4 1.19069 1.25071
76.8 1.22509 1.18375
77.2 1.26468 1.12444
77.6 1.30821 1.07416
78 1.3541 1.03391
78.4 1.40049 1.00424
78.8 1.44531 0.985267
79.2 1.48643 0.976698
79.6 1.52171 0.977841
80 1.54915 0.987674
80.4 1.56696 1.0049
80.8 1.5737 1.02802
81.2 1.56831 1.05539
81.6 1.55017 1.08531
82 1.51915 1.11606
82.4 1.47559 1.14599
82.8 1.42029 1.17356
83.2 1.35447 1.19738
83.6 1.27967 1.21625
84 1.19775 1.2292
84.4 1.11072 1.2355
84.8 1.02071 1.23468
85.2 0.929891 1.22653
85.6 0.840334 1.21111
86 0.754001 1.18874
86.4 0.672653 1.15999
86.8 0.597807 1.12564
87.2 0.530693 1.08667
87.6 0.472232 1.04424
88 0.423019 0.99959
88.4 0.383312 0.954061
88.8 0.353042 0.908999
89.2 0.331825 0.865721
89.6 0.318985 0.825457
90 0.313583 0.789299
90.4 0.314465 0.758159
90.8 0.320304 0.732729
91.2 0.32966 0.713453
91.6 0.341043 0.700509
92 0.352976 0.693809
92.4 0.364065 0.692999
92.8 0.373059 0.697489
93.2 0.37891 0.706481
93.6 0.380818 0.719015
94 0.37827 0.734021
94.4 0.371054 0.750375
94.8 0.359266 0.766964
95.2 0.343288 0.782738
95.6 0.323761 0.79677
96 0.301534 0.808301
96.4 0.277609 0.816777
96.8 0.253071 0.821868
97.2 0.229024 0.823483
97.6 0.206523 0.821758
98 0.186515 0.817036
98.4 0.169792 0.809834
98.8 0.156953 0.800794
99.2 0.148385 0.790635
99.6 0.144255 0.780089
100 0.144518 0.769853
100.4 0.14894 0.76053
100.8 0.15712 0.752591
101.2 0.168529 0.746346
101.6 0.182545 0.741925
102 0.19849 0.739282
102.4 0.215662 0.738211
102.8 0.233366 0.738372
103.2 0.250933 0.739339
103.6 0.267745 0.740644
104 0.283241 0.741832
104.4 0.296929 0.742508
104.8 0.308394 0.742383
105.2 0.317296 0.741303
105.6 0.323383 0.739271
106 0.326486 0.736448
106.4 0.326532 0.733144
106.8 0.32354 0.72979
107.2 0.317627 0.726902
107.6 0.309009 0.725039
108 0.297998 0.724754
108.4 0.284994 0.726551
108.8 0.270472 0.730848
109.2 0.254966 0.737945
109.6 0.239048 0.748013
110 0.223301 0.761084
110.4 0.20829 0.777065
110.8 0.194536 0.795755
111.2 0.18249 0.81687
111.6 0.17251 0.840075
112 0.164845 0.865013
112.4 0.159623 0.891325
112.8 0.156856 0.918675
113.2 0.156437 0.946753
113.6 0.15816 0.975277
114 0.161739 1.00399
114.4 0.166826 1.03263
114.8 0.173042 1.06093
115.2 0.179999 1.08861
115.6 0.187327 1.11534
116 0.194688 1.14074
116.4 0.201797 1.16441
116.8 0.208427 1.18593
117.2 0.214415 1.20488
117.6 0.219661 1.22088
118 0.224122 1.2336
118.4 0.227803 1.24282
118.8 0.230744 1.24846
119.2 0.233013 1.25055
119.6 0.234691 1.24928
120 0.235863 1.24494
120.4 0.236606 1.23796
120.8 0.236986 1.22878
121.2 0.237053 1.21789
121.6 0.236831 1.20572
122 0.236321 1.19261
122.4 0.235501 1.17879
122.8 0.234319 1.16433
123.2 0.232701 1.14916
123.6 0.23055 1.13305
124 0.227747 1.1157
124.4 0.224161 1.09673
124.8 0.219653 1.07579
125.2 0.214085 1.05257
125.6 0.207332 1.02694
126 0.199297 0.99892
126.4 0.18992 0.968774
126.8 0.179194 0.93698
127.2 0.16718 0.904229
127.6 0.154011 0.871382
128 0.139906 0.839401
128.4 0.125163 0.809276
128.8 0.110158 0.781927
129.2 0.0953359 0.758122
129.6 0.0811892 0.738397
130 0.0682377 0.722998
130.4 0.0570012 0.711843
130.8 0.0479704 0.704526
131.2 0.0415771 0.700338
131.6 0.0381664 0.698327
132 0.0379728 0.697377
132.4 0.0411022 0.696308
132.8 0.0475203 0.693973
133.2 0.0570506 0.689367
133.6 0.069379 0.681709
134 0.0840674 0.670509
134.4 0.100574 0.655613
134.8 0.118278 0.637206
135.2 0.136507 0.615799
135.6 0.154572 0.592178
136 0.171791 0.567336
136.4 0.187517 0.542394
136.8 0.201166 0.518509
137.2 0.212231 0.496795
137.6 0.220302 0.478246
138 0.225069 0.463681
138.4 0.226335 0.453706
138.8 0.224014 0.4487
139.2 0.218131 0.448818
139.6 0.208823 0.454017
140 0.196335 0.464085
140.4 0.181015 0.478685
140.8 0.163306 0.497394
141.2 0.143745 0.519742
141.6 0.122952 0.545239
142 0.101613 0.573397
142.4 0.0804706 0.603743
142.8 0.0603031 0.635815
143.2 0.0418986 0.669164
143.6 0.0260304 0.703347
144 0.0134268 0.737925
144.4 0.00474128 0.77246
144.8 0.00052302 0.806523
145.2 0.00119122 0.839707
145.6 0.00701433 0.871646
146 0.0180966 0.902034
146.4 0.0343732 0.930644
146.8 0.0556149 0.957347
147.2 0.0814414 0.982118
147.6 0.111343 1.00503
148 0.144711 1.02623
148.4 0.180864 1.04593
148.8 0.219087 1.06434
149.2 0.258661 1.08163
149.6 0.298884 1.09787
150 0.339097 1.11301
150.4 0.378687 1.12682
150.8 0.417094 1.13886
151.2 0.4538 1.14851
151.6 0.488315 1.15497
152 0.520161 1.15735
152.4 0.548855 1.15465
152.8 0.573889 1.14594
153.2 0.594725 1.13038
153.6 0.610796 1.10732
154 0.621514 1.07641
154.4 0.626296 1.03761
154.8 0.624596 0.991268
155.2 0.615948 0.938082
155.6 0.600013 0.879108
156 0.576627 0.815687
156.4 0.545841 0.749371
156.8 0.507961 0.681822
157.2 0.463562 0.614709
157.6 0.413495 0.549595
158 0.358868 0.48785
158.4 0.301014 0.430566
158.8 0.241432 0.378509
159.2 0.181724 0.332091
159.6 0.123514 0.291381
160 0.0683657 0.256137
160.4 0.0177009 0.225863
160.8 -0.0272714 0.199881
161.2 -0.0656158 0.177419
161.6 -0.096711 0.157687
162 -0.12027 0.139955
162.4 -0.136339 0.123613
162.8 -0.145273 0.10821
163.2 -0.147697 0.0934728
163.6 -0.144447 0.0793055
164 -0.136506 0.0657649
164.4 -0.124935 0.0530243
164.8 -0.110803 0.0413263
165.2 -0.0951274 0.0309329
165.6 -0.0788231 0.022077
166 -0.0626654 0.0149235
166.4 -0.0472691 0.00954114
166.8 -0.0330814 0.00588827
167.2 -0.0203888 0.00381408
167.6 -0.00933503 0.00307242
168 5.33719e-05 0.00334648
168.4 0.00783741 0.00428018
168.8 0.0141353 0.00551222
169.2 0.0190949 0.00670845
169.6 0.0228706 0.00758902
170 0.0256069 0.00794749
170.4 0.0274287 0.00766054
170.8 0.0284382 0.00668788
171.2 0.0287171 0.00506358
171.6 0.0283325 0.00288064
172 0.0273448 0.00027149
172.4 0.0258155 -0.00261255
172.8 0.0238136 -0.00562023
173.2 0.02142 -0.00861531
173.6 0.0187277 -0.0114861
174 0.0158398 -0.0141489
174.4 0.0128647 -0.0165457
174.8 0.00991025 -0.0186373
175.2 0.00707638 -0.0203938
175.6 0.00444959 -0.0217843
176 0.00209847 -0.0227686
176.4 7.17211e-05 -0.0232913
176.8 -0.0016013 -0.023282
177.2 -0.00290766 -0.0226594
177.6 -0.0038462 -0.0213413
178 -0.00442195 -0.019258
178.4 -0.00464067 -0.0163679
178.8 -0.00450456 -0.012673
179.2 -0.00400981 -0.00823218
179.6 -0.00314666 -0.0031698
180 -0.00190207 0.00232216
180.4 -0.000264483 0.00798906
180.8 0.00176965 0.0135264
181.2 0.00418896 0.0185993
181.6 0.00696077 0.0228682
182 0.0100265 0.0260167
182.4 0.0132998 0.0277809
182.8 0.0166683 0.0279764
183.2 0.0199988 0.0265195
183.6 0.0231466 0.0234419
184 0.025967 0.018895
184.4 0.0283288 0.0131457
184.8 0.0301293 0.00655993
185.2 0.0313063 -0.00042069
185.6 0.0318495 -0.00731114
186 0.0318074 -0.0136191
186.4 0.031289 -0.0188828
186.8 0.0304615 -0.0227077
187.2 0.0295425 -0.0247978
187.6 0.0287872 -0.0249799
188 0.0284731 -0.0232184
188.4 0.0288814 -0.0196189
188.8 0.0302782 -0.0144208
189.2 0.0328962 -0.00797897
189.6 0.0369185 -0.00073662
190 0.0424652 0.00680954
190.4 0.0495841 0.0141479
190.8 0.0582456 0.0207922
191.2 0.0683416 0.0263198
191.6 0.0796889 0.030405
192 0.0920351 0.0328457
192.4 0.105069 0.0335799
192.8 0.118429 0.0326933
193.2 0.131722 0.0304149
193.6 0.14453 0.0271031
194 0.15643 0.0232226
194.4 0.167008 0.0193144
194.8 0.175874 0.0159601
195.2 0.182678 0.0137447
195.6 0.187126 0.0132187
196 0.188999 0.0148634
196.4 0.188161 0.0190601
196.8 0.184582 0.026067
197.2 0.178341 0.0360021
197.6 0.169637 0.0488356
198 0.15879 0.0643904
198.4 0.146239 0.0823497
198.8 0.132526 0.102273
199.2 0.118287 0.123616
199.6 0.104214 0.145758
200 0.0910359 0.168028
200.4 0.0794716 0.189738
200.8 0.0701963 0.210209
201.2 0.0637993 0.228805
201.6 0.0607473 0.244956
202 0.0613528 0.258185
202.4 0.0657509 0.268124
202.8 0.0738869 0.274537
203.2 0.085516 0.277325
203.6 0.100216 0.276535
204 0.117411 0.272361
204.4 0.136411 0.26514
204.8 0.156453 0.255343
205.2 0.176751 0.243556
205.6 0.196551 0.230466
206 0.215177 0.216827
206.4 0.232077 0.203439
206.8 0.246855 0.191111
207.2 0.259295 0.180623
207.6 0.269366 0.172699
208 0.277221 0.167967
208.4 0.283173 0.166928
208.8 0.287669 0.169936
209.2 0.291248 0.177174
209.6 0.294493 0.188646
210 0.297991 0.204177
210.4 0.302279 0.223423
210.8 0.307812 0.245888
211.2 0.314924 0.270954
211.6 0.32381 0.297922
212 0.334513 0.326048
212.4 0.346927 0.354591
212.8 0.360801 0.382859
213.2 0.375769 0.41025
213.6 0.391367 0.436286
214 0.40707 0.460642
214.4 0.422323 0.483157
214.8 0.436574 0.503837
215.2 0.449306 0.522842
215.6 0.46006 0.540459
216 0.468458 0.557067
216.4 0.474218 0.573088
216.8 0.477161 0.588937
217.2 0.477219 0.604967
217.6 0.474429 0.621417
218 0.46893 0.638374
218.4 0.460955 0.655732
218.8 0.450816 0.673183
219.2 0.438892 0.69021
219.6 0.425616 0.706106
220 0.411451 0.720012
220.4 0.396879 0.730964
220.8 0.382379 0.737961
221.2 0.368407 0.740033
221.6 0.355377 0.736318
222 0.343643 0.726139
222.4 0.333481 0.709065
222.8 0.325076 0.68496
223.2 0.31851 0.654023
223.6 0.313754 0.616792
224 0.310673 0.574135
224.4 0.309024 0.527213
224.8 0.308476 0.477423
225.2 0.308621 0.426323
225.6 0.309002 0.375543
226 0.309134 0.326688
226.4 0.308541 0.281247
226.8 0.306779 0.240501
227.2 0.303466 0.20545
227.6 0.298305 0.176757
228 0.291102 0.154714
228.4 0.281777 0.139239
228.8 0.270367 0.129889
229.2 0.25702 0.125903
229.6 0.241987 0.126269
230 0.225597 0.129797
230.4 0.208238 0.135209
230.8 0.190331 0.141225
231.2 0.172299 0.146655
231.6 0.154547 0.150467
232 0.137437 0.151852
232.4 0.121271 0.150259
232.8 0.106281 0.145417
233.2 0.0926199 0.137332
233.6 0.0803685 0.126261
234 0.069536 0.112678
234.4 0.0600733 0.0972156
234.8 0.0518854 0.0806072
235.2 0.0448464 0.0636254
235.6 0.0388139 0.0470212
236 0.0336424 0.0314719
236.4 0.0291939 0.0175393
236.8 0.0253462 0.00564173
237.2 0.0219967 -0.00396073
237.6 0.0190651 -0.0111667
238 0.0164913 -0.0160215
238.4 0.0142325 -0.0186959
238.8 0.0122593 -0.0194571
239.2 0.0105507 -0.0186371
239.6 0.00908973 -0.0165994
240 0.00786025 -0.0137097
240.4 0.00684456 -0.0103096
240.8 0.0060226 -0.00669842
241.2 0.00537226 -0.00312027
241.6 0.00487066 0.000240939
242 0.00449595 0.00326068
242.4 0.00422909 0.00586804
242.8 0.00405545 0.00803648
243.2 0.00396554 0.00977284
243.6 0.00395504 0.0111061
244 0.00402382 0.0120771
244.4 0.00417423 0.0127302
244.8 0.00440882 0.0131075
245.2 0.00472784 0.013245
245.6 0.00512701 0.0131724
246 0.00559569 0.0129131
246.4 0.00611592 0.0124863
246.8 0.00666249 0.0119094
247.2 0.00720393 0.0112005
247.6 0.00770454 0.0103796
248 0.00812706 0.00946968
248.4 0.0084358 0.00849645
248.8 0.00859982 0.00748726
249.2 0.00859573 0.00646961
249.6 0.00840998 0.00546926
250 0.00804017 0.00450849
250.4 0.0074954 0.00360483
250.8 0.00679562 0.00277035
251.2 0.00596998 0.00201168
251.6 0.00505456 0.00133072
252 0.00408954 0.000725896
252.4 0.00311625 0.000193652
252.8 0.00217438 -0.000269955
253.2 0.00129951 -0.000667953
253.6 0.000521253 -0.00100157
254 -0.00013792 -0.00126994
254.4 -0.000663191 -0.00147038
254.8 -0.00104726 -0.00159922
255.2 -0.00128968 -0.00165298
255.6 -0.00139592 -0.0016297
256 -0.00137622 -0.00153016
256.4 -0.00124442 -0.00135884
256.8 -0.00101706 -0.00112428
257.2 -0.000712502 -0.000839042
257.6 -0.000350481 -0.000518902
258 4.82923e-05 -0.0001817
258.4 0.000462318 0.000154215
258.8 0.000869498 0.000471632
259.2 0.0012474 0.00075602
259.6 0.00157372 0.000996758
260 0.00182692 0.00118788
260.4 0.00198719 0.00132825
260.8 0.00203755 0.00142119
261.2 0.00196516 0.00147356
261.6 0.00176252 0.00149451
262 0.00142865 0.00149406
262.4 0.000969939 0.00148175
262.8 0.000400521 0.00146541
263.2 -0.000257774 0.00145048
263.6 -0.000976109 0.00143965
264 -0.00171987 0.00143311
264.4 -0.00245044 0.00142912
264.8 -0.00312728 0.00142502
265.2 -0.0037104 0.00141831
265.6 -0.00416277 0.00140767
266 -0.00445263 0.00139389
266.4 -0.00455561 0.00138032
266.8 -0.00445621 0.00137294
267.2 -0.00414891 0.00138003
267.6 -0.00363848 0.00141129
268 -0.00293981 0.0014768
268.4 -0.00207697 0.00158574
268.8 -0.00108185 0.00174515
269.2 7.63934e-06 0.00195888
269.6 0.00114974 0.00222689
270 0.00230103 0.00254497
270.4 0.00341874 0.00290486
270.8 0.0044628 0.00329494
271.2 0.00539781 0.00370118
271.6 0.00619446 0.00410834
272 0.00683079 0.00450126
272.4 0.00729277 0.00486611
272.8 0.00757462 0.00519132
273.2 0.00767857 0.00546828
273.6 0.00761426 0.00569161
274 0.00739778 0.00585906
274.4 0.00705043 0.00597103
274.8 0.00659725 0.00602993
275.2 0.00606547 0.00603932
275.6 0.00548288 0.00600315
276 0.00487632 0.00592506
276.4 0.00427028 0.00580794
276.8 0.00368579 0.00565378
277.2 0.00313955 0.00546378
277.6 0.00264344 0.00523874
278 0.00220436 0.00497965
278.4 0.00182448 0.00468832
278.8 0.00150177 0.00436801
279.2 0.00123083 0.0040239
279.6 0.00100385 0.00366331
280 0.000811802 0.00329562
280.4 0.000645476 0.00293194
280.8 0.000496536 0.00258438
281.2 0.000358345 0.00226521
281.6 0.000226561 0.00198581
282 9.94364e-05 0.00175564
282.4 -2.2177e-05 0.00158135
282.8 -0.000135109 0.00146604
283.2 -0.000234393 0.00140885
283.6 -0.000313954 0.00140495
284 -0.0003674 0.00144579
284.4 -0.000388809 0.00151978
284.8 -0.00037344 0.00161319
285.2 -0.000318299 0.00171122
285.6 -0.000222494 0.00179922
286 -8.73714e-05 0.00186378
286.4 8.35866e-05 0.00189376
286.8 0.000285073 0.00188108
287.2 0.000510428 0.00182125
287.6 0.000752217 0.00171354
288 0.00100284 0.00156096
288.4 0.00125514 0.00136986
288.8 0.00150285 0.00114937
289.2 0.00174098 0.000910685
289.6 0.00196603 0.000666231
290 0.00217595 0.000428846
290.4 0.00237004 0.000210988
290.8 0.00254867 2.40516e-05
291.2 0.00271293 -0.000122203
291.6 0.0028642 -0.000220059
292 0.00300382 -0.000264107
292.4 0.00313268 -0.000251369
292.8 0.00325106 -0.000181289
293.2 0.00335846 -5.56194e-05
293.6 0.0034536 0.000121768
294 0.00353454 0.00034514
294.4 0.00359886 0.000607195
294.8 0.00364398 0.000899384
295.2 0.00366738 0.00121224
295.6 0.00366695 0.00153574
296 0.0036412 0.00185959
296.4 0.0035895 0.00217365
296.8 0.00351213 0.00246819
297.2 0.00341033 0.00273422
297.6 0.00328624 0.00296386
298 0.00314275 0.00315052
298.4 0.00298331 0.00328922
298.8 0.00281173 0.00337675
299.2 0.00263191 0.00341184
299.6 0.0024477 0.00339522
300 0.00226264 0.00332962
300.4 0.0020799 0.00321969
300.8 0.00190215 0.00307185
301.2 0.00173159 0.00289398
301.6 0.00156991 0.00269511
302 0.00141843 0.00248499
302.4 0.00127814 0.0022736
302.8 0.00114981 0.00207064
303.2 0.00103411 0.00188501
303.6 0.000931645 0.00172433
304 0.000843075 0.00159449
304.4 0.000769089 0.00149931
304.8 0.000710412 0.00144033
305.2 0.000667757 0.00141676
305.6 0.000641753 0.00142554
306 0.000632852 0.0014616
306.4 0.000641223 0.00151827
306.8 0.000666653 0.00158778
307.2 0.000708458 0.00166188
307.6 0.000765413 0.00173244
308 0.000835724 0.00179208
308.4 0.000917034 0.00183474
308.8 0.00100647 0.00185606
309.2 0.00110073 0.00185365
309.6 0.00119622 0.00182719
310 0.00128923 0.00177835
310.4 0.00137608 0.00171043
310.8 0.00145334 0.00162802
311.2 0.00151806 0.00153644
311.6 0.00156786 0.00144116
312 0.00160115 0.00134728
312.4 0.00161722 0.00125902
312.8 0.00161628 0.00117937
313.2 0.00159946 0.00110988
313.6 0.00156879 0.00105062
314 0.00152706 0.00100031
314.4 0.00147767 0.000956601
314.8 0.00142447 0.000916462
315.2 0.00137148 0.000876622
315.6 0.00132273 0.000834029
316 0.00128197 0.000786257
316.4 0.0012525 0.00073182
316.8 0.00123694 0.000670358
317.2 0.00123713 0.000602681
317.6 0.00125394 0.000530669
318 0.0012873 0.00045704
318.4 0.00133614 0.000385031
318.8 0.00139842 0.000318019
319.2 0.00147126 0.000259136
319.6 0.00155107 0.000210923
320 0.00163368 0.000175059
320.4 0.0017146 0.000152197
320.8 0.00178919 0.000141916
321.2 0.00185295 0.000142785
321.6 0.0019017 0.000152543
322 0.00193185 0.000168345
322.4 0.00194056 0.000187054
322.8 0.00192595 0.00020555
323.2 0.00188719 0.000221004
323.6 0.00182457 0.000231105
324 0.00173952 0.000234217
324.4 0.00163455 0.000229449
324.8 0.00151309 0.000216655
325.2 0.00137932 0.000196361
325.6 0.00123796 0.000169642
326 0.00109394 0.000137974
326.4 0.000952105 0.000103077
326.8 0.000816953 6.67664e-05
327.2 0.000692314 3.0833e-05
327.6 0.000581131 -3.04681e-06
328 0.000485285 -3.33709e-05
328.4 0.000405499 -5.88431e-05
328.8 0.000341335 -7.83885e-05
329.2 0.000291282 -9.11629e-05
329.6 0.000252927 -9.65655e-05
330 0.0002232 -9.42626e-05
330.4 0.000198686 -8.42234e-05
330.8 0.000175947 -6.67674e-05
331.2 0.000151868 -4.26131e-05
331.6 0.000123958 -1.29188e-05
332 9.06115e-05 2.06979e-05
332.4 5.12804e-05 5.61739e-05
332.8 6.56257e-06 9.10571e-05
333.2 -4.18206e-05 0.000122608
333.6 -9.11467e-05 0.000147948
334 -0.000137911 0.000164237
334.4 -0.000178121 0.000168881
334.8 -0.000207647 0.000159733
335.2 -0.000222596 0.000135276
335.6 -0.000219679 9.47686e-05
336 -0.000196543 3.833e-05
336.4 -0.000152037 -3.30463e-05
336.8 -8.63892e-05 -0.00011755
337.2 -1.28578e-06 -0.000212684
337.6 0.000100164 -0.000315455
338 0.000213568 -0.000422603
338.4 0.000333493 -0.000530847
338.8 0.000453779 -0.000637134
339.2 0.000567916 -0.00073884
339.6 0.000669452 -0.000833939
340 0.00075239 -0.000921084
340.4 0.000811564 -0.000999637
340.8 0.000842961 -0.0010696
341.2 0.000843961 -0.00113152
341.6 0.000813488 -0.00118627
342 0.000752067 -0.00123493
342.4 0.000661766 -0.00127848
342.8 0.000546064 -0.00131771
343.2 0.000409613 -0.001353
343.6 0.000257955 -0.00138422
344 9.71818e-05 -0.00141073
344.4 -6.64233e-05 -0.00143134
344.8 -0.000226741 -0.00144443
345.2 -0.000378151 -0.00144805
345.6 -0.000515818 -0.0014401
346 -0.000635928 -0.0014185
346.4 -0.000735845 -0.00138138
346.8 -0.000814199 -0.00132725
347.2 -0.00087089 -0.00125513
347.6 -0.000907022 -0.00116467
348 -0.000924771 -0.00105616
348.4 -0.000927193 -0.00093062
348.8 -0.000917993 -0.000789706
349.2 -0.000901269 -0.000635667
349.6 -0.000881245 -0.000471249
350 -0.000862005 -0.000299582
350.4 -0.000847249 -0.000124065
350.8 -0.000840081 5.17555e-05
351.2 -0.000842836 0.000224286
351.6 -0.000856957 0.000389984
352 -0.000882928 0.000545427
352.4 -0.000920257 0.00068738
352.8 -0.000967521 0.000812834
353.2 -0.00102245 0.000919048
353.6 -0.00108209 0.00100358
354 -0.00114293 0.00106433
354.4 -0.00120116 0.00109957
354.8 -0.00125288 0.00110801
355.2 -0.0012943 0.00108886
355.6 -0.00132203 0.0010419
356 -0.00133322 0.000967532
356.4 -0.00132577 0.000866898
356.8 -0.0012985 0.0007419
357.2 -0.00125116 0.000595247
357.6 -0.00118454 0.000430455
358 -0.00110041 0.000251801
358.4 -0.00100142 6.42279e-05
358.8 -0.000890955 -0.000126797
359.2 -0.000772953 -0.00031548
359.6 -0.000651647 -0.000495941
360 -0.00053131 -0.000662481
360.4 -0.000415979 -0.00080987
360.8 -0.000309197 -0.000933628
361.2 -0.000213775 -0.00103028
361.6 -0.000131613 -0.00109756
362 -6.35758e-05 -0.00113457
362.4 -9.44552e-06 -0.00114182
362.8 3.20466e-05 -0.00112123
363.2 6.31083e-05 -0.00107599
363.6 8.67013e-05 -0.0010104
364 0.000106294 -0.000929553
364.4 0.000125571 -0.000839034
364.8 0.00014812 -0.000744571
365.2 0.00017712 -0.000651671
365.6 0.000215057 -0.000565284
366 0.000263488 -0.000489515
366.4 0.000322875 -0.000427407
366.8 0.000392502 -0.000380797
367.2 0.000470483 -0.000350267
367.6 0.00055387 -0.000335178
368 0.000638835 -0.000333786
368.4 0.000720937 -0.00034343
368.8 0.000795438 -0.000360764
369.2 0.00085765 -0.000382024
369.6 0.000903288 -0.000403303
370 0.000928797 -0.00042082
370.4 0.000931638 -0.000431158
370.8 0.000910502 -0.000431467
371.2 0.000865442 -0.000419622
371.6 0.000797907 -0.000394327
372 0.000710691 -0.000355165
372.4 0.000607775 -0.000302604
372.8 0.000494102 -0.000237954
373.2 0.000375281 -0.000163282
373.6 0.000257246 -8.13035e-05
374 0.000145905 4.76899e-06
374.4 4.67779e-05 9.13878e-05
374.8 -3.53221e-05 0.000174855
375.2 -9.65722e-05 0.000251516
375.6 -0.000134352 0.000317958
376 -0.000147381 0.000371209
376.4 -0.000135773 0.000408913
376.8 -0.000101008 0.0004295
377.2 -4.58209e-05 0.000432305
377.6 2.5978e-05 0.000417652
378 0.00010974 0.00038688
378.4 0.000200256 0.000342304
378.8 0.00029206 0.000287117
379.2 0.000379735 0.00022522
379.6 0.000458208 0.00016099
380 0.000523013 9.90175e-05
380.4 0.00057051 4.3794e-05
380.8 0.000598056 -5.92332e-07
381.2 0.000604103 -3.07522e-05
381.6 0.00058824 -4.42494e-05
382 0.000551166 -3.97929e-05
382.4 0.000494602 -1.73484e-05
382.8 0.000421155 2.18404e-05
383.2 0.00033413 7.53281e-05
383.6 0.000237323 0.000139635
384 0.000134788 0.000210493
384.4 3.06077e-05 0.00028316
384.8 -7.1327e-05 0.00035276
385.2 -0.000167513 0.000414644
385.6 -0.000254995 0.000464723
386 -0.000331489 0.000499766
386.4 -0.000395454 0.000517621
386.8 -0.000446113 0.000517358
387.2 -0.000483437 0.000499317
387.6 -0.000508076 0.000465066
388 -0.000521262 0.000417268
388.4 -0.000524682 0.000359472
388.8 -0.000520336 0.000295852
389.2 -0.00051039 0.00023091
389.6 -0.000497036 0.000169163
390 -0.000482361 0.000114847
390.4 -0.000468236 7.16439e-05
390.8 -0.000456241 4.24648e-05
391.2 -0.000447607 2.92823e-05
391.6 -0.000443194 3.3036e-05
392 -0.000443493 5.36037e-05
392.4 -0.000448651 8.98389e-05
392.8 -0.000458516 0.000139668
393.2 -0.000472691 0.000200237
393.6 -0.000490594 0.0002681
394 -0.000511515 0.000339429
394.4 -0.000534675 0.000410241
394.8 -0.000559265 0.000476623
395.2 -0.000584483 0.000534947
395.6 -0.000609555 0.000582057
396 -0.000633746 0.000615426
396.4 -0.000656365 0.000633275
396.8 -0.000676759 0.000634645
397.2 -0.000694314 0.000619415
397.6 -0.000708447 0.000588283
398 -0.000718609 0.000542692
398.4 -0.00072429 0.000484719
398.8 -0.000725031 0.000416935
399.2 -0.000720442 0.000342234
399.6 -0.000710226 0.00026366
400 -0.000694202 0.000184229
