-0.998 2.45577 2.31514
-0.996 3.17054 2.14146
-0.994 3.55615 1.53742
-0.992 3.58119 0.531883
-0.99 3.26256 -0.760136
-0.988 2.66209 -2.15173
-0.986 1.87582 -3.41442
-0.984 1.01758 -4.31938
-0.982 0.199933 -4.68185
-0.98 -0.48407 -4.40001
-0.978 -0.974628 -3.48021
-0.976 -1.25177 -2.0427
-0.974 -1.3335 -0.305895
-0.972 -1.26604 1.44911
-0.97 -1.10861 2.92758
-0.968 -0.916435 3.87496
-0.966 -0.726006 4.12518
-0.964 -0.546413 3.6339
-0.962 -0.358788 2.48975
-0.96 -0.124224 0.900692
-0.958 0.201634 -0.842521
-0.956 0.650814 -2.41924
-0.954 1.22646 -3.53841
-0.952 1.89194 -3.99327
-0.95 2.56898 -3.70072
-0.948 3.14656 -2.71738
-0.946 3.4997 -1.22916
-0.944 3.51511 0.484208
-0.942 3.1186 2.10294
-0.94 2.29829 3.32905
-0.938 1.11781 3.94427
-0.936 -0.284406 3.85257
-0.934 -1.71133 3.09895
-0.932 -2.93709 1.86036
-0.93 -3.7455 0.410649
-0.928 -3.97032 -0.93403
-0.926 -3.52936 -1.87833
-0.924 -2.4453 -2.20708
-0.922 -0.848492 -1.82898
-0.92 1.03995 -0.795869
-0.918 2.94226 0.706343
-0.916 4.56972 2.39351
-0.914 5.67165 3.93873
-0.912 6.07867 5.03673
-0.91 5.7321 5.46438
-0.908 4.69379 5.1255
-0.906 3.13456 4.07102
-0.904 1.30324 2.49048
-0.902 -0.517742 0.676267
-0.9 -2.06177 -1.03244
-0.898 -3.12308 -2.31531
-0.896 -3.5889 -2.93312
-0.894 -3.45293 -2.77462
-0.892 -2.80827 -1.87862
-0.89 -1.82191 -0.427077
-0.888 -0.697029 1.28943
-0.886 0.36896 2.92709
-0.884 1.22154 4.15411
-0.882 1.77416 4.71337
-0.88 2.01655 4.47031
-0.878 2.00575 3.43723
-0.876 1.84253 1.7697
-0.874 1.63968 -0.2637
-0.872 1.48976 -2.33229
-0.87 1.44015 -4.10457
-0.868 1.48138 -5.30835
-0.866 1.55147 -5.77818
-0.864 1.55516 -5.48161
-0.862 1.39336 -4.51973
-0.86 0.995348 -3.10276
-0.858 0.34565 -1.50614
-0.856 -0.501552 -0.0162407
-0.854 -1.42487 1.12341
-0.852 -2.25547 1.755
-0.85 -2.81074 1.83059
-0.848 -2.93478 1.41359
-0.846 -2.53704 0.658419
-0.844 -1.62014 -0.226567
-0.842 -0.289793 -1.0247
-0.84 1.25643 -1.55564
-0.838 2.76065 -1.71015
-0.836 3.95089 -1.4684
-0.834 4.59313 -0.899002
-0.832 4.5386 -0.139747
-0.83 3.75642 0.635191
-0.828 2.34434 1.25426
-0.826 0.514729 1.58542
-0.824 -1.44208 1.56341
-0.822 -3.2102 1.2019
-0.82 -4.50644 0.588544
-0.818 -5.13271 -0.135564
-0.816 -5.01241 -0.807261
-0.814 -4.20343 -1.27672
-0.812 -2.88527 -1.4394
-0.81 -1.32278 -1.25792
-0.808 0.186016 -0.769841
-0.806 1.36757 -0.0797286
-0.804 2.02453 0.662143
-0.802 2.07124 1.29014
-0.8 1.54636 1.65623
-0.798 0.600657 1.65904
-0.796 -0.537207 1.26328
-0.794 -1.60916 0.506094
-0.792 -2.38049 -0.510607
-0.79 -2.68598 -1.63975
-0.788 -2.46023 -2.71647
-0.786 -1.74657 -3.58767
-0.784 -0.683547 -4.13792
-0.782 0.527332 -4.30709
-0.78 1.66507 -4.09696
-0.778 2.53438 -3.56609
-0.776 3.00318 -2.81519
-0.774 3.02489 -1.96616
-0.772 2.64158 -1.13968
-0.77 1.96848 -0.435486
-0.768 1.16383 0.0809388
-0.766 0.391723 0.383523
-0.764 -0.213793 0.482574
-0.762 -0.575137 0.415299
-0.76 -0.682829 0.232809
-0.758 -0.590362 -0.0130022
-0.756 -0.394467 -0.279743
-0.754 -0.206202 -0.540031
-0.752 -0.120298 -0.78172
-0.75 -0.190225 -1.00372
-0.748 -0.414879 -1.20935
-0.746 -0.739748 -1.39954
-0.744 -1.07196 -1.5682
-0.742 -1.30535 -1.70108
-0.74 -1.34925 -1.77863
-0.738 -1.15411 -1.78212
-0.736 -0.727425 -1.70121
-0.734 -0.135958 -1.54077
-0.732 0.506641 -1.32465
-0.73 1.06423 -1.09474
-0.728 1.40898 -0.90484
-0.726 1.45142 -0.810173
-0.724 1.16234 -0.854688
-0.722 0.581386 -1.05909
-0.72 -0.190165 -1.41263
-0.718 -1.01084 -1.87105
-0.716 -1.72992 -2.36176
-0.714 -2.22082 -2.79585
-0.712 -2.4092 -3.08469
-0.71 -2.28918 -3.15794
-0.708 -1.92404 -2.97918
-0.706 -1.43086 -2.55543
-0.704 -0.952675 -1.93838
-0.702 -0.624471 -1.21625
-0.7 -0.540946 -0.49757
-0.698 -0.733536 0.110022
-0.696 -1.16232 0.521909
-0.694 -1.725 0.694729
-0.692 -2.28119 0.636712
-0.69 -2.68674 0.407531
-0.688 -2.8302 0.107154
-0.686 -2.66276 -0.144526
-0.684 -2.21425 -0.23349
-0.682 -1.59064 -0.0776989
-0.68 -0.952619 0.352027
-0.678 -0.479415 1.02108
-0.676 -0.325607 1.8331
-0.674 -0.580731 2.64528
-0.672 -1.2413 3.29463
-0.67 -2.20239 3.63037
-0.668 -3.27184 3.54591
-0.666 -4.20507 3.00406
-0.664 -4.75406 2.04979
-0.662 -4.72063 0.807437
-0.66 -4.00274 -0.53772
-0.658 -2.62395 -1.77086
-0.656 -0.738724 -2.68621
-0.654 1.38844 -3.12585
-0.652 3.42721 -3.01113
-0.65 5.04075 -2.36044
-0.648 5.94889 -1.2894
-0.646 5.98253 0.00728899
-0.644 5.1182 1.28943
-0.642 3.48564 2.31444
-0.64 1.34664 2.88206
-0.638 -0.950857 2.87222
-0.636 -3.03442 2.26875
-0.634 -4.57253 1.16402
-0.632 -5.33119 -0.256449
-0.63 -5.2112 -1.74701
-0.628 -4.25954 -3.04633
-0.626 -2.65355 -3.92504
-0.624 -0.662189 -4.22744
-0.622 1.40717 -3.89955
-0.62 3.26516 -2.99794
-0.618 4.68866 -1.67806
-0.616 5.55176 -0.163968
-0.614 5.83435 1.29431
-0.612 5.60826 2.46796
-0.61 5.00603 3.19182
-0.608 4.18085 3.39413
-0.606 3.26761 3.10792
-0.604 2.35469 2.46176
-0.602 1.4724 1.65201
-0.6 0.600256 0.901911
-0.598 -0.310131 0.415678
-0.596 -1.30317 0.336737
-0.594 -2.38769 0.718195
-0.592 -3.51459 1.51134
-0.59 -4.57072 2.5743
-0.588 -5.3919 3.69901
-0.586 -5.79333 4.65118
-0.584 -5.61139 5.21536
-0.582 -4.74746 5.23644
-0.58 -3.20339 4.64961
-0.578 -1.09941 3.49319
-0.576 1.33155 1.9021
-0.574 3.77397 0.0837224
-0.572 5.88008 -1.71904
-0.57 7.33113 -3.27008
-0.568 7.89752 -4.37956
-0.566 7.4853 -4.93342
-0.564 6.15863 -4.90764
-0.562 4.13275 -4.36535
-0.56 1.73786 -3.43833
-0.558 -0.639561 -2.29734
-0.556 -2.62667 -1.11778
-0.554 -3.93161 -0.0478465
-0.552 -4.39485 0.814497
-0.55 -4.01439 1.4318
-0.548 -2.93975 1.82338
-0.546 -1.43639 2.04958
-0.544 0.17198 2.18859
-0.542 1.5712 2.31169
-0.54 2.52029 2.46283
-0.538 2.89777 2.64729
-0.536 2.72115 2.83168
-0.534 2.13557 2.9548
-0.532 1.37466 2.94641
-0.53 0.701938 2.7488
-0.528 0.346143 2.33575
-0.526 0.444481 1.72374
-0.524 1.00675 0.972267
-0.522 1.90856 0.17305
-0.52 2.91569 -0.569879
-0.518 3.73493 -1.16434
-0.516 4.08063 -1.55274
-0.514 3.74282 -1.72754
-0.512 2.64167 -1.73537
-0.51 0.856064 -1.66779
-0.508 -1.38097 -1.64024
-0.506 -3.72009 -1.76318
-0.504 -5.75987 -2.11192
-0.502 -7.12474 -2.70214
-0.5 -7.54101 -3.47762
-0.498 -6.8953 -4.31389
-0.496 -5.26329 -5.0385
-0.494 -2.90222 -5.46462
-0.492 -0.208139 -5.43124
-0.49 2.35456 -4.8418
-0.488 4.33778 -3.69242
-0.486 5.39234 -2.08293
-0.484 5.33258 -0.206934
-0.482 4.17013 1.67833
-0.48 2.11067 3.29771
-0.478 -0.485888 4.41079
-0.476 -3.17342 4.86118
-0.474 -5.50226 4.6118
-0.472 -7.10021 3.75816
-0.47 -7.7362 2.51545
-0.468 -7.35486 1.18055
-0.466 -6.0764 0.0753526
-0.464 -4.16316 -0.518004
-0.462 -1.96101 -0.41726
-0.46 0.17189 0.416898
-0.458 1.93418 1.86444
-0.456 3.13448 3.66093
-0.454 3.71867 5.44242
-0.452 3.76707 6.81291
-0.45 3.46341 7.4221
-0.448 3.04376 7.03867
-0.446 2.73706 5.60431
-0.444 2.71076 3.25719
-0.442 3.03311 0.318835
-0.44 3.65985 -2.75466
-0.438 4.44746 -5.44926
-0.436 5.18913 -7.28411
-0.434 5.6649 -7.90051
-0.432 5.69441 -7.13212
-0.43 5.18038 -5.04258
-0.428 4.13318 -1.92281
-0.426 2.67132 1.753
-0.424 0.997845 5.40528
-0.422 -0.641758 8.44765
-0.42 -2.01064 10.3884
-0.418 -2.92932 10.9164
-0.416 -3.31122 9.95653
-0.414 -3.17742 7.68294
-0.412 -2.64766 4.48975
-0.41 -1.91003 0.922658
-0.408 -1.17631 -2.41552
-0.406 -0.633386 -4.9687
-0.404 -0.401586 -6.32263
-0.402 -0.509405 -6.27438
-0.4 -0.890201 -4.86458
-0.398 -1.40151 -2.36685
-0.396 -1.86239 0.762743
-0.394 -2.10016 3.96694
-0.392 -1.99552 6.68413
-0.39 -1.51551 8.44375
-0.388 -0.726272 8.94329
-0.386 0.217875 8.09446
-0.384 1.1072 6.03131
-0.382 1.72435 3.08047
-0.38 1.89674 -0.299635
-0.378 1.54186 -3.59894
-0.376 0.694693 -6.34042
-0.374 -0.489693 -8.15472
-0.372 -1.76046 -8.83265
-0.37 -2.81826 -8.34796
-0.368 -3.37643 -6.84837
-0.366 -3.2236 -4.61865
-0.364 -2.27445 -2.02384
-0.362 -0.597325 0.556133
-0.36 1.58798 2.78868
-0.358 3.94315 4.43706
-0.356 6.0692 5.38799
-0.354 7.57864 5.6554
-0.352 8.16791 5.36194
-0.35 7.67604 4.70349
-0.348 6.11779 3.90486
-0.346 3.68476 3.17521
-0.344 0.71391 2.67133
-0.342 -2.37053 2.47428
-0.34 -5.13069 2.5823
-0.338 -7.19032 2.91946
-0.336 -8.29729 3.357
-0.334 -8.36231 3.74238
-0.332 -7.4668 3.93029
-0.33 -5.83985 3.8099
-0.328 -3.80953 3.32421
-0.326 -1.73908 2.47877
-0.324 0.0393745 1.3395
-0.322 1.28046 0.0208504
-0.32 1.86062 -1.33263
-0.318 1.78701 -2.56793
-0.316 1.18018 -3.54502
-0.314 0.236233 -4.15505
-0.312 -0.822182 -4.33364
-0.31 -1.7948 -4.06791
-0.308 -2.54195 -3.39713
-0.306 -3.00454 -2.40738
-0.304 -3.20289 -1.22092
-0.302 -3.21645 0.0183683
-0.3 -3.15063 1.16201
-0.298 -3.0999 2.0746
-0.296 -3.11653 2.65028
-0.294 -3.19292 2.82629
-0.292 -3.2617 2.592
-0.29 -3.21349 1.99221
-0.288 -2.92784 1.12392
-0.286 -2.30955 0.126461
-0.284 -1.32098 -0.834507
-0.282 -0.00204238 -1.58765
-0.28 1.52789 -1.97891
-0.278 3.08762 -1.89384
-0.276 4.46797 -1.2759
-0.274 5.47459 -0.13787
-0.272 5.97024 1.43599
-0.27 5.90645 3.29787
-0.268 5.3371 5.2537
-0.266 4.40994 7.08755
-0.264 3.33714 8.58977
-0.262 2.35095 9.5844
-0.26 1.65383 9.95191
-0.258 1.37449 9.64374
-0.256 1.53994 8.68674
-0.254 2.07066 7.1769
-0.252 2.80078 5.26408
-0.25 3.51917 3.1303
-0.248 4.02268 0.965192
-0.246 4.16914 -1.05728
-0.244 3.91749 -2.79775
-0.242 3.34506 -4.16331
-0.24 2.63666 -5.1115
-0.238 2.04649 -5.6465
-0.236 1.84002 -5.8094
-0.234 2.22789 -5.66501
-0.232 3.30612 -5.28798
-0.23 5.01686 -4.75092
-0.228 7.13998 -4.11604
-0.226 9.32023 -3.43115
-0.224 11.1272 -2.72944
-0.222 12.1377 -2.03197
-0.22 12.0253 -1.35128
-0.218 10.6373 -0.694662
-0.216 8.04398 -0.0662441
-0.214 4.54549 0.532709
-0.212 0.634262 1.10474
-0.21 -3.08312 1.65769
-0.208 -5.991 2.20561
-0.206 -7.5772 2.76819
-0.204 -7.53177 3.36822
-0.202 -5.81215 4.02718
-0.2 -2.66111 4.75984
-0.198 1.42778 5.56913
-0.196 5.79221 6.44253
-0.194 9.71656 7.35116
-0.192 12.5596 8.25203
-0.19 13.8705 9.09311
-0.188 13.4705 9.82039
-0.186 11.4852 10.3854
-0.184 8.31916 10.7518
-0.182 4.57996 10.8989
-0.18 0.96332 10.8223
-0.178 -1.87693 10.5303
-0.176 -3.4499 10.0382
-0.174 -3.5165 9.36134
-0.172 -2.129 8.50966
-0.17 0.385981 7.48536
-0.168 3.49749 6.28527
-0.166 6.579 4.90762
-0.164 9.03413 3.36174
-0.162 10.4144 1.67809
-0.16 10.5054 -0.0842591
-0.158 9.36513 -1.83592
-0.156 7.30636 -3.46275
-0.154 4.82815 -4.83921
-0.152 2.50962 -5.84797
-0.15 0.887786 -6.40256
-0.148 0.344175 -6.46853
-0.146 1.02288 -6.07858
-0.144 2.79701 -5.33711
-0.142 5.29055 -4.41194
-0.14 7.95155 -3.51291
-0.138 10.1624 -2.85985
-0.136 11.3653 -2.64504
-0.134 11.1774 -2.99674
-0.132 9.47361 -3.95099
-0.13 6.4196 -5.43793
-0.128 2.44794 -7.28636
-0.126 -1.81767 -9.24732
-0.124 -5.67661 -11.0335
-0.122 -8.48175 -12.3678
-0.12 -9.76129 -13.0334
-0.118 -9.3085 -12.9144
-0.116 -7.22227 -12.0206
-0.114 -3.89082 -10.4905
-0.112 0.0782676 -8.57013
-0.11 3.96819 -6.57328
-0.108 7.08257 -4.82672
-0.106 8.87047 -3.61277
-0.104 9.02404 -3.11869
-0.102 7.53099 -3.40289
-0.1 4.67301 -4.38491
-0.098 0.971095 -5.86128
-0.096 -2.91159 -7.54475
-0.094 -6.29058 -9.11931
-0.092 -8.5821 -10.3004
-0.09 -9.40366 -10.8889
-0.088 -8.6356 -10.8076
-0.086 -6.43342 -10.1145
-0.084 -3.19075 -8.98861
-0.082 0.538645 -7.69257
-0.08 4.14402 -6.51801
-0.078 7.0665 -5.7253
-0.076 8.89387 -5.48911
-0.074 9.42494 -5.86099
-0.072 8.693 -6.75686
-0.07 6.94596 -7.97214
-0.068 4.58889 -9.22212
-0.066 2.1014 -10.1993
-0.064 -0.0531981 -10.6365
-0.062 -1.50973 -10.3633
-0.06 -2.05919 -9.34372
-0.058 -1.67393 -7.68832
-0.056 -0.497874 -5.63784
-0.054 1.19424 -3.52098
-0.052 3.05871 -1.6944
-0.05 4.75329 -0.476404
-0.048 6.00244 -0.086724
-0.046 6.64568 -0.604376
-0.044 6.66047 -1.95161
-0.042 6.15661 -3.90719
-0.04 5.34448 -6.14636
-0.038 4.48511 -8.29932
-0.036 3.83289 -10.0169
-0.034 3.58329 -11.0304
-0.032 3.83593 -11.1947
-0.03 4.57936 -10.5063
-0.028 5.6993 -9.09506
-0.026 7.00704 -7.19102
-0.024 8.28097 -5.07461
-0.022 9.31221 -3.02049
-0.02 9.94505 -1.24644
-0.018 10.1044 0.122667
-0.016 9.80525 1.06913
-0.014 9.14321 1.67272
-0.012 8.26821 2.08036
-0.01 7.34808 2.46255
-0.008 6.5298 2.96679
-0.006 5.90708 3.67875
-0.004 5.50125 4.6
-0.002 5.25949 5.64701
0 5.07056 6.67173
0.002 4.79436 7.49861
0.004 4.29799 7.97012
0.006 3.49165 7.98941
0.008 2.35442 7.55082
0.01 0.945004 6.75035
0.012 -0.605734 5.77307
0.014 -2.11917 4.85906
0.016 -3.40533 4.25479
0.018 -4.30363 4.1598
0.02 -4.71912 4.68029
0.022 -4.64614 5.79992
0.024 -4.174 7.37469
0.026 -3.47271 9.15392
0.028 -2.76101 10.824
0.03 -2.26251 12.0667
0.032 -2.1583 12.6208
0.034 -2.54579 12.3347
0.036 -3.41257 11.2001
0.038 -4.63192 9.35842
0.04 -5.98256 7.07909
0.042 -7.19004 4.71284
0.044 -7.9826 2.62846
0.046 -8.15026 1.14543
0.048 -7.59481 0.475386
0.05 -6.35948 0.684168
0.052 -4.63093 1.68175
0.054 -2.71172 3.24208
0.056 -0.9675 5.04876
0.058 0.242175 6.75734
0.06 0.636448 8.0619
0.062 0.0754482 8.75303
0.064 -1.40058 8.75589
0.066 -3.56449 8.14113
0.068 -6.03159 7.10685
0.07 -8.32184 5.93518
0.072 -9.94531 4.93233
0.074 -10.4953 4.36423
0.076 -9.73164 4.4006
0.078 -7.63688 5.07899
0.08 -4.43367 6.29575
0.082 -0.557553 7.82581
0.084 3.41107 9.3672
0.086 6.84507 10.6011
0.088 9.18163 11.256
0.09 10.026 11.1623
0.092 9.22877 10.2888
0.094 6.9207 8.75138
0.096 3.49765 6.79461
0.098 -0.443963 4.74823
0.1 -4.21021 2.96728
0.102 -7.13318 1.76711
0.104 -8.69212 1.36577
0.106 -8.60952 1.84438
0.108 -6.90388 3.13285
0.11 -3.88884 5.0233
0.112 -0.118291 7.20781
0.114 3.71286 9.33333
0.116 6.89437 11.063
0.118 8.82964 12.1325
0.12 9.14417 12.3924
0.122 7.75292 11.8278
0.124 4.87398 10.5551
0.126 0.985629 8.79498
0.128 -3.26494 6.83013
0.13 -7.18374 4.95366
0.132 -10.1595 3.4197
0.134 -11.7758 2.40378
0.136 -11.8838 1.97974
0.138 -10.6234 2.11584
0.14 -8.38711 2.6892
0.142 -5.73598 3.51437
0.144 -3.28384 4.37952
0.146 -1.5728 5.08316
0.148 -0.965159 5.46469
0.15 -1.57309 5.42414
0.152 -3.2398 4.92897
0.154 -5.57569 4.00838
0.156 -8.04177 2.73811
0.158 -10.0634 1.22011
0.16 -11.1512 -0.438246
0.162 -11.0052 -2.14122
0.164 -9.58065 -3.81511
0.166 -7.1025 -5.41109
0.168 -4.02501 -6.90139
0.17 -0.944331 -8.27086
0.172 1.51906 -9.50724
0.174 2.84474 -10.5931
0.176 2.71864 -11.5017
0.178 1.10026 -12.1982
0.18 -1.76308 -12.6452
0.182 -5.37775 -12.8114
0.184 -9.09349 -12.6805
0.186 -12.2239 -12.2579
0.188 -14.1749 -11.5739
0.19 -14.5561 -10.6814
0.192 -13.2542 -9.64971
0.194 -10.4555 -8.555
0.196 -6.61098 -7.46965
0.198 -2.35461 -6.45272
0.2 1.61228 -5.54306
0.202 4.64626 -4.75653
0.204 6.27408 -4.08735
0.206 6.2711 -3.51295
0.208 4.69252 -3.00105
0.21 1.85305 -2.51709
0.212 -1.73919 -2.0304
0.214 -5.48083 -1.51812
0.216 -8.78373 -0.966391
0.218 -11.1769 -0.36934
0.22 -12.381 0.273015
0.222 -12.3426 0.956759
0.224 -11.2245 1.67478
0.226 -9.35532 2.41558
0.228 -7.15272 3.16029
0.23 -5.03529 3.87877
0.232 -3.34284 4.52629
0.234 -2.27962 5.04253
0.236 -1.89022 5.35425
0.238 -2.07037 5.38263
0.24 -2.60754 5.05466
0.242 -3.24072 4.31715
0.244 -3.72529 3.15096
0.246 -3.88896 1.58234
0.248 -3.66723 -0.311267
0.25 -3.11173 -2.40289
0.252 -2.37114 -4.52593
0.254 -1.64998 -6.49149
0.256 -1.15581 -8.11109
0.258 -1.04714 -9.22141
0.26 -1.3941 -9.70735
0.262 -2.16028 -9.51957
0.264 -3.20947 -8.68342
0.266 -4.33478 -7.29758
0.268 -5.30321 -5.5222
0.27 -5.905 -3.55825
0.272 -5.99706 -1.6212
0.274 -5.53081 0.0870321
0.276 -4.55921 1.40364
0.278 -3.2219 2.22433
0.28 -1.71284 2.51397
0.282 -0.238127 2.30747
0.284 1.02623 1.70125
0.286 1.96698 0.837164
0.288 2.54989 -0.118424
0.29 2.81665 -0.997391
0.292 2.86408 -1.65132
0.294 2.81158 -1.96929
0.296 2.76522 -1.89015
0.298 2.78775 -1.40838
0.3 2.88194 -0.573249
0.302 2.99162 0.5184
0.304 3.0201 1.73464
0.306 2.86165 2.92495
0.308 2.43796 3.93872
0.31 1.73051 4.6439
0.312 0.799761 4.94352
0.314 -0.214655 4.78829
0.316 -1.11457 4.1837
0.318 -1.68155 3.19046
0.32 -1.72523 1.91778
0.322 -1.13124 0.509734
0.324 0.10229 -0.874012
0.326 1.84893 -2.08116
0.328 3.86385 -2.99007
0.33 5.81929 -3.52969
0.332 7.35991 -3.6923
0.334 8.1678 -3.53596
0.336 8.02446 -3.17531
0.338 6.85734 -2.76101
0.34 4.76096 -2.45097
0.342 1.98759 -2.37776
0.344 -1.09175 -2.61835
0.346 -4.04907 -3.17215
0.348 -6.47284 -3.95247
0.35 -8.03898 -4.79463
0.352 -8.56619 -5.48072
0.354 -8.0449 -5.77828
0.356 -6.6346 -5.48658
0.358 -4.63029 -4.48244
0.36 -2.40491 -2.75636
0.362 -0.339218 -0.430914
0.364 1.24713 2.24411
0.366 2.15002 4.92118
0.368 2.31066 7.20586
0.37 1.81578 8.72133
0.372 0.869477 9.17589
0.374 -0.256486 8.4209
0.376 -1.28265 6.48816
0.378 -1.97941 3.59816
0.38 -2.21032 0.135772
0.382 -1.95285 -3.40433
0.384 -1.29346 -6.49479
0.386 -0.399375 -8.66251
0.388 0.525592 -9.5706
0.39 1.29074 -9.08022
0.392 1.76241 -7.28044
0.394 1.89256 -4.47942
0.396 1.72584 -1.15695
0.398 1.38427 2.11428
0.4 1.03345 4.7657
0.402 0.838522 6.33113
0.404 0.920283 6.5289
0.406 1.32193 5.31276
0.408 1.99423 2.88223
0.41 2.80284 -0.350078
0.412 3.55631 -3.82875
0.414 4.04872 -6.95132
0.416 4.10715 -9.17267
0.418 3.63346 -10.0995
0.42 2.63042 -9.55848
0.422 1.20613 -7.62496
0.424 -0.444918 -4.60881
0.426 -2.08031 -0.998528
0.428 -3.45949 2.62499
0.43 -4.3939 5.6896
0.432 -4.7862 7.72958
0.434 -4.64969 8.46226
0.436 -4.10318 7.8305
0.438 -3.34218 6.00413
0.44 -2.59242 3.3414
0.442 -2.05599 0.318567
0.444 -1.86216 -2.55866
0.446 -2.03415 -4.8451
0.448 -2.48006 -6.2311
0.45 -3.01074 -6.58952
0.452 -3.38177 -5.98711
0.454 -3.35074 -4.65963
0.456 -2.73787 -2.95712
0.458 -1.47619 -1.27068
0.46 0.36015 0.0444217
0.462 2.55706 0.734787
0.464 4.79229 0.691963
0.466 6.69277 -0.0344118
0.468 7.90648 -1.25446
0.47 8.17491 -2.68196
0.472 7.39085 -3.99454
0.474 5.6292 -4.89778
0.476 3.1432 -5.18066
0.478 0.325477 -4.75202
0.48 -2.35963 -3.65218
0.482 -4.45992 -2.03871
0.484 -5.61918 -0.150839
0.486 -5.64434 1.73922
0.488 -4.54264 3.3779
0.49 -2.52108 4.57448
0.492 0.0517948 5.22991
0.494 2.71441 5.34563
0.496 4.99762 5.01228
0.498 6.5104 4.3819
0.5 7.0095 3.63065
0.502 6.43964 2.92035
0.504 4.93715 2.36703
0.506 2.79697 2.02255
0.508 0.410229 1.87218
0.51 -1.81462 1.84732
0.512 -3.531 1.84925
0.514 -4.51781 1.77754
0.516 -4.71494 1.5564
0.518 -4.22429 1.1529
0.52 -3.27712 0.583563
0.522 -2.17577 -0.0916238
0.524 -1.22275 -0.785429
0.526 -0.652919 -1.40554
0.528 -0.583034 -1.87689
0.53 -0.989456 -2.15877
0.532 -1.71805 -2.25242
0.534 -2.52369 -2.1976
0.536 -3.13031 -2.059
0.538 -3.29811 -1.90624
0.54 -2.88301 -1.79238
0.542 -1.87547 -1.73683
0.544 -0.409768 -1.7171
0.546 1.25831 -1.67192
0.548 2.8011 -1.51577
0.55 3.88576 -1.1617
0.552 4.24404 -0.547514
0.554 3.73078 0.341067
0.556 2.35874 1.45591
0.558 0.302454 2.68509
0.56 -2.12992 3.86603
0.562 -4.55135 4.81146
0.564 -6.56622 5.34352
0.566 -7.84234 5.32938
0.568 -8.17028 4.71087
0.57 -7.49877 3.52175
0.572 -5.93949 1.88831
0.574 -3.74147 0.0123611
0.576 -1.24111 -1.86084
0.578 1.20124 -3.48418
0.58 3.26495 -4.65189
0.582 4.72049 -5.23611
0.584 5.45906 -5.20955
0.586 5.4964 -4.6495
0.588 4.9519 -3.72213
0.59 4.00963 -2.64991
0.592 2.87111 -1.6683
0.594 1.7109 -0.980035
0.596 0.644557 -0.715882
0.598 -0.284467 -0.909606
0.6 -1.09743 -1.49212
0.602 -1.85559 -2.30609
0.604 -2.62552 -3.13821
0.606 -3.44405 -3.76298
0.608 -4.29263 -3.98923
0.61 -5.08831 -3.70035
0.612 -5.69476 -2.88011
0.614 -5.9512 -1.61894
0.616 -5.71315 -0.0993131
0.618 -4.89498 1.43708
0.62 -3.50393 2.7341
0.622 -1.6563 3.56933
0.624 0.429422 3.79641
0.626 2.46278 3.37347
0.628 4.13004 2.37208
0.63 5.15201 0.965082
0.632 5.33926 -0.60452
0.634 4.63333 -2.06772
0.636 3.12473 -3.17827
0.638 1.04317 -3.75686
0.64 -1.27893 -3.72253
0.642 -3.46331 -3.10554
0.644 -5.15257 -2.03957
0.646 -6.07366 -0.735244
0.648 -6.08604 0.559971
0.65 -5.20501 1.60748
0.652 -3.59571 2.22045
0.654 -1.5394 2.29589
0.656 0.62119 1.83033
0.658 2.54611 0.916771
0.66 3.95947 -0.275947
0.662 4.69589 -1.53689
0.664 4.72365 -2.65308
0.666 4.14111 -3.44814
0.668 3.14836 -3.81247
0.67 2.00084 -3.71951
0.672 0.955111 -3.22559
0.674 0.218048 -2.45415
0.676 -0.0903656 -1.56792
0.678 0.0462372 -0.735064
0.68 0.546772 -0.0961485
0.682 1.25911 0.26156
0.684 1.99986 0.31776
0.686 2.59803 0.118666
0.688 2.93272 -0.236716
0.69 2.95672 -0.620114
0.692 2.70173 -0.902117
0.694 2.26486 -0.979091
0.696 1.78075 -0.793599
0.698 1.38636 -0.344625
0.7 1.18686 0.313971
0.702 1.23053 1.08591
0.704 1.49814 1.85289
0.706 1.90882 2.49851
0.708 2.34064 2.93074
0.71 2.66075 3.09849
0.712 2.75791 2.99923
0.714 2.56965 2.6766
0.716 2.09794 2.20909
0.718 1.4097 1.69249
0.72 0.622252 1.22017
0.722 -0.122863 0.865309
0.724 -0.691507 0.668553
0.726 -0.986679 0.633383
0.728 -0.969492 0.729518
0.73 -0.666646 0.903051
0.732 -0.162873 1.09056
0.734 0.419619 1.23373
0.736 0.949631 1.29129
0.738 1.31652 1.24565
0.74 1.4539 1.1035
0.742 1.35199 0.890688
0.744 1.0562 0.64327
0.746 0.652473 0.397326
0.748 0.243493 0.180199
0.75 -0.078587 0.00531963
0.752 -0.255977 -0.128238
0.754 -0.27989 -0.231581
0.756 -0.192247 -0.318551
0.758 -0.0738178 -0.397261
0.76 -0.0215027 -0.463231
0.762 -0.120208 -0.496442
0.764 -0.416367 -0.46366
0.766 -0.900013 -0.326033
0.768 -1.50048 -0.0504467
0.77 -2.09762 0.378041
0.772 -2.54668 0.945955
0.774 -2.71159 1.6064
0.776 -2.49898 2.28136
0.778 -1.88514 2.8717
0.78 -0.928887 3.2737
0.782 0.23331 3.39893
0.784 1.41004 3.19366
0.786 2.39148 2.65337
0.788 2.99256 1.82877
0.79 3.09353 0.821371
0.792 2.66914 -0.231486
0.794 1.79936 -1.1797
0.796 0.658487 -1.88747
0.798 -0.516029 -2.25894
0.8 -1.46935 -2.25726
0.802 -1.98054 -1.91268
0.804 -1.90891 -1.31773
0.806 -1.22567 -0.609938
0.808 -0.0239699 0.0548324
0.81 1.49522 0.533317
0.812 3.05916 0.723783
0.814 4.37436 0.587012
0.816 5.18271 0.154746
0.818 5.31152 -0.476519
0.82 4.70752 -1.16548
0.822 3.44796 -1.75589
0.824 1.72674 -2.1103
0.826 -0.181742 -2.14049
0.828 -1.97374 -1.82813
0.83 -3.37202 -1.23074
0.832 -4.17564 -0.471342
0.834 -4.29388 0.286454
0.836 -3.75817 0.873256
0.838 -2.7104 1.15127
0.84 -1.37065 1.04646
0.842 0.00842974 0.568292
0.844 1.19078 -0.187645
0.846 1.99961 -1.05549
0.848 2.34538 -1.83101
0.85 2.23404 -2.31345
0.852 1.75527 -2.34917
0.854 1.05441 -1.8677
0.856 0.295177 -0.902526
0.858 -0.378015 0.408596
0.86 -0.869924 1.84488
0.862 -1.15011 3.14188
0.864 -1.25163 4.04174
0.866 -1.25394 4.34465
0.868 -1.25475 3.95111
0.87 -1.33826 2.88612
0.872 -1.5477 1.29995
0.874 -1.86926 -0.55553
0.876 -2.23154 -2.37106
0.878 -2.521 -3.83662
0.88 -2.61 -4.69985
0.882 -2.39103 -4.81484
0.884 -1.80905 -4.17167
0.886 -0.884038 -2.90061
0.888 0.282132 -1.2495
0.89 1.517 0.461747
0.892 2.60578 1.90112
0.894 3.33146 2.78747
0.896 3.51863 2.94439
0.898 3.07225 2.33421
0.9 2.00262 1.06555
0.902 0.431154 -0.62748
0.904 -1.42533 -2.43011
0.906 -3.28916 -4.00738
0.908 -4.86902 -5.0683
0.91 -5.91095 -5.42132
0.912 -6.24347 -5.01031
0.914 -5.80817 -3.92436
0.916 -4.67022 -2.37935
0.918 -3.00668 -0.675211
0.92 -1.07519 0.862865
0.922 0.831017 1.9477
0.924 2.43334 2.38557
0.926 3.5138 2.11297
0.928 3.94869 1.20767
0.93 3.72406 -0.12809
0.932 2.9311 -1.60865
0.934 1.74327 -2.92209
0.936 0.380397 -3.79208
0.938 -0.932803 -4.03238
0.94 -2.00557 -3.58312
0.942 -2.71025 -2.52213
0.944 -2.99701 -1.04913
0.946 -2.89251 0.553769
0.948 -2.48425 1.97741
0.95 -1.89525 2.94583
0.952 -1.25481 3.26957
0.954 -0.672045 2.88198
0.956 -0.217071 1.85157
0.958 0.0868325 0.368416
0.96 0.259583 -1.29244
0.962 0.351041 -2.82319
0.964 0.421956 -3.94097
0.966 0.523911 -4.43996
0.968 0.683057 -4.22814
0.97 0.891342 -3.34206
0.972 1.10713 -1.93748
0.974 1.26492 -0.258153
0.976 1.29169 1.41051
0.978 1.12601 2.794
0.98 0.735518 3.67716
0.982 0.128542 3.93991
0.984 -0.642486 3.57386
0.986 -1.48682 2.67773
0.988 -2.2891 1.43331
0.99 -2.92823 0.0674633
0.992 -3.2977 -1.192
0.994 -3.32373 -2.15771
0.996 -2.97772 -2.71373
0.998 -2.2813 -2.83075
0.4 0.166456 0.18785
0.8 0.168695 0.190707
1.2 0.172377 0.195111
1.6 0.177428 0.200565
2 0.183746 0.206451
2.4 0.191204 0.212092
2.8 0.19965 0.216829
3.2 0.208913 0.220093
3.6 0.21881 0.221471
4 0.229146 0.220755
4.4 0.239724 0.217978
4.8 0.250354 0.213423
5.2 0.260858 0.207605
5.6 0.27108 0.20124
6 0.280894 0.195189
6.4 0.290208 0.190385
6.8 0.298976 0.187761
7.2 0.307194 0.188171
7.6 0.314905 0.192318
8 0.322197 0.2007
8.4 0.329199 0.213563
8.8 0.336067 0.230887
9.2 0.342982 0.252384
9.6 0.350129 0.277521
10 0.357685 0.305567
10.4 0.365806 0.335639
10.8 0.374606 0.366775
11.2 0.384145 0.397997
11.6 0.394419 0.428379
12 0.405352 0.4571
12.4 0.416788 0.483489
12.8 0.4285 0.507057
13.2 0.440191 0.527509
13.6 0.451511 0.544737
14 0.46207 0.558809
14.4 0.471465 0.569936
14.8 0.479299 0.578438
15.2 0.485211 0.5847
15.6 0.488898 0.589141
16 0.490142 0.592168
16.4 0.488822 0.594155
16.8 0.484936 0.595419
17.2 0.478603 0.596209
17.6 0.470061 0.596703
18 0.459665 0.597013
18.4 0.447866 0.597194
18.8 0.435192 0.597257
19.2 0.422218 0.597182
19.6 0.409538 0.596931
20 0.397732 0.596458
20.4 0.387334 0.595711
20.8 0.378802 0.594639
21.2 0.372495 0.593184
21.6 0.368654 0.591281
22 0.36739 0.58885
22.4 0.368682 0.585791
22.8 0.37238 0.581984
23.2 0.378215 0.577287
23.6 0.38582 0.571543
24 0.394746 0.564591
24.4 0.404494 0.556279
24.8 0.414536 0.546481
25.2 0.424344 0.535116
25.6 0.433409 0.522165
26 0.44127 0.507684
26.4 0.447523 0.49182
26.8 0.451836 0.474805
27.2 0.453956 0.456959
27.6 0.453716 0.438676
28 0.451027 0.420403
28.4 0.445884 0.402619
28.8 0.438354 0.385801
29.2 0.42857 0.370396
29.6 0.416726 0.35679
30 0.40307 0.345282
30.4 0.387892 0.336063
30.8 0.371523 0.329206
31.2 0.354323 0.32466
31.6 0.336675 0.322256
32 0.318979 0.321726
32.4 0.301644 0.322725
32.8 0.285074 0.324857
33.2 0.269667 0.327712
33.6 0.255798 0.330898
34 0.243808 0.334072
34.4 0.234 0.336965
34.8 0.226624 0.339405
35.2 0.22187 0.341325
35.6 0.219864 0.342767
36 0.220662 0.343874
36.4 0.224248 0.344877
36.8 0.230539 0.34607
37.2 0.239386 0.347784
37.6 0.250583 0.350356
38 0.263871 0.354102
38.4 0.278949 0.359285
38.8 0.295484 0.366093
39.2 0.313116 0.374617
39.6 0.331469 0.384843
40 0.35016 0.396646
40.4 0.368798 0.409789
40.8 0.386999 0.423935
41.2 0.404384 0.438663
41.6 0.420588 0.453484
42 0.435265 0.467869
42.4 0.448095 0.48127
42.8 0.458794 0.493149
43.2 0.467121 0.503001
43.6 0.472891 0.510382
44 0.475984 0.514925
44.4 0.476355 0.516362
44.8 0.474046 0.514538
45.2 0.469189 0.509415
45.6 0.462005 0.501084
46 0.452811 0.489757
46.4 0.442 0.475766
46.8 0.430037 0.459548
47.2 0.417436 0.44163
47.6 0.404736 0.422606
48 0.39248 0.403115
48.4 0.38118 0.383808
48.8 0.371298 0.365322
49.2 0.363214 0.348251
49.6 0.357212 0.333112
50 0.353461 0.320327
50.4 0.352012 0.310197
50.8 0.352794 0.302891
51.2 0.355624 0.298439
51.6 0.360224 0.296733
52 0.366239 0.297535
52.4 0.373263 0.300496
52.8 0.380867 0.305178
53.2 0.388625 0.311081
53.6 0.396138 0.317676
54 0.403055 0.324434
54.4 0.409092 0.330858
54.8 0.414035 0.336509
55.2 0.417746 0.341024
55.6 0.420158 0.344134
56 0.421268 0.345666
56.4 0.421121 0.345548
56.8 0.419796 0.343795
57.2 0.41739 0.340501
57.6 0.414003 0.335818
58 0.409727 0.32994
58.4 0.404635 0.323084
58.8 0.398781 0.315467
59.2 0.392198 0.3073
59.6 0.384906 0.298769
60 0.376919 0.290035
60.4 0.368256 0.281232
60.8 0.358956 0.272469
61.2 0.349084 0.263834
61.6 0.338746 0.255409
62 0.328088 0.247269
62.4 0.317304 0.239497
62.8 0.306626 0.232186
63.2 0.296321 0.225441
63.6 0.286675 0.219378
64 0.277975 0.214123
64.4 0.270496 0.209802
64.8 0.264476 0.206529
65.2 0.260104 0.204405
65.6 0.2575 0.203498
66 0.256705 0.203842
66.4 0.257675 0.205423
66.8 0.260282 0.208185
67.2 0.264317 0.21202
67.6 0.269504 0.21678
68 0.275515 0.222275
68.4 0.281988 0.228288
68.8 0.288557 0.234582
69.2 0.294867 0.240911
69.6 0.300602 0.247032
70 0.305502 0.252716
70.4 0.309382 0.257752
70.8 0.312136 0.261963
71.2 0.313744 0.265202
71.6 0.31427 0.267361
72 0.313849 0.268372
72.4 0.312674 0.268208
72.8 0.310976 0.266882
73.2 0.309002 0.264445
73.6 0.306987 0.260988
74 0.305138 0.256637
74.4 0.303605 0.251549
74.8 0.302475 0.245911
75.2 0.30175 0.239934
75.6 0.301353 0.233843
76 0.301127 0.227873
76.4 0.300847 0.222256
76.8 0.300233 0.217213
77.2 0.298976 0.212939
77.6 0.29676 0.209595
78 0.293287 0.207293
78.4 0.288306 0.206093
78.8 0.28163 0.205994
79.2 0.273158 0.206931
79.6 0.262884 0.20878
80 0.250901 0.211363
80.4 0.237403 0.21446
80.8 0.222667 0.21782
81.2 0.207043 0.221181
81.6 0.190927 0.224284
82 0.174742 0.226895
82.4 0.158904 0.228817
82.8 0.143803 0.229902
83.2 0.129776 0.230063
83.6 0.117088 0.229274
84 0.105922 0.227567
84.4 0.0963693 0.225027
84.8 0.0884332 0.221782
85.2 0.0820335 0.217983
85.6 0.0770204 0.213793
86 0.0731912 0.209369
86.4 0.0703111 0.204847
86.8 0.0681331 0.200329
87.2 0.0664194 0.19588
87.6 0.0649586 0.191521
88 0.06358 0.187234
88.4 0.0621632 0.182967
88.8 0.060642 0.178646
89.2 0.0590036 0.174188
89.6 0.0572821 0.169514
90 0.0555491 0.164565
90.4 0.0539 0.159313
90.8 0.0524404 0.153767
91.2 0.0512705 0.147982
91.6 0.0504728 0.142052
92 0.0501 0.13611
92.4 0.0501681 0.130319
92.8 0.0506526 0.124855
93.2 0.0514881 0.119896
93.6 0.0525736 0.115609
94 0.0537792 0.11213
94.4 0.0549572 0.109559
94.8 0.0559536 0.107949
95.2 0.0566209 0.107302
95.6 0.0568305 0.10757
96 0.0564823 0.108659
96.4 0.055514 0.110437
96.8 0.0539054 0.112745
97.2 0.0516805 0.11541
97.6 0.0489059 0.118255
98 0.0456856 0.121113
98.4 0.0421536 0.123836
98.8 0.0384641 0.126302
99.2 0.0347803 0.128417
99.6 0.0312629 0.130117
100 0.0280593 0.131365
100.4 0.0252936 0.132146
100.8 0.0230591 0.132462
101.2 0.0214132 0.132325
101.6 0.0203747 0.131747
102 0.0199245 0.130742
102.4 0.0200089 0.129317
102.8 0.0205451 0.127473
103.2 0.0214285 0.125208
103.6 0.0225419 0.122518
104 0.0237639 0.119404
104.4 0.024978 0.115876
104.8 0.0260804 0.111958
105.2 0.0269864 0.107693
105.6 0.0276345 0.103145
106 0.0279885 0.0984006
106.4 0.0280377 0.0935626
106.8 0.0277946 0.088749
107.2 0.027291 0.0840832
107.6 0.0265729 0.0796868
108 0.0256949 0.0756693
108.4 0.0247143 0.0721199
108.8 0.0236855 0.0691001
109.2 0.0226564 0.0666383
109.6 0.0216645 0.0647282
110 0.0207364 0.06333
110.4 0.0198875 0.0623752
110.8 0.0191238 0.0617746
111.2 0.0184444 0.0614286
111.6 0.0178454 0.0612393
112 0.017323 0.061122
112.4 0.0168771 0.0610168
112.8 0.0165136 0.0608976
113.2 0.0162456 0.0607775
113.6 0.0160934 0.0607108
114 0.0160828 0.0607908
114.4 0.0162419 0.0611429
114.8 0.0165977 0.0619144
115.2 0.0171708 0.0632609
115.6 0.0179715 0.0653315
116 0.0189953 0.068253
116.4 0.0202198 0.0721157
116.8 0.0216039 0.0769613
117.2 0.0230877 0.082774
117.6 0.0245952 0.0894772
118 0.026039 0.0969338
118.4 0.0273262 0.104952
118.8 0.028366 0.113297
119.2 0.0290775 0.121702
119.6 0.0293976 0.129889
120 0.0292877 0.137585
120.4 0.0287393 0.144537
120.8 0.027777 0.150534
121.2 0.0264588 0.155415
121.6 0.0248739 0.15908
122 0.0231375 0.161497
122.4 0.0213833 0.162697
122.8 0.0197541 0.162775
123.2 0.0183909 0.161874
123.6 0.0174223 0.160182
124 0.0169539 0.157908
124.4 0.01706 0.155273
124.8 0.0177765 0.152491
125.2 0.0190979 0.149759
125.6 0.0209766 0.147241
126 0.0233264 0.145063
126.4 0.0260283 0.143305
126.8 0.0289399 0.142002
127.2 0.0319058 0.141146
127.6 0.0347698 0.140688
128 0.0373867 0.140552
128.4 0.0396336 0.140637
128.8 0.0414183 0.140831
129.2 0.0426864 0.141025
129.6 0.0434234 0.141114
130 0.0436551 0.141016
130.4 0.043443 0.140671
130.8 0.0428776 0.140049
131.2 0.0420687 0.139151
131.6 0.0411347 0.138011
132 0.0401911 0.136691
132.4 0.0393393 0.135277
132.8 0.038658 0.133872
133.2 0.0381965 0.132586
133.6 0.0379711 0.131532
134 0.0379655 0.130812
134.4 0.0381342 0.130506
134.8 0.0384097 0.130669
135.2 0.0387109 0.131323
135.6 0.0389546 0.132447
136 0.0390652 0.133984
136.4 0.0389853 0.135833
136.8 0.0386833 0.13786
137.2 0.0381578 0.139905
137.6 0.0374388 0.14179
138 0.0365849 0.143332
138.4 0.0356768 0.144361
138.8 0.0348071 0.14473
139.2 0.0340687 0.144335
139.6 0.0335419 0.143122
140 0.0332815 0.1411
140.4 0.033307 0.138347
140.8 0.0335948 0.135008
141.2 0.0340758 0.131291
141.6 0.0346365 0.12746
142 0.0351269 0.123816
142.4 0.0353717 0.120684
142.8 0.0351856 0.118387
143.2 0.0343913 0.117228
143.6 0.032838 0.117465
144 0.0304186 0.119293
144.4 0.0270845 0.122831
144.8 0.0228551 0.128109
145.2 0.0178222 0.135067
145.6 0.0121476 0.143555
146 0.00605408 0.153343
146.4 -0.000189775 0.164138
146.8 -0.00628914 0.175598
147.2 -0.0119462 0.187358
147.6 -0.0168845 0.199048
148 -0.0208719 0.21032
148.4 -0.0237406 0.220859
148.8 -0.025402 0.230403
149.2 -0.0258548 0.238752
149.6 -0.0251857 0.245765
150 -0.0235625 0.251367
150.4 -0.0212199 0.255533
150.8 -0.0184399 0.258282
151.2 -0.0155275 0.259665
151.6 -0.0127851 0.259744
152 -0.0104868 0.258589
152.4 -0.00885575 0.256258
152.8 -0.00804651 0.252798
153.2 -0.00813302 0.248237
153.6 -0.00910454 0.24259
154 -0.0108688 0.235862
154.4 -0.0132623 0.22806
154.8 -0.0160666 0.219201
155.2 -0.0190289 0.209324
155.6 -0.0218851 0.198503
156 -0.0243829 0.186849
156.4 -0.0263027 0.17452
156.8 -0.0274757 0.161712
157.2 -0.0277955 0.148661
157.6 -0.0272245 0.135628
158 -0.0257936 0.122885
158.4 -0.0235964 0.110699
158.8 -0.0207773 0.0993168
159.2 -0.0175171 0.0889452
159.6 -0.0140152 0.0797382
160 -0.0104727 0.0717863
160.4 -0.00707577 0.0651109
160.8 -0.00398175 0.0596644
161.2 -0.00130963 0.0553353
161.6 0.000865657 0.0519585
162 0.00251432 0.0493299
162.4 0.00364849 0.0472233
162.8 0.00431563 0.0454088
163.2 0.00458933 0.0436705
163.6 0.00455884 0.0418224
164 0.00431844 0.0397207
164.4 0.00395777 0.037272
164.8 0.00355394 0.034437
165.2 0.00316615 0.0312284
165.6 0.00283303 0.0277057
166 0.00257266 0.0239655
166.4 0.0023849 0.0201295
166.8 0.00225557 0.0163312
167.2 0.00216166 0.0127031
167.6 0.00207685 0.00936456
168 0.00197669 0.006412
168.4 0.0018427 0.00391268
168.8 0.0016652 0.00190109
169.2 0.00144437 0.000379095
169.6 0.00118991 -0.00068112
170 0.000919218 -0.00133153
170.4 0.000654632 -0.00164121
170.8 0.000420107 -0.00168844
171.2 0.000237867 -0.00155295
171.6 0.000125461 -0.001309
172 9.35716e-05 -0.00101998
172.4 0.00014483 -0.000734751
172.8 0.00027371 -0.000486168
173.2 0.00046743 -0.000291368
173.6 0.000707696 -0.000153804
174 0.000972964 -6.64562e-05
174.4 0.00124093 -1.5746e-05
174.8 0.00149089 1.44001e-05
175.2 0.00170567 3.88438e-05
175.6 0.00187297 6.82949e-05
176 0.00198594 0.000107422
176.4 0.00204305 0.000154146
176.8 0.00204728 0.000200097
177.2 0.00200495 0.000232077
177.6 0.00192425 0.000234266
178 0.00181386 0.000190835
178.4 0.00168175 8.86142e-05
178.8 0.00153449 -8.05359e-05
179.2 0.00137694 -0.000317937
179.6 0.00121257 -0.000617095
180 0.00104411 -0.000963607
180.4 0.000874471 -0.00133598
180.8 0.000707763 -0.00170725
181.2 0.000550123 -0.00204726
181.6 0.000410199 -0.00232536
182 0.000299141 -0.00251315
182.4 0.000230024 -0.0025872
182.8 0.000216725 -0.00253126
183.2 0.000272367 -0.00233794
183.6 0.000407523 -0.0020095
184 0.000628423 -0.00155792
184.4 0.000935442 -0.00100399
184.8 0.00132213 -0.000375686
185.2 0.00177501 0.000294217
185.6 0.00227424 0.000970924
186 0.00279521 0.00162072
186.4 0.00331097 0.00221406
186.8 0.00379531 0.00272846
187.2 0.0042261 0.00315089
187.6 0.00458866 0.00347954
188 0.0048787 0.00372475
188.4 0.00510437 0.00390902
188.8 0.00528732 0.00406612
189.2 0.00546226 0.00423918
189.6 0.00567525 0.00447808
190 0.00598054 0.00483614
190.4 0.00643629 0.00536636
190.8 0.00709956 0.00611751
191.2 0.00802091 0.0071304
191.6 0.00923919 0.00843439
192 0.010777 0.0100448
192.4 0.0126375 0.0119608
192.8 0.0148023 0.0141651
193.2 0.0172317 0.0166239
193.6 0.0198661 0.0192887
194 0.0226296 0.0220989
194.4 0.0254351 0.0249852
194.8 0.0281894 0.027874
195.2 0.0307999 0.030692
195.6 0.0331808 0.0333705
196 0.0352581 0.0358496
196.4 0.0369743 0.038082
196.8 0.0382907 0.0400349
197.2 0.0391886 0.0416913
197.6 0.0396689 0.04305
198 0.039749 0.0441239
198.4 0.03946 0.0449369
198.8 0.0388416 0.0455206
199.2 0.037938 0.0459092
199.6 0.0367927 0.0461347
200 0.0354448 0.0462231
200.4 0.0339263 0.0461893
200.8 0.0322604 0.0460354
201.2 0.030461 0.0457487
201.6 0.0285343 0.0453023
202 0.0264807 0.0446572
202.4 0.0242974 0.0437664
202.8 0.0219822 0.0425802
203.2 0.0195361 0.0410527
203.6 0.0169665 0.0391487
204 0.0142884 0.0368506
204.4 0.0115261 0.0341649
204.8 0.00871272 0.0311264
205.2 0.00588933 0.0278008
205.6 0.00310351 0.0242854
206 0.000407286 0.0207058
206.4 -0.00214492 0.0172105
206.8 -0.00449806 0.0139634
207.2 -0.00659782 0.0111329
207.6 -0.00839136 0.00888091
208 -0.00982747 0.00735028
208.4 -0.0108563 0.00665335
208.8 -0.011429 0.00686163
209.2 -0.0114972 0.007998
209.6 -0.0110135 0.0100322
210 -0.00993285 0.0128802
210.4 -0.00821433 0.0164076
210.8 -0.00582524 0.0204373
211.2 -0.00274562 0.0247606
211.6 0.00102609 0.029152
212 0.0054671 0.0333848
212.4 0.0105246 0.0372482
212.8 0.0161113 0.0405636
213.2 0.0221023 0.0431985
213.6 0.0283355 0.0450774
214 0.0346142 0.0461882
214.4 0.0407134 0.0465836
214.8 0.0463897 0.0463775
215.2 0.0513939 0.0457358
215.6 0.055486 0.0448632
216 0.0584518 0.0439867
216.4 0.0601184 0.043336
216.8 0.0603702 0.0431249
217.2 0.0591603 0.0435322
217.6 0.056519 0.0446863
218 0.0525573 0.0466531
218.4 0.0474647 0.049429
218.8 0.0415013 0.0529399
219.2 0.0349844 0.0570449
219.6 0.028271 0.0615461
220 0.0217369 0.0662027
220.4 0.0157531 0.0707481
220.8 0.0106633 0.0749095
221.2 0.00676193 0.0784272
221.6 0.00427625 0.0810727
222 0.00335244 0.082665
222.4 0.00404759 0.0830816
222.8 0.00632768 0.0822663
223.2 0.0100717 0.080231
223.6 0.0150816 0.0770529
224 0.0210967 0.0728677
224.4 0.0278118 0.067858
224.8 0.0348974 0.0622401
225.2 0.0420197 0.0562487
225.6 0.0488604 0.0501224
226 0.0551336 0.0440888
226.4 0.0605986 0.0383527
226.8 0.0650695 0.0330868
227.2 0.0684196 0.0284253
227.6 0.0705816 0.0244606
228 0.0715441 0.0212436
228.4 0.0713447 0.0187861
228.8 0.0700607 0.0170659
229.2 0.0677992 0.0160321
229.6 0.0646869 0.0156124
230 0.0608601 0.0157195
230.4 0.0564568 0.0162569
230.8 0.0516103 0.0171246
231.2 0.0464454 0.0182231
231.6 0.0410755 0.0194562
232 0.0356027 0.0207331
232.4 0.0301185 0.0219699
232.8 0.0247056 0.0230905
233.2 0.0194394 0.024027
233.6 0.01439 0.0247207
234 0.00962324 0.0251227
234.4 0.00520059 0.0251956
234.8 0.0011788 0.0249141
235.2 -0.00239184 0.0242669
235.6 -0.00546952 0.0232578
236 -0.00802343 0.0219057
236.4 -0.010036 0.0202454
236.8 -0.0115048 0.018326
237.2 -0.0124437 0.0162093
237.6 -0.0128831 0.0139668
238 -0.0128685 0.011676
238.4 -0.0124591 0.00941577
238.8 -0.0117242 0.00726223
239.2 -0.0107398 0.00528374
239.6 -0.00958421 0.00353703
240 -0.00833388 0.00206393
240.4 -0.00705955 0.000889214
240.8 -0.00582273 1.97796e-05
241.2 -0.0046733 -0.000554851
241.6 -0.00364788 -0.000860716
242 -0.00276942 -0.000936514
242.4 -0.00204771 -0.000829874
242.8 -0.00148078 -0.000593175
243.2 -0.00105697 -0.00027929
243.6 -0.000757499 6.23783e-05
244 -0.000559162 0.000389228
244.4 -0.000436958 0.000667912
244.8 -0.000366473 0.00087576
245.2 -0.000325795 0.00100113
245.6 -0.000296884 0.00104276
246 -0.00026636 0.00100826
246.4 -0.000225722 0.000911982
246.8 -0.00017107 0.00077254
247.2 -0.000102444 0.000610269
247.6 -2.29023e-05 0.000444851
248 6.25218e-05 0.000293356
248.4 0.000147861 0.000168828
248.8 0.000227151 7.95e-05
249.2 0.000295184 2.86378e-05
249.6 0.000348037 1.49457e-05
250 0.000383359 3.3411e-05
250.4 0.000400435 7.64366e-05
250.8 0.000400061 0.000135092
251.2 0.000384274 0.000200325
251.6 0.000356001 0.000263994
252 0.000318671 0.000319639
252.4 0.000275849 0.000362912
252.8 0.000230912 0.000391695
253.2 0.000186806 0.000405917
253.6 0.000145889 0.000407144
254 0.000109848 0.00039803
254.4 7.97059e-05 0.000381725
254.8 5.58742e-05 0.000361321
255.2 3.82567e-05 0.000339402
255.6 2.63694e-05 0.000317763
256 1.94694e-05 0.000297287
256.4 1.66758e-05 0.000277998
256.8 1.70741e-05 0.000259242
257.2 1.97994e-05 0.000239963
257.6 2.40953e-05 0.000219007
258 2.93493e-05 0.000195415
258.4 3.51084e-05 0.000168648
258.8 4.10767e-05 0.000138728
259.2 4.70985e-05 0.000106262
259.6 5.31331e-05 7.23746e-05
260 5.92213e-05 3.85509e-05
260.4 6.54493e-05 6.42668e-06
260.8 7.19123e-05 -2.24391e-05
261.2 7.86806e-05 -4.67746e-05
261.6 8.57707e-05 -6.57576e-05
262 9.31243e-05 -7.91082e-05
262.4 0.000100597 -8.71023e-05
262.8 0.000107957 -9.05071e-05
263.2 0.000114898 -9.04533e-05
263.6 0.000121056 -8.82645e-05
264 0.000126045 -8.52698e-05
264.4 0.000129489 -8.26281e-05
264.8 0.000131058 -8.11858e-05
265.2 0.000130511 -8.13871e-05
265.6 0.000127716 -8.32439e-05
266 0.000122678 -8.63684e-05
266.4 0.000115546 -9.00556e-05
266.8 0.000106604 -9.34058e-05
267.2 9.62591e-05 -9.54634e-05
267.6 8.5012e-05 -9.53546e-05
268 7.34194e-05 -9.24053e-05
268.4 6.20561e-05 -8.62238e-05
268.8 5.14739e-05 -7.6741e-05
269.2 4.21658e-05 -6.42067e-05
269.6 3.45369e-05 -4.91452e-05
270 2.88837e-05 -3.22808e-05
270.4 2.53847e-05 -1.44464e-05
270.8 2.41e-05 3.51157e-06
271.2 2.49792e-05 2.08188e-05
271.6 2.78761e-05 3.68373e-05
272 3.25671e-05 5.11041e-05
272.4 3.87706e-05 6.33403e-05
272.8 4.61658e-05 7.34355e-05
273.2 5.44092e-05 8.14118e-05
273.6 6.31479e-05 8.73769e-05
274 7.20302e-05 9.14763e-05
274.4 8.0713e-05 9.38522e-05
274.8 8.88692e-05 9.46161e-05
275.2 9.61929e-05 9.38388e-05
275.6 0.000102407 9.15584e-05
276 0.000107272 8.78019e-05
276.4 0.000110592 8.26165e-05
276.8 0.000112228 7.61033e-05
277.2 0.000112103 6.84448e-05
277.6 0.000110213 5.99218e-05
278 0.000106624 5.09139e-05
278.4 0.000101479 4.18832e-05
278.8 9.49815e-05 3.33407e-05
279.2 8.73941e-05 2.58016e-05
279.6 7.90153e-05 1.97331e-05
280 7.01635e-05 1.55032e-05
280.4 6.11563e-05 1.3338e-05
280.8 5.22912e-05 1.32922e-05
281.2 4.38295e-05 1.52384e-05
281.6 3.59848e-05 1.88769e-05
282 2.89169e-05 2.37641e-05
282.4 2.27319e-05 2.93577e-05
282.8 1.74875e-05 3.50718e-05
283.2 1.32031e-05 4.03366e-05
283.6 9.87181e-06 4.46535e-05
284 7.47287e-06 4.76422e-05
284.4 5.98294e-06 4.9072e-05
284.8 5.38385e-06 4.88758e-05
285.2 5.66611e-06 4.71464e-05
285.6 6.82776e-06 4.41147e-05
286 8.86897e-06 4.01164e-05
286.4 1.17835e-05 3.55493e-05
286.8 1.55486e-05 3.08279e-05
287.2 2.01153e-05 2.63414e-05
287.6 2.54011e-05 2.24176e-05
288 3.12857e-05 1.92985e-05
288.4 3.76127e-05 1.7127e-05
288.8 4.4195e-05 1.59462e-05
289.2 5.08257e-05 1.57092e-05
289.6 5.72923e-05 1.62958e-05
290 6.33923e-05 1.75352e-05
290.4 6.89494e-05 1.92282e-05
290.8 7.3827e-05 2.11694e-05
291.2 7.79384e-05 2.31636e-05
291.6 8.12525e-05 2.50385e-05
292 8.37932e-05 2.66511e-05
292.4 8.56342e-05 2.78899e-05
292.8 8.68895e-05 2.86739e-05
293.2 8.77001e-05 2.89498e-05
293.6 8.82196e-05 2.86886e-05
294 8.86e-05 2.78846e-05
294.4 8.89789e-05 2.65545e-05
294.8 8.94698e-05 2.4739e-05
295.2 9.01566e-05 2.2505e-05
295.6 9.10906e-05 1.99473e-05
296 9.22927e-05 1.71887e-05
296.4 9.3757e-05 1.43778e-05
296.8 9.54569e-05 1.16822e-05
297.2 9.73509e-05 9.27904e-06
297.6 9.93891e-05 7.34167e-06
298 0.000101517 6.02485e-06
298.4 0.00010368 5.4496e-06
298.8 0.000105821 5.6902e-06
299.2 0.000107882 6.76513e-06
299.6 0.000109804 8.63372e-06
300 0.000111522 1.11994e-05
300.4 0.000112966 1.43199e-05
300.8 0.000114058 1.78231e-05
301.2 0.00011472 2.15271e-05
301.6 0.000114871 2.52625e-05
302 0.000114435 2.88934e-05
302.4 0.000113345 3.23343e-05
302.8 0.000111554 3.55615e-05
303.2 0.000109037 3.86164e-05
303.6 0.000105794 4.16e-05
304 0.00010186 4.46596e-05
304.4 9.72962e-05 4.79687e-05
304.8 9.21971e-05 5.17027e-05
305.2 8.66806e-05 5.60128e-05
305.6 8.0884e-05 6.10024e-05
306 7.49576e-05 6.67072e-05
306.4 6.9056e-05 7.30841e-05
306.8 6.33317e-05 8.00067e-05
307.2 5.79278e-05 8.72715e-05
307.6 5.29724e-05 9.46119e-05
308 4.85745e-05 0.000101719
308.4 4.48206e-05 0.000108266
308.8 4.17729e-05 0.000113935
309.2 3.94677e-05 0.000118444
309.6 3.79157e-05 0.000121564
310 3.71012e-05 0.000123135
310.4 3.69824e-05 0.000123073
310.8 3.74926e-05 0.000121369
311.2 3.85411e-05 0.000118084
311.6 4.00151e-05 0.00011333
312 4.17833e-05 0.000107262
312.4 4.37002e-05 0.000100053
312.8 4.56122e-05 9.18866e-05
313.2 4.73645e-05 8.29368e-05
313.6 4.88101e-05 7.3366e-05
314 4.98177e-05 6.33193e-05
314.4 5.02809e-05 5.29271e-05
314.8 5.01251e-05 4.23101e-05
315.2 4.93136e-05 3.15869e-05
315.6 4.78501e-05 2.0882e-05
316 4.57791e-05 1.03319e-05
316.4 4.31828e-05 8.94733e-08
316.8 4.01744e-05 -9.6768e-06
317.2 3.68898e-05 -1.87868e-05
317.6 3.34767e-05 -2.70573e-05
318 3.00836e-05 -3.43129e-05
318.4 2.68481e-05 -4.03994e-05
318.8 2.3888e-05 -4.51966e-05
319.2 2.12932e-05 -4.86299e-05
319.6 1.91214e-05 -5.06786e-05
320 1.73965e-05 -5.13799e-05
320.4 1.61108e-05 -5.08283e-05
320.8 1.52288e-05 -4.91701e-05
321.2 1.46944e-05 -4.65933e-05
321.6 1.44383e-05 -4.33145e-05
322 1.43862e-05 -3.95638e-05
322.4 1.44662e-05 -3.55692e-05
322.8 1.46153e-05 -3.15416e-05
323.2 1.47833e-05 -2.76633e-05
323.6 1.49353e-05 -2.40784e-05
324 1.50524e-05 -2.0888e-05
324.4 1.513e-05 -1.81487e-05
324.8 1.5175e-05 -1.5875e-05
325.2 1.52028e-05 -1.40448e-05
325.6 1.5234e-05 -1.26068e-05
326 1.52907e-05 -1.14892e-05
326.4 1.53941e-05 -1.06089e-05
326.8 1.55629e-05 -9.87988e-06
327.2 1.58121e-05 -9.22134e-06
327.6 1.61528e-05 -8.5634e-06
328 1.65919e-05 -7.85208e-06
328.4 1.71322e-05 -7.05224e-06
328.8 1.77724e-05 -6.14931e-06
329.2 1.85063e-05 -5.14955e-06
329.6 1.93227e-05 -4.07921e-06
330 2.02038e-05 -2.98268e-06
330.4 2.11244e-05 -1.91963e-06
330.8 2.20515e-05 -9.61212e-07
331.2 2.29443e-05 -1.85425e-07
331.6 2.3755e-05 3.28461e-07
332 2.4431e-05 5.06141e-07
332.4 2.49182e-05 2.84979e-07
332.8 2.51652e-05 -3.79195e-07
333.2 2.51277e-05 -1.50572e-06
333.6 2.47737e-05 -3.08375e-06
334 2.40879e-05 -5.06856e-06
334.4 2.30749e-05 -7.38005e-06
334.8 2.17613e-05 -9.90398e-06
335.2 2.01951e-05 -1.24962e-05
335.6 1.84441e-05 -1.49898e-05
336 1.65916e-05 -1.7205e-05
336.4 1.47301e-05 -1.89613e-05
336.8 1.29547e-05 -2.00907e-05
337.2 1.13554e-05 -2.04518e-05
337.6 1.00097e-05 -1.99421e-05
338 8.97611e-06 -1.85095e-05
338.4 8.28983e-06 -1.61602e-05
338.8 7.95971e-06 -1.29624e-05
339.2 7.96819e-06 -9.04715e-06
339.6 8.27338e-06 -4.60284e-06
340 8.81329e-06 1.33272e-07
340.4 9.51174e-06 4.88813e-06
340.8 1.02854e-05 9.36878e-06
341.2 1.10511e-05 1.32803e-05
341.6 1.1733e-05 1.6345e-05
342 1.22687e-05 1.83202e-05
342.4 1.26137e-05 1.90159e-05
342.8 1.27448e-05 1.83084e-05
343.2 1.26602e-05 1.61511e-05
343.6 1.23793e-05 1.25802e-05
344 1.19399e-05 7.71631e-06
344.4 1.13938e-05 1.76015e-06
344.8 1.08026e-05 -5.01589e-06
345.2 1.02319e-05 -1.22813e-05
345.6 9.74654e-06 -1.96648e-05
346 9.40539e-06 -2.67744e-05
346.4 9.25779e-06 -3.32198e-05
346.8 9.34039e-06 -3.8635e-05
347.2 9.67543e-06 -4.27009e-05
347.6 1.02701e-05 -4.51647e-05
348 1.1117e-05 -4.58573e-05
348.4 1.21958e-05 -4.47047e-05
348.8 1.34754e-05 -4.1735e-05
349.2 1.49168e-05 -3.70789e-05
349.6 1.64766e-05 -3.09632e-05
350 1.81099e-05 -2.36993e-05
350.4 1.97736e-05 -1.56648e-05
350.8 2.14289e-05 -7.28198e-06
351.2 2.30437e-05 1.00787e-06
351.6 2.45935e-05 8.77101e-06
352 2.60615e-05 1.56074e-05
352.4 2.74385e-05 2.11743e-05
352.8 2.87212e-05 2.52063e-05
353.2 2.99099e-05 2.75297e-05
353.6 3.10059e-05 2.80701e-05
354 3.20084e-05 2.68542e-05
354.4 3.29123e-05 2.40035e-05
354.8 3.37054e-05 1.97229e-05
355.2 3.4367e-05 1.4284e-05
355.6 3.48679e-05 8.00457e-06
356 3.51708e-05 1.22627e-06
356.4 3.52324e-05 -5.70748e-06
356.8 3.50066e-05 -1.24724e-05
357.2 3.44482e-05 -1.8781e-05
357.6 3.35172e-05 -2.43961e-05
358 3.21833e-05 -2.91398e-05
358.4 3.04297e-05 -3.2897e-05
358.8 2.82553e-05 -3.56145e-05
359.2 2.56772e-05 -3.72957e-05
359.6 2.27298e-05 -3.79922e-05
360 1.94637e-05 -3.77932e-05
360.4 1.59425e-05 -3.68134e-05
360.8 1.22386e-05 -3.51818e-05
361.2 8.42829e-06 -3.30306e-05
361.6 4.58688e-06 -3.04863e-05
362 7.84002e-07 -2.76629e-05
362.4 -2.92003e-06 -2.46572e-05
362.8 -6.47657e-06 -2.1547e-05
363.2 -9.84941e-06 -1.83907e-05
363.6 -1.3014e-05 -1.52292e-05
364 -1.59551e-05 -1.20888e-05
364.4 -1.86637e-05 -8.98503e-06
364.8 -2.11332e-05 -5.92711e-06
365.2 -2.33551e-05 -2.92188e-06
365.6 -2.53168e-05 2.21064e-08
366 -2.69986e-05 2.89134e-06
366.4 -2.83735e-05 5.66473e-06
366.8 -2.94086e-05 8.31193e-06
367.2 -3.00674e-05 1.07926e-05
367.6 -3.0314e-05 1.30568e-05
368 -3.0118e-05 1.50461e-05
368.4 -2.94598e-05 1.66961e-05
368.8 -2.83353e-05 1.79396e-05
369.2 -2.67598e-05 1.87103e-05
369.6 -2.47701e-05 1.89479e-05
370 -2.24247e-05 1.86027e-05
370.4 -1.98023e-05 1.76402e-05
370.8 -1.69975e-05 1.6046e-05
371.2 -1.41153e-05 1.38291e-05
371.6 -1.12646e-05 1.10243e-05
372 -8.55048e-06 7.69355e-06
372.4 -6.06696e-06 3.92479e-06
372.8 -3.89085e-06 -1.70381e-07
373.2 -2.07661e-06 -4.46096e-06
373.6 -6.53367e-07 -8.80228e-06
374 3.75993e-07 -1.30428e-05
374.4 1.03356e-06 -1.70319e-05
374.8 1.36313e-06 -2.0627e-05
375.2 1.42536e-06 -2.37012e-05
375.6 1.29183e-06 -2.61495e-05
376 1.0386e-06 -2.78934e-05
376.4 7.39923e-07 -2.88846e-05
376.8 4.6258e-07 -2.91059e-05
377.2 2.61356e-07 -2.8571e-05
377.6 1.7592e-07 -2.73224e-05
378 2.29248e-07 -2.54281e-05
378.4 4.27554e-07 -2.29767e-05
378.8 7.61585e-07 -2.00726e-05
379.2 1.20897e-06 -1.68301e-05
379.6 1.73728e-06 -1.33682e-05
380 2.30751e-06 -9.80548e-06
380.4 2.87748e-06 -6.25549e-06
380.8 3.40504e-06 -2.82266e-06
381.2 3.85073e-06 4.00915e-07
381.6 4.17993e-06 3.33802e-06
382 4.36424e-06 5.92826e-06
382.4 4.38239e-06 8.12927e-06
382.8 4.22056e-06 9.91728e-06
383.2 3.87237e-06 1.1287e-05
383.6 3.33859e-06 1.22507e-05
384 2.62674e-06 1.2837e-05
384.4 1.75058e-06 1.30881e-05
384.8 7.2961e-07 1.30574e-05
385.2 -4.11429e-07 1.28057e-05
385.6 -1.64317e-06 1.23976e-05
386 -2.93228e-06 1.1897e-05
386.4 -4.24227e-06 1.13637e-05
386.8 -5.53458e-06 1.08496e-05
387.2 -6.76974e-06 1.03961e-05
387.6 -7.90883e-06 1.0032e-05
388 -8.91512e-06 9.77323e-06
388.4 -9.75564e-06 9.62302e-06
388.8 -1.04029e-05 9.57372e-06
389.2 -1.08362e-05 9.60928e-06
389.6 -1.1043e-05 9.70836e-06
390 -1.10195e-05 9.84773e-06
390.4 -1.0771e-05 1.00054e-05
390.8 -1.03118e-05 1.01632e-05
391.2 -9.66408e-06 1.03084e-05
391.6 -8.85682e-06 1.04346e-05
392 -7.924e-06 1.05407e-05
392.4 -6.9025e-06 1.063e-05
392.8 -5.82995e-06 1.07073e-05
393.2 -4.7425e-06 1.07769e-05
393.6 -3.67276e-06 1.08394e-05
394 -2.6482e-06 1.089e-05
394.4 -1.68987e-06 1.09171e-05
394.8 -8.11809e-07 1.09018e-05
395.2 -2.10289e-08 1.08196e-05
395.6 6.81841e-07 1.06419e-05
396 1.30137e-06 1.03395e-05
396.4 1.84566e-06 9.88613e-06
396.8 2.32441e-06 9.26226e-06
397.2 2.74682e-06 8.45838e-06
397.6 3.11963e-06 7.47757e-06
398 3.44549e-06 6.3368e-06
398.4 3.72176e-06 5.06678e-06
398.8 3.94002e-06 3.71039e-06
399.2 4.08626e-06 2.31976e-06
399.6 4.14189e-06 9.52288e-07
400 4.08536e-06 -3.33873e-07
