-0.998 -3.98783 -3.21342
-0.996 -4.44809 -2.47612
-0.994 -4.75487 -1.5741
-0.992 -4.92193 -0.739008
-0.99 -4.91425 -0.196794
-0.988 -4.6593 -0.118504
-0.986 -4.07377 -0.581013
-0.984 -3.09874 -1.54594
-0.982 -1.7338 -2.86117
-0.98 -0.0603326 -4.28502
-0.978 1.75362 -5.52867
-0.976 3.47039 -6.30892
-0.974 4.81977 -6.4019
-0.972 5.54908 -5.68763
-0.97 5.47572 -4.17755
-0.968 4.53029 -2.01976
-0.966 2.78008 0.519183
-0.964 0.426957 3.09308
-0.962 -2.22075 5.32904
-0.96 -4.797 6.88585
-0.958 -6.93787 7.50782
-0.956 -8.34059 7.06548
-0.954 -8.81079 5.57664
-0.952 -8.28975 3.20472
-0.95 -6.85758 0.235588
-0.948 -4.71321 -2.96279
-0.946 -2.1363 -5.99074
-0.944 0.560805 -8.46927
-0.942 3.08137 -10.0869
-0.94 5.18364 -10.6351
-0.938 6.70436 -10.0283
-0.936 7.56357 -8.30872
-0.934 7.75221 -5.63599
-0.932 7.30841 -2.26517
-0.93 6.29104 1.48349
-0.928 4.75939 5.25911
-0.926 2.76542 8.71562
-0.924 0.361047 11.5446
-0.922 -2.38239 13.5027
-0.92 -5.34943 14.4322
-0.918 -8.36013 14.2727
-0.916 -11.1633 13.0641
-0.914 -13.4497 10.9408
-0.912 -14.8873 8.11756
-0.91 -15.1745 4.86817
-0.908 -14.1019 1.4987
-0.906 -11.6113 -1.68335
-0.904 -7.8371 -4.40091
-0.902 -3.11811 -6.43696
-0.9 2.02542 -7.65832
-0.898 6.95183 -8.03007
-0.896 10.987 -7.61807
-0.894 13.5292 -6.57838
-0.892 14.1512 -5.13445
-0.89 12.6825 -3.54506
-0.888 9.25364 -2.0674
-0.886 4.29257 -0.921176
-0.884 -1.52822 -0.259341
-0.882 -7.38874 -0.150207
-0.88 -12.4468 -0.573744
-0.878 -15.9707 -1.43219
-0.876 -17.4565 -2.57254
-0.874 -16.7081 -3.81625
-0.872 -13.8674 -4.99039
-0.87 -9.3869 -5.95455
-0.868 -3.95255 -6.61879
-0.866 1.63024 -6.95021
-0.864 6.56653 -6.96778
-0.862 10.1948 -6.7276
-0.86 12.0829 -6.30242
-0.858 12.0809 -5.76029
-0.856 10.3262 -5.14717
-0.854 7.19977 -4.47756
-0.852 3.24684 -3.73533
-0.85 -0.924142 -2.88465
-0.848 -4.74354 -1.88842
-0.846 -7.7658 -0.73004
-0.844 -9.72351 0.567399
-0.842 -10.5431 1.92943
-0.84 -10.3232 3.23017
-0.838 -9.28371 4.30517
-0.836 -7.70025 4.9757
-0.834 -5.83859 5.08026
-0.832 -3.90442 4.50735
-0.83 -2.01742 3.22287
-0.828 -0.213015 1.28659
-0.826 1.5319 -1.14607
-0.824 3.25817 -3.83806
-0.822 4.98051 -6.49864
-0.82 6.65253 -8.82105
-0.818 8.1499 -10.5241
-0.816 9.2767 -11.3909
-0.814 9.79445 -11.2993
-0.812 9.4686 -10.2384
-0.81 8.1233 -8.31004
-0.808 5.69301 -5.71477
-0.806 2.25938 -2.72608
-0.804 -1.93584 0.343383
-0.802 -6.50681 3.17751
-0.8 -10.9681 5.48943
-0.798 -14.8006 7.04752
-0.796 -17.5284 7.69263
-0.794 -18.7913 7.34671
-0.792 -18.4031 6.01385
-0.79 -16.3824 3.7761
-0.788 -12.9553 0.78582
-0.786 -8.52686 -2.74411
-0.784 -3.63045 -6.552
-0.782 1.14029 -10.3414
-0.78 5.20504 -13.799
-0.778 8.06714 -16.616
-0.776 9.37203 -18.5152
-0.774 8.9472 -19.2801
-0.772 6.81965 -18.7843
-0.77 3.21017 -17.0179
-0.768 -1.49397 -14.1036
-0.766 -6.78345 -10.299
-0.764 -12.0828 -5.98126
-0.762 -16.8119 -1.61252
-0.76 -20.4459 2.31152
-0.758 -22.5701 5.32418
-0.756 -22.9224 7.05303
-0.754 -21.4221 7.27748
-0.752 -18.1808 5.96888
-0.75 -13.4941 3.30505
-0.748 -7.81395 -0.344946
-0.746 -1.70299 -4.46541
-0.744 4.22547 -8.46275
-0.742 9.37553 -11.7487
-0.74 13.2373 -13.8258
-0.738 15.4465 -14.3613
-0.736 15.8272 -13.2383
-0.734 14.4095 -10.5741
-0.732 11.4213 -6.70383
-0.73 7.25351 -2.13008
-0.728 2.40486 2.55224
-0.726 -2.58483 6.74461
-0.724 -7.20291 9.93223
-0.722 -11.0233 11.7562
-0.72 -13.7485 12.0592
-0.718 -15.2287 10.8979
-0.716 -15.4567 8.52135
-0.714 -14.5414 5.32039
-0.712 -12.6675 1.75754
-0.71 -10.0505 -1.70959
-0.708 -6.89834 -4.69822
-0.706 -3.38807 -6.95207
-0.704 0.337806 -8.36722
-0.702 4.15605 -8.98961
-0.7 7.9347 -8.98665
-0.698 11.5026 -8.60015
-0.696 14.6283 -8.09027
-0.694 17.0178 -7.68141
-0.692 18.3376 -7.51977
-0.69 18.2611 -7.64962
-0.688 16.5335 -8.01169
-0.686 13.0412 -8.46281
-0.684 7.87101 -8.81203
-0.682 1.34559 -8.86562
-0.68 -5.97812 -8.47196
-0.678 -13.3524 -7.55758
-0.676 -19.9226 -6.14744
-0.674 -24.8421 -4.36607
-0.672 -27.401 -2.41949
-0.67 -27.1479 -0.561901
-0.668 -23.9811 0.9466
-0.666 -18.1914 1.88334
-0.664 -10.4431 2.10013
-0.662 -1.69357 1.54819
-0.66 6.93955 0.287459
-0.658 14.3409 -1.52037
-0.656 19.5634 -3.63331
-0.654 21.9693 -5.76149
-0.652 21.3221 -7.60552
-0.65 17.8139 -8.89548
-0.648 12.0259 -9.42549
-0.646 4.8286 -9.07947
-0.644 -2.75942 -7.84547
-0.642 -9.73043 -5.81724
-0.64 -15.2371 -3.18344
-0.638 -18.7086 -0.206368
-0.636 -19.9148 2.80729
-0.634 -18.9707 5.54036
-0.632 -16.2828 7.70028
-0.63 -12.4517 9.05184
-0.628 -8.14968 9.44426
-0.626 -3.99981 8.82958
-0.624 -0.47822 7.27022
-0.622 2.14334 4.93478
-0.62 3.80732 2.08233
-0.618 4.63556 -0.96346
-0.616 4.8622 -3.84775
-0.614 4.75212 -6.2227
-0.612 4.52451 -7.78679
-0.61 4.29803 -8.32139
-0.608 4.06828 -7.72009
-0.606 3.72049 -6.00668
-0.604 3.07247 -3.33794
-0.602 1.93687 0.0104596
-0.6 0.18752 3.67425
-0.598 -2.18577 7.24366
-0.596 -5.04731 10.3133
-0.594 -8.11851 12.5324
-0.592 -11.0145 13.6475
-0.59 -13.3079 13.5335
-0.588 -14.6067 12.208
-0.586 -14.6305 9.82862
-0.584 -13.2691 6.67244
-0.582 -10.6111 3.10193
-0.58 -6.93689 -0.48007
-0.578 -2.67807 -3.67983
-0.576 1.64977 -6.16044
-0.574 5.52648 -7.68166
-0.572 8.50509 -8.12636
-0.57 10.2738 -7.5105
-0.568 10.6925 -5.97547
-0.566 9.80024 -3.76442
-0.564 7.79389 -1.18632
-0.562 4.98636 1.42704
-0.56 1.7526 3.76481
-0.558 -1.52566 5.57571
-0.556 -4.50749 6.69612
-0.554 -6.92658 7.06424
-0.552 -8.60833 6.71885
-0.55 -9.47112 5.78363
-0.548 -9.51539 4.43979
-0.546 -8.80598 2.89175
-0.544 -7.45352 1.33124
-0.542 -5.59963 -0.0940171
-0.54 -3.40787 -1.30187
-0.538 -1.05965 -2.28345
-0.536 1.24817 -3.09572
-0.534 3.30855 -3.84008
-0.532 4.91575 -4.63121
-0.53 5.88439 -5.56241
-0.528 6.07408 -6.67448
-0.526 5.41521 -7.93473
-0.524 3.92957 -9.23109
-0.522 1.73979 -10.3837
-0.52 -0.936961 -11.173
-0.518 -3.81273 -11.3812
-0.516 -6.56792 -10.8388
-0.514 -8.9001 -9.46825
-0.512 -10.5738 -7.31552
-0.51 -11.4615 -4.55963
-0.508 -11.5661 -1.49736
-0.506 -11.0199 1.49743
-0.504 -10.0591 4.03381
-0.502 -8.97746 5.77273
-0.5 -8.0683 6.49213
-0.498 -7.56682 6.13553
-0.496 -7.60275 4.8334
-0.494 -8.17415 2.89124
-0.492 -9.14768 0.743592
-0.49 -10.2869 -1.12034
-0.488 -11.304 -2.24808
-0.486 -11.9246 -2.31616
-0.484 -11.9528 -1.20523
-0.482 -11.3207 0.958344
-0.48 -10.1103 3.80578
-0.478 -8.54141 6.77685
-0.476 -6.92722 9.21214
-0.474 -5.60621 10.4712
-0.472 -4.86522 10.0555
-0.47 -4.87055 7.71249
-0.468 -5.62217 3.50005
-0.466 -6.94166 -2.20286
-0.464 -8.49816 -8.74478
-0.462 -9.86907 -15.3029
-0.46 -10.6253 -21.0207
-0.458 -10.4256 -25.1573
-0.456 -9.10003 -27.2209
-0.454 -6.70617 -27.0608
-0.452 -3.54196 -24.8974
-0.45 -0.110391 -21.2849
-0.448 2.96102 -17.0086
-0.446 5.0331 -12.938
-0.444 5.58015 -9.85958
-0.442 4.30365 -8.32329
-0.44 1.21191 -8.53205
-0.438 -3.35206 -10.2975
-0.436 -8.74337 -13.0724
-0.434 -14.1069 -16.0554
-0.432 -18.5148 -18.3491
-0.43 -21.1266 -19.1403
-0.428 -21.3443 -17.8681
-0.426 -18.9332 -14.346
-0.424 -14.0849 -8.81235
-0.422 -7.4086 -1.89946
-0.42 0.150651 5.47567
-0.418 7.45585 12.2781
-0.416 13.3617 17.5482
-0.414 16.9088 20.5841
-0.412 17.4957 21.0768
-0.41 14.9984 19.1703
-0.408 9.81436 15.4333
-0.406 2.81854 10.7471
-0.404 -4.76522 6.13096
-0.402 -11.56 2.53977
-0.4 -16.2677 0.674525
-0.398 -17.898 0.843711
-0.396 -15.9543 2.90352
-0.394 -10.5423 6.28924
-0.392 -2.38034 10.132
-0.39 7.29529 13.4386
-0.388 16.9165 15.2984
-0.386 24.8334 15.0771
-0.384 29.589 12.5574
-0.382 30.1715 7.99747
-0.38 26.2029 2.09471
-0.378 18.0272 -4.13968
-0.376 6.68195 -9.57108
-0.374 -6.2476 -13.1593
-0.372 -18.87 -14.1613
-0.37 -29.2867 -12.2791
-0.368 -35.9004 -7.72395
-0.366 -37.6816 -1.18524
-0.364 -34.3475 6.29085
-0.362 -26.422 13.4884
-0.36 -15.163 19.2388
-0.358 -2.36586 22.6274
-0.356 9.92662 23.1495
-0.354 19.762 20.7887
-0.352 25.6047 16.0061
-0.35 26.595 9.64415
-0.348 22.6932 2.76817
-0.346 14.6809 -3.52183
-0.344 4.01928 -8.2737
-0.342 -7.41067 -10.8269
-0.34 -17.6398 -10.8943
-0.338 -24.9534 -8.57317
-0.336 -28.1853 -4.28942
-0.334 -26.9102 1.30684
-0.332 -21.5035 7.46868
-0.33 -13.0578 13.4747
-0.328 -3.17264 18.7229
-0.326 6.34603 22.7814
-0.324 13.8209 25.3945
-0.322 18.0132 26.455
-0.32 18.3494 25.9585
-0.318 15.0211 23.962
-0.316 8.93866 20.5617
-0.314 1.54714 15.8989
-0.312 -5.46219 10.1902
-0.31 -10.4872 3.77145
-0.308 -12.3332 -2.86626
-0.306 -10.4515 -9.06641
-0.304 -5.05214 -14.0413
-0.302 2.93067 -16.9569
-0.3 12.014 -17.0622
-0.298 20.4482 -13.8447
-0.296 26.5509 -7.1791
-0.294 29.0304 2.5643
-0.292 27.2361 14.4856
-0.29 21.2907 27.2163
-0.288 12.0802 39.0795
-0.286 1.10352 48.33
-0.284 -9.78994 53.4394
-0.282 -18.7273 53.3749
-0.28 -24.1452 47.8188
-0.278 -25.0681 37.28
-0.276 -21.2827 23.0699
-0.274 -13.3745 7.13293
-0.272 -2.62224 -8.24448
-0.27 9.23097 -20.8018
-0.268 20.285 -28.6858
-0.266 28.8099 -30.7751
-0.264 33.5316 -26.8853
-0.262 33.8269 -17.8132
-0.26 29.7963 -5.20568
-0.258 22.2096 8.72611
-0.256 12.345 21.597
-0.254 1.75554 31.2709
-0.252 -7.98957 36.2378
-0.25 -15.5446 35.8729
-0.248 -19.9701 30.5286
-0.246 -20.8356 21.441
-0.244 -18.2322 10.4703
-0.242 -12.7044 -0.276075
-0.24 -5.12151 -8.86258
-0.238 3.48203 -13.9045
-0.236 12.0633 -14.8315
-0.234 19.6987 -11.9813
-0.232 25.6646 -6.50541
-0.23 29.4682 -0.103122
-0.228 30.8373 5.36062
-0.226 29.6882 8.2756
-0.224 26.0902 7.65629
-0.222 20.2447 3.38235
-0.22 12.4827 -3.74369
-0.218 3.27902 -12.138
-0.216 -6.73232 -19.7514
-0.214 -16.7593 -24.499
-0.212 -25.8849 -24.7177
-0.21 -33.1415 -19.5594
-0.208 -37.6234 -9.23624
-0.206 -38.6223 4.93634
-0.204 -35.7635 20.717
-0.202 -29.1133 35.3101
-0.2 -19.2312 45.867
-0.198 -7.14821 50.0251
-0.196 5.73647 46.3806
-0.194 17.8326 34.8045
-0.192 27.5877 16.5341
-0.19 33.7304 -5.9822
-0.188 35.4871 -29.4658
-0.186 32.727 -50.3482
-0.184 26.0032 -65.3765
-0.182 16.4752 -72.1737
-0.18 5.72093 -69.6516
-0.178 -4.52927 -58.2029
-0.176 -12.6885 -39.6344
-0.174 -17.5814 -16.8563
-0.172 -18.6355 6.61697
-0.17 -15.9574 27.2632
-0.168 -10.2834 42.1386
-0.166 -2.81403 49.3506
-0.164 5.03513 48.3365
-0.162 11.916 39.9029
-0.16 16.8096 26.0269
-0.158 19.2138 9.46149
-0.156 19.2178 -6.77698
-0.154 17.4473 -19.9442
-0.152 14.891 -28.027
-0.15 12.6471 -30.048
-0.148 11.6454 -26.1664
-0.146 12.4082 -17.5675
-0.144 14.9051 -6.1732
-0.142 18.5367 5.76345
-0.14 22.253 16.0964
-0.138 24.7838 23.1744
-0.136 24.9365 26.1074
-0.134 21.8958 24.8699
-0.132 15.4636 20.231
-0.13 6.1821 13.5341
-0.128 -4.69266 6.3803
-0.126 -15.3721 0.280378
-0.124 -23.8433 -3.65065
-0.122 -28.2489 -4.89879
-0.12 -27.2666 -3.61746
-0.118 -20.413 -0.547496
-0.116 -8.20732 3.18712
-0.114 7.84217 6.36011
-0.112 25.4371 7.93837
-0.11 41.844 7.32855
-0.108 54.3475 4.5231
-0.106 60.7219 0.116772
-0.104 59.6359 -4.80818
-0.102 50.9125 -8.90308
-0.1 35.5934 -10.8344
-0.098 15.7931 -9.56938
-0.096 -5.63314 -4.61001
-0.094 -25.548 3.87056
-0.092 -41.0352 15.0154
-0.09 -49.8617 27.3998
-0.088 -50.8203 39.2553
-0.086 -43.8997 48.7645
-0.084 -30.2568 54.3704
-0.082 -11.9997 55.0466
-0.08 8.17943 50.4768
-0.078 27.4544 41.1124
-0.076 43.3199 28.0989
-0.074 53.9685 13.0895
-0.072 58.5258 -2.02032
-0.07 57.1096 -15.385
-0.068 50.7144 -25.4804
-0.066 40.9568 -31.3108
-0.064 29.7417 -32.523
-0.062 18.9157 -29.4172
-0.06 9.97132 -22.8604
-0.058 3.84602 -14.1209
-0.056 0.843404 -4.65671
-0.054 0.676923 4.10978
-0.052 2.61819 10.993
-0.05 5.71334 15.1931
-0.048 9.01966 16.371
-0.046 11.8116 14.6458
-0.044 13.7138 10.5205
-0.042 14.7344 4.75723
-0.04 15.1999 -1.76879
-0.038 15.6112 -8.20983
-0.036 16.4635 -13.8561
-0.034 18.078 -18.2035
-0.032 20.4854 -20.9765
-0.03 23.3914 -22.1129
-0.028 26.2295 -21.7224
-0.026 28.2872 -20.0305
-0.024 28.8765 -17.3206
-0.022 27.5091 -13.881
-0.02 24.0366 -9.96631
-0.018 18.7244 -5.77745
-0.016 12.2403 -1.46158
-0.014 5.55851 2.87017
-0.012 -0.208334 7.11599
-0.01 -4.01587 11.1586
-0.008 -5.09657 14.8533
-0.006 -3.12722 18.0347
-0.004 1.68115 20.5411
-0.002 8.59456 22.2478
0 16.4723 23.0982
0.002 23.9688 23.1214
0.004 29.7794 22.4396
0.006 32.8812 21.2535
0.008 32.7141 19.8248
0.01 29.2693 18.4501
0.012 23.0673 17.4284
0.014 15.0392 17.0213
0.016 6.33621 17.4092
0.018 -1.88949 18.6479
0.02 -8.6902 20.638
0.022 -13.4763 23.1172
0.024 -16.0905 25.6798
0.026 -16.792 27.826
0.028 -16.157 29.0332
0.03 -14.9183 28.8377
0.032 -13.7799 26.9146
0.034 -13.2474 23.1459
0.036 -13.5137 17.6644
0.038 -14.4251 10.8689
0.04 -15.5411 3.40283
0.042 -16.2723 -3.90672
0.044 -16.0679 -10.1478
0.046 -14.6052 -14.452
0.048 -11.9314 -16.1363
0.05 -8.51901 -14.8337
0.052 -5.21273 -10.5891
0.054 -3.07392 -3.89754
0.056 -3.15172 4.32814
0.058 -6.22876 12.8611
0.06 -12.5952 20.3235
0.062 -21.9011 25.3866
0.064 -33.1225 26.9761
0.066 -44.6593 24.4525
0.068 -54.5575 17.7348
0.07 -60.8286 7.34582
0.072 -61.8134 -5.63308
0.074 -56.5271 -19.6972
0.076 -44.9142 -33.1274
0.078 -27.9551 -44.2442
0.08 -7.58963 -51.6673
0.082 13.5402 -54.5357
0.084 32.4906 -52.6489
0.086 46.4889 -46.4994
0.088 53.3967 -37.1868
0.09 52.079 -26.2285
0.092 42.6148 -15.2976
0.094 26.3111 -5.93877
0.096 5.51414 0.689082
0.098 -16.7528 3.99378
0.1 -37.2683 4.02463
0.102 -53.1277 1.42735
0.104 -62.2064 -2.71118
0.106 -63.4883 -7.09898
0.108 -57.2027 -10.511
0.11 -44.7462 -12.0447
0.112 -28.4068 -11.3075
0.114 -10.9458 -8.49823
0.116 4.88355 -4.3617
0.118 16.7931 -0.0236236
0.12 23.3121 3.26294
0.122 23.9766 4.40818
0.124 19.3317 2.75179
0.126 10.7535 -1.75366
0.128 0.134432 -8.48544
0.13 -10.5043 -16.2371
0.132 -19.3939 -23.4372
0.134 -25.3227 -28.4613
0.136 -27.8089 -29.9755
0.138 -27.1154 -27.244
0.14 -24.1149 -20.3341
0.142 -20.0402 -10.1713
0.144 -16.1767 1.5755
0.146 -13.5641 12.7671
0.148 -12.7686 21.1806
0.15 -13.7721 24.9409
0.152 -15.9993 22.9136
0.154 -18.4739 14.9811
0.156 -20.067 2.14036
0.158 -19.7809 -13.6069
0.16 -17.0049 -29.561
0.162 -11.6856 -42.7794
0.164 -4.37415 -50.6008
0.166 3.8568 -51.1427
0.168 11.611 -43.6786
0.17 17.4383 -28.822
0.172 20.1234 -8.47545
0.174 18.9358 14.4506
0.176 13.7929 36.5068
0.178 5.30424 54.2806
0.18 -5.31353 64.9763
0.182 -16.435 66.8966
0.184 -26.3012 59.7371
0.186 -33.3189 44.6398
0.188 -36.3279 23.9944
0.19 -34.786 1.02464
0.192 -28.8423 -20.766
0.194 -19.2892 -38.1882
0.196 -7.41055 -48.8931
0.198 5.23884 -51.7379
0.2 17.0803 -46.9284
0.202 26.7389 -35.9184
0.204 33.2168 -21.0904
0.206 35.9899 -5.28372
0.208 35.0226 8.73862
0.21 30.7079 18.7829
0.212 23.7555 23.5874
0.214 15.0542 22.9914
0.216 5.53722 17.8863
0.218 -3.92528 9.96651
0.22 -12.594 1.33556
0.222 -19.8861 -5.94993
0.224 -25.369 -10.3074
0.226 -28.7386 -10.9411
0.228 -29.8027 -7.98148
0.23 -28.4815 -2.4254
0.232 -24.8317 4.10488
0.234 -19.0869 9.73174
0.236 -11.6972 12.7418
0.238 -3.34573 11.9679
0.24 5.07483 7.05363
0.242 12.5398 -1.45088
0.244 18.0185 -12.1824
0.246 20.6334 -23.2255
0.248 19.8224 -32.4882
0.25 15.4728 -38.1178
0.252 7.99403 -38.8735
0.254 -1.69176 -34.3842
0.256 -12.2497 -25.2416
0.258 -22.1143 -12.9096
0.26 -29.7297 0.530009
0.262 -33.8098 12.7486
0.264 -33.5737 21.5872
0.266 -28.9101 25.4399
0.268 -20.4329 23.5343
0.27 -9.41064 16.0585
0.272 2.42783 4.11578
0.274 13.1795 -10.4801
0.276 21.0958 -25.5268
0.278 24.8924 -38.8093
0.28 23.9796 -48.4616
0.282 18.5705 -53.2496
0.284 9.6444 -52.7318
0.286 -1.22717 -47.2758
0.288 -12.1606 -37.9397
0.29 -21.2951 -26.2492
0.292 -27.1223 -13.9183
0.294 -28.7513 -2.567
0.296 -26.0598 6.5125
0.298 -19.7055 12.5074
0.3 -10.9935 15.135
0.302 -1.62342 14.5988
0.304 6.63505 11.4702
0.306 12.279 6.53253
0.308 14.3565 0.621791
0.31 12.6435 -5.50335
0.312 7.68027 -11.2425
0.314 0.659215 -16.18
0.316 -6.81331 -20.0656
0.318 -13.0355 -22.7655
0.32 -16.5465 -24.209
0.322 -16.4165 -24.3477
0.324 -12.4331 -23.1444
0.326 -5.14989 -20.5933
0.328 4.21126 -16.764
0.33 13.9853 -11.8542
0.332 22.3724 -6.22771
0.334 27.7733 -0.419971
0.336 29.0889 4.90198
0.338 25.9315 9.02489
0.34 18.7094 11.3078
0.342 8.56855 11.311
0.344 -2.79761 8.90574
0.346 -13.4396 4.33984
0.348 -21.4921 -1.76353
0.35 -25.5025 -8.47882
0.352 -24.6894 -14.7163
0.354 -19.0832 -19.4034
0.356 -9.52481 -21.676
0.358 2.47676 -21.0439
0.36 15.0003 -17.4952
0.362 26.0349 -11.5165
0.364 33.8132 -4.02238
0.366 37.097 3.79747
0.368 35.3704 10.6845
0.37 28.9115 15.5341
0.372 18.7322 17.5929
0.374 6.40149 16.592
0.376 -6.21675 12.7918
0.378 -17.2678 6.92748
0.38 -25.1995 0.0666824
0.382 -28.9993 -6.59441
0.384 -28.3354 -11.9567
0.386 -23.5844 -15.2219
0.388 -15.7426 -16.0342
0.39 -6.24103 -14.5333
0.392 3.30283 -11.3104
0.394 11.3533 -7.27566
0.396 16.7011 -3.4664
0.398 18.6452 -0.833864
0.4 17.0844 -0.0503664
0.402 12.507 -1.37446
0.404 5.8839 -4.59976
0.406 -1.51363 -9.09679
0.408 -8.33836 -13.9389
0.41 -13.3934 -18.0867
0.412 -15.8231 -20.5943
0.414 -15.2376 -20.7952
0.416 -11.7559 -18.4321
0.418 -5.9625 -13.7046
0.42 1.20799 -7.22744
0.422 8.6374 0.0895183
0.424 15.2119 7.2162
0.426 20.0002 13.1954
0.428 22.3942 17.3173
0.43 22.1901 19.2427
0.432 19.5995 19.052
0.434 15.1915 17.2134
0.436 9.77804 14.4759
0.438 4.26564 11.7117
0.44 -0.499582 9.73722
0.442 -3.86613 9.15057
0.444 -5.46848 10.2148
0.446 -5.2627 12.8105
0.448 -3.50395 16.4641
0.45 -0.673955 20.4446
0.452 2.62499 23.9087
0.454 5.78818 26.0647
0.456 8.3165 26.3233
0.458 9.89504 24.4093
0.46 10.4302 20.4117
0.462 10.0419 14.7671
0.464 9.0156 8.18013
0.466 7.72833 1.49729
0.468 6.56361 -4.44033
0.47 5.83354 -8.93882
0.472 5.72173 -11.562
0.474 6.25664 -12.1925
0.476 7.31836 -11.0341
0.478 8.67587 -8.55864
0.48 10.0457 -5.40832
0.482 11.159 -2.27402
0.484 11.8215 0.22793
0.486 11.9538 1.65802
0.488 11.6029 1.81779
0.49 10.9238 0.766869
0.492 10.1359 -1.20692
0.494 9.46819 -3.65525
0.496 9.10308 -6.05964
0.498 9.13431 -7.92674
0.5 9.54529 -8.87165
0.502 10.2119 -8.67612
0.504 10.9276 -7.31415
0.506 11.4452 -4.94343
0.508 11.5267 -1.86678
0.51 10.9914 1.5274
0.512 9.75262 4.83379
0.514 7.8369 7.69512
0.516 5.3817 9.85221
0.518 2.61308 11.1715
0.52 -0.191204 11.6479
0.522 -2.74534 11.3847
0.524 -4.79702 10.5578
0.526 -6.15965 9.3732
0.528 -6.73086 8.02493
0.53 -6.49601 6.6627
0.532 -5.51888 5.37303
0.534 -3.92386 4.17627
0.536 -1.87501 3.03847
0.538 0.442962 1.89463
0.54 2.83841 0.677652
0.542 5.12041 -0.653152
0.544 7.10233 -2.09032
0.546 8.60515 -3.56763
0.548 9.4647 -4.96304
0.55 9.54561 -6.11449
0.552 8.76164 -6.84616
0.554 7.09935 -7.00011
0.556 4.63909 -6.46832
0.558 1.56689 -5.2191
0.56 -1.82872 -3.31353
0.562 -5.17813 -0.908385
0.564 -8.07029 1.75549
0.566 -10.1064 4.37839
0.568 -10.9607 6.63757
0.57 -10.4368 8.22875
0.572 -8.51135 8.90801
0.574 -5.35171 8.52792
0.576 -1.30492 7.06279
0.578 3.14523 4.61883
0.58 7.44669 1.4271
0.582 11.0625 -2.18065
0.584 13.5544 -5.81029
0.586 14.6508 -9.05288
0.588 14.2864 -11.535
0.59 12.6048 -12.9653
0.592 9.92427 -13.1709
0.594 6.67264 -12.12
0.596 3.30593 -9.92673
0.598 0.226527 -6.83943
0.6 -2.28184 -3.21139
0.602 -4.08988 0.541006
0.604 -5.22294 3.98844
0.606 -5.8275 6.74063
0.608 -6.11254 8.49287
0.61 -6.27988 9.0611
0.612 -6.45962 8.40082
0.614 -6.66586 6.60836
0.616 -6.78387 3.9052
0.618 -6.5935 0.608812
0.62 -5.82567 -2.90583
0.622 -4.24093 -6.24908
0.624 -1.71297 -9.05932
0.626 1.70314 -11.0413
0.628 5.7362 -11.9965
0.63 9.91 -11.8424
0.632 13.603 -10.6194
0.634 16.1481 -8.48318
0.636 16.9558 -5.6849
0.638 15.6355 -2.54104
0.64 12.0919 0.604055
0.642 6.57493 3.418
0.644 -0.328532 5.61834
0.646 -7.76287 7.00437
0.648 -14.7225 7.47908
0.65 -20.2026 7.05875
0.652 -23.3565 5.8688
0.654 -23.6344 4.12622
0.656 -20.8783 2.11032
0.658 -15.3569 0.125339
0.66 -7.73289 -1.54033
0.662 1.03263 -2.65286
0.664 9.82269 -3.06401
0.666 17.5303 -2.72955
0.668 23.2192 -1.71206
0.67 26.2521 -0.167183
0.672 26.3671 1.68483
0.674 23.6924 3.59774
0.676 18.6996 5.3416
0.678 12.1104 6.74131
0.68 4.77386 7.70432
0.682 -2.46081 8.23216
0.684 -8.8572 8.41356
0.686 -13.8724 8.39993
0.688 -17.1974 8.3679
0.69 -18.7561 8.47584
0.692 -18.6694 8.823
0.694 -17.1955 9.41954
0.696 -14.6619 10.1743
0.698 -11.4034 10.9039
0.7 -7.71721 11.3623
0.702 -3.84206 11.2871
0.704 0.0398347 10.4544
0.706 3.78271 8.73167
0.708 7.24957 6.11871
0.71 10.2877 2.76839
0.712 12.7172 -1.01929
0.714 14.3366 -4.82996
0.716 14.9478 -8.19098
0.718 14.3931 -10.6423
0.72 12.5966 -11.8104
0.722 9.60067 -11.4735
0.724 5.58643 -9.60505
0.726 0.874021 -6.38869
0.728 -4.10084 -2.19991
0.73 -8.83132 2.44283
0.732 -12.7989 6.95054
0.734 -15.539 10.7484
0.736 -16.7027 13.3588
0.738 -16.105 14.4705
0.74 -13.752 13.9815
0.742 -9.84365 12.0111
0.744 -4.75135 8.87859
0.746 1.02494 5.05412
0.748 6.91397 1.08872
0.75 12.3365 -2.46369
0.752 16.7669 -5.1212
0.754 19.7863 -6.53469
0.756 21.123 -6.52659
0.758 20.6768 -5.10365
0.76 18.5266 -2.44422
0.762 14.9214 1.13595
0.764 10.256 5.23202
0.766 5.0328 9.40429
0.768 -0.186808 13.2301
0.77 -4.83867 16.3468
0.772 -8.41485 18.4827
0.774 -10.5198 19.4728
0.776 -10.9174 19.2631
0.778 -9.56212 17.904
0.78 -6.61025 15.5368
0.782 -2.40664 12.3766
0.784 2.55187 8.69306
0.786 7.67372 4.79028
0.788 12.3441 0.986239
0.79 16.0021 -2.409
0.792 18.2125 -5.11604
0.794 18.7234 -6.9095
0.796 17.498 -7.64035
0.798 14.7171 -7.2548
0.8 10.7482 -5.80641
0.802 6.08804 -3.45813
0.804 1.28505 -0.471934
0.806 -3.14164 2.81508
0.808 -6.77438 6.02655
0.81 -9.34679 8.7911
0.812 -10.7638 10.7889
0.814 -11.0906 11.794
0.816 -10.515 11.7044
0.818 -9.29307 10.5558
0.82 -7.69018 8.51521
0.822 -5.92926 5.85527
0.824 -4.15715 2.91349
0.826 -2.43471 0.0432007
0.828 -0.751616 -2.43604
0.83 0.938636 -4.28031
0.832 2.67327 -5.34927
0.834 4.43649 -5.61618
0.836 6.13012 -5.15932
0.838 7.56824 -4.13744
0.84 8.49997 -2.7542
0.842 8.65788 -1.21881
0.844 7.82272 0.289606
0.846 5.89013 1.64732
0.848 2.92348 2.79664
0.85 -0.821531 3.74067
0.852 -4.90961 4.52474
0.854 -8.77757 5.20983
0.856 -11.8183 5.84488
0.858 -13.483 6.44512
0.86 -13.3836 6.98154
0.862 -11.3744 7.38389
0.864 -7.59832 7.55637
0.866 -2.48465 7.40229
0.868 3.3031 6.85201
0.87 8.96251 5.88792
0.872 13.6764 4.56064
0.874 16.7444 2.99231
0.876 17.6999 1.36544
0.878 16.3896 -0.101907
0.88 13.0023 -1.1903
0.882 8.04044 -1.71689
0.884 2.23951 -1.56994
0.886 -3.55043 -0.733275
0.888 -8.49931 0.704123
0.89 -11.9245 2.55557
0.892 -13.3895 4.56013
0.894 -12.7586 6.41815
0.896 -10.2003 7.83302
0.898 -6.14268 8.55252
0.9 -1.19048 8.4035
0.902 3.97869 7.31519
0.904 8.72045 5.3283
0.906 12.5136 2.58953
0.908 15.0201 -0.666826
0.91 16.1083 -4.14668
0.912 15.8391 -7.5291
0.914 14.4231 -10.4999
0.916 12.1602 -12.7821
0.918 9.37726 -14.1611
0.92 6.37453 -14.5025
0.922 3.39234 -13.7632
0.924 0.600021 -11.9946
0.926 -1.89466 -9.34011
0.928 -4.0227 -6.02456
0.93 -5.72765 -2.33785
0.932 -6.94566 1.38832
0.934 -7.5991 4.80917
0.936 -7.60628 7.59953
0.938 -6.90484 9.48786
0.94 -5.4819 10.2882
0.942 -3.40149 9.92581
0.944 -0.820336 8.45283
0.946 2.0149 6.04953
0.948 4.79078 3.00979
0.95 7.16815 -0.290041
0.952 8.8342 -3.43613
0.954 9.55553 -6.03089
0.956 9.22202 -7.74788
0.958 7.87199 -8.37923
0.96 5.69271 -7.86737
0.962 2.99467 -6.31475
0.964 0.163219 -3.96916
0.966 -2.40395 -1.18593
0.968 -4.3618 1.62695
0.97 -5.47284 4.07224
0.972 -5.64119 5.8247
0.974 -4.91941 6.68005
0.976 -3.48773 6.58356
0.978 -1.61116 5.63327
0.98 0.415522 4.05754
0.982 2.32251 2.17098
0.984 3.90805 0.316468
0.986 5.06175 -1.196
0.988 5.76481 -2.14263
0.99 6.06988 -2.42148
0.992 6.06729 -2.064
0.994 5.84747 -1.22102
0.996 5.46976 -0.126343
0.998 4.94542 0.953865
0.4 0.880624 0.174703
0.8 0.890891 0.185401
1.2 0.90692 0.203024
1.6 0.927182 0.227261
2 0.949723 0.257695
2.4 0.972326 0.293803
2.8 0.992699 0.334977
3.2 1.00867 0.380539
3.6 1.01839 0.429763
4 1.02047 0.481896
4.4 1.01412 0.536185
4.8 0.999242 0.591904
5.2 0.976424 0.648381
5.6 0.946942 0.705021
6 0.912662 0.761334
6.4 0.875914 0.816953
6.8 0.839332 0.871648
7.2 0.805664 0.925334
7.6 0.777582 0.978067
8 0.757497 1.03004
8.4 0.747393 1.08155
8.8 0.748696 1.13301
9.2 0.762186 1.18484
9.6 0.787958 1.2375
10 0.825427 1.29142
10.4 0.873386 1.34693
10.8 0.930097 1.40425
11.2 0.993422 1.46342
11.6 1.06097 1.52431
12 1.13024 1.58657
12.4 1.19879 1.64965
12.8 1.26438 1.7128
13.2 1.32505 1.77508
13.6 1.37924 1.83542
14 1.42583 1.89267
14.4 1.46414 1.94566
14.8 1.49396 1.99324
15.2 1.51546 2.03436
15.6 1.52914 2.06814
16 1.5358 2.09389
16.4 1.53639 2.11116
16.8 1.532 2.11976
17.2 1.52373 2.11978
17.6 1.51266 2.11156
18 1.49982 2.09564
18.4 1.48611 2.07278
18.8 1.47231 2.04383
19.2 1.45909 2.00976
19.6 1.44695 1.97153
20 1.43629 1.93009
20.4 1.42738 1.88631
20.8 1.42036 1.84095
21.2 1.41526 1.79464
21.6 1.41201 1.74792
22 1.41042 1.70118
22.4 1.41021 1.65476
22.8 1.41101 1.60893
23.2 1.41233 1.56394
23.6 1.41366 1.52008
24 1.41442 1.47771
24.4 1.41404 1.43727
24.8 1.41199 1.3993
25.2 1.4078 1.36446
25.6 1.40113 1.33351
26 1.39179 1.30725
26.4 1.3798 1.28651
26.8 1.36535 1.27209
27.2 1.34885 1.26467
27.6 1.33091 1.26478
28 1.31227 1.27274
28.4 1.29379 1.28858
28.8 1.27638 1.31202
29.2 1.26091 1.34246
29.6 1.24816 1.37897
30 1.23876 1.42028
30.4 1.2331 1.46488
30.8 1.23132 1.51104
31.2 1.2333 1.5569
31.6 1.23862 1.60052
32 1.24664 1.64005
32.4 1.25647 1.67374
32.8 1.26713 1.7001
33.2 1.27755 1.71792
33.6 1.28667 1.72637
34 1.29354 1.72504
34.4 1.29738 1.71393
34.8 1.29762 1.6935
35.2 1.29397 1.6646
35.6 1.28641 1.62842
36 1.27521 1.58648
36.4 1.2609 1.54049
36.8 1.24419 1.49226
37.2 1.22597 1.44363
37.6 1.20717 1.39637
38 1.18877 1.35207
38.4 1.17165 1.31206
38.8 1.15656 1.27737
39.2 1.1441 1.24867
39.6 1.13461 1.22624
40 1.12821 1.20997
40.4 1.1248 1.19941
40.8 1.12403 1.19378
41.2 1.12535 1.19205
41.6 1.12807 1.19301
42 1.13137 1.19535
42.4 1.13439 1.19775
42.8 1.13625 1.19899
43.2 1.13614 1.19799
43.6 1.13332 1.19392
44 1.12721 1.18624
44.4 1.11739 1.17471
44.8 1.10363 1.15944
45.2 1.08591 1.14088
45.6 1.06444 1.11977
46 1.03961 1.0971
46.4 1.01202 1.07406
46.8 0.982424 1.05194
47.2 0.951714 1.03205
47.6 0.92087 1.01566
48 0.890912 1.00388
48.4 0.862847 0.997616
48.8 0.837619 0.997477
49.2 0.81605 1.00376
49.6 0.798796 1.0164
50 0.7863 1.03501
50.4 0.778766 1.05883
50.8 0.77614 1.08683
51.2 0.778107 1.11775
51.6 0.784108 1.15015
52 0.793376 1.18251
52.4 0.804978 1.21334
52.8 0.817881 1.24121
53.2 0.831023 1.26487
53.6 0.843381 1.28331
54 0.854053 1.29582
54.4 0.862313 1.30199
54.8 0.86767 1.30177
55.2 0.8699 1.29542
55.6 0.869062 1.2835
56 0.865485 1.26683
56.4 0.85974 1.24642
56.8 0.852592 1.22339
57.2 0.844926 1.19891
57.6 0.837677 1.17411
58 0.831742 1.15004
58.4 0.827908 1.12754
58.8 0.826777 1.10727
59.2 0.828716 1.08965
59.6 0.833821 1.07483
60 0.84191 1.06271
60.4 0.852533 1.05297
60.8 0.865007 1.04512
61.2 0.878476 1.0385
61.6 0.891974 1.03242
62 0.904505 1.02614
62.4 0.915122 1.01898
62.8 0.923002 1.01035
63.2 0.927504 0.999837
63.6 0.928222 0.987171
64 0.925006 0.972294
64.4 0.917973 0.955342
64.8 0.90749 0.936634
65.2 0.894145 0.91664
65.6 0.878699 0.895944
66 0.862028 0.875192
66.4 0.845065 0.855042
66.8 0.82874 0.836102
67.2 0.813922 0.81889
67.6 0.801375 0.80378
68 0.791725 0.790978
68.4 0.785438 0.780497
68.8 0.782814 0.772157
69.2 0.783988 0.765594
69.6 0.788946 0.76029
70 0.797541 0.755607
70.4 0.80952 0.750841
70.8 0.824544 0.745276
71.2 0.842207 0.738244
71.6 0.862057 0.729182
72 0.883602 0.717679
72.4 0.906321 0.703523
72.8 0.929666 0.686724
73.2 0.953062 0.667523
73.6 0.975909 0.646394
74 0.997584 0.624013
74.4 1.01745 0.601226
74.8 1.03486 0.578993
75.2 1.04919 0.55833
75.6 1.05983 0.540238
76 1.06626 0.525644
76.4 1.06801 0.515329
76.8 1.06475 0.509881
77.2 1.05629 0.509649
77.6 1.04258 0.514722
78 1.02374 0.524921
78.4 1.00006 0.539807
78.8 0.97201 0.55871
79.2 0.940166 0.580772
79.6 0.905236 0.605003
80 0.868 0.630336
80.4 0.829273 0.655693
80.8 0.789865 0.680049
81.2 0.75054 0.702481
81.6 0.711981 0.722213
82 0.674759 0.738648
82.4 0.639315 0.751381
82.8 0.605949 0.760203
83.2 0.574821 0.765087
83.6 0.545955 0.766164
84 0.519261 0.763695
84.4 0.494557 0.75803
84.8 0.47159 0.749574
85.2 0.45007 0.738753
85.6 0.42969 0.725986
86 0.410151 0.711664
86.4 0.391183 0.696134
86.8 0.372552 0.679702
87.2 0.354072 0.662629
87.6 0.335607 0.645147
88 0.317067 0.627465
88.4 0.298402 0.609781
88.8 0.279601 0.592298
89.2 0.260677 0.575221
89.6 0.241668 0.558765
90 0.222625 0.543143
90.4 0.203616 0.528559
90.8 0.18472 0.51519
91.2 0.166029 0.503169
91.6 0.147655 0.492573
92 0.129723 0.483402
92.4 0.112384 0.475578
92.8 0.0958045 0.468943
93.2 0.0801741 0.463263
93.6 0.0656949 0.458253
94 0.0525768 0.453592
94.4 0.0410278 0.448959
94.8 0.0312422 0.444061
95.2 0.0233884 0.438666
95.6 0.017596 0.432626
96 0.0139447 0.425904
96.4 0.0124549 0.418575
96.8 0.0130811 0.410833
97.2 0.0157098 0.402972
97.6 0.0201605 0.395367
98 0.0261924 0.388439
98.4 0.0335129 0.382616
98.8 0.0417917 0.378296
99.2 0.0506753 0.375807
99.6 0.0598043 0.375373
100 0.06883 0.377094
100.4 0.0774305 0.380926
100.8 0.085325 0.38669
101.2 0.0922847 0.394076
101.6 0.0981411 0.402673
102 0.10279 0.411997
102.4 0.10619 0.421531
102.8 0.108362 0.430766
103.2 0.109382 0.439233
103.6 0.109368 0.446545
104 0.108475 0.452409
104.4 0.10688 0.456648
104.8 0.104769 0.459204
105.2 0.10233 0.460122
105.6 0.099739 0.459542
106 0.0971557 0.457674
106.4 0.0947156 0.454767
106.8 0.0925271 0.451088
107.2 0.0906706 0.446897
107.6 0.0891986 0.442424
108 0.0881381 0.437864
108.4 0.0874933 0.433365
108.8 0.08725 0.429038
109.2 0.0873786 0.424956
109.6 0.0878384 0.421173
110 0.0885803 0.417735
110.4 0.089549 0.414688
110.8 0.0906846 0.41209
111.2 0.0919233 0.410011
111.6 0.0931977 0.408531
112 0.0944367 0.407728
112.4 0.0955655 0.407669
112.8 0.096506 0.408386
113.2 0.0971778 0.409861
113.6 0.0974997 0.412011
114 0.0973927 0.414678
114.4 0.0967833 0.417621
114.8 0.0956077 0.420525
115.2 0.0938165 0.423015
115.6 0.0913793 0.424679
116 0.0882891 0.425095
116.4 0.0845654 0.423871
116.8 0.0802573 0.420674
117.2 0.075443 0.41527
117.6 0.0702295 0.407547
118 0.0647488 0.397535
118.4 0.0591532 0.385412
118.8 0.0536085 0.371498
119.2 0.0482856 0.356242
119.6 0.043352 0.340185
120 0.0389627 0.323933
120.4 0.0352511 0.308106
120.8 0.0323223 0.293301
121.2 0.0302467 0.28005
121.6 0.0290562 0.268785
122 0.0287438 0.259818
122.4 0.0292647 0.253325
122.8 0.0305405 0.249347
123.2 0.0324661 0.247806
123.6 0.0349181 0.248523
124 0.0377649 0.251249
124.4 0.0408772 0.2557
124.8 0.044138 0.261592
125.2 0.0474526 0.268668
125.6 0.0507554 0.276722
126 0.0540156 0.285617
126.4 0.0572383 0.295285
126.8 0.0604644 0.305719
127.2 0.0637652 0.316962
127.6 0.0672352 0.329078
128 0.0709824 0.342124
128.4 0.0751161 0.356123
128.8 0.0797344 0.371036
129.2 0.0849125 0.386738
129.6 0.0906912 0.403007
130 0.0970693 0.419525
130.4 0.103998 0.435877
130.8 0.111382 0.451579
131.2 0.11908 0.4661
131.6 0.126917 0.478901
132 0.134694 0.489469
132.4 0.142202 0.497358
132.8 0.149245 0.502228
133.2 0.155653 0.503868
133.6 0.1613 0.502226
134 0.166119 0.497414
134.4 0.170112 0.489712
134.8 0.173353 0.479555
135.2 0.175984 0.467511
135.6 0.17821 0.45425
136 0.18028 0.440508
136.4 0.182467 0.427046
136.8 0.185043 0.414605
137.2 0.188251 0.403864
137.6 0.192279 0.395407
138 0.197238 0.389682
138.4 0.203139 0.386988
138.8 0.209886 0.387451
139.2 0.217274 0.391023
139.6 0.224992 0.397486
140 0.232646 0.406469
140.4 0.239779 0.417466
140.8 0.245909 0.429876
141.2 0.250563 0.443034
141.6 0.253317 0.456258
142 0.253833 0.468895
142.4 0.251889 0.48036
142.8 0.247404 0.490186
143.2 0.24045 0.498054
143.6 0.23125 0.503827
144 0.22017 0.507563
144.4 0.207688 0.509527
144.8 0.194367 0.510178
145.2 0.180805 0.510155
145.6 0.167591 0.510233
146 0.155259 0.511287
146.4 0.144242 0.51423
146.8 0.134836 0.51995
147.2 0.127179 0.52925
147.6 0.121233 0.542779
148 0.116791 0.560979
148.4 0.113494 0.584041
148.8 0.11086 0.611868
149.2 0.108325 0.644064
149.6 0.105295 0.679939
150 0.101198 0.71853
150.4 0.0955331 0.758646
150.8 0.0879216 0.798922
151.2 0.0781427 0.837893
151.6 0.0661604 0.874062
152 0.0521352 0.905988
152.4 0.0364204 0.93235
152.8 0.0195444 0.952023
153.2 0.00217812 0.964123
153.6 -0.0149076 0.968048
154 -0.030893 0.963495
154.4 -0.044964 0.950462
154.8 -0.0563668 0.929227
155.2 -0.0644584 0.900321
155.6 -0.0687494 0.86448
156 -0.0689369 0.822594
156.4 -0.0649238 0.775652
156.8 -0.0568258 0.724692
157.2 -0.0449642 0.670748
157.6 -0.0298463 0.614816
158 -0.0121351 0.557818
158.4 0.00739003 0.500589
158.8 0.0278772 0.443867
159.2 0.0484496 0.388296
159.6 0.0682516 0.334432
160 0.0864922 0.28276
160.4 0.102483 0.233704
160.8 0.115666 0.187645
161.2 0.125638 0.144925
161.6 0.132159 0.105856
162 0.135157 0.0707175
162.4 0.134716 0.0397474
162.8 0.131067 0.0131314
163.2 0.124563 -0.00901184
163.6 0.115653 -0.0266465
164 0.104851 -0.0398334
164.4 0.0927087 -0.04874
164.8 0.0797835 -0.0536445
165.2 0.0666107 -0.054933
165.6 0.0536799 -0.0530887
166 0.0414151 -0.0486733
166.4 0.0301611 -0.0423028
166.8 0.0201747 -0.0346174
167.2 0.0116219 -0.0262498
167.6 0.0045807 -0.0177927
168 -0.000951696 -0.00976944
168.4 -0.00504786 -0.00260898
168.8 -0.00783625 0.00337197
169.2 -0.00948581 0.00797888
169.6 -0.01019 0.0111406
170 -0.0101515 0.0129021
170.4 -0.00956844 0.0134092
170.8 -0.00862324 0.0128872
171.2 -0.00747375 0.0116157
171.6 -0.00624799 0.0099004
172 -0.00504186 0.00804572
172.4 -0.00391964 0.00632968
172.8 -0.00291703 0.0049828
173.2 -0.00204595 0.00417261
173.6 -0.00130052 0.00399461
174 -0.000663506 0.00446989
174.4 -0.000112518 0.00554915
174.8 0.000374583 0.0071223
175.2 0.000815458 0.0090325
175.6 0.00122053 0.011093
176 0.00159181 0.0131054
176.4 0.00192312 0.0148776
176.8 0.00220166 0.0162397
177.2 0.00241045 0.017057
177.6 0.00253136 0.0172398
178 0.00254823 0.0167474
178.4 0.00244992 0.0155889
178.8 0.00223271 0.0138194
179.2 0.00190198 0.0115322
179.6 0.00147308 0.00884949
180 0.000971176 0.00591033
180.4 0.000430234 0.00285889
180.8 -0.000108767 -0.000166738
181.2 -0.000600274 -0.00304403
181.6 -0.00099703 -0.00567303
182 -0.0012532 -0.00798038
182.4 -0.00132753 -0.00992019
182.8 -0.00118638 -0.0114719
183.2 -0.000806451 -0.0126355
183.6 -0.000176972 -0.0134251
184 0.000698662 -0.0138615
184.4 0.00180206 -0.0139646
184.8 0.00309985 -0.0137469
185.2 0.00454466 -0.0132089
185.6 0.0060771 -0.0123373
186 0.00762871 -0.0111053
186.4 0.0091259 -0.0094764
186.8 0.0104946 -0.00741022
187.2 0.0116653 -0.00487067
187.6 0.0125791 -0.00183452
188 0.0131925 0.00170012
188.4 0.0134822 0.00570669
188.8 0.0134494 0.0101258
189.2 0.0131221 0.0148641
189.6 0.0125558 0.0197974
190 0.0118321 0.0247781
190.4 0.0110563 0.0296461
190.8 0.0103519 0.0342435
191.2 0.00985375 0.0384308
191.6 0.00970094 0.0421038
192 0.0100278 0.045209
192.4 0.0109556 0.0477567
192.8 0.012585 0.0498282
193.2 0.0149894 0.0515789
193.6 0.0182104 0.0532333
194 0.0222554 0.0550739
194.4 0.0270973 0.0574243
194.8 0.0326766 0.0606257
195.2 0.0389052 0.0650114
195.6 0.045672 0.0708789
196 0.0528491 0.0784626
196.4 0.0602981 0.0879111
196.8 0.0678759 0.0992681
197.2 0.0754399 0.112461
197.6 0.0828514 0.127301
198 0.0899778 0.143482
198.4 0.0966926 0.160604
198.8 0.102876 0.178186
199.2 0.108411 0.195702
199.6 0.113186 0.212602
200 0.11709 0.228354
200.4 0.120017 0.242467
200.8 0.121865 0.254521
201.2 0.122542 0.264188
201.6 0.121973 0.271245
202 0.120106 0.275583
202.4 0.116923 0.2772
202.8 0.112447 0.2762
203.2 0.106754 0.272776
203.6 0.0999787 0.267194
204 0.0923156 0.259774
204.4 0.0840227 0.250875
204.8 0.0754155 0.240877
205.2 0.0668583 0.230169
205.6 0.058751 0.219145
206 0.0515113 0.208194
206.4 0.0455546 0.197707
206.8 0.0412717 0.188077
207.2 0.0390066 0.179699
207.6 0.0390355 0.17298
208 0.041549 0.168331
208.4 0.0466385 0.166165
208.8 0.0542883 0.16689
209.2 0.0643736 0.170889
209.6 0.076665 0.178498
210 0.0908396 0.189985
210.4 0.106496 0.205515
210.8 0.123178 0.22513
211.2 0.140391 0.248717
211.6 0.157635 0.275993
212 0.174424 0.306492
212.4 0.190308 0.339567
212.8 0.204893 0.374401
213.2 0.217855 0.410032
213.6 0.228953 0.44539
214 0.238027 0.479345
214.4 0.245001 0.510763
214.8 0.249878 0.53856
215.2 0.252731 0.561767
215.6 0.25369 0.579581
216 0.252931 0.591415
216.4 0.25066 0.596927
216.8 0.247105 0.596044
217.2 0.242503 0.588966
217.6 0.23709 0.576149
218 0.231097 0.558276
218.4 0.224749 0.536215
218.8 0.218256 0.510965
219.2 0.211819 0.483593
219.6 0.205629 0.455172
220 0.199864 0.426725
220.4 0.194693 0.399162
220.8 0.190272 0.373249
221.2 0.186739 0.349568
221.6 0.184212 0.328509
222 0.182779 0.310268
222.4 0.182492 0.29486
222.8 0.183358 0.282148
223.2 0.185329 0.271875
223.6 0.188304 0.263703
224 0.192115 0.257259
224.4 0.196535 0.252167
224.8 0.201282 0.248084
225.2 0.206024 0.244726
225.6 0.210396 0.241875
226 0.214018 0.239388
226.4 0.216513 0.23719
226.8 0.217529 0.235255
227.2 0.216764 0.233591
227.6 0.213985 0.232213
228 0.209046 0.231119
228.4 0.201902 0.23027
228.8 0.192614 0.229577
229.2 0.181354 0.228891
229.6 0.168391 0.228003
230 0.154087 0.226657
230.4 0.138869 0.224561
230.8 0.123209 0.221413
231.2 0.107597 0.216926
231.6 0.0925105 0.210854
232 0.0783867 0.203017
232.4 0.065599 0.193321
232.8 0.054436 0.181769
233.2 0.0450872 0.168475
233.6 0.037636 0.153652
234 0.0320603 0.137607
234.4 0.0282396 0.12072
234.8 0.0259693 0.103422
235.2 0.0249793 0.0861675
235.6 0.0249571 0.0694062
236 0.0255714 0.0535544
236.4 0.0264967 0.038973
236.8 0.0274346 0.0259481
237.2 0.0281322 0.0146792
237.6 0.0283957 0.00527387
238 0.0280977 -0.00225035
238.4 0.02718 -0.00795826
238.8 0.0256494 -0.011984
239.2 0.0235702 -0.0145146
239.6 0.0210519 -0.015772
240 0.0182351 -0.0159943
240.4 0.0152761 -0.0154196
240.8 0.012332 -0.0142711
241.2 0.00954717 -0.0127469
241.6 0.0070428 -0.0110126
242 0.00490903 -0.00919888
242.4 0.00320097 -0.00740154
242.8 0.00193818 -0.005685
243.2 0.0011072 -0.00408745
243.6 0.000666689 -0.00262715
244 0.000554368 -0.00130885
244.4 0.000694853 -0.000129695
244.8 0.00100765 0.000916104
245.2 0.00141452 0.0018339
245.6 0.00184558 0.00262685
246 0.00224384 0.00329546
246.4 0.00256792 0.00383829
246.8 0.00279287 0.00425334
247.2 0.00290948 0.00453973
247.6 0.00292219 0.0046993
248 0.00284611 0.00473775
248.4 0.00270349 0.00466527
248.8 0.00252023 0.00449637
249.2 0.00232255 0.00424915
249.6 0.00213426 0.00394402
250 0.00197476 0.00360218
250.4 0.00185781 0.00324394
250.8 0.00179108 0.00288732
251.2 0.00177634 0.00254691
251.6 0.00181023 0.00223326
252 0.0018853 0.00195273
252.4 0.00199129 0.00170784
252.8 0.00211637 0.00149797
253.2 0.00224833 0.00132033
253.6 0.00237553 0.00117099
254 0.00248764 0.00104578
254.4 0.00257615 0.000941107
254.8 0.00263467 0.000854342
255.2 0.00265896 0.000784015
255.6 0.00264698 0.000729661
256 0.00259865 0.000691464
256.4 0.00251573 0.000669782
256.8 0.00240149 0.000664652
257.2 0.00226048 0.000675377
257.6 0.0020982 0.000700284
258 0.00192076 0.000736681
258.4 0.00173456 0.000781034
258.8 0.00154594 0.000829318
259.2 0.00136077 0.000877495
259.6 0.00118418 0.000922017
260 0.00102027 0.000960294
260.4 0.000871901 0.000991027
260.8 0.000740579 0.00101436
261.2 0.000626499 0.00103182
261.6 0.000528664 0.00104606
262 0.000445131 0.00106043
262.4 0.000373334 0.00107845
262.8 0.000310471 0.00110324
263.2 0.000253882 0.00113699
263.6 0.000201397 0.00118063
264 0.000151601 0.00123353
264.4 0.000103979 0.00129357
264.8 5.89418e-05 0.00135727
265.2 1.76985e-05 0.00142018
265.6 -1.79724e-05 0.00147735
266 -4.60472e-05 0.00152383
266.4 -6.46207e-05 0.00155525
266.8 -7.22624e-05 0.00156818
267.2 -6.83163e-05 0.00156047
267.6 -5.31005e-05 0.00153136
268 -2.79787e-05 0.00148151
268.4 4.71095e-06 0.00141273
268.8 4.18628e-05 0.00132777
269.2 7.99229e-05 0.00122991
269.6 0.000115283 0.00112258
270 0.000144699 0.00100908
270.4 0.000165685 0.000892269
270.8 0.000176825 0.000774459
271.2 0.000177978 0.000657362
271.6 0.000170329 0.000542165
272 0.000156295 0.000429692
272.4 0.000139286 0.000320587
272.8 0.000123349 0.00021553
273.2 0.000112733 0.000115399
273.6 0.000111427 2.13855e-05
274 0.000122721 -6.49697e-05
274.4 0.000148835 -0.000141827
274.8 0.000190661 -0.000207168
275.2 0.000247641 -0.000258961
275.6 0.000317792 -0.000295361
276 0.000397876 -0.000314896
276.4 0.000483691 -0.000316614
276.8 0.000570457 -0.000300185
277.2 0.000653243 -0.000265924
277.6 0.000727408 -0.000214748
278 0.000789001 -0.000148075
278.4 0.000835084 -6.76764e-05
278.8 0.000863956 2.4484e-05
279.2 0.000875254 0.000126413
279.6 0.000869931 0.000236217
280 0.000850121 0.000352193
280.4 0.000818905 0.000472863
280.8 0.000780008 0.000596965
281.2 0.000737451 0.000723392
281.6 0.000695206 0.000851112
282 0.000656866 0.000979077
282.4 0.000625368 0.00110614
282.8 0.00060279 0.001231
283.2 0.000590229 0.00135217
283.6 0.000587765 0.00146805
284 0.000594516 0.0015769
284.4 0.000608767 0.00167701
284.8 0.000628158 0.00176676
285.2 0.000649918 0.00184475
285.6 0.000671119 0.00190988
286 0.000688933 0.00196138
286.4 0.000700866 0.00199892
286.8 0.000704956 0.00202255
287.2 0.000699923 0.00203265
287.6 0.000685254 0.00202996
288 0.000661224 0.00201541
288.4 0.000628855 0.00199014
288.8 0.000589813 0.0019554
289.2 0.000546254 0.00191256
289.6 0.000500639 0.001863
290 0.000455524 0.00180823
290.4 0.000413356 0.00174977
290.8 0.000376275 0.00168924
291.2 0.000345959 0.00162828
291.6 0.000323505 0.00156855
292 0.00030937 0.00151163
292.4 0.000303368 0.00145897
292.8 0.000304725 0.00141172
293.2 0.000312184 0.00137066
293.6 0.000324147 0.00133606
294 0.000338851 0.00130761
294.4 0.000354539 0.00128436
294.8 0.00036963 0.00126475
295.2 0.000382869 0.00124669
295.6 0.000393426 0.00122772
296 0.000400963 0.00120516
296.4 0.000405639 0.00117642
296.8 0.00040808 0.00113922
297.2 0.000409286 0.00109184
297.6 0.000410527 0.00103332
298 0.000413197 0.000963645
298.4 0.000418679 0.000883747
298.8 0.000428202 0.000795529
299.2 0.000442724 0.000701719
299.6 0.000462839 0.000605683
300 0.000488721 0.000511155
300.4 0.000520097 0.000421942
300.8 0.000556265 0.00034162
301.2 0.000596126 0.00027325
301.6 0.000638258 0.000219146
302 0.000680999 0.00018072
302.4 0.000722536 0.000158395
302.8 0.000761008 0.000151626
303.2 0.0007946 0.000158979
303.6 0.000821637 0.000178292
304 0.000840664 0.000206877
304.4 0.000850523 0.000241741
304.8 0.000850415 0.000279812
305.2 0.000839953 0.000318141
305.6 0.000819194 0.000354067
306 0.000788669 0.000385332
306.4 0.000749378 0.000410148
306.8 0.000702775 0.000427214
307.2 0.000650722 0.000435695
307.6 0.000595421 0.00043517
308 0.000539313 0.000425569
308.4 0.00048496 0.000407103
308.8 0.000434902 0.0003802
309.2 0.000391505 0.000345465
309.6 0.000356803 0.000303637
310 0.00033236 0.000255583
310.4 0.000319142 0.00020228
310.8 0.000317433 0.00014482
311.2 0.000326791 8.43965e-05
311.6 0.00034606 2.22936e-05
312 0.000373425 -4.01452e-05
312.4 0.000406532 -0.000101558
312.8 0.00044264 -0.00016062
313.2 0.000478815 -0.000216101
313.6 0.000512129 -0.00026693
314 0.000539876 -0.000312249
314.4 0.000559752 -0.000351452
314.8 0.00057002 -0.000384208
315.2 0.000569615 -0.000410453
315.6 0.0005582 -0.000430371
316 0.00053617 -0.000444338
316.4 0.000504585 -0.000452867
316.8 0.000465068 -0.000456529
317.2 0.00041966 -0.00045589
317.6 0.000370643 -0.000451442
318 0.000320372 -0.000443559
318.4 0.000271095 -0.00043247
318.8 0.000224811 -0.000418259
319.2 0.000183151 -0.000400882
319.6 0.000147297 -0.000380211
320 0.000117952 -0.000356088
320.4 9.53445e-05 -0.000328391
320.8 7.9267e-05 -0.000297097
321.2 6.91508e-05 -0.000262342
321.6 6.4152e-05 -0.000224467
322 6.32497e-05 -0.000184045
322.4 6.53422e-05 -0.000141889
322.8 6.93344e-05 -9.90418e-05
323.2 7.42105e-05 -5.6737e-05
323.6 7.9088e-05 -1.6353e-05
324 8.32533e-05 2.06537e-05
324.4 8.61787e-05 5.28207e-05
324.8 8.75248e-05 7.8756e-05
325.2 8.71317e-05 9.72137e-05
325.6 8.5003e-05 0.000107163
326 8.12869e-05 0.000107845
326.4 7.62566e-05 9.88232e-05
326.8 7.02919e-05 8.00061e-05
327.2 6.38634e-05 5.16643e-05
327.6 5.75169e-05 1.44218e-05
328 5.18585e-05 -3.07682e-05
328.4 4.75365e-05 -8.26652e-05
328.8 4.52201e-05 -0.000139797
329.2 4.55713e-05 -0.000200526
329.6 4.92121e-05 -0.000263129
330 5.66842e-05 -0.000325868
330.4 6.84049e-05 -0.000387075
330.8 8.46216e-05 -0.000445213
331.2 0.000105367 -0.00049894
331.6 0.000130418 -0.000547154
332 0.000159272 -0.000589015
332.4 0.000191126 -0.000623958
332.8 0.000224878 -0.000651689
333.2 0.000259154 -0.00067216
333.6 0.000292343 -0.00068554
334 0.000322664 -0.000692179
334.4 0.000348241 -0.000692563
334.8 0.000367204 -0.000687283
335.2 0.000377794 -0.000676995
335.6 0.000378468 -0.000662395
336 0.000368013 -0.000644199
336.4 0.000345639 -0.000623127
336.8 0.00031106 -0.000599886
337.2 0.000264555 -0.000575159
337.6 0.000206989 -0.000549588
338 0.000139811 -0.000523747
338.4 6.50133e-05 -0.000498119
338.8 -1.49513e-05 -0.000473059
339.2 -9.72741e-05 -0.000448761
339.6 -0.00017893 -0.000425224
340 -0.000256837 -0.000402232
340.4 -0.000328019 -0.000379342
340.8 -0.00038978 -0.000355902
341.2 -0.000439854 -0.000331085
341.6 -0.000476545 -0.000303952
342 -0.000498818 -0.000273541
342.4 -0.000506365 -0.000238972
342.8 -0.000499618 -0.00019956
343.2 -0.000479707 -0.000154932
343.6 -0.000448388 -0.000105127
344 -0.000407916 -5.06662e-05
344.4 -0.000360891 7.40508e-06
344.8 -0.000310089 6.753e-05
345.2 -0.000258274 0.000127697
345.6 -0.000208029 0.000185545
346 -0.000161595 0.000238515
346.4 -0.000120748 0.00028402
346.8 -8.67135e-05 0.000319647
347.2 -6.01266e-05 0.000343343
347.6 -4.10358e-05 0.000353585
348 -2.89544e-05 0.000349513
348.4 -2.29483e-05 0.000331016
348.8 -2.17529e-05 0.000298749
349.2 -2.39078e-05 0.000254102
349.6 -2.78973e-05 0.000199095
350 -3.22841e-05 0.000136236
350.4 -3.58252e-05 6.83346e-05
350.8 -3.75613e-05 -1.6945e-06
351.2 -3.68739e-05 -7.10366e-05
351.6 -3.35061e-05 -0.000137157
352 -2.75502e-05 -0.00019795
352.4 -1.9402e-05 -0.000251838
352.8 -9.69188e-06 -0.000297827
353.2 8.01566e-07 -0.000335496
353.6 1.12457e-05 -0.000364949
354 2.08459e-05 -0.000386726
354.4 2.8928e-05 -0.000401678
354.8 3.5003e-05 -0.000410842
355.2 3.88102e-05 -0.000415311
355.6 4.03352e-05 -0.000416124
356 3.98029e-05 -0.000414173
356.4 3.76477e-05 -0.000410152
356.8 3.44643e-05 -0.000404531
357.2 3.09454e-05 -0.000397568
357.6 2.78106e-05 -0.000389344
358 2.57354e-05 -0.000379812
358.4 2.52846e-05 -0.000368864
358.8 2.68554e-05 -0.000356389
359.2 3.0636e-05 -0.000342325
359.6 3.65804e-05 -0.000326698
360 4.44021e-05 -0.000309637
360.4 5.35862e-05 -0.000291375
360.8 6.34185e-05 -0.000272229
361.2 7.30289e-05 -0.000252569
361.6 8.14472e-05 -0.000232779
362 8.76652e-05 -0.000213213
362.4 9.07039e-05 -0.000194162
362.8 8.96792e-05 -0.000175825
363.2 8.38649e-05 -0.000158293
363.6 7.2747e-05 -0.000141551
364 5.60682e-05 -0.000125489
364.4 3.386e-05 -0.000109927
364.8 6.45944e-06 -9.46465e-05
365.2 -2.54891e-05 -7.94236e-05
365.6 -6.10485e-05 -6.40671e-05
366 -9.90188e-05 -4.84458e-05
366.4 -0.000137982 -3.25107e-05
366.8 -0.00017636 -1.63067e-05
367.2 -0.000212483 2.69467e-08
367.6 -0.000244664 1.62657e-05
368 -0.000271279 3.21178e-05
368.4 -0.000290849 4.72491e-05
368.8 -0.000302113 6.13106e-05
369.2 -0.000304095 7.39676e-05
369.6 -0.000296164 8.49263e-05
370 -0.000278073 9.39571e-05
370.4 -0.000249978 0.000100911
370.8 -0.000212445 0.000105728
371.2 -0.000166434 0.000108446
371.6 -0.000113255 0.000109191
372 -5.45181e-05 0.000108168
372.4 7.94042e-06 0.000105651
372.8 7.21405e-05 0.000101959
373.2 0.000136049 9.74408e-05
373.6 0.00019767 9.24478e-05
374 0.000255137 8.73174e-05
374.4 0.000306792 8.23521e-05
374.8 0.000351254 7.78037e-05
375.2 0.000387472 7.38607e-05
375.6 0.000414759 7.06409e-05
376 0.000432802 6.81878e-05
376.4 0.000441661 6.64727e-05
376.8 0.00044174 6.54011e-05
377.2 0.000433747 6.48229e-05
377.6 0.00041864 6.45458e-05
378 0.000397565 6.43505e-05
378.4 0.000371791 6.40073e-05
378.8 0.000342639 6.32909e-05
379.2 0.000311425 6.1995e-05
379.6 0.0002794 5.99441e-05
380 0.000247709 5.7002e-05
380.4 0.00021735 5.30778e-05
380.8 0.000189157 4.81293e-05
381.2 0.000163784 4.21637e-05
381.6 0.000141707 3.52368e-05
382 0.000123221 2.74515e-05
382.4 0.000108463 1.89555e-05
382.8 9.74161e-05 9.93939e-06
383.2 8.99352e-05 6.33986e-07
383.6 8.57601e-05 -8.69213e-06
384 8.45348e-05 -1.77369e-05
384.4 8.5823e-05 -2.61711e-05
384.8 8.91242e-05 -3.36474e-05
385.2 9.38881e-05 -3.98134e-05
385.6 9.95302e-05 -4.43291e-05
386 0.000105448 -4.68873e-05
386.4 0.000111038 -4.72381e-05
386.8 0.000115717 -4.52135e-05
387.2 0.000118941 -4.07518e-05
387.6 0.000120227 -3.39183e-05
388 0.000119179 -2.49192e-05
388.4 0.000115504 -1.41064e-05
388.8 0.000109031 -1.97206e-06
389.2 9.97261e-05 1.08709e-05
389.6 8.76948e-05 2.3719e-05
390 7.31837e-05 3.58209e-05
390.4 5.65703e-05 4.64288e-05
390.8 3.83453e-05 5.48545e-05
391.2 1.9088e-05 6.05269e-05
391.6 -5.65417e-07 6.30456e-05
392 -1.99568e-05 6.22247e-05
392.4 -3.84438e-05 5.81241e-05
392.8 -5.54368e-05 5.10627e-05
393.2 -7.04321e-05 4.16136e-05
393.6 -8.30398e-05 3.05779e-05
394 -9.30046e-05 1.89412e-05
394.4 -0.000100217 7.81209e-06
394.8 -0.000104713 -1.65027e-06
395.2 -0.000106668 -8.31637e-06
395.6 -0.00010638 -1.11676e-05
396 -0.000104239 -9.37292e-06
396.4 -0.000100703 -2.35468e-06
396.8 -9.62565e-05 1.01604e-05
397.2 -9.13791e-05 2.81102e-05
397.6 -8.65093e-05 5.10869e-05
398 -8.20142e-05 7.83506e-05
398.4 -7.81648e-05 0.000108863
398.8 -7.51198e-05 0.000141343
399.2 -7.29167e-05 0.000174336
399.6 -7.14742e-05 0.000206295
400 -7.06019e-05 0.000235672
