-0.998 4.04802 -0.770305
-0.996 4.21365 -1.21392
-0.994 3.50965 -1.39351
-0.992 2.02432 -1.39511
-0.99 -0.00332591 -1.33741
-0.988 -2.22162 -1.33598
-0.986 -4.22817 -1.46902
-0.984 -5.6444 -1.75305
-0.982 -6.18855 -2.13451
-0.98 -5.73272 -2.49996
-0.978 -4.33259 -2.70254
-0.976 -2.2234 -2.59893
-0.974 0.217912 -2.08823
-0.972 2.53794 -1.14339
-0.97 4.2879 0.172418
-0.968 5.10545 1.70893
-0.966 4.78216 3.2518
-0.964 3.30349 4.56109
-0.962 0.853779 5.41774
-0.96 -2.21503 5.66797
-0.958 -5.44484 5.25622
-0.956 -8.35132 4.23892
-0.954 -10.507 2.77569
-0.952 -11.612 1.09909
-0.95 -11.5393 -0.531145
-0.948 -10.3477 -1.88003
-0.946 -8.26048 -2.78451
-0.944 -5.61591 -3.18579
-0.942 -2.8009 -3.13961
-0.94 -0.18048 -2.80184
-0.938 1.96237 -2.39183
-0.936 3.46586 -2.14109
-0.934 4.30105 -2.23789
-0.932 4.55598 -2.77996
-0.93 4.39741 -3.74589
-0.928 4.02022 -4.99226
-0.926 3.59635 -6.278
-0.924 3.23482 -7.31166
-0.922 2.96138 -7.81229
-0.92 2.7216 -7.57117
-0.918 2.40549 -6.50152
-0.916 1.887 -4.66522
-0.914 1.0682 -2.27039
-0.912 -0.0829162 0.360828
-0.91 -1.51038 2.84834
-0.908 -3.06977 4.82374
-0.906 -4.54994 5.99967
-0.904 -5.71239 6.22527
-0.902 -6.34009 5.51628
-0.9 -6.28488 4.05336
-0.898 -5.50297 2.14848
-0.896 -4.07072 0.185467
-0.894 -2.17651 -1.45351
-0.892 -0.0901182 -2.46129
-0.89 1.88454 -2.66416
-0.888 3.46368 -2.05371
-0.886 4.43383 -0.785879
-0.884 4.68777 0.852585
-0.882 4.23921 2.50338
-0.88 3.21367 3.8095
-0.878 1.81856 4.48702
-0.876 0.299484 4.38133
-0.874 -1.1073 3.49668
-0.872 -2.21594 1.99344
-0.87 -2.91744 0.153921
-0.868 -3.18681 -1.67586
-0.866 -3.07124 -3.1564
-0.864 -2.6636 -4.0225
-0.862 -2.06929 -4.13509
-0.86 -1.37496 -3.50647
-0.858 -0.627703 -2.29458
-0.856 0.170382 -0.767572
-0.854 1.05065 0.753532
-0.852 2.05268 1.96211
-0.85 3.19216 2.62916
-0.848 4.43122 2.64948
-0.846 5.66054 2.06126
-0.844 6.70015 1.03528
-0.842 7.32196 -0.164002
-0.84 7.29138 -1.23705
-0.838 6.42039 -1.91537
-0.836 4.62065 -2.02105
-0.834 1.94415 -1.50737
-0.832 -1.39952 -0.471871
-0.83 -5.05592 0.860793
-0.828 -8.56909 2.18288
-0.826 -11.4494 3.16541
-0.824 -13.2548 3.52536
-0.822 -13.6702 3.08477
-0.82 -12.5699 1.80986
-0.818 -10.0504 -0.177501
-0.816 -6.42505 -2.61823
-0.814 -2.18104 -5.16068
-0.812 2.09575 -7.42277
-0.81 5.81456 -9.05955
-0.808 8.47571 -9.82323
-0.806 9.75125 -9.60463
-0.804 9.53523 -8.44839
-0.802 7.95474 -6.54017
-0.8 5.3399 -4.16889
-0.798 2.15897 -1.67226
-0.796 -1.06839 0.623539
-0.794 -3.86287 2.45838
-0.792 -5.86485 3.67695
-0.79 -6.88654 4.24532
-0.788 -6.92826 4.24367
-0.786 -6.15781 3.83796
-0.784 -4.85893 3.23778
-0.782 -3.36133 2.64944
-0.78 -1.96768 2.23423
-0.778 -0.892743 2.07964
-0.776 -0.226902 2.18867
-0.774 0.0696798 2.48791
-0.772 0.14246 2.8514
-0.77 0.194323 3.134
-0.768 0.425494 3.20661
-0.766 0.97561 2.98541
-0.764 1.8813 2.44952
-0.762 3.05904 1.64389
-0.76 4.31731 0.667714
-0.758 5.39537 -0.348051
-0.756 6.0202 -1.26889
-0.754 5.96862 -1.98406
-0.752 5.12097 -2.42746
-0.75 3.49408 -2.58769
-0.748 1.24603 -2.50606
-0.746 -1.3485 -2.26357
-0.744 -3.9475 -1.96047
-0.742 -6.20503 -1.69361
-0.74 -7.83549 -1.53659
-0.738 -8.66541 -1.5272
-0.736 -8.66214 -1.66423
-0.734 -7.93375 -1.91366
-0.732 -6.70101 -2.22176
-0.73 -5.24779 -2.53128
-0.728 -3.86084 -2.79635
-0.726 -2.7722 -2.99226
-0.724 -2.11602 -3.11793
-0.722 -1.90898 -3.19082
-0.72 -2.05759 -3.23597
-0.718 -2.39004 -3.27256
-0.716 -2.70479 -3.30188
-0.714 -2.82425 -3.30043
-0.712 -2.6409 -3.22059
-0.71 -2.14522 -2.99919
-0.708 -1.4287 -2.57273
-0.706 -0.661365 -1.89565
-0.704 -0.0490635 -0.957402
-0.702 0.219625 0.206007
-0.7 0.0243767 1.50949
-0.698 -0.649951 2.82685
-0.696 -1.69945 4.00861
-0.694 -2.91433 4.90652
-0.692 -4.0173 5.40034
-0.69 -4.71961 5.42115
-0.688 -4.78316 4.96628
-0.686 -4.07558 4.10225
-0.684 -2.60576 2.9546
-0.682 -0.531751 1.68617
-0.68 1.86164 0.467941
-0.678 4.21193 -0.55179
-0.676 6.14504 -1.27377
-0.674 7.34532 -1.66425
-0.672 7.61536 -1.75817
-0.67 6.91366 -1.64856
-0.668 5.36246 -1.46422
-0.666 3.22433 -1.34048
-0.664 0.85242 -1.38906
-0.662 -1.3757 -1.67327
-0.66 -3.12693 -2.19387
-0.658 -4.17058 -2.88844
-0.656 -4.41398 -3.64434
-0.654 -3.90938 -4.32279
-0.652 -2.83181 -4.7888
-0.65 -1.43399 -4.94079
-0.648 0.0112749 -4.73342
-0.646 1.26834 -4.18862
-0.644 2.18352 -3.39222
-0.642 2.70831 -2.47655
-0.64 2.89721 -1.59256
-0.638 2.88155 -0.877179
-0.636 2.82618 -0.423216
-0.634 2.87952 -0.258104
-0.632 3.12858 -0.336528
-0.63 3.56994 -0.548754
-0.628 4.10358 -0.743297
-0.626 4.55178 -0.759565
-0.624 4.69926 -0.46402
-0.622 4.34593 0.217478
-0.62 3.36029 1.27785
-0.618 1.72138 2.62237
-0.616 -0.461086 4.07964
-0.614 -2.95365 5.42847
-0.612 -5.43287 6.43619
-0.61 -7.53983 6.90104
-0.608 -8.94459 6.69082
-0.606 -9.40776 5.76993
-0.604 -8.82674 4.20966
-0.602 -7.25733 2.17949
-0.6 -4.90642 -0.0788898
-0.598 -2.09719 -2.2902
-0.596 0.786262 -4.18931
-0.594 3.36435 -5.56238
-0.592 5.32502 -6.27765
-0.59 6.47264 -6.30085
-0.588 6.7541 -5.69281
-0.586 6.25791 -4.59066
-0.584 5.18745 -3.1772
-0.582 3.81471 -1.64506
-0.58 2.42462 -0.163365
-0.578 1.26159 1.14669
-0.576 0.489133 2.22277
-0.574 0.169868 3.05765
-0.572 0.268629 3.68255
-0.57 0.676026 4.14244
-0.568 1.24551 4.46971
-0.566 1.83445 4.66315
-0.564 2.33948 4.67832
-0.562 2.71818 4.43253
-0.56 2.9929 3.82457
-0.558 3.23648 2.76545
-0.556 3.54421 1.21325
-0.554 3.99916 -0.796367
-0.552 4.6397 -3.13247
-0.55 5.4374 -5.56991
-0.548 6.29109 -7.81169
-0.546 7.03915 -9.53053
-0.544 7.48791 -10.4236
-0.542 7.45033 -10.2709
-0.54 6.78681 -8.98608
-0.538 5.43946 -6.6494
-0.536 3.45221 -3.51425
-0.534 0.972075 0.0167253
-0.532 -1.76926 3.44435
-0.53 -4.4906 6.24753
-0.528 -6.90643 7.96787
-0.526 -8.77341 8.2897
-0.524 -9.92887 7.10089
-0.522 -10.3139 4.52249
-0.52 -9.97686 0.90026
-0.518 -9.05733 -3.24196
-0.516 -7.75501 -7.28073
-0.514 -6.29056 -10.5907
-0.512 -4.8669 -12.6455
-0.51 -3.63861 -13.104
-0.508 -2.69444 -11.868
-0.506 -2.05514 -9.09957
-0.504 -1.68514 -5.19577
-0.502 -1.51412 -0.724043
-0.5 -1.46246 3.67088
-0.498 -1.46441 7.37259
-0.496 -1.48348 9.89287
-0.494 -1.51673 10.9487
-0.492 -1.58757 10.5025
-0.49 -1.72952 8.76008
-0.488 -1.96625 6.12517
-0.486 -2.29386 3.12194
-0.484 -2.67108 0.298576
-0.482 -3.02109 -1.86923
-0.48 -3.24531 -3.0574
-0.478 -3.24636 -3.14136
-0.476 -2.95467 -2.205
-0.474 -2.35204 -0.510663
-0.472 -1.48574 1.56294
-0.47 -0.468486 3.60186
-0.468 0.537035 5.24088
-0.466 1.3472 6.23374
-0.464 1.79479 6.49589
-0.462 1.76716 6.11147
-0.46 1.2369 5.30387
-0.458 0.277609 4.37647
-0.456 -0.940074 3.63677
-0.454 -2.17333 3.32033
-0.452 -3.14956 3.53125
-0.45 -3.6192 4.2122
-0.448 -3.40876 5.15107
-0.446 -2.46321 6.02362
-0.444 -0.86821 6.4641
-0.442 1.15387 6.14995
-0.44 3.27495 4.88296
-0.438 5.11472 2.65007
-0.436 6.30733 -0.350363
-0.434 6.56895 -3.72388
-0.432 5.75361 -6.93624
-0.43 3.88665 -9.4019
-0.428 1.16893 -10.5892
-0.426 -2.04949 -10.1233
-0.424 -5.32241 -7.8667
-0.422 -8.17846 -3.96236
-0.42 -10.1981 1.17094
-0.418 -11.083 6.89193
-0.416 -10.7066 12.4312
-0.414 -9.13501 17.0106
-0.412 -6.61622 19.9681
-0.41 -3.53821 20.865
-0.408 -0.363853 19.557
-0.406 2.44576 16.2175
-0.404 4.50586 11.3082
-0.402 5.56751 5.5039
-0.4 5.55205 -0.41539
-0.398 4.55564 -5.68619
-0.396 2.82412 -9.67619
-0.394 0.704127 -11.9734
-0.392 -1.4201 -12.4355
-0.39 -3.19257 -11.1938
-0.388 -4.34247 -8.61132
-0.386 -4.72293 -5.20656
-0.384 -4.3258 -1.55683
-0.382 -3.27115 1.79986
-0.38 -1.77486 4.44667
-0.378 -0.101186 6.13972
-0.376 1.49015 6.82302
-0.374 2.79244 6.60702
-0.372 3.68696 5.71882
-0.37 4.15842 4.4368
-0.368 4.28858 3.02487
-0.366 4.23018 1.68014
-0.364 4.16708 0.504174
-0.362 4.26908 -0.497952
-0.36 4.65084 -1.39282
-0.358 5.343 -2.27594
-0.356 6.2813 -3.22264
-0.354 7.31557 -4.24557
-0.352 8.23696 -5.2698
-0.35 8.81852 -6.13284
-0.348 8.86188 -6.61088
-0.346 8.24183 -6.46687
-0.344 6.94063 -5.51039
-0.342 5.06544 -3.65633
-0.34 2.84454 -0.968475
-0.338 0.60154 2.32348
-0.336 -1.2897 5.84006
-0.334 -2.46307 9.10129
-0.332 -2.62248 11.6019
-0.33 -1.59819 12.8994
-0.328 0.612163 12.6989
-0.326 3.82571 10.917
-0.324 7.68388 7.71309
-0.322 11.6898 3.47822
-0.32 15.2697 -1.21623
-0.318 17.8508 -5.70397
-0.316 18.9453 -9.32878
-0.314 18.2283 -11.5511
-0.312 15.5975 -12.0377
-0.31 11.206 -10.719
-0.308 5.46008 -7.80225
-0.306 -1.01958 -3.73934
-0.304 -7.46944 0.845978
-0.302 -13.08 5.25915
-0.3 -17.1051 8.84593
-0.298 -18.9672 11.0945
-0.296 -18.3453 11.7108
-0.294 -15.2287 10.656
-0.292 -9.93045 8.13875
-0.29 -3.05536 4.56847
-0.288 4.5727 0.477469
-0.286 12.0152 -3.57121
-0.284 18.3408 -7.07357
-0.282 22.7483 -9.65599
-0.28 24.6733 -11.117
-0.278 23.8644 -11.4341
-0.276 20.4162 -10.738
-0.274 14.7562 -9.26182
-0.272 7.58485 -7.2779
-0.27 -0.219967 -5.0373
-0.268 -7.72152 -2.72416
-0.266 -14.0464 -0.434947
-0.264 -18.493 1.81424
-0.262 -20.6106 4.05585
-0.26 -20.2398 6.32386
-0.258 -17.5117 8.60504
-0.256 -12.8091 10.8023
-0.254 -6.6976 12.7213
-0.252 0.158519 14.0861
-0.25 7.08432 14.5828
-0.248 13.4718 13.9234
-0.246 18.8374 11.9164
-0.244 22.8533 8.53035
-0.242 25.3517 3.93425
-0.24 26.3069 -1.49597
-0.238 25.8017 -7.20979
-0.236 23.9898 -12.5514
-0.234 21.0617 -16.8561
-0.232 17.2231 -19.5579
-0.23 12.6865 -20.2887
-0.228 7.67557 -18.9502
-0.226 2.43662 -15.743
-0.224 -2.75065 -11.1455
-0.222 -7.56988 -5.84466
-0.22 -11.6782 -0.629084
-0.218 -14.7315 3.73725
-0.216 -16.4229 6.6383
-0.214 -16.5296 7.70453
-0.212 -14.9589 6.86926
-0.21 -11.7852 4.37291
-0.208 -7.26821 0.714774
-0.206 -1.84697 -3.43868
-0.204 3.89508 -7.37206
-0.202 9.29047 -10.4444
-0.2 13.6675 -12.1955
-0.198 16.4383 -12.4163
-0.196 17.181 -11.1716
-0.194 15.7035 -8.77183
-0.192 12.0776 -5.70169
-0.19 6.6371 -2.5196
-0.188 -0.0578934 0.250199
-0.186 -7.28799 2.21225
-0.184 -14.2608 3.1625
-0.182 -20.2059 3.10809
-0.18 -24.4645 2.2423
-0.178 -26.5642 0.882418
-0.176 -26.2686 -0.614594
-0.174 -23.5966 -1.93927
-0.172 -18.812 -2.90041
-0.17 -12.3852 -3.46412
-0.168 -4.93475 -3.75288
-0.166 2.84188 -4.00496
-0.164 10.2401 -4.50339
-0.162 16.6134 -5.49029
-0.16 21.4276 -7.08618
-0.158 24.2999 -9.2332
-0.156 25.023 -11.677
-0.154 23.575 -13.9941
-0.152 20.1155 -15.6618
-0.15 14.9713 -16.1595
-0.148 8.60968 -15.0808
-0.146 1.60317 -12.2351
-0.144 -5.41567 -7.71566
-0.142 -11.8062 -1.91834
-0.14 -16.9763 4.496
-0.138 -20.4384 10.6921
-0.136 -21.8602 15.789
-0.134 -21.1032 19.0055
-0.132 -18.2433 19.794
-0.13 -13.5693 17.9408
-0.128 -7.55745 13.6112
-0.126 -0.822564 7.33259
-0.124 5.94805 -0.0839738
-0.122 12.0718 -7.6696
-0.12 16.9488 -14.4495
-0.118 20.13 -19.5952
-0.116 21.3664 -22.5503
-0.114 20.6319 -23.1099
-0.112 18.1165 -21.4384
-0.11 14.1908 -18.0263
-0.108 9.34885 -13.5939
-0.106 4.13874 -8.96075
-0.104 -0.907953 -4.90606
-0.102 -5.33556 -2.04532
-0.1 -8.80472 -0.74429
-0.098 -11.1096 -1.08365
-0.096 -12.1728 -2.877
-0.094 -12.0226 -5.73449
-0.092 -10.7617 -9.1562
-0.09 -8.53481 -12.635
-0.088 -5.50291 -15.7481
-0.086 -1.83 -18.2205
-0.084 2.31735 -19.9497
-0.082 6.75924 -20.9898
-0.08 11.2857 -21.5022
-0.078 15.642 -21.6851
-0.076 19.5234 -21.7001
-0.074 22.5868 -21.6145
-0.072 24.4826 -21.3716
-0.07 24.9034 -20.7984
-0.068 23.6432 -19.6471
-0.066 20.6546 -17.6621
-0.064 16.0906 -14.6561
-0.062 10.3194 -10.5782
-0.06 3.90482 -5.55755
-0.058 -2.44707 0.0880163
-0.056 -7.97131 5.88312
-0.054 -11.9454 11.2613
-0.052 -13.7949 15.6556
-0.05 -13.1872 18.5977
-0.048 -10.0965 19.8042
-0.046 -4.82756 19.2348
-0.044 2.01093 17.1081
-0.042 9.58255 13.871
-0.04 16.9382 10.1276
-0.038 23.1515 6.53961
-0.036 27.451 3.71977
-0.034 29.3265 2.13505
-0.032 28.5928 2.03888
-0.03 25.4035 3.44179
-0.028 20.215 6.12409
-0.026 13.7099 9.68609
-0.024 6.69185 13.6253
-0.022 -0.0303363 17.4259
-0.02 -5.75356 20.643
-0.018 -9.96737 22.9668
-0.016 -12.4038 24.2546
-0.014 -13.0424 24.5271
-0.012 -12.0727 23.9315
-0.01 -9.82532 22.6831
-0.008 -6.69061 21.0013
-0.006 -3.04283 19.0539
-0.004 0.813536 16.9254
-0.002 4.66808 14.6124
0 8.39948 12.0478
0.002 11.9474 9.14427
0.004 15.2694 5.84889
0.006 18.2967 2.18906
0.008 20.8972 -1.69656
0.01 22.8588 -5.55467
0.012 23.8997 -9.04468
0.014 23.7093 -11.7938
0.016 22.0134 -13.4695
0.018 18.6496 -13.8549
0.02 13.6355 -12.9083
0.022 7.2107 -10.7938
0.024 -0.159992 -7.87215
0.026 -7.82496 -4.65304
0.028 -15.0216 -1.71494
0.03 -20.977 0.392106
0.032 -25.0179 1.24311
0.034 -26.6738 0.616459
0.036 -25.7561 -1.46087
0.038 -22.4005 -4.71008
0.04 -17.0627 -8.6413
0.042 -10.4643 -12.6322
0.044 -3.49499 -16.0311
0.046 2.91269 -18.2664
0.048 7.91675 -18.9412
0.05 10.8822 -17.895
0.052 11.4627 -15.2221
0.054 9.63484 -11.2423
0.056 5.68454 -6.43302
0.058 0.150265 -1.33673
0.06 -6.26402 3.53679
0.062 -12.7915 7.79378
0.064 -18.705 11.2104
0.066 -23.405 13.7477
0.068 -26.481 15.5277
0.07 -27.74 16.7752
0.072 -27.2001 17.7425
0.074 -25.0558 18.6308
0.076 -21.6241 19.53
0.078 -17.2855 20.3886
0.08 -12.4302 21.0235
0.082 -7.41985 21.1669
0.084 -2.56684 20.5409
0.086 1.87018 18.9418
0.088 5.67897 16.3154
0.09 8.68186 12.8048
0.092 10.7261 8.75709
0.094 11.6817 4.6855
0.096 11.4491 1.19047
0.098 9.97707 -1.14662
0.1 7.28691 -1.87791
0.102 3.49675 -0.789166
0.104 -1.16124 2.03575
0.106 -6.33812 6.20144
0.108 -11.585 11.0451
0.11 -16.39 15.7333
0.112 -20.233 19.3963
0.114 -22.6494 21.2766
0.116 -23.2941 20.8637
0.118 -21.9945 17.9913
0.12 -18.7834 12.878
0.122 -13.906 6.10226
0.124 -7.7995 -1.48326
0.126 -1.04809 -8.88463
0.128 5.68146 -15.1235
0.13 11.7136 -19.3911
0.132 16.4387 -21.1727
0.134 19.3782 -20.3216
0.136 20.2345 -17.0717
0.138 18.9187 -11.9848
0.14 15.5559 -5.84769
0.142 10.4673 0.465965
0.144 4.13496 6.13933
0.146 -2.84738 10.5382
0.148 -9.83118 13.2962
0.15 -16.1712 14.3461
0.152 -21.2809 13.8956
0.154 -24.6809 12.3549
0.156 -26.0381 10.2345
0.158 -25.1938 8.03377
0.16 -22.1793 6.14466
0.162 -17.2182 4.7872
0.164 -10.7138 3.98881
0.166 -3.22176 3.60809
0.168 4.59384 3.39544
0.17 12.0173 3.07485
0.172 18.3495 2.4278
0.174 22.9795 1.36001
0.176 25.4537 -0.0639992
0.178 25.5307 -1.62604
0.18 23.2156 -2.99862
0.182 18.7668 -3.81881
0.184 12.6727 -3.77604
0.186 5.59881 -2.69433
0.188 -1.68617 -0.590518
0.19 -8.39995 2.30577
0.192 -13.8381 5.57674
0.194 -17.4568 8.68293
0.196 -18.935 11.0597
0.198 -18.2077 12.2253
0.2 -15.4655 11.879
0.202 -11.1204 9.96981
0.204 -5.74424 6.72055
0.206 0.0100699 2.60209
0.208 5.49228 -1.739
0.21 10.1304 -5.58712
0.212 13.4878 -8.2794
0.214 15.2968 -9.32123
0.216 15.4651 -8.47441
0.218 14.0605 -5.80239
0.22 11.2784 -1.6641
0.222 7.40041 3.34238
0.224 2.75264 8.47647
0.226 -2.3293 12.9747
0.228 -7.5239 16.172
0.23 -12.5345 17.6039
0.232 -17.089 17.0717
0.234 -20.9337 14.6614
0.236 -23.8275 10.7149
0.238 -25.5436 5.7611
0.24 -25.8817 0.422169
0.242 -24.6934 -4.6875
0.244 -21.9153 -9.0508
0.246 -17.6039 -12.3116
0.248 -11.9645 -14.3037
0.25 -5.3617 -15.0438
0.252 1.69067 -14.6933
0.254 8.56714 -13.5007
0.256 14.5912 -11.7369
0.258 19.1133 -9.63908
0.26 21.5968 -7.37305
0.262 21.6972 -5.0223
0.264 19.3243 -2.60308
0.266 14.6739 -0.0999137
0.268 8.22346 2.48937
0.27 0.686276 5.11227
0.272 -7.06878 7.63619
0.274 -14.1246 9.84706
0.276 -19.6344 11.4746
0.278 -22.9338 12.2398
0.28 -23.6308 11.9156
0.282 -21.6584 10.3871
0.284 -17.2839 7.69785
0.286 -11.073 4.07118
0.288 -3.81431 -0.101068
0.29 3.58454 -4.30327
0.292 10.2149 -7.96842
0.294 15.283 -10.5669
0.296 18.209 -11.6965
0.298 18.6949 -11.1561
0.3 16.7547 -8.99067
0.302 12.7011 -5.49473
0.304 7.09429 -1.17506
0.306 0.658618 3.32466
0.308 -5.81765 7.32371
0.31 -11.5867 10.2124
0.312 -16.0342 11.5489
0.314 -18.7495 11.1295
0.316 -19.5644 9.01798
0.318 -18.5584 5.53232
0.32 -16.0305 1.18898
0.322 -12.445 -3.38311
0.324 -8.3582 -7.54449
0.326 -4.33931 -10.7451
0.328 -0.89402 -12.6054
0.33 1.59729 -12.9656
0.332 2.92005 -11.8957
0.334 3.04007 -9.66664
0.336 2.09172 -6.69017
0.338 0.342907 -3.43877
0.34 -1.85655 -0.363056
0.342 -4.13447 2.17884
0.344 -6.1541 3.96739
0.346 -7.6615 4.93681
0.348 -8.51575 5.15926
0.35 -8.69834 4.80439
0.352 -8.30181 4.08519
0.354 -7.5007 3.2029
0.356 -6.51061 2.30314
0.358 -5.54295 1.45239
0.36 -4.76335 0.638848
0.362 -4.26122 -0.203935
0.364 -4.03586 -1.15732
0.366 -4.00199 -2.27242
0.368 -4.01327 -3.53144
0.37 -3.8996 -4.82624
0.372 -3.51021 -5.96126
0.374 -2.75383 -6.68233
0.376 -1.62702 -6.72714
0.378 -0.224398 -5.88778
0.38 1.2723 -4.07194
0.382 2.62486 -1.3489
0.384 3.58366 2.03186
0.386 3.93874 5.65671
0.388 3.56715 8.99904
0.39 2.46685 11.4987
0.392 0.769977 12.6567
0.394 -1.2685 12.1277
0.396 -3.30612 9.79282
0.398 -4.96723 5.79851
0.4 -5.90737 0.551851
0.402 -5.87655 -5.32825
0.404 -4.76974 -11.0976
0.406 -2.65474 -15.9972
0.408 0.229184 -19.3709
0.41 3.50278 -20.7682
0.412 6.70427 -20.0171
0.414 9.36332 -17.2517
0.416 11.0785 -12.8905
0.418 11.5848 -7.56799
0.42 10.7983 -2.03169
0.422 8.83073 2.97737
0.424 5.97127 6.83952
0.426 2.6382 9.14696
0.428 -0.689855 9.75511
0.43 -3.55176 8.78726
0.432 -5.57718 6.59377
0.434 -6.54293 3.67513
0.436 -6.40317 0.583994
0.438 -5.28864 -2.17495
0.44 -3.47582 -4.22929
0.442 -1.33224 -5.39258
0.444 0.751649 -5.67891
0.446 2.43101 -5.27778
0.448 3.46325 -4.49622
0.45 3.74262 -3.68116
0.452 3.30769 -3.13866
0.454 2.32192 -3.06645
0.456 1.03291 -3.51341
0.458 -0.280574 -4.37345
0.46 -1.36264 -5.41461
0.462 -2.02522 -6.33638
0.464 -2.17607 -6.84284
0.466 -1.8259 -6.7156
0.468 -1.0753 -5.87072
0.47 -0.08568 -4.38709
0.472 0.958474 -2.49972
0.474 1.8877 -0.558771
0.476 2.57828 1.03792
0.478 2.96999 1.92568
0.48 3.06844 1.85113
0.482 2.93309 0.732138
0.484 2.65507 -1.31311
0.486 2.33112 -3.97462
0.488 2.04018 -6.79662
0.49 1.82832 -9.25379
0.492 1.7052 -10.8444
0.494 1.65189 -11.1829
0.496 1.63711 -10.0756
0.498 1.63649 -7.56344
0.5 1.64895 -3.92445
0.502 1.70499 0.365497
0.504 1.86416 4.70751
0.506 2.20147 8.47678
0.508 2.78595 11.1252
0.51 3.65608 12.2722
0.512 4.7984 11.7671
0.514 6.13494 9.71438
0.516 7.5237 6.456
0.518 8.77385 2.51516
0.52 9.674 -1.48867
0.522 10.0288 -4.93899
0.524 9.69673 -7.3188
0.526 8.62116 -8.28854
0.528 6.8472 -7.73303
0.53 4.52034 -5.77058
0.532 1.8661 -2.72434
0.534 -0.845541 0.937785
0.536 -3.34397 4.68292
0.538 -5.40127 7.99829
0.54 -6.86666 10.467
0.542 -7.68546 11.8227
0.544 -7.89944 11.9752
0.546 -7.6293 11.0063
0.548 -7.04331 9.13825
0.55 -6.31942 6.68394
0.552 -5.60876 3.98781
0.554 -5.00847 1.36977
0.556 -4.54951 -0.919017
0.558 -4.20138 -2.7218
0.56 -3.89225 -3.98068
0.562 -3.53895 -4.72182
0.564 -3.07918 -5.02689
0.566 -2.49766 -4.99892
0.568 -1.83929 -4.7309
0.57 -1.20543 -4.28422
0.572 -0.73311 -3.68096
0.574 -0.561485 -2.91038
0.576 -0.792917 -1.94677
0.578 -1.458 -0.773126
0.58 -2.49361 0.595858
0.582 -3.74049 2.09765
0.584 -4.96286 3.61732
0.586 -5.88741 4.99667
0.588 -6.25456 6.056
0.59 -5.87167 6.6248
0.592 -4.65703 6.57516
0.594 -2.66504 5.8509
0.596 -0.0867277 4.48586
0.598 2.7757 2.60685
0.6 5.55606 0.419675
0.602 7.88477 -1.81981
0.604 9.45165 -3.84473
0.606 10.0589 -5.41933
0.608 9.65415 -6.37624
0.61 8.33683 -6.64224
0.612 6.33694 -6.24729
0.614 3.97016 -5.31551
0.616 1.57849 -4.03983
0.618 -0.531407 -2.64532
0.62 -2.13997 -1.34843
0.622 -3.14617 -0.319883
0.624 -3.57312 0.341975
0.626 -3.54767 0.622764
0.628 -3.25951 0.587033
0.63 -2.90972 0.35832
0.632 -2.66059 0.088773
0.634 -2.59814 -0.0752827
0.636 -2.71543 -0.0247965
0.638 -2.92006 0.289829
0.64 -3.06349 0.850125
0.642 -2.98519 1.5759
0.644 -2.56091 2.34471
0.646 -1.74378 3.01996
0.648 -0.588258 3.48115
0.65 0.74942 3.64985
0.652 2.03553 3.50578
0.654 3.00361 3.08978
0.656 3.41079 2.49344
0.658 3.09372 1.83788
0.66 2.01151 1.24641
0.662 0.265655 0.81721
0.664 -1.9087 0.601728
0.666 -4.17956 0.593694
0.668 -6.17633 0.730906
0.67 -7.558 0.909532
0.672 -8.07754 1.00781
0.674 -7.62936 0.914115
0.676 -6.2701 0.553346
0.678 -4.20845 -0.0939339
0.68 -1.76578 -0.983776
0.682 0.684203 -2.01421
0.684 2.78501 -3.04272
0.686 4.26193 -3.91234
0.688 4.96881 -4.48106
0.69 4.90815 -4.64855
0.692 4.22096 -4.37485
0.694 3.14956 -3.68723
0.696 1.98185 -2.67405
0.698 0.98931 -1.46726
0.7 0.371979 -0.217394
0.702 0.221813 0.933497
0.704 0.511577 1.87535
0.706 1.11082 2.54548
0.708 1.82456 2.93324
0.71 2.44542 3.07387
0.712 2.80696 3.03367
0.714 2.82584 2.89059
0.716 2.52295 2.71479
0.718 2.01856 2.55378
0.72 1.50253 2.42509
0.722 1.18652 2.31781
0.724 1.24922 2.20187
0.726 1.78739 2.04235
0.728 2.7844 1.81471
0.73 4.10378 1.5167
0.732 5.51015 1.17355
0.734 6.71355 0.834732
0.736 7.42819 0.56274
0.738 7.43318 0.416457
0.74 6.6222 0.433305
0.742 5.03105 0.614886
0.744 2.83687 0.920308
0.746 0.32828 1.26966
0.748 -2.14746 1.55774
0.75 -4.24967 1.67554
0.752 -5.70815 1.53496
0.754 -6.37235 1.09102
0.756 -6.23542 0.3562
0.758 -5.42835 -0.597083
0.76 -4.18543 -1.64724
0.762 -2.78914 -2.64595
0.764 -1.50652 -3.44795
0.766 -0.53136 -3.94192
0.768 0.0549861 -4.07561
0.77 0.29535 -3.86911
0.772 0.338605 -3.41277
0.774 0.395754 -2.84901
0.776 0.680299 -2.34135
0.778 1.34655 -2.03676
0.78 2.44021 -2.02923
0.782 3.87311 -2.33312
0.784 5.42899 -2.87266
0.786 6.80046 -3.49123
0.788 7.65079 -3.97976
0.79 7.68804 -4.11934
0.792 6.73622 -3.72979
0.794 4.78793 -2.71421
0.796 2.02586 -1.0898
0.798 -1.1929 1.00263
0.8 -4.38895 3.31357
0.802 -7.04003 5.52273
0.804 -8.67344 7.29357
0.806 -8.95359 8.3343
0.808 -7.74766 8.45358
0.81 -5.15643 7.5998
0.812 -1.50374 5.87545
0.814 2.71355 3.52315
0.816 6.90613 0.885185
0.818 10.4883 -1.65619
0.82 12.9723 -3.74646
0.822 14.0431 -5.1216
0.824 13.6028 -5.65364
0.826 11.7749 -5.3701
0.828 8.8731 -4.44341
0.83 5.33796 -3.15248
0.832 1.65811 -1.82409
0.834 -1.71109 -0.765897
0.836 -4.41556 -0.204698
0.838 -6.24576 -0.242312
0.84 -7.14959 -0.838118
0.842 -7.21512 -1.8216
0.844 -6.63018 -2.93216
0.846 -5.62926 -3.87765
0.848 -4.4407 -4.39938
0.85 -3.24513 -4.32977
0.852 -2.15306 -3.63048
0.854 -1.20387 -2.40302
0.856 -0.383585 -0.869318
0.858 0.34585 0.67361
0.86 1.01488 1.91569
0.862 1.62152 2.59947
0.864 2.12018 2.57578
0.866 2.42731 1.83752
0.868 2.44225 0.524283
0.87 2.07819 -1.10359
0.872 1.29489 -2.71657
0.874 0.124251 -3.98264
0.876 -1.31875 -4.63578
0.878 -2.84423 -4.5318
0.88 -4.21459 -3.68008
0.882 -5.186 -2.24421
0.884 -5.55583 -0.511058
0.886 -5.20578 1.16585
0.888 -4.13076 2.43727
0.89 -2.44672 3.02937
0.892 -0.374752 2.80042
0.894 1.79597 1.77164
0.896 3.75903 0.125728
0.898 5.24525 -1.82667
0.9 6.06957 -3.7059
0.902 6.16084 -5.13594
0.904 5.56878 -5.81607
0.906 4.44693 -5.57769
0.908 3.01597 -4.41517
0.91 1.51548 -2.48506
0.912 0.155053 -0.0744623
0.914 -0.924885 2.45472
0.916 -1.67381 4.73427
0.918 -2.12941 6.45723
0.92 -2.3944 7.4315
0.922 -2.59771 7.60912
0.924 -2.84977 7.08644
0.926 -3.20302 6.07574
0.928 -3.62781 4.85506
0.93 -4.01022 3.70704
0.932 -4.17352 2.85993
0.934 -3.91927 2.44273
0.936 -3.07918 2.46363
0.938 -1.56624 2.81539
0.94 0.587195 3.3055
0.942 3.21406 3.70398
0.944 6.02531 3.79785
0.946 8.65027 3.44057
0.948 10.6981 2.58604
0.95 11.8291 1.30043
0.952 11.8217 -0.250278
0.954 10.622 -1.8337
0.956 8.36403 -3.19822
0.958 5.35566 -4.12365
0.96 2.03208 -4.46469
0.962 -1.11657 -4.17842
0.964 -3.62931 -3.3303
0.966 -5.15474 -2.07804
0.968 -5.51225 -0.637554
0.97 -4.72236 0.761432
0.972 -3.00044 1.9203
0.974 -0.715051 2.70751
0.976 1.68078 3.07838
0.978 3.7324 3.07511
0.98 5.06491 2.80789
0.982 5.44807 2.42208
0.984 4.8332 2.05939
0.986 3.3559 1.82227
0.988 1.30482 1.74974
0.99 -0.936639 1.81009
0.992 -2.96423 1.91201
0.994 -4.42761 1.93095
0.996 -5.09192 1.74445
0.998 -4.8747 1.26767
0.4 0.22748 0.222579
0.8 0.229601 0.232956
1.2 0.233071 0.24963
1.6 0.237799 0.271729
2 0.243663 0.298139
2.4 0.250519 0.327599
2.8 0.258211 0.358812
3.2 0.266574 0.390545
3.6 0.275449 0.421732
4 0.284687 0.451548
4.4 0.294158 0.479463
4.8 0.303759 0.505265
5.2 0.313412 0.529048
5.6 0.323076 0.551175
6 0.332738 0.572207
6.4 0.342418 0.592826
6.8 0.352164 0.613737
7.2 0.362047 0.635574
7.6 0.372159 0.658821
8 0.382603 0.683745
8.4 0.393488 0.710353
8.8 0.40492 0.738386
9.2 0.417 0.76733
9.6 0.429814 0.796468
10 0.443428 0.82494
10.4 0.457887 0.851834
10.8 0.473206 0.876266
11.2 0.489377 0.897475
11.6 0.506362 0.914892
12 0.524098 0.928199
12.4 0.542499 0.937361
12.8 0.561463 0.942627
13.2 0.580874 0.944509
13.6 0.600611 0.943736
14 0.62055 0.94118
14.4 0.640576 0.93778
14.8 0.66058 0.934457
15.2 0.680467 0.93203
15.6 0.700153 0.931149
16 0.719566 0.932246
16.4 0.738644 0.935503
16.8 0.757324 0.940853
17.2 0.775542 0.947996
17.6 0.79322 0.956445
18 0.810262 0.965579
18.4 0.826546 0.974712
18.8 0.841922 0.983162
19.2 0.856212 0.990313
19.6 0.869209 0.995668
20 0.880689 0.998884
20.4 0.890422 0.999793
20.8 0.898182 0.998396
21.2 0.90377 0.99485
21.6 0.907031 0.989429
22 0.907868 0.982487
22.4 0.906264 0.97441
22.8 0.902286 0.965572
23.2 0.896095 0.956304
23.6 0.887942 0.94686
24 0.878158 0.937417
24.4 0.867139 0.928067
24.8 0.855315 0.91884
25.2 0.84313 0.909725
25.6 0.831002 0.900699
26 0.81929 0.891761
26.4 0.808269 0.882958
26.8 0.798101 0.874399
27.2 0.788819 0.866267
27.6 0.780323 0.858809
28 0.772385 0.852316
28.4 0.764667 0.847096
28.8 0.75675 0.843434
29.2 0.748175 0.841551
29.6 0.738483 0.84157
30 0.727269 0.843477
30.4 0.714221 0.847109
30.8 0.699163 0.852148
31.2 0.682086 0.858129
31.6 0.663166 0.864472
32 0.642762 0.870525
32.4 0.621407 0.875614
32.8 0.599775 0.879102
33.2 0.578641 0.880447
33.6 0.558826 0.879259
34 0.541141 0.875331
34.4 0.526324 0.868676
34.8 0.514983 0.859525
35.2 0.507554 0.848318
35.6 0.504262 0.835678
36 0.505108 0.822356
36.4 0.509863 0.809181
36.8 0.518091 0.796995
37.2 0.529179 0.786584
37.6 0.542387 0.778625
38 0.556903 0.773631
38.4 0.571902 0.771921
38.8 0.586606 0.773594
39.2 0.600338 0.778532
39.6 0.612562 0.786411
40 0.622914 0.796729
40.4 0.631214 0.808845
40.8 0.637459 0.822022
41.2 0.641811 0.835478
41.6 0.644561 0.848427
42 0.646091 0.860122
42.4 0.64683 0.869888
42.8 0.647207 0.877148
43.2 0.647612 0.881431
43.6 0.648364 0.882388
44 0.649684 0.879783
44.4 0.65169 0.873492
44.8 0.654392 0.863496
45.2 0.657708 0.849867
45.6 0.66148 0.832767
46 0.665502 0.812436
46.4 0.669542 0.789191
46.8 0.673373 0.763421
47.2 0.676787 0.735587
47.6 0.679613 0.706214
48 0.681723 0.675888
48.4 0.683027 0.645238
48.8 0.683465 0.614925
49.2 0.682995 0.585616
49.6 0.681573 0.557956
50 0.67914 0.532537
50.4 0.67561 0.509868
50.8 0.67086 0.490342
51.2 0.664737 0.474214
51.6 0.657062 0.461578
52 0.647651 0.452366
52.4 0.636334 0.44635
52.8 0.62299 0.443158
53.2 0.607568 0.442307
53.6 0.590115 0.443237
54 0.570795 0.445364
54.4 0.549899 0.448121
54.8 0.527842 0.451015
55.2 0.50515 0.453659
55.6 0.482437 0.455812
56 0.460365 0.457391
56.4 0.439601 0.458478
56.8 0.420771 0.459301
57.2 0.404411 0.460211
57.6 0.390922 0.461638
58 0.380538 0.464039
58.4 0.373304 0.467845
58.8 0.369067 0.473408
59.2 0.367481 0.480954
59.6 0.36804 0.490549
60 0.370106 0.502079
60.4 0.372965 0.515247
60.8 0.37588 0.529593
61.2 0.378154 0.544523
61.6 0.379184 0.559361
62 0.378512 0.573402
62.4 0.375868 0.585977
62.8 0.37119 0.596513
63.2 0.364642 0.604581
63.6 0.356595 0.609938
64 0.347616 0.612548
64.4 0.338416 0.612585
64.8 0.32981 0.610412
65.2 0.322652 0.606546
65.6 0.317775 0.601606
66 0.315929 0.596249
66.4 0.317721 0.591101
66.8 0.323574 0.586695
67.2 0.333684 0.583409
67.6 0.348002 0.581424
68 0.366232 0.580702
68.4 0.387835 0.580979
68.8 0.412061 0.581785
69.2 0.437986 0.582481
69.6 0.464562 0.582321
70 0.490677 0.580512
70.4 0.515216 0.576299
70.8 0.537122 0.569031
71.2 0.555457 0.558234
71.6 0.569449 0.543661
72 0.578537 0.525329
72.4 0.582399 0.503532
72.8 0.580961 0.478834
73.2 0.574399 0.452031
73.6 0.563122 0.424106
74 0.547743 0.396159
74.4 0.529036 0.369329
74.8 0.507882 0.344715
75.2 0.485222 0.3233
75.6 0.461988 0.305877
76 0.439055 0.293002
76.4 0.417189 0.284954
76.8 0.397005 0.281721
77.2 0.378938 0.283004
77.6 0.363231 0.288247
78 0.349927 0.296676
78.4 0.338891 0.307358
78.8 0.329827 0.319267
79.2 0.32232 0.33135
79.6 0.315882 0.342598
80 0.30999 0.352103
80.4 0.304146 0.359112
80.8 0.29791 0.363064
81.2 0.290945 0.363611
81.6 0.283036 0.360629
82 0.27411 0.354207
82.4 0.264233 0.34463
82.8 0.253603 0.332349
83.2 0.242521 0.317939
83.6 0.231366 0.302061
84 0.22055 0.285414
84.4 0.210484 0.268696
84.8 0.201531 0.252563
85.2 0.193979 0.2376
85.6 0.188004 0.224293
86 0.18366 0.213015
86.4 0.180866 0.204014
86.8 0.179414 0.197417
87.2 0.178985 0.193236
87.6 0.179172 0.191379
88 0.179512 0.191665
88.4 0.179523 0.193851
88.8 0.178743 0.197648
89.2 0.176764 0.202744
89.6 0.17326 0.208824
90 0.168013 0.21559
90.4 0.160927 0.222771
90.8 0.152032 0.230136
91.2 0.141478 0.237498
91.6 0.129524 0.244717
92 0.116511 0.251693
92.4 0.102843 0.258365
92.8 0.0889513 0.264696
93.2 0.0752669 0.27067
93.6 0.0621932 0.276272
94 0.0500808 0.281485
94.4 0.0392097 0.286277
94.8 0.0297766 0.290596
95.2 0.0218909 0.294369
95.6 0.0155759 0.297496
96 0.0107774 0.299863
96.4 0.00737618 0.301341
96.8 0.00520467 0.301798
97.2 0.00406539 0.30111
97.6 0.00374934 0.299168
98 0.00405337 0.295894
98.4 0.00479487 0.291246
98.8 0.00582301 0.285222
99.2 0.00702589 0.277867
99.6 0.0083334 0.269272
100 0.00971601 0.259569
100.4 0.0111799 0.248924
100.8 0.0127592 0.237533
101.2 0.0145065 0.225607
101.6 0.0164817 0.213367
102 0.0187417 0.201031
102.4 0.0213304 0.188806
102.8 0.0242703 0.176883
103.2 0.0275569 0.165431
103.6 0.0311548 0.154597
104 0.0349978 0.144502
104.4 0.0389901 0.135247
104.8 0.0430116 0.126913
105.2 0.0469239 0.119564
105.6 0.050579 0.113254
106 0.0538279 0.108022
106.4 0.0565304 0.103901
106.8 0.0585639 0.100914
107.2 0.0598317 0.0990747
107.6 0.0602696 0.098385
108 0.0598506 0.0988332
108.4 0.0585875 0.100391
108.8 0.056533 0.103012
109.2 0.0537772 0.106627
109.6 0.0504433 0.111148
110 0.0466804 0.116465
110.4 0.0426552 0.122447
110.8 0.0385425 0.128945
111.2 0.0345151 0.135796
111.6 0.0307333 0.142826
112 0.0273356 0.149851
112.4 0.0244308 0.156684
112.8 0.0220918 0.163138
113.2 0.0203516 0.169027
113.6 0.0192023 0.174173
114 0.0185966 0.178405
114.4 0.0184521 0.181568
114.8 0.0186582 0.183527
115.2 0.0190843 0.184169
115.6 0.0195899 0.183416
116 0.0200354 0.181229
116.4 0.0202923 0.177615
116.8 0.020253 0.172638
117.2 0.0198384 0.166425
117.6 0.0190038 0.159168
118 0.0177418 0.151128
118.4 0.0160833 0.142631
118.8 0.0140941 0.13406
119.2 0.0118707 0.125845
119.6 0.00953318 0.118442
120 0.0072164 0.112317
120.4 0.00506109 0.107915
120.8 0.00320454 0.105635
121.2 0.00177212 0.105806
121.6 0.000870071 0.10866
122 0.000580188 0.114311
122.4 0.000956497 0.122739
122.8 0.00202414 0.133787
123.2 0.00378027 0.147158
123.6 0.00619661 0.162429
124 0.00922332 0.179067
124.4 0.0127935 0.196457
124.8 0.0168281 0.213937
125.2 0.0212399 0.230834
125.6 0.0259378 0.246502
126 0.0308286 0.260361
126.4 0.0358197 0.27193
126.8 0.040819 0.280854
127.2 0.045735 0.286924
127.6 0.0504771 0.290087
128 0.0549547 0.290443
128.4 0.0590781 0.288238
128.8 0.0627597 0.283843
129.2 0.0659164 0.277726
129.6 0.0684735 0.27042
130 0.0703691 0.262489
130.4 0.0715599 0.254494
130.8 0.0720262 0.246954
131.2 0.0717774 0.240325
131.6 0.0708557 0.234969
132 0.0693377 0.231147
132.4 0.0673344 0.229004
132.8 0.0649876 0.228576
133.2 0.0624639 0.229793
133.6 0.0599456 0.232495
134 0.0576197 0.236452
134.4 0.0556653 0.24138
134.8 0.0542405 0.246968
135.2 0.0534697 0.252894
135.6 0.0534336 0.258847
136 0.0541603 0.264542
136.4 0.0556221 0.269728
136.8 0.0577348 0.274197
137.2 0.0603633 0.277785
137.6 0.0633296 0.280371
138 0.0664268 0.281874
138.4 0.069434 0.282248
138.8 0.0721348 0.281472
139.2 0.0743341 0.279551
139.6 0.0758759 0.276506
140 0.0766567 0.272378
140.4 0.0766363 0.267222
140.8 0.0758431 0.261114
141.2 0.0743747 0.254151
141.6 0.0723926 0.246461
142 0.0701118 0.238201
142.4 0.0677865 0.229565
142.8 0.0656922 0.220787
143.2 0.0641053 0.212135
143.6 0.0632837 0.20391
144 0.063447 0.196436
144.4 0.0647601 0.190048
144.8 0.0673205 0.18508
145.2 0.0711498 0.181842
145.6 0.0761905 0.180603
146 0.0823085 0.181576
146.4 0.0893003 0.184893
146.8 0.0969041 0.190598
147.2 0.104815 0.198632
147.6 0.112702 0.208829
148 0.120225 0.22092
148.4 0.127058 0.234534
148.8 0.132897 0.249218
149.2 0.137481 0.264455
149.6 0.140601 0.279684
150 0.142108 0.29433
150.4 0.141915 0.307835
150.8 0.139999 0.319678
151.2 0.136397 0.329409
151.6 0.131201 0.336669
152 0.124548 0.341205
152.4 0.116613 0.342882
152.8 0.107599 0.341688
153.2 0.0977237 0.337729
153.6 0.0872156 0.331219
154 0.076302 0.322466
154.4 0.0652041 0.311849
154.8 0.0541313 0.29979
155.2 0.0432774 0.286734
155.6 0.0328186 0.273118
156 0.0229119 0.259348
156.4 0.0136947 0.245775
156.8 0.00528486 0.232682
157.2 -0.00221926 0.220268
157.6 -0.00873828 0.208646
158 -0.0142119 0.19784
158.4 -0.0185992 0.187799
158.8 -0.0218788 0.1784
159.2 -0.0240497 0.16947
159.6 -0.0251321 0.160805
160 -0.0251677 0.152188
160.4 -0.0242201 0.14341
160.8 -0.0223743 0.134292
161.2 -0.0197358 0.124698
161.6 -0.0164289 0.114546
162 -0.0125932 0.103821
162.4 -0.00838075 0.0925706
162.8 -0.00395085 0.0809083
163.2 0.00053492 0.0690014
163.6 0.00491842 0.057062
164 0.00905078 0.0453315
164.4 0.012798 0.0340639
164.8 0.0160464 0.0235087
165.2 0.0187063 0.0138944
165.6 0.0207163 0.0054132
166 0.0220441 -0.00179039
166.4 0.0226878 -0.00762827
166.8 0.0226746 -0.0120726
167.2 0.022058 -0.0151559
167.6 0.0209143 -0.0169664
168 0.0193375 -0.0176402
168.4 0.0174334 -0.0173507
168.8 0.0153135 -0.0162956
169.2 0.013089 -0.0146831
169.6 0.0108646 -0.0127191
170 0.00873331 -0.0105942
170.4 0.00677269 -0.00847432
170.8 0.00504165 -0.00649303
171.2 0.00357913 -0.00474736
171.6 0.00240396 -0.00329685
172 0.00151618 -0.00216561
172.4 0.000899477 -0.00134696
172.8 0.000524493 -0.000810115
173.2 0.00035276 -0.000507934
173.6 0.000340848 -0.000385156
174 0.000444395 -0.000386127
174.4 0.000621714 -0.000461393
174.8 0.000836689 -0.000572608
175.2 0.0010608 -0.000695406
175.6 0.00127417 -0.000820149
176 0.00146562 -0.00095065
176.4 0.0016319 -0.00110123
176.8 0.00177613 -0.00129257
177.2 0.00190584 -0.00154695
177.6 0.00203078 -0.00188356
178 0.00216075 -0.00231433
178.4 0.0023038 -0.00284097
178.8 0.00246488 -0.00345341
179.2 0.00264511 -0.00412989
179.6 0.00284182 -0.00483862
180 0.0030491 -0.00554087
180.4 0.00325902 -0.00619508
180.8 0.00346313 -0.00676153
181.2 0.00365421 -0.00720705
181.6 0.00382788 -0.0075092
182 0.00398394 -0.00765953
182.4 0.00412736 -0.00766556
182.8 0.00426851 -0.00755112
183.2 0.00442292 -0.0073553
183.6 0.00461031 -0.0071298
184 0.00485317 -0.00693518
184.4 0.00517494 -0.00683631
184.8 0.00559805 -0.0068974
185.2 0.006142 -0.00717714
185.6 0.00682173 -0.00772434
186 0.00764643 -0.0085744
186.4 0.00861898 -0.00974679
186.8 0.00973603 -0.0112438
187.2 0.0109887 -0.0130504
187.6 0.0123639 -0.0151348
188 0.013846 -0.0174505
188.4 0.0154187 -0.0199381
188.8 0.0170672 -0.0225275
189.2 0.0187795 -0.0251408
189.6 0.0205478 -0.0276939
190 0.0223694 -0.0300991
190.4 0.0242464 -0.0322664
190.8 0.0261856 -0.0341055
191.2 0.0281969 -0.0355272
191.6 0.030292 -0.0364462
192 0.0324828 -0.0367826
192.4 0.0347795 -0.0364657
192.8 0.037189 -0.0354374
193.2 0.0397145 -0.0336562
193.6 0.042354 -0.0311015
194 0.0451012 -0.027778
194.4 0.0479458 -0.0237191
194.8 0.0508749 -0.0189894
195.2 0.0538742 -0.0136854
195.6 0.0569295 -0.00793453
196 0.0600283 -0.00189128
196.4 0.0631604 0.00426866
196.8 0.0663184 0.0103568
197.2 0.0694968 0.0161821
197.6 0.072691 0.0215625
198 0.0758956 0.0263371
198.4 0.0791013 0.0303775
198.8 0.0822923 0.0335978
199.2 0.0854442 0.0359625
199.6 0.088521 0.0374904
200 0.0914743 0.038255
200.4 0.0942429 0.0383808
200.8 0.0967539 0.0380352
201.2 0.0989256 0.0374173
201.6 0.100671 0.0367431
202 0.101902 0.0362296
202.4 0.10254 0.0360782
202.8 0.102513 0.0364591
203.2 0.101773 0.0374981
203.6 0.100292 0.0392667
204 0.0980717 0.0417767
204.4 0.095142 0.0449799
204.8 0.0915643 0.0487724
205.2 0.087428 0.0530041
205.6 0.0828465 0.0574915
206 0.0779514 0.0620339
206.4 0.072885 0.0664304
206.8 0.0677917 0.0704972
207.2 0.0628098 0.0740827
207.6 0.0580634 0.0770799
208 0.0536553 0.0794349
208.4 0.0496623 0.0811499
208.8 0.0461324 0.0822813
209.2 0.0430843 0.0829336
209.6 0.0405103 0.0832479
210 0.0383802 0.0833879
210.4 0.0366485 0.083524
210.8 0.0352618 0.0838163
211.2 0.0341678 0.0843995
211.6 0.0333234 0.0853696
212 0.032702 0.0867745
212.4 0.0322997 0.0886086
212.8 0.0321381 0.0908128
213.2 0.0322659 0.0932784
213.6 0.0327564 0.0958566
214 0.0337034 0.0983699
214.4 0.0352137 0.100628
214.8 0.0373983 0.102441
215.2 0.0403622 0.103641
215.6 0.044194 0.104088
216 0.0489549 0.103692
216.4 0.0546703 0.102412
216.8 0.0613221 0.100268
217.2 0.0688443 0.0973356
217.6 0.0771208 0.0937483
218 0.0859869 0.0896856
218.4 0.0952339 0.0853649
218.8 0.104616 0.0810281
219.2 0.113861 0.0769282
219.6 0.12268 0.0733148
220 0.130784 0.0704205
220.4 0.137893 0.0684487
220.8 0.143752 0.0675631
221.2 0.148143 0.0678798
221.6 0.150895 0.0694628
222 0.15189 0.0723211
222.4 0.151073 0.0764096
222.8 0.148448 0.0816325
223.2 0.144084 0.0878481
223.6 0.138106 0.0948765
224 0.130692 0.102508
224.4 0.122063 0.110511
224.8 0.112473 0.118645
225.2 0.102197 0.126666
225.6 0.0915159 0.134341
226 0.0807107 0.141449
226.4 0.0700452 0.147795
226.8 0.0597584 0.153212
227.2 0.0500555 0.157565
227.6 0.0411017 0.160755
228 0.0330185 0.16272
228.4 0.0258822 0.163431
228.8 0.0197249 0.162894
229.2 0.0145379 0.161147
229.6 0.0102766 0.15825
230 0.00686747 0.154289
230.4 0.00421503 0.149364
230.8 0.00221027 0.143587
231.2 0.000738213 0.13708
231.6 -0.000314763 0.129967
232 -0.00105474 0.122372
232.4 -0.00157537 0.114419
232.8 -0.00195445 0.106228
233.2 -0.00225221 0.0979132
233.6 -0.00251098 0.0895836
234 -0.0027563 0.0813424
234.4 -0.00299916 0.0732865
234.8 -0.00323896 0.0655055
235.2 -0.00346693 0.0580813
235.6 -0.00366963 0.0510868
236 -0.00383223 0.0445846
236.4 -0.00394128 0.0386254
236.8 -0.00398679 0.0332463
237.2 -0.00396355 0.0284694
237.6 -0.00387162 0.0243006
238 -0.00371613 0.020729
238.4 -0.00350651 0.0177275
238.8 -0.00325519 0.0152535
239.2 -0.00297622 0.0132513
239.6 -0.0026838 0.0116549
240 -0.00239095 0.010392
240.4 -0.00210854 0.00938747
240.8 -0.0018446 0.00856822
241.2 -0.00160414 0.00786698
241.6 -0.00138923 0.00722602
242 -0.00119953 0.00659987
242.4 -0.00103293 0.00595707
242.8 -0.000886307 0.00528077
243.2 -0.000756327 0.00456813
243.6 -0.000640054 0.00382858
244 -0.000535411 0.00308121
244.4 -0.000441398 0.00235152
244.8 -0.000358068 0.00166781
245.2 -0.000286302 0.00105768
245.6 -0.000227426 0.000544802
246 -0.000182751 0.000146406
246.4 -0.000153119 -0.000128424
246.8 -0.000138519 -0.000279489
247.2 -0.000137844 -0.000315239
247.6 -0.00014882 -0.000251678
248 -0.000168115 -0.000110553
248.4 -0.000191622 8.29066e-05
248.8 -0.000214859 0.000302457
249.2 -0.00023345 0.000523227
249.6 -0.000243602 0.000723791
250 -0.000242527 0.000887724
250.4 -0.000228748 0.00100452
250.8 -0.00020225 0.00106986
251.2 -0.000164462 0.00108518
251.6 -0.000118071 0.00105675
252 -6.66911e-05 0.0009943
252.4 -1.44454e-05 0.000909525
252.8 3.45054e-05 0.000814478
253.2 7.64159e-05 0.000720184
253.6 0.000108342 0.000635528
254 0.000128414 0.000566555
254.4 0.000135982 0.000516185
254.8 0.000131597 0.000484367
255.2 0.000116876 0.000468569
255.6 9.42442e-05 0.000464528
256 6.66041e-05 0.000467138
256.4 3.69871e-05 0.000471326
256.8 8.2149e-06 0.000472834
257.2 -1.73776e-05 0.000468794
257.6 -3.81316e-05 0.000458046
258 -5.31498e-05 0.000441184
258.4 -6.22754e-05 0.000420345
258.8 -6.59777e-05 0.000398799
259.2 -6.51681e-05 0.000380394
259.6 -6.09766e-05 0.000368966
260 -5.4525e-05 0.000367777
260.4 -4.67277e-05 0.000379058
260.8 -3.81468e-05 0.000403712
261.2 -2.89182e-05 0.000441209
261.6 -1.87559e-05 0.000489661
262 -7.02684e-06 0.000546065
262.4 7.11614e-06 0.000606669
262.8 2.45667e-05 0.000667405
263.2 4.60889e-05 0.000724326
263.6 7.21574e-05 0.000774006
264 0.000102838 0.000813836
264.4 0.000137722 0.000842212
264.8 0.000175926 0.00085858
265.2 0.000216153 0.000863364
265.6 0.000256802 0.000857783
266 0.000296124 0.000843609
266.4 0.000332386 0.000822876
266.8 0.000364035 0.000797614
267.2 0.000389836 0.000769608
267.6 0.000408974 0.000740235
268 0.000421105 0.000710371
268.4 0.000426354 0.000680387
268.8 0.000425268 0.000650212
269.2 0.000418725 0.000619449
269.6 0.000407826 0.00058753
270 0.000393773 0.000553867
270.4 0.000377747 0.000517999
270.8 0.000360818 0.000479697
271.2 0.000343867 0.000439029
271.6 0.00032756 0.000396373
272 0.000312331 0.000352395
272.4 0.000298416 0.00030798
272.8 0.000285894 0.000264149
273.2 0.000274741 0.000221963
273.6 0.000264887 0.000182434
274 0.000256265 0.000146453
274.4 0.000248843 0.000114737
274.8 0.00024264 8.77993e-05
275.2 0.000237724 6.59486e-05
275.6 0.000234191 4.92992e-05
276 0.000232141 3.77969e-05
276.4 0.000231641 3.12468e-05
276.8 0.000232696 2.93403e-05
277.2 0.000235227 3.16757e-05
277.6 0.000239064 3.77719e-05
278 0.000243944 4.70748e-05
278.4 0.000249533 5.89608e-05
278.8 0.000255458 7.2741e-05
279.2 0.000261332 8.76704e-05
279.6 0.000266802 0.000102966
280 0.000271573 0.000117834
280.4 0.000275435 0.000131512
280.8 0.000278277 0.000143311
281.2 0.000280082 0.000152662
281.6 0.00028092 0.000159168
282 0.000280924 0.00016263
282.4 0.000280259 0.000163068
282.8 0.000279097 0.000160722
283.2 0.000277585 0.000156025
283.6 0.00027583 0.00014956
284 0.000273882 0.000142003
284.4 0.000271736 0.000134051
284.8 0.00026934 0.000126352
285.2 0.000266614 0.000119439
285.6 0.000263469 0.00011368
286 0.000259836 0.000109247
286.4 0.000255684 0.00010611
286.8 0.000251043 0.000104052
287.2 0.000246012 0.000102708
287.6 0.000240758 0.000101623
288 0.000235514 0.000100314
288.4 0.000230559 9.83384e-05
288.8 0.000226197 9.53548e-05
289.2 0.00022273 9.11696e-05
289.6 0.000220435 8.5767e-05
290 0.000219532 7.93164e-05
290.4 0.000220166 7.21599e-05
290.8 0.000222393 6.4781e-05
291.2 0.000226169 5.7758e-05
291.6 0.000231347 5.17107e-05
292 0.000237689 4.72432e-05
292.4 0.000244873 4.48919e-05
292.8 0.000252512 4.50819e-05
293.2 0.000260176 4.80968e-05
293.6 0.000267417 5.40618e-05
294 0.000273791 6.29433e-05
294.4 0.000278881 7.45599e-05
294.8 0.000282325 8.86049e-05
295.2 0.000283829 0.000104675
295.6 0.000283186 0.000122302
296 0.000280285 0.000140984
296.4 0.000275118 0.000160214
296.8 0.000267776 0.000179504
297.2 0.000258447 0.0001984
297.6 0.000247396 0.000216491
298 0.000234954 0.000233417
298.4 0.000221496 0.000248867
298.8 0.000207408 0.000262574
299.2 0.000193075 0.000274311
299.6 0.000178848 0.000283885
300 0.000165028 0.000291128
300.4 0.000151853 0.000295894
300.8 0.000139491 0.000298053
301.2 0.000128039 0.000297492
301.6 0.000117533 0.000294112
302 0.000107961 0.000287835
302.4 9.92832e-05 0.000278607
302.8 9.14516e-05 0.000266411
303.2 8.44313e-05 0.000251277
303.6 7.82172e-05 0.000233295
304 7.28448e-05 0.000212638
304.4 6.83942e-05 0.000189568
304.8 6.49851e-05 0.000164458
305.2 6.27639e-05 0.000137792
305.6 6.18838e-05 0.000110172
306 6.24811e-05 8.23067e-05
306.4 6.46489e-05 5.49916e-05
306.8 6.84137e-05 2.90786e-05
307.2 7.37156e-05 5.43326e-06
307.6 8.03973e-05 -1.51164e-05
308 8.82026e-05 -3.18362e-05
308.4 9.67847e-05 -4.41434e-05
308.8 0.000105725 -5.166e-05
309.2 0.000114562 -5.4256e-05
309.6 0.000122824 -5.20771e-05
310 0.000130063 -4.5554e-05
310.4 0.000135898 -3.53887e-05
310.8 0.000140038 -2.25193e-05
311.2 0.000142313 -8.06344e-06
311.6 0.000142684 6.75616e-06
312 0.000141251 2.06966e-05
312.4 0.00013824 3.2585e-05
312.8 0.00013399 4.14052e-05
313.2 0.000128926 4.63739e-05
313.6 0.000123521 4.69985e-05
314 0.00011827 4.31125e-05
314.4 0.000113646 3.48845e-05
314.8 0.000110074 2.28002e-05
315.2 0.000107898 7.62003e-06
315.6 0.000107365 -9.68531e-06
316 0.000108609 -2.80134e-05
316.4 0.000111647 -4.62174e-05
316.8 0.00011638 -6.31931e-05
317.2 0.000122601 -7.79597e-05
317.6 0.000130012 -8.97266e-05
318 0.000138238 -9.79429e-05
318.4 0.00014685 -0.000102325
318.8 0.000155385 -0.000102863
319.2 0.000163372 -9.98032e-05
319.6 0.000170347 -9.36193e-05
320 0.000175885 -8.49599e-05
320.4 0.000179606 -7.4593e-05
320.8 0.000181205 -6.33439e-05
321.2 0.000180458 -5.20331e-05
321.6 0.000177232 -4.14198e-05
322 0.0001715 -3.21528e-05
322.4 0.000163333 -2.47328e-05
322.8 0.000152904 -1.94865e-05
323.2 0.000140477 -1.65542e-05
323.6 0.000126392 -1.5889e-05
324 0.000111052 -1.72689e-05
324.4 9.4896e-05 -2.0319e-05
324.8 7.83813e-05 -2.45417e-05
325.2 6.19556e-05 -2.93548e-05
325.6 4.60353e-05 -3.41337e-05
326 3.09855e-05 -3.82555e-05
326.4 1.71034e-05 -4.11438e-05
326.8 4.60787e-06 -4.23096e-05
327.2 -6.36629e-06 -4.1388e-05
327.6 -1.57673e-05 -3.81662e-05
328 -2.36209e-05 -3.2602e-05
328.4 -3.00197e-05 -2.48294e-05
328.8 -3.51108e-05 -1.51527e-05
329.2 -3.90803e-05 -4.02632e-06
329.6 -4.2139e-05 7.97751e-06
330 -4.45086e-05 2.02113e-05
330.4 -4.64102e-05 3.20024e-05
330.8 -4.80552e-05 4.27068e-05
331.2 -4.96393e-05 5.17622e-05
331.6 -5.13376e-05 5.87355e-05
332 -5.33029e-05 6.336e-05
332.4 -5.56634e-05 6.556e-05
332.8 -5.85215e-05 6.54577e-05
333.2 -6.19509e-05 6.33636e-05
333.6 -6.59937e-05 5.97498e-05
334 -7.06564e-05 5.52073e-05
334.4 -7.5905e-05 5.03931e-05
334.8 -8.1661e-05 4.59699e-05
335.2 -8.77984e-05 4.25449e-05
335.6 -9.41435e-05 4.06138e-05
336 -0.000100477 4.05142e-05
336.4 -0.000106544 4.23938e-05
336.8 -0.000112059 4.61969e-05
337.2 -0.000116729 5.16689e-05
337.6 -0.000120268 5.83804e-05
338 -0.000122416 6.57672e-05
338.4 -0.000122963 7.31827e-05
338.8 -0.000121768 7.99584e-05
339.2 -0.000118773 8.54655e-05
339.6 -0.000114012 8.91731e-05
340 -0.000107618 9.06967e-05
340.4 -9.98151e-05 8.98333e-05
340.8 -9.09083e-05 8.65792e-05
341.2 -8.12651e-05 8.11302e-05
341.6 -7.12908e-05 7.38638e-05
342 -6.14003e-05 6.5305e-05
342.4 -5.19889e-05 5.60801e-05
342.8 -4.34031e-05 4.6862e-05
343.2 -3.5916e-05 3.83123e-05
343.6 -2.97066e-05 3.10255e-05
344 -2.48479e-05 2.54794e-05
344.4 -2.13023e-05 2.19971e-05
344.8 -1.89253e-05 2.07223e-05
345.2 -1.7479e-05 2.16096e-05
345.6 -1.66514e-05 2.44318e-05
346 -1.6083e-05 2.88009e-05
346.4 -1.53959e-05 3.42024e-05
346.8 -1.42256e-05 4.00382e-05
347.2 -1.22513e-05 4.56764e-05
347.6 -9.22333e-06 5.05012e-05
348 -4.98505e-06 5.3961e-05
348.4 5.11901e-07 5.56101e-05
348.8 7.20078e-06 5.51408e-05
349.2 1.49016e-05 5.24043e-05
349.6 2.33316e-05 4.74181e-05
350 3.21244e-05 4.03614e-05
350.4 4.08548e-05 3.1558e-05
350.8 4.90703e-05 2.14484e-05
351.2 5.63241e-05 1.05555e-05
351.6 6.2209e-05 -5.5557e-07
352 6.63897e-05 -1.13185e-05
352.4 6.86298e-05 -2.12049e-05
352.8 6.88124e-05 -2.97589e-05
353.2 6.6952e-05 -3.66243e-05
353.6 6.31969e-05 -4.15623e-05
354 5.78211e-05 -4.446e-05
354.4 5.12066e-05 -4.53283e-05
354.8 4.38168e-05 -4.42904e-05
355.2 3.61628e-05 -4.1563e-05
355.6 2.87658e-05 -3.74312e-05
356 2.21165e-05 -3.22203e-05
356.4 1.6638e-05 -2.62669e-05
356.8 1.2651e-05 -1.98914e-05
357.2 1.03481e-05 -1.33743e-05
357.6 9.77669e-06 -6.93859e-06
358 1.0833e-05 -7.37946e-07
358.4 1.32684e-05 5.14761e-06
358.8 1.67063e-05 1.07094e-05
359.2 2.06704e-05 1.60015e-05
359.6 2.46195e-05 2.11282e-05
360 2.79897e-05 2.62268e-05
360.4 3.02365e-05 3.14501e-05
360.8 3.08781e-05 3.69484e-05
361.2 2.95322e-05 4.28525e-05
361.6 2.5947e-05 4.92598e-05
362 2.00216e-05 5.62236e-05
362.4 1.18159e-05 6.37463e-05
362.8 1.54878e-06 7.17757e-05
363.2 -1.04155e-05 8.02065e-05
363.6 -2.35904e-05 8.88836e-05
364 -3.73987e-05 9.76091e-05
364.4 -5.12101e-05 0.000106151
364.8 -6.43806e-05 0.000114256
365.2 -7.62931e-05 0.000121658
365.6 -8.63939e-05 0.000128094
366 -9.42241e-05 0.000133315
366.4 -9.94439e-05 0.000137101
366.8 -0.000101848 0.000139272
367.2 -0.000101372 0.000139698
367.6 -9.80884e-05 0.000138312
368 -9.21963e-05 0.000135111
368.4 -8.40026e-05 0.000130166
368.8 -7.38975e-05 0.000123616
369.2 -6.23285e-05 0.00011567
369.6 -4.97708e-05 0.000106594
370 -3.67005e-05 9.67009e-05
370.4 -2.35688e-05 8.63355e-05
370.8 -1.07814e-05 7.58549e-05
371.2 1.31768e-06 6.5609e-05
371.6 1.24567e-05 5.5921e-05
372 2.24403e-05 4.70689e-05
372.4 3.11486e-05 3.92703e-05
372.8 3.85313e-05 3.26711e-05
373.2 4.45978e-05 2.73399e-05
373.6 4.94051e-05 2.32685e-05
374 5.30431e-05 2.03777e-05
374.4 5.56215e-05 1.85289e-05
374.8 5.72558e-05 1.75401e-05
375.2 5.80572e-05 1.72045e-05
375.6 5.81232e-05 1.73107e-05
376 5.7533e-05 1.76618e-05
376.4 5.63445e-05 1.80925e-05
376.8 5.45955e-05 1.84821e-05
377.2 5.23068e-05 1.87624e-05
377.6 4.94868e-05 1.89207e-05
378 4.61381e-05 1.8996e-05
378.4 4.22639e-05 1.90714e-05
378.8 3.78739e-05 1.92614e-05
379.2 3.29897e-05 1.96974e-05
379.6 2.76481e-05 2.0511e-05
380 2.19039e-05 2.18184e-05
380.4 1.58291e-05 2.37069e-05
380.8 9.51246e-06 2.62236e-05
381.2 3.05597e-06 2.93691e-05
381.6 -3.42859e-06 3.30949e-05
382 -9.82419e-06 3.73055e-05
382.4 -1.60132e-05 4.18646e-05
382.8 -2.1882e-05 4.6604e-05
383.2 -2.73247e-05 5.13358e-05
383.6 -3.22469e-05 5.58646e-05
384 -3.65683e-05 6.00002e-05
384.4 -4.02244e-05 6.35697e-05
384.8 -4.31682e-05 6.64273e-05
385.2 -4.53706e-05 6.84613e-05
385.6 -4.68208e-05 6.95993e-05
386 -4.7526e-05 6.98093e-05
386.4 -4.7511e-05 6.90987e-05
386.8 -4.68172e-05 6.75104e-05
387.2 -4.55016e-05 6.51174e-05
387.6 -4.36344e-05 6.20154e-05
388 -4.12974e-05 5.83151e-05
388.4 -3.8581e-05 5.4134e-05
388.8 -3.5581e-05 4.95892e-05
389.2 -3.2395e-05 4.47908e-05
389.6 -2.91191e-05 3.98374e-05
390 -2.58433e-05 3.48124e-05
390.4 -2.26492e-05 2.97832e-05
390.8 -1.96066e-05 2.48019e-05
391.2 -1.67718e-05 1.99081e-05
391.6 -1.41864e-05 1.51325e-05
392 -1.1878e-05 1.05021e-05
392.4 -9.86089e-06 6.04542e-06
392.8 -8.13843e-06 1.79776e-06
393.2 -6.70572e-06 -2.195e-06
393.6 -5.55274e-06 -5.87369e-06
394 -4.66738e-06 -9.16542e-06
394.4 -4.03813e-06 -1.19854e-05
394.8 -3.65608e-06 -1.42413e-05
395.2 -3.51606e-06 -1.58397e-05
395.6 -3.61679e-06 -1.66944e-05
396 -3.96011e-06 -1.67357e-05
396.4 -4.54941e-06 -1.592e-05
396.8 -5.38757e-06 -1.42384e-05
397.2 -6.47469e-06 -1.17233e-05
397.6 -7.80591e-06 -8.45272e-06
398 -9.36967e-06 -4.55086e-06
398.4 -1.11467e-05 -1.8453e-07
398.8 -1.31095e-05 4.44379e-06
399.2 -1.52233e-05 9.10682e-06
399.6 -1.74469e-05 1.35661e-05
400 -1.97345e-05 1.75872e-05
