-0.998 0.335567 -0.277193
-0.996 0.285517 -0.22047
-0.994 0.157718 -0.153382
-0.992 -0.0173522 -0.0822811
-0.99 -0.199845 -0.0147869
-0.988 -0.348811 0.041223
-0.986 -0.430361 0.0789421
-0.984 -0.424139 0.0940165
-0.982 -0.326941 0.0856403
-0.98 -0.152905 0.0570592
-0.978 0.06958 0.0152835
-0.976 0.303488 -0.0300197
-0.974 0.510087 -0.068291
-0.972 0.655807 -0.090166
-0.97 0.71778 -0.0894502
-0.968 0.687136 -0.0645357
-0.966 0.569628 -0.0189136
-0.964 0.38373 0.0393891
-0.962 0.156787 0.0993844
-0.96 -0.0798768 0.149417
-0.958 -0.2959 0.179704
-0.956 -0.466016 0.184555
-0.954 -0.572765 0.163765
-0.952 -0.607586 0.122805
-0.95 -0.57043 0.0717082
-0.948 -0.468306 0.0228428
-0.946 -0.313343 -0.0119884
-0.944 -0.120887 -0.0244799
-0.942 0.0919994 -0.0121209
-0.94 0.307498 0.0207213
-0.938 0.507592 0.0632672
-0.936 0.674511 0.100359
-0.934 0.79143 0.11573
-0.932 0.843672 0.0958688
-0.93 0.820508 0.0336729
-0.928 0.717324 -0.0689666
-0.926 0.537731 -0.200308
-0.924 0.295013 -0.339989
-0.922 0.0123255 -0.462255
-0.92 -0.278803 -0.540683
-0.918 -0.541762 -0.553514
-0.916 -0.739685 -0.488539
-0.914 -0.841111 -0.346482
-0.912 -0.825549 -0.142095
-0.91 -0.687841 0.0974454
-0.908 -0.440367 0.336685
-0.906 -0.11244 0.537932
-0.904 0.25325 0.668112
-0.902 0.606724 0.705134
-0.9 0.898397 0.642482
-0.898 1.08703 0.491062
-0.896 1.14649 0.277795
-0.894 1.07014 0.0410969
-0.892 0.871799 -0.175998
-0.89 0.583315 -0.333839
-0.888 0.248899 -0.403761
-0.886 -0.0825319 -0.373803
-0.884 -0.365676 -0.251365
-0.882 -0.566222 -0.062208
-0.88 -0.665927 0.154147
-0.878 -0.664487 0.351798
-0.876 -0.577955 0.48729
-0.874 -0.434135 0.528192
-0.872 -0.266028 0.459756
-0.87 -0.104738 0.288314
-0.868 0.0266299 0.0406675
-0.866 0.116831 -0.240511
-0.864 0.167329 -0.504467
-0.862 0.190081 -0.701915
-0.86 0.202868 -0.794549
-0.858 0.223341 -0.762668
-0.856 0.263258 -0.609419
-0.854 0.32431 -0.360749
-0.852 0.396627 -0.0609982
-0.85 0.460395 0.235107
-0.848 0.490341 0.472614
-0.846 0.46213 0.606744
-0.844 0.359242 0.611562
-0.842 0.178716 0.485248
-0.84 -0.0657039 0.25091
-0.838 -0.343938 -0.0472811
-0.836 -0.613689 -0.351979
-0.834 -0.827685 -0.603149
-0.832 -0.942723 -0.749225
-0.83 -0.928722 -0.756867
-0.828 -0.775891 -0.617476
-0.826 -0.498398 -0.349235
-0.824 -0.133577 0.00575332
-0.822 0.263415 0.388728
-0.82 0.628696 0.734634
-0.818 0.900864 0.983708
-0.816 1.03225 1.09216
-0.814 0.997987 1.04004
-0.812 0.801147 0.834846
-0.81 0.472782 0.510213
-0.808 0.0668178 0.120001
-0.806 -0.349354 -0.271213
-0.804 -0.70683 -0.599449
-0.802 -0.947469 -0.812429
-0.8 -1.03416 -0.878476
-0.798 -0.957116 -0.791658
-0.796 -0.735109 -0.572301
-0.794 -0.411308 -0.262871
-0.792 -0.0447189 0.0799634
-0.79 0.301123 0.395599
-0.788 0.569975 0.630219
-0.786 0.722889 0.74604
-0.784 0.744506 0.727481
-0.782 0.644496 0.583223
-0.78 0.454003 0.343906
-0.778 0.21796 0.0559912
-0.776 -0.0150238 -0.227
-0.774 -0.203058 -0.454228
-0.772 -0.319449 -0.586472
-0.77 -0.357512 -0.602694
-0.768 -0.330749 -0.503128
-0.766 -0.268426 -0.308447
-0.764 -0.207579 -0.0553006
-0.762 -0.183243 0.210852
-0.76 -0.219093 0.444222
-0.758 -0.320632 0.606904
-0.756 -0.472505 0.675312
-0.754 -0.640678 0.643753
-0.752 -0.779155 0.524553
-0.75 -0.839951 0.344853
-0.748 -0.78427 0.140785
-0.746 -0.592528 -0.0498074
-0.744 -0.271022 -0.194666
-0.742 0.146363 -0.273086
-0.74 0.602035 -0.279446
-0.738 1.02368 -0.223704
-0.736 1.33681 -0.12885
-0.734 1.47861 -0.025851
-0.732 1.41034 0.0528789
-0.73 1.12595 0.0802058
-0.728 0.655057 0.0399067
-0.726 0.059511 -0.0698763
-0.724 -0.575952 -0.236007
-0.722 -1.15744 -0.432656
-0.72 -1.59754 -0.62608
-0.718 -1.83008 -0.780968
-0.716 -1.82131 -0.867135
-0.714 -1.57544 -0.865304
-0.712 -1.13367 -0.770875
-0.71 -0.566734 -0.594973
-0.708 0.0373704 -0.362565
-0.706 0.58844 -0.108004
-0.704 1.009 0.131185
-0.702 1.24651 0.32109
-0.7 1.28073 0.43752
-0.698 1.1251 0.470277
-0.696 0.822099 0.424795
-0.694 0.433718 0.320833
-0.692 0.0290773 0.188477
-0.69 -0.32839 0.0621975
-0.688 -0.591719 -0.0259073
-0.686 -0.737211 -0.052406
-0.684 -0.766171 -0.00715941
-0.682 -0.701563 0.104608
-0.68 -0.580564 0.263202
-0.678 -0.444798 0.438176
-0.676 -0.330414 0.594176
-0.674 -0.260124 0.697823
-0.672 -0.23884 0.724338
-0.67 -0.253717 0.662624
-0.668 -0.278466 0.517811
-0.666 -0.280885 0.310738
-0.664 -0.231859 0.0743945
-0.662 -0.113806 -0.152063
-0.66 0.0733587 -0.330615
-0.658 0.310125 -0.43166
-0.656 0.559717 -0.439862
-0.654 0.774489 -0.357431
-0.652 0.905164 -0.204137
-0.65 0.911056 -0.0139992
-0.648 0.769217 0.170835
-0.646 0.480608 0.307918
-0.644 0.0719594 0.362631
-0.642 -0.407154 0.315101
-0.64 -0.891593 0.164608
-0.638 -1.31099 -0.0694215
-0.636 -1.60129 -0.350091
-0.634 -1.71533 -0.629003
-0.632 -1.63069 -0.854525
-0.63 -1.35325 -0.980915
-0.628 -0.916112 -0.976696
-0.626 -0.373994 -0.830748
-0.624 0.205602 -0.555008
-0.622 0.752929 -0.183201
-0.62 1.20627 0.234217
-0.618 1.52024 0.6381
-0.616 1.67079 0.970268
-0.614 1.6564 1.18311
-0.612 1.4956 1.24749
-0.61 1.22162 1.15751
-0.608 0.875531 0.931439
-0.606 0.499287 0.608476
-0.604 0.130029 0.242045
-0.602 -0.20352 -0.109247
-0.6 -0.482197 -0.391422
-0.598 -0.695352 -0.564008
-0.596 -0.83837 -0.606447
-0.594 -0.909739 -0.520978
-0.592 -0.908705 -0.331523
-0.59 -0.834251 -0.0788357
-0.588 -0.685727 0.187178
-0.586 -0.464946 0.416567
-0.584 -0.179076 0.568236
-0.582 0.156614 0.617044
-0.58 0.517189 0.557877
-0.578 0.868463 0.406011
-0.576 1.16981 0.193769
-0.574 1.3792 -0.035864
-0.572 1.4598 -0.237446
-0.57 1.38685 -0.371597
-0.568 1.15364 -0.412264
-0.566 0.775031 -0.351411
-0.564 0.287716 -0.200316
-0.562 -0.253264 0.012748
-0.56 -0.781416 0.247977
-0.558 -1.22814 0.461631
-0.556 -1.53302 0.614323
-0.554 -1.6533 0.678491
-0.552 -1.57087 0.643637
-0.55 -1.29555 0.518392
-0.548 -0.863972 0.32899
-0.546 -0.334165 0.114434
-0.544 0.22314 -0.0807874
-0.542 0.735185 -0.21509
-0.54 1.13795 -0.257781
-0.538 1.38528 -0.195154
-0.536 1.4548 -0.0335746
-0.534 1.34998 0.201048
-0.532 1.0978 0.467333
-0.53 0.743067 0.715361
-0.528 0.340195 0.895257
-0.526 -0.0558123 0.965933
-0.524 -0.397589 0.902457
-0.522 -0.651534 0.700764
-0.52 -0.800929 0.37889
-0.518 -0.845811 -0.0254917
-0.516 -0.799979 -0.460816
-0.514 -0.686017 -0.869664
-0.512 -0.529541 -1.19775
-0.51 -0.353917 -1.4023
-0.508 -0.176483 -1.45857
-0.506 -0.00691698 -1.36327
-0.504 0.152138 -1.1346
-0.502 0.30258 -0.808881
-0.5 0.447291 -0.434485
-0.498 0.586514 -0.0640735
-0.496 0.715163 0.253417
-0.494 0.821811 0.479839
-0.492 0.88972 0.59281
-0.49 0.899766 0.587943
-0.488 0.83471 0.47815
-0.486 0.683875 0.290334
-0.484 0.447189 0.060217
-0.482 0.137625 -0.173727
-0.48 -0.218656 -0.376166
-0.478 -0.584688 -0.519726
-0.476 -0.91736 -0.588066
-0.474 -1.17362 -0.576932
-0.472 -1.31721 -0.493259
-0.47 -1.32471 -0.352727
-0.468 -1.18984 -0.176368
-0.466 -0.925186 0.0130778
-0.464 -0.561069 0.194437
-0.462 -0.141537 0.350523
-0.46 0.281723 0.469481
-0.458 0.656679 0.545042
-0.456 0.938218 0.575913
-0.454 1.09425 0.564628
-0.452 1.10969 0.516229
-0.45 0.987807 0.437095
-0.448 0.748791 0.334105
-0.446 0.425968 0.214182
-0.444 0.0603851 0.0841475
-0.442 -0.305252 -0.0492781
-0.44 -0.632287 -0.179492
-0.438 -0.890601 -0.30017
-0.436 -1.06129 -0.405613
-0.434 -1.13733 -0.491221
-0.432 -1.12246 -0.553969
-0.43 -1.02862 -0.592728
-0.428 -0.872807 -0.608297
-0.426 -0.673946 -0.603094
-0.424 -0.450374 -0.58053
-0.422 -0.218404 -0.544225
-0.42 0.00802876 -0.497243
-0.418 0.216821 -0.441595
-0.416 0.396698 -0.378157
-0.414 0.536303 -0.307105
-0.412 0.623888 -0.228791
-0.41 0.647932 -0.144854
-0.408 0.598769 -0.0592511
-0.406 0.470957 0.02114
-0.404 0.26591 0.0866787
-0.402 -0.00588821 0.126027
-0.4 -0.323771 0.128087
-0.398 -0.657421 0.0845216
-0.396 -0.969323 -0.00763163
-0.394 -1.21902 -0.143846
-0.392 -1.36873 -0.311087
-0.39 -1.38937 -0.488315
-0.388 -1.26616 -0.648667
-0.386 -1.00248 -0.763164
-0.384 -0.621336 -0.805402
-0.382 -0.163787 -0.756488
-0.38 0.315643 -0.609274
-0.378 0.756013 -0.371026
-0.376 1.09849 -0.0638532
-0.374 1.29505 0.277408
-0.372 1.31587 0.609701
-0.37 1.15427 0.888025
-0.368 0.828227 1.07247
-0.366 0.378129 1.13481
-0.364 -0.138867 1.06344
-0.362 -0.657101 0.865711
-0.36 -1.11196 0.567145
-0.358 -1.44918 0.207625
-0.356 -1.63246 -0.164891
-0.354 -1.64812 -0.501999
-0.352 -1.50617 -0.762487
-0.35 -1.23769 -0.91862
-0.348 -0.88907 -0.959934
-0.346 -0.514125 -0.893897
-0.344 -0.165533 -0.743359
-0.342 0.113031 -0.541331
-0.34 0.292787 -0.324167
-0.338 0.362943 -0.124489
-0.336 0.330657 0.0347224
-0.334 0.218112 0.14373
-0.332 0.0574133 0.206639
-0.33 -0.115671 0.23893
-0.328 -0.267985 0.262499
-0.326 -0.374225 0.29929
-0.324 -0.42037 0.36492
-0.322 -0.404899 0.463728
-0.32 -0.337825 0.586378
-0.318 -0.237921 0.710663
-0.316 -0.128815 0.805484
-0.314 -0.034698 0.837292
-0.312 0.0235946 0.777747
-0.31 0.0315839 0.611035
-0.308 -0.0171152 0.339245
-0.306 -0.120385 -0.0154227
-0.304 -0.268383 -0.412324
-0.302 -0.445226 -0.797838
-0.3 -0.631225 -1.11382
-0.298 -0.805365 -1.30761
-0.296 -0.94774 -1.34175
-0.294 -1.04179 -1.20164
-0.292 -1.07614 -0.899494
-0.29 -1.04606 -0.47387
-0.288 -0.954288 0.0155469
-0.286 -0.811187 0.496994
-0.284 -0.634101 0.898126
-0.282 -0.445771 1.15797
-0.28 -0.271827 1.23722
-0.278 -0.137492 1.1251
-0.276 -0.0638294 0.841316
-0.274 -0.064056 0.432959
-0.272 -0.140556 -0.0334552
-0.27 -0.283265 -0.483262
-0.268 -0.469947 -0.846352
-0.266 -0.668627 -1.06905
-0.264 -0.842042 -1.12303
-0.262 -0.953571 -1.00978
-0.26 -0.973723 -0.759619
-0.258 -0.886023 -0.425715
-0.256 -0.691122 -0.0739869
-0.254 -0.408155 0.229141
-0.252 -0.0728089 0.428917
-0.25 0.267828 0.492097
-0.248 0.562918 0.412602
-0.246 0.76672 0.211928
-0.244 0.846975 -0.0658088
-0.242 0.791132 -0.363243
-0.24 0.609034 -0.621789
-0.238 0.331346 -0.793975
-0.236 0.00383808 -0.853646
-0.234 -0.321478 -0.801912
-0.232 -0.596649 -0.667516
-0.23 -0.787417 -0.501314
-0.228 -0.880115 -0.365742
-0.226 -0.884261 -0.321165
-0.224 -0.830064 -0.411726
-0.222 -0.761182 -0.653551
-0.22 -0.724068 -1.02787
-0.218 -0.756087 -1.48075
-0.216 -0.875013 -1.93007
-0.214 -1.07237 -2.27883
-0.212 -1.31246 -2.43268
-0.21 -1.53768 -2.31877
-0.208 -1.67965 -1.90215
-0.206 -1.67399 -1.19672
-0.204 -1.47596 -0.267974
-0.202 -1.07356 0.773384
-0.2 -0.495013 1.78654
-0.198 0.191475 2.6222
-0.196 0.886289 3.14719
-0.194 1.4743 3.2679
-0.192 1.84537 2.94809
-0.19 1.91578 2.21775
-0.188 1.6462 1.17088
-0.186 1.05263 -0.0478015
-0.184 0.207566 -1.26541
-0.182 -0.769291 -2.30888
-0.18 -1.72952 -3.03367
-0.178 -2.52059 -3.34791
-0.176 -3.01218 -3.22773
-0.174 -3.11918 -2.72066
-0.172 -2.81718 -1.93638
-0.17 -2.14724 -1.02644
-0.168 -1.20895 -0.156465
-0.166 -0.143112 0.523983
-0.164 0.892819 0.908253
-0.162 1.75177 0.951049
-0.16 2.32136 0.674929
-0.158 2.54097 0.16352
-0.156 2.40824 -0.457292
-0.154 1.97434 -1.04653
-0.152 1.32918 -1.47826
-0.15 0.580184 -1.6685
-0.148 -0.170649 -1.59341
-0.146 -0.846264 -1.29466
-0.144 -1.40651 -0.870647
-0.142 -1.85004 -0.454953
-0.14 -2.20615 -0.18634
-0.138 -2.51869 -0.176267
-0.136 -2.8264 -0.480881
-0.134 -3.14468 -1.08369
-0.132 -3.45377 -1.89317
-0.13 -3.69703 -2.7568
-0.128 -3.79046 -3.48929
-0.126 -3.64225 -3.91019
-0.124 -3.17825 -3.88338
-0.122 -2.36775 -3.35037
-0.12 -1.2431 -2.35011
-0.118 0.0922842 -1.02026
-0.116 1.47096 0.421429
-0.114 2.68397 1.71336
-0.112 3.51561 2.59767
-0.11 3.78459 2.87043
-0.108 3.38355 2.42479
-0.106 2.30857 1.27806
-0.104 0.671727 -0.423352
-0.102 -1.30738 -2.42335
-0.1 -3.3313 -4.39752
-0.098 -5.07156 -6.0094
-0.096 -6.22486 -6.97182
-0.094 -6.56859 -7.10165
-0.092 -6.00507 -6.35735
-0.09 -4.58551 -4.85144
-0.088 -2.50814 -2.83467
-0.086 -0.0895965 -0.653865
-0.084 2.2861 1.30939
-0.082 4.23239 2.70814
-0.08 5.42704 3.29454
-0.078 5.66871 2.96715
-0.076 4.9125 1.79157
-0.074 3.27751 -0.0098113
-0.072 1.02478 -2.0976
-0.07 -1.49037 -4.07759
-0.068 -3.8828 -5.57376
-0.066 -5.80656 -6.29847
-0.064 -7.01534 -6.10642
-0.062 -7.40272 -5.02188
-0.06 -7.01464 -3.23382
-0.058 -6.03172 -1.05968
-0.056 -4.72516 1.11573
-0.054 -3.39531 2.91411
-0.052 -2.30562 4.03624
-0.05 -1.6257 4.31892
-0.048 -1.39547 3.7648
-0.046 -1.51821 2.53939
-0.044 -1.7843 0.935555
-0.042 -1.92115 -0.687473
-0.04 -1.65913 -1.97829
-0.038 -0.799816 -2.6659
-0.036 0.728172 -2.61577
-0.034 2.83834 -1.85754
-0.032 5.28853 -0.57829
-0.03 7.71754 0.918269
-0.028 9.7107 2.27884
-0.026 10.8824 3.1807
-0.024 10.9596 3.4087
-0.022 9.85023 2.91282
-0.02 7.68038 1.83391
-0.018 4.79302 0.49086
-0.016 1.70502 -0.669662
-0.014 -0.971247 -1.1528
-0.012 -2.62898 -0.510195
-0.01 -2.7735 1.56765
-0.008 -1.11514 5.17875
-0.006 2.36853 10.1714
-0.004 7.41373 16.149
-0.002 13.4995 22.5188
0 19.9209 28.5775
0.002 25.8951 33.6197
0.004 30.6811 37.0492
0.006 33.694 38.4744
0.008 34.592 37.7694
0.01 33.3231 35.0898
0.012 30.1231 30.8422
0.014 25.4672 25.612
0.016 19.9847 20.0642
0.018 14.3531 14.8345
0.02 9.19048 10.4317
0.022 4.96423 7.16604
0.024 1.93223 5.11638
0.026 0.123897 4.14039
0.028 -0.637143 3.9234
0.03 -0.675448 4.05576
0.032 -0.383972 4.12275
0.034 -0.138463 3.78952
0.036 -0.222821 2.86476
0.038 -0.77933 1.33144
0.04 -1.79213 -0.65989
0.042 -3.10536 -2.83268
0.044 -4.47031 -4.85095
0.046 -5.61056 -6.39654
0.048 -6.29049 -7.24076
0.05 -6.37283 -7.29596
0.052 -5.85304 -6.63643
0.054 -4.8639 -5.48481
0.056 -3.6495 -4.1669
0.058 -2.51433 -3.04423
0.06 -1.75846 -2.4383
0.062 -1.61213 -2.56191
0.064 -2.18371 -3.47166
0.066 -3.43162 -5.0514
0.068 -5.16629 -7.03021
0.07 -7.08204 -9.03158
0.072 -8.81261 -10.6444
0.074 -9.99982 -11.5021
0.076 -10.3621 -11.3547
0.078 -9.74935 -10.12
0.08 -8.17476 -7.90396
0.082 -5.81587 -4.98697
0.084 -2.98638 -1.7773
0.086 -0.0831391 1.25838
0.088 2.48143 3.67526
0.09 4.3489 5.12647
0.092 5.27367 5.42115
0.094 5.1608 4.55425
0.096 4.0765 2.70332
0.098 2.23061 0.193531
0.1 -0.0648615 -2.5618
0.102 -2.45237 -5.13387
0.104 -4.58992 -7.15064
0.106 -6.20529 -8.356
0.108 -7.13429 -8.64557
0.11 -7.33711 -8.07414
0.112 -6.89162 -6.83462
0.114 -5.96659 -5.21404
0.116 -4.78157 -3.53573
0.118 -3.56196 -2.09919
0.12 -2.49846 -1.12869
0.122 -1.71802 -0.739561
0.124 -1.27094 -0.927195
0.126 -1.13493 -1.57931
0.128 -1.23345 -2.50749
0.13 -1.46295 -3.49067
0.132 -1.72216 -4.32129
0.134 -1.93671 -4.84514
0.136 -2.07388 -4.98725
0.138 -2.14499 -4.75992
0.14 -2.19566 -4.25231
0.142 -2.28718 -3.60504
0.144 -2.47405 -2.9757
0.146 -2.78349 -2.50311
0.148 -3.20198 -2.27756
0.15 -3.67242 -2.32299
0.152 -4.10265 -2.59425
0.154 -4.38377 -2.98943
0.156 -4.41423 -3.37398
0.158 -4.12429 -3.61154
0.16 -3.4954 -3.59462
0.162 -2.56999 -3.26902
0.164 -1.44913 -2.647
0.166 -0.278131 -1.80688
0.168 0.777384 -0.879226
0.17 1.56027 -0.0226952
0.172 1.95002 0.6057
0.174 1.88479 0.880086
0.176 1.37292 0.729419
0.178 0.491991 0.151096
0.18 -0.624633 -0.787832
0.182 -1.81081 -1.96174
0.184 -2.89598 -3.20752
0.186 -3.73337 -4.35159
0.188 -4.22303 -5.23795
0.19 -4.32555 -5.75226
0.192 -4.06447 -5.83817
0.194 -3.51743 -5.50324
0.196 -2.79842 -4.81435
0.198 -2.0349 -3.88371
0.2 -1.34442 -2.84874
0.202 -0.815179 -1.84936
0.204 -0.493864 -1.00677
0.206 -0.382568 -0.407051
0.208 -0.444515 -0.091808
0.21 -0.616745 -0.0567551
0.212 -0.826565 -0.257594
0.214 -1.00807 -0.621497
0.216 -1.11536 -1.06168
0.218 -1.12994 -1.49233
0.22 -1.0613 -1.84147
0.222 -0.941224 -2.0599
0.224 -0.813416 -2.12538
0.226 -0.721377 -2.04199
0.228 -0.697176 -1.83552
0.23 -0.753685 -1.54619
0.232 -0.881819 -1.22031
0.234 -1.05312 -0.902402
0.236 -1.22686 -0.628981
0.238 -1.35992 -0.424714
0.24 -1.41699 -0.301167
0.242 -1.37891 -0.257861
0.244 -1.24731 -0.285008
0.246 -1.04445 -0.36713
0.248 -0.808653 -0.486759
0.25 -0.586123 -0.627564
0.252 -0.421221 -0.776468
0.254 -0.347168 -0.924599
0.256 -0.379207 -1.06712
0.258 -0.511547 -1.20221
0.26 -0.718635 -1.32952
0.262 -0.960317 -1.44854
0.264 -1.18971 -1.5572
0.266 -1.36211 -1.65098
0.268 -1.44306 -1.72272
0.27 -1.41419 -1.76329
0.272 -1.27564 -1.76276
0.274 -1.04503 -1.71226
0.276 -0.753234 -1.60597
0.278 -0.43824 -1.44296
0.28 -0.138224 -1.22856
0.282 0.114604 -0.974989
0.284 0.298372 -0.700814
0.286 0.403491 -0.429411
0.288 0.432148 -0.186397
0.29 0.395808 0.00362722
0.292 0.311565 0.120556
0.294 0.198303 0.151962
0.296 0.0735085 0.0954096
0.298 -0.0487142 -0.0405588
0.3 -0.158255 -0.237039
0.302 -0.248469 -0.467025
0.304 -0.315011 -0.699051
0.306 -0.354652 -0.901697
0.308 -0.364617 -1.04825
0.31 -0.342763 -1.12072
0.312 -0.288584 -1.11254
0.314 -0.204702 -1.02932
0.316 -0.0982767 -0.887714
0.318 0.0182951 -0.712265
0.32 0.127906 -0.531055
0.322 0.210722 -0.370762
0.324 0.247459 -0.252092
0.326 0.223409 -0.186415
0.328 0.132385 -0.174225
0.33 -0.0203669 -0.205688
0.332 -0.217126 -0.263158
0.334 -0.429034 -0.325147
0.336 -0.619885 -0.370944
0.338 -0.751889 -0.384975
0.34 -0.792469 -0.360006
0.342 -0.720874 -0.298573
0.344 -0.533253 -0.212341
0.346 -0.245109 -0.119547
0.348 0.109593 -0.0410456
0.35 0.482717 0.00422582
0.352 0.81909 0.00342284
0.354 1.06534 -0.0472358
0.356 1.1789 -0.141329
0.358 1.13561 -0.263169
0.36 0.934415 -0.390633
0.362 0.598405 -0.499346
0.364 0.171784 -0.567374
0.366 -0.286685 -0.579491
0.368 -0.712683 -0.530184
0.37 -1.04627 -0.424781
0.372 -1.24108 -0.278507
0.374 -1.2712 -0.113634
0.376 -1.13473 0.0446716
0.378 -0.853349 0.173008
0.38 -0.468296 0.25399
0.382 -0.0333531 0.279281
0.384 0.393711 0.250874
0.386 0.759837 0.180409
0.388 1.02403 0.0867246
0.39 1.16225 -0.00784191
0.392 1.16926 -0.0816686
0.394 1.05733 -0.117768
0.396 0.852422 -0.106685
0.398 0.588669 -0.047884
0.4 0.302402 0.0505872
0.402 0.0267743 0.173984
0.404 -0.212155 0.303882
0.406 -0.397379 0.421685
0.408 -0.520928 0.511928
0.41 -0.58225 0.564773
0.412 -0.585656 0.577288
0.414 -0.537621 0.553363
0.416 -0.44466 0.502402
0.418 -0.312297 0.437133
0.42 -0.145278 0.37103
0.422 0.0511473 0.315841
0.424 0.269395 0.27968
0.426 0.49782 0.265944
0.428 0.719808 0.273174
0.43 0.91417 0.295785
0.432 1.05709 0.325414
0.434 1.1254 0.352609
0.436 1.10075 0.368502
0.438 0.973816 0.36621
0.44 0.747582 0.34177
0.442 0.439072 0.294556
0.444 0.0787493 0.227206
0.446 -0.292471 0.145178
0.448 -0.628347 0.0560687
0.45 -0.883847 -0.0311852
0.452 -1.02207 -0.10715
0.454 -1.02034 -0.162756
0.456 -0.874424 -0.19018
0.458 -0.599939 -0.183755
0.46 -0.23073 -0.140869
0.462 0.185733 -0.0627613
0.464 0.595187 0.0449531
0.466 0.944546 0.1722
0.468 1.18969 0.304999
0.47 1.30181 0.426744
0.472 1.27115 0.520187
0.474 1.1078 0.56996
0.476 0.839131 0.56528
0.478 0.504769 0.502402
0.48 0.14977 0.386325
0.482 -0.182596 0.231303
0.484 -0.457221 0.0598595
0.486 -0.651607 -0.0997464
0.488 -0.757702 -0.217408
0.49 -0.780959 -0.265895
0.492 -0.73701 -0.225705
0.494 -0.646808 -0.0891827
0.496 -0.531351 0.136881
0.498 -0.40715 0.430814
0.5 -0.283395 0.758065
0.502 -0.161373 1.07553
0.504 -0.0361719 1.33764
0.506 0.0998167 1.50335
0.508 0.252502 1.54285
0.51 0.421926 1.44285
0.512 0.599441 1.20954
0.514 0.767058 0.868468
0.516 0.899365 0.461381
0.518 0.967805 0.0402479
0.52 0.946573 -0.34051
0.522 0.818978 -0.632389
0.524 0.582887 -0.800384
0.526 0.253983 -0.828483
0.528 -0.134092 -0.722129
0.53 -0.533071 -0.50717
0.532 -0.886555 -0.225467
0.534 -1.13871 0.0721484
0.536 -1.24367 0.334372
0.538 -1.17405 0.517929
0.54 -0.926797 0.594637
0.542 -0.525318 0.555795
0.544 -0.0172624 0.413157
0.546 0.53185 0.19634
0.548 1.04815 -0.0528615
0.55 1.46058 -0.288212
0.552 1.71173 -0.467415
0.554 1.76667 -0.559642
0.556 1.61813 -0.550833
0.558 1.28733 -0.445855
0.56 0.820215 -0.267135
0.562 0.280021 -0.0500561
0.564 -0.262685 0.163996
0.566 -0.740598 0.335644
0.568 -1.09916 0.435069
0.57 -1.30344 0.447691
0.572 -1.34134 0.376896
0.574 -1.22303 0.24329
0.576 -0.976922 0.080605
0.578 -0.643308 -0.0710015
0.58 -0.267034 -0.172994
0.582 0.109345 -0.196342
0.584 0.450749 -0.127729
0.586 0.732379 0.0271393
0.588 0.940005 0.243813
0.59 1.06817 0.483009
0.592 1.11717 0.697505
0.594 1.0899 0.840811
0.596 0.989544 0.876032
0.598 0.81872 0.783303
0.6 0.580434 0.564385
0.602 0.280377 0.243504
0.604 -0.0701422 -0.135801
0.606 -0.451659 -0.517375
0.608 -0.835451 -0.841554
0.61 -1.18462 -1.05515
0.612 -1.45764 -1.12057
0.614 -1.61403 -1.02245
0.616 -1.62131 -0.770618
0.618 -1.46183 -0.398838
0.62 -1.13808 0.0404741
0.622 -0.675182 0.484712
0.624 -0.119609 0.871219
0.626 0.465897 1.1474
0.628 1.01072 1.27904
0.63 1.44677 1.25548
0.632 1.71905 1.09071
0.634 1.79465 0.82034
0.636 1.66832 0.494983
0.638 1.36355 0.171281
0.64 0.928941 -0.0978376
0.642 0.430207 -0.271951
0.644 -0.0605626 -0.329498
0.646 -0.476653 -0.270629
0.648 -0.767275 -0.116187
0.65 -0.905029 0.096921
0.652 -0.888965 0.323002
0.654 -0.742786 0.516143
0.656 -0.508642 0.63849
0.658 -0.237864 0.666747
0.66 0.019483 0.595791
0.662 0.22411 0.438809
0.664 0.354224 0.224071
0.666 0.408165 -0.0109751
0.668 0.402571 -0.227092
0.67 0.366575 -0.390691
0.672 0.333411 -0.479921
0.674 0.331312 -0.488297
0.676 0.375756 -0.425252
0.678 0.464822 -0.313586
0.68 0.578744 -0.184384
0.682 0.68389 -0.0704251
0.684 0.740373 0.000606317
0.686 0.71175 0.0118023
0.688 0.574696 -0.039496
0.69 0.326535 -0.141091
0.692 -0.0111924 -0.268295
0.694 -0.394126 -0.388805
0.696 -0.761484 -0.469151
0.698 -1.04645 -0.481459
0.7 -1.18868 -0.409245
0.702 -1.14647 -0.2511
0.704 -0.906294 -0.0215593
0.706 -0.487501 0.251046
0.708 0.0587853 0.529369
0.71 0.656711 0.773585
0.712 1.21757 0.948476
0.714 1.65443 1.02975
0.716 1.89704 1.00838
0.718 1.90404 0.892247
0.72 1.67051 0.704603
0.722 1.22917 0.479816
0.724 0.645168 0.257043
0.726 0.00513105 0.0730801
0.728 -0.597283 -0.0443211
0.73 -1.07693 -0.0813915
0.732 -1.37093 -0.0406274
0.734 -1.44818 0.0600228
0.736 -1.31308 0.190921
0.738 -1.00294 0.316738
0.74 -0.579684 0.403564
0.742 -0.117726 0.425755
0.744 0.309756 0.37122
0.746 0.643437 0.244094
0.748 0.847078 0.064251
0.75 0.911798 -0.136303
0.752 0.854838 -0.319517
0.754 0.713365 -0.448744
0.756 0.534812 -0.496137
0.758 0.365898 -0.448556
0.76 0.242626 -0.31081
0.762 0.183312 -0.105506
0.764 0.185951 0.130548
0.766 0.230326 0.352823
0.768 0.284228 0.517288
0.77 0.31229 0.588846
0.772 0.285432 0.54841
0.774 0.188764 0.397226
0.776 0.0261885 0.157536
0.778 -0.179351 -0.130671
0.78 -0.390074 -0.416345
0.782 -0.561168 -0.646376
0.784 -0.650539 -0.775306
0.786 -0.628454 -0.773986
0.788 -0.484981 -0.635534
0.79 -0.233589 -0.377417
0.792 0.0899572 -0.0391698
0.794 0.433346 0.32397
0.796 0.73704 0.650438
0.798 0.945404 0.883108
0.8 1.01744 0.979515
0.802 0.935005 0.919683
0.804 0.706836 0.710089
0.806 0.367579 0.382983
0.808 -0.028078 -0.00888777
0.81 -0.415032 -0.401252
0.812 -0.729354 -0.729423
0.814 -0.919629 -0.939554
0.816 -0.955908 -0.99802
0.818 -0.834643 -0.89723
0.82 -0.578719 -0.656803
0.822 -0.232711 -0.319915
0.824 0.145645 0.0545457
0.826 0.496031 0.402574
0.828 0.766121 0.666459
0.83 0.920173 0.804944
0.832 0.944103 0.800294
0.834 0.846267 0.661
0.836 0.654052 0.419668
0.838 0.407197 0.126549
0.84 0.149346 -0.160069
0.842 -0.0803681 -0.384771
0.844 -0.254033 -0.505201
0.846 -0.358727 -0.499642
0.848 -0.396794 -0.370634
0.85 -0.382862 -0.144001
0.852 -0.338487 0.136437
0.854 -0.285815 0.41742
0.856 -0.241772 0.6464
0.858 -0.214104 0.781369
0.86 -0.200126 0.798511
0.862 -0.188364 0.69628
0.864 -0.162617 0.49521
0.866 -0.107395 0.233566
0.868 -0.0133814 -0.0402536
0.87 0.118464 -0.277046
0.872 0.275203 -0.436089
0.874 0.433158 -0.492605
0.876 0.561941 -0.442042
0.878 0.630484 -0.300427
0.88 0.613817 -0.100823
0.882 0.49914 0.113369
0.884 0.289834 0.29689
0.886 0.00647046 0.411267
0.888 -0.315517 0.431963
0.89 -0.631166 0.352733
0.892 -0.893371 0.186441
0.894 -1.06095 -0.0377054
0.896 -1.10585 -0.279893
0.898 -1.01816 -0.497224
0.9 -0.808019 -0.651581
0.902 -0.503935 -0.716346
0.904 -0.148131 -0.68077
0.906 0.210422 -0.551297
0.908 0.523833 -0.349704
0.91 0.752614 -0.108573
0.912 0.871227 0.134936
0.914 0.871011 0.345768
0.916 0.76016 0.496853
0.918 0.561018 0.573133
0.92 0.305415 0.573119
0.922 0.0290489 0.507855
0.924 -0.233984 0.397673
0.926 -0.455589 0.267524
0.928 -0.616407 0.141882
0.93 -0.706692 0.0402518
0.932 -0.725553 -0.0258951
0.934 -0.679082 -0.0542787
0.936 -0.578024 -0.0509913
0.938 -0.435621 -0.0280505
0.94 -0.266063 2.78309e-05
0.942 -0.0836976 0.0198371
0.944 0.0971434 0.0220941
0.946 0.262044 0.00347015
0.948 0.396586 -0.0330626
0.95 0.486987 -0.0793361
0.952 0.521446 -0.12421
0.954 0.49211 -0.156356
0.956 0.397246 -0.166974
0.958 0.243053 -0.151827
0.96 0.0444739 -0.112199
0.962 -0.17549 -0.0545983
0.964 -0.388171 0.0106648
0.966 -0.563174 0.0716825
0.968 -0.673276 0.117424
0.97 -0.69943 0.139954
0.972 -0.634838 0.13594
0.974 -0.487143 0.107186
0.976 -0.278094 0.0601289
0.978 -0.0405001 0.00446521
0.98 0.187164 -0.0487604
0.982 0.367597 -0.0891898
0.984 0.471686 -0.1089
0.986 0.484311 -0.103554
0.988 0.407666 -0.0727982
0.99 0.261313 -0.0199241
0.992 0.078764 0.0490282
0.994 -0.0988901 0.126462
0.996 -0.231134 0.204418
0.998 -0.286409 0.275529
0.4 0.0384277 0.0345284
0.8 0.0442445 0.040192
1.2 0.0539727 0.0497512
1.6 0.0676566 0.0633742
2 0.085347 0.0812732
2.4 0.107091 0.103685
2.8 0.132918 0.130845
3.2 0.162833 0.162964
3.6 0.196799 0.200202
4 0.234727 0.242645
4.4 0.276471 0.290287
4.8 0.321821 0.343014
5.2 0.370499 0.400599
5.6 0.422163 0.462695
6 0.47641 0.528847
6.4 0.532784 0.598494
6.8 0.590789 0.670996
7.2 0.649899 0.745643
7.6 0.709574 0.821689
8 0.769274 0.898367
8.4 0.828475 0.974924
8.8 0.88668 1.05063
9.2 0.943434 1.12482
9.6 0.998331 1.1969
10 1.05102 1.26633
10.4 1.10123 1.3327
10.8 1.14873 1.39567
11.2 1.19336 1.45501
11.6 1.23504 1.51058
12 1.27374 1.56231
12.4 1.30948 1.61022
12.8 1.34233 1.65439
13.2 1.37239 1.69495
13.6 1.39981 1.73206
14 1.42474 1.76592
14.4 1.44738 1.79674
14.8 1.46792 1.82474
15.2 1.48653 1.85013
15.6 1.50342 1.87312
16 1.51877 1.8939
16.4 1.53274 1.91265
16.8 1.5455 1.92952
17.2 1.55717 1.94466
17.6 1.56788 1.95819
18 1.57773 1.97021
18.4 1.58679 1.9808
18.8 1.59514 1.99006
19.2 1.6028 1.99804
19.6 1.60981 2.00481
20 1.6162 2.01042
20.4 1.62197 2.01493
20.8 1.62712 2.0184
21.2 1.63166 2.02088
21.6 1.6356 2.02245
22 1.63893 2.02317
22.4 1.64168 2.02312
22.8 1.64386 2.02237
23.2 1.6455 2.02102
23.6 1.64665 2.01915
24 1.64733 2.01683
24.4 1.64762 2.01416
24.8 1.64756 2.0112
25.2 1.64723 2.00802
25.6 1.64668 2.00467
26 1.64598 2.00119
26.4 1.6452 1.99762
26.8 1.64439 1.99396
27.2 1.6436 1.99023
27.6 1.64288 1.98639
28 1.64224 1.98245
28.4 1.64171 1.97837
28.8 1.6413 1.97412
29.2 1.641 1.96967
29.6 1.64079 1.965
30 1.64064 1.96008
30.4 1.64052 1.95491
30.8 1.64039 1.94947
31.2 1.64018 1.94377
31.6 1.63985 1.93784
32 1.63935 1.93169
32.4 1.63863 1.92537
32.8 1.63763 1.91892
33.2 1.63633 1.91238
33.6 1.63467 1.90579
34 1.63266 1.8992
34.4 1.63026 1.89264
34.8 1.62748 1.88615
35.2 1.62433 1.87973
35.6 1.62082 1.87339
36 1.61698 1.86712
36.4 1.61285 1.86092
36.8 1.60845 1.85474
37.2 1.60384 1.84855
37.6 1.59906 1.84231
38 1.59415 1.83595
38.4 1.58914 1.82944
38.8 1.58406 1.82271
39.2 1.57896 1.81573
39.6 1.57383 1.80844
40 1.56871 1.80083
40.4 1.56357 1.79285
40.8 1.55843 1.7845
41.2 1.55327 1.77579
41.6 1.54806 1.76672
42 1.5428 1.75732
42.4 1.53744 1.74763
42.8 1.53196 1.73768
43.2 1.52635 1.72754
43.6 1.52057 1.71728
44 1.51461 1.70694
44.4 1.50846 1.69661
44.8 1.50212 1.68634
45.2 1.4956 1.67621
45.6 1.48891 1.66626
46 1.48208 1.65656
46.4 1.47514 1.64714
46.8 1.46814 1.63804
47.2 1.46111 1.62926
47.6 1.45412 1.62082
48 1.44719 1.6127
48.4 1.44039 1.60489
48.8 1.43376 1.59735
49.2 1.42732 1.59005
49.6 1.42113 1.58293
50 1.41518 1.57595
50.4 1.40951 1.56906
50.8 1.40411 1.56221
51.2 1.39899 1.55536
51.6 1.39412 1.54847
52 1.38951 1.54151
52.4 1.38512 1.53448
52.8 1.38094 1.52736
53.2 1.37696 1.52015
53.6 1.37314 1.51287
54 1.36949 1.50554
54.4 1.36597 1.49818
54.8 1.36258 1.49082
55.2 1.35932 1.48347
55.6 1.35616 1.47616
56 1.35311 1.46892
56.4 1.35016 1.46174
56.8 1.34728 1.45463
57.2 1.34447 1.44761
57.6 1.3417 1.44065
58 1.33894 1.43375
58.4 1.33618 1.4269
58.8 1.33336 1.42008
59.2 1.33046 1.41329
59.6 1.32744 1.40652
60 1.32426 1.39976
60.4 1.3209 1.39302
60.8 1.31732 1.38629
61.2 1.31351 1.3796
61.6 1.30945 1.37295
62 1.30514 1.36635
62.4 1.30059 1.35981
62.8 1.29579 1.35333
63.2 1.29078 1.34691
63.6 1.28557 1.34055
64 1.28018 1.33422
64.4 1.27463 1.32791
64.8 1.26895 1.32157
65.2 1.26316 1.31519
65.6 1.25728 1.3087
66 1.2513 1.30209
66.4 1.24525 1.29531
66.8 1.23911 1.28833
67.2 1.23289 1.28113
67.6 1.22659 1.27371
68 1.22018 1.26606
68.4 1.21365 1.25821
68.8 1.207 1.25018
69.2 1.2002 1.24199
69.6 1.19323 1.23371
70 1.18608 1.22536
70.4 1.17872 1.21699
70.8 1.17113 1.20863
71.2 1.16328 1.20032
71.6 1.15515 1.19208
72 1.14669 1.18389
72.4 1.13789 1.17576
72.8 1.12871 1.16765
73.2 1.1191 1.15952
73.6 1.10904 1.15133
74 1.0985 1.143
74.4 1.08743 1.13449
74.8 1.07583 1.12572
75.2 1.06366 1.11665
75.6 1.05091 1.10722
76 1.03757 1.0974
76.4 1.02362 1.08716
76.8 1.00908 1.07649
77.2 0.993938 1.06541
77.6 0.978197 1.05392
78 0.961863 1.04204
78.4 0.944939 1.02982
78.8 0.92743 1.01727
79.2 0.909335 1.00444
79.6 0.890655 0.991345
80 0.871387 0.978003
80.4 0.851529 0.964421
80.8 0.831078 0.950595
81.2 0.810032 0.93651
81.6 0.788394 0.922144
82 0.76617 0.907467
82.4 0.743372 0.89245
82.8 0.720021 0.877063
83.2 0.696146 0.861288
83.6 0.671785 0.845117
84 0.646987 0.828557
84.4 0.621813 0.811637
84.8 0.596331 0.794405
85.2 0.570624 0.776934
85.6 0.54478 0.759317
86 0.5189 0.741666
86.4 0.493091 0.724108
86.8 0.467466 0.70678
87.2 0.442147 0.689826
87.6 0.417256 0.673385
88 0.392918 0.657592
88.4 0.36926 0.642566
88.8 0.346402 0.628408
89.2 0.32446 0.615195
89.6 0.303542 0.602979
90 0.283742 0.591788
90.4 0.26514 0.581619
90.8 0.247798 0.572447
91.2 0.231759 0.564226
91.6 0.217044 0.55689
92 0.20365 0.550362
92.4 0.191553 0.544557
92.8 0.180709 0.539386
93.2 0.171054 0.534764
93.6 0.162508 0.530612
94 0.154978 0.52686
94.4 0.148365 0.52345
94.8 0.142565 0.520337
95.2 0.137475 0.517489
95.6 0.132999 0.514887
96 0.129046 0.512522
96.4 0.125541 0.510392
96.8 0.122418 0.508501
97.2 0.119627 0.506858
97.6 0.117131 0.505469
98 0.114903 0.50434
98.4 0.11293 0.503473
98.8 0.111203 0.502866
99.2 0.10972 0.502508
99.6 0.108477 0.502386
100 0.107474 0.502479
100.4 0.106706 0.502763
100.8 0.106162 0.503209
101.2 0.105828 0.503786
101.6 0.105684 0.504463
102 0.105705 0.505207
102.4 0.105862 0.505986
102.8 0.106125 0.506769
103.2 0.106463 0.50753
103.6 0.106847 0.508242
104 0.107249 0.508883
104.4 0.107648 0.509434
104.8 0.108025 0.509882
105.2 0.108372 0.510215
105.6 0.108681 0.51043
106 0.108954 0.510525
106.4 0.109196 0.51051
106.8 0.109416 0.510396
107.2 0.109628 0.510205
107.6 0.109847 0.509964
108 0.110087 0.509707
108.4 0.110365 0.509474
108.8 0.110695 0.509311
109.2 0.11109 0.509265
109.6 0.111562 0.509386
110 0.112119 0.509723
110.4 0.112767 0.51032
110.8 0.113507 0.511216
111.2 0.114339 0.512444
111.6 0.115257 0.514023
112 0.116253 0.515966
112.4 0.117314 0.518272
112.8 0.118424 0.520926
113.2 0.119564 0.523907
113.6 0.120711 0.527182
114 0.121839 0.530711
114.4 0.122921 0.534451
114.8 0.12393 0.538355
115.2 0.124839 0.542379
115.6 0.125623 0.546481
116 0.126261 0.550627
116.4 0.126736 0.554788
116.8 0.127037 0.558945
117.2 0.127161 0.563085
117.6 0.12711 0.567205
118 0.126895 0.571307
118.4 0.126536 0.575395
118.8 0.126056 0.579478
119.2 0.125486 0.583562
119.6 0.124861 0.587649
120 0.124217 0.591738
120.4 0.123592 0.595818
120.8 0.12302 0.59987
121.2 0.122535 0.603867
121.6 0.122163 0.607774
122 0.121926 0.61155
122.4 0.121838 0.615148
122.8 0.121906 0.618519
123.2 0.122128 0.621617
123.6 0.122498 0.624396
124 0.123001 0.626821
124.4 0.123619 0.628862
124.8 0.124328 0.630504
125.2 0.125103 0.631739
125.6 0.125917 0.632577
126 0.126745 0.633035
126.4 0.127562 0.633143
126.8 0.128346 0.632941
127.2 0.129078 0.632472
127.6 0.129741 0.631785
128 0.130326 0.630928
128.4 0.130825 0.62995
128.8 0.131234 0.628894
129.2 0.131553 0.627798
129.6 0.131786 0.626693
130 0.131941 0.625603
130.4 0.132025 0.624544
130.8 0.132052 0.623528
131.2 0.132033 0.62256
131.6 0.131985 0.621639
132 0.131922 0.620764
132.4 0.131859 0.619928
132.8 0.131813 0.619126
133.2 0.131796 0.618345
133.6 0.131819 0.617575
134 0.13189 0.616796
134.4 0.132013 0.615984
134.8 0.132188 0.615108
135.2 0.132407 0.614124
135.6 0.13266 0.612978
136 0.132928 0.611603
136.4 0.13319 0.60992
136.8 0.13342 0.607842
137.2 0.133589 0.605271
137.6 0.133668 0.602111
138 0.133632 0.598265
138.4 0.133458 0.593652
138.8 0.133133 0.588207
139.2 0.132651 0.581893
139.6 0.132022 0.574711
140 0.131268 0.566702
140.4 0.130429 0.557956
140.8 0.129561 0.548614
141.2 0.128734 0.538868
141.6 0.128034 0.528959
142 0.12756 0.519171
142.4 0.127417 0.50982
142.8 0.127718 0.501245
143.2 0.128572 0.493789
143.6 0.130085 0.48779
144 0.132353 0.483559
144.4 0.135453 0.481366
144.8 0.139444 0.481423
145.2 0.144361 0.483875
145.6 0.150208 0.488787
146 0.156962 0.49614
146.4 0.16457 0.505825
146.8 0.172947 0.517652
147.2 0.181982 0.531348
147.6 0.191537 0.546575
148 0.201454 0.562936
148.4 0.211558 0.579994
148.8 0.221663 0.597291
149.2 0.231578 0.614358
149.6 0.241114 0.63074
150 0.250088 0.646006
150.4 0.258329 0.659765
150.8 0.265686 0.671674
151.2 0.272026 0.681451
151.6 0.277243 0.688871
152 0.281256 0.693776
152.4 0.284011 0.696068
152.8 0.285482 0.695705
153.2 0.285668 0.692698
153.6 0.28459 0.687102
154 0.282292 0.679006
154.4 0.278831 0.668527
154.8 0.274279 0.655804
155.2 0.268715 0.640985
155.6 0.262225 0.624229
156 0.254892 0.605696
156.4 0.246803 0.585545
156.8 0.238037 0.563935
157.2 0.228671 0.541023
157.6 0.218777 0.516964
158 0.208422 0.491913
158.4 0.19767 0.466028
158.8 0.186583 0.439468
159.2 0.175226 0.412401
159.6 0.163664 0.384998
160 0.151966 0.357438
160.4 0.140207 0.329905
160.8 0.128469 0.302589
161.2 0.116837 0.275682
161.6 0.105405 0.249377
162 0.094265 0.223862
162.4 0.0835129 0.199318
162.8 0.0732408 0.175913
163.2 0.0635346 0.1538
163.6 0.0544712 0.133111
164 0.0461146 0.113953
164.4 0.0385135 0.096408
164.8 0.0316991 0.0805273
165.2 0.0256841 0.066332
165.6 0.0204622 0.0538129
166 0.0160091 0.0429307
166.4 0.0122839 0.033619
166.8 0.00923189 0.0257866
167.2 0.00678746 0.0193216
167.6 0.00487759 0.0140962
168 0.00342554 0.00997131
168.4 0.00235437 0.00680184
168.8 0.0015901 0.00444192
169.2 0.00106448 0.00274962
169.6 0.000716988 0.00159116
170 0.000496184 0.00084446
170.4 0.00036034 0.000401781
170.8 0.000277359 0.00017142
171.2 0.000224124 7.84548e-05
171.6 0.000185405 6.45648e-05
172 0.000152441 8.70472e-05
172.4 0.000121399 0.000117164
172.8 9.18193e-05 0.000138007
173.2 6.51966e-05 0.000142079
173.6 4.37806e-05 0.000128782
174 2.96619e-05 0.000102014
174.4 2.41651e-05 6.80134e-05
174.8 2.75418e-05 3.35767e-05
175.2 3.89262e-05 4.72655e-06
175.6 5.64991e-05 -1.41486e-05
176 7.77931e-05 -2.06988e-05
176.4 0.000100069 -1.46174e-05
176.8 0.0001207 2.66871e-06
177.2 0.000137511 2.85196e-05
177.6 0.000149036 5.97061e-05
178 0.000154665 9.30337e-05
178.4 0.000154681 0.00012588
178.8 0.000150195 0.000156585
179.2 0.000142996 0.000184655
179.6 0.000135333 0.000210788
180 0.000129681 0.000236721
180.4 0.000128499 0.000264968
180.8 0.000134015 0.000298484
181.2 0.000148064 0.000340344
181.6 0.000171996 0.000393474
182 0.00020665 0.000460505
182.4 0.000252417 0.000543774
182.8 0.000309381 0.000645493
183.2 0.000377518 0.000768073
183.6 0.000456965 0.000914575
184 0.000548313 0.00108924
184.4 0.000652926 0.00129803
184.8 0.00077324 0.00154917
185.2 0.000913046 0.00185351
185.6 0.0010777 0.00222479
186 0.00127425 0.00267972
186.4 0.00151153 0.00323775
186.8 0.00180004 0.0039208
187.2 0.00215183 0.00475265
187.6 0.00258024 0.00575826
188 0.00309959 0.00696304
188.4 0.00372477 0.00839205
188.8 0.0044709 0.0100693
189.2 0.00535295 0.0120171
189.6 0.00638544 0.0142556
190 0.00758221 0.0168026
190.4 0.00895629 0.0196736
190.8 0.0105199 0.0228815
191.2 0.0122845 0.0264374
191.6 0.0142608 0.0303506
192 0.0164591 0.0346293
192.4 0.018889 0.0392805
192.8 0.0215599 0.0443109
193.2 0.0244801 0.0497263
193.6 0.0276569 0.0555322
194 0.0310957 0.0617327
194.4 0.0347995 0.0683304
194.8 0.0387675 0.0753253
195.2 0.0429941 0.0827142
195.6 0.047468 0.0904891
196 0.052171 0.0986367
196.4 0.0570772 0.107137
196.8 0.0621529 0.115963
197.2 0.0673565 0.125079
197.6 0.0726387 0.134444
198 0.0779443 0.144006
198.4 0.0832134 0.15371
198.8 0.0883833 0.163493
199.2 0.0933912 0.173289
199.6 0.0981766 0.18303
200 0.102684 0.192649
200.4 0.106864 0.202079
200.8 0.110676 0.211261
201.2 0.114092 0.22014
201.6 0.117091 0.228672
202 0.119666 0.236822
202.4 0.121817 0.244568
202.8 0.123556 0.2519
203.2 0.124899 0.258819
203.6 0.125869 0.265342
204 0.126494 0.271495
204.4 0.126802 0.277316
204.8 0.126821 0.282854
205.2 0.126582 0.288162
205.6 0.126113 0.293303
206 0.125442 0.298341
206.4 0.1246 0.303344
206.8 0.123618 0.308378
207.2 0.122533 0.313509
207.6 0.121382 0.318796
208 0.120213 0.324296
208.4 0.119073 0.330056
208.8 0.118021 0.336117
209.2 0.117115 0.342509
209.6 0.116418 0.349254
210 0.115991 0.356363
210.4 0.115894 0.363836
210.8 0.116177 0.371665
211.2 0.116884 0.37983
211.6 0.118043 0.388302
212 0.119671 0.397045
212.4 0.121766 0.406014
212.8 0.124309 0.415159
213.2 0.127269 0.424422
213.6 0.130596 0.433744
214 0.134234 0.44306
214.4 0.138114 0.452302
214.8 0.142168 0.461404
215.2 0.146325 0.470296
215.6 0.15052 0.478909
216 0.154693 0.487174
216.4 0.158796 0.495022
216.8 0.162791 0.502387
217.2 0.166651 0.509203
217.6 0.170362 0.515406
218 0.173915 0.520933
218.4 0.177311 0.525727
218.8 0.180553 0.529731
219.2 0.183645 0.532892
219.6 0.186589 0.535164
220 0.18938 0.536504
220.4 0.192007 0.536876
220.8 0.19445 0.536251
221.2 0.19668 0.534606
221.6 0.198661 0.531928
222 0.200349 0.52821
222.4 0.201696 0.523454
222.8 0.20265 0.517667
223.2 0.203163 0.510865
223.6 0.203186 0.50307
224 0.202678 0.494309
224.4 0.201607 0.484613
224.8 0.199946 0.474016
225.2 0.197682 0.462557
225.6 0.194811 0.450276
226 0.191338 0.437215
226.4 0.187279 0.423419
226.8 0.182657 0.408936
227.2 0.177502 0.393815
227.6 0.17185 0.378111
228 0.165742 0.361884
228.4 0.159221 0.345198
228.8 0.152334 0.328124
229.2 0.145129 0.310741
229.6 0.137656 0.293132
230 0.129968 0.27539
230.4 0.122119 0.257611
230.8 0.114164 0.239897
231.2 0.10616 0.222353
231.6 0.0981655 0.205086
232 0.0902386 0.188198
232.4 0.0824386 0.171792
232.8 0.0748233 0.155963
233.2 0.0674483 0.140796
233.6 0.0603661 0.126367
234 0.0536241 0.112741
234.4 0.0472639 0.099967
234.8 0.04132 0.0880816
235.2 0.0358189 0.0771063
235.6 0.0307787 0.0670486
236 0.0262084 0.0579026
236.4 0.0221086 0.0496502
236.8 0.0184715 0.0422624
237.2 0.0152816 0.0357013
237.6 0.012517 0.0299215
238 0.0101504 0.024872
238.4 0.0081502 0.0204983
238.8 0.00648214 0.0167435
239.2 0.00511036 0.0135498
239.6 0.00399869 0.0108603
240 0.00311164 0.00861901
240.4 0.00241532 0.0067725
240.8 0.00187814 0.00527001
241.2 0.00147125 0.00406403
241.6 0.00116894 0.00311059
242 0.000948742 0.00236939
242.4 0.000791456 0.00180393
242.8 0.000681039 0.00138156
243.2 0.000604416 0.00107339
243.6 0.00055121 0.000854332
244 0.000513448 0.000702901
244.4 0.00048523 0.000601128
244.8 0.000462403 0.000534343
245.2 0.000442236 0.00049094
245.6 0.000423116 0.000462089
246 0.000404266 0.000441408
246.4 0.000385498 0.000424602
246.8 0.000366995 0.000409084
247.2 0.000349133 0.000393587
247.6 0.000332345 0.000377798
248 0.000317016 0.00036201
248.4 0.000303417 0.000346833
248.8 0.000291676 0.000332948
249.2 0.000281768 0.000320935
249.6 0.000273537 0.000311157
250 0.000266724 0.000303713
250.4 0.00026101 0.000298439
250.8 0.000256062 0.00029495
251.2 0.000251567 0.000292713
251.6 0.000247265 0.000291132
252 0.00024297 0.000289626
252.4 0.000238576 0.000287707
252.8 0.000234055 0.000285026
253.2 0.000229439 0.000281403
253.6 0.000224806 0.000276825
254 0.000220252 0.000271429
254.4 0.00021587 0.000265459
254.8 0.000211734 0.000259222
255.2 0.00020788 0.000253037
255.6 0.000204312 0.000247185
256 0.000200991 0.000241878
256.4 0.000197853 0.000237235
256.8 0.000194818 0.000233275
257.2 0.000191804 0.000229928
257.6 0.000188742 0.000227055
258 0.000185585 0.000224473
258.4 0.000182318 0.000221993
258.8 0.000178958 0.000219443
259.2 0.000175552 0.000216699
259.6 0.000172167 0.000213694
260 0.000168882 0.000210429
260.4 0.000165776 0.000206964
260.8 0.000162915 0.000203404
261.2 0.000160345 0.000199886
261.6 0.000158088 0.000196547
262 0.000156136 0.000193513
262.4 0.000154459 0.000190871
262.8 0.000153008 0.000188666
263.2 0.000151723 0.00018689
263.6 0.000150543 0.000185489
264 0.000149412 0.000184368
264.4 0.00014829 0.000183411
264.8 0.00014715 0.000182491
265.2 0.000145986 0.000181492
265.6 0.000144808 0.00018032
266 0.000143635 0.000178912
266.4 0.000142494 0.000177244
266.8 0.000141409 0.00017533
267.2 0.000140399 0.000173211
267.6 0.000139471 0.000170953
268 0.000138621 0.000168629
268.4 0.000137828 0.000166311
268.8 0.000137065 0.000164059
269.2 0.000136295 0.000161911
269.6 0.000135483 0.000159883
270 0.000134596 0.000157965
270.4 0.00013361 0.00015613
270.8 0.000132513 0.000154338
271.2 0.000131308 0.000152544
271.6 0.000130008 0.000150707
272 0.000128638 0.0001488
272.4 0.000127229 0.00014681
272.8 0.000125813 0.000144746
273.2 0.000124421 0.000142632
273.6 0.000123077 0.000140509
274 0.000121796 0.000138425
274.4 0.000120582 0.000136426
274.8 0.000119429 0.000134554
275.2 0.000118324 0.000132837
275.6 0.000117247 0.000131287
276 0.000116176 0.000129894
276.4 0.000115093 0.000128635
276.8 0.000113981 0.00012747
277.2 0.000112831 0.000126352
277.6 0.000111638 0.000125232
278 0.000110407 0.000124066
278.4 0.000109145 0.000122821
278.8 0.000107862 0.000121481
279.2 0.00010657 0.000120043
279.6 0.000105277 0.000118525
280 0.000103989 0.000116953
280.4 0.000102707 0.000115366
280.8 0.000101427 0.000113803
281.2 0.000100144 0.000112302
281.6 9.88513e-05 0.000110892
282 9.7542e-05 0.000109588
282.4 9.62127e-05 0.000108393
282.8 9.48642e-05 0.000107296
283.2 9.35025e-05 0.000106271
283.6 9.21384e-05 0.000105288
284 9.07869e-05 0.000104309
284.4 8.94654e-05 0.000103299
284.8 8.81911e-05 0.000102231
285.2 8.69786e-05 0.000101083
285.6 8.5838e-05 9.98484e-05
286 8.47731e-05 9.85309e-05
286.4 8.37804e-05 9.71448e-05
286.8 8.28497e-05 9.57126e-05
287.2 8.19649e-05 9.42609e-05
287.6 8.11064e-05 9.28166e-05
288 8.02529e-05 9.14028e-05
288.4 7.9385e-05 9.00361e-05
288.8 7.84869e-05 8.87245e-05
289.2 7.75484e-05 8.74671e-05
289.6 7.65663e-05 8.62545e-05
290 7.55443e-05 8.50716e-05
290.4 7.4492e-05 8.38996e-05
290.8 7.34237e-05 8.27199e-05
291.2 7.23559e-05 8.15166e-05
291.6 7.1305e-05 8.02796e-05
292 7.02855e-05 7.90054e-05
292.4 6.93077e-05 7.76983e-05
292.8 6.83772e-05 7.63693e-05
293.2 6.74944e-05 7.50348e-05
293.6 6.66552e-05 7.37141e-05
294 6.58523e-05 7.24271e-05
294.4 6.50771e-05 7.11918e-05
294.8 6.43213e-05 7.00223e-05
295.2 6.35788e-05 6.89272e-05
295.6 6.28473e-05 6.79096e-05
296 6.21284e-05 6.69671e-05
296.4 6.1428e-05 6.60929e-05
296.8 6.07556e-05 6.52779e-05
297.2 6.01227e-05 6.45114e-05
297.6 5.9541e-05 6.37838e-05
298 5.90212e-05 6.30871e-05
298.4 5.85705e-05 6.2416e-05
298.8 5.81921e-05 6.17678e-05
299.2 5.78841e-05 6.11416e-05
299.6 5.76397e-05 6.05377e-05
300 5.74478e-05 5.99561e-05
300.4 5.72943e-05 5.93948e-05
300.8 5.71637e-05 5.88497e-05
301.2 5.70406e-05 5.8313e-05
301.6 5.69115e-05 5.77743e-05
302 5.67657e-05 5.72203e-05
302.4 5.65962e-05 5.66368e-05
302.8 5.64e-05 5.60099e-05
303.2 5.61771e-05 5.53275e-05
303.6 5.59303e-05 5.45816e-05
304 5.56634e-05 5.37688e-05
304.4 5.53806e-05 5.28913e-05
304.8 5.50849e-05 5.19566e-05
305.2 5.47773e-05 5.09766e-05
305.6 5.44566e-05 4.99665e-05
306 5.41195e-05 4.89427e-05
306.4 5.37608e-05 4.79208e-05
306.8 5.33747e-05 4.69136e-05
307.2 5.29555e-05 4.59295e-05
307.6 5.24987e-05 4.49716e-05
308 5.20023e-05 4.40373e-05
308.4 5.14667e-05 4.31185e-05
308.8 5.08955e-05 4.22031e-05
309.2 5.02946e-05 4.12761e-05
309.6 4.96722e-05 4.03218e-05
310 4.90369e-05 3.93254e-05
310.4 4.83974e-05 3.82748e-05
310.8 4.77606e-05 3.71618e-05
311.2 4.71312e-05 3.59826e-05
311.6 4.65106e-05 3.4738e-05
312 4.58971e-05 3.34329e-05
312.4 4.52858e-05 3.20749e-05
312.8 4.46694e-05 3.06738e-05
313.2 4.40389e-05 2.92394e-05
313.6 4.33849e-05 2.77811e-05
314 4.2699e-05 2.63067e-05
314.4 4.19741e-05 2.4822e-05
314.8 4.12059e-05 2.33312e-05
315.2 4.03929e-05 2.18368e-05
315.6 3.95364e-05 2.0341e-05
316 3.86406e-05 1.8846e-05
316.4 3.77114e-05 1.73554e-05
316.8 3.67563e-05 1.58745e-05
317.2 3.57832e-05 1.44107e-05
317.6 3.47999e-05 1.29731e-05
318 3.38134e-05 1.15723e-05
318.4 3.28297e-05 1.02191e-05
318.8 3.18536e-05 8.92335e-06
319.2 3.0889e-05 7.69271e-06
319.6 2.99394e-05 6.53145e-06
320 2.90076e-05 5.43968e-06
320.4 2.80967e-05 4.41287e-06
320.8 2.721e-05 3.44209e-06
321.2 2.6351e-05 2.51459e-06
321.6 2.55235e-05 1.61505e-06
322 2.4731e-05 7.26947e-07
322.4 2.39762e-05 -1.65713e-07
322.8 2.32606e-05 -1.07687e-06
323.2 2.25837e-05 -2.01705e-06
323.6 2.19432e-05 -2.9924e-06
324 2.13342e-05 -4.00423e-06
324.4 2.07496e-05 -5.04918e-06
324.8 2.01809e-05 -6.11974e-06
325.2 1.96179e-05 -7.20531e-06
325.6 1.90507e-05 -8.29352e-06
326 1.84695e-05 -9.37156e-06
326.4 1.78665e-05 -1.04276e-05
326.8 1.72358e-05 -1.14516e-05
327.2 1.65746e-05 -1.24366e-05
327.6 1.5883e-05 -1.33786e-05
328 1.51641e-05 -1.42767e-05
328.4 1.44238e-05 -1.51327e-05
328.8 1.36696e-05 -1.59506e-05
329.2 1.29106e-05 -1.67355e-05
329.6 1.21559e-05 -1.74933e-05
330 1.14144e-05 -1.82295e-05
330.4 1.06935e-05 -1.89492e-05
330.8 9.99916e-06 -1.96563e-05
331.2 9.33542e-06 -2.03537e-05
331.6 8.7043e-06 -2.10431e-05
332 8.10606e-06 -2.17257e-05
332.4 7.53956e-06 -2.24018e-05
332.8 7.00261e-06 -2.30713e-05
333.2 6.49241e-06 -2.37338e-05
333.6 6.00594e-06 -2.43886e-05
334 5.54018e-06 -2.50344e-05
334.4 5.09231e-06 -2.56691e-05
334.8 4.6597e-06 -2.62897e-05
335.2 4.23989e-06 -2.68921e-05
335.6 3.83049e-06 -2.74708e-05
336 3.42908e-06 -2.80194e-05
336.4 3.03316e-06 -2.85304e-05
336.8 2.64022e-06 -2.89962e-05
337.2 2.24786e-06 -2.94094e-05
337.6 1.85401e-06 -2.9764e-05
338 1.45726e-06 -3.00555e-05
338.4 1.05713e-06 -3.02821e-05
338.8 6.54338e-07 -3.0445e-05
339.2 2.51003e-07 -3.05485e-05
339.6 -1.4934e-07 -3.05996e-05
340 -5.41856e-07 -3.06081e-05
340.4 -9.20702e-07 -3.05853e-05
340.8 -1.27947e-06 -3.05435e-05
341.2 -1.61173e-06 -3.04947e-05
341.6 -1.91161e-06 -3.04497e-05
342 -2.17437e-06 -3.04173e-05
342.4 -2.39684e-06 -3.04038e-05
342.8 -2.57779e-06 -3.04126e-05
343.2 -2.71801e-06 -3.04444e-05
343.6 -2.82031e-06 -3.04974e-05
344 -2.8892e-06 -3.05678e-05
344.4 -2.93054e-06 -3.06509e-05
344.8 -2.95106e-06 -3.07415e-05
345.2 -2.95777e-06 -3.08346e-05
345.6 -2.95754e-06 -3.0926e-05
346 -2.95663e-06 -3.10125e-05
346.4 -2.96046e-06 -3.10919e-05
346.8 -2.97346e-06 -3.11627e-05
347.2 -2.99908e-06 -3.12239e-05
347.6 -3.03989e-06 -3.12742e-05
348 -3.09783e-06 -3.13114e-05
348.4 -3.17441e-06 -3.13326e-05
348.8 -3.27092e-06 -3.13329e-05
349.2 -3.38856e-06 -3.13063e-05
349.6 -3.52855e-06 -3.12454e-05
350 -3.69203e-06 -3.1142e-05
350.4 -3.87993e-06 -3.09878e-05
350.8 -4.0928e-06 -3.0775e-05
351.2 -4.33059e-06 -3.04975e-05
351.6 -4.59237e-06 -3.0151e-05
352 -4.87626e-06 -2.97341e-05
352.4 -5.17933e-06 -2.92481e-05
352.8 -5.49761e-06 -2.86974e-05
353.2 -5.82631e-06 -2.80892e-05
353.6 -6.16001e-06 -2.7433e-05
354 -6.49297e-06 -2.67398e-05
354.4 -6.8195e-06 -2.60217e-05
354.8 -7.13426e-06 -2.52906e-05
355.2 -7.4325e-06 -2.45583e-05
355.6 -7.71029e-06 -2.38351e-05
356 -7.96457e-06 -2.31299e-05
356.4 -8.19315e-06 -2.24499e-05
356.8 -8.39461e-06 -2.18001e-05
357.2 -8.56817e-06 -2.11839e-05
357.6 -8.71353e-06 -2.0603e-05
358 -8.83067e-06 -2.00573e-05
358.4 -8.9198e-06 -1.95456e-05
358.8 -8.98127e-06 -1.90653e-05
359.2 -9.01563e-06 -1.86129e-05
359.6 -9.02367e-06 -1.81838e-05
360 -9.00657e-06 -1.77723e-05
360.4 -8.96604e-06 -1.73721e-05
360.8 -8.90439e-06 -1.69761e-05
361.2 -8.82457e-06 -1.65767e-05
361.6 -8.73015e-06 -1.61662e-05
362 -8.62521e-06 -1.57373e-05
362.4 -8.51403e-06 -1.52832e-05
362.8 -8.40088e-06 -1.47985e-05
363.2 -8.28965e-06 -1.42794e-05
363.6 -8.18349e-06 -1.37242e-05
364 -8.08458e-06 -1.31339e-05
364.4 -7.99388e-06 -1.25115e-05
364.8 -7.91106e-06 -1.18626e-05
365.2 -7.83457e-06 -1.11947e-05
365.6 -7.76179e-06 -1.05168e-05
366 -7.68934e-06 -9.83879e-06
366.4 -7.61343e-06 -9.17053e-06
366.8 -7.53032e-06 -8.52132e-06
367.2 -7.43665e-06 -7.89913e-06
367.6 -7.32982e-06 -7.31017e-06
368 -7.20819e-06 -6.75849e-06
368.4 -7.07123e-06 -6.2459e-06
368.8 -6.91945e-06 -5.77203e-06
369.2 -6.75433e-06 -5.33462e-06
369.6 -6.57801e-06 -4.92994e-06
370 -6.393e-06 -4.55323e-06
370.4 -6.20191e-06 -4.19927e-06
370.8 -6.00708e-06 -3.8628e-06
371.2 -5.81035e-06 -3.53896e-06
371.6 -5.61295e-06 -3.2235e-06
372 -5.41537e-06 -2.913e-06
372.4 -5.21745e-06 -2.60486e-06
372.8 -5.01848e-06 -2.2973e-06
373.2 -4.81739e-06 -1.98924e-06
373.6 -4.61294e-06 -1.6802e-06
374 -4.40395e-06 -1.37019e-06
374.4 -4.18946e-06 -1.05966e-06
374.8 -3.96888e-06 -7.495e-07
375.2 -3.74201e-06 -4.41074e-07
375.6 -3.5091e-06 -1.36268e-07
376 -3.27076e-06 1.62449e-07
376.4 -3.02788e-06 4.52001e-07
376.8 -2.78155e-06 7.28747e-07
377.2 -2.53296e-06 9.88599e-07
377.6 -2.28335e-06 1.22723e-06
378 -2.03393e-06 1.44033e-06
378.4 -1.78595e-06 1.62401e-06
378.8 -1.54065e-06 1.77504e-06
379.2 -1.29938e-06 1.89127e-06
379.6 -1.06362e-06 1.97184e-06
380 -8.35025e-07 2.01732e-06
380.4 -6.15413e-07 2.02977e-06
380.8 -4.06758e-07 2.01257e-06
381.2 -2.11107e-07 1.97021e-06
381.6 -3.0476e-08 1.90798e-06
382 1.33277e-07 1.83151e-06
382.4 2.78589e-07 1.74646e-06
382.8 4.04305e-07 1.65807e-06
383.2 5.0977e-07 1.57098e-06
383.6 5.94865e-07 1.489e-06
384 6.59997e-07 1.41512e-06
384.4 7.06031e-07 1.35156e-06
384.8 7.34182e-07 1.29996e-06
385.2 7.45878e-07 1.2616e-06
385.6 7.42617e-07 1.23761e-06
386 7.25832e-07 1.22919e-06
386.4 6.96795e-07 1.23767e-06
386.8 6.56561e-07 1.26457e-06
387.2 6.05969e-07 1.31143e-06
387.6 5.45689e-07 1.37966e-06
388 4.76315e-07 1.47019e-06
388.4 3.98477e-07 1.58322e-06
388.8 3.1296e-07 1.71792e-06
389.2 2.20803e-07 1.87218e-06
389.6 1.23365e-07 2.04255e-06
390 2.23407e-08 2.22428e-06
390.4 -8.02808e-08 2.41151e-06
390.8 -1.82305e-07 2.5976e-06
391.2 -2.81465e-07 2.77561e-06
391.6 -3.75575e-07 2.93878e-06
392 -4.62686e-07 3.08107e-06
392.4 -5.41231e-07 3.19759e-06
392.8 -6.1012e-07 3.28504e-06
393.2 -6.68795e-07 3.34184e-06
393.6 -7.17229e-07 3.36825e-06
394 -7.55863e-07 3.36622e-06
394.4 -7.85512e-07 3.33916e-06
394.8 -8.07232e-07 3.29155e-06
395.2 -8.22188e-07 3.22848e-06
395.6 -8.31531e-07 3.15525e-06
396 -8.36292e-07 3.0769e-06
396.4 -8.37333e-07 2.99789e-06
396.8 -8.35324e-07 2.92184e-06
397.2 -8.30773e-07 2.85141e-06
397.6 -8.24072e-07 2.78827e-06
398 -8.15579e-07 2.73318e-06
398.4 -8.05677e-07 2.68612e-06
398.8 -7.94839e-07 2.64641e-06
399.2 -7.83642e-07 2.61294e-06
399.6 -7.72763e-07 2.58422e-06
400 -7.62926e-07 2.55852e-06
